[2022-02-25 01:26:49,338] {taskinstance.py:1032} INFO - Dependencies all met for <TaskInstance: Project_Mapping.get_reddit_data manual__2022-02-25T01:26:45.967151+00:00 [queued]>
[2022-02-25 01:26:49,385] {taskinstance.py:1032} INFO - Dependencies all met for <TaskInstance: Project_Mapping.get_reddit_data manual__2022-02-25T01:26:45.967151+00:00 [queued]>
[2022-02-25 01:26:49,388] {taskinstance.py:1238} INFO - 
--------------------------------------------------------------------------------
[2022-02-25 01:26:49,390] {taskinstance.py:1239} INFO - Starting attempt 1 of 1
[2022-02-25 01:26:49,392] {taskinstance.py:1240} INFO - 
--------------------------------------------------------------------------------
[2022-02-25 01:26:49,447] {taskinstance.py:1259} INFO - Executing <Task(_PythonDecoratedOperator): get_reddit_data> on 2022-02-25 01:26:45.967151+00:00
[2022-02-25 01:26:49,456] {standard_task_runner.py:52} INFO - Started process 2026 to run task
[2022-02-25 01:26:49,465] {standard_task_runner.py:76} INFO - Running: ['***', 'tasks', 'run', 'Project_Mapping', 'get_reddit_data', 'manual__2022-02-25T01:26:45.967151+00:00', '--job-id', '55', '--raw', '--subdir', 'DAGS_FOLDER/mydag.py', '--cfg-path', '/tmp/tmpc4g0cxu8', '--error-file', '/tmp/tmps9tah8ls']
[2022-02-25 01:26:49,468] {standard_task_runner.py:77} INFO - Job 55: Subtask get_reddit_data
[2022-02-25 01:26:49,628] {logging_mixin.py:109} INFO - Running <TaskInstance: Project_Mapping.get_reddit_data manual__2022-02-25T01:26:45.967151+00:00 [running]> on host 717d92cd82bb
[2022-02-25 01:26:49,867] {taskinstance.py:1426} INFO - Exporting the following env vars:
AIRFLOW_CTX_DAG_OWNER=***
AIRFLOW_CTX_DAG_ID=Project_Mapping
AIRFLOW_CTX_TASK_ID=get_reddit_data
AIRFLOW_CTX_EXECUTION_DATE=2022-02-25T01:26:45.967151+00:00
AIRFLOW_CTX_DAG_RUN_ID=manual__2022-02-25T01:26:45.967151+00:00
[2022-02-25 01:27:34,613] {logging_mixin.py:109} INFO - Negative
[2022-02-25 01:35:24,126] {python.py:175} INFO - Done. Returned value was: 0
[2022-02-25 01:35:24,262] {taskinstance.py:1277} INFO - Marking task as SUCCESS. dag_id=Project_Mapping, task_id=get_reddit_data, execution_date=20220225T012645, start_date=20220225T012649, end_date=20220225T013524
[2022-02-25 01:35:24,660] {local_task_job.py:154} INFO - Task exited with return code 0
[2022-02-25 01:35:24,913] {local_task_job.py:264} INFO - 1 downstream tasks scheduled from follow-on schedule check
