[2022-02-23 00:00:14,891] {processor.py:163} INFO - Started process (PID=67464) to work on /opt/airflow/dags/reddit_posts_2022-02-22.xlsx
[2022-02-23 00:00:14,978] {processor.py:642} INFO - Processing file /opt/airflow/dags/reddit_posts_2022-02-22.xlsx for tasks to queue
[2022-02-23 00:00:15,002] {logging_mixin.py:109} INFO - [2022-02-23 00:00:14,998] {dagbag.py:500} INFO - Filling up the DagBag from /opt/airflow/dags/reddit_posts_2022-02-22.xlsx
[2022-02-23 00:00:15,336] {processor.py:656} WARNING - No viable dags retrieved from /opt/airflow/dags/reddit_posts_2022-02-22.xlsx
[2022-02-23 00:00:15,417] {processor.py:171} INFO - Processing /opt/airflow/dags/reddit_posts_2022-02-22.xlsx took 0.610 seconds
[2022-02-23 00:01:15,996] {processor.py:163} INFO - Started process (PID=67560) to work on /opt/airflow/dags/reddit_posts_2022-02-22.xlsx
[2022-02-23 00:01:16,063] {processor.py:642} INFO - Processing file /opt/airflow/dags/reddit_posts_2022-02-22.xlsx for tasks to queue
[2022-02-23 00:01:16,083] {logging_mixin.py:109} INFO - [2022-02-23 00:01:16,081] {dagbag.py:500} INFO - Filling up the DagBag from /opt/airflow/dags/reddit_posts_2022-02-22.xlsx
[2022-02-23 00:01:16,454] {processor.py:656} WARNING - No viable dags retrieved from /opt/airflow/dags/reddit_posts_2022-02-22.xlsx
[2022-02-23 00:01:16,535] {processor.py:171} INFO - Processing /opt/airflow/dags/reddit_posts_2022-02-22.xlsx took 0.637 seconds
[2022-02-23 00:03:28,183] {processor.py:163} INFO - Started process (PID=67706) to work on /opt/airflow/dags/reddit_posts_2022-02-22.xlsx
[2022-02-23 00:03:28,234] {processor.py:642} INFO - Processing file /opt/airflow/dags/reddit_posts_2022-02-22.xlsx for tasks to queue
[2022-02-23 00:03:28,275] {logging_mixin.py:109} INFO - [2022-02-23 00:03:28,253] {dagbag.py:500} INFO - Filling up the DagBag from /opt/airflow/dags/reddit_posts_2022-02-22.xlsx
[2022-02-23 00:03:28,782] {processor.py:656} WARNING - No viable dags retrieved from /opt/airflow/dags/reddit_posts_2022-02-22.xlsx
[2022-02-23 00:03:29,002] {processor.py:171} INFO - Processing /opt/airflow/dags/reddit_posts_2022-02-22.xlsx took 0.979 seconds
[2022-02-23 00:05:20,654] {processor.py:163} INFO - Started process (PID=67847) to work on /opt/airflow/dags/reddit_posts_2022-02-22.xlsx
[2022-02-23 00:05:20,748] {processor.py:642} INFO - Processing file /opt/airflow/dags/reddit_posts_2022-02-22.xlsx for tasks to queue
[2022-02-23 00:05:20,853] {logging_mixin.py:109} INFO - [2022-02-23 00:05:20,827] {dagbag.py:500} INFO - Filling up the DagBag from /opt/airflow/dags/reddit_posts_2022-02-22.xlsx
[2022-02-23 00:05:21,778] {processor.py:656} WARNING - No viable dags retrieved from /opt/airflow/dags/reddit_posts_2022-02-22.xlsx
[2022-02-23 00:05:22,102] {processor.py:171} INFO - Processing /opt/airflow/dags/reddit_posts_2022-02-22.xlsx took 1.674 seconds
[2022-02-23 00:06:40,834] {processor.py:163} INFO - Started process (PID=67928) to work on /opt/airflow/dags/reddit_posts_2022-02-22.xlsx
[2022-02-23 00:06:40,968] {processor.py:642} INFO - Processing file /opt/airflow/dags/reddit_posts_2022-02-22.xlsx for tasks to queue
[2022-02-23 00:06:41,121] {logging_mixin.py:109} INFO - [2022-02-23 00:06:41,119] {dagbag.py:500} INFO - Filling up the DagBag from /opt/airflow/dags/reddit_posts_2022-02-22.xlsx
[2022-02-23 00:06:42,369] {processor.py:656} WARNING - No viable dags retrieved from /opt/airflow/dags/reddit_posts_2022-02-22.xlsx
[2022-02-23 00:06:42,773] {processor.py:171} INFO - Processing /opt/airflow/dags/reddit_posts_2022-02-22.xlsx took 2.201 seconds
[2022-02-23 00:10:34,236] {processor.py:163} INFO - Started process (PID=68104) to work on /opt/airflow/dags/reddit_posts_2022-02-22.xlsx
[2022-02-23 00:10:34,728] {processor.py:642} INFO - Processing file /opt/airflow/dags/reddit_posts_2022-02-22.xlsx for tasks to queue
[2022-02-23 00:10:34,930] {logging_mixin.py:109} INFO - [2022-02-23 00:10:34,919] {dagbag.py:500} INFO - Filling up the DagBag from /opt/airflow/dags/reddit_posts_2022-02-22.xlsx
[2022-02-23 00:10:40,662] {processor.py:656} WARNING - No viable dags retrieved from /opt/airflow/dags/reddit_posts_2022-02-22.xlsx
[2022-02-23 00:10:42,112] {processor.py:171} INFO - Processing /opt/airflow/dags/reddit_posts_2022-02-22.xlsx took 8.865 seconds
[2022-02-23 00:14:02,659] {processor.py:163} INFO - Started process (PID=68272) to work on /opt/airflow/dags/reddit_posts_2022-02-22.xlsx
[2022-02-23 00:14:03,255] {processor.py:642} INFO - Processing file /opt/airflow/dags/reddit_posts_2022-02-22.xlsx for tasks to queue
[2022-02-23 00:14:03,992] {logging_mixin.py:109} INFO - [2022-02-23 00:14:03,950] {dagbag.py:500} INFO - Filling up the DagBag from /opt/airflow/dags/reddit_posts_2022-02-22.xlsx
[2022-02-23 00:28:20,377] {processor.py:163} INFO - Started process (PID=68740) to work on /opt/airflow/dags/reddit_posts_2022-02-22.xlsx
[2022-02-23 00:28:24,088] {processor.py:642} INFO - Processing file /opt/airflow/dags/reddit_posts_2022-02-22.xlsx for tasks to queue
[2022-02-23 00:28:25,226] {logging_mixin.py:109} INFO - [2022-02-23 00:28:24,234] {dagbag.py:500} INFO - Filling up the DagBag from /opt/airflow/dags/reddit_posts_2022-02-22.xlsx
[2022-02-23 00:57:47,483] {processor.py:163} INFO - Started process (PID=322) to work on /opt/airflow/dags/reddit_posts_2022-02-22.xlsx
[2022-02-23 00:57:47,543] {processor.py:642} INFO - Processing file /opt/airflow/dags/reddit_posts_2022-02-22.xlsx for tasks to queue
[2022-02-23 00:57:47,597] {logging_mixin.py:109} INFO - [2022-02-23 00:57:47,596] {dagbag.py:500} INFO - Filling up the DagBag from /opt/airflow/dags/reddit_posts_2022-02-22.xlsx
[2022-02-23 00:57:48,528] {processor.py:656} WARNING - No viable dags retrieved from /opt/airflow/dags/reddit_posts_2022-02-22.xlsx
[2022-02-23 00:57:48,898] {processor.py:171} INFO - Processing /opt/airflow/dags/reddit_posts_2022-02-22.xlsx took 1.597 seconds
[2022-02-23 01:00:06,586] {processor.py:163} INFO - Started process (PID=452) to work on /opt/airflow/dags/reddit_posts_2022-02-22.xlsx
[2022-02-23 01:00:06,815] {processor.py:642} INFO - Processing file /opt/airflow/dags/reddit_posts_2022-02-22.xlsx for tasks to queue
[2022-02-23 01:00:06,878] {logging_mixin.py:109} INFO - [2022-02-23 01:00:06,876] {dagbag.py:500} INFO - Filling up the DagBag from /opt/airflow/dags/reddit_posts_2022-02-22.xlsx
[2022-02-23 01:00:08,408] {processor.py:656} WARNING - No viable dags retrieved from /opt/airflow/dags/reddit_posts_2022-02-22.xlsx
[2022-02-23 01:00:08,789] {processor.py:171} INFO - Processing /opt/airflow/dags/reddit_posts_2022-02-22.xlsx took 2.579 seconds
[2022-02-23 01:04:21,472] {processor.py:163} INFO - Started process (PID=664) to work on /opt/airflow/dags/reddit_posts_2022-02-22.xlsx
[2022-02-23 01:04:21,778] {processor.py:642} INFO - Processing file /opt/airflow/dags/reddit_posts_2022-02-22.xlsx for tasks to queue
[2022-02-23 01:04:22,071] {logging_mixin.py:109} INFO - [2022-02-23 01:04:22,035] {dagbag.py:500} INFO - Filling up the DagBag from /opt/airflow/dags/reddit_posts_2022-02-22.xlsx
[2022-02-23 01:04:25,869] {processor.py:656} WARNING - No viable dags retrieved from /opt/airflow/dags/reddit_posts_2022-02-22.xlsx
[2022-02-23 01:04:28,515] {processor.py:171} INFO - Processing /opt/airflow/dags/reddit_posts_2022-02-22.xlsx took 7.566 seconds
[2022-02-23 01:08:02,357] {processor.py:163} INFO - Started process (PID=836) to work on /opt/airflow/dags/reddit_posts_2022-02-22.xlsx
[2022-02-23 01:08:03,055] {processor.py:642} INFO - Processing file /opt/airflow/dags/reddit_posts_2022-02-22.xlsx for tasks to queue
[2022-02-23 01:08:03,863] {logging_mixin.py:109} INFO - [2022-02-23 01:08:03,720] {dagbag.py:500} INFO - Filling up the DagBag from /opt/airflow/dags/reddit_posts_2022-02-22.xlsx
