[2022-02-20 23:16:35,173] {processor.py:163} INFO - Started process (PID=471) to work on /home/airflow/.local/lib/python3.7/site-packages/airflow/example_dags/example_dag_decorator.py
[2022-02-20 23:16:35,181] {processor.py:642} INFO - Processing file /home/airflow/.local/lib/python3.7/site-packages/airflow/example_dags/example_dag_decorator.py for tasks to queue
[2022-02-20 23:16:35,186] {logging_mixin.py:109} INFO - [2022-02-20 23:16:35,185] {dagbag.py:500} INFO - Filling up the DagBag from /home/airflow/.local/lib/python3.7/site-packages/airflow/example_dags/example_dag_decorator.py
[2022-02-20 23:16:35,375] {processor.py:654} INFO - DAG(s) dict_keys(['example_dag_decorator']) retrieved from /home/airflow/.local/lib/python3.7/site-packages/airflow/example_dags/example_dag_decorator.py
[2022-02-20 23:16:46,042] {logging_mixin.py:109} INFO - [2022-02-20 23:16:46,042] {manager.py:496} INFO - Created Permission View: can read on DAG:example_dag_decorator
[2022-02-20 23:16:46,073] {logging_mixin.py:109} INFO - [2022-02-20 23:16:46,073] {manager.py:496} INFO - Created Permission View: can edit on DAG:example_dag_decorator
[2022-02-20 23:16:46,077] {logging_mixin.py:109} INFO - [2022-02-20 23:16:46,076] {dag.py:2396} INFO - Sync 1 DAGs
[2022-02-20 23:16:46,116] {logging_mixin.py:109} INFO - [2022-02-20 23:16:46,115] {dag.py:2415} INFO - Creating ORM DAG for example_dag_decorator
[2022-02-20 23:16:46,151] {logging_mixin.py:109} INFO - [2022-02-20 23:16:46,150] {dag.py:2935} INFO - Setting next_dagrun for example_dag_decorator to None
[2022-02-20 23:16:46,219] {processor.py:171} INFO - Processing /home/airflow/.local/lib/python3.7/site-packages/airflow/example_dags/example_dag_decorator.py took 11.058 seconds
[2022-02-20 23:17:50,691] {processor.py:163} INFO - Started process (PID=667) to work on /home/airflow/.local/lib/python3.7/site-packages/airflow/example_dags/example_dag_decorator.py
[2022-02-20 23:17:50,696] {processor.py:642} INFO - Processing file /home/airflow/.local/lib/python3.7/site-packages/airflow/example_dags/example_dag_decorator.py for tasks to queue
[2022-02-20 23:17:50,700] {logging_mixin.py:109} INFO - [2022-02-20 23:17:50,699] {dagbag.py:500} INFO - Filling up the DagBag from /home/airflow/.local/lib/python3.7/site-packages/airflow/example_dags/example_dag_decorator.py
[2022-02-20 23:17:50,818] {processor.py:654} INFO - DAG(s) dict_keys(['example_dag_decorator']) retrieved from /home/airflow/.local/lib/python3.7/site-packages/airflow/example_dags/example_dag_decorator.py
[2022-02-20 23:17:51,820] {logging_mixin.py:109} INFO - [2022-02-20 23:17:51,820] {dag.py:2396} INFO - Sync 1 DAGs
[2022-02-20 23:17:51,874] {logging_mixin.py:109} INFO - [2022-02-20 23:17:51,874] {dag.py:2935} INFO - Setting next_dagrun for example_dag_decorator to None
[2022-02-20 23:17:51,907] {processor.py:171} INFO - Processing /home/airflow/.local/lib/python3.7/site-packages/airflow/example_dags/example_dag_decorator.py took 1.224 seconds
[2022-02-20 23:18:22,916] {processor.py:163} INFO - Started process (PID=773) to work on /home/airflow/.local/lib/python3.7/site-packages/airflow/example_dags/example_dag_decorator.py
[2022-02-20 23:18:22,921] {processor.py:642} INFO - Processing file /home/airflow/.local/lib/python3.7/site-packages/airflow/example_dags/example_dag_decorator.py for tasks to queue
[2022-02-20 23:18:22,925] {logging_mixin.py:109} INFO - [2022-02-20 23:18:22,925] {dagbag.py:500} INFO - Filling up the DagBag from /home/airflow/.local/lib/python3.7/site-packages/airflow/example_dags/example_dag_decorator.py
[2022-02-20 23:18:23,053] {processor.py:654} INFO - DAG(s) dict_keys(['example_dag_decorator']) retrieved from /home/airflow/.local/lib/python3.7/site-packages/airflow/example_dags/example_dag_decorator.py
[2022-02-20 23:18:24,206] {logging_mixin.py:109} INFO - [2022-02-20 23:18:24,205] {dag.py:2396} INFO - Sync 1 DAGs
[2022-02-20 23:18:24,261] {logging_mixin.py:109} INFO - [2022-02-20 23:18:24,260] {dag.py:2935} INFO - Setting next_dagrun for example_dag_decorator to None
[2022-02-20 23:18:24,298] {processor.py:171} INFO - Processing /home/airflow/.local/lib/python3.7/site-packages/airflow/example_dags/example_dag_decorator.py took 1.390 seconds
[2022-02-20 23:18:55,293] {processor.py:163} INFO - Started process (PID=869) to work on /home/airflow/.local/lib/python3.7/site-packages/airflow/example_dags/example_dag_decorator.py
[2022-02-20 23:18:55,297] {processor.py:642} INFO - Processing file /home/airflow/.local/lib/python3.7/site-packages/airflow/example_dags/example_dag_decorator.py for tasks to queue
[2022-02-20 23:18:55,302] {logging_mixin.py:109} INFO - [2022-02-20 23:18:55,301] {dagbag.py:500} INFO - Filling up the DagBag from /home/airflow/.local/lib/python3.7/site-packages/airflow/example_dags/example_dag_decorator.py
[2022-02-20 23:18:55,438] {processor.py:654} INFO - DAG(s) dict_keys(['example_dag_decorator']) retrieved from /home/airflow/.local/lib/python3.7/site-packages/airflow/example_dags/example_dag_decorator.py
[2022-02-20 23:18:56,522] {logging_mixin.py:109} INFO - [2022-02-20 23:18:56,522] {dag.py:2396} INFO - Sync 1 DAGs
[2022-02-20 23:18:56,600] {logging_mixin.py:109} INFO - [2022-02-20 23:18:56,599] {dag.py:2935} INFO - Setting next_dagrun for example_dag_decorator to None
[2022-02-20 23:18:56,639] {processor.py:171} INFO - Processing /home/airflow/.local/lib/python3.7/site-packages/airflow/example_dags/example_dag_decorator.py took 1.355 seconds
[2022-02-20 23:19:26,940] {processor.py:163} INFO - Started process (PID=958) to work on /home/airflow/.local/lib/python3.7/site-packages/airflow/example_dags/example_dag_decorator.py
[2022-02-20 23:19:26,946] {processor.py:642} INFO - Processing file /home/airflow/.local/lib/python3.7/site-packages/airflow/example_dags/example_dag_decorator.py for tasks to queue
[2022-02-20 23:19:26,950] {logging_mixin.py:109} INFO - [2022-02-20 23:19:26,949] {dagbag.py:500} INFO - Filling up the DagBag from /home/airflow/.local/lib/python3.7/site-packages/airflow/example_dags/example_dag_decorator.py
[2022-02-20 23:19:27,100] {processor.py:654} INFO - DAG(s) dict_keys(['example_dag_decorator']) retrieved from /home/airflow/.local/lib/python3.7/site-packages/airflow/example_dags/example_dag_decorator.py
[2022-02-20 23:19:28,190] {logging_mixin.py:109} INFO - [2022-02-20 23:19:28,190] {dag.py:2396} INFO - Sync 1 DAGs
[2022-02-20 23:19:28,248] {logging_mixin.py:109} INFO - [2022-02-20 23:19:28,247] {dag.py:2935} INFO - Setting next_dagrun for example_dag_decorator to None
[2022-02-20 23:19:28,298] {processor.py:171} INFO - Processing /home/airflow/.local/lib/python3.7/site-packages/airflow/example_dags/example_dag_decorator.py took 1.367 seconds
[2022-02-20 23:19:58,817] {processor.py:163} INFO - Started process (PID=1057) to work on /home/airflow/.local/lib/python3.7/site-packages/airflow/example_dags/example_dag_decorator.py
[2022-02-20 23:19:58,822] {processor.py:642} INFO - Processing file /home/airflow/.local/lib/python3.7/site-packages/airflow/example_dags/example_dag_decorator.py for tasks to queue
[2022-02-20 23:19:58,830] {logging_mixin.py:109} INFO - [2022-02-20 23:19:58,829] {dagbag.py:500} INFO - Filling up the DagBag from /home/airflow/.local/lib/python3.7/site-packages/airflow/example_dags/example_dag_decorator.py
[2022-02-20 23:19:58,950] {processor.py:654} INFO - DAG(s) dict_keys(['example_dag_decorator']) retrieved from /home/airflow/.local/lib/python3.7/site-packages/airflow/example_dags/example_dag_decorator.py
[2022-02-20 23:19:59,983] {logging_mixin.py:109} INFO - [2022-02-20 23:19:59,982] {dag.py:2396} INFO - Sync 1 DAGs
[2022-02-20 23:20:00,036] {logging_mixin.py:109} INFO - [2022-02-20 23:20:00,036] {dag.py:2935} INFO - Setting next_dagrun for example_dag_decorator to None
[2022-02-20 23:20:00,072] {processor.py:171} INFO - Processing /home/airflow/.local/lib/python3.7/site-packages/airflow/example_dags/example_dag_decorator.py took 1.264 seconds
[2022-02-20 23:20:30,709] {processor.py:163} INFO - Started process (PID=1131) to work on /home/airflow/.local/lib/python3.7/site-packages/airflow/example_dags/example_dag_decorator.py
[2022-02-20 23:20:30,729] {processor.py:642} INFO - Processing file /home/airflow/.local/lib/python3.7/site-packages/airflow/example_dags/example_dag_decorator.py for tasks to queue
[2022-02-20 23:20:30,736] {logging_mixin.py:109} INFO - [2022-02-20 23:20:30,736] {dagbag.py:500} INFO - Filling up the DagBag from /home/airflow/.local/lib/python3.7/site-packages/airflow/example_dags/example_dag_decorator.py
[2022-02-20 23:20:30,993] {processor.py:654} INFO - DAG(s) dict_keys(['example_dag_decorator']) retrieved from /home/airflow/.local/lib/python3.7/site-packages/airflow/example_dags/example_dag_decorator.py
[2022-02-20 23:20:31,063] {logging_mixin.py:109} INFO - [2022-02-20 23:20:31,062] {dag.py:2396} INFO - Sync 1 DAGs
[2022-02-20 23:20:31,152] {logging_mixin.py:109} INFO - [2022-02-20 23:20:31,151] {dag.py:2935} INFO - Setting next_dagrun for example_dag_decorator to None
[2022-02-20 23:20:31,193] {processor.py:171} INFO - Processing /home/airflow/.local/lib/python3.7/site-packages/airflow/example_dags/example_dag_decorator.py took 0.494 seconds
[2022-02-20 23:21:02,755] {processor.py:163} INFO - Started process (PID=1227) to work on /home/airflow/.local/lib/python3.7/site-packages/airflow/example_dags/example_dag_decorator.py
[2022-02-20 23:21:02,762] {processor.py:642} INFO - Processing file /home/airflow/.local/lib/python3.7/site-packages/airflow/example_dags/example_dag_decorator.py for tasks to queue
[2022-02-20 23:21:02,768] {logging_mixin.py:109} INFO - [2022-02-20 23:21:02,766] {dagbag.py:500} INFO - Filling up the DagBag from /home/airflow/.local/lib/python3.7/site-packages/airflow/example_dags/example_dag_decorator.py
[2022-02-20 23:21:02,905] {processor.py:654} INFO - DAG(s) dict_keys(['example_dag_decorator']) retrieved from /home/airflow/.local/lib/python3.7/site-packages/airflow/example_dags/example_dag_decorator.py
[2022-02-20 23:21:04,178] {logging_mixin.py:109} INFO - [2022-02-20 23:21:04,178] {dag.py:2396} INFO - Sync 1 DAGs
[2022-02-20 23:21:04,255] {logging_mixin.py:109} INFO - [2022-02-20 23:21:04,255] {dag.py:2935} INFO - Setting next_dagrun for example_dag_decorator to None
[2022-02-20 23:21:04,299] {processor.py:171} INFO - Processing /home/airflow/.local/lib/python3.7/site-packages/airflow/example_dags/example_dag_decorator.py took 1.553 seconds
[2022-02-20 23:21:35,023] {processor.py:163} INFO - Started process (PID=1322) to work on /home/airflow/.local/lib/python3.7/site-packages/airflow/example_dags/example_dag_decorator.py
[2022-02-20 23:21:35,029] {processor.py:642} INFO - Processing file /home/airflow/.local/lib/python3.7/site-packages/airflow/example_dags/example_dag_decorator.py for tasks to queue
[2022-02-20 23:21:35,033] {logging_mixin.py:109} INFO - [2022-02-20 23:21:35,033] {dagbag.py:500} INFO - Filling up the DagBag from /home/airflow/.local/lib/python3.7/site-packages/airflow/example_dags/example_dag_decorator.py
[2022-02-20 23:21:35,156] {processor.py:654} INFO - DAG(s) dict_keys(['example_dag_decorator']) retrieved from /home/airflow/.local/lib/python3.7/site-packages/airflow/example_dags/example_dag_decorator.py
[2022-02-20 23:21:36,330] {logging_mixin.py:109} INFO - [2022-02-20 23:21:36,330] {dag.py:2396} INFO - Sync 1 DAGs
[2022-02-20 23:21:36,394] {logging_mixin.py:109} INFO - [2022-02-20 23:21:36,394] {dag.py:2935} INFO - Setting next_dagrun for example_dag_decorator to None
[2022-02-20 23:21:36,433] {processor.py:171} INFO - Processing /home/airflow/.local/lib/python3.7/site-packages/airflow/example_dags/example_dag_decorator.py took 1.419 seconds
[2022-02-20 23:22:06,619] {processor.py:163} INFO - Started process (PID=1414) to work on /home/airflow/.local/lib/python3.7/site-packages/airflow/example_dags/example_dag_decorator.py
[2022-02-20 23:22:06,624] {processor.py:642} INFO - Processing file /home/airflow/.local/lib/python3.7/site-packages/airflow/example_dags/example_dag_decorator.py for tasks to queue
[2022-02-20 23:22:06,627] {logging_mixin.py:109} INFO - [2022-02-20 23:22:06,626] {dagbag.py:500} INFO - Filling up the DagBag from /home/airflow/.local/lib/python3.7/site-packages/airflow/example_dags/example_dag_decorator.py
[2022-02-20 23:22:06,755] {processor.py:654} INFO - DAG(s) dict_keys(['example_dag_decorator']) retrieved from /home/airflow/.local/lib/python3.7/site-packages/airflow/example_dags/example_dag_decorator.py
[2022-02-20 23:22:07,811] {logging_mixin.py:109} INFO - [2022-02-20 23:22:07,811] {dag.py:2396} INFO - Sync 1 DAGs
[2022-02-20 23:22:07,879] {logging_mixin.py:109} INFO - [2022-02-20 23:22:07,879] {dag.py:2935} INFO - Setting next_dagrun for example_dag_decorator to None
[2022-02-20 23:22:07,937] {processor.py:171} INFO - Processing /home/airflow/.local/lib/python3.7/site-packages/airflow/example_dags/example_dag_decorator.py took 1.326 seconds
[2022-02-20 23:22:38,872] {processor.py:163} INFO - Started process (PID=1512) to work on /home/airflow/.local/lib/python3.7/site-packages/airflow/example_dags/example_dag_decorator.py
[2022-02-20 23:22:38,877] {processor.py:642} INFO - Processing file /home/airflow/.local/lib/python3.7/site-packages/airflow/example_dags/example_dag_decorator.py for tasks to queue
[2022-02-20 23:22:38,880] {logging_mixin.py:109} INFO - [2022-02-20 23:22:38,879] {dagbag.py:500} INFO - Filling up the DagBag from /home/airflow/.local/lib/python3.7/site-packages/airflow/example_dags/example_dag_decorator.py
[2022-02-20 23:22:38,992] {processor.py:654} INFO - DAG(s) dict_keys(['example_dag_decorator']) retrieved from /home/airflow/.local/lib/python3.7/site-packages/airflow/example_dags/example_dag_decorator.py
[2022-02-20 23:22:40,022] {logging_mixin.py:109} INFO - [2022-02-20 23:22:40,022] {dag.py:2396} INFO - Sync 1 DAGs
[2022-02-20 23:22:40,078] {logging_mixin.py:109} INFO - [2022-02-20 23:22:40,077] {dag.py:2935} INFO - Setting next_dagrun for example_dag_decorator to None
[2022-02-20 23:22:40,118] {processor.py:171} INFO - Processing /home/airflow/.local/lib/python3.7/site-packages/airflow/example_dags/example_dag_decorator.py took 1.254 seconds
[2022-02-20 23:23:10,205] {processor.py:163} INFO - Started process (PID=1595) to work on /home/airflow/.local/lib/python3.7/site-packages/airflow/example_dags/example_dag_decorator.py
[2022-02-20 23:23:10,209] {processor.py:642} INFO - Processing file /home/airflow/.local/lib/python3.7/site-packages/airflow/example_dags/example_dag_decorator.py for tasks to queue
[2022-02-20 23:23:10,212] {logging_mixin.py:109} INFO - [2022-02-20 23:23:10,211] {dagbag.py:500} INFO - Filling up the DagBag from /home/airflow/.local/lib/python3.7/site-packages/airflow/example_dags/example_dag_decorator.py
[2022-02-20 23:23:10,317] {processor.py:654} INFO - DAG(s) dict_keys(['example_dag_decorator']) retrieved from /home/airflow/.local/lib/python3.7/site-packages/airflow/example_dags/example_dag_decorator.py
[2022-02-20 23:23:11,193] {logging_mixin.py:109} INFO - [2022-02-20 23:23:11,193] {dag.py:2396} INFO - Sync 1 DAGs
[2022-02-20 23:23:11,235] {logging_mixin.py:109} INFO - [2022-02-20 23:23:11,235] {dag.py:2935} INFO - Setting next_dagrun for example_dag_decorator to None
[2022-02-20 23:23:11,274] {processor.py:171} INFO - Processing /home/airflow/.local/lib/python3.7/site-packages/airflow/example_dags/example_dag_decorator.py took 1.075 seconds
[2022-02-20 23:23:41,919] {processor.py:163} INFO - Started process (PID=1691) to work on /home/airflow/.local/lib/python3.7/site-packages/airflow/example_dags/example_dag_decorator.py
[2022-02-20 23:23:41,925] {processor.py:642} INFO - Processing file /home/airflow/.local/lib/python3.7/site-packages/airflow/example_dags/example_dag_decorator.py for tasks to queue
[2022-02-20 23:23:41,929] {logging_mixin.py:109} INFO - [2022-02-20 23:23:41,928] {dagbag.py:500} INFO - Filling up the DagBag from /home/airflow/.local/lib/python3.7/site-packages/airflow/example_dags/example_dag_decorator.py
[2022-02-20 23:23:42,046] {processor.py:654} INFO - DAG(s) dict_keys(['example_dag_decorator']) retrieved from /home/airflow/.local/lib/python3.7/site-packages/airflow/example_dags/example_dag_decorator.py
[2022-02-20 23:23:43,177] {logging_mixin.py:109} INFO - [2022-02-20 23:23:43,177] {dag.py:2396} INFO - Sync 1 DAGs
[2022-02-20 23:23:43,240] {logging_mixin.py:109} INFO - [2022-02-20 23:23:43,239] {dag.py:2935} INFO - Setting next_dagrun for example_dag_decorator to None
[2022-02-20 23:23:43,277] {processor.py:171} INFO - Processing /home/airflow/.local/lib/python3.7/site-packages/airflow/example_dags/example_dag_decorator.py took 1.365 seconds
[2022-02-20 23:24:13,393] {processor.py:163} INFO - Started process (PID=1778) to work on /home/airflow/.local/lib/python3.7/site-packages/airflow/example_dags/example_dag_decorator.py
[2022-02-20 23:24:13,398] {processor.py:642} INFO - Processing file /home/airflow/.local/lib/python3.7/site-packages/airflow/example_dags/example_dag_decorator.py for tasks to queue
[2022-02-20 23:24:13,403] {logging_mixin.py:109} INFO - [2022-02-20 23:24:13,402] {dagbag.py:500} INFO - Filling up the DagBag from /home/airflow/.local/lib/python3.7/site-packages/airflow/example_dags/example_dag_decorator.py
[2022-02-20 23:24:13,521] {processor.py:654} INFO - DAG(s) dict_keys(['example_dag_decorator']) retrieved from /home/airflow/.local/lib/python3.7/site-packages/airflow/example_dags/example_dag_decorator.py
[2022-02-20 23:24:14,558] {logging_mixin.py:109} INFO - [2022-02-20 23:24:14,557] {dag.py:2396} INFO - Sync 1 DAGs
[2022-02-20 23:24:14,616] {logging_mixin.py:109} INFO - [2022-02-20 23:24:14,615] {dag.py:2935} INFO - Setting next_dagrun for example_dag_decorator to None
[2022-02-20 23:24:14,661] {processor.py:171} INFO - Processing /home/airflow/.local/lib/python3.7/site-packages/airflow/example_dags/example_dag_decorator.py took 1.274 seconds
[2022-02-20 23:24:45,433] {processor.py:163} INFO - Started process (PID=1874) to work on /home/airflow/.local/lib/python3.7/site-packages/airflow/example_dags/example_dag_decorator.py
[2022-02-20 23:24:45,438] {processor.py:642} INFO - Processing file /home/airflow/.local/lib/python3.7/site-packages/airflow/example_dags/example_dag_decorator.py for tasks to queue
[2022-02-20 23:24:45,443] {logging_mixin.py:109} INFO - [2022-02-20 23:24:45,442] {dagbag.py:500} INFO - Filling up the DagBag from /home/airflow/.local/lib/python3.7/site-packages/airflow/example_dags/example_dag_decorator.py
[2022-02-20 23:24:45,570] {processor.py:654} INFO - DAG(s) dict_keys(['example_dag_decorator']) retrieved from /home/airflow/.local/lib/python3.7/site-packages/airflow/example_dags/example_dag_decorator.py
[2022-02-20 23:24:46,676] {logging_mixin.py:109} INFO - [2022-02-20 23:24:46,676] {dag.py:2396} INFO - Sync 1 DAGs
[2022-02-20 23:24:46,730] {logging_mixin.py:109} INFO - [2022-02-20 23:24:46,729] {dag.py:2935} INFO - Setting next_dagrun for example_dag_decorator to None
[2022-02-20 23:24:46,770] {processor.py:171} INFO - Processing /home/airflow/.local/lib/python3.7/site-packages/airflow/example_dags/example_dag_decorator.py took 1.345 seconds
[2022-02-20 23:25:17,483] {processor.py:163} INFO - Started process (PID=1965) to work on /home/airflow/.local/lib/python3.7/site-packages/airflow/example_dags/example_dag_decorator.py
[2022-02-20 23:25:17,491] {processor.py:642} INFO - Processing file /home/airflow/.local/lib/python3.7/site-packages/airflow/example_dags/example_dag_decorator.py for tasks to queue
[2022-02-20 23:25:17,496] {logging_mixin.py:109} INFO - [2022-02-20 23:25:17,496] {dagbag.py:500} INFO - Filling up the DagBag from /home/airflow/.local/lib/python3.7/site-packages/airflow/example_dags/example_dag_decorator.py
[2022-02-20 23:25:17,641] {processor.py:654} INFO - DAG(s) dict_keys(['example_dag_decorator']) retrieved from /home/airflow/.local/lib/python3.7/site-packages/airflow/example_dags/example_dag_decorator.py
[2022-02-20 23:25:19,169] {logging_mixin.py:109} INFO - [2022-02-20 23:25:19,168] {dag.py:2396} INFO - Sync 1 DAGs
[2022-02-20 23:25:19,271] {logging_mixin.py:109} INFO - [2022-02-20 23:25:19,270] {dag.py:2935} INFO - Setting next_dagrun for example_dag_decorator to None
[2022-02-20 23:25:19,323] {processor.py:171} INFO - Processing /home/airflow/.local/lib/python3.7/site-packages/airflow/example_dags/example_dag_decorator.py took 1.860 seconds
[2022-02-20 23:25:49,408] {processor.py:163} INFO - Started process (PID=2049) to work on /home/airflow/.local/lib/python3.7/site-packages/airflow/example_dags/example_dag_decorator.py
[2022-02-20 23:25:49,413] {processor.py:642} INFO - Processing file /home/airflow/.local/lib/python3.7/site-packages/airflow/example_dags/example_dag_decorator.py for tasks to queue
[2022-02-20 23:25:49,416] {logging_mixin.py:109} INFO - [2022-02-20 23:25:49,416] {dagbag.py:500} INFO - Filling up the DagBag from /home/airflow/.local/lib/python3.7/site-packages/airflow/example_dags/example_dag_decorator.py
[2022-02-20 23:25:49,527] {processor.py:654} INFO - DAG(s) dict_keys(['example_dag_decorator']) retrieved from /home/airflow/.local/lib/python3.7/site-packages/airflow/example_dags/example_dag_decorator.py
[2022-02-20 23:25:50,599] {logging_mixin.py:109} INFO - [2022-02-20 23:25:50,598] {dag.py:2396} INFO - Sync 1 DAGs
[2022-02-20 23:25:50,653] {logging_mixin.py:109} INFO - [2022-02-20 23:25:50,653] {dag.py:2935} INFO - Setting next_dagrun for example_dag_decorator to None
[2022-02-20 23:25:50,688] {processor.py:171} INFO - Processing /home/airflow/.local/lib/python3.7/site-packages/airflow/example_dags/example_dag_decorator.py took 1.289 seconds
[2022-02-20 23:26:23,344] {processor.py:163} INFO - Started process (PID=2151) to work on /home/airflow/.local/lib/python3.7/site-packages/airflow/example_dags/example_dag_decorator.py
[2022-02-20 23:26:23,352] {processor.py:642} INFO - Processing file /home/airflow/.local/lib/python3.7/site-packages/airflow/example_dags/example_dag_decorator.py for tasks to queue
[2022-02-20 23:26:23,359] {logging_mixin.py:109} INFO - [2022-02-20 23:26:23,358] {dagbag.py:500} INFO - Filling up the DagBag from /home/airflow/.local/lib/python3.7/site-packages/airflow/example_dags/example_dag_decorator.py
[2022-02-20 23:26:23,514] {processor.py:654} INFO - DAG(s) dict_keys(['example_dag_decorator']) retrieved from /home/airflow/.local/lib/python3.7/site-packages/airflow/example_dags/example_dag_decorator.py
[2022-02-20 23:26:24,946] {logging_mixin.py:109} INFO - [2022-02-20 23:26:24,945] {dag.py:2396} INFO - Sync 1 DAGs
[2022-02-20 23:26:25,024] {logging_mixin.py:109} INFO - [2022-02-20 23:26:25,024] {dag.py:2935} INFO - Setting next_dagrun for example_dag_decorator to None
[2022-02-20 23:26:25,077] {processor.py:171} INFO - Processing /home/airflow/.local/lib/python3.7/site-packages/airflow/example_dags/example_dag_decorator.py took 1.744 seconds
[2022-02-20 23:26:55,478] {processor.py:163} INFO - Started process (PID=2254) to work on /home/airflow/.local/lib/python3.7/site-packages/airflow/example_dags/example_dag_decorator.py
[2022-02-20 23:26:55,484] {processor.py:642} INFO - Processing file /home/airflow/.local/lib/python3.7/site-packages/airflow/example_dags/example_dag_decorator.py for tasks to queue
[2022-02-20 23:26:55,487] {logging_mixin.py:109} INFO - [2022-02-20 23:26:55,486] {dagbag.py:500} INFO - Filling up the DagBag from /home/airflow/.local/lib/python3.7/site-packages/airflow/example_dags/example_dag_decorator.py
[2022-02-20 23:26:55,600] {processor.py:654} INFO - DAG(s) dict_keys(['example_dag_decorator']) retrieved from /home/airflow/.local/lib/python3.7/site-packages/airflow/example_dags/example_dag_decorator.py
[2022-02-20 23:26:56,710] {logging_mixin.py:109} INFO - [2022-02-20 23:26:56,709] {dag.py:2396} INFO - Sync 1 DAGs
[2022-02-20 23:26:56,767] {logging_mixin.py:109} INFO - [2022-02-20 23:26:56,766] {dag.py:2935} INFO - Setting next_dagrun for example_dag_decorator to None
[2022-02-20 23:26:56,808] {processor.py:171} INFO - Processing /home/airflow/.local/lib/python3.7/site-packages/airflow/example_dags/example_dag_decorator.py took 1.338 seconds
[2022-02-20 23:27:27,035] {processor.py:163} INFO - Started process (PID=2335) to work on /home/airflow/.local/lib/python3.7/site-packages/airflow/example_dags/example_dag_decorator.py
[2022-02-20 23:27:27,041] {processor.py:642} INFO - Processing file /home/airflow/.local/lib/python3.7/site-packages/airflow/example_dags/example_dag_decorator.py for tasks to queue
[2022-02-20 23:27:27,045] {logging_mixin.py:109} INFO - [2022-02-20 23:27:27,044] {dagbag.py:500} INFO - Filling up the DagBag from /home/airflow/.local/lib/python3.7/site-packages/airflow/example_dags/example_dag_decorator.py
[2022-02-20 23:27:27,157] {processor.py:654} INFO - DAG(s) dict_keys(['example_dag_decorator']) retrieved from /home/airflow/.local/lib/python3.7/site-packages/airflow/example_dags/example_dag_decorator.py
[2022-02-20 23:27:28,229] {logging_mixin.py:109} INFO - [2022-02-20 23:27:28,228] {dag.py:2396} INFO - Sync 1 DAGs
[2022-02-20 23:27:28,288] {logging_mixin.py:109} INFO - [2022-02-20 23:27:28,287] {dag.py:2935} INFO - Setting next_dagrun for example_dag_decorator to None
[2022-02-20 23:27:28,325] {processor.py:171} INFO - Processing /home/airflow/.local/lib/python3.7/site-packages/airflow/example_dags/example_dag_decorator.py took 1.298 seconds
[2022-02-20 23:27:58,416] {processor.py:163} INFO - Started process (PID=2432) to work on /home/airflow/.local/lib/python3.7/site-packages/airflow/example_dags/example_dag_decorator.py
[2022-02-20 23:27:58,421] {processor.py:642} INFO - Processing file /home/airflow/.local/lib/python3.7/site-packages/airflow/example_dags/example_dag_decorator.py for tasks to queue
[2022-02-20 23:27:58,424] {logging_mixin.py:109} INFO - [2022-02-20 23:27:58,424] {dagbag.py:500} INFO - Filling up the DagBag from /home/airflow/.local/lib/python3.7/site-packages/airflow/example_dags/example_dag_decorator.py
[2022-02-20 23:27:58,546] {processor.py:654} INFO - DAG(s) dict_keys(['example_dag_decorator']) retrieved from /home/airflow/.local/lib/python3.7/site-packages/airflow/example_dags/example_dag_decorator.py
[2022-02-20 23:27:59,583] {logging_mixin.py:109} INFO - [2022-02-20 23:27:59,582] {dag.py:2396} INFO - Sync 1 DAGs
[2022-02-20 23:27:59,651] {logging_mixin.py:109} INFO - [2022-02-20 23:27:59,650] {dag.py:2935} INFO - Setting next_dagrun for example_dag_decorator to None
[2022-02-20 23:27:59,695] {processor.py:171} INFO - Processing /home/airflow/.local/lib/python3.7/site-packages/airflow/example_dags/example_dag_decorator.py took 1.286 seconds
[2022-02-20 23:28:29,827] {processor.py:163} INFO - Started process (PID=2515) to work on /home/airflow/.local/lib/python3.7/site-packages/airflow/example_dags/example_dag_decorator.py
[2022-02-20 23:28:29,831] {processor.py:642} INFO - Processing file /home/airflow/.local/lib/python3.7/site-packages/airflow/example_dags/example_dag_decorator.py for tasks to queue
[2022-02-20 23:28:29,836] {logging_mixin.py:109} INFO - [2022-02-20 23:28:29,835] {dagbag.py:500} INFO - Filling up the DagBag from /home/airflow/.local/lib/python3.7/site-packages/airflow/example_dags/example_dag_decorator.py
[2022-02-20 23:28:29,946] {processor.py:654} INFO - DAG(s) dict_keys(['example_dag_decorator']) retrieved from /home/airflow/.local/lib/python3.7/site-packages/airflow/example_dags/example_dag_decorator.py
[2022-02-20 23:28:30,932] {logging_mixin.py:109} INFO - [2022-02-20 23:28:30,932] {dag.py:2396} INFO - Sync 1 DAGs
[2022-02-20 23:28:30,978] {logging_mixin.py:109} INFO - [2022-02-20 23:28:30,978] {dag.py:2935} INFO - Setting next_dagrun for example_dag_decorator to None
[2022-02-20 23:28:31,010] {processor.py:171} INFO - Processing /home/airflow/.local/lib/python3.7/site-packages/airflow/example_dags/example_dag_decorator.py took 1.191 seconds
[2022-02-20 23:29:02,370] {processor.py:163} INFO - Started process (PID=2621) to work on /home/airflow/.local/lib/python3.7/site-packages/airflow/example_dags/example_dag_decorator.py
[2022-02-20 23:29:02,374] {processor.py:642} INFO - Processing file /home/airflow/.local/lib/python3.7/site-packages/airflow/example_dags/example_dag_decorator.py for tasks to queue
[2022-02-20 23:29:02,378] {logging_mixin.py:109} INFO - [2022-02-20 23:29:02,377] {dagbag.py:500} INFO - Filling up the DagBag from /home/airflow/.local/lib/python3.7/site-packages/airflow/example_dags/example_dag_decorator.py
[2022-02-20 23:29:02,489] {processor.py:654} INFO - DAG(s) dict_keys(['example_dag_decorator']) retrieved from /home/airflow/.local/lib/python3.7/site-packages/airflow/example_dags/example_dag_decorator.py
[2022-02-20 23:29:02,538] {logging_mixin.py:109} INFO - [2022-02-20 23:29:02,537] {dag.py:2396} INFO - Sync 1 DAGs
[2022-02-20 23:29:02,594] {logging_mixin.py:109} INFO - [2022-02-20 23:29:02,593] {dag.py:2935} INFO - Setting next_dagrun for example_dag_decorator to None
[2022-02-20 23:29:02,623] {processor.py:171} INFO - Processing /home/airflow/.local/lib/python3.7/site-packages/airflow/example_dags/example_dag_decorator.py took 0.260 seconds
[2022-02-20 23:29:33,514] {processor.py:163} INFO - Started process (PID=2705) to work on /home/airflow/.local/lib/python3.7/site-packages/airflow/example_dags/example_dag_decorator.py
[2022-02-20 23:29:33,521] {processor.py:642} INFO - Processing file /home/airflow/.local/lib/python3.7/site-packages/airflow/example_dags/example_dag_decorator.py for tasks to queue
[2022-02-20 23:29:33,524] {logging_mixin.py:109} INFO - [2022-02-20 23:29:33,524] {dagbag.py:500} INFO - Filling up the DagBag from /home/airflow/.local/lib/python3.7/site-packages/airflow/example_dags/example_dag_decorator.py
[2022-02-20 23:29:33,647] {processor.py:654} INFO - DAG(s) dict_keys(['example_dag_decorator']) retrieved from /home/airflow/.local/lib/python3.7/site-packages/airflow/example_dags/example_dag_decorator.py
[2022-02-20 23:29:34,699] {logging_mixin.py:109} INFO - [2022-02-20 23:29:34,699] {dag.py:2396} INFO - Sync 1 DAGs
[2022-02-20 23:29:34,757] {logging_mixin.py:109} INFO - [2022-02-20 23:29:34,757] {dag.py:2935} INFO - Setting next_dagrun for example_dag_decorator to None
[2022-02-20 23:29:34,800] {processor.py:171} INFO - Processing /home/airflow/.local/lib/python3.7/site-packages/airflow/example_dags/example_dag_decorator.py took 1.296 seconds
[2022-02-20 23:30:05,067] {processor.py:163} INFO - Started process (PID=2805) to work on /home/airflow/.local/lib/python3.7/site-packages/airflow/example_dags/example_dag_decorator.py
[2022-02-20 23:30:05,072] {processor.py:642} INFO - Processing file /home/airflow/.local/lib/python3.7/site-packages/airflow/example_dags/example_dag_decorator.py for tasks to queue
[2022-02-20 23:30:05,076] {logging_mixin.py:109} INFO - [2022-02-20 23:30:05,076] {dagbag.py:500} INFO - Filling up the DagBag from /home/airflow/.local/lib/python3.7/site-packages/airflow/example_dags/example_dag_decorator.py
[2022-02-20 23:30:05,188] {processor.py:654} INFO - DAG(s) dict_keys(['example_dag_decorator']) retrieved from /home/airflow/.local/lib/python3.7/site-packages/airflow/example_dags/example_dag_decorator.py
[2022-02-20 23:30:06,242] {logging_mixin.py:109} INFO - [2022-02-20 23:30:06,241] {dag.py:2396} INFO - Sync 1 DAGs
[2022-02-20 23:30:06,298] {logging_mixin.py:109} INFO - [2022-02-20 23:30:06,298] {dag.py:2935} INFO - Setting next_dagrun for example_dag_decorator to None
[2022-02-20 23:30:06,337] {processor.py:171} INFO - Processing /home/airflow/.local/lib/python3.7/site-packages/airflow/example_dags/example_dag_decorator.py took 1.277 seconds
[2022-02-20 23:30:37,330] {processor.py:163} INFO - Started process (PID=2905) to work on /home/airflow/.local/lib/python3.7/site-packages/airflow/example_dags/example_dag_decorator.py
[2022-02-20 23:30:37,335] {processor.py:642} INFO - Processing file /home/airflow/.local/lib/python3.7/site-packages/airflow/example_dags/example_dag_decorator.py for tasks to queue
[2022-02-20 23:30:37,338] {logging_mixin.py:109} INFO - [2022-02-20 23:30:37,337] {dagbag.py:500} INFO - Filling up the DagBag from /home/airflow/.local/lib/python3.7/site-packages/airflow/example_dags/example_dag_decorator.py
[2022-02-20 23:30:37,446] {processor.py:654} INFO - DAG(s) dict_keys(['example_dag_decorator']) retrieved from /home/airflow/.local/lib/python3.7/site-packages/airflow/example_dags/example_dag_decorator.py
[2022-02-20 23:30:38,471] {logging_mixin.py:109} INFO - [2022-02-20 23:30:38,470] {dag.py:2396} INFO - Sync 1 DAGs
[2022-02-20 23:30:38,524] {logging_mixin.py:109} INFO - [2022-02-20 23:30:38,523] {dag.py:2935} INFO - Setting next_dagrun for example_dag_decorator to None
[2022-02-20 23:30:38,561] {processor.py:171} INFO - Processing /home/airflow/.local/lib/python3.7/site-packages/airflow/example_dags/example_dag_decorator.py took 1.238 seconds
[2022-02-20 23:31:08,643] {processor.py:163} INFO - Started process (PID=2988) to work on /home/airflow/.local/lib/python3.7/site-packages/airflow/example_dags/example_dag_decorator.py
[2022-02-20 23:31:08,648] {processor.py:642} INFO - Processing file /home/airflow/.local/lib/python3.7/site-packages/airflow/example_dags/example_dag_decorator.py for tasks to queue
[2022-02-20 23:31:08,651] {logging_mixin.py:109} INFO - [2022-02-20 23:31:08,650] {dagbag.py:500} INFO - Filling up the DagBag from /home/airflow/.local/lib/python3.7/site-packages/airflow/example_dags/example_dag_decorator.py
[2022-02-20 23:31:08,751] {processor.py:654} INFO - DAG(s) dict_keys(['example_dag_decorator']) retrieved from /home/airflow/.local/lib/python3.7/site-packages/airflow/example_dags/example_dag_decorator.py
[2022-02-20 23:31:09,627] {logging_mixin.py:109} INFO - [2022-02-20 23:31:09,627] {dag.py:2396} INFO - Sync 1 DAGs
[2022-02-20 23:31:09,681] {logging_mixin.py:109} INFO - [2022-02-20 23:31:09,680] {dag.py:2935} INFO - Setting next_dagrun for example_dag_decorator to None
[2022-02-20 23:31:09,718] {processor.py:171} INFO - Processing /home/airflow/.local/lib/python3.7/site-packages/airflow/example_dags/example_dag_decorator.py took 1.082 seconds
[2022-02-20 23:31:40,355] {processor.py:163} INFO - Started process (PID=3087) to work on /home/airflow/.local/lib/python3.7/site-packages/airflow/example_dags/example_dag_decorator.py
[2022-02-20 23:31:40,360] {processor.py:642} INFO - Processing file /home/airflow/.local/lib/python3.7/site-packages/airflow/example_dags/example_dag_decorator.py for tasks to queue
[2022-02-20 23:31:40,364] {logging_mixin.py:109} INFO - [2022-02-20 23:31:40,363] {dagbag.py:500} INFO - Filling up the DagBag from /home/airflow/.local/lib/python3.7/site-packages/airflow/example_dags/example_dag_decorator.py
[2022-02-20 23:31:40,469] {processor.py:654} INFO - DAG(s) dict_keys(['example_dag_decorator']) retrieved from /home/airflow/.local/lib/python3.7/site-packages/airflow/example_dags/example_dag_decorator.py
[2022-02-20 23:31:41,464] {logging_mixin.py:109} INFO - [2022-02-20 23:31:41,463] {dag.py:2396} INFO - Sync 1 DAGs
[2022-02-20 23:31:41,515] {logging_mixin.py:109} INFO - [2022-02-20 23:31:41,514] {dag.py:2935} INFO - Setting next_dagrun for example_dag_decorator to None
[2022-02-20 23:31:41,549] {processor.py:171} INFO - Processing /home/airflow/.local/lib/python3.7/site-packages/airflow/example_dags/example_dag_decorator.py took 1.202 seconds
[2022-02-20 23:32:11,908] {processor.py:163} INFO - Started process (PID=3168) to work on /home/airflow/.local/lib/python3.7/site-packages/airflow/example_dags/example_dag_decorator.py
[2022-02-20 23:32:11,913] {processor.py:642} INFO - Processing file /home/airflow/.local/lib/python3.7/site-packages/airflow/example_dags/example_dag_decorator.py for tasks to queue
[2022-02-20 23:32:11,916] {logging_mixin.py:109} INFO - [2022-02-20 23:32:11,916] {dagbag.py:500} INFO - Filling up the DagBag from /home/airflow/.local/lib/python3.7/site-packages/airflow/example_dags/example_dag_decorator.py
[2022-02-20 23:32:12,007] {processor.py:654} INFO - DAG(s) dict_keys(['example_dag_decorator']) retrieved from /home/airflow/.local/lib/python3.7/site-packages/airflow/example_dags/example_dag_decorator.py
[2022-02-20 23:32:12,759] {logging_mixin.py:109} INFO - [2022-02-20 23:32:12,758] {dag.py:2396} INFO - Sync 1 DAGs
[2022-02-20 23:32:12,801] {logging_mixin.py:109} INFO - [2022-02-20 23:32:12,801] {dag.py:2935} INFO - Setting next_dagrun for example_dag_decorator to None
[2022-02-20 23:32:12,828] {processor.py:171} INFO - Processing /home/airflow/.local/lib/python3.7/site-packages/airflow/example_dags/example_dag_decorator.py took 0.927 seconds
[2022-02-20 23:32:43,084] {processor.py:163} INFO - Started process (PID=3266) to work on /home/airflow/.local/lib/python3.7/site-packages/airflow/example_dags/example_dag_decorator.py
[2022-02-20 23:32:43,091] {processor.py:642} INFO - Processing file /home/airflow/.local/lib/python3.7/site-packages/airflow/example_dags/example_dag_decorator.py for tasks to queue
[2022-02-20 23:32:43,094] {logging_mixin.py:109} INFO - [2022-02-20 23:32:43,094] {dagbag.py:500} INFO - Filling up the DagBag from /home/airflow/.local/lib/python3.7/site-packages/airflow/example_dags/example_dag_decorator.py
[2022-02-20 23:32:43,213] {processor.py:654} INFO - DAG(s) dict_keys(['example_dag_decorator']) retrieved from /home/airflow/.local/lib/python3.7/site-packages/airflow/example_dags/example_dag_decorator.py
[2022-02-20 23:32:44,238] {logging_mixin.py:109} INFO - [2022-02-20 23:32:44,238] {dag.py:2396} INFO - Sync 1 DAGs
[2022-02-20 23:32:44,290] {logging_mixin.py:109} INFO - [2022-02-20 23:32:44,290] {dag.py:2935} INFO - Setting next_dagrun for example_dag_decorator to None
[2022-02-20 23:32:44,327] {processor.py:171} INFO - Processing /home/airflow/.local/lib/python3.7/site-packages/airflow/example_dags/example_dag_decorator.py took 1.251 seconds
[2022-02-20 23:33:14,408] {processor.py:163} INFO - Started process (PID=3359) to work on /home/airflow/.local/lib/python3.7/site-packages/airflow/example_dags/example_dag_decorator.py
[2022-02-20 23:33:14,413] {processor.py:642} INFO - Processing file /home/airflow/.local/lib/python3.7/site-packages/airflow/example_dags/example_dag_decorator.py for tasks to queue
[2022-02-20 23:33:14,418] {logging_mixin.py:109} INFO - [2022-02-20 23:33:14,417] {dagbag.py:500} INFO - Filling up the DagBag from /home/airflow/.local/lib/python3.7/site-packages/airflow/example_dags/example_dag_decorator.py
[2022-02-20 23:33:14,543] {processor.py:654} INFO - DAG(s) dict_keys(['example_dag_decorator']) retrieved from /home/airflow/.local/lib/python3.7/site-packages/airflow/example_dags/example_dag_decorator.py
[2022-02-20 23:33:15,581] {logging_mixin.py:109} INFO - [2022-02-20 23:33:15,580] {dag.py:2396} INFO - Sync 1 DAGs
[2022-02-20 23:33:15,637] {logging_mixin.py:109} INFO - [2022-02-20 23:33:15,637] {dag.py:2935} INFO - Setting next_dagrun for example_dag_decorator to None
[2022-02-20 23:33:15,674] {processor.py:171} INFO - Processing /home/airflow/.local/lib/python3.7/site-packages/airflow/example_dags/example_dag_decorator.py took 1.275 seconds
[2022-02-20 23:33:46,175] {processor.py:163} INFO - Started process (PID=3445) to work on /home/airflow/.local/lib/python3.7/site-packages/airflow/example_dags/example_dag_decorator.py
[2022-02-20 23:33:46,180] {processor.py:642} INFO - Processing file /home/airflow/.local/lib/python3.7/site-packages/airflow/example_dags/example_dag_decorator.py for tasks to queue
[2022-02-20 23:33:46,184] {logging_mixin.py:109} INFO - [2022-02-20 23:33:46,184] {dagbag.py:500} INFO - Filling up the DagBag from /home/airflow/.local/lib/python3.7/site-packages/airflow/example_dags/example_dag_decorator.py
[2022-02-20 23:33:46,295] {processor.py:654} INFO - DAG(s) dict_keys(['example_dag_decorator']) retrieved from /home/airflow/.local/lib/python3.7/site-packages/airflow/example_dags/example_dag_decorator.py
[2022-02-20 23:33:47,329] {logging_mixin.py:109} INFO - [2022-02-20 23:33:47,329] {dag.py:2396} INFO - Sync 1 DAGs
[2022-02-20 23:33:47,386] {logging_mixin.py:109} INFO - [2022-02-20 23:33:47,386] {dag.py:2935} INFO - Setting next_dagrun for example_dag_decorator to None
[2022-02-20 23:33:47,423] {processor.py:171} INFO - Processing /home/airflow/.local/lib/python3.7/site-packages/airflow/example_dags/example_dag_decorator.py took 1.256 seconds
[2022-02-20 23:34:17,535] {processor.py:163} INFO - Started process (PID=3544) to work on /home/airflow/.local/lib/python3.7/site-packages/airflow/example_dags/example_dag_decorator.py
[2022-02-20 23:34:17,540] {processor.py:642} INFO - Processing file /home/airflow/.local/lib/python3.7/site-packages/airflow/example_dags/example_dag_decorator.py for tasks to queue
[2022-02-20 23:34:17,544] {logging_mixin.py:109} INFO - [2022-02-20 23:34:17,543] {dagbag.py:500} INFO - Filling up the DagBag from /home/airflow/.local/lib/python3.7/site-packages/airflow/example_dags/example_dag_decorator.py
[2022-02-20 23:34:17,650] {processor.py:654} INFO - DAG(s) dict_keys(['example_dag_decorator']) retrieved from /home/airflow/.local/lib/python3.7/site-packages/airflow/example_dags/example_dag_decorator.py
[2022-02-20 23:34:18,742] {logging_mixin.py:109} INFO - [2022-02-20 23:34:18,742] {dag.py:2396} INFO - Sync 1 DAGs
[2022-02-20 23:34:18,797] {logging_mixin.py:109} INFO - [2022-02-20 23:34:18,796] {dag.py:2935} INFO - Setting next_dagrun for example_dag_decorator to None
[2022-02-20 23:34:18,834] {processor.py:171} INFO - Processing /home/airflow/.local/lib/python3.7/site-packages/airflow/example_dags/example_dag_decorator.py took 1.306 seconds
[2022-02-20 23:34:49,484] {processor.py:163} INFO - Started process (PID=3624) to work on /home/airflow/.local/lib/python3.7/site-packages/airflow/example_dags/example_dag_decorator.py
[2022-02-20 23:34:49,489] {processor.py:642} INFO - Processing file /home/airflow/.local/lib/python3.7/site-packages/airflow/example_dags/example_dag_decorator.py for tasks to queue
[2022-02-20 23:34:49,492] {logging_mixin.py:109} INFO - [2022-02-20 23:34:49,491] {dagbag.py:500} INFO - Filling up the DagBag from /home/airflow/.local/lib/python3.7/site-packages/airflow/example_dags/example_dag_decorator.py
[2022-02-20 23:34:49,584] {processor.py:654} INFO - DAG(s) dict_keys(['example_dag_decorator']) retrieved from /home/airflow/.local/lib/python3.7/site-packages/airflow/example_dags/example_dag_decorator.py
[2022-02-20 23:34:50,492] {logging_mixin.py:109} INFO - [2022-02-20 23:34:50,492] {dag.py:2396} INFO - Sync 1 DAGs
[2022-02-20 23:34:50,542] {logging_mixin.py:109} INFO - [2022-02-20 23:34:50,541] {dag.py:2935} INFO - Setting next_dagrun for example_dag_decorator to None
[2022-02-20 23:34:50,576] {processor.py:171} INFO - Processing /home/airflow/.local/lib/python3.7/site-packages/airflow/example_dags/example_dag_decorator.py took 1.099 seconds
[2022-02-20 23:35:21,052] {processor.py:163} INFO - Started process (PID=3720) to work on /home/airflow/.local/lib/python3.7/site-packages/airflow/example_dags/example_dag_decorator.py
[2022-02-20 23:35:21,056] {processor.py:642} INFO - Processing file /home/airflow/.local/lib/python3.7/site-packages/airflow/example_dags/example_dag_decorator.py for tasks to queue
[2022-02-20 23:35:21,059] {logging_mixin.py:109} INFO - [2022-02-20 23:35:21,059] {dagbag.py:500} INFO - Filling up the DagBag from /home/airflow/.local/lib/python3.7/site-packages/airflow/example_dags/example_dag_decorator.py
[2022-02-20 23:35:21,163] {processor.py:654} INFO - DAG(s) dict_keys(['example_dag_decorator']) retrieved from /home/airflow/.local/lib/python3.7/site-packages/airflow/example_dags/example_dag_decorator.py
[2022-02-20 23:35:22,174] {logging_mixin.py:109} INFO - [2022-02-20 23:35:22,173] {dag.py:2396} INFO - Sync 1 DAGs
[2022-02-20 23:35:22,227] {logging_mixin.py:109} INFO - [2022-02-20 23:35:22,226] {dag.py:2935} INFO - Setting next_dagrun for example_dag_decorator to None
[2022-02-20 23:35:22,266] {processor.py:171} INFO - Processing /home/airflow/.local/lib/python3.7/site-packages/airflow/example_dags/example_dag_decorator.py took 1.221 seconds
[2022-02-20 23:35:52,638] {processor.py:163} INFO - Started process (PID=3802) to work on /home/airflow/.local/lib/python3.7/site-packages/airflow/example_dags/example_dag_decorator.py
[2022-02-20 23:35:52,643] {processor.py:642} INFO - Processing file /home/airflow/.local/lib/python3.7/site-packages/airflow/example_dags/example_dag_decorator.py for tasks to queue
[2022-02-20 23:35:52,646] {logging_mixin.py:109} INFO - [2022-02-20 23:35:52,646] {dagbag.py:500} INFO - Filling up the DagBag from /home/airflow/.local/lib/python3.7/site-packages/airflow/example_dags/example_dag_decorator.py
[2022-02-20 23:35:52,732] {processor.py:654} INFO - DAG(s) dict_keys(['example_dag_decorator']) retrieved from /home/airflow/.local/lib/python3.7/site-packages/airflow/example_dags/example_dag_decorator.py
[2022-02-20 23:35:53,603] {logging_mixin.py:109} INFO - [2022-02-20 23:35:53,602] {dag.py:2396} INFO - Sync 1 DAGs
[2022-02-20 23:35:53,652] {logging_mixin.py:109} INFO - [2022-02-20 23:35:53,652] {dag.py:2935} INFO - Setting next_dagrun for example_dag_decorator to None
[2022-02-20 23:35:53,687] {processor.py:171} INFO - Processing /home/airflow/.local/lib/python3.7/site-packages/airflow/example_dags/example_dag_decorator.py took 1.058 seconds
[2022-02-20 23:36:23,823] {processor.py:163} INFO - Started process (PID=3901) to work on /home/airflow/.local/lib/python3.7/site-packages/airflow/example_dags/example_dag_decorator.py
[2022-02-20 23:36:23,827] {processor.py:642} INFO - Processing file /home/airflow/.local/lib/python3.7/site-packages/airflow/example_dags/example_dag_decorator.py for tasks to queue
[2022-02-20 23:36:23,830] {logging_mixin.py:109} INFO - [2022-02-20 23:36:23,830] {dagbag.py:500} INFO - Filling up the DagBag from /home/airflow/.local/lib/python3.7/site-packages/airflow/example_dags/example_dag_decorator.py
[2022-02-20 23:36:23,948] {processor.py:654} INFO - DAG(s) dict_keys(['example_dag_decorator']) retrieved from /home/airflow/.local/lib/python3.7/site-packages/airflow/example_dags/example_dag_decorator.py
[2022-02-20 23:36:25,066] {logging_mixin.py:109} INFO - [2022-02-20 23:36:25,065] {dag.py:2396} INFO - Sync 1 DAGs
[2022-02-20 23:36:25,131] {logging_mixin.py:109} INFO - [2022-02-20 23:36:25,130] {dag.py:2935} INFO - Setting next_dagrun for example_dag_decorator to None
[2022-02-20 23:36:25,178] {processor.py:171} INFO - Processing /home/airflow/.local/lib/python3.7/site-packages/airflow/example_dags/example_dag_decorator.py took 1.363 seconds
[2022-02-20 23:36:55,851] {processor.py:163} INFO - Started process (PID=3998) to work on /home/airflow/.local/lib/python3.7/site-packages/airflow/example_dags/example_dag_decorator.py
[2022-02-20 23:36:55,861] {processor.py:642} INFO - Processing file /home/airflow/.local/lib/python3.7/site-packages/airflow/example_dags/example_dag_decorator.py for tasks to queue
[2022-02-20 23:36:55,864] {logging_mixin.py:109} INFO - [2022-02-20 23:36:55,863] {dagbag.py:500} INFO - Filling up the DagBag from /home/airflow/.local/lib/python3.7/site-packages/airflow/example_dags/example_dag_decorator.py
[2022-02-20 23:36:56,002] {processor.py:654} INFO - DAG(s) dict_keys(['example_dag_decorator']) retrieved from /home/airflow/.local/lib/python3.7/site-packages/airflow/example_dags/example_dag_decorator.py
[2022-02-20 23:36:57,041] {logging_mixin.py:109} INFO - [2022-02-20 23:36:57,040] {dag.py:2396} INFO - Sync 1 DAGs
[2022-02-20 23:36:57,100] {logging_mixin.py:109} INFO - [2022-02-20 23:36:57,100] {dag.py:2935} INFO - Setting next_dagrun for example_dag_decorator to None
[2022-02-20 23:36:57,140] {processor.py:171} INFO - Processing /home/airflow/.local/lib/python3.7/site-packages/airflow/example_dags/example_dag_decorator.py took 1.297 seconds
[2022-02-20 23:37:27,515] {processor.py:163} INFO - Started process (PID=4079) to work on /home/airflow/.local/lib/python3.7/site-packages/airflow/example_dags/example_dag_decorator.py
[2022-02-20 23:37:27,526] {processor.py:642} INFO - Processing file /home/airflow/.local/lib/python3.7/site-packages/airflow/example_dags/example_dag_decorator.py for tasks to queue
[2022-02-20 23:37:27,534] {logging_mixin.py:109} INFO - [2022-02-20 23:37:27,533] {dagbag.py:500} INFO - Filling up the DagBag from /home/airflow/.local/lib/python3.7/site-packages/airflow/example_dags/example_dag_decorator.py
[2022-02-20 23:37:27,709] {processor.py:654} INFO - DAG(s) dict_keys(['example_dag_decorator']) retrieved from /home/airflow/.local/lib/python3.7/site-packages/airflow/example_dags/example_dag_decorator.py
[2022-02-20 23:37:29,013] {logging_mixin.py:109} INFO - [2022-02-20 23:37:29,013] {dag.py:2396} INFO - Sync 1 DAGs
[2022-02-20 23:37:29,127] {logging_mixin.py:109} INFO - [2022-02-20 23:37:29,127] {dag.py:2935} INFO - Setting next_dagrun for example_dag_decorator to None
[2022-02-20 23:37:29,191] {processor.py:171} INFO - Processing /home/airflow/.local/lib/python3.7/site-packages/airflow/example_dags/example_dag_decorator.py took 1.688 seconds
[2022-02-20 23:37:59,337] {processor.py:163} INFO - Started process (PID=4175) to work on /home/airflow/.local/lib/python3.7/site-packages/airflow/example_dags/example_dag_decorator.py
[2022-02-20 23:37:59,342] {processor.py:642} INFO - Processing file /home/airflow/.local/lib/python3.7/site-packages/airflow/example_dags/example_dag_decorator.py for tasks to queue
[2022-02-20 23:37:59,346] {logging_mixin.py:109} INFO - [2022-02-20 23:37:59,346] {dagbag.py:500} INFO - Filling up the DagBag from /home/airflow/.local/lib/python3.7/site-packages/airflow/example_dags/example_dag_decorator.py
[2022-02-20 23:37:59,482] {processor.py:654} INFO - DAG(s) dict_keys(['example_dag_decorator']) retrieved from /home/airflow/.local/lib/python3.7/site-packages/airflow/example_dags/example_dag_decorator.py
[2022-02-20 23:38:00,549] {logging_mixin.py:109} INFO - [2022-02-20 23:38:00,549] {dag.py:2396} INFO - Sync 1 DAGs
[2022-02-20 23:38:00,606] {logging_mixin.py:109} INFO - [2022-02-20 23:38:00,606] {dag.py:2935} INFO - Setting next_dagrun for example_dag_decorator to None
[2022-02-20 23:38:00,644] {processor.py:171} INFO - Processing /home/airflow/.local/lib/python3.7/site-packages/airflow/example_dags/example_dag_decorator.py took 1.315 seconds
[2022-02-20 23:38:30,769] {processor.py:163} INFO - Started process (PID=4256) to work on /home/airflow/.local/lib/python3.7/site-packages/airflow/example_dags/example_dag_decorator.py
[2022-02-20 23:38:30,774] {processor.py:642} INFO - Processing file /home/airflow/.local/lib/python3.7/site-packages/airflow/example_dags/example_dag_decorator.py for tasks to queue
[2022-02-20 23:38:30,778] {logging_mixin.py:109} INFO - [2022-02-20 23:38:30,777] {dagbag.py:500} INFO - Filling up the DagBag from /home/airflow/.local/lib/python3.7/site-packages/airflow/example_dags/example_dag_decorator.py
[2022-02-20 23:38:30,881] {processor.py:654} INFO - DAG(s) dict_keys(['example_dag_decorator']) retrieved from /home/airflow/.local/lib/python3.7/site-packages/airflow/example_dags/example_dag_decorator.py
[2022-02-20 23:38:31,855] {logging_mixin.py:109} INFO - [2022-02-20 23:38:31,854] {dag.py:2396} INFO - Sync 1 DAGs
[2022-02-20 23:38:31,907] {logging_mixin.py:109} INFO - [2022-02-20 23:38:31,906] {dag.py:2935} INFO - Setting next_dagrun for example_dag_decorator to None
[2022-02-20 23:38:31,941] {processor.py:171} INFO - Processing /home/airflow/.local/lib/python3.7/site-packages/airflow/example_dags/example_dag_decorator.py took 1.178 seconds
[2022-02-20 23:39:02,351] {processor.py:163} INFO - Started process (PID=4356) to work on /home/airflow/.local/lib/python3.7/site-packages/airflow/example_dags/example_dag_decorator.py
[2022-02-20 23:39:02,356] {processor.py:642} INFO - Processing file /home/airflow/.local/lib/python3.7/site-packages/airflow/example_dags/example_dag_decorator.py for tasks to queue
[2022-02-20 23:39:02,359] {logging_mixin.py:109} INFO - [2022-02-20 23:39:02,359] {dagbag.py:500} INFO - Filling up the DagBag from /home/airflow/.local/lib/python3.7/site-packages/airflow/example_dags/example_dag_decorator.py
[2022-02-20 23:39:02,469] {processor.py:654} INFO - DAG(s) dict_keys(['example_dag_decorator']) retrieved from /home/airflow/.local/lib/python3.7/site-packages/airflow/example_dags/example_dag_decorator.py
[2022-02-20 23:39:03,583] {logging_mixin.py:109} INFO - [2022-02-20 23:39:03,582] {dag.py:2396} INFO - Sync 1 DAGs
[2022-02-20 23:39:03,638] {logging_mixin.py:109} INFO - [2022-02-20 23:39:03,638] {dag.py:2935} INFO - Setting next_dagrun for example_dag_decorator to None
[2022-02-20 23:39:03,676] {processor.py:171} INFO - Processing /home/airflow/.local/lib/python3.7/site-packages/airflow/example_dags/example_dag_decorator.py took 1.333 seconds
[2022-02-20 23:39:33,998] {processor.py:163} INFO - Started process (PID=4451) to work on /home/airflow/.local/lib/python3.7/site-packages/airflow/example_dags/example_dag_decorator.py
[2022-02-20 23:39:34,006] {processor.py:642} INFO - Processing file /home/airflow/.local/lib/python3.7/site-packages/airflow/example_dags/example_dag_decorator.py for tasks to queue
[2022-02-20 23:39:34,011] {logging_mixin.py:109} INFO - [2022-02-20 23:39:34,010] {dagbag.py:500} INFO - Filling up the DagBag from /home/airflow/.local/lib/python3.7/site-packages/airflow/example_dags/example_dag_decorator.py
[2022-02-20 23:39:34,131] {processor.py:654} INFO - DAG(s) dict_keys(['example_dag_decorator']) retrieved from /home/airflow/.local/lib/python3.7/site-packages/airflow/example_dags/example_dag_decorator.py
[2022-02-20 23:39:35,211] {logging_mixin.py:109} INFO - [2022-02-20 23:39:35,211] {dag.py:2396} INFO - Sync 1 DAGs
[2022-02-20 23:39:35,267] {logging_mixin.py:109} INFO - [2022-02-20 23:39:35,266] {dag.py:2935} INFO - Setting next_dagrun for example_dag_decorator to None
[2022-02-20 23:39:35,304] {processor.py:171} INFO - Processing /home/airflow/.local/lib/python3.7/site-packages/airflow/example_dags/example_dag_decorator.py took 1.328 seconds
[2022-02-20 23:40:05,395] {processor.py:163} INFO - Started process (PID=4536) to work on /home/airflow/.local/lib/python3.7/site-packages/airflow/example_dags/example_dag_decorator.py
[2022-02-20 23:40:05,403] {processor.py:642} INFO - Processing file /home/airflow/.local/lib/python3.7/site-packages/airflow/example_dags/example_dag_decorator.py for tasks to queue
[2022-02-20 23:40:05,406] {logging_mixin.py:109} INFO - [2022-02-20 23:40:05,406] {dagbag.py:500} INFO - Filling up the DagBag from /home/airflow/.local/lib/python3.7/site-packages/airflow/example_dags/example_dag_decorator.py
[2022-02-20 23:40:05,544] {processor.py:654} INFO - DAG(s) dict_keys(['example_dag_decorator']) retrieved from /home/airflow/.local/lib/python3.7/site-packages/airflow/example_dags/example_dag_decorator.py
[2022-02-20 23:40:06,677] {logging_mixin.py:109} INFO - [2022-02-20 23:40:06,676] {dag.py:2396} INFO - Sync 1 DAGs
[2022-02-20 23:40:06,744] {logging_mixin.py:109} INFO - [2022-02-20 23:40:06,744] {dag.py:2935} INFO - Setting next_dagrun for example_dag_decorator to None
[2022-02-20 23:40:06,782] {processor.py:171} INFO - Processing /home/airflow/.local/lib/python3.7/site-packages/airflow/example_dags/example_dag_decorator.py took 1.394 seconds
[2022-02-20 23:40:37,128] {processor.py:163} INFO - Started process (PID=4635) to work on /home/airflow/.local/lib/python3.7/site-packages/airflow/example_dags/example_dag_decorator.py
[2022-02-20 23:40:37,132] {processor.py:642} INFO - Processing file /home/airflow/.local/lib/python3.7/site-packages/airflow/example_dags/example_dag_decorator.py for tasks to queue
[2022-02-20 23:40:37,136] {logging_mixin.py:109} INFO - [2022-02-20 23:40:37,135] {dagbag.py:500} INFO - Filling up the DagBag from /home/airflow/.local/lib/python3.7/site-packages/airflow/example_dags/example_dag_decorator.py
[2022-02-20 23:40:37,262] {processor.py:654} INFO - DAG(s) dict_keys(['example_dag_decorator']) retrieved from /home/airflow/.local/lib/python3.7/site-packages/airflow/example_dags/example_dag_decorator.py
[2022-02-20 23:40:38,603] {logging_mixin.py:109} INFO - [2022-02-20 23:40:38,603] {dag.py:2396} INFO - Sync 1 DAGs
[2022-02-20 23:40:38,695] {logging_mixin.py:109} INFO - [2022-02-20 23:40:38,695] {dag.py:2935} INFO - Setting next_dagrun for example_dag_decorator to None
[2022-02-20 23:40:38,778] {processor.py:171} INFO - Processing /home/airflow/.local/lib/python3.7/site-packages/airflow/example_dags/example_dag_decorator.py took 1.656 seconds
[2022-02-20 23:41:09,147] {processor.py:163} INFO - Started process (PID=4716) to work on /home/airflow/.local/lib/python3.7/site-packages/airflow/example_dags/example_dag_decorator.py
[2022-02-20 23:41:09,150] {processor.py:642} INFO - Processing file /home/airflow/.local/lib/python3.7/site-packages/airflow/example_dags/example_dag_decorator.py for tasks to queue
[2022-02-20 23:41:09,153] {logging_mixin.py:109} INFO - [2022-02-20 23:41:09,152] {dagbag.py:500} INFO - Filling up the DagBag from /home/airflow/.local/lib/python3.7/site-packages/airflow/example_dags/example_dag_decorator.py
[2022-02-20 23:41:09,249] {processor.py:654} INFO - DAG(s) dict_keys(['example_dag_decorator']) retrieved from /home/airflow/.local/lib/python3.7/site-packages/airflow/example_dags/example_dag_decorator.py
[2022-02-20 23:41:10,168] {logging_mixin.py:109} INFO - [2022-02-20 23:41:10,167] {dag.py:2396} INFO - Sync 1 DAGs
[2022-02-20 23:41:10,219] {logging_mixin.py:109} INFO - [2022-02-20 23:41:10,219] {dag.py:2935} INFO - Setting next_dagrun for example_dag_decorator to None
[2022-02-20 23:41:10,253] {processor.py:171} INFO - Processing /home/airflow/.local/lib/python3.7/site-packages/airflow/example_dags/example_dag_decorator.py took 1.113 seconds
[2022-02-20 23:41:40,541] {processor.py:163} INFO - Started process (PID=4814) to work on /home/airflow/.local/lib/python3.7/site-packages/airflow/example_dags/example_dag_decorator.py
[2022-02-20 23:41:40,546] {processor.py:642} INFO - Processing file /home/airflow/.local/lib/python3.7/site-packages/airflow/example_dags/example_dag_decorator.py for tasks to queue
[2022-02-20 23:41:40,549] {logging_mixin.py:109} INFO - [2022-02-20 23:41:40,549] {dagbag.py:500} INFO - Filling up the DagBag from /home/airflow/.local/lib/python3.7/site-packages/airflow/example_dags/example_dag_decorator.py
[2022-02-20 23:41:40,658] {processor.py:654} INFO - DAG(s) dict_keys(['example_dag_decorator']) retrieved from /home/airflow/.local/lib/python3.7/site-packages/airflow/example_dags/example_dag_decorator.py
[2022-02-20 23:41:41,767] {logging_mixin.py:109} INFO - [2022-02-20 23:41:41,767] {dag.py:2396} INFO - Sync 1 DAGs
[2022-02-20 23:41:41,819] {logging_mixin.py:109} INFO - [2022-02-20 23:41:41,819] {dag.py:2935} INFO - Setting next_dagrun for example_dag_decorator to None
[2022-02-20 23:41:41,856] {processor.py:171} INFO - Processing /home/airflow/.local/lib/python3.7/site-packages/airflow/example_dags/example_dag_decorator.py took 1.322 seconds
[2022-02-20 23:42:12,015] {processor.py:163} INFO - Started process (PID=4895) to work on /home/airflow/.local/lib/python3.7/site-packages/airflow/example_dags/example_dag_decorator.py
[2022-02-20 23:42:12,019] {processor.py:642} INFO - Processing file /home/airflow/.local/lib/python3.7/site-packages/airflow/example_dags/example_dag_decorator.py for tasks to queue
[2022-02-20 23:42:12,021] {logging_mixin.py:109} INFO - [2022-02-20 23:42:12,021] {dagbag.py:500} INFO - Filling up the DagBag from /home/airflow/.local/lib/python3.7/site-packages/airflow/example_dags/example_dag_decorator.py
[2022-02-20 23:42:12,107] {processor.py:654} INFO - DAG(s) dict_keys(['example_dag_decorator']) retrieved from /home/airflow/.local/lib/python3.7/site-packages/airflow/example_dags/example_dag_decorator.py
[2022-02-20 23:42:12,976] {logging_mixin.py:109} INFO - [2022-02-20 23:42:12,976] {dag.py:2396} INFO - Sync 1 DAGs
[2022-02-20 23:42:13,023] {logging_mixin.py:109} INFO - [2022-02-20 23:42:13,022] {dag.py:2935} INFO - Setting next_dagrun for example_dag_decorator to None
[2022-02-20 23:42:13,055] {processor.py:171} INFO - Processing /home/airflow/.local/lib/python3.7/site-packages/airflow/example_dags/example_dag_decorator.py took 1.047 seconds
[2022-02-20 23:42:45,133] {processor.py:163} INFO - Started process (PID=5004) to work on /home/airflow/.local/lib/python3.7/site-packages/airflow/example_dags/example_dag_decorator.py
[2022-02-20 23:42:45,138] {processor.py:642} INFO - Processing file /home/airflow/.local/lib/python3.7/site-packages/airflow/example_dags/example_dag_decorator.py for tasks to queue
[2022-02-20 23:42:45,143] {logging_mixin.py:109} INFO - [2022-02-20 23:42:45,143] {dagbag.py:500} INFO - Filling up the DagBag from /home/airflow/.local/lib/python3.7/site-packages/airflow/example_dags/example_dag_decorator.py
[2022-02-20 23:42:45,275] {processor.py:654} INFO - DAG(s) dict_keys(['example_dag_decorator']) retrieved from /home/airflow/.local/lib/python3.7/site-packages/airflow/example_dags/example_dag_decorator.py
[2022-02-20 23:42:46,324] {logging_mixin.py:109} INFO - [2022-02-20 23:42:46,323] {dag.py:2396} INFO - Sync 1 DAGs
[2022-02-20 23:42:46,382] {logging_mixin.py:109} INFO - [2022-02-20 23:42:46,381] {dag.py:2935} INFO - Setting next_dagrun for example_dag_decorator to None
[2022-02-20 23:42:46,421] {processor.py:171} INFO - Processing /home/airflow/.local/lib/python3.7/site-packages/airflow/example_dags/example_dag_decorator.py took 1.295 seconds
[2022-02-20 23:43:16,614] {processor.py:163} INFO - Started process (PID=5105) to work on /home/airflow/.local/lib/python3.7/site-packages/airflow/example_dags/example_dag_decorator.py
[2022-02-20 23:43:16,619] {processor.py:642} INFO - Processing file /home/airflow/.local/lib/python3.7/site-packages/airflow/example_dags/example_dag_decorator.py for tasks to queue
[2022-02-20 23:43:16,622] {logging_mixin.py:109} INFO - [2022-02-20 23:43:16,622] {dagbag.py:500} INFO - Filling up the DagBag from /home/airflow/.local/lib/python3.7/site-packages/airflow/example_dags/example_dag_decorator.py
[2022-02-20 23:43:16,737] {processor.py:654} INFO - DAG(s) dict_keys(['example_dag_decorator']) retrieved from /home/airflow/.local/lib/python3.7/site-packages/airflow/example_dags/example_dag_decorator.py
[2022-02-20 23:43:17,855] {logging_mixin.py:109} INFO - [2022-02-20 23:43:17,855] {dag.py:2396} INFO - Sync 1 DAGs
[2022-02-20 23:43:17,915] {logging_mixin.py:109} INFO - [2022-02-20 23:43:17,914] {dag.py:2935} INFO - Setting next_dagrun for example_dag_decorator to None
[2022-02-20 23:43:17,952] {processor.py:171} INFO - Processing /home/airflow/.local/lib/python3.7/site-packages/airflow/example_dags/example_dag_decorator.py took 1.346 seconds
[2022-02-20 23:43:49,040] {processor.py:163} INFO - Started process (PID=5190) to work on /home/airflow/.local/lib/python3.7/site-packages/airflow/example_dags/example_dag_decorator.py
[2022-02-20 23:43:49,048] {processor.py:642} INFO - Processing file /home/airflow/.local/lib/python3.7/site-packages/airflow/example_dags/example_dag_decorator.py for tasks to queue
[2022-02-20 23:43:49,061] {logging_mixin.py:109} INFO - [2022-02-20 23:43:49,060] {dagbag.py:500} INFO - Filling up the DagBag from /home/airflow/.local/lib/python3.7/site-packages/airflow/example_dags/example_dag_decorator.py
[2022-02-20 23:43:49,273] {processor.py:654} INFO - DAG(s) dict_keys(['example_dag_decorator']) retrieved from /home/airflow/.local/lib/python3.7/site-packages/airflow/example_dags/example_dag_decorator.py
[2022-02-20 23:43:50,468] {logging_mixin.py:109} INFO - [2022-02-20 23:43:50,468] {dag.py:2396} INFO - Sync 1 DAGs
[2022-02-20 23:43:50,522] {logging_mixin.py:109} INFO - [2022-02-20 23:43:50,522] {dag.py:2935} INFO - Setting next_dagrun for example_dag_decorator to None
[2022-02-20 23:43:50,560] {processor.py:171} INFO - Processing /home/airflow/.local/lib/python3.7/site-packages/airflow/example_dags/example_dag_decorator.py took 1.540 seconds
[2022-02-20 23:44:21,637] {processor.py:163} INFO - Started process (PID=5295) to work on /home/airflow/.local/lib/python3.7/site-packages/airflow/example_dags/example_dag_decorator.py
[2022-02-20 23:44:21,642] {processor.py:642} INFO - Processing file /home/airflow/.local/lib/python3.7/site-packages/airflow/example_dags/example_dag_decorator.py for tasks to queue
[2022-02-20 23:44:21,645] {logging_mixin.py:109} INFO - [2022-02-20 23:44:21,645] {dagbag.py:500} INFO - Filling up the DagBag from /home/airflow/.local/lib/python3.7/site-packages/airflow/example_dags/example_dag_decorator.py
[2022-02-20 23:44:21,848] {processor.py:654} INFO - DAG(s) dict_keys(['example_dag_decorator']) retrieved from /home/airflow/.local/lib/python3.7/site-packages/airflow/example_dags/example_dag_decorator.py
[2022-02-20 23:44:23,129] {logging_mixin.py:109} INFO - [2022-02-20 23:44:23,128] {dag.py:2396} INFO - Sync 1 DAGs
[2022-02-20 23:44:23,191] {logging_mixin.py:109} INFO - [2022-02-20 23:44:23,190] {dag.py:2935} INFO - Setting next_dagrun for example_dag_decorator to None
[2022-02-20 23:44:23,236] {processor.py:171} INFO - Processing /home/airflow/.local/lib/python3.7/site-packages/airflow/example_dags/example_dag_decorator.py took 1.618 seconds
[2022-02-20 23:44:54,276] {processor.py:163} INFO - Started process (PID=5399) to work on /home/airflow/.local/lib/python3.7/site-packages/airflow/example_dags/example_dag_decorator.py
[2022-02-20 23:44:54,281] {processor.py:642} INFO - Processing file /home/airflow/.local/lib/python3.7/site-packages/airflow/example_dags/example_dag_decorator.py for tasks to queue
[2022-02-20 23:44:54,284] {logging_mixin.py:109} INFO - [2022-02-20 23:44:54,283] {dagbag.py:500} INFO - Filling up the DagBag from /home/airflow/.local/lib/python3.7/site-packages/airflow/example_dags/example_dag_decorator.py
[2022-02-20 23:44:54,400] {processor.py:654} INFO - DAG(s) dict_keys(['example_dag_decorator']) retrieved from /home/airflow/.local/lib/python3.7/site-packages/airflow/example_dags/example_dag_decorator.py
[2022-02-20 23:44:55,501] {logging_mixin.py:109} INFO - [2022-02-20 23:44:55,500] {dag.py:2396} INFO - Sync 1 DAGs
[2022-02-20 23:44:55,558] {logging_mixin.py:109} INFO - [2022-02-20 23:44:55,557] {dag.py:2935} INFO - Setting next_dagrun for example_dag_decorator to None
[2022-02-20 23:44:55,595] {processor.py:171} INFO - Processing /home/airflow/.local/lib/python3.7/site-packages/airflow/example_dags/example_dag_decorator.py took 1.326 seconds
[2022-02-20 23:45:26,713] {processor.py:163} INFO - Started process (PID=5495) to work on /home/airflow/.local/lib/python3.7/site-packages/airflow/example_dags/example_dag_decorator.py
[2022-02-20 23:45:26,717] {processor.py:642} INFO - Processing file /home/airflow/.local/lib/python3.7/site-packages/airflow/example_dags/example_dag_decorator.py for tasks to queue
[2022-02-20 23:45:26,721] {logging_mixin.py:109} INFO - [2022-02-20 23:45:26,721] {dagbag.py:500} INFO - Filling up the DagBag from /home/airflow/.local/lib/python3.7/site-packages/airflow/example_dags/example_dag_decorator.py
[2022-02-20 23:45:26,834] {processor.py:654} INFO - DAG(s) dict_keys(['example_dag_decorator']) retrieved from /home/airflow/.local/lib/python3.7/site-packages/airflow/example_dags/example_dag_decorator.py
[2022-02-20 23:45:27,949] {logging_mixin.py:109} INFO - [2022-02-20 23:45:27,948] {dag.py:2396} INFO - Sync 1 DAGs
[2022-02-20 23:45:28,005] {logging_mixin.py:109} INFO - [2022-02-20 23:45:28,005] {dag.py:2935} INFO - Setting next_dagrun for example_dag_decorator to None
[2022-02-20 23:45:28,046] {processor.py:171} INFO - Processing /home/airflow/.local/lib/python3.7/site-packages/airflow/example_dags/example_dag_decorator.py took 1.341 seconds
[2022-02-20 23:45:58,532] {processor.py:163} INFO - Started process (PID=5606) to work on /home/airflow/.local/lib/python3.7/site-packages/airflow/example_dags/example_dag_decorator.py
[2022-02-20 23:45:58,537] {processor.py:642} INFO - Processing file /home/airflow/.local/lib/python3.7/site-packages/airflow/example_dags/example_dag_decorator.py for tasks to queue
[2022-02-20 23:45:58,540] {logging_mixin.py:109} INFO - [2022-02-20 23:45:58,540] {dagbag.py:500} INFO - Filling up the DagBag from /home/airflow/.local/lib/python3.7/site-packages/airflow/example_dags/example_dag_decorator.py
[2022-02-20 23:45:58,666] {processor.py:654} INFO - DAG(s) dict_keys(['example_dag_decorator']) retrieved from /home/airflow/.local/lib/python3.7/site-packages/airflow/example_dags/example_dag_decorator.py
[2022-02-20 23:45:59,869] {logging_mixin.py:109} INFO - [2022-02-20 23:45:59,868] {dag.py:2396} INFO - Sync 1 DAGs
[2022-02-20 23:45:59,942] {logging_mixin.py:109} INFO - [2022-02-20 23:45:59,942] {dag.py:2935} INFO - Setting next_dagrun for example_dag_decorator to None
[2022-02-20 23:45:59,978] {processor.py:171} INFO - Processing /home/airflow/.local/lib/python3.7/site-packages/airflow/example_dags/example_dag_decorator.py took 1.455 seconds
[2022-02-20 23:46:30,855] {processor.py:163} INFO - Started process (PID=5689) to work on /home/airflow/.local/lib/python3.7/site-packages/airflow/example_dags/example_dag_decorator.py
[2022-02-20 23:46:30,860] {processor.py:642} INFO - Processing file /home/airflow/.local/lib/python3.7/site-packages/airflow/example_dags/example_dag_decorator.py for tasks to queue
[2022-02-20 23:46:30,863] {logging_mixin.py:109} INFO - [2022-02-20 23:46:30,862] {dagbag.py:500} INFO - Filling up the DagBag from /home/airflow/.local/lib/python3.7/site-packages/airflow/example_dags/example_dag_decorator.py
[2022-02-20 23:46:30,969] {processor.py:654} INFO - DAG(s) dict_keys(['example_dag_decorator']) retrieved from /home/airflow/.local/lib/python3.7/site-packages/airflow/example_dags/example_dag_decorator.py
[2022-02-20 23:46:31,875] {logging_mixin.py:109} INFO - [2022-02-20 23:46:31,874] {dag.py:2396} INFO - Sync 1 DAGs
[2022-02-20 23:46:31,922] {logging_mixin.py:109} INFO - [2022-02-20 23:46:31,921] {dag.py:2935} INFO - Setting next_dagrun for example_dag_decorator to None
[2022-02-20 23:46:31,958] {processor.py:171} INFO - Processing /home/airflow/.local/lib/python3.7/site-packages/airflow/example_dags/example_dag_decorator.py took 1.110 seconds
[2022-02-20 23:47:02,648] {processor.py:163} INFO - Started process (PID=5787) to work on /home/airflow/.local/lib/python3.7/site-packages/airflow/example_dags/example_dag_decorator.py
[2022-02-20 23:47:02,653] {processor.py:642} INFO - Processing file /home/airflow/.local/lib/python3.7/site-packages/airflow/example_dags/example_dag_decorator.py for tasks to queue
[2022-02-20 23:47:02,656] {logging_mixin.py:109} INFO - [2022-02-20 23:47:02,655] {dagbag.py:500} INFO - Filling up the DagBag from /home/airflow/.local/lib/python3.7/site-packages/airflow/example_dags/example_dag_decorator.py
[2022-02-20 23:47:02,758] {processor.py:654} INFO - DAG(s) dict_keys(['example_dag_decorator']) retrieved from /home/airflow/.local/lib/python3.7/site-packages/airflow/example_dags/example_dag_decorator.py
[2022-02-20 23:47:02,798] {logging_mixin.py:109} INFO - [2022-02-20 23:47:02,797] {dag.py:2396} INFO - Sync 1 DAGs
[2022-02-20 23:47:02,851] {logging_mixin.py:109} INFO - [2022-02-20 23:47:02,850] {dag.py:2935} INFO - Setting next_dagrun for example_dag_decorator to None
[2022-02-20 23:47:02,879] {processor.py:171} INFO - Processing /home/airflow/.local/lib/python3.7/site-packages/airflow/example_dags/example_dag_decorator.py took 0.238 seconds
[2022-02-20 23:47:33,029] {processor.py:163} INFO - Started process (PID=5868) to work on /home/airflow/.local/lib/python3.7/site-packages/airflow/example_dags/example_dag_decorator.py
[2022-02-20 23:47:33,033] {processor.py:642} INFO - Processing file /home/airflow/.local/lib/python3.7/site-packages/airflow/example_dags/example_dag_decorator.py for tasks to queue
[2022-02-20 23:47:33,036] {logging_mixin.py:109} INFO - [2022-02-20 23:47:33,036] {dagbag.py:500} INFO - Filling up the DagBag from /home/airflow/.local/lib/python3.7/site-packages/airflow/example_dags/example_dag_decorator.py
[2022-02-20 23:47:33,137] {processor.py:654} INFO - DAG(s) dict_keys(['example_dag_decorator']) retrieved from /home/airflow/.local/lib/python3.7/site-packages/airflow/example_dags/example_dag_decorator.py
[2022-02-20 23:47:33,173] {logging_mixin.py:109} INFO - [2022-02-20 23:47:33,173] {dag.py:2396} INFO - Sync 1 DAGs
[2022-02-20 23:47:33,218] {logging_mixin.py:109} INFO - [2022-02-20 23:47:33,218] {dag.py:2935} INFO - Setting next_dagrun for example_dag_decorator to None
[2022-02-20 23:47:33,240] {processor.py:171} INFO - Processing /home/airflow/.local/lib/python3.7/site-packages/airflow/example_dags/example_dag_decorator.py took 0.219 seconds
[2022-02-20 23:48:03,467] {processor.py:163} INFO - Started process (PID=5965) to work on /home/airflow/.local/lib/python3.7/site-packages/airflow/example_dags/example_dag_decorator.py
[2022-02-20 23:48:03,472] {processor.py:642} INFO - Processing file /home/airflow/.local/lib/python3.7/site-packages/airflow/example_dags/example_dag_decorator.py for tasks to queue
[2022-02-20 23:48:03,474] {logging_mixin.py:109} INFO - [2022-02-20 23:48:03,474] {dagbag.py:500} INFO - Filling up the DagBag from /home/airflow/.local/lib/python3.7/site-packages/airflow/example_dags/example_dag_decorator.py
[2022-02-20 23:48:03,583] {processor.py:654} INFO - DAG(s) dict_keys(['example_dag_decorator']) retrieved from /home/airflow/.local/lib/python3.7/site-packages/airflow/example_dags/example_dag_decorator.py
[2022-02-20 23:48:04,633] {logging_mixin.py:109} INFO - [2022-02-20 23:48:04,632] {dag.py:2396} INFO - Sync 1 DAGs
[2022-02-20 23:48:04,708] {logging_mixin.py:109} INFO - [2022-02-20 23:48:04,708] {dag.py:2935} INFO - Setting next_dagrun for example_dag_decorator to None
[2022-02-20 23:48:04,751] {processor.py:171} INFO - Processing /home/airflow/.local/lib/python3.7/site-packages/airflow/example_dags/example_dag_decorator.py took 1.293 seconds
[2022-02-20 23:48:35,426] {processor.py:163} INFO - Started process (PID=6056) to work on /home/airflow/.local/lib/python3.7/site-packages/airflow/example_dags/example_dag_decorator.py
[2022-02-20 23:48:35,430] {processor.py:642} INFO - Processing file /home/airflow/.local/lib/python3.7/site-packages/airflow/example_dags/example_dag_decorator.py for tasks to queue
[2022-02-20 23:48:35,433] {logging_mixin.py:109} INFO - [2022-02-20 23:48:35,432] {dagbag.py:500} INFO - Filling up the DagBag from /home/airflow/.local/lib/python3.7/site-packages/airflow/example_dags/example_dag_decorator.py
[2022-02-20 23:48:35,546] {processor.py:654} INFO - DAG(s) dict_keys(['example_dag_decorator']) retrieved from /home/airflow/.local/lib/python3.7/site-packages/airflow/example_dags/example_dag_decorator.py
[2022-02-20 23:48:36,640] {logging_mixin.py:109} INFO - [2022-02-20 23:48:36,640] {dag.py:2396} INFO - Sync 1 DAGs
[2022-02-20 23:48:36,702] {logging_mixin.py:109} INFO - [2022-02-20 23:48:36,701] {dag.py:2935} INFO - Setting next_dagrun for example_dag_decorator to None
[2022-02-20 23:48:36,743] {processor.py:171} INFO - Processing /home/airflow/.local/lib/python3.7/site-packages/airflow/example_dags/example_dag_decorator.py took 1.326 seconds
[2022-02-20 23:49:07,065] {processor.py:163} INFO - Started process (PID=6143) to work on /home/airflow/.local/lib/python3.7/site-packages/airflow/example_dags/example_dag_decorator.py
[2022-02-20 23:49:07,071] {processor.py:642} INFO - Processing file /home/airflow/.local/lib/python3.7/site-packages/airflow/example_dags/example_dag_decorator.py for tasks to queue
[2022-02-20 23:49:07,075] {logging_mixin.py:109} INFO - [2022-02-20 23:49:07,074] {dagbag.py:500} INFO - Filling up the DagBag from /home/airflow/.local/lib/python3.7/site-packages/airflow/example_dags/example_dag_decorator.py
[2022-02-20 23:49:07,203] {processor.py:654} INFO - DAG(s) dict_keys(['example_dag_decorator']) retrieved from /home/airflow/.local/lib/python3.7/site-packages/airflow/example_dags/example_dag_decorator.py
[2022-02-20 23:49:08,707] {logging_mixin.py:109} INFO - [2022-02-20 23:49:08,707] {dag.py:2396} INFO - Sync 1 DAGs
[2022-02-20 23:49:08,828] {logging_mixin.py:109} INFO - [2022-02-20 23:49:08,828] {dag.py:2935} INFO - Setting next_dagrun for example_dag_decorator to None
[2022-02-20 23:49:08,873] {processor.py:171} INFO - Processing /home/airflow/.local/lib/python3.7/site-packages/airflow/example_dags/example_dag_decorator.py took 1.818 seconds
[2022-02-20 23:49:39,599] {processor.py:163} INFO - Started process (PID=6242) to work on /home/airflow/.local/lib/python3.7/site-packages/airflow/example_dags/example_dag_decorator.py
[2022-02-20 23:49:39,603] {processor.py:642} INFO - Processing file /home/airflow/.local/lib/python3.7/site-packages/airflow/example_dags/example_dag_decorator.py for tasks to queue
[2022-02-20 23:49:39,606] {logging_mixin.py:109} INFO - [2022-02-20 23:49:39,606] {dagbag.py:500} INFO - Filling up the DagBag from /home/airflow/.local/lib/python3.7/site-packages/airflow/example_dags/example_dag_decorator.py
[2022-02-20 23:49:39,736] {processor.py:654} INFO - DAG(s) dict_keys(['example_dag_decorator']) retrieved from /home/airflow/.local/lib/python3.7/site-packages/airflow/example_dags/example_dag_decorator.py
[2022-02-20 23:49:41,118] {logging_mixin.py:109} INFO - [2022-02-20 23:49:41,118] {dag.py:2396} INFO - Sync 1 DAGs
[2022-02-20 23:49:41,176] {logging_mixin.py:109} INFO - [2022-02-20 23:49:41,175] {dag.py:2935} INFO - Setting next_dagrun for example_dag_decorator to None
[2022-02-20 23:49:41,214] {processor.py:171} INFO - Processing /home/airflow/.local/lib/python3.7/site-packages/airflow/example_dags/example_dag_decorator.py took 1.627 seconds
[2022-02-20 23:50:11,429] {processor.py:163} INFO - Started process (PID=6322) to work on /home/airflow/.local/lib/python3.7/site-packages/airflow/example_dags/example_dag_decorator.py
[2022-02-20 23:50:11,436] {processor.py:642} INFO - Processing file /home/airflow/.local/lib/python3.7/site-packages/airflow/example_dags/example_dag_decorator.py for tasks to queue
[2022-02-20 23:50:11,439] {logging_mixin.py:109} INFO - [2022-02-20 23:50:11,438] {dagbag.py:500} INFO - Filling up the DagBag from /home/airflow/.local/lib/python3.7/site-packages/airflow/example_dags/example_dag_decorator.py
[2022-02-20 23:50:11,555] {processor.py:654} INFO - DAG(s) dict_keys(['example_dag_decorator']) retrieved from /home/airflow/.local/lib/python3.7/site-packages/airflow/example_dags/example_dag_decorator.py
[2022-02-20 23:50:12,362] {logging_mixin.py:109} INFO - [2022-02-20 23:50:12,362] {dag.py:2396} INFO - Sync 1 DAGs
[2022-02-20 23:50:12,425] {logging_mixin.py:109} INFO - [2022-02-20 23:50:12,424] {dag.py:2935} INFO - Setting next_dagrun for example_dag_decorator to None
[2022-02-20 23:50:12,464] {processor.py:171} INFO - Processing /home/airflow/.local/lib/python3.7/site-packages/airflow/example_dags/example_dag_decorator.py took 1.042 seconds
[2022-02-20 23:50:42,861] {processor.py:163} INFO - Started process (PID=6420) to work on /home/airflow/.local/lib/python3.7/site-packages/airflow/example_dags/example_dag_decorator.py
[2022-02-20 23:50:42,881] {processor.py:642} INFO - Processing file /home/airflow/.local/lib/python3.7/site-packages/airflow/example_dags/example_dag_decorator.py for tasks to queue
[2022-02-20 23:50:42,885] {logging_mixin.py:109} INFO - [2022-02-20 23:50:42,885] {dagbag.py:500} INFO - Filling up the DagBag from /home/airflow/.local/lib/python3.7/site-packages/airflow/example_dags/example_dag_decorator.py
[2022-02-20 23:50:43,029] {processor.py:654} INFO - DAG(s) dict_keys(['example_dag_decorator']) retrieved from /home/airflow/.local/lib/python3.7/site-packages/airflow/example_dags/example_dag_decorator.py
[2022-02-20 23:50:44,242] {logging_mixin.py:109} INFO - [2022-02-20 23:50:44,241] {dag.py:2396} INFO - Sync 1 DAGs
[2022-02-20 23:50:44,346] {logging_mixin.py:109} INFO - [2022-02-20 23:50:44,345] {dag.py:2935} INFO - Setting next_dagrun for example_dag_decorator to None
[2022-02-20 23:50:44,440] {processor.py:171} INFO - Processing /home/airflow/.local/lib/python3.7/site-packages/airflow/example_dags/example_dag_decorator.py took 1.593 seconds
[2022-02-20 23:51:14,713] {processor.py:163} INFO - Started process (PID=6516) to work on /home/airflow/.local/lib/python3.7/site-packages/airflow/example_dags/example_dag_decorator.py
[2022-02-20 23:51:14,721] {processor.py:642} INFO - Processing file /home/airflow/.local/lib/python3.7/site-packages/airflow/example_dags/example_dag_decorator.py for tasks to queue
[2022-02-20 23:51:14,725] {logging_mixin.py:109} INFO - [2022-02-20 23:51:14,724] {dagbag.py:500} INFO - Filling up the DagBag from /home/airflow/.local/lib/python3.7/site-packages/airflow/example_dags/example_dag_decorator.py
[2022-02-20 23:51:14,868] {processor.py:654} INFO - DAG(s) dict_keys(['example_dag_decorator']) retrieved from /home/airflow/.local/lib/python3.7/site-packages/airflow/example_dags/example_dag_decorator.py
[2022-02-20 23:51:16,125] {logging_mixin.py:109} INFO - [2022-02-20 23:51:16,124] {dag.py:2396} INFO - Sync 1 DAGs
[2022-02-20 23:51:16,187] {logging_mixin.py:109} INFO - [2022-02-20 23:51:16,187] {dag.py:2935} INFO - Setting next_dagrun for example_dag_decorator to None
[2022-02-20 23:51:16,230] {processor.py:171} INFO - Processing /home/airflow/.local/lib/python3.7/site-packages/airflow/example_dags/example_dag_decorator.py took 1.528 seconds
[2022-02-20 23:51:46,416] {processor.py:163} INFO - Started process (PID=6603) to work on /home/airflow/.local/lib/python3.7/site-packages/airflow/example_dags/example_dag_decorator.py
[2022-02-20 23:51:46,421] {processor.py:642} INFO - Processing file /home/airflow/.local/lib/python3.7/site-packages/airflow/example_dags/example_dag_decorator.py for tasks to queue
[2022-02-20 23:51:46,425] {logging_mixin.py:109} INFO - [2022-02-20 23:51:46,425] {dagbag.py:500} INFO - Filling up the DagBag from /home/airflow/.local/lib/python3.7/site-packages/airflow/example_dags/example_dag_decorator.py
[2022-02-20 23:51:46,542] {processor.py:654} INFO - DAG(s) dict_keys(['example_dag_decorator']) retrieved from /home/airflow/.local/lib/python3.7/site-packages/airflow/example_dags/example_dag_decorator.py
[2022-02-20 23:51:47,586] {logging_mixin.py:109} INFO - [2022-02-20 23:51:47,586] {dag.py:2396} INFO - Sync 1 DAGs
[2022-02-20 23:51:47,652] {logging_mixin.py:109} INFO - [2022-02-20 23:51:47,652] {dag.py:2935} INFO - Setting next_dagrun for example_dag_decorator to None
[2022-02-20 23:51:47,710] {processor.py:171} INFO - Processing /home/airflow/.local/lib/python3.7/site-packages/airflow/example_dags/example_dag_decorator.py took 1.302 seconds
[2022-02-20 23:52:17,972] {processor.py:163} INFO - Started process (PID=6705) to work on /home/airflow/.local/lib/python3.7/site-packages/airflow/example_dags/example_dag_decorator.py
[2022-02-20 23:52:17,979] {processor.py:642} INFO - Processing file /home/airflow/.local/lib/python3.7/site-packages/airflow/example_dags/example_dag_decorator.py for tasks to queue
[2022-02-20 23:52:17,983] {logging_mixin.py:109} INFO - [2022-02-20 23:52:17,982] {dagbag.py:500} INFO - Filling up the DagBag from /home/airflow/.local/lib/python3.7/site-packages/airflow/example_dags/example_dag_decorator.py
[2022-02-20 23:52:18,100] {processor.py:654} INFO - DAG(s) dict_keys(['example_dag_decorator']) retrieved from /home/airflow/.local/lib/python3.7/site-packages/airflow/example_dags/example_dag_decorator.py
[2022-02-20 23:52:19,110] {logging_mixin.py:109} INFO - [2022-02-20 23:52:19,109] {dag.py:2396} INFO - Sync 1 DAGs
[2022-02-20 23:52:19,174] {logging_mixin.py:109} INFO - [2022-02-20 23:52:19,174] {dag.py:2935} INFO - Setting next_dagrun for example_dag_decorator to None
[2022-02-20 23:52:19,211] {processor.py:171} INFO - Processing /home/airflow/.local/lib/python3.7/site-packages/airflow/example_dags/example_dag_decorator.py took 1.247 seconds
[2022-02-20 23:52:49,430] {processor.py:163} INFO - Started process (PID=6785) to work on /home/airflow/.local/lib/python3.7/site-packages/airflow/example_dags/example_dag_decorator.py
[2022-02-20 23:52:49,437] {processor.py:642} INFO - Processing file /home/airflow/.local/lib/python3.7/site-packages/airflow/example_dags/example_dag_decorator.py for tasks to queue
[2022-02-20 23:52:49,442] {logging_mixin.py:109} INFO - [2022-02-20 23:52:49,441] {dagbag.py:500} INFO - Filling up the DagBag from /home/airflow/.local/lib/python3.7/site-packages/airflow/example_dags/example_dag_decorator.py
[2022-02-20 23:52:49,537] {processor.py:654} INFO - DAG(s) dict_keys(['example_dag_decorator']) retrieved from /home/airflow/.local/lib/python3.7/site-packages/airflow/example_dags/example_dag_decorator.py
[2022-02-20 23:52:50,428] {logging_mixin.py:109} INFO - [2022-02-20 23:52:50,427] {dag.py:2396} INFO - Sync 1 DAGs
[2022-02-20 23:52:50,480] {logging_mixin.py:109} INFO - [2022-02-20 23:52:50,479] {dag.py:2935} INFO - Setting next_dagrun for example_dag_decorator to None
[2022-02-20 23:52:50,512] {processor.py:171} INFO - Processing /home/airflow/.local/lib/python3.7/site-packages/airflow/example_dags/example_dag_decorator.py took 1.090 seconds
[2022-02-20 23:53:20,984] {processor.py:163} INFO - Started process (PID=6891) to work on /home/airflow/.local/lib/python3.7/site-packages/airflow/example_dags/example_dag_decorator.py
[2022-02-20 23:53:20,989] {processor.py:642} INFO - Processing file /home/airflow/.local/lib/python3.7/site-packages/airflow/example_dags/example_dag_decorator.py for tasks to queue
[2022-02-20 23:53:20,992] {logging_mixin.py:109} INFO - [2022-02-20 23:53:20,992] {dagbag.py:500} INFO - Filling up the DagBag from /home/airflow/.local/lib/python3.7/site-packages/airflow/example_dags/example_dag_decorator.py
[2022-02-20 23:53:21,101] {processor.py:654} INFO - DAG(s) dict_keys(['example_dag_decorator']) retrieved from /home/airflow/.local/lib/python3.7/site-packages/airflow/example_dags/example_dag_decorator.py
[2022-02-20 23:53:22,132] {logging_mixin.py:109} INFO - [2022-02-20 23:53:22,132] {dag.py:2396} INFO - Sync 1 DAGs
[2022-02-20 23:53:22,201] {logging_mixin.py:109} INFO - [2022-02-20 23:53:22,200] {dag.py:2935} INFO - Setting next_dagrun for example_dag_decorator to None
[2022-02-20 23:53:22,258] {processor.py:171} INFO - Processing /home/airflow/.local/lib/python3.7/site-packages/airflow/example_dags/example_dag_decorator.py took 1.282 seconds
[2022-02-20 23:53:52,464] {processor.py:163} INFO - Started process (PID=6974) to work on /home/airflow/.local/lib/python3.7/site-packages/airflow/example_dags/example_dag_decorator.py
[2022-02-20 23:53:52,469] {processor.py:642} INFO - Processing file /home/airflow/.local/lib/python3.7/site-packages/airflow/example_dags/example_dag_decorator.py for tasks to queue
[2022-02-20 23:53:52,472] {logging_mixin.py:109} INFO - [2022-02-20 23:53:52,471] {dagbag.py:500} INFO - Filling up the DagBag from /home/airflow/.local/lib/python3.7/site-packages/airflow/example_dags/example_dag_decorator.py
[2022-02-20 23:53:52,561] {processor.py:654} INFO - DAG(s) dict_keys(['example_dag_decorator']) retrieved from /home/airflow/.local/lib/python3.7/site-packages/airflow/example_dags/example_dag_decorator.py
[2022-02-20 23:53:53,362] {logging_mixin.py:109} INFO - [2022-02-20 23:53:53,362] {dag.py:2396} INFO - Sync 1 DAGs
[2022-02-20 23:53:53,403] {logging_mixin.py:109} INFO - [2022-02-20 23:53:53,403] {dag.py:2935} INFO - Setting next_dagrun for example_dag_decorator to None
[2022-02-20 23:53:53,431] {processor.py:171} INFO - Processing /home/airflow/.local/lib/python3.7/site-packages/airflow/example_dags/example_dag_decorator.py took 0.974 seconds
[2022-02-20 23:54:23,725] {processor.py:163} INFO - Started process (PID=7078) to work on /home/airflow/.local/lib/python3.7/site-packages/airflow/example_dags/example_dag_decorator.py
[2022-02-20 23:54:23,730] {processor.py:642} INFO - Processing file /home/airflow/.local/lib/python3.7/site-packages/airflow/example_dags/example_dag_decorator.py for tasks to queue
[2022-02-20 23:54:23,733] {logging_mixin.py:109} INFO - [2022-02-20 23:54:23,733] {dagbag.py:500} INFO - Filling up the DagBag from /home/airflow/.local/lib/python3.7/site-packages/airflow/example_dags/example_dag_decorator.py
[2022-02-20 23:54:23,839] {processor.py:654} INFO - DAG(s) dict_keys(['example_dag_decorator']) retrieved from /home/airflow/.local/lib/python3.7/site-packages/airflow/example_dags/example_dag_decorator.py
[2022-02-20 23:54:24,890] {logging_mixin.py:109} INFO - [2022-02-20 23:54:24,889] {dag.py:2396} INFO - Sync 1 DAGs
[2022-02-20 23:54:24,962] {logging_mixin.py:109} INFO - [2022-02-20 23:54:24,962] {dag.py:2935} INFO - Setting next_dagrun for example_dag_decorator to None
[2022-02-20 23:54:25,002] {processor.py:171} INFO - Processing /home/airflow/.local/lib/python3.7/site-packages/airflow/example_dags/example_dag_decorator.py took 1.284 seconds
[2022-02-20 23:54:55,360] {processor.py:163} INFO - Started process (PID=7171) to work on /home/airflow/.local/lib/python3.7/site-packages/airflow/example_dags/example_dag_decorator.py
[2022-02-20 23:54:55,365] {processor.py:642} INFO - Processing file /home/airflow/.local/lib/python3.7/site-packages/airflow/example_dags/example_dag_decorator.py for tasks to queue
[2022-02-20 23:54:55,368] {logging_mixin.py:109} INFO - [2022-02-20 23:54:55,368] {dagbag.py:500} INFO - Filling up the DagBag from /home/airflow/.local/lib/python3.7/site-packages/airflow/example_dags/example_dag_decorator.py
[2022-02-20 23:54:55,472] {processor.py:654} INFO - DAG(s) dict_keys(['example_dag_decorator']) retrieved from /home/airflow/.local/lib/python3.7/site-packages/airflow/example_dags/example_dag_decorator.py
[2022-02-20 23:54:56,505] {logging_mixin.py:109} INFO - [2022-02-20 23:54:56,505] {dag.py:2396} INFO - Sync 1 DAGs
[2022-02-20 23:54:56,562] {logging_mixin.py:109} INFO - [2022-02-20 23:54:56,562] {dag.py:2935} INFO - Setting next_dagrun for example_dag_decorator to None
[2022-02-20 23:54:56,600] {processor.py:171} INFO - Processing /home/airflow/.local/lib/python3.7/site-packages/airflow/example_dags/example_dag_decorator.py took 1.248 seconds
[2022-02-20 23:55:26,813] {processor.py:163} INFO - Started process (PID=7256) to work on /home/airflow/.local/lib/python3.7/site-packages/airflow/example_dags/example_dag_decorator.py
[2022-02-20 23:55:26,817] {processor.py:642} INFO - Processing file /home/airflow/.local/lib/python3.7/site-packages/airflow/example_dags/example_dag_decorator.py for tasks to queue
[2022-02-20 23:55:26,820] {logging_mixin.py:109} INFO - [2022-02-20 23:55:26,820] {dagbag.py:500} INFO - Filling up the DagBag from /home/airflow/.local/lib/python3.7/site-packages/airflow/example_dags/example_dag_decorator.py
[2022-02-20 23:55:26,928] {processor.py:654} INFO - DAG(s) dict_keys(['example_dag_decorator']) retrieved from /home/airflow/.local/lib/python3.7/site-packages/airflow/example_dags/example_dag_decorator.py
[2022-02-20 23:55:27,980] {logging_mixin.py:109} INFO - [2022-02-20 23:55:27,980] {dag.py:2396} INFO - Sync 1 DAGs
[2022-02-20 23:55:28,008] {logging_mixin.py:109} INFO - [2022-02-20 23:55:28,007] {dag.py:2415} INFO - Creating ORM DAG for example_dag_decorator
[2022-02-20 23:55:28,038] {logging_mixin.py:109} INFO - [2022-02-20 23:55:28,037] {dag.py:2935} INFO - Setting next_dagrun for example_dag_decorator to None
[2022-02-20 23:55:28,087] {processor.py:171} INFO - Processing /home/airflow/.local/lib/python3.7/site-packages/airflow/example_dags/example_dag_decorator.py took 1.282 seconds
[2022-02-20 23:55:58,217] {processor.py:163} INFO - Started process (PID=7354) to work on /home/airflow/.local/lib/python3.7/site-packages/airflow/example_dags/example_dag_decorator.py
[2022-02-20 23:55:58,222] {processor.py:642} INFO - Processing file /home/airflow/.local/lib/python3.7/site-packages/airflow/example_dags/example_dag_decorator.py for tasks to queue
[2022-02-20 23:55:58,226] {logging_mixin.py:109} INFO - [2022-02-20 23:55:58,226] {dagbag.py:500} INFO - Filling up the DagBag from /home/airflow/.local/lib/python3.7/site-packages/airflow/example_dags/example_dag_decorator.py
[2022-02-20 23:55:58,338] {processor.py:654} INFO - DAG(s) dict_keys(['example_dag_decorator']) retrieved from /home/airflow/.local/lib/python3.7/site-packages/airflow/example_dags/example_dag_decorator.py
[2022-02-20 23:55:59,335] {logging_mixin.py:109} INFO - [2022-02-20 23:55:59,335] {dag.py:2396} INFO - Sync 1 DAGs
[2022-02-20 23:55:59,388] {logging_mixin.py:109} INFO - [2022-02-20 23:55:59,388] {dag.py:2935} INFO - Setting next_dagrun for example_dag_decorator to None
[2022-02-20 23:55:59,424] {processor.py:171} INFO - Processing /home/airflow/.local/lib/python3.7/site-packages/airflow/example_dags/example_dag_decorator.py took 1.215 seconds
