[2022-02-20 23:16:36,184] {processor.py:163} INFO - Started process (PID=479) to work on /home/airflow/.local/lib/python3.7/site-packages/airflow/example_dags/example_branch_operator.py
[2022-02-20 23:16:36,189] {processor.py:642} INFO - Processing file /home/airflow/.local/lib/python3.7/site-packages/airflow/example_dags/example_branch_operator.py for tasks to queue
[2022-02-20 23:16:36,193] {logging_mixin.py:109} INFO - [2022-02-20 23:16:36,193] {dagbag.py:500} INFO - Filling up the DagBag from /home/airflow/.local/lib/python3.7/site-packages/airflow/example_dags/example_branch_operator.py
[2022-02-20 23:16:36,305] {processor.py:654} INFO - DAG(s) dict_keys(['example_branch_operator']) retrieved from /home/airflow/.local/lib/python3.7/site-packages/airflow/example_dags/example_branch_operator.py
[2022-02-20 23:16:47,309] {logging_mixin.py:109} INFO - [2022-02-20 23:16:47,309] {manager.py:496} INFO - Created Permission View: can read on DAG:example_branch_operator
[2022-02-20 23:16:47,359] {logging_mixin.py:109} INFO - [2022-02-20 23:16:47,359] {manager.py:496} INFO - Created Permission View: can edit on DAG:example_branch_operator
[2022-02-20 23:16:47,363] {logging_mixin.py:109} INFO - [2022-02-20 23:16:47,361] {dag.py:2396} INFO - Sync 1 DAGs
[2022-02-20 23:16:47,401] {logging_mixin.py:109} INFO - [2022-02-20 23:16:47,399] {dag.py:2415} INFO - Creating ORM DAG for example_branch_operator
[2022-02-20 23:16:47,476] {logging_mixin.py:109} INFO - [2022-02-20 23:16:47,475] {dag.py:2935} INFO - Setting next_dagrun for example_branch_operator to 2022-02-19 00:00:00+00:00
[2022-02-20 23:16:47,546] {processor.py:171} INFO - Processing /home/airflow/.local/lib/python3.7/site-packages/airflow/example_dags/example_branch_operator.py took 11.370 seconds
[2022-02-20 23:17:50,840] {processor.py:163} INFO - Started process (PID=669) to work on /home/airflow/.local/lib/python3.7/site-packages/airflow/example_dags/example_branch_operator.py
[2022-02-20 23:17:50,844] {processor.py:642} INFO - Processing file /home/airflow/.local/lib/python3.7/site-packages/airflow/example_dags/example_branch_operator.py for tasks to queue
[2022-02-20 23:17:50,848] {logging_mixin.py:109} INFO - [2022-02-20 23:17:50,847] {dagbag.py:500} INFO - Filling up the DagBag from /home/airflow/.local/lib/python3.7/site-packages/airflow/example_dags/example_branch_operator.py
[2022-02-20 23:17:50,935] {processor.py:654} INFO - DAG(s) dict_keys(['example_branch_operator']) retrieved from /home/airflow/.local/lib/python3.7/site-packages/airflow/example_dags/example_branch_operator.py
[2022-02-20 23:17:50,984] {logging_mixin.py:109} INFO - [2022-02-20 23:17:50,984] {dag.py:2396} INFO - Sync 1 DAGs
[2022-02-20 23:17:51,051] {logging_mixin.py:109} INFO - [2022-02-20 23:17:51,050] {dag.py:2935} INFO - Setting next_dagrun for example_branch_operator to 2022-02-19 00:00:00+00:00
[2022-02-20 23:17:51,080] {processor.py:171} INFO - Processing /home/airflow/.local/lib/python3.7/site-packages/airflow/example_dags/example_branch_operator.py took 0.248 seconds
[2022-02-20 23:18:22,453] {processor.py:163} INFO - Started process (PID=767) to work on /home/airflow/.local/lib/python3.7/site-packages/airflow/example_dags/example_branch_operator.py
[2022-02-20 23:18:22,458] {processor.py:642} INFO - Processing file /home/airflow/.local/lib/python3.7/site-packages/airflow/example_dags/example_branch_operator.py for tasks to queue
[2022-02-20 23:18:22,461] {logging_mixin.py:109} INFO - [2022-02-20 23:18:22,460] {dagbag.py:500} INFO - Filling up the DagBag from /home/airflow/.local/lib/python3.7/site-packages/airflow/example_dags/example_branch_operator.py
[2022-02-20 23:18:22,564] {processor.py:654} INFO - DAG(s) dict_keys(['example_branch_operator']) retrieved from /home/airflow/.local/lib/python3.7/site-packages/airflow/example_dags/example_branch_operator.py
[2022-02-20 23:18:22,617] {logging_mixin.py:109} INFO - [2022-02-20 23:18:22,617] {dag.py:2396} INFO - Sync 1 DAGs
[2022-02-20 23:18:22,691] {logging_mixin.py:109} INFO - [2022-02-20 23:18:22,690] {dag.py:2935} INFO - Setting next_dagrun for example_branch_operator to 2022-02-19 00:00:00+00:00
[2022-02-20 23:18:22,721] {processor.py:171} INFO - Processing /home/airflow/.local/lib/python3.7/site-packages/airflow/example_dags/example_branch_operator.py took 0.277 seconds
[2022-02-20 23:18:54,388] {processor.py:163} INFO - Started process (PID=859) to work on /home/airflow/.local/lib/python3.7/site-packages/airflow/example_dags/example_branch_operator.py
[2022-02-20 23:18:54,399] {processor.py:642} INFO - Processing file /home/airflow/.local/lib/python3.7/site-packages/airflow/example_dags/example_branch_operator.py for tasks to queue
[2022-02-20 23:18:54,403] {logging_mixin.py:109} INFO - [2022-02-20 23:18:54,403] {dagbag.py:500} INFO - Filling up the DagBag from /home/airflow/.local/lib/python3.7/site-packages/airflow/example_dags/example_branch_operator.py
[2022-02-20 23:18:54,531] {processor.py:654} INFO - DAG(s) dict_keys(['example_branch_operator']) retrieved from /home/airflow/.local/lib/python3.7/site-packages/airflow/example_dags/example_branch_operator.py
[2022-02-20 23:18:54,600] {logging_mixin.py:109} INFO - [2022-02-20 23:18:54,599] {dag.py:2396} INFO - Sync 1 DAGs
[2022-02-20 23:18:54,678] {logging_mixin.py:109} INFO - [2022-02-20 23:18:54,677] {dag.py:2935} INFO - Setting next_dagrun for example_branch_operator to 2022-02-19 00:00:00+00:00
[2022-02-20 23:18:54,724] {processor.py:171} INFO - Processing /home/airflow/.local/lib/python3.7/site-packages/airflow/example_dags/example_branch_operator.py took 0.344 seconds
[2022-02-20 23:19:25,967] {processor.py:163} INFO - Started process (PID=946) to work on /home/airflow/.local/lib/python3.7/site-packages/airflow/example_dags/example_branch_operator.py
[2022-02-20 23:19:25,971] {processor.py:642} INFO - Processing file /home/airflow/.local/lib/python3.7/site-packages/airflow/example_dags/example_branch_operator.py for tasks to queue
[2022-02-20 23:19:25,974] {logging_mixin.py:109} INFO - [2022-02-20 23:19:25,974] {dagbag.py:500} INFO - Filling up the DagBag from /home/airflow/.local/lib/python3.7/site-packages/airflow/example_dags/example_branch_operator.py
[2022-02-20 23:19:26,069] {processor.py:654} INFO - DAG(s) dict_keys(['example_branch_operator']) retrieved from /home/airflow/.local/lib/python3.7/site-packages/airflow/example_dags/example_branch_operator.py
[2022-02-20 23:19:26,143] {logging_mixin.py:109} INFO - [2022-02-20 23:19:26,143] {dag.py:2396} INFO - Sync 1 DAGs
[2022-02-20 23:19:26,248] {logging_mixin.py:109} INFO - [2022-02-20 23:19:26,247] {dag.py:2935} INFO - Setting next_dagrun for example_branch_operator to 2022-02-19 00:00:00+00:00
[2022-02-20 23:19:26,285] {processor.py:171} INFO - Processing /home/airflow/.local/lib/python3.7/site-packages/airflow/example_dags/example_branch_operator.py took 0.326 seconds
[2022-02-20 23:19:57,556] {processor.py:163} INFO - Started process (PID=1043) to work on /home/airflow/.local/lib/python3.7/site-packages/airflow/example_dags/example_branch_operator.py
[2022-02-20 23:19:57,560] {processor.py:642} INFO - Processing file /home/airflow/.local/lib/python3.7/site-packages/airflow/example_dags/example_branch_operator.py for tasks to queue
[2022-02-20 23:19:57,563] {logging_mixin.py:109} INFO - [2022-02-20 23:19:57,563] {dagbag.py:500} INFO - Filling up the DagBag from /home/airflow/.local/lib/python3.7/site-packages/airflow/example_dags/example_branch_operator.py
[2022-02-20 23:19:57,666] {processor.py:654} INFO - DAG(s) dict_keys(['example_branch_operator']) retrieved from /home/airflow/.local/lib/python3.7/site-packages/airflow/example_dags/example_branch_operator.py
[2022-02-20 23:19:57,715] {logging_mixin.py:109} INFO - [2022-02-20 23:19:57,714] {dag.py:2396} INFO - Sync 1 DAGs
[2022-02-20 23:19:57,783] {logging_mixin.py:109} INFO - [2022-02-20 23:19:57,783] {dag.py:2935} INFO - Setting next_dagrun for example_branch_operator to 2022-02-19 00:00:00+00:00
[2022-02-20 23:19:57,813] {processor.py:171} INFO - Processing /home/airflow/.local/lib/python3.7/site-packages/airflow/example_dags/example_branch_operator.py took 0.266 seconds
[2022-02-20 23:20:29,866] {processor.py:163} INFO - Started process (PID=1123) to work on /home/airflow/.local/lib/python3.7/site-packages/airflow/example_dags/example_branch_operator.py
[2022-02-20 23:20:29,872] {processor.py:642} INFO - Processing file /home/airflow/.local/lib/python3.7/site-packages/airflow/example_dags/example_branch_operator.py for tasks to queue
[2022-02-20 23:20:29,875] {logging_mixin.py:109} INFO - [2022-02-20 23:20:29,875] {dagbag.py:500} INFO - Filling up the DagBag from /home/airflow/.local/lib/python3.7/site-packages/airflow/example_dags/example_branch_operator.py
[2022-02-20 23:20:29,971] {processor.py:654} INFO - DAG(s) dict_keys(['example_branch_operator']) retrieved from /home/airflow/.local/lib/python3.7/site-packages/airflow/example_dags/example_branch_operator.py
[2022-02-20 23:20:30,043] {logging_mixin.py:109} INFO - [2022-02-20 23:20:30,043] {dag.py:2396} INFO - Sync 1 DAGs
[2022-02-20 23:20:30,124] {logging_mixin.py:109} INFO - [2022-02-20 23:20:30,124] {dag.py:2935} INFO - Setting next_dagrun for example_branch_operator to 2022-02-19 00:00:00+00:00
[2022-02-20 23:20:30,155] {processor.py:171} INFO - Processing /home/airflow/.local/lib/python3.7/site-packages/airflow/example_dags/example_branch_operator.py took 0.297 seconds
[2022-02-20 23:21:02,064] {processor.py:163} INFO - Started process (PID=1221) to work on /home/airflow/.local/lib/python3.7/site-packages/airflow/example_dags/example_branch_operator.py
[2022-02-20 23:21:02,069] {processor.py:642} INFO - Processing file /home/airflow/.local/lib/python3.7/site-packages/airflow/example_dags/example_branch_operator.py for tasks to queue
[2022-02-20 23:21:02,073] {logging_mixin.py:109} INFO - [2022-02-20 23:21:02,072] {dagbag.py:500} INFO - Filling up the DagBag from /home/airflow/.local/lib/python3.7/site-packages/airflow/example_dags/example_branch_operator.py
[2022-02-20 23:21:02,206] {processor.py:654} INFO - DAG(s) dict_keys(['example_branch_operator']) retrieved from /home/airflow/.local/lib/python3.7/site-packages/airflow/example_dags/example_branch_operator.py
[2022-02-20 23:21:02,284] {logging_mixin.py:109} INFO - [2022-02-20 23:21:02,283] {dag.py:2396} INFO - Sync 1 DAGs
[2022-02-20 23:21:02,356] {logging_mixin.py:109} INFO - [2022-02-20 23:21:02,356] {dag.py:2935} INFO - Setting next_dagrun for example_branch_operator to 2022-02-19 00:00:00+00:00
[2022-02-20 23:21:02,391] {processor.py:171} INFO - Processing /home/airflow/.local/lib/python3.7/site-packages/airflow/example_dags/example_branch_operator.py took 0.335 seconds
[2022-02-20 23:21:33,428] {processor.py:163} INFO - Started process (PID=1307) to work on /home/airflow/.local/lib/python3.7/site-packages/airflow/example_dags/example_branch_operator.py
[2022-02-20 23:21:33,433] {processor.py:642} INFO - Processing file /home/airflow/.local/lib/python3.7/site-packages/airflow/example_dags/example_branch_operator.py for tasks to queue
[2022-02-20 23:21:33,437] {logging_mixin.py:109} INFO - [2022-02-20 23:21:33,436] {dagbag.py:500} INFO - Filling up the DagBag from /home/airflow/.local/lib/python3.7/site-packages/airflow/example_dags/example_branch_operator.py
[2022-02-20 23:21:33,551] {processor.py:654} INFO - DAG(s) dict_keys(['example_branch_operator']) retrieved from /home/airflow/.local/lib/python3.7/site-packages/airflow/example_dags/example_branch_operator.py
[2022-02-20 23:21:33,619] {logging_mixin.py:109} INFO - [2022-02-20 23:21:33,619] {dag.py:2396} INFO - Sync 1 DAGs
[2022-02-20 23:21:33,700] {logging_mixin.py:109} INFO - [2022-02-20 23:21:33,699] {dag.py:2935} INFO - Setting next_dagrun for example_branch_operator to 2022-02-19 00:00:00+00:00
[2022-02-20 23:21:33,756] {processor.py:171} INFO - Processing /home/airflow/.local/lib/python3.7/site-packages/airflow/example_dags/example_branch_operator.py took 0.337 seconds
[2022-02-20 23:22:05,305] {processor.py:163} INFO - Started process (PID=1400) to work on /home/airflow/.local/lib/python3.7/site-packages/airflow/example_dags/example_branch_operator.py
[2022-02-20 23:22:05,310] {processor.py:642} INFO - Processing file /home/airflow/.local/lib/python3.7/site-packages/airflow/example_dags/example_branch_operator.py for tasks to queue
[2022-02-20 23:22:05,315] {logging_mixin.py:109} INFO - [2022-02-20 23:22:05,314] {dagbag.py:500} INFO - Filling up the DagBag from /home/airflow/.local/lib/python3.7/site-packages/airflow/example_dags/example_branch_operator.py
[2022-02-20 23:22:05,424] {processor.py:654} INFO - DAG(s) dict_keys(['example_branch_operator']) retrieved from /home/airflow/.local/lib/python3.7/site-packages/airflow/example_dags/example_branch_operator.py
[2022-02-20 23:22:05,477] {logging_mixin.py:109} INFO - [2022-02-20 23:22:05,476] {dag.py:2396} INFO - Sync 1 DAGs
[2022-02-20 23:22:05,555] {logging_mixin.py:109} INFO - [2022-02-20 23:22:05,554] {dag.py:2935} INFO - Setting next_dagrun for example_branch_operator to 2022-02-19 00:00:00+00:00
[2022-02-20 23:22:05,586] {processor.py:171} INFO - Processing /home/airflow/.local/lib/python3.7/site-packages/airflow/example_dags/example_branch_operator.py took 0.289 seconds
[2022-02-20 23:22:37,808] {processor.py:163} INFO - Started process (PID=1498) to work on /home/airflow/.local/lib/python3.7/site-packages/airflow/example_dags/example_branch_operator.py
[2022-02-20 23:22:37,813] {processor.py:642} INFO - Processing file /home/airflow/.local/lib/python3.7/site-packages/airflow/example_dags/example_branch_operator.py for tasks to queue
[2022-02-20 23:22:37,817] {logging_mixin.py:109} INFO - [2022-02-20 23:22:37,816] {dagbag.py:500} INFO - Filling up the DagBag from /home/airflow/.local/lib/python3.7/site-packages/airflow/example_dags/example_branch_operator.py
[2022-02-20 23:22:37,912] {processor.py:654} INFO - DAG(s) dict_keys(['example_branch_operator']) retrieved from /home/airflow/.local/lib/python3.7/site-packages/airflow/example_dags/example_branch_operator.py
[2022-02-20 23:22:37,967] {logging_mixin.py:109} INFO - [2022-02-20 23:22:37,966] {dag.py:2396} INFO - Sync 1 DAGs
[2022-02-20 23:22:38,048] {logging_mixin.py:109} INFO - [2022-02-20 23:22:38,047] {dag.py:2935} INFO - Setting next_dagrun for example_branch_operator to 2022-02-19 00:00:00+00:00
[2022-02-20 23:22:38,092] {processor.py:171} INFO - Processing /home/airflow/.local/lib/python3.7/site-packages/airflow/example_dags/example_branch_operator.py took 0.291 seconds
[2022-02-20 23:23:09,129] {processor.py:163} INFO - Started process (PID=1581) to work on /home/airflow/.local/lib/python3.7/site-packages/airflow/example_dags/example_branch_operator.py
[2022-02-20 23:23:09,133] {processor.py:642} INFO - Processing file /home/airflow/.local/lib/python3.7/site-packages/airflow/example_dags/example_branch_operator.py for tasks to queue
[2022-02-20 23:23:09,137] {logging_mixin.py:109} INFO - [2022-02-20 23:23:09,136] {dagbag.py:500} INFO - Filling up the DagBag from /home/airflow/.local/lib/python3.7/site-packages/airflow/example_dags/example_branch_operator.py
[2022-02-20 23:23:09,229] {processor.py:654} INFO - DAG(s) dict_keys(['example_branch_operator']) retrieved from /home/airflow/.local/lib/python3.7/site-packages/airflow/example_dags/example_branch_operator.py
[2022-02-20 23:23:09,284] {logging_mixin.py:109} INFO - [2022-02-20 23:23:09,284] {dag.py:2396} INFO - Sync 1 DAGs
[2022-02-20 23:23:09,346] {logging_mixin.py:109} INFO - [2022-02-20 23:23:09,345] {dag.py:2935} INFO - Setting next_dagrun for example_branch_operator to 2022-02-19 00:00:00+00:00
[2022-02-20 23:23:09,373] {processor.py:171} INFO - Processing /home/airflow/.local/lib/python3.7/site-packages/airflow/example_dags/example_branch_operator.py took 0.250 seconds
[2022-02-20 23:23:41,020] {processor.py:163} INFO - Started process (PID=1679) to work on /home/airflow/.local/lib/python3.7/site-packages/airflow/example_dags/example_branch_operator.py
[2022-02-20 23:23:41,024] {processor.py:642} INFO - Processing file /home/airflow/.local/lib/python3.7/site-packages/airflow/example_dags/example_branch_operator.py for tasks to queue
[2022-02-20 23:23:41,027] {logging_mixin.py:109} INFO - [2022-02-20 23:23:41,027] {dagbag.py:500} INFO - Filling up the DagBag from /home/airflow/.local/lib/python3.7/site-packages/airflow/example_dags/example_branch_operator.py
[2022-02-20 23:23:41,129] {processor.py:654} INFO - DAG(s) dict_keys(['example_branch_operator']) retrieved from /home/airflow/.local/lib/python3.7/site-packages/airflow/example_dags/example_branch_operator.py
[2022-02-20 23:23:41,182] {logging_mixin.py:109} INFO - [2022-02-20 23:23:41,181] {dag.py:2396} INFO - Sync 1 DAGs
[2022-02-20 23:23:41,249] {logging_mixin.py:109} INFO - [2022-02-20 23:23:41,249] {dag.py:2935} INFO - Setting next_dagrun for example_branch_operator to 2022-02-19 00:00:00+00:00
[2022-02-20 23:23:41,281] {processor.py:171} INFO - Processing /home/airflow/.local/lib/python3.7/site-packages/airflow/example_dags/example_branch_operator.py took 0.269 seconds
[2022-02-20 23:24:12,006] {processor.py:163} INFO - Started process (PID=1760) to work on /home/airflow/.local/lib/python3.7/site-packages/airflow/example_dags/example_branch_operator.py
[2022-02-20 23:24:12,009] {processor.py:642} INFO - Processing file /home/airflow/.local/lib/python3.7/site-packages/airflow/example_dags/example_branch_operator.py for tasks to queue
[2022-02-20 23:24:12,012] {logging_mixin.py:109} INFO - [2022-02-20 23:24:12,011] {dagbag.py:500} INFO - Filling up the DagBag from /home/airflow/.local/lib/python3.7/site-packages/airflow/example_dags/example_branch_operator.py
[2022-02-20 23:24:12,098] {processor.py:654} INFO - DAG(s) dict_keys(['example_branch_operator']) retrieved from /home/airflow/.local/lib/python3.7/site-packages/airflow/example_dags/example_branch_operator.py
[2022-02-20 23:24:12,139] {logging_mixin.py:109} INFO - [2022-02-20 23:24:12,139] {dag.py:2396} INFO - Sync 1 DAGs
[2022-02-20 23:24:12,193] {logging_mixin.py:109} INFO - [2022-02-20 23:24:12,192] {dag.py:2935} INFO - Setting next_dagrun for example_branch_operator to 2022-02-19 00:00:00+00:00
[2022-02-20 23:24:12,217] {processor.py:171} INFO - Processing /home/airflow/.local/lib/python3.7/site-packages/airflow/example_dags/example_branch_operator.py took 0.218 seconds
[2022-02-20 23:24:44,148] {processor.py:163} INFO - Started process (PID=1858) to work on /home/airflow/.local/lib/python3.7/site-packages/airflow/example_dags/example_branch_operator.py
[2022-02-20 23:24:44,153] {processor.py:642} INFO - Processing file /home/airflow/.local/lib/python3.7/site-packages/airflow/example_dags/example_branch_operator.py for tasks to queue
[2022-02-20 23:24:44,156] {logging_mixin.py:109} INFO - [2022-02-20 23:24:44,156] {dagbag.py:500} INFO - Filling up the DagBag from /home/airflow/.local/lib/python3.7/site-packages/airflow/example_dags/example_branch_operator.py
[2022-02-20 23:24:44,250] {processor.py:654} INFO - DAG(s) dict_keys(['example_branch_operator']) retrieved from /home/airflow/.local/lib/python3.7/site-packages/airflow/example_dags/example_branch_operator.py
[2022-02-20 23:24:44,300] {logging_mixin.py:109} INFO - [2022-02-20 23:24:44,299] {dag.py:2396} INFO - Sync 1 DAGs
[2022-02-20 23:24:44,366] {logging_mixin.py:109} INFO - [2022-02-20 23:24:44,365] {dag.py:2935} INFO - Setting next_dagrun for example_branch_operator to 2022-02-19 00:00:00+00:00
[2022-02-20 23:24:44,396] {processor.py:171} INFO - Processing /home/airflow/.local/lib/python3.7/site-packages/airflow/example_dags/example_branch_operator.py took 0.255 seconds
[2022-02-20 23:25:16,193] {processor.py:163} INFO - Started process (PID=1955) to work on /home/airflow/.local/lib/python3.7/site-packages/airflow/example_dags/example_branch_operator.py
[2022-02-20 23:25:16,199] {processor.py:642} INFO - Processing file /home/airflow/.local/lib/python3.7/site-packages/airflow/example_dags/example_branch_operator.py for tasks to queue
[2022-02-20 23:25:16,206] {logging_mixin.py:109} INFO - [2022-02-20 23:25:16,205] {dagbag.py:500} INFO - Filling up the DagBag from /home/airflow/.local/lib/python3.7/site-packages/airflow/example_dags/example_branch_operator.py
[2022-02-20 23:25:16,363] {processor.py:654} INFO - DAG(s) dict_keys(['example_branch_operator']) retrieved from /home/airflow/.local/lib/python3.7/site-packages/airflow/example_dags/example_branch_operator.py
[2022-02-20 23:25:16,444] {logging_mixin.py:109} INFO - [2022-02-20 23:25:16,443] {dag.py:2396} INFO - Sync 1 DAGs
[2022-02-20 23:25:16,541] {logging_mixin.py:109} INFO - [2022-02-20 23:25:16,541] {dag.py:2935} INFO - Setting next_dagrun for example_branch_operator to 2022-02-19 00:00:00+00:00
[2022-02-20 23:25:16,575] {processor.py:171} INFO - Processing /home/airflow/.local/lib/python3.7/site-packages/airflow/example_dags/example_branch_operator.py took 0.398 seconds
[2022-02-20 23:25:48,041] {processor.py:163} INFO - Started process (PID=2035) to work on /home/airflow/.local/lib/python3.7/site-packages/airflow/example_dags/example_branch_operator.py
[2022-02-20 23:25:48,046] {processor.py:642} INFO - Processing file /home/airflow/.local/lib/python3.7/site-packages/airflow/example_dags/example_branch_operator.py for tasks to queue
[2022-02-20 23:25:48,050] {logging_mixin.py:109} INFO - [2022-02-20 23:25:48,049] {dagbag.py:500} INFO - Filling up the DagBag from /home/airflow/.local/lib/python3.7/site-packages/airflow/example_dags/example_branch_operator.py
[2022-02-20 23:25:48,153] {processor.py:654} INFO - DAG(s) dict_keys(['example_branch_operator']) retrieved from /home/airflow/.local/lib/python3.7/site-packages/airflow/example_dags/example_branch_operator.py
[2022-02-20 23:25:48,207] {logging_mixin.py:109} INFO - [2022-02-20 23:25:48,207] {dag.py:2396} INFO - Sync 1 DAGs
[2022-02-20 23:25:48,313] {logging_mixin.py:109} INFO - [2022-02-20 23:25:48,312] {dag.py:2935} INFO - Setting next_dagrun for example_branch_operator to 2022-02-19 00:00:00+00:00
[2022-02-20 23:25:48,367] {processor.py:171} INFO - Processing /home/airflow/.local/lib/python3.7/site-packages/airflow/example_dags/example_branch_operator.py took 0.334 seconds
[2022-02-20 23:26:21,085] {processor.py:163} INFO - Started process (PID=2133) to work on /home/airflow/.local/lib/python3.7/site-packages/airflow/example_dags/example_branch_operator.py
[2022-02-20 23:26:21,093] {processor.py:642} INFO - Processing file /home/airflow/.local/lib/python3.7/site-packages/airflow/example_dags/example_branch_operator.py for tasks to queue
[2022-02-20 23:26:21,109] {logging_mixin.py:109} INFO - [2022-02-20 23:26:21,109] {dagbag.py:500} INFO - Filling up the DagBag from /home/airflow/.local/lib/python3.7/site-packages/airflow/example_dags/example_branch_operator.py
[2022-02-20 23:26:21,276] {processor.py:654} INFO - DAG(s) dict_keys(['example_branch_operator']) retrieved from /home/airflow/.local/lib/python3.7/site-packages/airflow/example_dags/example_branch_operator.py
[2022-02-20 23:26:21,379] {logging_mixin.py:109} INFO - [2022-02-20 23:26:21,379] {dag.py:2396} INFO - Sync 1 DAGs
[2022-02-20 23:26:21,506] {logging_mixin.py:109} INFO - [2022-02-20 23:26:21,505] {dag.py:2935} INFO - Setting next_dagrun for example_branch_operator to 2022-02-19 00:00:00+00:00
[2022-02-20 23:26:21,556] {processor.py:171} INFO - Processing /home/airflow/.local/lib/python3.7/site-packages/airflow/example_dags/example_branch_operator.py took 0.485 seconds
[2022-02-20 23:26:52,069] {processor.py:163} INFO - Started process (PID=2214) to work on /home/airflow/.local/lib/python3.7/site-packages/airflow/example_dags/example_branch_operator.py
[2022-02-20 23:26:52,073] {processor.py:642} INFO - Processing file /home/airflow/.local/lib/python3.7/site-packages/airflow/example_dags/example_branch_operator.py for tasks to queue
[2022-02-20 23:26:52,076] {logging_mixin.py:109} INFO - [2022-02-20 23:26:52,076] {dagbag.py:500} INFO - Filling up the DagBag from /home/airflow/.local/lib/python3.7/site-packages/airflow/example_dags/example_branch_operator.py
[2022-02-20 23:26:52,161] {processor.py:654} INFO - DAG(s) dict_keys(['example_branch_operator']) retrieved from /home/airflow/.local/lib/python3.7/site-packages/airflow/example_dags/example_branch_operator.py
[2022-02-20 23:26:52,207] {logging_mixin.py:109} INFO - [2022-02-20 23:26:52,207] {dag.py:2396} INFO - Sync 1 DAGs
[2022-02-20 23:26:52,267] {logging_mixin.py:109} INFO - [2022-02-20 23:26:52,266] {dag.py:2935} INFO - Setting next_dagrun for example_branch_operator to 2022-02-19 00:00:00+00:00
[2022-02-20 23:26:52,292] {processor.py:171} INFO - Processing /home/airflow/.local/lib/python3.7/site-packages/airflow/example_dags/example_branch_operator.py took 0.230 seconds
[2022-02-20 23:27:23,518] {processor.py:163} INFO - Started process (PID=2313) to work on /home/airflow/.local/lib/python3.7/site-packages/airflow/example_dags/example_branch_operator.py
[2022-02-20 23:27:23,524] {processor.py:642} INFO - Processing file /home/airflow/.local/lib/python3.7/site-packages/airflow/example_dags/example_branch_operator.py for tasks to queue
[2022-02-20 23:27:23,527] {logging_mixin.py:109} INFO - [2022-02-20 23:27:23,527] {dagbag.py:500} INFO - Filling up the DagBag from /home/airflow/.local/lib/python3.7/site-packages/airflow/example_dags/example_branch_operator.py
[2022-02-20 23:27:23,622] {processor.py:654} INFO - DAG(s) dict_keys(['example_branch_operator']) retrieved from /home/airflow/.local/lib/python3.7/site-packages/airflow/example_dags/example_branch_operator.py
[2022-02-20 23:27:23,676] {logging_mixin.py:109} INFO - [2022-02-20 23:27:23,676] {dag.py:2396} INFO - Sync 1 DAGs
[2022-02-20 23:27:23,745] {logging_mixin.py:109} INFO - [2022-02-20 23:27:23,745] {dag.py:2935} INFO - Setting next_dagrun for example_branch_operator to 2022-02-19 00:00:00+00:00
[2022-02-20 23:27:23,776] {processor.py:171} INFO - Processing /home/airflow/.local/lib/python3.7/site-packages/airflow/example_dags/example_branch_operator.py took 0.269 seconds
[2022-02-20 23:27:54,813] {processor.py:163} INFO - Started process (PID=2404) to work on /home/airflow/.local/lib/python3.7/site-packages/airflow/example_dags/example_branch_operator.py
[2022-02-20 23:27:54,819] {processor.py:642} INFO - Processing file /home/airflow/.local/lib/python3.7/site-packages/airflow/example_dags/example_branch_operator.py for tasks to queue
[2022-02-20 23:27:54,824] {logging_mixin.py:109} INFO - [2022-02-20 23:27:54,823] {dagbag.py:500} INFO - Filling up the DagBag from /home/airflow/.local/lib/python3.7/site-packages/airflow/example_dags/example_branch_operator.py
[2022-02-20 23:27:54,922] {processor.py:654} INFO - DAG(s) dict_keys(['example_branch_operator']) retrieved from /home/airflow/.local/lib/python3.7/site-packages/airflow/example_dags/example_branch_operator.py
[2022-02-20 23:27:54,975] {logging_mixin.py:109} INFO - [2022-02-20 23:27:54,974] {dag.py:2396} INFO - Sync 1 DAGs
[2022-02-20 23:27:55,069] {logging_mixin.py:109} INFO - [2022-02-20 23:27:55,068] {dag.py:2935} INFO - Setting next_dagrun for example_branch_operator to 2022-02-19 00:00:00+00:00
[2022-02-20 23:27:55,099] {processor.py:171} INFO - Processing /home/airflow/.local/lib/python3.7/site-packages/airflow/example_dags/example_branch_operator.py took 0.293 seconds
[2022-02-20 23:28:25,992] {processor.py:163} INFO - Started process (PID=2491) to work on /home/airflow/.local/lib/python3.7/site-packages/airflow/example_dags/example_branch_operator.py
[2022-02-20 23:28:25,997] {processor.py:642} INFO - Processing file /home/airflow/.local/lib/python3.7/site-packages/airflow/example_dags/example_branch_operator.py for tasks to queue
[2022-02-20 23:28:26,001] {logging_mixin.py:109} INFO - [2022-02-20 23:28:26,000] {dagbag.py:500} INFO - Filling up the DagBag from /home/airflow/.local/lib/python3.7/site-packages/airflow/example_dags/example_branch_operator.py
[2022-02-20 23:28:26,100] {processor.py:654} INFO - DAG(s) dict_keys(['example_branch_operator']) retrieved from /home/airflow/.local/lib/python3.7/site-packages/airflow/example_dags/example_branch_operator.py
[2022-02-20 23:28:26,159] {logging_mixin.py:109} INFO - [2022-02-20 23:28:26,158] {dag.py:2396} INFO - Sync 1 DAGs
[2022-02-20 23:28:26,235] {logging_mixin.py:109} INFO - [2022-02-20 23:28:26,234] {dag.py:2935} INFO - Setting next_dagrun for example_branch_operator to 2022-02-19 00:00:00+00:00
[2022-02-20 23:28:26,276] {processor.py:171} INFO - Processing /home/airflow/.local/lib/python3.7/site-packages/airflow/example_dags/example_branch_operator.py took 0.291 seconds
[2022-02-20 23:28:57,158] {processor.py:163} INFO - Started process (PID=2587) to work on /home/airflow/.local/lib/python3.7/site-packages/airflow/example_dags/example_branch_operator.py
[2022-02-20 23:28:57,163] {processor.py:642} INFO - Processing file /home/airflow/.local/lib/python3.7/site-packages/airflow/example_dags/example_branch_operator.py for tasks to queue
[2022-02-20 23:28:57,168] {logging_mixin.py:109} INFO - [2022-02-20 23:28:57,168] {dagbag.py:500} INFO - Filling up the DagBag from /home/airflow/.local/lib/python3.7/site-packages/airflow/example_dags/example_branch_operator.py
[2022-02-20 23:28:57,299] {processor.py:654} INFO - DAG(s) dict_keys(['example_branch_operator']) retrieved from /home/airflow/.local/lib/python3.7/site-packages/airflow/example_dags/example_branch_operator.py
[2022-02-20 23:28:57,371] {logging_mixin.py:109} INFO - [2022-02-20 23:28:57,371] {dag.py:2396} INFO - Sync 1 DAGs
[2022-02-20 23:28:57,445] {logging_mixin.py:109} INFO - [2022-02-20 23:28:57,444] {dag.py:2935} INFO - Setting next_dagrun for example_branch_operator to 2022-02-19 00:00:00+00:00
[2022-02-20 23:28:57,479] {processor.py:171} INFO - Processing /home/airflow/.local/lib/python3.7/site-packages/airflow/example_dags/example_branch_operator.py took 0.338 seconds
[2022-02-20 23:29:28,352] {processor.py:163} INFO - Started process (PID=2669) to work on /home/airflow/.local/lib/python3.7/site-packages/airflow/example_dags/example_branch_operator.py
[2022-02-20 23:29:28,356] {processor.py:642} INFO - Processing file /home/airflow/.local/lib/python3.7/site-packages/airflow/example_dags/example_branch_operator.py for tasks to queue
[2022-02-20 23:29:28,360] {logging_mixin.py:109} INFO - [2022-02-20 23:29:28,359] {dagbag.py:500} INFO - Filling up the DagBag from /home/airflow/.local/lib/python3.7/site-packages/airflow/example_dags/example_branch_operator.py
[2022-02-20 23:29:28,468] {processor.py:654} INFO - DAG(s) dict_keys(['example_branch_operator']) retrieved from /home/airflow/.local/lib/python3.7/site-packages/airflow/example_dags/example_branch_operator.py
[2022-02-20 23:29:28,522] {logging_mixin.py:109} INFO - [2022-02-20 23:29:28,521] {dag.py:2396} INFO - Sync 1 DAGs
[2022-02-20 23:29:28,591] {logging_mixin.py:109} INFO - [2022-02-20 23:29:28,591] {dag.py:2935} INFO - Setting next_dagrun for example_branch_operator to 2022-02-19 00:00:00+00:00
[2022-02-20 23:29:28,619] {processor.py:171} INFO - Processing /home/airflow/.local/lib/python3.7/site-packages/airflow/example_dags/example_branch_operator.py took 0.278 seconds
[2022-02-20 23:29:58,862] {processor.py:163} INFO - Started process (PID=2765) to work on /home/airflow/.local/lib/python3.7/site-packages/airflow/example_dags/example_branch_operator.py
[2022-02-20 23:29:58,867] {processor.py:642} INFO - Processing file /home/airflow/.local/lib/python3.7/site-packages/airflow/example_dags/example_branch_operator.py for tasks to queue
[2022-02-20 23:29:58,870] {logging_mixin.py:109} INFO - [2022-02-20 23:29:58,870] {dagbag.py:500} INFO - Filling up the DagBag from /home/airflow/.local/lib/python3.7/site-packages/airflow/example_dags/example_branch_operator.py
[2022-02-20 23:29:58,975] {processor.py:654} INFO - DAG(s) dict_keys(['example_branch_operator']) retrieved from /home/airflow/.local/lib/python3.7/site-packages/airflow/example_dags/example_branch_operator.py
[2022-02-20 23:29:59,033] {logging_mixin.py:109} INFO - [2022-02-20 23:29:59,033] {dag.py:2396} INFO - Sync 1 DAGs
[2022-02-20 23:29:59,106] {logging_mixin.py:109} INFO - [2022-02-20 23:29:59,106] {dag.py:2935} INFO - Setting next_dagrun for example_branch_operator to 2022-02-19 00:00:00+00:00
[2022-02-20 23:29:59,139] {processor.py:171} INFO - Processing /home/airflow/.local/lib/python3.7/site-packages/airflow/example_dags/example_branch_operator.py took 0.284 seconds
[2022-02-20 23:30:29,256] {processor.py:163} INFO - Started process (PID=2846) to work on /home/airflow/.local/lib/python3.7/site-packages/airflow/example_dags/example_branch_operator.py
[2022-02-20 23:30:29,262] {processor.py:642} INFO - Processing file /home/airflow/.local/lib/python3.7/site-packages/airflow/example_dags/example_branch_operator.py for tasks to queue
[2022-02-20 23:30:29,266] {logging_mixin.py:109} INFO - [2022-02-20 23:30:29,266] {dagbag.py:500} INFO - Filling up the DagBag from /home/airflow/.local/lib/python3.7/site-packages/airflow/example_dags/example_branch_operator.py
[2022-02-20 23:30:29,346] {processor.py:654} INFO - DAG(s) dict_keys(['example_branch_operator']) retrieved from /home/airflow/.local/lib/python3.7/site-packages/airflow/example_dags/example_branch_operator.py
[2022-02-20 23:30:29,396] {logging_mixin.py:109} INFO - [2022-02-20 23:30:29,395] {dag.py:2396} INFO - Sync 1 DAGs
[2022-02-20 23:30:29,462] {logging_mixin.py:109} INFO - [2022-02-20 23:30:29,461] {dag.py:2935} INFO - Setting next_dagrun for example_branch_operator to 2022-02-19 00:00:00+00:00
[2022-02-20 23:30:29,487] {processor.py:171} INFO - Processing /home/airflow/.local/lib/python3.7/site-packages/airflow/example_dags/example_branch_operator.py took 0.237 seconds
[2022-02-20 23:31:00,106] {processor.py:163} INFO - Started process (PID=2946) to work on /home/airflow/.local/lib/python3.7/site-packages/airflow/example_dags/example_branch_operator.py
[2022-02-20 23:31:00,110] {processor.py:642} INFO - Processing file /home/airflow/.local/lib/python3.7/site-packages/airflow/example_dags/example_branch_operator.py for tasks to queue
[2022-02-20 23:31:00,113] {logging_mixin.py:109} INFO - [2022-02-20 23:31:00,112] {dagbag.py:500} INFO - Filling up the DagBag from /home/airflow/.local/lib/python3.7/site-packages/airflow/example_dags/example_branch_operator.py
[2022-02-20 23:31:00,203] {processor.py:654} INFO - DAG(s) dict_keys(['example_branch_operator']) retrieved from /home/airflow/.local/lib/python3.7/site-packages/airflow/example_dags/example_branch_operator.py
[2022-02-20 23:31:00,251] {logging_mixin.py:109} INFO - [2022-02-20 23:31:00,251] {dag.py:2396} INFO - Sync 1 DAGs
[2022-02-20 23:31:00,318] {logging_mixin.py:109} INFO - [2022-02-20 23:31:00,318] {dag.py:2935} INFO - Setting next_dagrun for example_branch_operator to 2022-02-19 00:00:00+00:00
[2022-02-20 23:31:00,347] {processor.py:171} INFO - Processing /home/airflow/.local/lib/python3.7/site-packages/airflow/example_dags/example_branch_operator.py took 0.248 seconds
[2022-02-20 23:31:30,482] {processor.py:163} INFO - Started process (PID=3028) to work on /home/airflow/.local/lib/python3.7/site-packages/airflow/example_dags/example_branch_operator.py
[2022-02-20 23:31:30,487] {processor.py:642} INFO - Processing file /home/airflow/.local/lib/python3.7/site-packages/airflow/example_dags/example_branch_operator.py for tasks to queue
[2022-02-20 23:31:30,490] {logging_mixin.py:109} INFO - [2022-02-20 23:31:30,489] {dagbag.py:500} INFO - Filling up the DagBag from /home/airflow/.local/lib/python3.7/site-packages/airflow/example_dags/example_branch_operator.py
[2022-02-20 23:31:30,562] {processor.py:654} INFO - DAG(s) dict_keys(['example_branch_operator']) retrieved from /home/airflow/.local/lib/python3.7/site-packages/airflow/example_dags/example_branch_operator.py
[2022-02-20 23:31:30,600] {logging_mixin.py:109} INFO - [2022-02-20 23:31:30,599] {dag.py:2396} INFO - Sync 1 DAGs
[2022-02-20 23:31:30,648] {logging_mixin.py:109} INFO - [2022-02-20 23:31:30,648] {dag.py:2935} INFO - Setting next_dagrun for example_branch_operator to 2022-02-19 00:00:00+00:00
[2022-02-20 23:31:30,670] {processor.py:171} INFO - Processing /home/airflow/.local/lib/python3.7/site-packages/airflow/example_dags/example_branch_operator.py took 0.194 seconds
[2022-02-20 23:32:01,551] {processor.py:163} INFO - Started process (PID=3126) to work on /home/airflow/.local/lib/python3.7/site-packages/airflow/example_dags/example_branch_operator.py
[2022-02-20 23:32:01,555] {processor.py:642} INFO - Processing file /home/airflow/.local/lib/python3.7/site-packages/airflow/example_dags/example_branch_operator.py for tasks to queue
[2022-02-20 23:32:01,558] {logging_mixin.py:109} INFO - [2022-02-20 23:32:01,558] {dagbag.py:500} INFO - Filling up the DagBag from /home/airflow/.local/lib/python3.7/site-packages/airflow/example_dags/example_branch_operator.py
[2022-02-20 23:32:01,644] {processor.py:654} INFO - DAG(s) dict_keys(['example_branch_operator']) retrieved from /home/airflow/.local/lib/python3.7/site-packages/airflow/example_dags/example_branch_operator.py
[2022-02-20 23:32:01,692] {logging_mixin.py:109} INFO - [2022-02-20 23:32:01,691] {dag.py:2396} INFO - Sync 1 DAGs
[2022-02-20 23:32:01,761] {logging_mixin.py:109} INFO - [2022-02-20 23:32:01,761] {dag.py:2935} INFO - Setting next_dagrun for example_branch_operator to 2022-02-19 00:00:00+00:00
[2022-02-20 23:32:01,790] {processor.py:171} INFO - Processing /home/airflow/.local/lib/python3.7/site-packages/airflow/example_dags/example_branch_operator.py took 0.248 seconds
[2022-02-20 23:32:32,318] {processor.py:163} INFO - Started process (PID=3205) to work on /home/airflow/.local/lib/python3.7/site-packages/airflow/example_dags/example_branch_operator.py
[2022-02-20 23:32:32,322] {processor.py:642} INFO - Processing file /home/airflow/.local/lib/python3.7/site-packages/airflow/example_dags/example_branch_operator.py for tasks to queue
[2022-02-20 23:32:32,324] {logging_mixin.py:109} INFO - [2022-02-20 23:32:32,324] {dagbag.py:500} INFO - Filling up the DagBag from /home/airflow/.local/lib/python3.7/site-packages/airflow/example_dags/example_branch_operator.py
[2022-02-20 23:32:32,408] {processor.py:654} INFO - DAG(s) dict_keys(['example_branch_operator']) retrieved from /home/airflow/.local/lib/python3.7/site-packages/airflow/example_dags/example_branch_operator.py
[2022-02-20 23:32:32,452] {logging_mixin.py:109} INFO - [2022-02-20 23:32:32,452] {dag.py:2396} INFO - Sync 1 DAGs
[2022-02-20 23:32:32,507] {logging_mixin.py:109} INFO - [2022-02-20 23:32:32,507] {dag.py:2935} INFO - Setting next_dagrun for example_branch_operator to 2022-02-19 00:00:00+00:00
[2022-02-20 23:32:32,531] {processor.py:171} INFO - Processing /home/airflow/.local/lib/python3.7/site-packages/airflow/example_dags/example_branch_operator.py took 0.220 seconds
[2022-02-20 23:33:02,894] {processor.py:163} INFO - Started process (PID=3304) to work on /home/airflow/.local/lib/python3.7/site-packages/airflow/example_dags/example_branch_operator.py
[2022-02-20 23:33:02,898] {processor.py:642} INFO - Processing file /home/airflow/.local/lib/python3.7/site-packages/airflow/example_dags/example_branch_operator.py for tasks to queue
[2022-02-20 23:33:02,901] {logging_mixin.py:109} INFO - [2022-02-20 23:33:02,901] {dagbag.py:500} INFO - Filling up the DagBag from /home/airflow/.local/lib/python3.7/site-packages/airflow/example_dags/example_branch_operator.py
[2022-02-20 23:33:02,992] {processor.py:654} INFO - DAG(s) dict_keys(['example_branch_operator']) retrieved from /home/airflow/.local/lib/python3.7/site-packages/airflow/example_dags/example_branch_operator.py
[2022-02-20 23:33:03,044] {logging_mixin.py:109} INFO - [2022-02-20 23:33:03,043] {dag.py:2396} INFO - Sync 1 DAGs
[2022-02-20 23:33:03,121] {logging_mixin.py:109} INFO - [2022-02-20 23:33:03,120] {dag.py:2935} INFO - Setting next_dagrun for example_branch_operator to 2022-02-19 00:00:00+00:00
[2022-02-20 23:33:03,157] {processor.py:171} INFO - Processing /home/airflow/.local/lib/python3.7/site-packages/airflow/example_dags/example_branch_operator.py took 0.270 seconds
[2022-02-20 23:33:34,253] {processor.py:163} INFO - Started process (PID=3395) to work on /home/airflow/.local/lib/python3.7/site-packages/airflow/example_dags/example_branch_operator.py
[2022-02-20 23:33:34,260] {processor.py:642} INFO - Processing file /home/airflow/.local/lib/python3.7/site-packages/airflow/example_dags/example_branch_operator.py for tasks to queue
[2022-02-20 23:33:34,263] {logging_mixin.py:109} INFO - [2022-02-20 23:33:34,263] {dagbag.py:500} INFO - Filling up the DagBag from /home/airflow/.local/lib/python3.7/site-packages/airflow/example_dags/example_branch_operator.py
[2022-02-20 23:33:34,363] {processor.py:654} INFO - DAG(s) dict_keys(['example_branch_operator']) retrieved from /home/airflow/.local/lib/python3.7/site-packages/airflow/example_dags/example_branch_operator.py
[2022-02-20 23:33:34,419] {logging_mixin.py:109} INFO - [2022-02-20 23:33:34,419] {dag.py:2396} INFO - Sync 1 DAGs
[2022-02-20 23:33:34,493] {logging_mixin.py:109} INFO - [2022-02-20 23:33:34,492] {dag.py:2935} INFO - Setting next_dagrun for example_branch_operator to 2022-02-19 00:00:00+00:00
[2022-02-20 23:33:34,523] {processor.py:171} INFO - Processing /home/airflow/.local/lib/python3.7/site-packages/airflow/example_dags/example_branch_operator.py took 0.277 seconds
[2022-02-20 23:34:05,836] {processor.py:163} INFO - Started process (PID=3483) to work on /home/airflow/.local/lib/python3.7/site-packages/airflow/example_dags/example_branch_operator.py
[2022-02-20 23:34:05,840] {processor.py:642} INFO - Processing file /home/airflow/.local/lib/python3.7/site-packages/airflow/example_dags/example_branch_operator.py for tasks to queue
[2022-02-20 23:34:05,844] {logging_mixin.py:109} INFO - [2022-02-20 23:34:05,844] {dagbag.py:500} INFO - Filling up the DagBag from /home/airflow/.local/lib/python3.7/site-packages/airflow/example_dags/example_branch_operator.py
[2022-02-20 23:34:05,963] {processor.py:654} INFO - DAG(s) dict_keys(['example_branch_operator']) retrieved from /home/airflow/.local/lib/python3.7/site-packages/airflow/example_dags/example_branch_operator.py
[2022-02-20 23:34:06,017] {logging_mixin.py:109} INFO - [2022-02-20 23:34:06,016] {dag.py:2396} INFO - Sync 1 DAGs
[2022-02-20 23:34:06,082] {logging_mixin.py:109} INFO - [2022-02-20 23:34:06,082] {dag.py:2935} INFO - Setting next_dagrun for example_branch_operator to 2022-02-19 00:00:00+00:00
[2022-02-20 23:34:06,119] {processor.py:171} INFO - Processing /home/airflow/.local/lib/python3.7/site-packages/airflow/example_dags/example_branch_operator.py took 0.295 seconds
[2022-02-20 23:34:36,246] {processor.py:163} INFO - Started process (PID=3578) to work on /home/airflow/.local/lib/python3.7/site-packages/airflow/example_dags/example_branch_operator.py
[2022-02-20 23:34:36,251] {processor.py:642} INFO - Processing file /home/airflow/.local/lib/python3.7/site-packages/airflow/example_dags/example_branch_operator.py for tasks to queue
[2022-02-20 23:34:36,255] {logging_mixin.py:109} INFO - [2022-02-20 23:34:36,255] {dagbag.py:500} INFO - Filling up the DagBag from /home/airflow/.local/lib/python3.7/site-packages/airflow/example_dags/example_branch_operator.py
[2022-02-20 23:34:36,359] {processor.py:654} INFO - DAG(s) dict_keys(['example_branch_operator']) retrieved from /home/airflow/.local/lib/python3.7/site-packages/airflow/example_dags/example_branch_operator.py
[2022-02-20 23:34:36,411] {logging_mixin.py:109} INFO - [2022-02-20 23:34:36,410] {dag.py:2396} INFO - Sync 1 DAGs
[2022-02-20 23:34:36,477] {logging_mixin.py:109} INFO - [2022-02-20 23:34:36,476] {dag.py:2935} INFO - Setting next_dagrun for example_branch_operator to 2022-02-19 00:00:00+00:00
[2022-02-20 23:34:36,507] {processor.py:171} INFO - Processing /home/airflow/.local/lib/python3.7/site-packages/airflow/example_dags/example_branch_operator.py took 0.268 seconds
[2022-02-20 23:35:06,721] {processor.py:163} INFO - Started process (PID=3656) to work on /home/airflow/.local/lib/python3.7/site-packages/airflow/example_dags/example_branch_operator.py
[2022-02-20 23:35:06,726] {processor.py:642} INFO - Processing file /home/airflow/.local/lib/python3.7/site-packages/airflow/example_dags/example_branch_operator.py for tasks to queue
[2022-02-20 23:35:06,730] {logging_mixin.py:109} INFO - [2022-02-20 23:35:06,730] {dagbag.py:500} INFO - Filling up the DagBag from /home/airflow/.local/lib/python3.7/site-packages/airflow/example_dags/example_branch_operator.py
[2022-02-20 23:35:06,826] {processor.py:654} INFO - DAG(s) dict_keys(['example_branch_operator']) retrieved from /home/airflow/.local/lib/python3.7/site-packages/airflow/example_dags/example_branch_operator.py
[2022-02-20 23:35:06,882] {logging_mixin.py:109} INFO - [2022-02-20 23:35:06,882] {dag.py:2396} INFO - Sync 1 DAGs
[2022-02-20 23:35:06,951] {logging_mixin.py:109} INFO - [2022-02-20 23:35:06,951] {dag.py:2935} INFO - Setting next_dagrun for example_branch_operator to 2022-02-19 00:00:00+00:00
[2022-02-20 23:35:07,002] {processor.py:171} INFO - Processing /home/airflow/.local/lib/python3.7/site-packages/airflow/example_dags/example_branch_operator.py took 0.292 seconds
[2022-02-20 23:35:37,258] {processor.py:163} INFO - Started process (PID=3754) to work on /home/airflow/.local/lib/python3.7/site-packages/airflow/example_dags/example_branch_operator.py
[2022-02-20 23:35:37,262] {processor.py:642} INFO - Processing file /home/airflow/.local/lib/python3.7/site-packages/airflow/example_dags/example_branch_operator.py for tasks to queue
[2022-02-20 23:35:37,266] {logging_mixin.py:109} INFO - [2022-02-20 23:35:37,265] {dagbag.py:500} INFO - Filling up the DagBag from /home/airflow/.local/lib/python3.7/site-packages/airflow/example_dags/example_branch_operator.py
[2022-02-20 23:35:37,360] {processor.py:654} INFO - DAG(s) dict_keys(['example_branch_operator']) retrieved from /home/airflow/.local/lib/python3.7/site-packages/airflow/example_dags/example_branch_operator.py
[2022-02-20 23:35:37,412] {logging_mixin.py:109} INFO - [2022-02-20 23:35:37,411] {dag.py:2396} INFO - Sync 1 DAGs
[2022-02-20 23:35:37,511] {logging_mixin.py:109} INFO - [2022-02-20 23:35:37,510] {dag.py:2935} INFO - Setting next_dagrun for example_branch_operator to 2022-02-19 00:00:00+00:00
[2022-02-20 23:35:37,545] {processor.py:171} INFO - Processing /home/airflow/.local/lib/python3.7/site-packages/airflow/example_dags/example_branch_operator.py took 0.295 seconds
[2022-02-20 23:36:07,746] {processor.py:163} INFO - Started process (PID=3835) to work on /home/airflow/.local/lib/python3.7/site-packages/airflow/example_dags/example_branch_operator.py
[2022-02-20 23:36:07,751] {processor.py:642} INFO - Processing file /home/airflow/.local/lib/python3.7/site-packages/airflow/example_dags/example_branch_operator.py for tasks to queue
[2022-02-20 23:36:07,755] {logging_mixin.py:109} INFO - [2022-02-20 23:36:07,754] {dagbag.py:500} INFO - Filling up the DagBag from /home/airflow/.local/lib/python3.7/site-packages/airflow/example_dags/example_branch_operator.py
[2022-02-20 23:36:07,855] {processor.py:654} INFO - DAG(s) dict_keys(['example_branch_operator']) retrieved from /home/airflow/.local/lib/python3.7/site-packages/airflow/example_dags/example_branch_operator.py
[2022-02-20 23:36:07,907] {logging_mixin.py:109} INFO - [2022-02-20 23:36:07,907] {dag.py:2396} INFO - Sync 1 DAGs
[2022-02-20 23:36:07,980] {logging_mixin.py:109} INFO - [2022-02-20 23:36:07,980] {dag.py:2935} INFO - Setting next_dagrun for example_branch_operator to 2022-02-19 00:00:00+00:00
[2022-02-20 23:36:08,016] {processor.py:171} INFO - Processing /home/airflow/.local/lib/python3.7/site-packages/airflow/example_dags/example_branch_operator.py took 0.277 seconds
[2022-02-20 23:36:38,106] {processor.py:163} INFO - Started process (PID=3934) to work on /home/airflow/.local/lib/python3.7/site-packages/airflow/example_dags/example_branch_operator.py
[2022-02-20 23:36:38,110] {processor.py:642} INFO - Processing file /home/airflow/.local/lib/python3.7/site-packages/airflow/example_dags/example_branch_operator.py for tasks to queue
[2022-02-20 23:36:38,114] {logging_mixin.py:109} INFO - [2022-02-20 23:36:38,113] {dagbag.py:500} INFO - Filling up the DagBag from /home/airflow/.local/lib/python3.7/site-packages/airflow/example_dags/example_branch_operator.py
[2022-02-20 23:36:38,208] {processor.py:654} INFO - DAG(s) dict_keys(['example_branch_operator']) retrieved from /home/airflow/.local/lib/python3.7/site-packages/airflow/example_dags/example_branch_operator.py
[2022-02-20 23:36:38,258] {logging_mixin.py:109} INFO - [2022-02-20 23:36:38,258] {dag.py:2396} INFO - Sync 1 DAGs
[2022-02-20 23:36:38,327] {logging_mixin.py:109} INFO - [2022-02-20 23:36:38,326] {dag.py:2935} INFO - Setting next_dagrun for example_branch_operator to 2022-02-19 00:00:00+00:00
[2022-02-20 23:36:38,359] {processor.py:171} INFO - Processing /home/airflow/.local/lib/python3.7/site-packages/airflow/example_dags/example_branch_operator.py took 0.263 seconds
[2022-02-20 23:37:09,157] {processor.py:163} INFO - Started process (PID=4015) to work on /home/airflow/.local/lib/python3.7/site-packages/airflow/example_dags/example_branch_operator.py
[2022-02-20 23:37:09,164] {processor.py:642} INFO - Processing file /home/airflow/.local/lib/python3.7/site-packages/airflow/example_dags/example_branch_operator.py for tasks to queue
[2022-02-20 23:37:09,167] {logging_mixin.py:109} INFO - [2022-02-20 23:37:09,167] {dagbag.py:500} INFO - Filling up the DagBag from /home/airflow/.local/lib/python3.7/site-packages/airflow/example_dags/example_branch_operator.py
[2022-02-20 23:37:09,253] {processor.py:654} INFO - DAG(s) dict_keys(['example_branch_operator']) retrieved from /home/airflow/.local/lib/python3.7/site-packages/airflow/example_dags/example_branch_operator.py
[2022-02-20 23:37:09,300] {logging_mixin.py:109} INFO - [2022-02-20 23:37:09,299] {dag.py:2396} INFO - Sync 1 DAGs
[2022-02-20 23:37:09,365] {logging_mixin.py:109} INFO - [2022-02-20 23:37:09,364] {dag.py:2935} INFO - Setting next_dagrun for example_branch_operator to 2022-02-19 00:00:00+00:00
[2022-02-20 23:37:09,398] {processor.py:171} INFO - Processing /home/airflow/.local/lib/python3.7/site-packages/airflow/example_dags/example_branch_operator.py took 0.248 seconds
[2022-02-20 23:37:39,594] {processor.py:163} INFO - Started process (PID=4111) to work on /home/airflow/.local/lib/python3.7/site-packages/airflow/example_dags/example_branch_operator.py
[2022-02-20 23:37:39,602] {processor.py:642} INFO - Processing file /home/airflow/.local/lib/python3.7/site-packages/airflow/example_dags/example_branch_operator.py for tasks to queue
[2022-02-20 23:37:39,608] {logging_mixin.py:109} INFO - [2022-02-20 23:37:39,607] {dagbag.py:500} INFO - Filling up the DagBag from /home/airflow/.local/lib/python3.7/site-packages/airflow/example_dags/example_branch_operator.py
[2022-02-20 23:37:39,727] {processor.py:654} INFO - DAG(s) dict_keys(['example_branch_operator']) retrieved from /home/airflow/.local/lib/python3.7/site-packages/airflow/example_dags/example_branch_operator.py
[2022-02-20 23:37:39,784] {logging_mixin.py:109} INFO - [2022-02-20 23:37:39,783] {dag.py:2396} INFO - Sync 1 DAGs
[2022-02-20 23:37:39,891] {logging_mixin.py:109} INFO - [2022-02-20 23:37:39,891] {dag.py:2935} INFO - Setting next_dagrun for example_branch_operator to 2022-02-19 00:00:00+00:00
[2022-02-20 23:37:39,941] {processor.py:171} INFO - Processing /home/airflow/.local/lib/python3.7/site-packages/airflow/example_dags/example_branch_operator.py took 0.377 seconds
[2022-02-20 23:38:10,871] {processor.py:163} INFO - Started process (PID=4193) to work on /home/airflow/.local/lib/python3.7/site-packages/airflow/example_dags/example_branch_operator.py
[2022-02-20 23:38:10,876] {processor.py:642} INFO - Processing file /home/airflow/.local/lib/python3.7/site-packages/airflow/example_dags/example_branch_operator.py for tasks to queue
[2022-02-20 23:38:10,879] {logging_mixin.py:109} INFO - [2022-02-20 23:38:10,879] {dagbag.py:500} INFO - Filling up the DagBag from /home/airflow/.local/lib/python3.7/site-packages/airflow/example_dags/example_branch_operator.py
[2022-02-20 23:38:10,961] {processor.py:654} INFO - DAG(s) dict_keys(['example_branch_operator']) retrieved from /home/airflow/.local/lib/python3.7/site-packages/airflow/example_dags/example_branch_operator.py
[2022-02-20 23:38:11,006] {logging_mixin.py:109} INFO - [2022-02-20 23:38:11,005] {dag.py:2396} INFO - Sync 1 DAGs
[2022-02-20 23:38:11,062] {logging_mixin.py:109} INFO - [2022-02-20 23:38:11,061] {dag.py:2935} INFO - Setting next_dagrun for example_branch_operator to 2022-02-19 00:00:00+00:00
[2022-02-20 23:38:11,089] {processor.py:171} INFO - Processing /home/airflow/.local/lib/python3.7/site-packages/airflow/example_dags/example_branch_operator.py took 0.225 seconds
[2022-02-20 23:38:41,428] {processor.py:163} INFO - Started process (PID=4293) to work on /home/airflow/.local/lib/python3.7/site-packages/airflow/example_dags/example_branch_operator.py
[2022-02-20 23:38:41,434] {processor.py:642} INFO - Processing file /home/airflow/.local/lib/python3.7/site-packages/airflow/example_dags/example_branch_operator.py for tasks to queue
[2022-02-20 23:38:41,439] {logging_mixin.py:109} INFO - [2022-02-20 23:38:41,439] {dagbag.py:500} INFO - Filling up the DagBag from /home/airflow/.local/lib/python3.7/site-packages/airflow/example_dags/example_branch_operator.py
[2022-02-20 23:38:41,585] {processor.py:654} INFO - DAG(s) dict_keys(['example_branch_operator']) retrieved from /home/airflow/.local/lib/python3.7/site-packages/airflow/example_dags/example_branch_operator.py
[2022-02-20 23:38:41,667] {logging_mixin.py:109} INFO - [2022-02-20 23:38:41,667] {dag.py:2396} INFO - Sync 1 DAGs
[2022-02-20 23:38:41,757] {logging_mixin.py:109} INFO - [2022-02-20 23:38:41,756] {dag.py:2935} INFO - Setting next_dagrun for example_branch_operator to 2022-02-19 00:00:00+00:00
[2022-02-20 23:38:41,789] {processor.py:171} INFO - Processing /home/airflow/.local/lib/python3.7/site-packages/airflow/example_dags/example_branch_operator.py took 0.369 seconds
[2022-02-20 23:39:11,901] {processor.py:163} INFO - Started process (PID=4374) to work on /home/airflow/.local/lib/python3.7/site-packages/airflow/example_dags/example_branch_operator.py
[2022-02-20 23:39:11,905] {processor.py:642} INFO - Processing file /home/airflow/.local/lib/python3.7/site-packages/airflow/example_dags/example_branch_operator.py for tasks to queue
[2022-02-20 23:39:11,908] {logging_mixin.py:109} INFO - [2022-02-20 23:39:11,908] {dagbag.py:500} INFO - Filling up the DagBag from /home/airflow/.local/lib/python3.7/site-packages/airflow/example_dags/example_branch_operator.py
[2022-02-20 23:39:11,995] {processor.py:654} INFO - DAG(s) dict_keys(['example_branch_operator']) retrieved from /home/airflow/.local/lib/python3.7/site-packages/airflow/example_dags/example_branch_operator.py
[2022-02-20 23:39:12,043] {logging_mixin.py:109} INFO - [2022-02-20 23:39:12,042] {dag.py:2396} INFO - Sync 1 DAGs
[2022-02-20 23:39:12,108] {logging_mixin.py:109} INFO - [2022-02-20 23:39:12,108] {dag.py:2935} INFO - Setting next_dagrun for example_branch_operator to 2022-02-19 00:00:00+00:00
[2022-02-20 23:39:12,139] {processor.py:171} INFO - Processing /home/airflow/.local/lib/python3.7/site-packages/airflow/example_dags/example_branch_operator.py took 0.245 seconds
[2022-02-20 23:39:42,562] {processor.py:163} INFO - Started process (PID=4473) to work on /home/airflow/.local/lib/python3.7/site-packages/airflow/example_dags/example_branch_operator.py
[2022-02-20 23:39:42,567] {processor.py:642} INFO - Processing file /home/airflow/.local/lib/python3.7/site-packages/airflow/example_dags/example_branch_operator.py for tasks to queue
[2022-02-20 23:39:42,572] {logging_mixin.py:109} INFO - [2022-02-20 23:39:42,571] {dagbag.py:500} INFO - Filling up the DagBag from /home/airflow/.local/lib/python3.7/site-packages/airflow/example_dags/example_branch_operator.py
[2022-02-20 23:39:42,660] {processor.py:654} INFO - DAG(s) dict_keys(['example_branch_operator']) retrieved from /home/airflow/.local/lib/python3.7/site-packages/airflow/example_dags/example_branch_operator.py
[2022-02-20 23:39:42,712] {logging_mixin.py:109} INFO - [2022-02-20 23:39:42,711] {dag.py:2396} INFO - Sync 1 DAGs
[2022-02-20 23:39:42,777] {logging_mixin.py:109} INFO - [2022-02-20 23:39:42,776] {dag.py:2935} INFO - Setting next_dagrun for example_branch_operator to 2022-02-19 00:00:00+00:00
[2022-02-20 23:39:42,809] {processor.py:171} INFO - Processing /home/airflow/.local/lib/python3.7/site-packages/airflow/example_dags/example_branch_operator.py took 0.256 seconds
[2022-02-20 23:40:12,980] {processor.py:163} INFO - Started process (PID=4554) to work on /home/airflow/.local/lib/python3.7/site-packages/airflow/example_dags/example_branch_operator.py
[2022-02-20 23:40:12,983] {processor.py:642} INFO - Processing file /home/airflow/.local/lib/python3.7/site-packages/airflow/example_dags/example_branch_operator.py for tasks to queue
[2022-02-20 23:40:12,987] {logging_mixin.py:109} INFO - [2022-02-20 23:40:12,986] {dagbag.py:500} INFO - Filling up the DagBag from /home/airflow/.local/lib/python3.7/site-packages/airflow/example_dags/example_branch_operator.py
[2022-02-20 23:40:13,063] {processor.py:654} INFO - DAG(s) dict_keys(['example_branch_operator']) retrieved from /home/airflow/.local/lib/python3.7/site-packages/airflow/example_dags/example_branch_operator.py
[2022-02-20 23:40:13,104] {logging_mixin.py:109} INFO - [2022-02-20 23:40:13,103] {dag.py:2396} INFO - Sync 1 DAGs
[2022-02-20 23:40:13,161] {logging_mixin.py:109} INFO - [2022-02-20 23:40:13,160] {dag.py:2935} INFO - Setting next_dagrun for example_branch_operator to 2022-02-19 00:00:00+00:00
[2022-02-20 23:40:13,188] {processor.py:171} INFO - Processing /home/airflow/.local/lib/python3.7/site-packages/airflow/example_dags/example_branch_operator.py took 0.215 seconds
[2022-02-20 23:40:44,040] {processor.py:163} INFO - Started process (PID=4651) to work on /home/airflow/.local/lib/python3.7/site-packages/airflow/example_dags/example_branch_operator.py
[2022-02-20 23:40:44,046] {processor.py:642} INFO - Processing file /home/airflow/.local/lib/python3.7/site-packages/airflow/example_dags/example_branch_operator.py for tasks to queue
[2022-02-20 23:40:44,049] {logging_mixin.py:109} INFO - [2022-02-20 23:40:44,049] {dagbag.py:500} INFO - Filling up the DagBag from /home/airflow/.local/lib/python3.7/site-packages/airflow/example_dags/example_branch_operator.py
[2022-02-20 23:40:44,142] {processor.py:654} INFO - DAG(s) dict_keys(['example_branch_operator']) retrieved from /home/airflow/.local/lib/python3.7/site-packages/airflow/example_dags/example_branch_operator.py
[2022-02-20 23:40:44,192] {logging_mixin.py:109} INFO - [2022-02-20 23:40:44,191] {dag.py:2396} INFO - Sync 1 DAGs
[2022-02-20 23:40:44,274] {logging_mixin.py:109} INFO - [2022-02-20 23:40:44,273] {dag.py:2935} INFO - Setting next_dagrun for example_branch_operator to 2022-02-19 00:00:00+00:00
[2022-02-20 23:40:44,313] {processor.py:171} INFO - Processing /home/airflow/.local/lib/python3.7/site-packages/airflow/example_dags/example_branch_operator.py took 0.283 seconds
[2022-02-20 23:41:14,371] {processor.py:163} INFO - Started process (PID=4743) to work on /home/airflow/.local/lib/python3.7/site-packages/airflow/example_dags/example_branch_operator.py
[2022-02-20 23:41:14,375] {processor.py:642} INFO - Processing file /home/airflow/.local/lib/python3.7/site-packages/airflow/example_dags/example_branch_operator.py for tasks to queue
[2022-02-20 23:41:14,379] {logging_mixin.py:109} INFO - [2022-02-20 23:41:14,378] {dagbag.py:500} INFO - Filling up the DagBag from /home/airflow/.local/lib/python3.7/site-packages/airflow/example_dags/example_branch_operator.py
[2022-02-20 23:41:14,468] {processor.py:654} INFO - DAG(s) dict_keys(['example_branch_operator']) retrieved from /home/airflow/.local/lib/python3.7/site-packages/airflow/example_dags/example_branch_operator.py
[2022-02-20 23:41:14,521] {logging_mixin.py:109} INFO - [2022-02-20 23:41:14,520] {dag.py:2396} INFO - Sync 1 DAGs
[2022-02-20 23:41:14,587] {logging_mixin.py:109} INFO - [2022-02-20 23:41:14,586] {dag.py:2935} INFO - Setting next_dagrun for example_branch_operator to 2022-02-19 00:00:00+00:00
[2022-02-20 23:41:14,617] {processor.py:171} INFO - Processing /home/airflow/.local/lib/python3.7/site-packages/airflow/example_dags/example_branch_operator.py took 0.254 seconds
[2022-02-20 23:41:45,075] {processor.py:163} INFO - Started process (PID=4830) to work on /home/airflow/.local/lib/python3.7/site-packages/airflow/example_dags/example_branch_operator.py
[2022-02-20 23:41:45,080] {processor.py:642} INFO - Processing file /home/airflow/.local/lib/python3.7/site-packages/airflow/example_dags/example_branch_operator.py for tasks to queue
[2022-02-20 23:41:45,102] {logging_mixin.py:109} INFO - [2022-02-20 23:41:45,101] {dagbag.py:500} INFO - Filling up the DagBag from /home/airflow/.local/lib/python3.7/site-packages/airflow/example_dags/example_branch_operator.py
[2022-02-20 23:41:45,197] {processor.py:654} INFO - DAG(s) dict_keys(['example_branch_operator']) retrieved from /home/airflow/.local/lib/python3.7/site-packages/airflow/example_dags/example_branch_operator.py
[2022-02-20 23:41:45,249] {logging_mixin.py:109} INFO - [2022-02-20 23:41:45,249] {dag.py:2396} INFO - Sync 1 DAGs
[2022-02-20 23:41:45,319] {logging_mixin.py:109} INFO - [2022-02-20 23:41:45,319] {dag.py:2935} INFO - Setting next_dagrun for example_branch_operator to 2022-02-19 00:00:00+00:00
[2022-02-20 23:41:45,349] {processor.py:171} INFO - Processing /home/airflow/.local/lib/python3.7/site-packages/airflow/example_dags/example_branch_operator.py took 0.281 seconds
[2022-02-20 23:42:16,014] {processor.py:163} INFO - Started process (PID=4928) to work on /home/airflow/.local/lib/python3.7/site-packages/airflow/example_dags/example_branch_operator.py
[2022-02-20 23:42:16,018] {processor.py:642} INFO - Processing file /home/airflow/.local/lib/python3.7/site-packages/airflow/example_dags/example_branch_operator.py for tasks to queue
[2022-02-20 23:42:16,022] {logging_mixin.py:109} INFO - [2022-02-20 23:42:16,021] {dagbag.py:500} INFO - Filling up the DagBag from /home/airflow/.local/lib/python3.7/site-packages/airflow/example_dags/example_branch_operator.py
[2022-02-20 23:42:16,117] {processor.py:654} INFO - DAG(s) dict_keys(['example_branch_operator']) retrieved from /home/airflow/.local/lib/python3.7/site-packages/airflow/example_dags/example_branch_operator.py
[2022-02-20 23:42:16,168] {logging_mixin.py:109} INFO - [2022-02-20 23:42:16,167] {dag.py:2396} INFO - Sync 1 DAGs
[2022-02-20 23:42:16,233] {logging_mixin.py:109} INFO - [2022-02-20 23:42:16,233] {dag.py:2935} INFO - Setting next_dagrun for example_branch_operator to 2022-02-19 00:00:00+00:00
[2022-02-20 23:42:16,263] {processor.py:171} INFO - Processing /home/airflow/.local/lib/python3.7/site-packages/airflow/example_dags/example_branch_operator.py took 0.258 seconds
[2022-02-20 23:42:46,684] {processor.py:163} INFO - Started process (PID=5012) to work on /home/airflow/.local/lib/python3.7/site-packages/airflow/example_dags/example_branch_operator.py
[2022-02-20 23:42:46,689] {processor.py:642} INFO - Processing file /home/airflow/.local/lib/python3.7/site-packages/airflow/example_dags/example_branch_operator.py for tasks to queue
[2022-02-20 23:42:46,692] {logging_mixin.py:109} INFO - [2022-02-20 23:42:46,691] {dagbag.py:500} INFO - Filling up the DagBag from /home/airflow/.local/lib/python3.7/site-packages/airflow/example_dags/example_branch_operator.py
[2022-02-20 23:42:46,800] {processor.py:654} INFO - DAG(s) dict_keys(['example_branch_operator']) retrieved from /home/airflow/.local/lib/python3.7/site-packages/airflow/example_dags/example_branch_operator.py
[2022-02-20 23:42:46,857] {logging_mixin.py:109} INFO - [2022-02-20 23:42:46,856] {dag.py:2396} INFO - Sync 1 DAGs
[2022-02-20 23:42:46,926] {logging_mixin.py:109} INFO - [2022-02-20 23:42:46,926] {dag.py:2935} INFO - Setting next_dagrun for example_branch_operator to 2022-02-19 00:00:00+00:00
[2022-02-20 23:42:46,956] {processor.py:171} INFO - Processing /home/airflow/.local/lib/python3.7/site-packages/airflow/example_dags/example_branch_operator.py took 0.279 seconds
[2022-02-20 23:43:17,649] {processor.py:163} INFO - Started process (PID=5111) to work on /home/airflow/.local/lib/python3.7/site-packages/airflow/example_dags/example_branch_operator.py
[2022-02-20 23:43:17,654] {processor.py:642} INFO - Processing file /home/airflow/.local/lib/python3.7/site-packages/airflow/example_dags/example_branch_operator.py for tasks to queue
[2022-02-20 23:43:17,658] {logging_mixin.py:109} INFO - [2022-02-20 23:43:17,658] {dagbag.py:500} INFO - Filling up the DagBag from /home/airflow/.local/lib/python3.7/site-packages/airflow/example_dags/example_branch_operator.py
[2022-02-20 23:43:17,751] {processor.py:654} INFO - DAG(s) dict_keys(['example_branch_operator']) retrieved from /home/airflow/.local/lib/python3.7/site-packages/airflow/example_dags/example_branch_operator.py
[2022-02-20 23:43:17,800] {logging_mixin.py:109} INFO - [2022-02-20 23:43:17,799] {dag.py:2396} INFO - Sync 1 DAGs
[2022-02-20 23:43:17,867] {logging_mixin.py:109} INFO - [2022-02-20 23:43:17,866] {dag.py:2935} INFO - Setting next_dagrun for example_branch_operator to 2022-02-19 00:00:00+00:00
[2022-02-20 23:43:17,896] {processor.py:171} INFO - Processing /home/airflow/.local/lib/python3.7/site-packages/airflow/example_dags/example_branch_operator.py took 0.256 seconds
[2022-02-20 23:43:49,249] {processor.py:163} INFO - Started process (PID=5192) to work on /home/airflow/.local/lib/python3.7/site-packages/airflow/example_dags/example_branch_operator.py
[2022-02-20 23:43:49,254] {processor.py:642} INFO - Processing file /home/airflow/.local/lib/python3.7/site-packages/airflow/example_dags/example_branch_operator.py for tasks to queue
[2022-02-20 23:43:49,258] {logging_mixin.py:109} INFO - [2022-02-20 23:43:49,257] {dagbag.py:500} INFO - Filling up the DagBag from /home/airflow/.local/lib/python3.7/site-packages/airflow/example_dags/example_branch_operator.py
[2022-02-20 23:43:49,399] {processor.py:654} INFO - DAG(s) dict_keys(['example_branch_operator']) retrieved from /home/airflow/.local/lib/python3.7/site-packages/airflow/example_dags/example_branch_operator.py
[2022-02-20 23:43:49,456] {logging_mixin.py:109} INFO - [2022-02-20 23:43:49,455] {dag.py:2396} INFO - Sync 1 DAGs
[2022-02-20 23:43:49,557] {logging_mixin.py:109} INFO - [2022-02-20 23:43:49,556] {dag.py:2935} INFO - Setting next_dagrun for example_branch_operator to 2022-02-19 00:00:00+00:00
[2022-02-20 23:43:49,596] {processor.py:171} INFO - Processing /home/airflow/.local/lib/python3.7/site-packages/airflow/example_dags/example_branch_operator.py took 0.361 seconds
[2022-02-20 23:44:20,141] {processor.py:163} INFO - Started process (PID=5287) to work on /home/airflow/.local/lib/python3.7/site-packages/airflow/example_dags/example_branch_operator.py
[2022-02-20 23:44:20,147] {processor.py:642} INFO - Processing file /home/airflow/.local/lib/python3.7/site-packages/airflow/example_dags/example_branch_operator.py for tasks to queue
[2022-02-20 23:44:20,153] {logging_mixin.py:109} INFO - [2022-02-20 23:44:20,153] {dagbag.py:500} INFO - Filling up the DagBag from /home/airflow/.local/lib/python3.7/site-packages/airflow/example_dags/example_branch_operator.py
[2022-02-20 23:44:20,295] {processor.py:654} INFO - DAG(s) dict_keys(['example_branch_operator']) retrieved from /home/airflow/.local/lib/python3.7/site-packages/airflow/example_dags/example_branch_operator.py
[2022-02-20 23:44:20,366] {logging_mixin.py:109} INFO - [2022-02-20 23:44:20,365] {dag.py:2396} INFO - Sync 1 DAGs
[2022-02-20 23:44:20,457] {logging_mixin.py:109} INFO - [2022-02-20 23:44:20,455] {dag.py:2935} INFO - Setting next_dagrun for example_branch_operator to 2022-02-19 00:00:00+00:00
[2022-02-20 23:44:20,498] {processor.py:171} INFO - Processing /home/airflow/.local/lib/python3.7/site-packages/airflow/example_dags/example_branch_operator.py took 0.370 seconds
[2022-02-20 23:44:51,263] {processor.py:163} INFO - Started process (PID=5372) to work on /home/airflow/.local/lib/python3.7/site-packages/airflow/example_dags/example_branch_operator.py
[2022-02-20 23:44:51,268] {processor.py:642} INFO - Processing file /home/airflow/.local/lib/python3.7/site-packages/airflow/example_dags/example_branch_operator.py for tasks to queue
[2022-02-20 23:44:51,273] {logging_mixin.py:109} INFO - [2022-02-20 23:44:51,271] {dagbag.py:500} INFO - Filling up the DagBag from /home/airflow/.local/lib/python3.7/site-packages/airflow/example_dags/example_branch_operator.py
[2022-02-20 23:44:51,377] {processor.py:654} INFO - DAG(s) dict_keys(['example_branch_operator']) retrieved from /home/airflow/.local/lib/python3.7/site-packages/airflow/example_dags/example_branch_operator.py
[2022-02-20 23:44:51,429] {logging_mixin.py:109} INFO - [2022-02-20 23:44:51,429] {dag.py:2396} INFO - Sync 1 DAGs
[2022-02-20 23:44:51,499] {logging_mixin.py:109} INFO - [2022-02-20 23:44:51,499] {dag.py:2935} INFO - Setting next_dagrun for example_branch_operator to 2022-02-19 00:00:00+00:00
[2022-02-20 23:44:51,532] {processor.py:171} INFO - Processing /home/airflow/.local/lib/python3.7/site-packages/airflow/example_dags/example_branch_operator.py took 0.277 seconds
[2022-02-20 23:45:21,751] {processor.py:163} INFO - Started process (PID=5469) to work on /home/airflow/.local/lib/python3.7/site-packages/airflow/example_dags/example_branch_operator.py
[2022-02-20 23:45:21,756] {processor.py:642} INFO - Processing file /home/airflow/.local/lib/python3.7/site-packages/airflow/example_dags/example_branch_operator.py for tasks to queue
[2022-02-20 23:45:21,759] {logging_mixin.py:109} INFO - [2022-02-20 23:45:21,759] {dagbag.py:500} INFO - Filling up the DagBag from /home/airflow/.local/lib/python3.7/site-packages/airflow/example_dags/example_branch_operator.py
[2022-02-20 23:45:21,853] {processor.py:654} INFO - DAG(s) dict_keys(['example_branch_operator']) retrieved from /home/airflow/.local/lib/python3.7/site-packages/airflow/example_dags/example_branch_operator.py
[2022-02-20 23:45:21,905] {logging_mixin.py:109} INFO - [2022-02-20 23:45:21,904] {dag.py:2396} INFO - Sync 1 DAGs
[2022-02-20 23:45:21,970] {logging_mixin.py:109} INFO - [2022-02-20 23:45:21,969] {dag.py:2935} INFO - Setting next_dagrun for example_branch_operator to 2022-02-19 00:00:00+00:00
[2022-02-20 23:45:21,999] {processor.py:171} INFO - Processing /home/airflow/.local/lib/python3.7/site-packages/airflow/example_dags/example_branch_operator.py took 0.255 seconds
[2022-02-20 23:45:53,143] {processor.py:163} INFO - Started process (PID=5554) to work on /home/airflow/.local/lib/python3.7/site-packages/airflow/example_dags/example_branch_operator.py
[2022-02-20 23:45:53,149] {processor.py:642} INFO - Processing file /home/airflow/.local/lib/python3.7/site-packages/airflow/example_dags/example_branch_operator.py for tasks to queue
[2022-02-20 23:45:53,152] {logging_mixin.py:109} INFO - [2022-02-20 23:45:53,151] {dagbag.py:500} INFO - Filling up the DagBag from /home/airflow/.local/lib/python3.7/site-packages/airflow/example_dags/example_branch_operator.py
[2022-02-20 23:45:53,230] {processor.py:654} INFO - DAG(s) dict_keys(['example_branch_operator']) retrieved from /home/airflow/.local/lib/python3.7/site-packages/airflow/example_dags/example_branch_operator.py
[2022-02-20 23:45:53,274] {logging_mixin.py:109} INFO - [2022-02-20 23:45:53,274] {dag.py:2396} INFO - Sync 1 DAGs
[2022-02-20 23:45:53,328] {logging_mixin.py:109} INFO - [2022-02-20 23:45:53,327] {dag.py:2935} INFO - Setting next_dagrun for example_branch_operator to 2022-02-19 00:00:00+00:00
[2022-02-20 23:45:53,353] {processor.py:171} INFO - Processing /home/airflow/.local/lib/python3.7/site-packages/airflow/example_dags/example_branch_operator.py took 0.216 seconds
[2022-02-20 23:46:23,882] {processor.py:163} INFO - Started process (PID=5655) to work on /home/airflow/.local/lib/python3.7/site-packages/airflow/example_dags/example_branch_operator.py
[2022-02-20 23:46:23,887] {processor.py:642} INFO - Processing file /home/airflow/.local/lib/python3.7/site-packages/airflow/example_dags/example_branch_operator.py for tasks to queue
[2022-02-20 23:46:23,893] {logging_mixin.py:109} INFO - [2022-02-20 23:46:23,893] {dagbag.py:500} INFO - Filling up the DagBag from /home/airflow/.local/lib/python3.7/site-packages/airflow/example_dags/example_branch_operator.py
[2022-02-20 23:46:24,089] {processor.py:654} INFO - DAG(s) dict_keys(['example_branch_operator']) retrieved from /home/airflow/.local/lib/python3.7/site-packages/airflow/example_dags/example_branch_operator.py
[2022-02-20 23:46:24,160] {logging_mixin.py:109} INFO - [2022-02-20 23:46:24,159] {dag.py:2396} INFO - Sync 1 DAGs
[2022-02-20 23:46:24,254] {logging_mixin.py:109} INFO - [2022-02-20 23:46:24,254] {dag.py:2935} INFO - Setting next_dagrun for example_branch_operator to 2022-02-19 00:00:00+00:00
[2022-02-20 23:46:24,313] {processor.py:171} INFO - Processing /home/airflow/.local/lib/python3.7/site-packages/airflow/example_dags/example_branch_operator.py took 0.461 seconds
[2022-02-20 23:46:54,943] {processor.py:163} INFO - Started process (PID=5745) to work on /home/airflow/.local/lib/python3.7/site-packages/airflow/example_dags/example_branch_operator.py
[2022-02-20 23:46:54,949] {processor.py:642} INFO - Processing file /home/airflow/.local/lib/python3.7/site-packages/airflow/example_dags/example_branch_operator.py for tasks to queue
[2022-02-20 23:46:54,952] {logging_mixin.py:109} INFO - [2022-02-20 23:46:54,951] {dagbag.py:500} INFO - Filling up the DagBag from /home/airflow/.local/lib/python3.7/site-packages/airflow/example_dags/example_branch_operator.py
[2022-02-20 23:46:55,046] {processor.py:654} INFO - DAG(s) dict_keys(['example_branch_operator']) retrieved from /home/airflow/.local/lib/python3.7/site-packages/airflow/example_dags/example_branch_operator.py
[2022-02-20 23:46:55,102] {logging_mixin.py:109} INFO - [2022-02-20 23:46:55,102] {dag.py:2396} INFO - Sync 1 DAGs
[2022-02-20 23:46:55,172] {logging_mixin.py:109} INFO - [2022-02-20 23:46:55,171] {dag.py:2935} INFO - Setting next_dagrun for example_branch_operator to 2022-02-19 00:00:00+00:00
[2022-02-20 23:46:55,205] {processor.py:171} INFO - Processing /home/airflow/.local/lib/python3.7/site-packages/airflow/example_dags/example_branch_operator.py took 0.269 seconds
[2022-02-20 23:47:25,641] {processor.py:163} INFO - Started process (PID=5832) to work on /home/airflow/.local/lib/python3.7/site-packages/airflow/example_dags/example_branch_operator.py
[2022-02-20 23:47:25,646] {processor.py:642} INFO - Processing file /home/airflow/.local/lib/python3.7/site-packages/airflow/example_dags/example_branch_operator.py for tasks to queue
[2022-02-20 23:47:25,649] {logging_mixin.py:109} INFO - [2022-02-20 23:47:25,648] {dagbag.py:500} INFO - Filling up the DagBag from /home/airflow/.local/lib/python3.7/site-packages/airflow/example_dags/example_branch_operator.py
[2022-02-20 23:47:25,738] {processor.py:654} INFO - DAG(s) dict_keys(['example_branch_operator']) retrieved from /home/airflow/.local/lib/python3.7/site-packages/airflow/example_dags/example_branch_operator.py
[2022-02-20 23:47:25,789] {logging_mixin.py:109} INFO - [2022-02-20 23:47:25,789] {dag.py:2396} INFO - Sync 1 DAGs
[2022-02-20 23:47:25,857] {logging_mixin.py:109} INFO - [2022-02-20 23:47:25,856] {dag.py:2935} INFO - Setting next_dagrun for example_branch_operator to 2022-02-19 00:00:00+00:00
[2022-02-20 23:47:25,889] {processor.py:171} INFO - Processing /home/airflow/.local/lib/python3.7/site-packages/airflow/example_dags/example_branch_operator.py took 0.255 seconds
[2022-02-20 23:47:56,095] {processor.py:163} INFO - Started process (PID=5929) to work on /home/airflow/.local/lib/python3.7/site-packages/airflow/example_dags/example_branch_operator.py
[2022-02-20 23:47:56,099] {processor.py:642} INFO - Processing file /home/airflow/.local/lib/python3.7/site-packages/airflow/example_dags/example_branch_operator.py for tasks to queue
[2022-02-20 23:47:56,103] {logging_mixin.py:109} INFO - [2022-02-20 23:47:56,102] {dagbag.py:500} INFO - Filling up the DagBag from /home/airflow/.local/lib/python3.7/site-packages/airflow/example_dags/example_branch_operator.py
[2022-02-20 23:47:56,195] {processor.py:654} INFO - DAG(s) dict_keys(['example_branch_operator']) retrieved from /home/airflow/.local/lib/python3.7/site-packages/airflow/example_dags/example_branch_operator.py
[2022-02-20 23:47:56,247] {logging_mixin.py:109} INFO - [2022-02-20 23:47:56,246] {dag.py:2396} INFO - Sync 1 DAGs
[2022-02-20 23:47:56,314] {logging_mixin.py:109} INFO - [2022-02-20 23:47:56,313] {dag.py:2935} INFO - Setting next_dagrun for example_branch_operator to 2022-02-19 00:00:00+00:00
[2022-02-20 23:47:56,343] {processor.py:171} INFO - Processing /home/airflow/.local/lib/python3.7/site-packages/airflow/example_dags/example_branch_operator.py took 0.256 seconds
[2022-02-20 23:48:26,921] {processor.py:163} INFO - Started process (PID=6010) to work on /home/airflow/.local/lib/python3.7/site-packages/airflow/example_dags/example_branch_operator.py
[2022-02-20 23:48:26,927] {processor.py:642} INFO - Processing file /home/airflow/.local/lib/python3.7/site-packages/airflow/example_dags/example_branch_operator.py for tasks to queue
[2022-02-20 23:48:26,932] {logging_mixin.py:109} INFO - [2022-02-20 23:48:26,931] {dagbag.py:500} INFO - Filling up the DagBag from /home/airflow/.local/lib/python3.7/site-packages/airflow/example_dags/example_branch_operator.py
[2022-02-20 23:48:27,026] {processor.py:654} INFO - DAG(s) dict_keys(['example_branch_operator']) retrieved from /home/airflow/.local/lib/python3.7/site-packages/airflow/example_dags/example_branch_operator.py
[2022-02-20 23:48:27,090] {logging_mixin.py:109} INFO - [2022-02-20 23:48:27,089] {dag.py:2396} INFO - Sync 1 DAGs
[2022-02-20 23:48:27,169] {logging_mixin.py:109} INFO - [2022-02-20 23:48:27,168] {dag.py:2935} INFO - Setting next_dagrun for example_branch_operator to 2022-02-19 00:00:00+00:00
[2022-02-20 23:48:27,214] {processor.py:171} INFO - Processing /home/airflow/.local/lib/python3.7/site-packages/airflow/example_dags/example_branch_operator.py took 0.300 seconds
[2022-02-20 23:48:57,873] {processor.py:163} INFO - Started process (PID=6107) to work on /home/airflow/.local/lib/python3.7/site-packages/airflow/example_dags/example_branch_operator.py
[2022-02-20 23:48:57,878] {processor.py:642} INFO - Processing file /home/airflow/.local/lib/python3.7/site-packages/airflow/example_dags/example_branch_operator.py for tasks to queue
[2022-02-20 23:48:57,881] {logging_mixin.py:109} INFO - [2022-02-20 23:48:57,881] {dagbag.py:500} INFO - Filling up the DagBag from /home/airflow/.local/lib/python3.7/site-packages/airflow/example_dags/example_branch_operator.py
[2022-02-20 23:48:57,972] {processor.py:654} INFO - DAG(s) dict_keys(['example_branch_operator']) retrieved from /home/airflow/.local/lib/python3.7/site-packages/airflow/example_dags/example_branch_operator.py
[2022-02-20 23:48:58,025] {logging_mixin.py:109} INFO - [2022-02-20 23:48:58,025] {dag.py:2396} INFO - Sync 1 DAGs
[2022-02-20 23:48:58,097] {logging_mixin.py:109} INFO - [2022-02-20 23:48:58,095] {dag.py:2935} INFO - Setting next_dagrun for example_branch_operator to 2022-02-19 00:00:00+00:00
[2022-02-20 23:48:58,129] {processor.py:171} INFO - Processing /home/airflow/.local/lib/python3.7/site-packages/airflow/example_dags/example_branch_operator.py took 0.264 seconds
[2022-02-20 23:49:28,357] {processor.py:163} INFO - Started process (PID=6188) to work on /home/airflow/.local/lib/python3.7/site-packages/airflow/example_dags/example_branch_operator.py
[2022-02-20 23:49:28,364] {processor.py:642} INFO - Processing file /home/airflow/.local/lib/python3.7/site-packages/airflow/example_dags/example_branch_operator.py for tasks to queue
[2022-02-20 23:49:28,368] {logging_mixin.py:109} INFO - [2022-02-20 23:49:28,367] {dagbag.py:500} INFO - Filling up the DagBag from /home/airflow/.local/lib/python3.7/site-packages/airflow/example_dags/example_branch_operator.py
[2022-02-20 23:49:28,472] {processor.py:654} INFO - DAG(s) dict_keys(['example_branch_operator']) retrieved from /home/airflow/.local/lib/python3.7/site-packages/airflow/example_dags/example_branch_operator.py
[2022-02-20 23:49:28,528] {logging_mixin.py:109} INFO - [2022-02-20 23:49:28,528] {dag.py:2396} INFO - Sync 1 DAGs
[2022-02-20 23:49:28,603] {logging_mixin.py:109} INFO - [2022-02-20 23:49:28,603] {dag.py:2935} INFO - Setting next_dagrun for example_branch_operator to 2022-02-19 00:00:00+00:00
[2022-02-20 23:49:28,646] {processor.py:171} INFO - Processing /home/airflow/.local/lib/python3.7/site-packages/airflow/example_dags/example_branch_operator.py took 0.298 seconds
[2022-02-20 23:49:59,090] {processor.py:163} INFO - Started process (PID=6288) to work on /home/airflow/.local/lib/python3.7/site-packages/airflow/example_dags/example_branch_operator.py
[2022-02-20 23:49:59,095] {processor.py:642} INFO - Processing file /home/airflow/.local/lib/python3.7/site-packages/airflow/example_dags/example_branch_operator.py for tasks to queue
[2022-02-20 23:49:59,099] {logging_mixin.py:109} INFO - [2022-02-20 23:49:59,099] {dagbag.py:500} INFO - Filling up the DagBag from /home/airflow/.local/lib/python3.7/site-packages/airflow/example_dags/example_branch_operator.py
[2022-02-20 23:49:59,196] {processor.py:654} INFO - DAG(s) dict_keys(['example_branch_operator']) retrieved from /home/airflow/.local/lib/python3.7/site-packages/airflow/example_dags/example_branch_operator.py
[2022-02-20 23:49:59,250] {logging_mixin.py:109} INFO - [2022-02-20 23:49:59,249] {dag.py:2396} INFO - Sync 1 DAGs
[2022-02-20 23:49:59,318] {logging_mixin.py:109} INFO - [2022-02-20 23:49:59,317] {dag.py:2935} INFO - Setting next_dagrun for example_branch_operator to 2022-02-19 00:00:00+00:00
[2022-02-20 23:49:59,347] {processor.py:171} INFO - Processing /home/airflow/.local/lib/python3.7/site-packages/airflow/example_dags/example_branch_operator.py took 0.266 seconds
[2022-02-20 23:50:30,046] {processor.py:163} INFO - Started process (PID=6369) to work on /home/airflow/.local/lib/python3.7/site-packages/airflow/example_dags/example_branch_operator.py
[2022-02-20 23:50:30,051] {processor.py:642} INFO - Processing file /home/airflow/.local/lib/python3.7/site-packages/airflow/example_dags/example_branch_operator.py for tasks to queue
[2022-02-20 23:50:30,055] {logging_mixin.py:109} INFO - [2022-02-20 23:50:30,054] {dagbag.py:500} INFO - Filling up the DagBag from /home/airflow/.local/lib/python3.7/site-packages/airflow/example_dags/example_branch_operator.py
[2022-02-20 23:50:30,138] {processor.py:654} INFO - DAG(s) dict_keys(['example_branch_operator']) retrieved from /home/airflow/.local/lib/python3.7/site-packages/airflow/example_dags/example_branch_operator.py
[2022-02-20 23:50:30,187] {logging_mixin.py:109} INFO - [2022-02-20 23:50:30,186] {dag.py:2396} INFO - Sync 1 DAGs
[2022-02-20 23:50:30,252] {logging_mixin.py:109} INFO - [2022-02-20 23:50:30,251] {dag.py:2935} INFO - Setting next_dagrun for example_branch_operator to 2022-02-19 00:00:00+00:00
[2022-02-20 23:50:30,283] {processor.py:171} INFO - Processing /home/airflow/.local/lib/python3.7/site-packages/airflow/example_dags/example_branch_operator.py took 0.243 seconds
[2022-02-20 23:51:00,394] {processor.py:163} INFO - Started process (PID=6468) to work on /home/airflow/.local/lib/python3.7/site-packages/airflow/example_dags/example_branch_operator.py
[2022-02-20 23:51:00,400] {processor.py:642} INFO - Processing file /home/airflow/.local/lib/python3.7/site-packages/airflow/example_dags/example_branch_operator.py for tasks to queue
[2022-02-20 23:51:00,405] {logging_mixin.py:109} INFO - [2022-02-20 23:51:00,405] {dagbag.py:500} INFO - Filling up the DagBag from /home/airflow/.local/lib/python3.7/site-packages/airflow/example_dags/example_branch_operator.py
[2022-02-20 23:51:00,526] {processor.py:654} INFO - DAG(s) dict_keys(['example_branch_operator']) retrieved from /home/airflow/.local/lib/python3.7/site-packages/airflow/example_dags/example_branch_operator.py
[2022-02-20 23:51:00,598] {logging_mixin.py:109} INFO - [2022-02-20 23:51:00,598] {dag.py:2396} INFO - Sync 1 DAGs
[2022-02-20 23:51:00,678] {logging_mixin.py:109} INFO - [2022-02-20 23:51:00,677] {dag.py:2935} INFO - Setting next_dagrun for example_branch_operator to 2022-02-19 00:00:00+00:00
[2022-02-20 23:51:00,719] {processor.py:171} INFO - Processing /home/airflow/.local/lib/python3.7/site-packages/airflow/example_dags/example_branch_operator.py took 0.338 seconds
[2022-02-20 23:51:31,466] {processor.py:163} INFO - Started process (PID=6548) to work on /home/airflow/.local/lib/python3.7/site-packages/airflow/example_dags/example_branch_operator.py
[2022-02-20 23:51:31,471] {processor.py:642} INFO - Processing file /home/airflow/.local/lib/python3.7/site-packages/airflow/example_dags/example_branch_operator.py for tasks to queue
[2022-02-20 23:51:31,474] {logging_mixin.py:109} INFO - [2022-02-20 23:51:31,473] {dagbag.py:500} INFO - Filling up the DagBag from /home/airflow/.local/lib/python3.7/site-packages/airflow/example_dags/example_branch_operator.py
[2022-02-20 23:51:31,559] {processor.py:654} INFO - DAG(s) dict_keys(['example_branch_operator']) retrieved from /home/airflow/.local/lib/python3.7/site-packages/airflow/example_dags/example_branch_operator.py
[2022-02-20 23:51:31,604] {logging_mixin.py:109} INFO - [2022-02-20 23:51:31,604] {dag.py:2396} INFO - Sync 1 DAGs
[2022-02-20 23:51:31,667] {logging_mixin.py:109} INFO - [2022-02-20 23:51:31,666] {dag.py:2935} INFO - Setting next_dagrun for example_branch_operator to 2022-02-19 00:00:00+00:00
[2022-02-20 23:51:31,693] {processor.py:171} INFO - Processing /home/airflow/.local/lib/python3.7/site-packages/airflow/example_dags/example_branch_operator.py took 0.235 seconds
[2022-02-20 23:52:02,255] {processor.py:163} INFO - Started process (PID=6647) to work on /home/airflow/.local/lib/python3.7/site-packages/airflow/example_dags/example_branch_operator.py
[2022-02-20 23:52:02,262] {processor.py:642} INFO - Processing file /home/airflow/.local/lib/python3.7/site-packages/airflow/example_dags/example_branch_operator.py for tasks to queue
[2022-02-20 23:52:02,267] {logging_mixin.py:109} INFO - [2022-02-20 23:52:02,266] {dagbag.py:500} INFO - Filling up the DagBag from /home/airflow/.local/lib/python3.7/site-packages/airflow/example_dags/example_branch_operator.py
[2022-02-20 23:52:02,373] {processor.py:654} INFO - DAG(s) dict_keys(['example_branch_operator']) retrieved from /home/airflow/.local/lib/python3.7/site-packages/airflow/example_dags/example_branch_operator.py
[2022-02-20 23:52:02,459] {logging_mixin.py:109} INFO - [2022-02-20 23:52:02,459] {dag.py:2396} INFO - Sync 1 DAGs
[2022-02-20 23:52:02,544] {logging_mixin.py:109} INFO - [2022-02-20 23:52:02,543] {dag.py:2935} INFO - Setting next_dagrun for example_branch_operator to 2022-02-19 00:00:00+00:00
[2022-02-20 23:52:02,576] {processor.py:171} INFO - Processing /home/airflow/.local/lib/python3.7/site-packages/airflow/example_dags/example_branch_operator.py took 0.334 seconds
[2022-02-20 23:52:32,729] {processor.py:163} INFO - Started process (PID=6727) to work on /home/airflow/.local/lib/python3.7/site-packages/airflow/example_dags/example_branch_operator.py
[2022-02-20 23:52:32,733] {processor.py:642} INFO - Processing file /home/airflow/.local/lib/python3.7/site-packages/airflow/example_dags/example_branch_operator.py for tasks to queue
[2022-02-20 23:52:32,735] {logging_mixin.py:109} INFO - [2022-02-20 23:52:32,735] {dagbag.py:500} INFO - Filling up the DagBag from /home/airflow/.local/lib/python3.7/site-packages/airflow/example_dags/example_branch_operator.py
[2022-02-20 23:52:32,803] {processor.py:654} INFO - DAG(s) dict_keys(['example_branch_operator']) retrieved from /home/airflow/.local/lib/python3.7/site-packages/airflow/example_dags/example_branch_operator.py
[2022-02-20 23:52:32,841] {logging_mixin.py:109} INFO - [2022-02-20 23:52:32,840] {dag.py:2396} INFO - Sync 1 DAGs
[2022-02-20 23:52:32,891] {logging_mixin.py:109} INFO - [2022-02-20 23:52:32,891] {dag.py:2935} INFO - Setting next_dagrun for example_branch_operator to 2022-02-19 00:00:00+00:00
[2022-02-20 23:52:32,915] {processor.py:171} INFO - Processing /home/airflow/.local/lib/python3.7/site-packages/airflow/example_dags/example_branch_operator.py took 0.192 seconds
[2022-02-20 23:53:03,109] {processor.py:163} INFO - Started process (PID=6826) to work on /home/airflow/.local/lib/python3.7/site-packages/airflow/example_dags/example_branch_operator.py
[2022-02-20 23:53:03,114] {processor.py:642} INFO - Processing file /home/airflow/.local/lib/python3.7/site-packages/airflow/example_dags/example_branch_operator.py for tasks to queue
[2022-02-20 23:53:03,117] {logging_mixin.py:109} INFO - [2022-02-20 23:53:03,117] {dagbag.py:500} INFO - Filling up the DagBag from /home/airflow/.local/lib/python3.7/site-packages/airflow/example_dags/example_branch_operator.py
[2022-02-20 23:53:03,216] {processor.py:654} INFO - DAG(s) dict_keys(['example_branch_operator']) retrieved from /home/airflow/.local/lib/python3.7/site-packages/airflow/example_dags/example_branch_operator.py
[2022-02-20 23:53:03,278] {logging_mixin.py:109} INFO - [2022-02-20 23:53:03,277] {dag.py:2396} INFO - Sync 1 DAGs
[2022-02-20 23:53:03,351] {logging_mixin.py:109} INFO - [2022-02-20 23:53:03,351] {dag.py:2935} INFO - Setting next_dagrun for example_branch_operator to 2022-02-19 00:00:00+00:00
[2022-02-20 23:53:03,384] {processor.py:171} INFO - Processing /home/airflow/.local/lib/python3.7/site-packages/airflow/example_dags/example_branch_operator.py took 0.284 seconds
[2022-02-20 23:53:33,562] {processor.py:163} INFO - Started process (PID=6913) to work on /home/airflow/.local/lib/python3.7/site-packages/airflow/example_dags/example_branch_operator.py
[2022-02-20 23:53:33,567] {processor.py:642} INFO - Processing file /home/airflow/.local/lib/python3.7/site-packages/airflow/example_dags/example_branch_operator.py for tasks to queue
[2022-02-20 23:53:33,570] {logging_mixin.py:109} INFO - [2022-02-20 23:53:33,569] {dagbag.py:500} INFO - Filling up the DagBag from /home/airflow/.local/lib/python3.7/site-packages/airflow/example_dags/example_branch_operator.py
[2022-02-20 23:53:33,659] {processor.py:654} INFO - DAG(s) dict_keys(['example_branch_operator']) retrieved from /home/airflow/.local/lib/python3.7/site-packages/airflow/example_dags/example_branch_operator.py
[2022-02-20 23:53:33,710] {logging_mixin.py:109} INFO - [2022-02-20 23:53:33,709] {dag.py:2396} INFO - Sync 1 DAGs
[2022-02-20 23:53:33,773] {logging_mixin.py:109} INFO - [2022-02-20 23:53:33,773] {dag.py:2935} INFO - Setting next_dagrun for example_branch_operator to 2022-02-19 00:00:00+00:00
[2022-02-20 23:53:33,801] {processor.py:171} INFO - Processing /home/airflow/.local/lib/python3.7/site-packages/airflow/example_dags/example_branch_operator.py took 0.247 seconds
[2022-02-20 23:54:04,181] {processor.py:163} INFO - Started process (PID=7017) to work on /home/airflow/.local/lib/python3.7/site-packages/airflow/example_dags/example_branch_operator.py
[2022-02-20 23:54:04,186] {processor.py:642} INFO - Processing file /home/airflow/.local/lib/python3.7/site-packages/airflow/example_dags/example_branch_operator.py for tasks to queue
[2022-02-20 23:54:04,189] {logging_mixin.py:109} INFO - [2022-02-20 23:54:04,189] {dagbag.py:500} INFO - Filling up the DagBag from /home/airflow/.local/lib/python3.7/site-packages/airflow/example_dags/example_branch_operator.py
[2022-02-20 23:54:04,278] {processor.py:654} INFO - DAG(s) dict_keys(['example_branch_operator']) retrieved from /home/airflow/.local/lib/python3.7/site-packages/airflow/example_dags/example_branch_operator.py
[2022-02-20 23:54:04,328] {logging_mixin.py:109} INFO - [2022-02-20 23:54:04,327] {dag.py:2396} INFO - Sync 1 DAGs
[2022-02-20 23:54:04,394] {logging_mixin.py:109} INFO - [2022-02-20 23:54:04,393] {dag.py:2935} INFO - Setting next_dagrun for example_branch_operator to 2022-02-19 00:00:00+00:00
[2022-02-20 23:54:04,424] {processor.py:171} INFO - Processing /home/airflow/.local/lib/python3.7/site-packages/airflow/example_dags/example_branch_operator.py took 0.250 seconds
[2022-02-20 23:54:34,515] {processor.py:163} INFO - Started process (PID=7112) to work on /home/airflow/.local/lib/python3.7/site-packages/airflow/example_dags/example_branch_operator.py
[2022-02-20 23:54:34,520] {processor.py:642} INFO - Processing file /home/airflow/.local/lib/python3.7/site-packages/airflow/example_dags/example_branch_operator.py for tasks to queue
[2022-02-20 23:54:34,523] {logging_mixin.py:109} INFO - [2022-02-20 23:54:34,523] {dagbag.py:500} INFO - Filling up the DagBag from /home/airflow/.local/lib/python3.7/site-packages/airflow/example_dags/example_branch_operator.py
[2022-02-20 23:54:34,613] {processor.py:654} INFO - DAG(s) dict_keys(['example_branch_operator']) retrieved from /home/airflow/.local/lib/python3.7/site-packages/airflow/example_dags/example_branch_operator.py
[2022-02-20 23:54:34,663] {logging_mixin.py:109} INFO - [2022-02-20 23:54:34,662] {dag.py:2396} INFO - Sync 1 DAGs
[2022-02-20 23:54:34,729] {logging_mixin.py:109} INFO - [2022-02-20 23:54:34,728] {dag.py:2935} INFO - Setting next_dagrun for example_branch_operator to 2022-02-19 00:00:00+00:00
[2022-02-20 23:54:34,758] {processor.py:171} INFO - Processing /home/airflow/.local/lib/python3.7/site-packages/airflow/example_dags/example_branch_operator.py took 0.250 seconds
[2022-02-20 23:55:05,527] {processor.py:163} INFO - Started process (PID=7199) to work on /home/airflow/.local/lib/python3.7/site-packages/airflow/example_dags/example_branch_operator.py
[2022-02-20 23:55:05,532] {processor.py:642} INFO - Processing file /home/airflow/.local/lib/python3.7/site-packages/airflow/example_dags/example_branch_operator.py for tasks to queue
[2022-02-20 23:55:05,536] {logging_mixin.py:109} INFO - [2022-02-20 23:55:05,535] {dagbag.py:500} INFO - Filling up the DagBag from /home/airflow/.local/lib/python3.7/site-packages/airflow/example_dags/example_branch_operator.py
[2022-02-20 23:55:05,631] {processor.py:654} INFO - DAG(s) dict_keys(['example_branch_operator']) retrieved from /home/airflow/.local/lib/python3.7/site-packages/airflow/example_dags/example_branch_operator.py
[2022-02-20 23:55:05,690] {logging_mixin.py:109} INFO - [2022-02-20 23:55:05,689] {dag.py:2396} INFO - Sync 1 DAGs
[2022-02-20 23:55:05,765] {logging_mixin.py:109} INFO - [2022-02-20 23:55:05,764] {dag.py:2935} INFO - Setting next_dagrun for example_branch_operator to 2022-02-19 00:00:00+00:00
[2022-02-20 23:55:05,797] {processor.py:171} INFO - Processing /home/airflow/.local/lib/python3.7/site-packages/airflow/example_dags/example_branch_operator.py took 0.278 seconds
[2022-02-20 23:55:36,522] {processor.py:163} INFO - Started process (PID=7294) to work on /home/airflow/.local/lib/python3.7/site-packages/airflow/example_dags/example_branch_operator.py
[2022-02-20 23:55:36,528] {processor.py:642} INFO - Processing file /home/airflow/.local/lib/python3.7/site-packages/airflow/example_dags/example_branch_operator.py for tasks to queue
[2022-02-20 23:55:36,533] {logging_mixin.py:109} INFO - [2022-02-20 23:55:36,532] {dagbag.py:500} INFO - Filling up the DagBag from /home/airflow/.local/lib/python3.7/site-packages/airflow/example_dags/example_branch_operator.py
[2022-02-20 23:55:36,636] {processor.py:654} INFO - DAG(s) dict_keys(['example_branch_operator']) retrieved from /home/airflow/.local/lib/python3.7/site-packages/airflow/example_dags/example_branch_operator.py
[2022-02-20 23:55:36,695] {logging_mixin.py:109} INFO - [2022-02-20 23:55:36,694] {dag.py:2396} INFO - Sync 1 DAGs
[2022-02-20 23:55:36,767] {logging_mixin.py:109} INFO - [2022-02-20 23:55:36,767] {dag.py:2935} INFO - Setting next_dagrun for example_branch_operator to 2022-02-19 00:00:00+00:00
[2022-02-20 23:55:36,803] {processor.py:171} INFO - Processing /home/airflow/.local/lib/python3.7/site-packages/airflow/example_dags/example_branch_operator.py took 0.290 seconds
[2022-02-20 23:56:07,010] {processor.py:163} INFO - Started process (PID=7376) to work on /home/airflow/.local/lib/python3.7/site-packages/airflow/example_dags/example_branch_operator.py
[2022-02-20 23:56:07,015] {processor.py:642} INFO - Processing file /home/airflow/.local/lib/python3.7/site-packages/airflow/example_dags/example_branch_operator.py for tasks to queue
[2022-02-20 23:56:07,019] {logging_mixin.py:109} INFO - [2022-02-20 23:56:07,018] {dagbag.py:500} INFO - Filling up the DagBag from /home/airflow/.local/lib/python3.7/site-packages/airflow/example_dags/example_branch_operator.py
[2022-02-20 23:56:07,108] {processor.py:654} INFO - DAG(s) dict_keys(['example_branch_operator']) retrieved from /home/airflow/.local/lib/python3.7/site-packages/airflow/example_dags/example_branch_operator.py
[2022-02-20 23:56:07,158] {logging_mixin.py:109} INFO - [2022-02-20 23:56:07,158] {dag.py:2396} INFO - Sync 1 DAGs
[2022-02-20 23:56:07,227] {logging_mixin.py:109} INFO - [2022-02-20 23:56:07,226] {dag.py:2935} INFO - Setting next_dagrun for example_branch_operator to 2022-02-19 00:00:00+00:00
[2022-02-20 23:56:07,256] {processor.py:171} INFO - Processing /home/airflow/.local/lib/python3.7/site-packages/airflow/example_dags/example_branch_operator.py took 0.254 seconds
