[2022-02-20 23:16:47,694] {processor.py:163} INFO - Started process (PID=495) to work on /home/airflow/.local/lib/python3.7/site-packages/airflow/example_dags/example_trigger_target_dag.py
[2022-02-20 23:16:47,700] {processor.py:642} INFO - Processing file /home/airflow/.local/lib/python3.7/site-packages/airflow/example_dags/example_trigger_target_dag.py for tasks to queue
[2022-02-20 23:16:47,710] {logging_mixin.py:109} INFO - [2022-02-20 23:16:47,710] {dagbag.py:500} INFO - Filling up the DagBag from /home/airflow/.local/lib/python3.7/site-packages/airflow/example_dags/example_trigger_target_dag.py
[2022-02-20 23:16:47,950] {processor.py:654} INFO - DAG(s) dict_keys(['example_trigger_target_dag']) retrieved from /home/airflow/.local/lib/python3.7/site-packages/airflow/example_dags/example_trigger_target_dag.py
[2022-02-20 23:17:02,761] {logging_mixin.py:109} INFO - [2022-02-20 23:17:02,760] {manager.py:496} INFO - Created Permission View: can read on DAG:example_trigger_target_dag
[2022-02-20 23:17:02,790] {logging_mixin.py:109} INFO - [2022-02-20 23:17:02,789] {manager.py:496} INFO - Created Permission View: can edit on DAG:example_trigger_target_dag
[2022-02-20 23:17:02,794] {logging_mixin.py:109} INFO - [2022-02-20 23:17:02,792] {dag.py:2396} INFO - Sync 1 DAGs
[2022-02-20 23:17:02,827] {logging_mixin.py:109} INFO - [2022-02-20 23:17:02,826] {dag.py:2415} INFO - Creating ORM DAG for example_trigger_target_dag
[2022-02-20 23:17:02,858] {logging_mixin.py:109} INFO - [2022-02-20 23:17:02,858] {dag.py:2935} INFO - Setting next_dagrun for example_trigger_target_dag to None
[2022-02-20 23:17:02,910] {processor.py:171} INFO - Processing /home/airflow/.local/lib/python3.7/site-packages/airflow/example_dags/example_trigger_target_dag.py took 15.231 seconds
[2022-02-20 23:17:51,454] {processor.py:163} INFO - Started process (PID=673) to work on /home/airflow/.local/lib/python3.7/site-packages/airflow/example_dags/example_trigger_target_dag.py
[2022-02-20 23:17:51,459] {processor.py:642} INFO - Processing file /home/airflow/.local/lib/python3.7/site-packages/airflow/example_dags/example_trigger_target_dag.py for tasks to queue
[2022-02-20 23:17:51,462] {logging_mixin.py:109} INFO - [2022-02-20 23:17:51,461] {dagbag.py:500} INFO - Filling up the DagBag from /home/airflow/.local/lib/python3.7/site-packages/airflow/example_dags/example_trigger_target_dag.py
[2022-02-20 23:17:51,541] {processor.py:654} INFO - DAG(s) dict_keys(['example_trigger_target_dag']) retrieved from /home/airflow/.local/lib/python3.7/site-packages/airflow/example_dags/example_trigger_target_dag.py
[2022-02-20 23:17:51,579] {logging_mixin.py:109} INFO - [2022-02-20 23:17:51,579] {dag.py:2396} INFO - Sync 1 DAGs
[2022-02-20 23:17:51,629] {logging_mixin.py:109} INFO - [2022-02-20 23:17:51,629] {dag.py:2935} INFO - Setting next_dagrun for example_trigger_target_dag to None
[2022-02-20 23:17:51,658] {processor.py:171} INFO - Processing /home/airflow/.local/lib/python3.7/site-packages/airflow/example_dags/example_trigger_target_dag.py took 0.211 seconds
[2022-02-20 23:18:22,763] {processor.py:163} INFO - Started process (PID=771) to work on /home/airflow/.local/lib/python3.7/site-packages/airflow/example_dags/example_trigger_target_dag.py
[2022-02-20 23:18:22,768] {processor.py:642} INFO - Processing file /home/airflow/.local/lib/python3.7/site-packages/airflow/example_dags/example_trigger_target_dag.py for tasks to queue
[2022-02-20 23:18:22,772] {logging_mixin.py:109} INFO - [2022-02-20 23:18:22,771] {dagbag.py:500} INFO - Filling up the DagBag from /home/airflow/.local/lib/python3.7/site-packages/airflow/example_dags/example_trigger_target_dag.py
[2022-02-20 23:18:22,874] {processor.py:654} INFO - DAG(s) dict_keys(['example_trigger_target_dag']) retrieved from /home/airflow/.local/lib/python3.7/site-packages/airflow/example_dags/example_trigger_target_dag.py
[2022-02-20 23:18:22,947] {logging_mixin.py:109} INFO - [2022-02-20 23:18:22,947] {dag.py:2396} INFO - Sync 1 DAGs
[2022-02-20 23:18:23,025] {logging_mixin.py:109} INFO - [2022-02-20 23:18:23,025] {dag.py:2935} INFO - Setting next_dagrun for example_trigger_target_dag to None
[2022-02-20 23:18:23,057] {processor.py:171} INFO - Processing /home/airflow/.local/lib/python3.7/site-packages/airflow/example_dags/example_trigger_target_dag.py took 0.303 seconds
[2022-02-20 23:18:54,799] {processor.py:163} INFO - Started process (PID=863) to work on /home/airflow/.local/lib/python3.7/site-packages/airflow/example_dags/example_trigger_target_dag.py
[2022-02-20 23:18:54,815] {processor.py:642} INFO - Processing file /home/airflow/.local/lib/python3.7/site-packages/airflow/example_dags/example_trigger_target_dag.py for tasks to queue
[2022-02-20 23:18:54,818] {logging_mixin.py:109} INFO - [2022-02-20 23:18:54,818] {dagbag.py:500} INFO - Filling up the DagBag from /home/airflow/.local/lib/python3.7/site-packages/airflow/example_dags/example_trigger_target_dag.py
[2022-02-20 23:18:54,915] {processor.py:654} INFO - DAG(s) dict_keys(['example_trigger_target_dag']) retrieved from /home/airflow/.local/lib/python3.7/site-packages/airflow/example_dags/example_trigger_target_dag.py
[2022-02-20 23:18:54,975] {logging_mixin.py:109} INFO - [2022-02-20 23:18:54,975] {dag.py:2396} INFO - Sync 1 DAGs
[2022-02-20 23:18:55,037] {logging_mixin.py:109} INFO - [2022-02-20 23:18:55,036] {dag.py:2935} INFO - Setting next_dagrun for example_trigger_target_dag to None
[2022-02-20 23:18:55,072] {processor.py:171} INFO - Processing /home/airflow/.local/lib/python3.7/site-packages/airflow/example_dags/example_trigger_target_dag.py took 0.282 seconds
[2022-02-20 23:19:26,330] {processor.py:163} INFO - Started process (PID=950) to work on /home/airflow/.local/lib/python3.7/site-packages/airflow/example_dags/example_trigger_target_dag.py
[2022-02-20 23:19:26,335] {processor.py:642} INFO - Processing file /home/airflow/.local/lib/python3.7/site-packages/airflow/example_dags/example_trigger_target_dag.py for tasks to queue
[2022-02-20 23:19:26,339] {logging_mixin.py:109} INFO - [2022-02-20 23:19:26,338] {dagbag.py:500} INFO - Filling up the DagBag from /home/airflow/.local/lib/python3.7/site-packages/airflow/example_dags/example_trigger_target_dag.py
[2022-02-20 23:19:26,440] {processor.py:654} INFO - DAG(s) dict_keys(['example_trigger_target_dag']) retrieved from /home/airflow/.local/lib/python3.7/site-packages/airflow/example_dags/example_trigger_target_dag.py
[2022-02-20 23:19:26,484] {logging_mixin.py:109} INFO - [2022-02-20 23:19:26,484] {dag.py:2396} INFO - Sync 1 DAGs
[2022-02-20 23:19:26,540] {logging_mixin.py:109} INFO - [2022-02-20 23:19:26,540] {dag.py:2935} INFO - Setting next_dagrun for example_trigger_target_dag to None
[2022-02-20 23:19:26,576] {processor.py:171} INFO - Processing /home/airflow/.local/lib/python3.7/site-packages/airflow/example_dags/example_trigger_target_dag.py took 0.257 seconds
[2022-02-20 23:19:57,856] {processor.py:163} INFO - Started process (PID=1047) to work on /home/airflow/.local/lib/python3.7/site-packages/airflow/example_dags/example_trigger_target_dag.py
[2022-02-20 23:19:57,862] {processor.py:642} INFO - Processing file /home/airflow/.local/lib/python3.7/site-packages/airflow/example_dags/example_trigger_target_dag.py for tasks to queue
[2022-02-20 23:19:57,867] {logging_mixin.py:109} INFO - [2022-02-20 23:19:57,866] {dagbag.py:500} INFO - Filling up the DagBag from /home/airflow/.local/lib/python3.7/site-packages/airflow/example_dags/example_trigger_target_dag.py
[2022-02-20 23:19:57,974] {processor.py:654} INFO - DAG(s) dict_keys(['example_trigger_target_dag']) retrieved from /home/airflow/.local/lib/python3.7/site-packages/airflow/example_dags/example_trigger_target_dag.py
[2022-02-20 23:19:58,031] {logging_mixin.py:109} INFO - [2022-02-20 23:19:58,030] {dag.py:2396} INFO - Sync 1 DAGs
[2022-02-20 23:19:58,092] {logging_mixin.py:109} INFO - [2022-02-20 23:19:58,091] {dag.py:2935} INFO - Setting next_dagrun for example_trigger_target_dag to None
[2022-02-20 23:19:58,146] {processor.py:171} INFO - Processing /home/airflow/.local/lib/python3.7/site-packages/airflow/example_dags/example_trigger_target_dag.py took 0.299 seconds
[2022-02-20 23:20:30,216] {processor.py:163} INFO - Started process (PID=1127) to work on /home/airflow/.local/lib/python3.7/site-packages/airflow/example_dags/example_trigger_target_dag.py
[2022-02-20 23:20:30,225] {processor.py:642} INFO - Processing file /home/airflow/.local/lib/python3.7/site-packages/airflow/example_dags/example_trigger_target_dag.py for tasks to queue
[2022-02-20 23:20:30,230] {logging_mixin.py:109} INFO - [2022-02-20 23:20:30,229] {dagbag.py:500} INFO - Filling up the DagBag from /home/airflow/.local/lib/python3.7/site-packages/airflow/example_dags/example_trigger_target_dag.py
[2022-02-20 23:20:30,374] {processor.py:654} INFO - DAG(s) dict_keys(['example_trigger_target_dag']) retrieved from /home/airflow/.local/lib/python3.7/site-packages/airflow/example_dags/example_trigger_target_dag.py
[2022-02-20 23:20:30,428] {logging_mixin.py:109} INFO - [2022-02-20 23:20:30,428] {dag.py:2396} INFO - Sync 1 DAGs
[2022-02-20 23:20:30,539] {logging_mixin.py:109} INFO - [2022-02-20 23:20:30,538] {dag.py:2935} INFO - Setting next_dagrun for example_trigger_target_dag to None
[2022-02-20 23:20:30,612] {processor.py:171} INFO - Processing /home/airflow/.local/lib/python3.7/site-packages/airflow/example_dags/example_trigger_target_dag.py took 0.407 seconds
[2022-02-20 23:21:02,454] {processor.py:163} INFO - Started process (PID=1225) to work on /home/airflow/.local/lib/python3.7/site-packages/airflow/example_dags/example_trigger_target_dag.py
[2022-02-20 23:21:02,468] {processor.py:642} INFO - Processing file /home/airflow/.local/lib/python3.7/site-packages/airflow/example_dags/example_trigger_target_dag.py for tasks to queue
[2022-02-20 23:21:02,476] {logging_mixin.py:109} INFO - [2022-02-20 23:21:02,475] {dagbag.py:500} INFO - Filling up the DagBag from /home/airflow/.local/lib/python3.7/site-packages/airflow/example_dags/example_trigger_target_dag.py
[2022-02-20 23:21:02,632] {processor.py:654} INFO - DAG(s) dict_keys(['example_trigger_target_dag']) retrieved from /home/airflow/.local/lib/python3.7/site-packages/airflow/example_dags/example_trigger_target_dag.py
[2022-02-20 23:21:02,678] {logging_mixin.py:109} INFO - [2022-02-20 23:21:02,677] {dag.py:2396} INFO - Sync 1 DAGs
[2022-02-20 23:21:02,749] {logging_mixin.py:109} INFO - [2022-02-20 23:21:02,748] {dag.py:2935} INFO - Setting next_dagrun for example_trigger_target_dag to None
[2022-02-20 23:21:02,804] {processor.py:171} INFO - Processing /home/airflow/.local/lib/python3.7/site-packages/airflow/example_dags/example_trigger_target_dag.py took 0.361 seconds
[2022-02-20 23:21:33,809] {processor.py:163} INFO - Started process (PID=1314) to work on /home/airflow/.local/lib/python3.7/site-packages/airflow/example_dags/example_trigger_target_dag.py
[2022-02-20 23:21:33,814] {processor.py:642} INFO - Processing file /home/airflow/.local/lib/python3.7/site-packages/airflow/example_dags/example_trigger_target_dag.py for tasks to queue
[2022-02-20 23:21:33,818] {logging_mixin.py:109} INFO - [2022-02-20 23:21:33,817] {dagbag.py:500} INFO - Filling up the DagBag from /home/airflow/.local/lib/python3.7/site-packages/airflow/example_dags/example_trigger_target_dag.py
[2022-02-20 23:21:33,937] {processor.py:654} INFO - DAG(s) dict_keys(['example_trigger_target_dag']) retrieved from /home/airflow/.local/lib/python3.7/site-packages/airflow/example_dags/example_trigger_target_dag.py
[2022-02-20 23:21:34,061] {logging_mixin.py:109} INFO - [2022-02-20 23:21:34,059] {dag.py:2396} INFO - Sync 1 DAGs
[2022-02-20 23:21:34,239] {logging_mixin.py:109} INFO - [2022-02-20 23:21:34,239] {dag.py:2935} INFO - Setting next_dagrun for example_trigger_target_dag to None
[2022-02-20 23:21:34,276] {processor.py:171} INFO - Processing /home/airflow/.local/lib/python3.7/site-packages/airflow/example_dags/example_trigger_target_dag.py took 0.475 seconds
[2022-02-20 23:22:05,626] {processor.py:163} INFO - Started process (PID=1404) to work on /home/airflow/.local/lib/python3.7/site-packages/airflow/example_dags/example_trigger_target_dag.py
[2022-02-20 23:22:05,632] {processor.py:642} INFO - Processing file /home/airflow/.local/lib/python3.7/site-packages/airflow/example_dags/example_trigger_target_dag.py for tasks to queue
[2022-02-20 23:22:05,637] {logging_mixin.py:109} INFO - [2022-02-20 23:22:05,636] {dagbag.py:500} INFO - Filling up the DagBag from /home/airflow/.local/lib/python3.7/site-packages/airflow/example_dags/example_trigger_target_dag.py
[2022-02-20 23:22:05,760] {processor.py:654} INFO - DAG(s) dict_keys(['example_trigger_target_dag']) retrieved from /home/airflow/.local/lib/python3.7/site-packages/airflow/example_dags/example_trigger_target_dag.py
[2022-02-20 23:22:05,822] {logging_mixin.py:109} INFO - [2022-02-20 23:22:05,820] {dag.py:2396} INFO - Sync 1 DAGs
[2022-02-20 23:22:05,901] {logging_mixin.py:109} INFO - [2022-02-20 23:22:05,900] {dag.py:2935} INFO - Setting next_dagrun for example_trigger_target_dag to None
[2022-02-20 23:22:05,936] {processor.py:171} INFO - Processing /home/airflow/.local/lib/python3.7/site-packages/airflow/example_dags/example_trigger_target_dag.py took 0.319 seconds
[2022-02-20 23:22:38,150] {processor.py:163} INFO - Started process (PID=1502) to work on /home/airflow/.local/lib/python3.7/site-packages/airflow/example_dags/example_trigger_target_dag.py
[2022-02-20 23:22:38,155] {processor.py:642} INFO - Processing file /home/airflow/.local/lib/python3.7/site-packages/airflow/example_dags/example_trigger_target_dag.py for tasks to queue
[2022-02-20 23:22:38,159] {logging_mixin.py:109} INFO - [2022-02-20 23:22:38,159] {dagbag.py:500} INFO - Filling up the DagBag from /home/airflow/.local/lib/python3.7/site-packages/airflow/example_dags/example_trigger_target_dag.py
[2022-02-20 23:22:38,254] {processor.py:654} INFO - DAG(s) dict_keys(['example_trigger_target_dag']) retrieved from /home/airflow/.local/lib/python3.7/site-packages/airflow/example_dags/example_trigger_target_dag.py
[2022-02-20 23:22:38,300] {logging_mixin.py:109} INFO - [2022-02-20 23:22:38,300] {dag.py:2396} INFO - Sync 1 DAGs
[2022-02-20 23:22:38,356] {logging_mixin.py:109} INFO - [2022-02-20 23:22:38,356] {dag.py:2935} INFO - Setting next_dagrun for example_trigger_target_dag to None
[2022-02-20 23:22:38,390] {processor.py:171} INFO - Processing /home/airflow/.local/lib/python3.7/site-packages/airflow/example_dags/example_trigger_target_dag.py took 0.248 seconds
[2022-02-20 23:23:09,410] {processor.py:163} INFO - Started process (PID=1585) to work on /home/airflow/.local/lib/python3.7/site-packages/airflow/example_dags/example_trigger_target_dag.py
[2022-02-20 23:23:09,415] {processor.py:642} INFO - Processing file /home/airflow/.local/lib/python3.7/site-packages/airflow/example_dags/example_trigger_target_dag.py for tasks to queue
[2022-02-20 23:23:09,418] {logging_mixin.py:109} INFO - [2022-02-20 23:23:09,417] {dagbag.py:500} INFO - Filling up the DagBag from /home/airflow/.local/lib/python3.7/site-packages/airflow/example_dags/example_trigger_target_dag.py
[2022-02-20 23:23:09,502] {processor.py:654} INFO - DAG(s) dict_keys(['example_trigger_target_dag']) retrieved from /home/airflow/.local/lib/python3.7/site-packages/airflow/example_dags/example_trigger_target_dag.py
[2022-02-20 23:23:09,538] {logging_mixin.py:109} INFO - [2022-02-20 23:23:09,537] {dag.py:2396} INFO - Sync 1 DAGs
[2022-02-20 23:23:09,594] {logging_mixin.py:109} INFO - [2022-02-20 23:23:09,593] {dag.py:2935} INFO - Setting next_dagrun for example_trigger_target_dag to None
[2022-02-20 23:23:09,622] {processor.py:171} INFO - Processing /home/airflow/.local/lib/python3.7/site-packages/airflow/example_dags/example_trigger_target_dag.py took 0.220 seconds
[2022-02-20 23:23:41,321] {processor.py:163} INFO - Started process (PID=1683) to work on /home/airflow/.local/lib/python3.7/site-packages/airflow/example_dags/example_trigger_target_dag.py
[2022-02-20 23:23:41,326] {processor.py:642} INFO - Processing file /home/airflow/.local/lib/python3.7/site-packages/airflow/example_dags/example_trigger_target_dag.py for tasks to queue
[2022-02-20 23:23:41,330] {logging_mixin.py:109} INFO - [2022-02-20 23:23:41,330] {dagbag.py:500} INFO - Filling up the DagBag from /home/airflow/.local/lib/python3.7/site-packages/airflow/example_dags/example_trigger_target_dag.py
[2022-02-20 23:23:41,426] {processor.py:654} INFO - DAG(s) dict_keys(['example_trigger_target_dag']) retrieved from /home/airflow/.local/lib/python3.7/site-packages/airflow/example_dags/example_trigger_target_dag.py
[2022-02-20 23:23:41,471] {logging_mixin.py:109} INFO - [2022-02-20 23:23:41,471] {dag.py:2396} INFO - Sync 1 DAGs
[2022-02-20 23:23:41,531] {logging_mixin.py:109} INFO - [2022-02-20 23:23:41,530] {dag.py:2935} INFO - Setting next_dagrun for example_trigger_target_dag to None
[2022-02-20 23:23:41,563] {processor.py:171} INFO - Processing /home/airflow/.local/lib/python3.7/site-packages/airflow/example_dags/example_trigger_target_dag.py took 0.249 seconds
[2022-02-20 23:24:12,254] {processor.py:163} INFO - Started process (PID=1764) to work on /home/airflow/.local/lib/python3.7/site-packages/airflow/example_dags/example_trigger_target_dag.py
[2022-02-20 23:24:12,258] {processor.py:642} INFO - Processing file /home/airflow/.local/lib/python3.7/site-packages/airflow/example_dags/example_trigger_target_dag.py for tasks to queue
[2022-02-20 23:24:12,260] {logging_mixin.py:109} INFO - [2022-02-20 23:24:12,260] {dagbag.py:500} INFO - Filling up the DagBag from /home/airflow/.local/lib/python3.7/site-packages/airflow/example_dags/example_trigger_target_dag.py
[2022-02-20 23:24:12,342] {processor.py:654} INFO - DAG(s) dict_keys(['example_trigger_target_dag']) retrieved from /home/airflow/.local/lib/python3.7/site-packages/airflow/example_dags/example_trigger_target_dag.py
[2022-02-20 23:24:12,380] {logging_mixin.py:109} INFO - [2022-02-20 23:24:12,380] {dag.py:2396} INFO - Sync 1 DAGs
[2022-02-20 23:24:12,432] {logging_mixin.py:109} INFO - [2022-02-20 23:24:12,431] {dag.py:2935} INFO - Setting next_dagrun for example_trigger_target_dag to None
[2022-02-20 23:24:12,459] {processor.py:171} INFO - Processing /home/airflow/.local/lib/python3.7/site-packages/airflow/example_dags/example_trigger_target_dag.py took 0.211 seconds
[2022-02-20 23:24:44,444] {processor.py:163} INFO - Started process (PID=1862) to work on /home/airflow/.local/lib/python3.7/site-packages/airflow/example_dags/example_trigger_target_dag.py
[2022-02-20 23:24:44,448] {processor.py:642} INFO - Processing file /home/airflow/.local/lib/python3.7/site-packages/airflow/example_dags/example_trigger_target_dag.py for tasks to queue
[2022-02-20 23:24:44,452] {logging_mixin.py:109} INFO - [2022-02-20 23:24:44,452] {dagbag.py:500} INFO - Filling up the DagBag from /home/airflow/.local/lib/python3.7/site-packages/airflow/example_dags/example_trigger_target_dag.py
[2022-02-20 23:24:44,545] {processor.py:654} INFO - DAG(s) dict_keys(['example_trigger_target_dag']) retrieved from /home/airflow/.local/lib/python3.7/site-packages/airflow/example_dags/example_trigger_target_dag.py
[2022-02-20 23:24:44,588] {logging_mixin.py:109} INFO - [2022-02-20 23:24:44,587] {dag.py:2396} INFO - Sync 1 DAGs
[2022-02-20 23:24:44,645] {logging_mixin.py:109} INFO - [2022-02-20 23:24:44,643] {dag.py:2935} INFO - Setting next_dagrun for example_trigger_target_dag to None
[2022-02-20 23:24:44,675] {processor.py:171} INFO - Processing /home/airflow/.local/lib/python3.7/site-packages/airflow/example_dags/example_trigger_target_dag.py took 0.239 seconds
[2022-02-20 23:25:16,681] {processor.py:163} INFO - Started process (PID=1959) to work on /home/airflow/.local/lib/python3.7/site-packages/airflow/example_dags/example_trigger_target_dag.py
[2022-02-20 23:25:16,689] {processor.py:642} INFO - Processing file /home/airflow/.local/lib/python3.7/site-packages/airflow/example_dags/example_trigger_target_dag.py for tasks to queue
[2022-02-20 23:25:16,693] {logging_mixin.py:109} INFO - [2022-02-20 23:25:16,693] {dagbag.py:500} INFO - Filling up the DagBag from /home/airflow/.local/lib/python3.7/site-packages/airflow/example_dags/example_trigger_target_dag.py
[2022-02-20 23:25:16,904] {processor.py:654} INFO - DAG(s) dict_keys(['example_trigger_target_dag']) retrieved from /home/airflow/.local/lib/python3.7/site-packages/airflow/example_dags/example_trigger_target_dag.py
[2022-02-20 23:25:16,972] {logging_mixin.py:109} INFO - [2022-02-20 23:25:16,971] {dag.py:2396} INFO - Sync 1 DAGs
[2022-02-20 23:25:17,057] {logging_mixin.py:109} INFO - [2022-02-20 23:25:17,057] {dag.py:2935} INFO - Setting next_dagrun for example_trigger_target_dag to None
[2022-02-20 23:25:17,092] {processor.py:171} INFO - Processing /home/airflow/.local/lib/python3.7/site-packages/airflow/example_dags/example_trigger_target_dag.py took 0.428 seconds
[2022-02-20 23:25:48,457] {processor.py:163} INFO - Started process (PID=2039) to work on /home/airflow/.local/lib/python3.7/site-packages/airflow/example_dags/example_trigger_target_dag.py
[2022-02-20 23:25:48,469] {processor.py:642} INFO - Processing file /home/airflow/.local/lib/python3.7/site-packages/airflow/example_dags/example_trigger_target_dag.py for tasks to queue
[2022-02-20 23:25:48,481] {logging_mixin.py:109} INFO - [2022-02-20 23:25:48,480] {dagbag.py:500} INFO - Filling up the DagBag from /home/airflow/.local/lib/python3.7/site-packages/airflow/example_dags/example_trigger_target_dag.py
[2022-02-20 23:25:48,646] {processor.py:654} INFO - DAG(s) dict_keys(['example_trigger_target_dag']) retrieved from /home/airflow/.local/lib/python3.7/site-packages/airflow/example_dags/example_trigger_target_dag.py
[2022-02-20 23:25:48,694] {logging_mixin.py:109} INFO - [2022-02-20 23:25:48,693] {dag.py:2396} INFO - Sync 1 DAGs
[2022-02-20 23:25:48,756] {logging_mixin.py:109} INFO - [2022-02-20 23:25:48,755] {dag.py:2935} INFO - Setting next_dagrun for example_trigger_target_dag to None
[2022-02-20 23:25:48,795] {processor.py:171} INFO - Processing /home/airflow/.local/lib/python3.7/site-packages/airflow/example_dags/example_trigger_target_dag.py took 0.348 seconds
[2022-02-20 23:26:21,635] {processor.py:163} INFO - Started process (PID=2137) to work on /home/airflow/.local/lib/python3.7/site-packages/airflow/example_dags/example_trigger_target_dag.py
[2022-02-20 23:26:21,646] {processor.py:642} INFO - Processing file /home/airflow/.local/lib/python3.7/site-packages/airflow/example_dags/example_trigger_target_dag.py for tasks to queue
[2022-02-20 23:26:21,651] {logging_mixin.py:109} INFO - [2022-02-20 23:26:21,651] {dagbag.py:500} INFO - Filling up the DagBag from /home/airflow/.local/lib/python3.7/site-packages/airflow/example_dags/example_trigger_target_dag.py
[2022-02-20 23:26:21,794] {processor.py:654} INFO - DAG(s) dict_keys(['example_trigger_target_dag']) retrieved from /home/airflow/.local/lib/python3.7/site-packages/airflow/example_dags/example_trigger_target_dag.py
[2022-02-20 23:26:21,856] {logging_mixin.py:109} INFO - [2022-02-20 23:26:21,856] {dag.py:2396} INFO - Sync 1 DAGs
[2022-02-20 23:26:21,938] {logging_mixin.py:109} INFO - [2022-02-20 23:26:21,937] {dag.py:2935} INFO - Setting next_dagrun for example_trigger_target_dag to None
[2022-02-20 23:26:21,977] {processor.py:171} INFO - Processing /home/airflow/.local/lib/python3.7/site-packages/airflow/example_dags/example_trigger_target_dag.py took 0.360 seconds
[2022-02-20 23:26:52,328] {processor.py:163} INFO - Started process (PID=2218) to work on /home/airflow/.local/lib/python3.7/site-packages/airflow/example_dags/example_trigger_target_dag.py
[2022-02-20 23:26:52,332] {processor.py:642} INFO - Processing file /home/airflow/.local/lib/python3.7/site-packages/airflow/example_dags/example_trigger_target_dag.py for tasks to queue
[2022-02-20 23:26:52,336] {logging_mixin.py:109} INFO - [2022-02-20 23:26:52,335] {dagbag.py:500} INFO - Filling up the DagBag from /home/airflow/.local/lib/python3.7/site-packages/airflow/example_dags/example_trigger_target_dag.py
[2022-02-20 23:26:52,416] {processor.py:654} INFO - DAG(s) dict_keys(['example_trigger_target_dag']) retrieved from /home/airflow/.local/lib/python3.7/site-packages/airflow/example_dags/example_trigger_target_dag.py
[2022-02-20 23:26:52,453] {logging_mixin.py:109} INFO - [2022-02-20 23:26:52,452] {dag.py:2396} INFO - Sync 1 DAGs
[2022-02-20 23:26:52,503] {logging_mixin.py:109} INFO - [2022-02-20 23:26:52,502] {dag.py:2935} INFO - Setting next_dagrun for example_trigger_target_dag to None
[2022-02-20 23:26:52,528] {processor.py:171} INFO - Processing /home/airflow/.local/lib/python3.7/site-packages/airflow/example_dags/example_trigger_target_dag.py took 0.206 seconds
[2022-02-20 23:27:23,816] {processor.py:163} INFO - Started process (PID=2317) to work on /home/airflow/.local/lib/python3.7/site-packages/airflow/example_dags/example_trigger_target_dag.py
[2022-02-20 23:27:23,821] {processor.py:642} INFO - Processing file /home/airflow/.local/lib/python3.7/site-packages/airflow/example_dags/example_trigger_target_dag.py for tasks to queue
[2022-02-20 23:27:23,823] {logging_mixin.py:109} INFO - [2022-02-20 23:27:23,823] {dagbag.py:500} INFO - Filling up the DagBag from /home/airflow/.local/lib/python3.7/site-packages/airflow/example_dags/example_trigger_target_dag.py
[2022-02-20 23:27:23,921] {processor.py:654} INFO - DAG(s) dict_keys(['example_trigger_target_dag']) retrieved from /home/airflow/.local/lib/python3.7/site-packages/airflow/example_dags/example_trigger_target_dag.py
[2022-02-20 23:27:23,967] {logging_mixin.py:109} INFO - [2022-02-20 23:27:23,967] {dag.py:2396} INFO - Sync 1 DAGs
[2022-02-20 23:27:24,027] {logging_mixin.py:109} INFO - [2022-02-20 23:27:24,026] {dag.py:2935} INFO - Setting next_dagrun for example_trigger_target_dag to None
[2022-02-20 23:27:24,057] {processor.py:171} INFO - Processing /home/airflow/.local/lib/python3.7/site-packages/airflow/example_dags/example_trigger_target_dag.py took 0.248 seconds
[2022-02-20 23:27:55,150] {processor.py:163} INFO - Started process (PID=2408) to work on /home/airflow/.local/lib/python3.7/site-packages/airflow/example_dags/example_trigger_target_dag.py
[2022-02-20 23:27:55,156] {processor.py:642} INFO - Processing file /home/airflow/.local/lib/python3.7/site-packages/airflow/example_dags/example_trigger_target_dag.py for tasks to queue
[2022-02-20 23:27:55,167] {logging_mixin.py:109} INFO - [2022-02-20 23:27:55,167] {dagbag.py:500} INFO - Filling up the DagBag from /home/airflow/.local/lib/python3.7/site-packages/airflow/example_dags/example_trigger_target_dag.py
[2022-02-20 23:27:55,284] {processor.py:654} INFO - DAG(s) dict_keys(['example_trigger_target_dag']) retrieved from /home/airflow/.local/lib/python3.7/site-packages/airflow/example_dags/example_trigger_target_dag.py
[2022-02-20 23:27:55,328] {logging_mixin.py:109} INFO - [2022-02-20 23:27:55,327] {dag.py:2396} INFO - Sync 1 DAGs
[2022-02-20 23:27:55,388] {logging_mixin.py:109} INFO - [2022-02-20 23:27:55,388] {dag.py:2935} INFO - Setting next_dagrun for example_trigger_target_dag to None
[2022-02-20 23:27:55,435] {processor.py:171} INFO - Processing /home/airflow/.local/lib/python3.7/site-packages/airflow/example_dags/example_trigger_target_dag.py took 0.294 seconds
[2022-02-20 23:28:26,460] {processor.py:163} INFO - Started process (PID=2495) to work on /home/airflow/.local/lib/python3.7/site-packages/airflow/example_dags/example_trigger_target_dag.py
[2022-02-20 23:28:26,466] {processor.py:642} INFO - Processing file /home/airflow/.local/lib/python3.7/site-packages/airflow/example_dags/example_trigger_target_dag.py for tasks to queue
[2022-02-20 23:28:26,471] {logging_mixin.py:109} INFO - [2022-02-20 23:28:26,470] {dagbag.py:500} INFO - Filling up the DagBag from /home/airflow/.local/lib/python3.7/site-packages/airflow/example_dags/example_trigger_target_dag.py
[2022-02-20 23:28:26,585] {processor.py:654} INFO - DAG(s) dict_keys(['example_trigger_target_dag']) retrieved from /home/airflow/.local/lib/python3.7/site-packages/airflow/example_dags/example_trigger_target_dag.py
[2022-02-20 23:28:26,661] {logging_mixin.py:109} INFO - [2022-02-20 23:28:26,660] {dag.py:2396} INFO - Sync 1 DAGs
[2022-02-20 23:28:26,766] {logging_mixin.py:109} INFO - [2022-02-20 23:28:26,766] {dag.py:2935} INFO - Setting next_dagrun for example_trigger_target_dag to None
[2022-02-20 23:28:26,802] {processor.py:171} INFO - Processing /home/airflow/.local/lib/python3.7/site-packages/airflow/example_dags/example_trigger_target_dag.py took 0.359 seconds
[2022-02-20 23:28:57,947] {processor.py:163} INFO - Started process (PID=2593) to work on /home/airflow/.local/lib/python3.7/site-packages/airflow/example_dags/example_trigger_target_dag.py
[2022-02-20 23:28:57,953] {processor.py:642} INFO - Processing file /home/airflow/.local/lib/python3.7/site-packages/airflow/example_dags/example_trigger_target_dag.py for tasks to queue
[2022-02-20 23:28:57,965] {logging_mixin.py:109} INFO - [2022-02-20 23:28:57,965] {dagbag.py:500} INFO - Filling up the DagBag from /home/airflow/.local/lib/python3.7/site-packages/airflow/example_dags/example_trigger_target_dag.py
[2022-02-20 23:28:58,056] {processor.py:654} INFO - DAG(s) dict_keys(['example_trigger_target_dag']) retrieved from /home/airflow/.local/lib/python3.7/site-packages/airflow/example_dags/example_trigger_target_dag.py
[2022-02-20 23:28:58,099] {logging_mixin.py:109} INFO - [2022-02-20 23:28:58,099] {dag.py:2396} INFO - Sync 1 DAGs
[2022-02-20 23:28:58,163] {logging_mixin.py:109} INFO - [2022-02-20 23:28:58,163] {dag.py:2935} INFO - Setting next_dagrun for example_trigger_target_dag to None
[2022-02-20 23:28:58,196] {processor.py:171} INFO - Processing /home/airflow/.local/lib/python3.7/site-packages/airflow/example_dags/example_trigger_target_dag.py took 0.257 seconds
[2022-02-20 23:29:29,001] {processor.py:163} INFO - Started process (PID=2673) to work on /home/airflow/.local/lib/python3.7/site-packages/airflow/example_dags/example_trigger_target_dag.py
[2022-02-20 23:29:29,006] {processor.py:642} INFO - Processing file /home/airflow/.local/lib/python3.7/site-packages/airflow/example_dags/example_trigger_target_dag.py for tasks to queue
[2022-02-20 23:29:29,009] {logging_mixin.py:109} INFO - [2022-02-20 23:29:29,008] {dagbag.py:500} INFO - Filling up the DagBag from /home/airflow/.local/lib/python3.7/site-packages/airflow/example_dags/example_trigger_target_dag.py
[2022-02-20 23:29:29,107] {processor.py:654} INFO - DAG(s) dict_keys(['example_trigger_target_dag']) retrieved from /home/airflow/.local/lib/python3.7/site-packages/airflow/example_dags/example_trigger_target_dag.py
[2022-02-20 23:29:29,150] {logging_mixin.py:109} INFO - [2022-02-20 23:29:29,149] {dag.py:2396} INFO - Sync 1 DAGs
[2022-02-20 23:29:29,210] {logging_mixin.py:109} INFO - [2022-02-20 23:29:29,209] {dag.py:2935} INFO - Setting next_dagrun for example_trigger_target_dag to None
[2022-02-20 23:29:29,242] {processor.py:171} INFO - Processing /home/airflow/.local/lib/python3.7/site-packages/airflow/example_dags/example_trigger_target_dag.py took 0.249 seconds
[2022-02-20 23:29:59,568] {processor.py:163} INFO - Started process (PID=2771) to work on /home/airflow/.local/lib/python3.7/site-packages/airflow/example_dags/example_trigger_target_dag.py
[2022-02-20 23:29:59,573] {processor.py:642} INFO - Processing file /home/airflow/.local/lib/python3.7/site-packages/airflow/example_dags/example_trigger_target_dag.py for tasks to queue
[2022-02-20 23:29:59,576] {logging_mixin.py:109} INFO - [2022-02-20 23:29:59,576] {dagbag.py:500} INFO - Filling up the DagBag from /home/airflow/.local/lib/python3.7/site-packages/airflow/example_dags/example_trigger_target_dag.py
[2022-02-20 23:29:59,675] {processor.py:654} INFO - DAG(s) dict_keys(['example_trigger_target_dag']) retrieved from /home/airflow/.local/lib/python3.7/site-packages/airflow/example_dags/example_trigger_target_dag.py
[2022-02-20 23:29:59,717] {logging_mixin.py:109} INFO - [2022-02-20 23:29:59,716] {dag.py:2396} INFO - Sync 1 DAGs
[2022-02-20 23:29:59,784] {logging_mixin.py:109} INFO - [2022-02-20 23:29:59,784] {dag.py:2935} INFO - Setting next_dagrun for example_trigger_target_dag to None
[2022-02-20 23:29:59,849] {processor.py:171} INFO - Processing /home/airflow/.local/lib/python3.7/site-packages/airflow/example_dags/example_trigger_target_dag.py took 0.290 seconds
[2022-02-20 23:30:30,342] {processor.py:163} INFO - Started process (PID=2850) to work on /home/airflow/.local/lib/python3.7/site-packages/airflow/example_dags/example_trigger_target_dag.py
[2022-02-20 23:30:30,350] {processor.py:642} INFO - Processing file /home/airflow/.local/lib/python3.7/site-packages/airflow/example_dags/example_trigger_target_dag.py for tasks to queue
[2022-02-20 23:30:30,353] {logging_mixin.py:109} INFO - [2022-02-20 23:30:30,353] {dagbag.py:500} INFO - Filling up the DagBag from /home/airflow/.local/lib/python3.7/site-packages/airflow/example_dags/example_trigger_target_dag.py
[2022-02-20 23:30:30,431] {processor.py:654} INFO - DAG(s) dict_keys(['example_trigger_target_dag']) retrieved from /home/airflow/.local/lib/python3.7/site-packages/airflow/example_dags/example_trigger_target_dag.py
[2022-02-20 23:30:30,469] {logging_mixin.py:109} INFO - [2022-02-20 23:30:30,468] {dag.py:2396} INFO - Sync 1 DAGs
[2022-02-20 23:30:30,515] {logging_mixin.py:109} INFO - [2022-02-20 23:30:30,515] {dag.py:2935} INFO - Setting next_dagrun for example_trigger_target_dag to None
[2022-02-20 23:30:30,540] {processor.py:171} INFO - Processing /home/airflow/.local/lib/python3.7/site-packages/airflow/example_dags/example_trigger_target_dag.py took 0.206 seconds
[2022-02-20 23:31:01,185] {processor.py:163} INFO - Started process (PID=2950) to work on /home/airflow/.local/lib/python3.7/site-packages/airflow/example_dags/example_trigger_target_dag.py
[2022-02-20 23:31:01,192] {processor.py:642} INFO - Processing file /home/airflow/.local/lib/python3.7/site-packages/airflow/example_dags/example_trigger_target_dag.py for tasks to queue
[2022-02-20 23:31:01,195] {logging_mixin.py:109} INFO - [2022-02-20 23:31:01,195] {dagbag.py:500} INFO - Filling up the DagBag from /home/airflow/.local/lib/python3.7/site-packages/airflow/example_dags/example_trigger_target_dag.py
[2022-02-20 23:31:01,276] {processor.py:654} INFO - DAG(s) dict_keys(['example_trigger_target_dag']) retrieved from /home/airflow/.local/lib/python3.7/site-packages/airflow/example_dags/example_trigger_target_dag.py
[2022-02-20 23:31:01,314] {logging_mixin.py:109} INFO - [2022-02-20 23:31:01,314] {dag.py:2396} INFO - Sync 1 DAGs
[2022-02-20 23:31:01,369] {logging_mixin.py:109} INFO - [2022-02-20 23:31:01,369] {dag.py:2935} INFO - Setting next_dagrun for example_trigger_target_dag to None
[2022-02-20 23:31:01,399] {processor.py:171} INFO - Processing /home/airflow/.local/lib/python3.7/site-packages/airflow/example_dags/example_trigger_target_dag.py took 0.221 seconds
[2022-02-20 23:31:31,546] {processor.py:163} INFO - Started process (PID=3032) to work on /home/airflow/.local/lib/python3.7/site-packages/airflow/example_dags/example_trigger_target_dag.py
[2022-02-20 23:31:31,550] {processor.py:642} INFO - Processing file /home/airflow/.local/lib/python3.7/site-packages/airflow/example_dags/example_trigger_target_dag.py for tasks to queue
[2022-02-20 23:31:31,552] {logging_mixin.py:109} INFO - [2022-02-20 23:31:31,552] {dagbag.py:500} INFO - Filling up the DagBag from /home/airflow/.local/lib/python3.7/site-packages/airflow/example_dags/example_trigger_target_dag.py
[2022-02-20 23:31:31,618] {processor.py:654} INFO - DAG(s) dict_keys(['example_trigger_target_dag']) retrieved from /home/airflow/.local/lib/python3.7/site-packages/airflow/example_dags/example_trigger_target_dag.py
[2022-02-20 23:31:31,653] {logging_mixin.py:109} INFO - [2022-02-20 23:31:31,652] {dag.py:2396} INFO - Sync 1 DAGs
[2022-02-20 23:31:31,698] {logging_mixin.py:109} INFO - [2022-02-20 23:31:31,698] {dag.py:2935} INFO - Setting next_dagrun for example_trigger_target_dag to None
[2022-02-20 23:31:31,723] {processor.py:171} INFO - Processing /home/airflow/.local/lib/python3.7/site-packages/airflow/example_dags/example_trigger_target_dag.py took 0.183 seconds
[2022-02-20 23:32:01,836] {processor.py:163} INFO - Started process (PID=3128) to work on /home/airflow/.local/lib/python3.7/site-packages/airflow/example_dags/example_trigger_target_dag.py
[2022-02-20 23:32:01,841] {processor.py:642} INFO - Processing file /home/airflow/.local/lib/python3.7/site-packages/airflow/example_dags/example_trigger_target_dag.py for tasks to queue
[2022-02-20 23:32:01,845] {logging_mixin.py:109} INFO - [2022-02-20 23:32:01,844] {dagbag.py:500} INFO - Filling up the DagBag from /home/airflow/.local/lib/python3.7/site-packages/airflow/example_dags/example_trigger_target_dag.py
[2022-02-20 23:32:01,936] {processor.py:654} INFO - DAG(s) dict_keys(['example_trigger_target_dag']) retrieved from /home/airflow/.local/lib/python3.7/site-packages/airflow/example_dags/example_trigger_target_dag.py
[2022-02-20 23:32:01,975] {logging_mixin.py:109} INFO - [2022-02-20 23:32:01,974] {dag.py:2396} INFO - Sync 1 DAGs
[2022-02-20 23:32:02,030] {logging_mixin.py:109} INFO - [2022-02-20 23:32:02,029] {dag.py:2935} INFO - Setting next_dagrun for example_trigger_target_dag to None
[2022-02-20 23:32:02,061] {processor.py:171} INFO - Processing /home/airflow/.local/lib/python3.7/site-packages/airflow/example_dags/example_trigger_target_dag.py took 0.233 seconds
[2022-02-20 23:32:32,569] {processor.py:163} INFO - Started process (PID=3209) to work on /home/airflow/.local/lib/python3.7/site-packages/airflow/example_dags/example_trigger_target_dag.py
[2022-02-20 23:32:32,573] {processor.py:642} INFO - Processing file /home/airflow/.local/lib/python3.7/site-packages/airflow/example_dags/example_trigger_target_dag.py for tasks to queue
[2022-02-20 23:32:32,576] {logging_mixin.py:109} INFO - [2022-02-20 23:32:32,575] {dagbag.py:500} INFO - Filling up the DagBag from /home/airflow/.local/lib/python3.7/site-packages/airflow/example_dags/example_trigger_target_dag.py
[2022-02-20 23:32:32,641] {processor.py:654} INFO - DAG(s) dict_keys(['example_trigger_target_dag']) retrieved from /home/airflow/.local/lib/python3.7/site-packages/airflow/example_dags/example_trigger_target_dag.py
[2022-02-20 23:32:32,673] {logging_mixin.py:109} INFO - [2022-02-20 23:32:32,672] {dag.py:2396} INFO - Sync 1 DAGs
[2022-02-20 23:32:32,717] {logging_mixin.py:109} INFO - [2022-02-20 23:32:32,717] {dag.py:2935} INFO - Setting next_dagrun for example_trigger_target_dag to None
[2022-02-20 23:32:32,743] {processor.py:171} INFO - Processing /home/airflow/.local/lib/python3.7/site-packages/airflow/example_dags/example_trigger_target_dag.py took 0.180 seconds
[2022-02-20 23:33:03,062] {processor.py:163} INFO - Started process (PID=3306) to work on /home/airflow/.local/lib/python3.7/site-packages/airflow/example_dags/example_trigger_target_dag.py
[2022-02-20 23:33:03,066] {processor.py:642} INFO - Processing file /home/airflow/.local/lib/python3.7/site-packages/airflow/example_dags/example_trigger_target_dag.py for tasks to queue
[2022-02-20 23:33:03,070] {logging_mixin.py:109} INFO - [2022-02-20 23:33:03,069] {dagbag.py:500} INFO - Filling up the DagBag from /home/airflow/.local/lib/python3.7/site-packages/airflow/example_dags/example_trigger_target_dag.py
[2022-02-20 23:33:03,168] {processor.py:654} INFO - DAG(s) dict_keys(['example_trigger_target_dag']) retrieved from /home/airflow/.local/lib/python3.7/site-packages/airflow/example_dags/example_trigger_target_dag.py
[2022-02-20 23:33:03,219] {logging_mixin.py:109} INFO - [2022-02-20 23:33:03,219] {dag.py:2396} INFO - Sync 1 DAGs
[2022-02-20 23:33:03,285] {logging_mixin.py:109} INFO - [2022-02-20 23:33:03,285] {dag.py:2935} INFO - Setting next_dagrun for example_trigger_target_dag to None
[2022-02-20 23:33:03,317] {processor.py:171} INFO - Processing /home/airflow/.local/lib/python3.7/site-packages/airflow/example_dags/example_trigger_target_dag.py took 0.262 seconds
[2022-02-20 23:33:34,562] {processor.py:163} INFO - Started process (PID=3399) to work on /home/airflow/.local/lib/python3.7/site-packages/airflow/example_dags/example_trigger_target_dag.py
[2022-02-20 23:33:34,567] {processor.py:642} INFO - Processing file /home/airflow/.local/lib/python3.7/site-packages/airflow/example_dags/example_trigger_target_dag.py for tasks to queue
[2022-02-20 23:33:34,570] {logging_mixin.py:109} INFO - [2022-02-20 23:33:34,570] {dagbag.py:500} INFO - Filling up the DagBag from /home/airflow/.local/lib/python3.7/site-packages/airflow/example_dags/example_trigger_target_dag.py
[2022-02-20 23:33:34,662] {processor.py:654} INFO - DAG(s) dict_keys(['example_trigger_target_dag']) retrieved from /home/airflow/.local/lib/python3.7/site-packages/airflow/example_dags/example_trigger_target_dag.py
[2022-02-20 23:33:34,703] {logging_mixin.py:109} INFO - [2022-02-20 23:33:34,702] {dag.py:2396} INFO - Sync 1 DAGs
[2022-02-20 23:33:34,758] {logging_mixin.py:109} INFO - [2022-02-20 23:33:34,758] {dag.py:2935} INFO - Setting next_dagrun for example_trigger_target_dag to None
[2022-02-20 23:33:34,789] {processor.py:171} INFO - Processing /home/airflow/.local/lib/python3.7/site-packages/airflow/example_dags/example_trigger_target_dag.py took 0.234 seconds
[2022-02-20 23:34:06,170] {processor.py:163} INFO - Started process (PID=3487) to work on /home/airflow/.local/lib/python3.7/site-packages/airflow/example_dags/example_trigger_target_dag.py
[2022-02-20 23:34:06,176] {processor.py:642} INFO - Processing file /home/airflow/.local/lib/python3.7/site-packages/airflow/example_dags/example_trigger_target_dag.py for tasks to queue
[2022-02-20 23:34:06,180] {logging_mixin.py:109} INFO - [2022-02-20 23:34:06,180] {dagbag.py:500} INFO - Filling up the DagBag from /home/airflow/.local/lib/python3.7/site-packages/airflow/example_dags/example_trigger_target_dag.py
[2022-02-20 23:34:06,278] {processor.py:654} INFO - DAG(s) dict_keys(['example_trigger_target_dag']) retrieved from /home/airflow/.local/lib/python3.7/site-packages/airflow/example_dags/example_trigger_target_dag.py
[2022-02-20 23:34:06,317] {logging_mixin.py:109} INFO - [2022-02-20 23:34:06,317] {dag.py:2396} INFO - Sync 1 DAGs
[2022-02-20 23:34:06,376] {logging_mixin.py:109} INFO - [2022-02-20 23:34:06,376] {dag.py:2935} INFO - Setting next_dagrun for example_trigger_target_dag to None
[2022-02-20 23:34:06,407] {processor.py:171} INFO - Processing /home/airflow/.local/lib/python3.7/site-packages/airflow/example_dags/example_trigger_target_dag.py took 0.246 seconds
[2022-02-20 23:34:37,590] {processor.py:163} INFO - Started process (PID=3584) to work on /home/airflow/.local/lib/python3.7/site-packages/airflow/example_dags/example_trigger_target_dag.py
[2022-02-20 23:34:37,595] {processor.py:642} INFO - Processing file /home/airflow/.local/lib/python3.7/site-packages/airflow/example_dags/example_trigger_target_dag.py for tasks to queue
[2022-02-20 23:34:37,598] {logging_mixin.py:109} INFO - [2022-02-20 23:34:37,597] {dagbag.py:500} INFO - Filling up the DagBag from /home/airflow/.local/lib/python3.7/site-packages/airflow/example_dags/example_trigger_target_dag.py
[2022-02-20 23:34:37,680] {processor.py:654} INFO - DAG(s) dict_keys(['example_trigger_target_dag']) retrieved from /home/airflow/.local/lib/python3.7/site-packages/airflow/example_dags/example_trigger_target_dag.py
[2022-02-20 23:34:37,718] {logging_mixin.py:109} INFO - [2022-02-20 23:34:37,717] {dag.py:2396} INFO - Sync 1 DAGs
[2022-02-20 23:34:37,776] {logging_mixin.py:109} INFO - [2022-02-20 23:34:37,776] {dag.py:2935} INFO - Setting next_dagrun for example_trigger_target_dag to None
[2022-02-20 23:34:37,806] {processor.py:171} INFO - Processing /home/airflow/.local/lib/python3.7/site-packages/airflow/example_dags/example_trigger_target_dag.py took 0.224 seconds
[2022-02-20 23:35:08,306] {processor.py:163} INFO - Started process (PID=3662) to work on /home/airflow/.local/lib/python3.7/site-packages/airflow/example_dags/example_trigger_target_dag.py
[2022-02-20 23:35:08,312] {processor.py:642} INFO - Processing file /home/airflow/.local/lib/python3.7/site-packages/airflow/example_dags/example_trigger_target_dag.py for tasks to queue
[2022-02-20 23:35:08,315] {logging_mixin.py:109} INFO - [2022-02-20 23:35:08,314] {dagbag.py:500} INFO - Filling up the DagBag from /home/airflow/.local/lib/python3.7/site-packages/airflow/example_dags/example_trigger_target_dag.py
[2022-02-20 23:35:08,395] {processor.py:654} INFO - DAG(s) dict_keys(['example_trigger_target_dag']) retrieved from /home/airflow/.local/lib/python3.7/site-packages/airflow/example_dags/example_trigger_target_dag.py
[2022-02-20 23:35:08,431] {logging_mixin.py:109} INFO - [2022-02-20 23:35:08,431] {dag.py:2396} INFO - Sync 1 DAGs
[2022-02-20 23:35:08,483] {logging_mixin.py:109} INFO - [2022-02-20 23:35:08,482] {dag.py:2935} INFO - Setting next_dagrun for example_trigger_target_dag to None
[2022-02-20 23:35:08,510] {processor.py:171} INFO - Processing /home/airflow/.local/lib/python3.7/site-packages/airflow/example_dags/example_trigger_target_dag.py took 0.211 seconds
[2022-02-20 23:35:38,585] {processor.py:163} INFO - Started process (PID=3758) to work on /home/airflow/.local/lib/python3.7/site-packages/airflow/example_dags/example_trigger_target_dag.py
[2022-02-20 23:35:38,590] {processor.py:642} INFO - Processing file /home/airflow/.local/lib/python3.7/site-packages/airflow/example_dags/example_trigger_target_dag.py for tasks to queue
[2022-02-20 23:35:38,593] {logging_mixin.py:109} INFO - [2022-02-20 23:35:38,592] {dagbag.py:500} INFO - Filling up the DagBag from /home/airflow/.local/lib/python3.7/site-packages/airflow/example_dags/example_trigger_target_dag.py
[2022-02-20 23:35:38,680] {processor.py:654} INFO - DAG(s) dict_keys(['example_trigger_target_dag']) retrieved from /home/airflow/.local/lib/python3.7/site-packages/airflow/example_dags/example_trigger_target_dag.py
[2022-02-20 23:35:38,724] {logging_mixin.py:109} INFO - [2022-02-20 23:35:38,724] {dag.py:2396} INFO - Sync 1 DAGs
[2022-02-20 23:35:38,784] {logging_mixin.py:109} INFO - [2022-02-20 23:35:38,783] {dag.py:2935} INFO - Setting next_dagrun for example_trigger_target_dag to None
[2022-02-20 23:35:38,813] {processor.py:171} INFO - Processing /home/airflow/.local/lib/python3.7/site-packages/airflow/example_dags/example_trigger_target_dag.py took 0.237 seconds
[2022-02-20 23:36:09,082] {processor.py:163} INFO - Started process (PID=3839) to work on /home/airflow/.local/lib/python3.7/site-packages/airflow/example_dags/example_trigger_target_dag.py
[2022-02-20 23:36:09,087] {processor.py:642} INFO - Processing file /home/airflow/.local/lib/python3.7/site-packages/airflow/example_dags/example_trigger_target_dag.py for tasks to queue
[2022-02-20 23:36:09,090] {logging_mixin.py:109} INFO - [2022-02-20 23:36:09,090] {dagbag.py:500} INFO - Filling up the DagBag from /home/airflow/.local/lib/python3.7/site-packages/airflow/example_dags/example_trigger_target_dag.py
[2022-02-20 23:36:09,174] {processor.py:654} INFO - DAG(s) dict_keys(['example_trigger_target_dag']) retrieved from /home/airflow/.local/lib/python3.7/site-packages/airflow/example_dags/example_trigger_target_dag.py
[2022-02-20 23:36:09,214] {logging_mixin.py:109} INFO - [2022-02-20 23:36:09,213] {dag.py:2396} INFO - Sync 1 DAGs
[2022-02-20 23:36:09,268] {logging_mixin.py:109} INFO - [2022-02-20 23:36:09,268] {dag.py:2935} INFO - Setting next_dagrun for example_trigger_target_dag to None
[2022-02-20 23:36:09,297] {processor.py:171} INFO - Processing /home/airflow/.local/lib/python3.7/site-packages/airflow/example_dags/example_trigger_target_dag.py took 0.221 seconds
[2022-02-20 23:36:39,378] {processor.py:163} INFO - Started process (PID=3936) to work on /home/airflow/.local/lib/python3.7/site-packages/airflow/example_dags/example_trigger_target_dag.py
[2022-02-20 23:36:39,382] {processor.py:642} INFO - Processing file /home/airflow/.local/lib/python3.7/site-packages/airflow/example_dags/example_trigger_target_dag.py for tasks to queue
[2022-02-20 23:36:39,385] {logging_mixin.py:109} INFO - [2022-02-20 23:36:39,385] {dagbag.py:500} INFO - Filling up the DagBag from /home/airflow/.local/lib/python3.7/site-packages/airflow/example_dags/example_trigger_target_dag.py
[2022-02-20 23:36:39,474] {processor.py:654} INFO - DAG(s) dict_keys(['example_trigger_target_dag']) retrieved from /home/airflow/.local/lib/python3.7/site-packages/airflow/example_dags/example_trigger_target_dag.py
[2022-02-20 23:36:39,535] {logging_mixin.py:109} INFO - [2022-02-20 23:36:39,534] {dag.py:2396} INFO - Sync 1 DAGs
[2022-02-20 23:36:39,591] {logging_mixin.py:109} INFO - [2022-02-20 23:36:39,591] {dag.py:2935} INFO - Setting next_dagrun for example_trigger_target_dag to None
[2022-02-20 23:36:39,621] {processor.py:171} INFO - Processing /home/airflow/.local/lib/python3.7/site-packages/airflow/example_dags/example_trigger_target_dag.py took 0.252 seconds
[2022-02-20 23:37:10,431] {processor.py:163} INFO - Started process (PID=4019) to work on /home/airflow/.local/lib/python3.7/site-packages/airflow/example_dags/example_trigger_target_dag.py
[2022-02-20 23:37:10,436] {processor.py:642} INFO - Processing file /home/airflow/.local/lib/python3.7/site-packages/airflow/example_dags/example_trigger_target_dag.py for tasks to queue
[2022-02-20 23:37:10,439] {logging_mixin.py:109} INFO - [2022-02-20 23:37:10,439] {dagbag.py:500} INFO - Filling up the DagBag from /home/airflow/.local/lib/python3.7/site-packages/airflow/example_dags/example_trigger_target_dag.py
[2022-02-20 23:37:10,529] {processor.py:654} INFO - DAG(s) dict_keys(['example_trigger_target_dag']) retrieved from /home/airflow/.local/lib/python3.7/site-packages/airflow/example_dags/example_trigger_target_dag.py
[2022-02-20 23:37:10,568] {logging_mixin.py:109} INFO - [2022-02-20 23:37:10,568] {dag.py:2396} INFO - Sync 1 DAGs
[2022-02-20 23:37:10,630] {logging_mixin.py:109} INFO - [2022-02-20 23:37:10,629] {dag.py:2935} INFO - Setting next_dagrun for example_trigger_target_dag to None
[2022-02-20 23:37:10,658] {processor.py:171} INFO - Processing /home/airflow/.local/lib/python3.7/site-packages/airflow/example_dags/example_trigger_target_dag.py took 0.235 seconds
[2022-02-20 23:37:40,966] {processor.py:163} INFO - Started process (PID=4115) to work on /home/airflow/.local/lib/python3.7/site-packages/airflow/example_dags/example_trigger_target_dag.py
[2022-02-20 23:37:40,979] {processor.py:642} INFO - Processing file /home/airflow/.local/lib/python3.7/site-packages/airflow/example_dags/example_trigger_target_dag.py for tasks to queue
[2022-02-20 23:37:40,984] {logging_mixin.py:109} INFO - [2022-02-20 23:37:40,983] {dagbag.py:500} INFO - Filling up the DagBag from /home/airflow/.local/lib/python3.7/site-packages/airflow/example_dags/example_trigger_target_dag.py
[2022-02-20 23:37:41,109] {processor.py:654} INFO - DAG(s) dict_keys(['example_trigger_target_dag']) retrieved from /home/airflow/.local/lib/python3.7/site-packages/airflow/example_dags/example_trigger_target_dag.py
[2022-02-20 23:37:41,211] {logging_mixin.py:109} INFO - [2022-02-20 23:37:41,210] {dag.py:2396} INFO - Sync 1 DAGs
[2022-02-20 23:37:41,332] {logging_mixin.py:109} INFO - [2022-02-20 23:37:41,332] {dag.py:2935} INFO - Setting next_dagrun for example_trigger_target_dag to None
[2022-02-20 23:37:41,375] {processor.py:171} INFO - Processing /home/airflow/.local/lib/python3.7/site-packages/airflow/example_dags/example_trigger_target_dag.py took 0.424 seconds
[2022-02-20 23:38:12,121] {processor.py:163} INFO - Started process (PID=4197) to work on /home/airflow/.local/lib/python3.7/site-packages/airflow/example_dags/example_trigger_target_dag.py
[2022-02-20 23:38:12,125] {processor.py:642} INFO - Processing file /home/airflow/.local/lib/python3.7/site-packages/airflow/example_dags/example_trigger_target_dag.py for tasks to queue
[2022-02-20 23:38:12,127] {logging_mixin.py:109} INFO - [2022-02-20 23:38:12,127] {dagbag.py:500} INFO - Filling up the DagBag from /home/airflow/.local/lib/python3.7/site-packages/airflow/example_dags/example_trigger_target_dag.py
[2022-02-20 23:38:12,196] {processor.py:654} INFO - DAG(s) dict_keys(['example_trigger_target_dag']) retrieved from /home/airflow/.local/lib/python3.7/site-packages/airflow/example_dags/example_trigger_target_dag.py
[2022-02-20 23:38:12,230] {logging_mixin.py:109} INFO - [2022-02-20 23:38:12,230] {dag.py:2396} INFO - Sync 1 DAGs
[2022-02-20 23:38:12,280] {logging_mixin.py:109} INFO - [2022-02-20 23:38:12,280] {dag.py:2935} INFO - Setting next_dagrun for example_trigger_target_dag to None
[2022-02-20 23:38:12,306] {processor.py:171} INFO - Processing /home/airflow/.local/lib/python3.7/site-packages/airflow/example_dags/example_trigger_target_dag.py took 0.191 seconds
[2022-02-20 23:38:42,833] {processor.py:163} INFO - Started process (PID=4297) to work on /home/airflow/.local/lib/python3.7/site-packages/airflow/example_dags/example_trigger_target_dag.py
[2022-02-20 23:38:42,839] {processor.py:642} INFO - Processing file /home/airflow/.local/lib/python3.7/site-packages/airflow/example_dags/example_trigger_target_dag.py for tasks to queue
[2022-02-20 23:38:42,843] {logging_mixin.py:109} INFO - [2022-02-20 23:38:42,842] {dagbag.py:500} INFO - Filling up the DagBag from /home/airflow/.local/lib/python3.7/site-packages/airflow/example_dags/example_trigger_target_dag.py
[2022-02-20 23:38:42,938] {processor.py:654} INFO - DAG(s) dict_keys(['example_trigger_target_dag']) retrieved from /home/airflow/.local/lib/python3.7/site-packages/airflow/example_dags/example_trigger_target_dag.py
[2022-02-20 23:38:43,011] {logging_mixin.py:109} INFO - [2022-02-20 23:38:43,011] {dag.py:2396} INFO - Sync 1 DAGs
[2022-02-20 23:38:43,069] {logging_mixin.py:109} INFO - [2022-02-20 23:38:43,068] {dag.py:2935} INFO - Setting next_dagrun for example_trigger_target_dag to None
[2022-02-20 23:38:43,100] {processor.py:171} INFO - Processing /home/airflow/.local/lib/python3.7/site-packages/airflow/example_dags/example_trigger_target_dag.py took 0.274 seconds
[2022-02-20 23:39:13,165] {processor.py:163} INFO - Started process (PID=4376) to work on /home/airflow/.local/lib/python3.7/site-packages/airflow/example_dags/example_trigger_target_dag.py
[2022-02-20 23:39:13,170] {processor.py:642} INFO - Processing file /home/airflow/.local/lib/python3.7/site-packages/airflow/example_dags/example_trigger_target_dag.py for tasks to queue
[2022-02-20 23:39:13,172] {logging_mixin.py:109} INFO - [2022-02-20 23:39:13,172] {dagbag.py:500} INFO - Filling up the DagBag from /home/airflow/.local/lib/python3.7/site-packages/airflow/example_dags/example_trigger_target_dag.py
[2022-02-20 23:39:13,256] {processor.py:654} INFO - DAG(s) dict_keys(['example_trigger_target_dag']) retrieved from /home/airflow/.local/lib/python3.7/site-packages/airflow/example_dags/example_trigger_target_dag.py
[2022-02-20 23:39:13,291] {logging_mixin.py:109} INFO - [2022-02-20 23:39:13,291] {dag.py:2396} INFO - Sync 1 DAGs
[2022-02-20 23:39:13,345] {logging_mixin.py:109} INFO - [2022-02-20 23:39:13,344] {dag.py:2935} INFO - Setting next_dagrun for example_trigger_target_dag to None
[2022-02-20 23:39:13,373] {processor.py:171} INFO - Processing /home/airflow/.local/lib/python3.7/site-packages/airflow/example_dags/example_trigger_target_dag.py took 0.216 seconds
[2022-02-20 23:39:43,875] {processor.py:163} INFO - Started process (PID=4477) to work on /home/airflow/.local/lib/python3.7/site-packages/airflow/example_dags/example_trigger_target_dag.py
[2022-02-20 23:39:43,880] {processor.py:642} INFO - Processing file /home/airflow/.local/lib/python3.7/site-packages/airflow/example_dags/example_trigger_target_dag.py for tasks to queue
[2022-02-20 23:39:43,884] {logging_mixin.py:109} INFO - [2022-02-20 23:39:43,883] {dagbag.py:500} INFO - Filling up the DagBag from /home/airflow/.local/lib/python3.7/site-packages/airflow/example_dags/example_trigger_target_dag.py
[2022-02-20 23:39:43,975] {processor.py:654} INFO - DAG(s) dict_keys(['example_trigger_target_dag']) retrieved from /home/airflow/.local/lib/python3.7/site-packages/airflow/example_dags/example_trigger_target_dag.py
[2022-02-20 23:39:44,017] {logging_mixin.py:109} INFO - [2022-02-20 23:39:44,017] {dag.py:2396} INFO - Sync 1 DAGs
[2022-02-20 23:39:44,072] {logging_mixin.py:109} INFO - [2022-02-20 23:39:44,071] {dag.py:2935} INFO - Setting next_dagrun for example_trigger_target_dag to None
[2022-02-20 23:39:44,104] {processor.py:171} INFO - Processing /home/airflow/.local/lib/python3.7/site-packages/airflow/example_dags/example_trigger_target_dag.py took 0.239 seconds
[2022-02-20 23:40:14,217] {processor.py:163} INFO - Started process (PID=4567) to work on /home/airflow/.local/lib/python3.7/site-packages/airflow/example_dags/example_trigger_target_dag.py
[2022-02-20 23:40:14,222] {processor.py:642} INFO - Processing file /home/airflow/.local/lib/python3.7/site-packages/airflow/example_dags/example_trigger_target_dag.py for tasks to queue
[2022-02-20 23:40:14,227] {logging_mixin.py:109} INFO - [2022-02-20 23:40:14,227] {dagbag.py:500} INFO - Filling up the DagBag from /home/airflow/.local/lib/python3.7/site-packages/airflow/example_dags/example_trigger_target_dag.py
[2022-02-20 23:40:14,321] {processor.py:654} INFO - DAG(s) dict_keys(['example_trigger_target_dag']) retrieved from /home/airflow/.local/lib/python3.7/site-packages/airflow/example_dags/example_trigger_target_dag.py
[2022-02-20 23:40:14,363] {logging_mixin.py:109} INFO - [2022-02-20 23:40:14,363] {dag.py:2396} INFO - Sync 1 DAGs
[2022-02-20 23:40:14,423] {logging_mixin.py:109} INFO - [2022-02-20 23:40:14,422] {dag.py:2935} INFO - Setting next_dagrun for example_trigger_target_dag to None
[2022-02-20 23:40:14,453] {processor.py:171} INFO - Processing /home/airflow/.local/lib/python3.7/site-packages/airflow/example_dags/example_trigger_target_dag.py took 0.244 seconds
[2022-02-20 23:40:45,135] {processor.py:163} INFO - Started process (PID=4654) to work on /home/airflow/.local/lib/python3.7/site-packages/airflow/example_dags/example_trigger_target_dag.py
[2022-02-20 23:40:45,146] {processor.py:642} INFO - Processing file /home/airflow/.local/lib/python3.7/site-packages/airflow/example_dags/example_trigger_target_dag.py for tasks to queue
[2022-02-20 23:40:45,165] {logging_mixin.py:109} INFO - [2022-02-20 23:40:45,165] {dagbag.py:500} INFO - Filling up the DagBag from /home/airflow/.local/lib/python3.7/site-packages/airflow/example_dags/example_trigger_target_dag.py
[2022-02-20 23:40:45,281] {processor.py:654} INFO - DAG(s) dict_keys(['example_trigger_target_dag']) retrieved from /home/airflow/.local/lib/python3.7/site-packages/airflow/example_dags/example_trigger_target_dag.py
[2022-02-20 23:40:45,325] {logging_mixin.py:109} INFO - [2022-02-20 23:40:45,325] {dag.py:2396} INFO - Sync 1 DAGs
[2022-02-20 23:40:45,394] {logging_mixin.py:109} INFO - [2022-02-20 23:40:45,393] {dag.py:2935} INFO - Setting next_dagrun for example_trigger_target_dag to None
[2022-02-20 23:40:45,437] {processor.py:171} INFO - Processing /home/airflow/.local/lib/python3.7/site-packages/airflow/example_dags/example_trigger_target_dag.py took 0.313 seconds
[2022-02-20 23:41:15,676] {processor.py:163} INFO - Started process (PID=4747) to work on /home/airflow/.local/lib/python3.7/site-packages/airflow/example_dags/example_trigger_target_dag.py
[2022-02-20 23:41:15,682] {processor.py:642} INFO - Processing file /home/airflow/.local/lib/python3.7/site-packages/airflow/example_dags/example_trigger_target_dag.py for tasks to queue
[2022-02-20 23:41:15,685] {logging_mixin.py:109} INFO - [2022-02-20 23:41:15,684] {dagbag.py:500} INFO - Filling up the DagBag from /home/airflow/.local/lib/python3.7/site-packages/airflow/example_dags/example_trigger_target_dag.py
[2022-02-20 23:41:15,778] {processor.py:654} INFO - DAG(s) dict_keys(['example_trigger_target_dag']) retrieved from /home/airflow/.local/lib/python3.7/site-packages/airflow/example_dags/example_trigger_target_dag.py
[2022-02-20 23:41:15,819] {logging_mixin.py:109} INFO - [2022-02-20 23:41:15,819] {dag.py:2396} INFO - Sync 1 DAGs
[2022-02-20 23:41:15,881] {logging_mixin.py:109} INFO - [2022-02-20 23:41:15,880] {dag.py:2935} INFO - Setting next_dagrun for example_trigger_target_dag to None
[2022-02-20 23:41:15,917] {processor.py:171} INFO - Processing /home/airflow/.local/lib/python3.7/site-packages/airflow/example_dags/example_trigger_target_dag.py took 0.251 seconds
[2022-02-20 23:41:46,152] {processor.py:163} INFO - Started process (PID=4834) to work on /home/airflow/.local/lib/python3.7/site-packages/airflow/example_dags/example_trigger_target_dag.py
[2022-02-20 23:41:46,158] {processor.py:642} INFO - Processing file /home/airflow/.local/lib/python3.7/site-packages/airflow/example_dags/example_trigger_target_dag.py for tasks to queue
[2022-02-20 23:41:46,162] {logging_mixin.py:109} INFO - [2022-02-20 23:41:46,161] {dagbag.py:500} INFO - Filling up the DagBag from /home/airflow/.local/lib/python3.7/site-packages/airflow/example_dags/example_trigger_target_dag.py
[2022-02-20 23:41:46,248] {processor.py:654} INFO - DAG(s) dict_keys(['example_trigger_target_dag']) retrieved from /home/airflow/.local/lib/python3.7/site-packages/airflow/example_dags/example_trigger_target_dag.py
[2022-02-20 23:41:46,288] {logging_mixin.py:109} INFO - [2022-02-20 23:41:46,288] {dag.py:2396} INFO - Sync 1 DAGs
[2022-02-20 23:41:46,349] {logging_mixin.py:109} INFO - [2022-02-20 23:41:46,348] {dag.py:2935} INFO - Setting next_dagrun for example_trigger_target_dag to None
[2022-02-20 23:41:46,407] {processor.py:171} INFO - Processing /home/airflow/.local/lib/python3.7/site-packages/airflow/example_dags/example_trigger_target_dag.py took 0.262 seconds
[2022-02-20 23:42:17,099] {processor.py:163} INFO - Started process (PID=4932) to work on /home/airflow/.local/lib/python3.7/site-packages/airflow/example_dags/example_trigger_target_dag.py
[2022-02-20 23:42:17,105] {processor.py:642} INFO - Processing file /home/airflow/.local/lib/python3.7/site-packages/airflow/example_dags/example_trigger_target_dag.py for tasks to queue
[2022-02-20 23:42:17,109] {logging_mixin.py:109} INFO - [2022-02-20 23:42:17,109] {dagbag.py:500} INFO - Filling up the DagBag from /home/airflow/.local/lib/python3.7/site-packages/airflow/example_dags/example_trigger_target_dag.py
[2022-02-20 23:42:17,203] {processor.py:654} INFO - DAG(s) dict_keys(['example_trigger_target_dag']) retrieved from /home/airflow/.local/lib/python3.7/site-packages/airflow/example_dags/example_trigger_target_dag.py
[2022-02-20 23:42:17,249] {logging_mixin.py:109} INFO - [2022-02-20 23:42:17,248] {dag.py:2396} INFO - Sync 1 DAGs
[2022-02-20 23:42:17,312] {logging_mixin.py:109} INFO - [2022-02-20 23:42:17,311] {dag.py:2935} INFO - Setting next_dagrun for example_trigger_target_dag to None
[2022-02-20 23:42:17,345] {processor.py:171} INFO - Processing /home/airflow/.local/lib/python3.7/site-packages/airflow/example_dags/example_trigger_target_dag.py took 0.253 seconds
[2022-02-20 23:42:47,822] {processor.py:163} INFO - Started process (PID=5016) to work on /home/airflow/.local/lib/python3.7/site-packages/airflow/example_dags/example_trigger_target_dag.py
[2022-02-20 23:42:47,826] {processor.py:642} INFO - Processing file /home/airflow/.local/lib/python3.7/site-packages/airflow/example_dags/example_trigger_target_dag.py for tasks to queue
[2022-02-20 23:42:47,829] {logging_mixin.py:109} INFO - [2022-02-20 23:42:47,829] {dagbag.py:500} INFO - Filling up the DagBag from /home/airflow/.local/lib/python3.7/site-packages/airflow/example_dags/example_trigger_target_dag.py
[2022-02-20 23:42:47,923] {processor.py:654} INFO - DAG(s) dict_keys(['example_trigger_target_dag']) retrieved from /home/airflow/.local/lib/python3.7/site-packages/airflow/example_dags/example_trigger_target_dag.py
[2022-02-20 23:42:47,966] {logging_mixin.py:109} INFO - [2022-02-20 23:42:47,965] {dag.py:2396} INFO - Sync 1 DAGs
[2022-02-20 23:42:48,027] {logging_mixin.py:109} INFO - [2022-02-20 23:42:48,027] {dag.py:2935} INFO - Setting next_dagrun for example_trigger_target_dag to None
[2022-02-20 23:42:48,074] {processor.py:171} INFO - Processing /home/airflow/.local/lib/python3.7/site-packages/airflow/example_dags/example_trigger_target_dag.py took 0.260 seconds
[2022-02-20 23:43:18,957] {processor.py:163} INFO - Started process (PID=5115) to work on /home/airflow/.local/lib/python3.7/site-packages/airflow/example_dags/example_trigger_target_dag.py
[2022-02-20 23:43:18,961] {processor.py:642} INFO - Processing file /home/airflow/.local/lib/python3.7/site-packages/airflow/example_dags/example_trigger_target_dag.py for tasks to queue
[2022-02-20 23:43:18,964] {logging_mixin.py:109} INFO - [2022-02-20 23:43:18,963] {dagbag.py:500} INFO - Filling up the DagBag from /home/airflow/.local/lib/python3.7/site-packages/airflow/example_dags/example_trigger_target_dag.py
[2022-02-20 23:43:19,064] {processor.py:654} INFO - DAG(s) dict_keys(['example_trigger_target_dag']) retrieved from /home/airflow/.local/lib/python3.7/site-packages/airflow/example_dags/example_trigger_target_dag.py
[2022-02-20 23:43:19,108] {logging_mixin.py:109} INFO - [2022-02-20 23:43:19,108] {dag.py:2396} INFO - Sync 1 DAGs
[2022-02-20 23:43:19,167] {logging_mixin.py:109} INFO - [2022-02-20 23:43:19,166] {dag.py:2935} INFO - Setting next_dagrun for example_trigger_target_dag to None
[2022-02-20 23:43:19,196] {processor.py:171} INFO - Processing /home/airflow/.local/lib/python3.7/site-packages/airflow/example_dags/example_trigger_target_dag.py took 0.247 seconds
[2022-02-20 23:43:50,063] {processor.py:163} INFO - Started process (PID=5196) to work on /home/airflow/.local/lib/python3.7/site-packages/airflow/example_dags/example_trigger_target_dag.py
[2022-02-20 23:43:50,068] {processor.py:642} INFO - Processing file /home/airflow/.local/lib/python3.7/site-packages/airflow/example_dags/example_trigger_target_dag.py for tasks to queue
[2022-02-20 23:43:50,071] {logging_mixin.py:109} INFO - [2022-02-20 23:43:50,070] {dagbag.py:500} INFO - Filling up the DagBag from /home/airflow/.local/lib/python3.7/site-packages/airflow/example_dags/example_trigger_target_dag.py
[2022-02-20 23:43:50,160] {processor.py:654} INFO - DAG(s) dict_keys(['example_trigger_target_dag']) retrieved from /home/airflow/.local/lib/python3.7/site-packages/airflow/example_dags/example_trigger_target_dag.py
[2022-02-20 23:43:50,204] {logging_mixin.py:109} INFO - [2022-02-20 23:43:50,203] {dag.py:2396} INFO - Sync 1 DAGs
[2022-02-20 23:43:50,266] {logging_mixin.py:109} INFO - [2022-02-20 23:43:50,266] {dag.py:2935} INFO - Setting next_dagrun for example_trigger_target_dag to None
[2022-02-20 23:43:50,297] {processor.py:171} INFO - Processing /home/airflow/.local/lib/python3.7/site-packages/airflow/example_dags/example_trigger_target_dag.py took 0.243 seconds
[2022-02-20 23:44:21,867] {processor.py:163} INFO - Started process (PID=5297) to work on /home/airflow/.local/lib/python3.7/site-packages/airflow/example_dags/example_trigger_target_dag.py
[2022-02-20 23:44:21,873] {processor.py:642} INFO - Processing file /home/airflow/.local/lib/python3.7/site-packages/airflow/example_dags/example_trigger_target_dag.py for tasks to queue
[2022-02-20 23:44:21,889] {logging_mixin.py:109} INFO - [2022-02-20 23:44:21,889] {dagbag.py:500} INFO - Filling up the DagBag from /home/airflow/.local/lib/python3.7/site-packages/airflow/example_dags/example_trigger_target_dag.py
[2022-02-20 23:44:22,067] {processor.py:654} INFO - DAG(s) dict_keys(['example_trigger_target_dag']) retrieved from /home/airflow/.local/lib/python3.7/site-packages/airflow/example_dags/example_trigger_target_dag.py
[2022-02-20 23:44:22,145] {logging_mixin.py:109} INFO - [2022-02-20 23:44:22,145] {dag.py:2396} INFO - Sync 1 DAGs
[2022-02-20 23:44:22,212] {logging_mixin.py:109} INFO - [2022-02-20 23:44:22,212] {dag.py:2935} INFO - Setting next_dagrun for example_trigger_target_dag to None
[2022-02-20 23:44:22,270] {processor.py:171} INFO - Processing /home/airflow/.local/lib/python3.7/site-packages/airflow/example_dags/example_trigger_target_dag.py took 0.428 seconds
[2022-02-20 23:44:52,848] {processor.py:163} INFO - Started process (PID=5382) to work on /home/airflow/.local/lib/python3.7/site-packages/airflow/example_dags/example_trigger_target_dag.py
[2022-02-20 23:44:52,852] {processor.py:642} INFO - Processing file /home/airflow/.local/lib/python3.7/site-packages/airflow/example_dags/example_trigger_target_dag.py for tasks to queue
[2022-02-20 23:44:52,854] {logging_mixin.py:109} INFO - [2022-02-20 23:44:52,854] {dagbag.py:500} INFO - Filling up the DagBag from /home/airflow/.local/lib/python3.7/site-packages/airflow/example_dags/example_trigger_target_dag.py
[2022-02-20 23:44:52,919] {processor.py:654} INFO - DAG(s) dict_keys(['example_trigger_target_dag']) retrieved from /home/airflow/.local/lib/python3.7/site-packages/airflow/example_dags/example_trigger_target_dag.py
[2022-02-20 23:44:52,948] {logging_mixin.py:109} INFO - [2022-02-20 23:44:52,948] {dag.py:2396} INFO - Sync 1 DAGs
[2022-02-20 23:44:52,988] {logging_mixin.py:109} INFO - [2022-02-20 23:44:52,988] {dag.py:2935} INFO - Setting next_dagrun for example_trigger_target_dag to None
[2022-02-20 23:44:53,011] {processor.py:171} INFO - Processing /home/airflow/.local/lib/python3.7/site-packages/airflow/example_dags/example_trigger_target_dag.py took 0.169 seconds
[2022-02-20 23:45:23,342] {processor.py:163} INFO - Started process (PID=5479) to work on /home/airflow/.local/lib/python3.7/site-packages/airflow/example_dags/example_trigger_target_dag.py
[2022-02-20 23:45:23,346] {processor.py:642} INFO - Processing file /home/airflow/.local/lib/python3.7/site-packages/airflow/example_dags/example_trigger_target_dag.py for tasks to queue
[2022-02-20 23:45:23,356] {logging_mixin.py:109} INFO - [2022-02-20 23:45:23,355] {dagbag.py:500} INFO - Filling up the DagBag from /home/airflow/.local/lib/python3.7/site-packages/airflow/example_dags/example_trigger_target_dag.py
[2022-02-20 23:45:23,449] {processor.py:654} INFO - DAG(s) dict_keys(['example_trigger_target_dag']) retrieved from /home/airflow/.local/lib/python3.7/site-packages/airflow/example_dags/example_trigger_target_dag.py
[2022-02-20 23:45:23,492] {logging_mixin.py:109} INFO - [2022-02-20 23:45:23,491] {dag.py:2396} INFO - Sync 1 DAGs
[2022-02-20 23:45:23,557] {logging_mixin.py:109} INFO - [2022-02-20 23:45:23,557] {dag.py:2935} INFO - Setting next_dagrun for example_trigger_target_dag to None
[2022-02-20 23:45:23,595] {processor.py:171} INFO - Processing /home/airflow/.local/lib/python3.7/site-packages/airflow/example_dags/example_trigger_target_dag.py took 0.261 seconds
[2022-02-20 23:45:54,411] {processor.py:163} INFO - Started process (PID=5572) to work on /home/airflow/.local/lib/python3.7/site-packages/airflow/example_dags/example_trigger_target_dag.py
[2022-02-20 23:45:54,416] {processor.py:642} INFO - Processing file /home/airflow/.local/lib/python3.7/site-packages/airflow/example_dags/example_trigger_target_dag.py for tasks to queue
[2022-02-20 23:45:54,419] {logging_mixin.py:109} INFO - [2022-02-20 23:45:54,419] {dagbag.py:500} INFO - Filling up the DagBag from /home/airflow/.local/lib/python3.7/site-packages/airflow/example_dags/example_trigger_target_dag.py
[2022-02-20 23:45:54,548] {processor.py:654} INFO - DAG(s) dict_keys(['example_trigger_target_dag']) retrieved from /home/airflow/.local/lib/python3.7/site-packages/airflow/example_dags/example_trigger_target_dag.py
[2022-02-20 23:45:54,603] {logging_mixin.py:109} INFO - [2022-02-20 23:45:54,602] {dag.py:2396} INFO - Sync 1 DAGs
[2022-02-20 23:45:54,689] {logging_mixin.py:109} INFO - [2022-02-20 23:45:54,689] {dag.py:2935} INFO - Setting next_dagrun for example_trigger_target_dag to None
[2022-02-20 23:45:54,768] {processor.py:171} INFO - Processing /home/airflow/.local/lib/python3.7/site-packages/airflow/example_dags/example_trigger_target_dag.py took 0.366 seconds
[2022-02-20 23:46:25,376] {processor.py:163} INFO - Started process (PID=5659) to work on /home/airflow/.local/lib/python3.7/site-packages/airflow/example_dags/example_trigger_target_dag.py
[2022-02-20 23:46:25,385] {processor.py:642} INFO - Processing file /home/airflow/.local/lib/python3.7/site-packages/airflow/example_dags/example_trigger_target_dag.py for tasks to queue
[2022-02-20 23:46:25,389] {logging_mixin.py:109} INFO - [2022-02-20 23:46:25,388] {dagbag.py:500} INFO - Filling up the DagBag from /home/airflow/.local/lib/python3.7/site-packages/airflow/example_dags/example_trigger_target_dag.py
[2022-02-20 23:46:25,490] {processor.py:654} INFO - DAG(s) dict_keys(['example_trigger_target_dag']) retrieved from /home/airflow/.local/lib/python3.7/site-packages/airflow/example_dags/example_trigger_target_dag.py
[2022-02-20 23:46:25,532] {logging_mixin.py:109} INFO - [2022-02-20 23:46:25,531] {dag.py:2396} INFO - Sync 1 DAGs
[2022-02-20 23:46:25,592] {logging_mixin.py:109} INFO - [2022-02-20 23:46:25,591] {dag.py:2935} INFO - Setting next_dagrun for example_trigger_target_dag to None
[2022-02-20 23:46:25,627] {processor.py:171} INFO - Processing /home/airflow/.local/lib/python3.7/site-packages/airflow/example_dags/example_trigger_target_dag.py took 0.260 seconds
[2022-02-20 23:46:56,257] {processor.py:163} INFO - Started process (PID=5755) to work on /home/airflow/.local/lib/python3.7/site-packages/airflow/example_dags/example_trigger_target_dag.py
[2022-02-20 23:46:56,263] {processor.py:642} INFO - Processing file /home/airflow/.local/lib/python3.7/site-packages/airflow/example_dags/example_trigger_target_dag.py for tasks to queue
[2022-02-20 23:46:56,266] {logging_mixin.py:109} INFO - [2022-02-20 23:46:56,266] {dagbag.py:500} INFO - Filling up the DagBag from /home/airflow/.local/lib/python3.7/site-packages/airflow/example_dags/example_trigger_target_dag.py
[2022-02-20 23:46:56,363] {processor.py:654} INFO - DAG(s) dict_keys(['example_trigger_target_dag']) retrieved from /home/airflow/.local/lib/python3.7/site-packages/airflow/example_dags/example_trigger_target_dag.py
[2022-02-20 23:46:56,403] {logging_mixin.py:109} INFO - [2022-02-20 23:46:56,403] {dag.py:2396} INFO - Sync 1 DAGs
[2022-02-20 23:46:56,459] {logging_mixin.py:109} INFO - [2022-02-20 23:46:56,458] {dag.py:2935} INFO - Setting next_dagrun for example_trigger_target_dag to None
[2022-02-20 23:46:56,488] {processor.py:171} INFO - Processing /home/airflow/.local/lib/python3.7/site-packages/airflow/example_dags/example_trigger_target_dag.py took 0.239 seconds
[2022-02-20 23:47:26,950] {processor.py:163} INFO - Started process (PID=5836) to work on /home/airflow/.local/lib/python3.7/site-packages/airflow/example_dags/example_trigger_target_dag.py
[2022-02-20 23:47:26,955] {processor.py:642} INFO - Processing file /home/airflow/.local/lib/python3.7/site-packages/airflow/example_dags/example_trigger_target_dag.py for tasks to queue
[2022-02-20 23:47:26,960] {logging_mixin.py:109} INFO - [2022-02-20 23:47:26,960] {dagbag.py:500} INFO - Filling up the DagBag from /home/airflow/.local/lib/python3.7/site-packages/airflow/example_dags/example_trigger_target_dag.py
[2022-02-20 23:47:27,049] {processor.py:654} INFO - DAG(s) dict_keys(['example_trigger_target_dag']) retrieved from /home/airflow/.local/lib/python3.7/site-packages/airflow/example_dags/example_trigger_target_dag.py
[2022-02-20 23:47:27,087] {logging_mixin.py:109} INFO - [2022-02-20 23:47:27,086] {dag.py:2396} INFO - Sync 1 DAGs
[2022-02-20 23:47:27,143] {logging_mixin.py:109} INFO - [2022-02-20 23:47:27,143] {dag.py:2935} INFO - Setting next_dagrun for example_trigger_target_dag to None
[2022-02-20 23:47:27,177] {processor.py:171} INFO - Processing /home/airflow/.local/lib/python3.7/site-packages/airflow/example_dags/example_trigger_target_dag.py took 0.242 seconds
[2022-02-20 23:47:57,405] {processor.py:163} INFO - Started process (PID=5935) to work on /home/airflow/.local/lib/python3.7/site-packages/airflow/example_dags/example_trigger_target_dag.py
[2022-02-20 23:47:57,410] {processor.py:642} INFO - Processing file /home/airflow/.local/lib/python3.7/site-packages/airflow/example_dags/example_trigger_target_dag.py for tasks to queue
[2022-02-20 23:47:57,413] {logging_mixin.py:109} INFO - [2022-02-20 23:47:57,413] {dagbag.py:500} INFO - Filling up the DagBag from /home/airflow/.local/lib/python3.7/site-packages/airflow/example_dags/example_trigger_target_dag.py
[2022-02-20 23:47:57,515] {processor.py:654} INFO - DAG(s) dict_keys(['example_trigger_target_dag']) retrieved from /home/airflow/.local/lib/python3.7/site-packages/airflow/example_dags/example_trigger_target_dag.py
[2022-02-20 23:47:57,570] {logging_mixin.py:109} INFO - [2022-02-20 23:47:57,570] {dag.py:2396} INFO - Sync 1 DAGs
[2022-02-20 23:47:57,629] {logging_mixin.py:109} INFO - [2022-02-20 23:47:57,629] {dag.py:2935} INFO - Setting next_dagrun for example_trigger_target_dag to None
[2022-02-20 23:47:57,678] {processor.py:171} INFO - Processing /home/airflow/.local/lib/python3.7/site-packages/airflow/example_dags/example_trigger_target_dag.py took 0.279 seconds
[2022-02-20 23:48:28,285] {processor.py:163} INFO - Started process (PID=6014) to work on /home/airflow/.local/lib/python3.7/site-packages/airflow/example_dags/example_trigger_target_dag.py
[2022-02-20 23:48:28,291] {processor.py:642} INFO - Processing file /home/airflow/.local/lib/python3.7/site-packages/airflow/example_dags/example_trigger_target_dag.py for tasks to queue
[2022-02-20 23:48:28,296] {logging_mixin.py:109} INFO - [2022-02-20 23:48:28,295] {dagbag.py:500} INFO - Filling up the DagBag from /home/airflow/.local/lib/python3.7/site-packages/airflow/example_dags/example_trigger_target_dag.py
[2022-02-20 23:48:28,401] {processor.py:654} INFO - DAG(s) dict_keys(['example_trigger_target_dag']) retrieved from /home/airflow/.local/lib/python3.7/site-packages/airflow/example_dags/example_trigger_target_dag.py
[2022-02-20 23:48:28,444] {logging_mixin.py:109} INFO - [2022-02-20 23:48:28,444] {dag.py:2396} INFO - Sync 1 DAGs
[2022-02-20 23:48:28,501] {logging_mixin.py:109} INFO - [2022-02-20 23:48:28,500] {dag.py:2935} INFO - Setting next_dagrun for example_trigger_target_dag to None
[2022-02-20 23:48:28,534] {processor.py:171} INFO - Processing /home/airflow/.local/lib/python3.7/site-packages/airflow/example_dags/example_trigger_target_dag.py took 0.257 seconds
[2022-02-20 23:48:59,185] {processor.py:163} INFO - Started process (PID=6111) to work on /home/airflow/.local/lib/python3.7/site-packages/airflow/example_dags/example_trigger_target_dag.py
[2022-02-20 23:48:59,190] {processor.py:642} INFO - Processing file /home/airflow/.local/lib/python3.7/site-packages/airflow/example_dags/example_trigger_target_dag.py for tasks to queue
[2022-02-20 23:48:59,194] {logging_mixin.py:109} INFO - [2022-02-20 23:48:59,193] {dagbag.py:500} INFO - Filling up the DagBag from /home/airflow/.local/lib/python3.7/site-packages/airflow/example_dags/example_trigger_target_dag.py
[2022-02-20 23:48:59,285] {processor.py:654} INFO - DAG(s) dict_keys(['example_trigger_target_dag']) retrieved from /home/airflow/.local/lib/python3.7/site-packages/airflow/example_dags/example_trigger_target_dag.py
[2022-02-20 23:48:59,323] {logging_mixin.py:109} INFO - [2022-02-20 23:48:59,323] {dag.py:2396} INFO - Sync 1 DAGs
[2022-02-20 23:48:59,387] {logging_mixin.py:109} INFO - [2022-02-20 23:48:59,386] {dag.py:2935} INFO - Setting next_dagrun for example_trigger_target_dag to None
[2022-02-20 23:48:59,421] {processor.py:171} INFO - Processing /home/airflow/.local/lib/python3.7/site-packages/airflow/example_dags/example_trigger_target_dag.py took 0.244 seconds
[2022-02-20 23:49:29,697] {processor.py:163} INFO - Started process (PID=6192) to work on /home/airflow/.local/lib/python3.7/site-packages/airflow/example_dags/example_trigger_target_dag.py
[2022-02-20 23:49:29,701] {processor.py:642} INFO - Processing file /home/airflow/.local/lib/python3.7/site-packages/airflow/example_dags/example_trigger_target_dag.py for tasks to queue
[2022-02-20 23:49:29,705] {logging_mixin.py:109} INFO - [2022-02-20 23:49:29,704] {dagbag.py:500} INFO - Filling up the DagBag from /home/airflow/.local/lib/python3.7/site-packages/airflow/example_dags/example_trigger_target_dag.py
[2022-02-20 23:49:29,789] {processor.py:654} INFO - DAG(s) dict_keys(['example_trigger_target_dag']) retrieved from /home/airflow/.local/lib/python3.7/site-packages/airflow/example_dags/example_trigger_target_dag.py
[2022-02-20 23:49:29,825] {logging_mixin.py:109} INFO - [2022-02-20 23:49:29,824] {dag.py:2396} INFO - Sync 1 DAGs
[2022-02-20 23:49:29,871] {logging_mixin.py:109} INFO - [2022-02-20 23:49:29,871] {dag.py:2935} INFO - Setting next_dagrun for example_trigger_target_dag to None
[2022-02-20 23:49:29,898] {processor.py:171} INFO - Processing /home/airflow/.local/lib/python3.7/site-packages/airflow/example_dags/example_trigger_target_dag.py took 0.209 seconds
[2022-02-20 23:50:00,402] {processor.py:163} INFO - Started process (PID=6292) to work on /home/airflow/.local/lib/python3.7/site-packages/airflow/example_dags/example_trigger_target_dag.py
[2022-02-20 23:50:00,408] {processor.py:642} INFO - Processing file /home/airflow/.local/lib/python3.7/site-packages/airflow/example_dags/example_trigger_target_dag.py for tasks to queue
[2022-02-20 23:50:00,411] {logging_mixin.py:109} INFO - [2022-02-20 23:50:00,411] {dagbag.py:500} INFO - Filling up the DagBag from /home/airflow/.local/lib/python3.7/site-packages/airflow/example_dags/example_trigger_target_dag.py
[2022-02-20 23:50:00,512] {processor.py:654} INFO - DAG(s) dict_keys(['example_trigger_target_dag']) retrieved from /home/airflow/.local/lib/python3.7/site-packages/airflow/example_dags/example_trigger_target_dag.py
[2022-02-20 23:50:00,554] {logging_mixin.py:109} INFO - [2022-02-20 23:50:00,554] {dag.py:2396} INFO - Sync 1 DAGs
[2022-02-20 23:50:00,611] {logging_mixin.py:109} INFO - [2022-02-20 23:50:00,611] {dag.py:2935} INFO - Setting next_dagrun for example_trigger_target_dag to None
[2022-02-20 23:50:00,649] {processor.py:171} INFO - Processing /home/airflow/.local/lib/python3.7/site-packages/airflow/example_dags/example_trigger_target_dag.py took 0.255 seconds
[2022-02-20 23:50:31,601] {processor.py:163} INFO - Started process (PID=6373) to work on /home/airflow/.local/lib/python3.7/site-packages/airflow/example_dags/example_trigger_target_dag.py
[2022-02-20 23:50:31,606] {processor.py:642} INFO - Processing file /home/airflow/.local/lib/python3.7/site-packages/airflow/example_dags/example_trigger_target_dag.py for tasks to queue
[2022-02-20 23:50:31,609] {logging_mixin.py:109} INFO - [2022-02-20 23:50:31,608] {dagbag.py:500} INFO - Filling up the DagBag from /home/airflow/.local/lib/python3.7/site-packages/airflow/example_dags/example_trigger_target_dag.py
[2022-02-20 23:50:31,698] {processor.py:654} INFO - DAG(s) dict_keys(['example_trigger_target_dag']) retrieved from /home/airflow/.local/lib/python3.7/site-packages/airflow/example_dags/example_trigger_target_dag.py
[2022-02-20 23:50:31,736] {logging_mixin.py:109} INFO - [2022-02-20 23:50:31,736] {dag.py:2396} INFO - Sync 1 DAGs
[2022-02-20 23:50:31,801] {logging_mixin.py:109} INFO - [2022-02-20 23:50:31,800] {dag.py:2935} INFO - Setting next_dagrun for example_trigger_target_dag to None
[2022-02-20 23:50:31,832] {processor.py:171} INFO - Processing /home/airflow/.local/lib/python3.7/site-packages/airflow/example_dags/example_trigger_target_dag.py took 0.239 seconds
[2022-02-20 23:51:03,105] {processor.py:163} INFO - Started process (PID=6478) to work on /home/airflow/.local/lib/python3.7/site-packages/airflow/example_dags/example_trigger_target_dag.py
[2022-02-20 23:51:03,113] {processor.py:642} INFO - Processing file /home/airflow/.local/lib/python3.7/site-packages/airflow/example_dags/example_trigger_target_dag.py for tasks to queue
[2022-02-20 23:51:03,120] {logging_mixin.py:109} INFO - [2022-02-20 23:51:03,119] {dagbag.py:500} INFO - Filling up the DagBag from /home/airflow/.local/lib/python3.7/site-packages/airflow/example_dags/example_trigger_target_dag.py
[2022-02-20 23:51:03,334] {processor.py:654} INFO - DAG(s) dict_keys(['example_trigger_target_dag']) retrieved from /home/airflow/.local/lib/python3.7/site-packages/airflow/example_dags/example_trigger_target_dag.py
[2022-02-20 23:51:03,396] {logging_mixin.py:109} INFO - [2022-02-20 23:51:03,396] {dag.py:2396} INFO - Sync 1 DAGs
[2022-02-20 23:51:03,484] {logging_mixin.py:109} INFO - [2022-02-20 23:51:03,483] {dag.py:2935} INFO - Setting next_dagrun for example_trigger_target_dag to None
[2022-02-20 23:51:03,532] {processor.py:171} INFO - Processing /home/airflow/.local/lib/python3.7/site-packages/airflow/example_dags/example_trigger_target_dag.py took 0.435 seconds
[2022-02-20 23:51:33,976] {processor.py:163} INFO - Started process (PID=6560) to work on /home/airflow/.local/lib/python3.7/site-packages/airflow/example_dags/example_trigger_target_dag.py
[2022-02-20 23:51:33,980] {processor.py:642} INFO - Processing file /home/airflow/.local/lib/python3.7/site-packages/airflow/example_dags/example_trigger_target_dag.py for tasks to queue
[2022-02-20 23:51:33,983] {logging_mixin.py:109} INFO - [2022-02-20 23:51:33,983] {dagbag.py:500} INFO - Filling up the DagBag from /home/airflow/.local/lib/python3.7/site-packages/airflow/example_dags/example_trigger_target_dag.py
[2022-02-20 23:51:34,065] {processor.py:654} INFO - DAG(s) dict_keys(['example_trigger_target_dag']) retrieved from /home/airflow/.local/lib/python3.7/site-packages/airflow/example_dags/example_trigger_target_dag.py
[2022-02-20 23:51:34,106] {logging_mixin.py:109} INFO - [2022-02-20 23:51:34,106] {dag.py:2396} INFO - Sync 1 DAGs
[2022-02-20 23:51:34,179] {logging_mixin.py:109} INFO - [2022-02-20 23:51:34,179] {dag.py:2935} INFO - Setting next_dagrun for example_trigger_target_dag to None
[2022-02-20 23:51:34,210] {processor.py:171} INFO - Processing /home/airflow/.local/lib/python3.7/site-packages/airflow/example_dags/example_trigger_target_dag.py took 0.240 seconds
[2022-02-20 23:52:04,650] {processor.py:163} INFO - Started process (PID=6659) to work on /home/airflow/.local/lib/python3.7/site-packages/airflow/example_dags/example_trigger_target_dag.py
[2022-02-20 23:52:04,655] {processor.py:642} INFO - Processing file /home/airflow/.local/lib/python3.7/site-packages/airflow/example_dags/example_trigger_target_dag.py for tasks to queue
[2022-02-20 23:52:04,658] {logging_mixin.py:109} INFO - [2022-02-20 23:52:04,658] {dagbag.py:500} INFO - Filling up the DagBag from /home/airflow/.local/lib/python3.7/site-packages/airflow/example_dags/example_trigger_target_dag.py
[2022-02-20 23:52:04,804] {processor.py:654} INFO - DAG(s) dict_keys(['example_trigger_target_dag']) retrieved from /home/airflow/.local/lib/python3.7/site-packages/airflow/example_dags/example_trigger_target_dag.py
[2022-02-20 23:52:04,884] {logging_mixin.py:109} INFO - [2022-02-20 23:52:04,883] {dag.py:2396} INFO - Sync 1 DAGs
[2022-02-20 23:52:04,985] {logging_mixin.py:109} INFO - [2022-02-20 23:52:04,984] {dag.py:2935} INFO - Setting next_dagrun for example_trigger_target_dag to None
[2022-02-20 23:52:05,028] {processor.py:171} INFO - Processing /home/airflow/.local/lib/python3.7/site-packages/airflow/example_dags/example_trigger_target_dag.py took 0.388 seconds
[2022-02-20 23:52:36,718] {processor.py:163} INFO - Started process (PID=6759) to work on /home/airflow/.local/lib/python3.7/site-packages/airflow/example_dags/example_trigger_target_dag.py
[2022-02-20 23:52:36,723] {processor.py:642} INFO - Processing file /home/airflow/.local/lib/python3.7/site-packages/airflow/example_dags/example_trigger_target_dag.py for tasks to queue
[2022-02-20 23:52:36,727] {logging_mixin.py:109} INFO - [2022-02-20 23:52:36,726] {dagbag.py:500} INFO - Filling up the DagBag from /home/airflow/.local/lib/python3.7/site-packages/airflow/example_dags/example_trigger_target_dag.py
[2022-02-20 23:52:36,819] {processor.py:654} INFO - DAG(s) dict_keys(['example_trigger_target_dag']) retrieved from /home/airflow/.local/lib/python3.7/site-packages/airflow/example_dags/example_trigger_target_dag.py
[2022-02-20 23:52:36,860] {logging_mixin.py:109} INFO - [2022-02-20 23:52:36,859] {dag.py:2396} INFO - Sync 1 DAGs
[2022-02-20 23:52:36,922] {logging_mixin.py:109} INFO - [2022-02-20 23:52:36,922] {dag.py:2935} INFO - Setting next_dagrun for example_trigger_target_dag to None
[2022-02-20 23:52:36,956] {processor.py:171} INFO - Processing /home/airflow/.local/lib/python3.7/site-packages/airflow/example_dags/example_trigger_target_dag.py took 0.245 seconds
[2022-02-20 23:53:07,174] {processor.py:163} INFO - Started process (PID=6842) to work on /home/airflow/.local/lib/python3.7/site-packages/airflow/example_dags/example_trigger_target_dag.py
[2022-02-20 23:53:07,180] {processor.py:642} INFO - Processing file /home/airflow/.local/lib/python3.7/site-packages/airflow/example_dags/example_trigger_target_dag.py for tasks to queue
[2022-02-20 23:53:07,183] {logging_mixin.py:109} INFO - [2022-02-20 23:53:07,183] {dagbag.py:500} INFO - Filling up the DagBag from /home/airflow/.local/lib/python3.7/site-packages/airflow/example_dags/example_trigger_target_dag.py
[2022-02-20 23:53:07,275] {processor.py:654} INFO - DAG(s) dict_keys(['example_trigger_target_dag']) retrieved from /home/airflow/.local/lib/python3.7/site-packages/airflow/example_dags/example_trigger_target_dag.py
[2022-02-20 23:53:07,315] {logging_mixin.py:109} INFO - [2022-02-20 23:53:07,315] {dag.py:2396} INFO - Sync 1 DAGs
[2022-02-20 23:53:07,373] {logging_mixin.py:109} INFO - [2022-02-20 23:53:07,372] {dag.py:2935} INFO - Setting next_dagrun for example_trigger_target_dag to None
[2022-02-20 23:53:07,405] {processor.py:171} INFO - Processing /home/airflow/.local/lib/python3.7/site-packages/airflow/example_dags/example_trigger_target_dag.py took 0.238 seconds
[2022-02-20 23:53:38,502] {processor.py:163} INFO - Started process (PID=6948) to work on /home/airflow/.local/lib/python3.7/site-packages/airflow/example_dags/example_trigger_target_dag.py
[2022-02-20 23:53:38,508] {processor.py:642} INFO - Processing file /home/airflow/.local/lib/python3.7/site-packages/airflow/example_dags/example_trigger_target_dag.py for tasks to queue
[2022-02-20 23:53:38,511] {logging_mixin.py:109} INFO - [2022-02-20 23:53:38,511] {dagbag.py:500} INFO - Filling up the DagBag from /home/airflow/.local/lib/python3.7/site-packages/airflow/example_dags/example_trigger_target_dag.py
[2022-02-20 23:53:38,600] {processor.py:654} INFO - DAG(s) dict_keys(['example_trigger_target_dag']) retrieved from /home/airflow/.local/lib/python3.7/site-packages/airflow/example_dags/example_trigger_target_dag.py
[2022-02-20 23:53:38,639] {logging_mixin.py:109} INFO - [2022-02-20 23:53:38,639] {dag.py:2396} INFO - Sync 1 DAGs
[2022-02-20 23:53:38,695] {logging_mixin.py:109} INFO - [2022-02-20 23:53:38,695] {dag.py:2935} INFO - Setting next_dagrun for example_trigger_target_dag to None
[2022-02-20 23:53:38,725] {processor.py:171} INFO - Processing /home/airflow/.local/lib/python3.7/site-packages/airflow/example_dags/example_trigger_target_dag.py took 0.230 seconds
[2022-02-20 23:54:09,478] {processor.py:163} INFO - Started process (PID=7033) to work on /home/airflow/.local/lib/python3.7/site-packages/airflow/example_dags/example_trigger_target_dag.py
[2022-02-20 23:54:09,482] {processor.py:642} INFO - Processing file /home/airflow/.local/lib/python3.7/site-packages/airflow/example_dags/example_trigger_target_dag.py for tasks to queue
[2022-02-20 23:54:09,485] {logging_mixin.py:109} INFO - [2022-02-20 23:54:09,485] {dagbag.py:500} INFO - Filling up the DagBag from /home/airflow/.local/lib/python3.7/site-packages/airflow/example_dags/example_trigger_target_dag.py
[2022-02-20 23:54:09,575] {processor.py:654} INFO - DAG(s) dict_keys(['example_trigger_target_dag']) retrieved from /home/airflow/.local/lib/python3.7/site-packages/airflow/example_dags/example_trigger_target_dag.py
[2022-02-20 23:54:09,615] {logging_mixin.py:109} INFO - [2022-02-20 23:54:09,615] {dag.py:2396} INFO - Sync 1 DAGs
[2022-02-20 23:54:09,672] {logging_mixin.py:109} INFO - [2022-02-20 23:54:09,671] {dag.py:2935} INFO - Setting next_dagrun for example_trigger_target_dag to None
[2022-02-20 23:54:09,704] {processor.py:171} INFO - Processing /home/airflow/.local/lib/python3.7/site-packages/airflow/example_dags/example_trigger_target_dag.py took 0.234 seconds
[2022-02-20 23:54:39,907] {processor.py:163} INFO - Started process (PID=7132) to work on /home/airflow/.local/lib/python3.7/site-packages/airflow/example_dags/example_trigger_target_dag.py
[2022-02-20 23:54:39,913] {processor.py:642} INFO - Processing file /home/airflow/.local/lib/python3.7/site-packages/airflow/example_dags/example_trigger_target_dag.py for tasks to queue
[2022-02-20 23:54:39,917] {logging_mixin.py:109} INFO - [2022-02-20 23:54:39,917] {dagbag.py:500} INFO - Filling up the DagBag from /home/airflow/.local/lib/python3.7/site-packages/airflow/example_dags/example_trigger_target_dag.py
[2022-02-20 23:54:40,008] {processor.py:654} INFO - DAG(s) dict_keys(['example_trigger_target_dag']) retrieved from /home/airflow/.local/lib/python3.7/site-packages/airflow/example_dags/example_trigger_target_dag.py
[2022-02-20 23:54:40,047] {logging_mixin.py:109} INFO - [2022-02-20 23:54:40,047] {dag.py:2396} INFO - Sync 1 DAGs
[2022-02-20 23:54:40,105] {logging_mixin.py:109} INFO - [2022-02-20 23:54:40,104] {dag.py:2935} INFO - Setting next_dagrun for example_trigger_target_dag to None
[2022-02-20 23:54:40,133] {processor.py:171} INFO - Processing /home/airflow/.local/lib/python3.7/site-packages/airflow/example_dags/example_trigger_target_dag.py took 0.238 seconds
[2022-02-20 23:55:10,573] {processor.py:163} INFO - Started process (PID=7213) to work on /home/airflow/.local/lib/python3.7/site-packages/airflow/example_dags/example_trigger_target_dag.py
[2022-02-20 23:55:10,578] {processor.py:642} INFO - Processing file /home/airflow/.local/lib/python3.7/site-packages/airflow/example_dags/example_trigger_target_dag.py for tasks to queue
[2022-02-20 23:55:10,581] {logging_mixin.py:109} INFO - [2022-02-20 23:55:10,581] {dagbag.py:500} INFO - Filling up the DagBag from /home/airflow/.local/lib/python3.7/site-packages/airflow/example_dags/example_trigger_target_dag.py
[2022-02-20 23:55:10,665] {processor.py:654} INFO - DAG(s) dict_keys(['example_trigger_target_dag']) retrieved from /home/airflow/.local/lib/python3.7/site-packages/airflow/example_dags/example_trigger_target_dag.py
[2022-02-20 23:55:10,701] {logging_mixin.py:109} INFO - [2022-02-20 23:55:10,701] {dag.py:2396} INFO - Sync 1 DAGs
[2022-02-20 23:55:10,748] {logging_mixin.py:109} INFO - [2022-02-20 23:55:10,748] {dag.py:2935} INFO - Setting next_dagrun for example_trigger_target_dag to None
[2022-02-20 23:55:10,773] {processor.py:171} INFO - Processing /home/airflow/.local/lib/python3.7/site-packages/airflow/example_dags/example_trigger_target_dag.py took 0.208 seconds
[2022-02-20 23:55:41,621] {processor.py:163} INFO - Started process (PID=7308) to work on /home/airflow/.local/lib/python3.7/site-packages/airflow/example_dags/example_trigger_target_dag.py
[2022-02-20 23:55:41,626] {processor.py:642} INFO - Processing file /home/airflow/.local/lib/python3.7/site-packages/airflow/example_dags/example_trigger_target_dag.py for tasks to queue
[2022-02-20 23:55:41,629] {logging_mixin.py:109} INFO - [2022-02-20 23:55:41,628] {dagbag.py:500} INFO - Filling up the DagBag from /home/airflow/.local/lib/python3.7/site-packages/airflow/example_dags/example_trigger_target_dag.py
[2022-02-20 23:55:41,716] {processor.py:654} INFO - DAG(s) dict_keys(['example_trigger_target_dag']) retrieved from /home/airflow/.local/lib/python3.7/site-packages/airflow/example_dags/example_trigger_target_dag.py
[2022-02-20 23:55:41,755] {logging_mixin.py:109} INFO - [2022-02-20 23:55:41,754] {dag.py:2396} INFO - Sync 1 DAGs
[2022-02-20 23:55:41,807] {logging_mixin.py:109} INFO - [2022-02-20 23:55:41,807] {dag.py:2935} INFO - Setting next_dagrun for example_trigger_target_dag to None
[2022-02-20 23:55:41,835] {processor.py:171} INFO - Processing /home/airflow/.local/lib/python3.7/site-packages/airflow/example_dags/example_trigger_target_dag.py took 0.221 seconds
[2022-02-20 23:56:11,917] {processor.py:163} INFO - Started process (PID=7390) to work on /home/airflow/.local/lib/python3.7/site-packages/airflow/example_dags/example_trigger_target_dag.py
[2022-02-20 23:56:11,921] {processor.py:642} INFO - Processing file /home/airflow/.local/lib/python3.7/site-packages/airflow/example_dags/example_trigger_target_dag.py for tasks to queue
[2022-02-20 23:56:11,923] {logging_mixin.py:109} INFO - [2022-02-20 23:56:11,923] {dagbag.py:500} INFO - Filling up the DagBag from /home/airflow/.local/lib/python3.7/site-packages/airflow/example_dags/example_trigger_target_dag.py
[2022-02-20 23:56:11,990] {processor.py:654} INFO - DAG(s) dict_keys(['example_trigger_target_dag']) retrieved from /home/airflow/.local/lib/python3.7/site-packages/airflow/example_dags/example_trigger_target_dag.py
[2022-02-20 23:56:12,022] {logging_mixin.py:109} INFO - [2022-02-20 23:56:12,021] {dag.py:2396} INFO - Sync 1 DAGs
[2022-02-20 23:56:12,067] {logging_mixin.py:109} INFO - [2022-02-20 23:56:12,067] {dag.py:2935} INFO - Setting next_dagrun for example_trigger_target_dag to None
[2022-02-20 23:56:12,094] {processor.py:171} INFO - Processing /home/airflow/.local/lib/python3.7/site-packages/airflow/example_dags/example_trigger_target_dag.py took 0.184 seconds
