[2022-02-20 23:15:46,677] {processor.py:163} INFO - Started process (PID=365) to work on /home/airflow/.local/lib/python3.7/site-packages/airflow/example_dags/example_xcom.py
[2022-02-20 23:15:46,686] {processor.py:642} INFO - Processing file /home/airflow/.local/lib/python3.7/site-packages/airflow/example_dags/example_xcom.py for tasks to queue
[2022-02-20 23:15:46,690] {logging_mixin.py:109} INFO - [2022-02-20 23:15:46,690] {dagbag.py:500} INFO - Filling up the DagBag from /home/airflow/.local/lib/python3.7/site-packages/airflow/example_dags/example_xcom.py
[2022-02-20 23:15:46,829] {processor.py:654} INFO - DAG(s) dict_keys(['example_xcom']) retrieved from /home/airflow/.local/lib/python3.7/site-packages/airflow/example_dags/example_xcom.py
[2022-02-20 23:15:59,125] {logging_mixin.py:109} INFO - [2022-02-20 23:15:59,113] {manager.py:496} INFO - Created Permission View: can read on DAG:example_xcom
[2022-02-20 23:15:59,247] {logging_mixin.py:109} INFO - [2022-02-20 23:15:59,247] {manager.py:496} INFO - Created Permission View: can edit on DAG:example_xcom
[2022-02-20 23:15:59,256] {logging_mixin.py:109} INFO - [2022-02-20 23:15:59,254] {dag.py:2396} INFO - Sync 1 DAGs
[2022-02-20 23:15:59,297] {logging_mixin.py:109} INFO - [2022-02-20 23:15:59,296] {dag.py:2415} INFO - Creating ORM DAG for example_xcom
[2022-02-20 23:15:59,333] {logging_mixin.py:109} INFO - [2022-02-20 23:15:59,332] {dag.py:2935} INFO - Setting next_dagrun for example_xcom to 2021-01-01T00:00:00+00:00
[2022-02-20 23:15:59,431] {processor.py:171} INFO - Processing /home/airflow/.local/lib/python3.7/site-packages/airflow/example_dags/example_xcom.py took 12.763 seconds
[2022-02-20 23:17:48,283] {processor.py:163} INFO - Started process (PID=651) to work on /home/airflow/.local/lib/python3.7/site-packages/airflow/example_dags/example_xcom.py
[2022-02-20 23:17:48,288] {processor.py:642} INFO - Processing file /home/airflow/.local/lib/python3.7/site-packages/airflow/example_dags/example_xcom.py for tasks to queue
[2022-02-20 23:17:48,292] {logging_mixin.py:109} INFO - [2022-02-20 23:17:48,291] {dagbag.py:500} INFO - Filling up the DagBag from /home/airflow/.local/lib/python3.7/site-packages/airflow/example_dags/example_xcom.py
[2022-02-20 23:17:48,400] {processor.py:654} INFO - DAG(s) dict_keys(['example_xcom']) retrieved from /home/airflow/.local/lib/python3.7/site-packages/airflow/example_dags/example_xcom.py
[2022-02-20 23:17:49,533] {logging_mixin.py:109} INFO - [2022-02-20 23:17:49,532] {dag.py:2396} INFO - Sync 1 DAGs
[2022-02-20 23:17:49,595] {logging_mixin.py:109} INFO - [2022-02-20 23:17:49,594] {dag.py:2935} INFO - Setting next_dagrun for example_xcom to 2021-01-01T00:00:00+00:00
[2022-02-20 23:17:49,641] {processor.py:171} INFO - Processing /home/airflow/.local/lib/python3.7/site-packages/airflow/example_dags/example_xcom.py took 1.366 seconds
[2022-02-20 23:18:19,828] {processor.py:163} INFO - Started process (PID=751) to work on /home/airflow/.local/lib/python3.7/site-packages/airflow/example_dags/example_xcom.py
[2022-02-20 23:18:19,833] {processor.py:642} INFO - Processing file /home/airflow/.local/lib/python3.7/site-packages/airflow/example_dags/example_xcom.py for tasks to queue
[2022-02-20 23:18:19,837] {logging_mixin.py:109} INFO - [2022-02-20 23:18:19,836] {dagbag.py:500} INFO - Filling up the DagBag from /home/airflow/.local/lib/python3.7/site-packages/airflow/example_dags/example_xcom.py
[2022-02-20 23:18:19,948] {processor.py:654} INFO - DAG(s) dict_keys(['example_xcom']) retrieved from /home/airflow/.local/lib/python3.7/site-packages/airflow/example_dags/example_xcom.py
[2022-02-20 23:18:21,148] {logging_mixin.py:109} INFO - [2022-02-20 23:18:21,147] {dag.py:2396} INFO - Sync 1 DAGs
[2022-02-20 23:18:21,212] {logging_mixin.py:109} INFO - [2022-02-20 23:18:21,211] {dag.py:2935} INFO - Setting next_dagrun for example_xcom to 2021-01-01T00:00:00+00:00
[2022-02-20 23:18:21,258] {processor.py:171} INFO - Processing /home/airflow/.local/lib/python3.7/site-packages/airflow/example_dags/example_xcom.py took 1.439 seconds
[2022-02-20 23:18:52,067] {processor.py:163} INFO - Started process (PID=833) to work on /home/airflow/.local/lib/python3.7/site-packages/airflow/example_dags/example_xcom.py
[2022-02-20 23:18:52,072] {processor.py:642} INFO - Processing file /home/airflow/.local/lib/python3.7/site-packages/airflow/example_dags/example_xcom.py for tasks to queue
[2022-02-20 23:18:52,075] {logging_mixin.py:109} INFO - [2022-02-20 23:18:52,074] {dagbag.py:500} INFO - Filling up the DagBag from /home/airflow/.local/lib/python3.7/site-packages/airflow/example_dags/example_xcom.py
[2022-02-20 23:18:52,166] {processor.py:654} INFO - DAG(s) dict_keys(['example_xcom']) retrieved from /home/airflow/.local/lib/python3.7/site-packages/airflow/example_dags/example_xcom.py
[2022-02-20 23:18:53,093] {logging_mixin.py:109} INFO - [2022-02-20 23:18:53,093] {dag.py:2396} INFO - Sync 1 DAGs
[2022-02-20 23:18:53,137] {logging_mixin.py:109} INFO - [2022-02-20 23:18:53,136] {dag.py:2935} INFO - Setting next_dagrun for example_xcom to 2021-01-01T00:00:00+00:00
[2022-02-20 23:18:53,168] {processor.py:171} INFO - Processing /home/airflow/.local/lib/python3.7/site-packages/airflow/example_dags/example_xcom.py took 1.108 seconds
[2022-02-20 23:19:23,485] {processor.py:163} INFO - Started process (PID=930) to work on /home/airflow/.local/lib/python3.7/site-packages/airflow/example_dags/example_xcom.py
[2022-02-20 23:19:23,490] {processor.py:642} INFO - Processing file /home/airflow/.local/lib/python3.7/site-packages/airflow/example_dags/example_xcom.py for tasks to queue
[2022-02-20 23:19:23,492] {logging_mixin.py:109} INFO - [2022-02-20 23:19:23,492] {dagbag.py:500} INFO - Filling up the DagBag from /home/airflow/.local/lib/python3.7/site-packages/airflow/example_dags/example_xcom.py
[2022-02-20 23:19:23,605] {processor.py:654} INFO - DAG(s) dict_keys(['example_xcom']) retrieved from /home/airflow/.local/lib/python3.7/site-packages/airflow/example_dags/example_xcom.py
[2022-02-20 23:19:24,648] {logging_mixin.py:109} INFO - [2022-02-20 23:19:24,647] {dag.py:2396} INFO - Sync 1 DAGs
[2022-02-20 23:19:24,719] {logging_mixin.py:109} INFO - [2022-02-20 23:19:24,719] {dag.py:2935} INFO - Setting next_dagrun for example_xcom to 2021-01-01T00:00:00+00:00
[2022-02-20 23:19:24,757] {processor.py:171} INFO - Processing /home/airflow/.local/lib/python3.7/site-packages/airflow/example_dags/example_xcom.py took 1.281 seconds
[2022-02-20 23:19:54,976] {processor.py:163} INFO - Started process (PID=1021) to work on /home/airflow/.local/lib/python3.7/site-packages/airflow/example_dags/example_xcom.py
[2022-02-20 23:19:54,983] {processor.py:642} INFO - Processing file /home/airflow/.local/lib/python3.7/site-packages/airflow/example_dags/example_xcom.py for tasks to queue
[2022-02-20 23:19:54,986] {logging_mixin.py:109} INFO - [2022-02-20 23:19:54,986] {dagbag.py:500} INFO - Filling up the DagBag from /home/airflow/.local/lib/python3.7/site-packages/airflow/example_dags/example_xcom.py
[2022-02-20 23:19:55,103] {processor.py:654} INFO - DAG(s) dict_keys(['example_xcom']) retrieved from /home/airflow/.local/lib/python3.7/site-packages/airflow/example_dags/example_xcom.py
[2022-02-20 23:19:56,286] {logging_mixin.py:109} INFO - [2022-02-20 23:19:56,285] {dag.py:2396} INFO - Sync 1 DAGs
[2022-02-20 23:19:56,343] {logging_mixin.py:109} INFO - [2022-02-20 23:19:56,342] {dag.py:2935} INFO - Setting next_dagrun for example_xcom to 2021-01-01T00:00:00+00:00
[2022-02-20 23:19:56,381] {processor.py:171} INFO - Processing /home/airflow/.local/lib/python3.7/site-packages/airflow/example_dags/example_xcom.py took 1.431 seconds
[2022-02-20 23:20:26,618] {processor.py:163} INFO - Started process (PID=1107) to work on /home/airflow/.local/lib/python3.7/site-packages/airflow/example_dags/example_xcom.py
[2022-02-20 23:20:26,624] {processor.py:642} INFO - Processing file /home/airflow/.local/lib/python3.7/site-packages/airflow/example_dags/example_xcom.py for tasks to queue
[2022-02-20 23:20:26,628] {logging_mixin.py:109} INFO - [2022-02-20 23:20:26,627] {dagbag.py:500} INFO - Filling up the DagBag from /home/airflow/.local/lib/python3.7/site-packages/airflow/example_dags/example_xcom.py
[2022-02-20 23:20:26,872] {processor.py:654} INFO - DAG(s) dict_keys(['example_xcom']) retrieved from /home/airflow/.local/lib/python3.7/site-packages/airflow/example_dags/example_xcom.py
[2022-02-20 23:20:28,384] {logging_mixin.py:109} INFO - [2022-02-20 23:20:28,384] {dag.py:2396} INFO - Sync 1 DAGs
[2022-02-20 23:20:28,447] {logging_mixin.py:109} INFO - [2022-02-20 23:20:28,446] {dag.py:2935} INFO - Setting next_dagrun for example_xcom to 2021-01-01T00:00:00+00:00
[2022-02-20 23:20:28,491] {processor.py:171} INFO - Processing /home/airflow/.local/lib/python3.7/site-packages/airflow/example_dags/example_xcom.py took 1.884 seconds
[2022-02-20 23:20:58,987] {processor.py:163} INFO - Started process (PID=1205) to work on /home/airflow/.local/lib/python3.7/site-packages/airflow/example_dags/example_xcom.py
[2022-02-20 23:20:58,994] {processor.py:642} INFO - Processing file /home/airflow/.local/lib/python3.7/site-packages/airflow/example_dags/example_xcom.py for tasks to queue
[2022-02-20 23:20:59,000] {logging_mixin.py:109} INFO - [2022-02-20 23:20:58,999] {dagbag.py:500} INFO - Filling up the DagBag from /home/airflow/.local/lib/python3.7/site-packages/airflow/example_dags/example_xcom.py
[2022-02-20 23:20:59,151] {processor.py:654} INFO - DAG(s) dict_keys(['example_xcom']) retrieved from /home/airflow/.local/lib/python3.7/site-packages/airflow/example_dags/example_xcom.py
[2022-02-20 23:21:00,582] {logging_mixin.py:109} INFO - [2022-02-20 23:21:00,581] {dag.py:2396} INFO - Sync 1 DAGs
[2022-02-20 23:21:00,678] {logging_mixin.py:109} INFO - [2022-02-20 23:21:00,677] {dag.py:2935} INFO - Setting next_dagrun for example_xcom to 2021-01-01T00:00:00+00:00
[2022-02-20 23:21:00,746] {processor.py:171} INFO - Processing /home/airflow/.local/lib/python3.7/site-packages/airflow/example_dags/example_xcom.py took 1.778 seconds
[2022-02-20 23:21:31,029] {processor.py:163} INFO - Started process (PID=1285) to work on /home/airflow/.local/lib/python3.7/site-packages/airflow/example_dags/example_xcom.py
[2022-02-20 23:21:31,035] {processor.py:642} INFO - Processing file /home/airflow/.local/lib/python3.7/site-packages/airflow/example_dags/example_xcom.py for tasks to queue
[2022-02-20 23:21:31,038] {logging_mixin.py:109} INFO - [2022-02-20 23:21:31,038] {dagbag.py:500} INFO - Filling up the DagBag from /home/airflow/.local/lib/python3.7/site-packages/airflow/example_dags/example_xcom.py
[2022-02-20 23:21:31,141] {processor.py:654} INFO - DAG(s) dict_keys(['example_xcom']) retrieved from /home/airflow/.local/lib/python3.7/site-packages/airflow/example_dags/example_xcom.py
[2022-02-20 23:21:32,231] {logging_mixin.py:109} INFO - [2022-02-20 23:21:32,231] {dag.py:2396} INFO - Sync 1 DAGs
[2022-02-20 23:21:32,292] {logging_mixin.py:109} INFO - [2022-02-20 23:21:32,292] {dag.py:2935} INFO - Setting next_dagrun for example_xcom to 2021-01-01T00:00:00+00:00
[2022-02-20 23:21:32,330] {processor.py:171} INFO - Processing /home/airflow/.local/lib/python3.7/site-packages/airflow/example_dags/example_xcom.py took 1.311 seconds
[2022-02-20 23:22:02,863] {processor.py:163} INFO - Started process (PID=1384) to work on /home/airflow/.local/lib/python3.7/site-packages/airflow/example_dags/example_xcom.py
[2022-02-20 23:22:02,867] {processor.py:642} INFO - Processing file /home/airflow/.local/lib/python3.7/site-packages/airflow/example_dags/example_xcom.py for tasks to queue
[2022-02-20 23:22:02,870] {logging_mixin.py:109} INFO - [2022-02-20 23:22:02,869] {dagbag.py:500} INFO - Filling up the DagBag from /home/airflow/.local/lib/python3.7/site-packages/airflow/example_dags/example_xcom.py
[2022-02-20 23:22:02,978] {processor.py:654} INFO - DAG(s) dict_keys(['example_xcom']) retrieved from /home/airflow/.local/lib/python3.7/site-packages/airflow/example_dags/example_xcom.py
[2022-02-20 23:22:04,056] {logging_mixin.py:109} INFO - [2022-02-20 23:22:04,055] {dag.py:2396} INFO - Sync 1 DAGs
[2022-02-20 23:22:04,116] {logging_mixin.py:109} INFO - [2022-02-20 23:22:04,115] {dag.py:2935} INFO - Setting next_dagrun for example_xcom to 2021-01-01T00:00:00+00:00
[2022-02-20 23:22:04,155] {processor.py:171} INFO - Processing /home/airflow/.local/lib/python3.7/site-packages/airflow/example_dags/example_xcom.py took 1.300 seconds
[2022-02-20 23:22:35,168] {processor.py:163} INFO - Started process (PID=1481) to work on /home/airflow/.local/lib/python3.7/site-packages/airflow/example_dags/example_xcom.py
[2022-02-20 23:22:35,182] {processor.py:642} INFO - Processing file /home/airflow/.local/lib/python3.7/site-packages/airflow/example_dags/example_xcom.py for tasks to queue
[2022-02-20 23:22:35,185] {logging_mixin.py:109} INFO - [2022-02-20 23:22:35,185] {dagbag.py:500} INFO - Filling up the DagBag from /home/airflow/.local/lib/python3.7/site-packages/airflow/example_dags/example_xcom.py
[2022-02-20 23:22:35,301] {processor.py:654} INFO - DAG(s) dict_keys(['example_xcom']) retrieved from /home/airflow/.local/lib/python3.7/site-packages/airflow/example_dags/example_xcom.py
[2022-02-20 23:22:36,395] {logging_mixin.py:109} INFO - [2022-02-20 23:22:36,394] {dag.py:2396} INFO - Sync 1 DAGs
[2022-02-20 23:22:36,476] {logging_mixin.py:109} INFO - [2022-02-20 23:22:36,475] {dag.py:2935} INFO - Setting next_dagrun for example_xcom to 2021-01-01T00:00:00+00:00
[2022-02-20 23:22:36,536] {processor.py:171} INFO - Processing /home/airflow/.local/lib/python3.7/site-packages/airflow/example_dags/example_xcom.py took 1.377 seconds
[2022-02-20 23:23:06,776] {processor.py:163} INFO - Started process (PID=1565) to work on /home/airflow/.local/lib/python3.7/site-packages/airflow/example_dags/example_xcom.py
[2022-02-20 23:23:06,781] {processor.py:642} INFO - Processing file /home/airflow/.local/lib/python3.7/site-packages/airflow/example_dags/example_xcom.py for tasks to queue
[2022-02-20 23:23:06,784] {logging_mixin.py:109} INFO - [2022-02-20 23:23:06,784] {dagbag.py:500} INFO - Filling up the DagBag from /home/airflow/.local/lib/python3.7/site-packages/airflow/example_dags/example_xcom.py
[2022-02-20 23:23:06,895] {processor.py:654} INFO - DAG(s) dict_keys(['example_xcom']) retrieved from /home/airflow/.local/lib/python3.7/site-packages/airflow/example_dags/example_xcom.py
[2022-02-20 23:23:08,068] {logging_mixin.py:109} INFO - [2022-02-20 23:23:08,068] {dag.py:2396} INFO - Sync 1 DAGs
[2022-02-20 23:23:08,143] {logging_mixin.py:109} INFO - [2022-02-20 23:23:08,142] {dag.py:2935} INFO - Setting next_dagrun for example_xcom to 2021-01-01T00:00:00+00:00
[2022-02-20 23:23:08,181] {processor.py:171} INFO - Processing /home/airflow/.local/lib/python3.7/site-packages/airflow/example_dags/example_xcom.py took 1.411 seconds
[2022-02-20 23:23:38,555] {processor.py:163} INFO - Started process (PID=1663) to work on /home/airflow/.local/lib/python3.7/site-packages/airflow/example_dags/example_xcom.py
[2022-02-20 23:23:38,560] {processor.py:642} INFO - Processing file /home/airflow/.local/lib/python3.7/site-packages/airflow/example_dags/example_xcom.py for tasks to queue
[2022-02-20 23:23:38,563] {logging_mixin.py:109} INFO - [2022-02-20 23:23:38,562] {dagbag.py:500} INFO - Filling up the DagBag from /home/airflow/.local/lib/python3.7/site-packages/airflow/example_dags/example_xcom.py
[2022-02-20 23:23:38,677] {processor.py:654} INFO - DAG(s) dict_keys(['example_xcom']) retrieved from /home/airflow/.local/lib/python3.7/site-packages/airflow/example_dags/example_xcom.py
[2022-02-20 23:23:39,726] {logging_mixin.py:109} INFO - [2022-02-20 23:23:39,725] {dag.py:2396} INFO - Sync 1 DAGs
[2022-02-20 23:23:39,798] {logging_mixin.py:109} INFO - [2022-02-20 23:23:39,797] {dag.py:2935} INFO - Setting next_dagrun for example_xcom to 2021-01-01T00:00:00+00:00
[2022-02-20 23:23:39,838] {processor.py:171} INFO - Processing /home/airflow/.local/lib/python3.7/site-packages/airflow/example_dags/example_xcom.py took 1.289 seconds
[2022-02-20 23:24:09,989] {processor.py:163} INFO - Started process (PID=1744) to work on /home/airflow/.local/lib/python3.7/site-packages/airflow/example_dags/example_xcom.py
[2022-02-20 23:24:09,993] {processor.py:642} INFO - Processing file /home/airflow/.local/lib/python3.7/site-packages/airflow/example_dags/example_xcom.py for tasks to queue
[2022-02-20 23:24:09,997] {logging_mixin.py:109} INFO - [2022-02-20 23:24:09,997] {dagbag.py:500} INFO - Filling up the DagBag from /home/airflow/.local/lib/python3.7/site-packages/airflow/example_dags/example_xcom.py
[2022-02-20 23:24:10,094] {processor.py:654} INFO - DAG(s) dict_keys(['example_xcom']) retrieved from /home/airflow/.local/lib/python3.7/site-packages/airflow/example_dags/example_xcom.py
[2022-02-20 23:24:10,988] {logging_mixin.py:109} INFO - [2022-02-20 23:24:10,987] {dag.py:2396} INFO - Sync 1 DAGs
[2022-02-20 23:24:11,036] {logging_mixin.py:109} INFO - [2022-02-20 23:24:11,036] {dag.py:2935} INFO - Setting next_dagrun for example_xcom to 2021-01-01T00:00:00+00:00
[2022-02-20 23:24:11,069] {processor.py:171} INFO - Processing /home/airflow/.local/lib/python3.7/site-packages/airflow/example_dags/example_xcom.py took 1.087 seconds
[2022-02-20 23:24:41,533] {processor.py:163} INFO - Started process (PID=1842) to work on /home/airflow/.local/lib/python3.7/site-packages/airflow/example_dags/example_xcom.py
[2022-02-20 23:24:41,545] {processor.py:642} INFO - Processing file /home/airflow/.local/lib/python3.7/site-packages/airflow/example_dags/example_xcom.py for tasks to queue
[2022-02-20 23:24:41,550] {logging_mixin.py:109} INFO - [2022-02-20 23:24:41,549] {dagbag.py:500} INFO - Filling up the DagBag from /home/airflow/.local/lib/python3.7/site-packages/airflow/example_dags/example_xcom.py
[2022-02-20 23:24:41,728] {processor.py:654} INFO - DAG(s) dict_keys(['example_xcom']) retrieved from /home/airflow/.local/lib/python3.7/site-packages/airflow/example_dags/example_xcom.py
[2022-02-20 23:24:42,882] {logging_mixin.py:109} INFO - [2022-02-20 23:24:42,881] {dag.py:2396} INFO - Sync 1 DAGs
[2022-02-20 23:24:42,946] {logging_mixin.py:109} INFO - [2022-02-20 23:24:42,945] {dag.py:2935} INFO - Setting next_dagrun for example_xcom to 2021-01-01T00:00:00+00:00
[2022-02-20 23:24:42,987] {processor.py:171} INFO - Processing /home/airflow/.local/lib/python3.7/site-packages/airflow/example_dags/example_xcom.py took 1.463 seconds
[2022-02-20 23:25:13,593] {processor.py:163} INFO - Started process (PID=1933) to work on /home/airflow/.local/lib/python3.7/site-packages/airflow/example_dags/example_xcom.py
[2022-02-20 23:25:13,597] {processor.py:642} INFO - Processing file /home/airflow/.local/lib/python3.7/site-packages/airflow/example_dags/example_xcom.py for tasks to queue
[2022-02-20 23:25:13,600] {logging_mixin.py:109} INFO - [2022-02-20 23:25:13,600] {dagbag.py:500} INFO - Filling up the DagBag from /home/airflow/.local/lib/python3.7/site-packages/airflow/example_dags/example_xcom.py
[2022-02-20 23:25:13,706] {processor.py:654} INFO - DAG(s) dict_keys(['example_xcom']) retrieved from /home/airflow/.local/lib/python3.7/site-packages/airflow/example_dags/example_xcom.py
[2022-02-20 23:25:14,783] {logging_mixin.py:109} INFO - [2022-02-20 23:25:14,783] {dag.py:2396} INFO - Sync 1 DAGs
[2022-02-20 23:25:14,853] {logging_mixin.py:109} INFO - [2022-02-20 23:25:14,852] {dag.py:2935} INFO - Setting next_dagrun for example_xcom to 2021-01-01T00:00:00+00:00
[2022-02-20 23:25:14,899] {processor.py:171} INFO - Processing /home/airflow/.local/lib/python3.7/site-packages/airflow/example_dags/example_xcom.py took 1.313 seconds
[2022-02-20 23:25:45,164] {processor.py:163} INFO - Started process (PID=2019) to work on /home/airflow/.local/lib/python3.7/site-packages/airflow/example_dags/example_xcom.py
[2022-02-20 23:25:45,169] {processor.py:642} INFO - Processing file /home/airflow/.local/lib/python3.7/site-packages/airflow/example_dags/example_xcom.py for tasks to queue
[2022-02-20 23:25:45,174] {logging_mixin.py:109} INFO - [2022-02-20 23:25:45,173] {dagbag.py:500} INFO - Filling up the DagBag from /home/airflow/.local/lib/python3.7/site-packages/airflow/example_dags/example_xcom.py
[2022-02-20 23:25:45,358] {processor.py:654} INFO - DAG(s) dict_keys(['example_xcom']) retrieved from /home/airflow/.local/lib/python3.7/site-packages/airflow/example_dags/example_xcom.py
[2022-02-20 23:25:46,468] {logging_mixin.py:109} INFO - [2022-02-20 23:25:46,467] {dag.py:2396} INFO - Sync 1 DAGs
[2022-02-20 23:25:46,531] {logging_mixin.py:109} INFO - [2022-02-20 23:25:46,531] {dag.py:2935} INFO - Setting next_dagrun for example_xcom to 2021-01-01T00:00:00+00:00
[2022-02-20 23:25:46,569] {processor.py:171} INFO - Processing /home/airflow/.local/lib/python3.7/site-packages/airflow/example_dags/example_xcom.py took 1.414 seconds
[2022-02-20 23:26:17,519] {processor.py:163} INFO - Started process (PID=2117) to work on /home/airflow/.local/lib/python3.7/site-packages/airflow/example_dags/example_xcom.py
[2022-02-20 23:26:17,524] {processor.py:642} INFO - Processing file /home/airflow/.local/lib/python3.7/site-packages/airflow/example_dags/example_xcom.py for tasks to queue
[2022-02-20 23:26:17,528] {logging_mixin.py:109} INFO - [2022-02-20 23:26:17,527] {dagbag.py:500} INFO - Filling up the DagBag from /home/airflow/.local/lib/python3.7/site-packages/airflow/example_dags/example_xcom.py
[2022-02-20 23:26:17,686] {processor.py:654} INFO - DAG(s) dict_keys(['example_xcom']) retrieved from /home/airflow/.local/lib/python3.7/site-packages/airflow/example_dags/example_xcom.py
[2022-02-20 23:26:18,989] {logging_mixin.py:109} INFO - [2022-02-20 23:26:18,989] {dag.py:2396} INFO - Sync 1 DAGs
[2022-02-20 23:26:19,084] {logging_mixin.py:109} INFO - [2022-02-20 23:26:19,084] {dag.py:2935} INFO - Setting next_dagrun for example_xcom to 2021-01-01T00:00:00+00:00
[2022-02-20 23:26:19,148] {processor.py:171} INFO - Processing /home/airflow/.local/lib/python3.7/site-packages/airflow/example_dags/example_xcom.py took 1.637 seconds
[2022-02-20 23:26:49,420] {processor.py:163} INFO - Started process (PID=2196) to work on /home/airflow/.local/lib/python3.7/site-packages/airflow/example_dags/example_xcom.py
[2022-02-20 23:26:49,426] {processor.py:642} INFO - Processing file /home/airflow/.local/lib/python3.7/site-packages/airflow/example_dags/example_xcom.py for tasks to queue
[2022-02-20 23:26:49,429] {logging_mixin.py:109} INFO - [2022-02-20 23:26:49,428] {dagbag.py:500} INFO - Filling up the DagBag from /home/airflow/.local/lib/python3.7/site-packages/airflow/example_dags/example_xcom.py
[2022-02-20 23:26:49,513] {processor.py:654} INFO - DAG(s) dict_keys(['example_xcom']) retrieved from /home/airflow/.local/lib/python3.7/site-packages/airflow/example_dags/example_xcom.py
[2022-02-20 23:26:50,412] {logging_mixin.py:109} INFO - [2022-02-20 23:26:50,411] {dag.py:2396} INFO - Sync 1 DAGs
[2022-02-20 23:26:50,463] {logging_mixin.py:109} INFO - [2022-02-20 23:26:50,462] {dag.py:2935} INFO - Setting next_dagrun for example_xcom to 2021-01-01T00:00:00+00:00
[2022-02-20 23:26:50,496] {processor.py:171} INFO - Processing /home/airflow/.local/lib/python3.7/site-packages/airflow/example_dags/example_xcom.py took 1.082 seconds
[2022-02-20 23:27:20,615] {processor.py:163} INFO - Started process (PID=2295) to work on /home/airflow/.local/lib/python3.7/site-packages/airflow/example_dags/example_xcom.py
[2022-02-20 23:27:20,620] {processor.py:642} INFO - Processing file /home/airflow/.local/lib/python3.7/site-packages/airflow/example_dags/example_xcom.py for tasks to queue
[2022-02-20 23:27:20,624] {logging_mixin.py:109} INFO - [2022-02-20 23:27:20,623] {dagbag.py:500} INFO - Filling up the DagBag from /home/airflow/.local/lib/python3.7/site-packages/airflow/example_dags/example_xcom.py
[2022-02-20 23:27:20,734] {processor.py:654} INFO - DAG(s) dict_keys(['example_xcom']) retrieved from /home/airflow/.local/lib/python3.7/site-packages/airflow/example_dags/example_xcom.py
[2022-02-20 23:27:21,835] {logging_mixin.py:109} INFO - [2022-02-20 23:27:21,834] {dag.py:2396} INFO - Sync 1 DAGs
[2022-02-20 23:27:21,892] {logging_mixin.py:109} INFO - [2022-02-20 23:27:21,892] {dag.py:2935} INFO - Setting next_dagrun for example_xcom to 2021-01-01T00:00:00+00:00
[2022-02-20 23:27:21,929] {processor.py:171} INFO - Processing /home/airflow/.local/lib/python3.7/site-packages/airflow/example_dags/example_xcom.py took 1.322 seconds
[2022-02-20 23:27:52,028] {processor.py:163} INFO - Started process (PID=2376) to work on /home/airflow/.local/lib/python3.7/site-packages/airflow/example_dags/example_xcom.py
[2022-02-20 23:27:52,032] {processor.py:642} INFO - Processing file /home/airflow/.local/lib/python3.7/site-packages/airflow/example_dags/example_xcom.py for tasks to queue
[2022-02-20 23:27:52,034] {logging_mixin.py:109} INFO - [2022-02-20 23:27:52,034] {dagbag.py:500} INFO - Filling up the DagBag from /home/airflow/.local/lib/python3.7/site-packages/airflow/example_dags/example_xcom.py
[2022-02-20 23:27:52,119] {processor.py:654} INFO - DAG(s) dict_keys(['example_xcom']) retrieved from /home/airflow/.local/lib/python3.7/site-packages/airflow/example_dags/example_xcom.py
[2022-02-20 23:27:52,945] {logging_mixin.py:109} INFO - [2022-02-20 23:27:52,944] {dag.py:2396} INFO - Sync 1 DAGs
[2022-02-20 23:27:52,995] {logging_mixin.py:109} INFO - [2022-02-20 23:27:52,994] {dag.py:2935} INFO - Setting next_dagrun for example_xcom to 2021-01-01T00:00:00+00:00
[2022-02-20 23:27:53,025] {processor.py:171} INFO - Processing /home/airflow/.local/lib/python3.7/site-packages/airflow/example_dags/example_xcom.py took 1.004 seconds
[2022-02-20 23:28:23,695] {processor.py:163} INFO - Started process (PID=2473) to work on /home/airflow/.local/lib/python3.7/site-packages/airflow/example_dags/example_xcom.py
[2022-02-20 23:28:23,700] {processor.py:642} INFO - Processing file /home/airflow/.local/lib/python3.7/site-packages/airflow/example_dags/example_xcom.py for tasks to queue
[2022-02-20 23:28:23,703] {logging_mixin.py:109} INFO - [2022-02-20 23:28:23,703] {dagbag.py:500} INFO - Filling up the DagBag from /home/airflow/.local/lib/python3.7/site-packages/airflow/example_dags/example_xcom.py
[2022-02-20 23:28:23,808] {processor.py:654} INFO - DAG(s) dict_keys(['example_xcom']) retrieved from /home/airflow/.local/lib/python3.7/site-packages/airflow/example_dags/example_xcom.py
[2022-02-20 23:28:24,914] {logging_mixin.py:109} INFO - [2022-02-20 23:28:24,914] {dag.py:2396} INFO - Sync 1 DAGs
[2022-02-20 23:28:24,974] {logging_mixin.py:109} INFO - [2022-02-20 23:28:24,973] {dag.py:2935} INFO - Setting next_dagrun for example_xcom to 2021-01-01T00:00:00+00:00
[2022-02-20 23:28:25,013] {processor.py:171} INFO - Processing /home/airflow/.local/lib/python3.7/site-packages/airflow/example_dags/example_xcom.py took 1.326 seconds
[2022-02-20 23:28:55,641] {processor.py:163} INFO - Started process (PID=2577) to work on /home/airflow/.local/lib/python3.7/site-packages/airflow/example_dags/example_xcom.py
[2022-02-20 23:28:55,646] {processor.py:642} INFO - Processing file /home/airflow/.local/lib/python3.7/site-packages/airflow/example_dags/example_xcom.py for tasks to queue
[2022-02-20 23:28:55,650] {logging_mixin.py:109} INFO - [2022-02-20 23:28:55,649] {dagbag.py:500} INFO - Filling up the DagBag from /home/airflow/.local/lib/python3.7/site-packages/airflow/example_dags/example_xcom.py
[2022-02-20 23:28:55,755] {processor.py:654} INFO - DAG(s) dict_keys(['example_xcom']) retrieved from /home/airflow/.local/lib/python3.7/site-packages/airflow/example_dags/example_xcom.py
[2022-02-20 23:28:56,952] {logging_mixin.py:109} INFO - [2022-02-20 23:28:56,951] {dag.py:2396} INFO - Sync 1 DAGs
[2022-02-20 23:28:57,016] {logging_mixin.py:109} INFO - [2022-02-20 23:28:57,015] {dag.py:2935} INFO - Setting next_dagrun for example_xcom to 2021-01-01T00:00:00+00:00
[2022-02-20 23:28:57,091] {processor.py:171} INFO - Processing /home/airflow/.local/lib/python3.7/site-packages/airflow/example_dags/example_xcom.py took 1.457 seconds
[2022-02-20 23:29:27,648] {processor.py:163} INFO - Started process (PID=2663) to work on /home/airflow/.local/lib/python3.7/site-packages/airflow/example_dags/example_xcom.py
[2022-02-20 23:29:27,656] {processor.py:642} INFO - Processing file /home/airflow/.local/lib/python3.7/site-packages/airflow/example_dags/example_xcom.py for tasks to queue
[2022-02-20 23:29:27,660] {logging_mixin.py:109} INFO - [2022-02-20 23:29:27,660] {dagbag.py:500} INFO - Filling up the DagBag from /home/airflow/.local/lib/python3.7/site-packages/airflow/example_dags/example_xcom.py
[2022-02-20 23:29:27,785] {processor.py:654} INFO - DAG(s) dict_keys(['example_xcom']) retrieved from /home/airflow/.local/lib/python3.7/site-packages/airflow/example_dags/example_xcom.py
[2022-02-20 23:29:28,918] {logging_mixin.py:109} INFO - [2022-02-20 23:29:28,918] {dag.py:2396} INFO - Sync 1 DAGs
[2022-02-20 23:29:28,976] {logging_mixin.py:109} INFO - [2022-02-20 23:29:28,975] {dag.py:2935} INFO - Setting next_dagrun for example_xcom to 2021-01-01T00:00:00+00:00
[2022-02-20 23:29:29,016] {processor.py:171} INFO - Processing /home/airflow/.local/lib/python3.7/site-packages/airflow/example_dags/example_xcom.py took 1.377 seconds
[2022-02-20 23:29:59,187] {processor.py:163} INFO - Started process (PID=2767) to work on /home/airflow/.local/lib/python3.7/site-packages/airflow/example_dags/example_xcom.py
[2022-02-20 23:29:59,192] {processor.py:642} INFO - Processing file /home/airflow/.local/lib/python3.7/site-packages/airflow/example_dags/example_xcom.py for tasks to queue
[2022-02-20 23:29:59,196] {logging_mixin.py:109} INFO - [2022-02-20 23:29:59,195] {dagbag.py:500} INFO - Filling up the DagBag from /home/airflow/.local/lib/python3.7/site-packages/airflow/example_dags/example_xcom.py
[2022-02-20 23:29:59,304] {processor.py:654} INFO - DAG(s) dict_keys(['example_xcom']) retrieved from /home/airflow/.local/lib/python3.7/site-packages/airflow/example_dags/example_xcom.py
[2022-02-20 23:30:00,470] {logging_mixin.py:109} INFO - [2022-02-20 23:30:00,468] {dag.py:2396} INFO - Sync 1 DAGs
[2022-02-20 23:30:00,531] {logging_mixin.py:109} INFO - [2022-02-20 23:30:00,530] {dag.py:2935} INFO - Setting next_dagrun for example_xcom to 2021-01-01T00:00:00+00:00
[2022-02-20 23:30:00,568] {processor.py:171} INFO - Processing /home/airflow/.local/lib/python3.7/site-packages/airflow/example_dags/example_xcom.py took 1.390 seconds
[2022-02-20 23:30:30,653] {processor.py:163} INFO - Started process (PID=2854) to work on /home/airflow/.local/lib/python3.7/site-packages/airflow/example_dags/example_xcom.py
[2022-02-20 23:30:30,657] {processor.py:642} INFO - Processing file /home/airflow/.local/lib/python3.7/site-packages/airflow/example_dags/example_xcom.py for tasks to queue
[2022-02-20 23:30:30,660] {logging_mixin.py:109} INFO - [2022-02-20 23:30:30,660] {dagbag.py:500} INFO - Filling up the DagBag from /home/airflow/.local/lib/python3.7/site-packages/airflow/example_dags/example_xcom.py
[2022-02-20 23:30:30,746] {processor.py:654} INFO - DAG(s) dict_keys(['example_xcom']) retrieved from /home/airflow/.local/lib/python3.7/site-packages/airflow/example_dags/example_xcom.py
[2022-02-20 23:30:31,674] {logging_mixin.py:109} INFO - [2022-02-20 23:30:31,674] {dag.py:2396} INFO - Sync 1 DAGs
[2022-02-20 23:30:31,726] {logging_mixin.py:109} INFO - [2022-02-20 23:30:31,726] {dag.py:2935} INFO - Setting next_dagrun for example_xcom to 2021-01-01T00:00:00+00:00
[2022-02-20 23:30:31,758] {processor.py:171} INFO - Processing /home/airflow/.local/lib/python3.7/site-packages/airflow/example_dags/example_xcom.py took 1.112 seconds
[2022-02-20 23:31:02,034] {processor.py:163} INFO - Started process (PID=2960) to work on /home/airflow/.local/lib/python3.7/site-packages/airflow/example_dags/example_xcom.py
[2022-02-20 23:31:02,043] {processor.py:642} INFO - Processing file /home/airflow/.local/lib/python3.7/site-packages/airflow/example_dags/example_xcom.py for tasks to queue
[2022-02-20 23:31:02,047] {logging_mixin.py:109} INFO - [2022-02-20 23:31:02,047] {dagbag.py:500} INFO - Filling up the DagBag from /home/airflow/.local/lib/python3.7/site-packages/airflow/example_dags/example_xcom.py
[2022-02-20 23:31:02,164] {processor.py:654} INFO - DAG(s) dict_keys(['example_xcom']) retrieved from /home/airflow/.local/lib/python3.7/site-packages/airflow/example_dags/example_xcom.py
[2022-02-20 23:31:03,190] {logging_mixin.py:109} INFO - [2022-02-20 23:31:03,189] {dag.py:2396} INFO - Sync 1 DAGs
[2022-02-20 23:31:03,245] {logging_mixin.py:109} INFO - [2022-02-20 23:31:03,244] {dag.py:2935} INFO - Setting next_dagrun for example_xcom to 2021-01-01T00:00:00+00:00
[2022-02-20 23:31:03,281] {processor.py:171} INFO - Processing /home/airflow/.local/lib/python3.7/site-packages/airflow/example_dags/example_xcom.py took 1.255 seconds
[2022-02-20 23:31:34,265] {processor.py:163} INFO - Started process (PID=3065) to work on /home/airflow/.local/lib/python3.7/site-packages/airflow/example_dags/example_xcom.py
[2022-02-20 23:31:34,270] {processor.py:642} INFO - Processing file /home/airflow/.local/lib/python3.7/site-packages/airflow/example_dags/example_xcom.py for tasks to queue
[2022-02-20 23:31:34,273] {logging_mixin.py:109} INFO - [2022-02-20 23:31:34,272] {dagbag.py:500} INFO - Filling up the DagBag from /home/airflow/.local/lib/python3.7/site-packages/airflow/example_dags/example_xcom.py
[2022-02-20 23:31:34,377] {processor.py:654} INFO - DAG(s) dict_keys(['example_xcom']) retrieved from /home/airflow/.local/lib/python3.7/site-packages/airflow/example_dags/example_xcom.py
[2022-02-20 23:31:35,390] {logging_mixin.py:109} INFO - [2022-02-20 23:31:35,389] {dag.py:2396} INFO - Sync 1 DAGs
[2022-02-20 23:31:35,446] {logging_mixin.py:109} INFO - [2022-02-20 23:31:35,446] {dag.py:2935} INFO - Setting next_dagrun for example_xcom to 2021-01-01T00:00:00+00:00
[2022-02-20 23:31:35,487] {processor.py:171} INFO - Processing /home/airflow/.local/lib/python3.7/site-packages/airflow/example_dags/example_xcom.py took 1.230 seconds
[2022-02-20 23:32:05,691] {processor.py:163} INFO - Started process (PID=3152) to work on /home/airflow/.local/lib/python3.7/site-packages/airflow/example_dags/example_xcom.py
[2022-02-20 23:32:05,696] {processor.py:642} INFO - Processing file /home/airflow/.local/lib/python3.7/site-packages/airflow/example_dags/example_xcom.py for tasks to queue
[2022-02-20 23:32:05,699] {logging_mixin.py:109} INFO - [2022-02-20 23:32:05,699] {dagbag.py:500} INFO - Filling up the DagBag from /home/airflow/.local/lib/python3.7/site-packages/airflow/example_dags/example_xcom.py
[2022-02-20 23:32:05,800] {processor.py:654} INFO - DAG(s) dict_keys(['example_xcom']) retrieved from /home/airflow/.local/lib/python3.7/site-packages/airflow/example_dags/example_xcom.py
[2022-02-20 23:32:06,837] {logging_mixin.py:109} INFO - [2022-02-20 23:32:06,836] {dag.py:2396} INFO - Sync 1 DAGs
[2022-02-20 23:32:06,893] {logging_mixin.py:109} INFO - [2022-02-20 23:32:06,892] {dag.py:2935} INFO - Setting next_dagrun for example_xcom to 2021-01-01T00:00:00+00:00
[2022-02-20 23:32:06,932] {processor.py:171} INFO - Processing /home/airflow/.local/lib/python3.7/site-packages/airflow/example_dags/example_xcom.py took 1.249 seconds
[2022-02-20 23:32:37,691] {processor.py:163} INFO - Started process (PID=3254) to work on /home/airflow/.local/lib/python3.7/site-packages/airflow/example_dags/example_xcom.py
[2022-02-20 23:32:37,696] {processor.py:642} INFO - Processing file /home/airflow/.local/lib/python3.7/site-packages/airflow/example_dags/example_xcom.py for tasks to queue
[2022-02-20 23:32:37,701] {logging_mixin.py:109} INFO - [2022-02-20 23:32:37,700] {dagbag.py:500} INFO - Filling up the DagBag from /home/airflow/.local/lib/python3.7/site-packages/airflow/example_dags/example_xcom.py
[2022-02-20 23:32:37,812] {processor.py:654} INFO - DAG(s) dict_keys(['example_xcom']) retrieved from /home/airflow/.local/lib/python3.7/site-packages/airflow/example_dags/example_xcom.py
[2022-02-20 23:32:38,903] {logging_mixin.py:109} INFO - [2022-02-20 23:32:38,903] {dag.py:2396} INFO - Sync 1 DAGs
[2022-02-20 23:32:38,963] {logging_mixin.py:109} INFO - [2022-02-20 23:32:38,963] {dag.py:2935} INFO - Setting next_dagrun for example_xcom to 2021-01-01T00:00:00+00:00
[2022-02-20 23:32:39,001] {processor.py:171} INFO - Processing /home/airflow/.local/lib/python3.7/site-packages/airflow/example_dags/example_xcom.py took 1.318 seconds
[2022-02-20 23:33:09,120] {processor.py:163} INFO - Started process (PID=3344) to work on /home/airflow/.local/lib/python3.7/site-packages/airflow/example_dags/example_xcom.py
[2022-02-20 23:33:09,125] {processor.py:642} INFO - Processing file /home/airflow/.local/lib/python3.7/site-packages/airflow/example_dags/example_xcom.py for tasks to queue
[2022-02-20 23:33:09,129] {logging_mixin.py:109} INFO - [2022-02-20 23:33:09,128] {dagbag.py:500} INFO - Filling up the DagBag from /home/airflow/.local/lib/python3.7/site-packages/airflow/example_dags/example_xcom.py
[2022-02-20 23:33:09,219] {processor.py:654} INFO - DAG(s) dict_keys(['example_xcom']) retrieved from /home/airflow/.local/lib/python3.7/site-packages/airflow/example_dags/example_xcom.py
[2022-02-20 23:33:10,048] {logging_mixin.py:109} INFO - [2022-02-20 23:33:10,048] {dag.py:2396} INFO - Sync 1 DAGs
[2022-02-20 23:33:10,103] {logging_mixin.py:109} INFO - [2022-02-20 23:33:10,102] {dag.py:2935} INFO - Setting next_dagrun for example_xcom to 2021-01-01T00:00:00+00:00
[2022-02-20 23:33:10,138] {processor.py:171} INFO - Processing /home/airflow/.local/lib/python3.7/site-packages/airflow/example_dags/example_xcom.py took 1.024 seconds
[2022-02-20 23:33:40,968] {processor.py:163} INFO - Started process (PID=3441) to work on /home/airflow/.local/lib/python3.7/site-packages/airflow/example_dags/example_xcom.py
[2022-02-20 23:33:40,973] {processor.py:642} INFO - Processing file /home/airflow/.local/lib/python3.7/site-packages/airflow/example_dags/example_xcom.py for tasks to queue
[2022-02-20 23:33:40,978] {logging_mixin.py:109} INFO - [2022-02-20 23:33:40,977] {dagbag.py:500} INFO - Filling up the DagBag from /home/airflow/.local/lib/python3.7/site-packages/airflow/example_dags/example_xcom.py
[2022-02-20 23:33:41,082] {processor.py:654} INFO - DAG(s) dict_keys(['example_xcom']) retrieved from /home/airflow/.local/lib/python3.7/site-packages/airflow/example_dags/example_xcom.py
[2022-02-20 23:33:42,046] {logging_mixin.py:109} INFO - [2022-02-20 23:33:42,046] {dag.py:2396} INFO - Sync 1 DAGs
[2022-02-20 23:33:42,102] {logging_mixin.py:109} INFO - [2022-02-20 23:33:42,101] {dag.py:2935} INFO - Setting next_dagrun for example_xcom to 2021-01-01T00:00:00+00:00
[2022-02-20 23:33:42,141] {processor.py:171} INFO - Processing /home/airflow/.local/lib/python3.7/site-packages/airflow/example_dags/example_xcom.py took 1.180 seconds
[2022-02-20 23:34:12,457] {processor.py:163} INFO - Started process (PID=3523) to work on /home/airflow/.local/lib/python3.7/site-packages/airflow/example_dags/example_xcom.py
[2022-02-20 23:34:12,461] {processor.py:642} INFO - Processing file /home/airflow/.local/lib/python3.7/site-packages/airflow/example_dags/example_xcom.py for tasks to queue
[2022-02-20 23:34:12,464] {logging_mixin.py:109} INFO - [2022-02-20 23:34:12,464] {dagbag.py:500} INFO - Filling up the DagBag from /home/airflow/.local/lib/python3.7/site-packages/airflow/example_dags/example_xcom.py
[2022-02-20 23:34:12,543] {processor.py:654} INFO - DAG(s) dict_keys(['example_xcom']) retrieved from /home/airflow/.local/lib/python3.7/site-packages/airflow/example_dags/example_xcom.py
[2022-02-20 23:34:13,369] {logging_mixin.py:109} INFO - [2022-02-20 23:34:13,368] {dag.py:2396} INFO - Sync 1 DAGs
[2022-02-20 23:34:13,409] {logging_mixin.py:109} INFO - [2022-02-20 23:34:13,408] {dag.py:2935} INFO - Setting next_dagrun for example_xcom to 2021-01-01T00:00:00+00:00
[2022-02-20 23:34:13,436] {processor.py:171} INFO - Processing /home/airflow/.local/lib/python3.7/site-packages/airflow/example_dags/example_xcom.py took 0.987 seconds
[2022-02-20 23:34:44,188] {processor.py:163} INFO - Started process (PID=3620) to work on /home/airflow/.local/lib/python3.7/site-packages/airflow/example_dags/example_xcom.py
[2022-02-20 23:34:44,193] {processor.py:642} INFO - Processing file /home/airflow/.local/lib/python3.7/site-packages/airflow/example_dags/example_xcom.py for tasks to queue
[2022-02-20 23:34:44,195] {logging_mixin.py:109} INFO - [2022-02-20 23:34:44,195] {dagbag.py:500} INFO - Filling up the DagBag from /home/airflow/.local/lib/python3.7/site-packages/airflow/example_dags/example_xcom.py
[2022-02-20 23:34:44,298] {processor.py:654} INFO - DAG(s) dict_keys(['example_xcom']) retrieved from /home/airflow/.local/lib/python3.7/site-packages/airflow/example_dags/example_xcom.py
[2022-02-20 23:34:45,302] {logging_mixin.py:109} INFO - [2022-02-20 23:34:45,301] {dag.py:2396} INFO - Sync 1 DAGs
[2022-02-20 23:34:45,355] {logging_mixin.py:109} INFO - [2022-02-20 23:34:45,355] {dag.py:2935} INFO - Setting next_dagrun for example_xcom to 2021-01-01T00:00:00+00:00
[2022-02-20 23:34:45,391] {processor.py:171} INFO - Processing /home/airflow/.local/lib/python3.7/site-packages/airflow/example_dags/example_xcom.py took 1.211 seconds
[2022-02-20 23:35:15,881] {processor.py:163} INFO - Started process (PID=3716) to work on /home/airflow/.local/lib/python3.7/site-packages/airflow/example_dags/example_xcom.py
[2022-02-20 23:35:15,886] {processor.py:642} INFO - Processing file /home/airflow/.local/lib/python3.7/site-packages/airflow/example_dags/example_xcom.py for tasks to queue
[2022-02-20 23:35:15,889] {logging_mixin.py:109} INFO - [2022-02-20 23:35:15,888] {dagbag.py:500} INFO - Filling up the DagBag from /home/airflow/.local/lib/python3.7/site-packages/airflow/example_dags/example_xcom.py
[2022-02-20 23:35:15,990] {processor.py:654} INFO - DAG(s) dict_keys(['example_xcom']) retrieved from /home/airflow/.local/lib/python3.7/site-packages/airflow/example_dags/example_xcom.py
[2022-02-20 23:35:17,004] {logging_mixin.py:109} INFO - [2022-02-20 23:35:17,004] {dag.py:2396} INFO - Sync 1 DAGs
[2022-02-20 23:35:17,063] {logging_mixin.py:109} INFO - [2022-02-20 23:35:17,062] {dag.py:2935} INFO - Setting next_dagrun for example_xcom to 2021-01-01T00:00:00+00:00
[2022-02-20 23:35:17,102] {processor.py:171} INFO - Processing /home/airflow/.local/lib/python3.7/site-packages/airflow/example_dags/example_xcom.py took 1.228 seconds
[2022-02-20 23:35:47,240] {processor.py:163} INFO - Started process (PID=3798) to work on /home/airflow/.local/lib/python3.7/site-packages/airflow/example_dags/example_xcom.py
[2022-02-20 23:35:47,245] {processor.py:642} INFO - Processing file /home/airflow/.local/lib/python3.7/site-packages/airflow/example_dags/example_xcom.py for tasks to queue
[2022-02-20 23:35:47,249] {logging_mixin.py:109} INFO - [2022-02-20 23:35:47,248] {dagbag.py:500} INFO - Filling up the DagBag from /home/airflow/.local/lib/python3.7/site-packages/airflow/example_dags/example_xcom.py
[2022-02-20 23:35:47,353] {processor.py:654} INFO - DAG(s) dict_keys(['example_xcom']) retrieved from /home/airflow/.local/lib/python3.7/site-packages/airflow/example_dags/example_xcom.py
[2022-02-20 23:35:48,409] {logging_mixin.py:109} INFO - [2022-02-20 23:35:48,408] {dag.py:2396} INFO - Sync 1 DAGs
[2022-02-20 23:35:48,473] {logging_mixin.py:109} INFO - [2022-02-20 23:35:48,472] {dag.py:2935} INFO - Setting next_dagrun for example_xcom to 2021-01-01T00:00:00+00:00
[2022-02-20 23:35:48,515] {processor.py:171} INFO - Processing /home/airflow/.local/lib/python3.7/site-packages/airflow/example_dags/example_xcom.py took 1.282 seconds
[2022-02-20 23:36:18,774] {processor.py:163} INFO - Started process (PID=3897) to work on /home/airflow/.local/lib/python3.7/site-packages/airflow/example_dags/example_xcom.py
[2022-02-20 23:36:18,779] {processor.py:642} INFO - Processing file /home/airflow/.local/lib/python3.7/site-packages/airflow/example_dags/example_xcom.py for tasks to queue
[2022-02-20 23:36:18,782] {logging_mixin.py:109} INFO - [2022-02-20 23:36:18,781] {dagbag.py:500} INFO - Filling up the DagBag from /home/airflow/.local/lib/python3.7/site-packages/airflow/example_dags/example_xcom.py
[2022-02-20 23:36:18,886] {processor.py:654} INFO - DAG(s) dict_keys(['example_xcom']) retrieved from /home/airflow/.local/lib/python3.7/site-packages/airflow/example_dags/example_xcom.py
[2022-02-20 23:36:19,907] {logging_mixin.py:109} INFO - [2022-02-20 23:36:19,907] {dag.py:2396} INFO - Sync 1 DAGs
[2022-02-20 23:36:19,972] {logging_mixin.py:109} INFO - [2022-02-20 23:36:19,971] {dag.py:2935} INFO - Setting next_dagrun for example_xcom to 2021-01-01T00:00:00+00:00
[2022-02-20 23:36:20,016] {processor.py:171} INFO - Processing /home/airflow/.local/lib/python3.7/site-packages/airflow/example_dags/example_xcom.py took 1.250 seconds
[2022-02-20 23:36:50,787] {processor.py:163} INFO - Started process (PID=3978) to work on /home/airflow/.local/lib/python3.7/site-packages/airflow/example_dags/example_xcom.py
[2022-02-20 23:36:50,792] {processor.py:642} INFO - Processing file /home/airflow/.local/lib/python3.7/site-packages/airflow/example_dags/example_xcom.py for tasks to queue
[2022-02-20 23:36:50,795] {logging_mixin.py:109} INFO - [2022-02-20 23:36:50,795] {dagbag.py:500} INFO - Filling up the DagBag from /home/airflow/.local/lib/python3.7/site-packages/airflow/example_dags/example_xcom.py
[2022-02-20 23:36:50,884] {processor.py:654} INFO - DAG(s) dict_keys(['example_xcom']) retrieved from /home/airflow/.local/lib/python3.7/site-packages/airflow/example_dags/example_xcom.py
[2022-02-20 23:36:51,742] {logging_mixin.py:109} INFO - [2022-02-20 23:36:51,742] {dag.py:2396} INFO - Sync 1 DAGs
[2022-02-20 23:36:51,793] {logging_mixin.py:109} INFO - [2022-02-20 23:36:51,792] {dag.py:2935} INFO - Setting next_dagrun for example_xcom to 2021-01-01T00:00:00+00:00
[2022-02-20 23:36:51,822] {processor.py:171} INFO - Processing /home/airflow/.local/lib/python3.7/site-packages/airflow/example_dags/example_xcom.py took 1.042 seconds
[2022-02-20 23:37:22,045] {processor.py:163} INFO - Started process (PID=4076) to work on /home/airflow/.local/lib/python3.7/site-packages/airflow/example_dags/example_xcom.py
[2022-02-20 23:37:22,052] {processor.py:642} INFO - Processing file /home/airflow/.local/lib/python3.7/site-packages/airflow/example_dags/example_xcom.py for tasks to queue
[2022-02-20 23:37:22,056] {logging_mixin.py:109} INFO - [2022-02-20 23:37:22,055] {dagbag.py:500} INFO - Filling up the DagBag from /home/airflow/.local/lib/python3.7/site-packages/airflow/example_dags/example_xcom.py
[2022-02-20 23:37:22,166] {processor.py:654} INFO - DAG(s) dict_keys(['example_xcom']) retrieved from /home/airflow/.local/lib/python3.7/site-packages/airflow/example_dags/example_xcom.py
[2022-02-20 23:37:23,287] {logging_mixin.py:109} INFO - [2022-02-20 23:37:23,287] {dag.py:2396} INFO - Sync 1 DAGs
[2022-02-20 23:37:23,350] {logging_mixin.py:109} INFO - [2022-02-20 23:37:23,350] {dag.py:2935} INFO - Setting next_dagrun for example_xcom to 2021-01-01T00:00:00+00:00
[2022-02-20 23:37:23,404] {processor.py:171} INFO - Processing /home/airflow/.local/lib/python3.7/site-packages/airflow/example_dags/example_xcom.py took 1.369 seconds
[2022-02-20 23:37:54,114] {processor.py:163} INFO - Started process (PID=4167) to work on /home/airflow/.local/lib/python3.7/site-packages/airflow/example_dags/example_xcom.py
[2022-02-20 23:37:54,120] {processor.py:642} INFO - Processing file /home/airflow/.local/lib/python3.7/site-packages/airflow/example_dags/example_xcom.py for tasks to queue
[2022-02-20 23:37:54,124] {logging_mixin.py:109} INFO - [2022-02-20 23:37:54,123] {dagbag.py:500} INFO - Filling up the DagBag from /home/airflow/.local/lib/python3.7/site-packages/airflow/example_dags/example_xcom.py
[2022-02-20 23:37:54,237] {processor.py:654} INFO - DAG(s) dict_keys(['example_xcom']) retrieved from /home/airflow/.local/lib/python3.7/site-packages/airflow/example_dags/example_xcom.py
[2022-02-20 23:37:55,249] {logging_mixin.py:109} INFO - [2022-02-20 23:37:55,249] {dag.py:2396} INFO - Sync 1 DAGs
[2022-02-20 23:37:55,315] {logging_mixin.py:109} INFO - [2022-02-20 23:37:55,314] {dag.py:2935} INFO - Setting next_dagrun for example_xcom to 2021-01-01T00:00:00+00:00
[2022-02-20 23:37:55,352] {processor.py:171} INFO - Processing /home/airflow/.local/lib/python3.7/site-packages/airflow/example_dags/example_xcom.py took 1.247 seconds
[2022-02-20 23:38:25,583] {processor.py:163} INFO - Started process (PID=4254) to work on /home/airflow/.local/lib/python3.7/site-packages/airflow/example_dags/example_xcom.py
[2022-02-20 23:38:25,590] {processor.py:642} INFO - Processing file /home/airflow/.local/lib/python3.7/site-packages/airflow/example_dags/example_xcom.py for tasks to queue
[2022-02-20 23:38:25,595] {logging_mixin.py:109} INFO - [2022-02-20 23:38:25,595] {dagbag.py:500} INFO - Filling up the DagBag from /home/airflow/.local/lib/python3.7/site-packages/airflow/example_dags/example_xcom.py
[2022-02-20 23:38:25,733] {processor.py:654} INFO - DAG(s) dict_keys(['example_xcom']) retrieved from /home/airflow/.local/lib/python3.7/site-packages/airflow/example_dags/example_xcom.py
[2022-02-20 23:38:26,945] {logging_mixin.py:109} INFO - [2022-02-20 23:38:26,944] {dag.py:2396} INFO - Sync 1 DAGs
[2022-02-20 23:38:27,011] {logging_mixin.py:109} INFO - [2022-02-20 23:38:27,010] {dag.py:2935} INFO - Setting next_dagrun for example_xcom to 2021-01-01T00:00:00+00:00
[2022-02-20 23:38:27,068] {processor.py:171} INFO - Processing /home/airflow/.local/lib/python3.7/site-packages/airflow/example_dags/example_xcom.py took 1.496 seconds
[2022-02-20 23:38:57,174] {processor.py:163} INFO - Started process (PID=4354) to work on /home/airflow/.local/lib/python3.7/site-packages/airflow/example_dags/example_xcom.py
[2022-02-20 23:38:57,179] {processor.py:642} INFO - Processing file /home/airflow/.local/lib/python3.7/site-packages/airflow/example_dags/example_xcom.py for tasks to queue
[2022-02-20 23:38:57,182] {logging_mixin.py:109} INFO - [2022-02-20 23:38:57,182] {dagbag.py:500} INFO - Filling up the DagBag from /home/airflow/.local/lib/python3.7/site-packages/airflow/example_dags/example_xcom.py
[2022-02-20 23:38:57,289] {processor.py:654} INFO - DAG(s) dict_keys(['example_xcom']) retrieved from /home/airflow/.local/lib/python3.7/site-packages/airflow/example_dags/example_xcom.py
[2022-02-20 23:38:58,313] {logging_mixin.py:109} INFO - [2022-02-20 23:38:58,312] {dag.py:2396} INFO - Sync 1 DAGs
[2022-02-20 23:38:58,370] {logging_mixin.py:109} INFO - [2022-02-20 23:38:58,369] {dag.py:2935} INFO - Setting next_dagrun for example_xcom to 2021-01-01T00:00:00+00:00
[2022-02-20 23:38:58,407] {processor.py:171} INFO - Processing /home/airflow/.local/lib/python3.7/site-packages/airflow/example_dags/example_xcom.py took 1.241 seconds
[2022-02-20 23:39:28,491] {processor.py:163} INFO - Started process (PID=4437) to work on /home/airflow/.local/lib/python3.7/site-packages/airflow/example_dags/example_xcom.py
[2022-02-20 23:39:28,497] {processor.py:642} INFO - Processing file /home/airflow/.local/lib/python3.7/site-packages/airflow/example_dags/example_xcom.py for tasks to queue
[2022-02-20 23:39:28,504] {logging_mixin.py:109} INFO - [2022-02-20 23:39:28,503] {dagbag.py:500} INFO - Filling up the DagBag from /home/airflow/.local/lib/python3.7/site-packages/airflow/example_dags/example_xcom.py
[2022-02-20 23:39:28,619] {processor.py:654} INFO - DAG(s) dict_keys(['example_xcom']) retrieved from /home/airflow/.local/lib/python3.7/site-packages/airflow/example_dags/example_xcom.py
[2022-02-20 23:39:29,786] {logging_mixin.py:109} INFO - [2022-02-20 23:39:29,785] {dag.py:2396} INFO - Sync 1 DAGs
[2022-02-20 23:39:29,859] {logging_mixin.py:109} INFO - [2022-02-20 23:39:29,858] {dag.py:2935} INFO - Setting next_dagrun for example_xcom to 2021-01-01T00:00:00+00:00
[2022-02-20 23:39:29,899] {processor.py:171} INFO - Processing /home/airflow/.local/lib/python3.7/site-packages/airflow/example_dags/example_xcom.py took 1.416 seconds
[2022-02-20 23:40:00,205] {processor.py:163} INFO - Started process (PID=4534) to work on /home/airflow/.local/lib/python3.7/site-packages/airflow/example_dags/example_xcom.py
[2022-02-20 23:40:00,216] {processor.py:642} INFO - Processing file /home/airflow/.local/lib/python3.7/site-packages/airflow/example_dags/example_xcom.py for tasks to queue
[2022-02-20 23:40:00,220] {logging_mixin.py:109} INFO - [2022-02-20 23:40:00,219] {dagbag.py:500} INFO - Filling up the DagBag from /home/airflow/.local/lib/python3.7/site-packages/airflow/example_dags/example_xcom.py
[2022-02-20 23:40:00,336] {processor.py:654} INFO - DAG(s) dict_keys(['example_xcom']) retrieved from /home/airflow/.local/lib/python3.7/site-packages/airflow/example_dags/example_xcom.py
[2022-02-20 23:40:01,345] {logging_mixin.py:109} INFO - [2022-02-20 23:40:01,344] {dag.py:2396} INFO - Sync 1 DAGs
[2022-02-20 23:40:01,396] {logging_mixin.py:109} INFO - [2022-02-20 23:40:01,396] {dag.py:2935} INFO - Setting next_dagrun for example_xcom to 2021-01-01T00:00:00+00:00
[2022-02-20 23:40:01,432] {processor.py:171} INFO - Processing /home/airflow/.local/lib/python3.7/site-packages/airflow/example_dags/example_xcom.py took 1.250 seconds
[2022-02-20 23:40:32,094] {processor.py:163} INFO - Started process (PID=4615) to work on /home/airflow/.local/lib/python3.7/site-packages/airflow/example_dags/example_xcom.py
[2022-02-20 23:40:32,100] {processor.py:642} INFO - Processing file /home/airflow/.local/lib/python3.7/site-packages/airflow/example_dags/example_xcom.py for tasks to queue
[2022-02-20 23:40:32,104] {logging_mixin.py:109} INFO - [2022-02-20 23:40:32,103] {dagbag.py:500} INFO - Filling up the DagBag from /home/airflow/.local/lib/python3.7/site-packages/airflow/example_dags/example_xcom.py
[2022-02-20 23:40:32,194] {processor.py:654} INFO - DAG(s) dict_keys(['example_xcom']) retrieved from /home/airflow/.local/lib/python3.7/site-packages/airflow/example_dags/example_xcom.py
[2022-02-20 23:40:32,989] {logging_mixin.py:109} INFO - [2022-02-20 23:40:32,989] {dag.py:2396} INFO - Sync 1 DAGs
[2022-02-20 23:40:33,032] {logging_mixin.py:109} INFO - [2022-02-20 23:40:33,031] {dag.py:2935} INFO - Setting next_dagrun for example_xcom to 2021-01-01T00:00:00+00:00
[2022-02-20 23:40:33,061] {processor.py:171} INFO - Processing /home/airflow/.local/lib/python3.7/site-packages/airflow/example_dags/example_xcom.py took 0.978 seconds
[2022-02-20 23:41:04,045] {processor.py:163} INFO - Started process (PID=4712) to work on /home/airflow/.local/lib/python3.7/site-packages/airflow/example_dags/example_xcom.py
[2022-02-20 23:41:04,051] {processor.py:642} INFO - Processing file /home/airflow/.local/lib/python3.7/site-packages/airflow/example_dags/example_xcom.py for tasks to queue
[2022-02-20 23:41:04,054] {logging_mixin.py:109} INFO - [2022-02-20 23:41:04,054] {dagbag.py:500} INFO - Filling up the DagBag from /home/airflow/.local/lib/python3.7/site-packages/airflow/example_dags/example_xcom.py
[2022-02-20 23:41:04,152] {processor.py:654} INFO - DAG(s) dict_keys(['example_xcom']) retrieved from /home/airflow/.local/lib/python3.7/site-packages/airflow/example_dags/example_xcom.py
[2022-02-20 23:41:05,160] {logging_mixin.py:109} INFO - [2022-02-20 23:41:05,159] {dag.py:2396} INFO - Sync 1 DAGs
[2022-02-20 23:41:05,215] {logging_mixin.py:109} INFO - [2022-02-20 23:41:05,214] {dag.py:2935} INFO - Setting next_dagrun for example_xcom to 2021-01-01T00:00:00+00:00
[2022-02-20 23:41:05,251] {processor.py:171} INFO - Processing /home/airflow/.local/lib/python3.7/site-packages/airflow/example_dags/example_xcom.py took 1.215 seconds
[2022-02-20 23:41:35,483] {processor.py:163} INFO - Started process (PID=4804) to work on /home/airflow/.local/lib/python3.7/site-packages/airflow/example_dags/example_xcom.py
[2022-02-20 23:41:35,489] {processor.py:642} INFO - Processing file /home/airflow/.local/lib/python3.7/site-packages/airflow/example_dags/example_xcom.py for tasks to queue
[2022-02-20 23:41:35,492] {logging_mixin.py:109} INFO - [2022-02-20 23:41:35,492] {dagbag.py:500} INFO - Filling up the DagBag from /home/airflow/.local/lib/python3.7/site-packages/airflow/example_dags/example_xcom.py
[2022-02-20 23:41:35,594] {processor.py:654} INFO - DAG(s) dict_keys(['example_xcom']) retrieved from /home/airflow/.local/lib/python3.7/site-packages/airflow/example_dags/example_xcom.py
[2022-02-20 23:41:36,618] {logging_mixin.py:109} INFO - [2022-02-20 23:41:36,617] {dag.py:2396} INFO - Sync 1 DAGs
[2022-02-20 23:41:36,671] {logging_mixin.py:109} INFO - [2022-02-20 23:41:36,670] {dag.py:2935} INFO - Setting next_dagrun for example_xcom to 2021-01-01T00:00:00+00:00
[2022-02-20 23:41:36,706] {processor.py:171} INFO - Processing /home/airflow/.local/lib/python3.7/site-packages/airflow/example_dags/example_xcom.py took 1.230 seconds
[2022-02-20 23:42:06,913] {processor.py:163} INFO - Started process (PID=4891) to work on /home/airflow/.local/lib/python3.7/site-packages/airflow/example_dags/example_xcom.py
[2022-02-20 23:42:06,920] {processor.py:642} INFO - Processing file /home/airflow/.local/lib/python3.7/site-packages/airflow/example_dags/example_xcom.py for tasks to queue
[2022-02-20 23:42:06,925] {logging_mixin.py:109} INFO - [2022-02-20 23:42:06,925] {dagbag.py:500} INFO - Filling up the DagBag from /home/airflow/.local/lib/python3.7/site-packages/airflow/example_dags/example_xcom.py
[2022-02-20 23:42:07,044] {processor.py:654} INFO - DAG(s) dict_keys(['example_xcom']) retrieved from /home/airflow/.local/lib/python3.7/site-packages/airflow/example_dags/example_xcom.py
[2022-02-20 23:42:08,078] {logging_mixin.py:109} INFO - [2022-02-20 23:42:08,077] {dag.py:2396} INFO - Sync 1 DAGs
[2022-02-20 23:42:08,132] {logging_mixin.py:109} INFO - [2022-02-20 23:42:08,131] {dag.py:2935} INFO - Setting next_dagrun for example_xcom to 2021-01-01T00:00:00+00:00
[2022-02-20 23:42:08,166] {processor.py:171} INFO - Processing /home/airflow/.local/lib/python3.7/site-packages/airflow/example_dags/example_xcom.py took 1.261 seconds
[2022-02-20 23:42:38,692] {processor.py:163} INFO - Started process (PID=4992) to work on /home/airflow/.local/lib/python3.7/site-packages/airflow/example_dags/example_xcom.py
[2022-02-20 23:42:38,696] {processor.py:642} INFO - Processing file /home/airflow/.local/lib/python3.7/site-packages/airflow/example_dags/example_xcom.py for tasks to queue
[2022-02-20 23:42:38,700] {logging_mixin.py:109} INFO - [2022-02-20 23:42:38,700] {dagbag.py:500} INFO - Filling up the DagBag from /home/airflow/.local/lib/python3.7/site-packages/airflow/example_dags/example_xcom.py
[2022-02-20 23:42:38,805] {processor.py:654} INFO - DAG(s) dict_keys(['example_xcom']) retrieved from /home/airflow/.local/lib/python3.7/site-packages/airflow/example_dags/example_xcom.py
[2022-02-20 23:42:39,880] {logging_mixin.py:109} INFO - [2022-02-20 23:42:39,879] {dag.py:2396} INFO - Sync 1 DAGs
[2022-02-20 23:42:39,938] {logging_mixin.py:109} INFO - [2022-02-20 23:42:39,937] {dag.py:2935} INFO - Setting next_dagrun for example_xcom to 2021-01-01T00:00:00+00:00
[2022-02-20 23:42:39,998] {processor.py:171} INFO - Processing /home/airflow/.local/lib/python3.7/site-packages/airflow/example_dags/example_xcom.py took 1.316 seconds
[2022-02-20 23:43:10,845] {processor.py:163} INFO - Started process (PID=5073) to work on /home/airflow/.local/lib/python3.7/site-packages/airflow/example_dags/example_xcom.py
[2022-02-20 23:43:10,850] {processor.py:642} INFO - Processing file /home/airflow/.local/lib/python3.7/site-packages/airflow/example_dags/example_xcom.py for tasks to queue
[2022-02-20 23:43:10,854] {logging_mixin.py:109} INFO - [2022-02-20 23:43:10,853] {dagbag.py:500} INFO - Filling up the DagBag from /home/airflow/.local/lib/python3.7/site-packages/airflow/example_dags/example_xcom.py
[2022-02-20 23:43:10,948] {processor.py:654} INFO - DAG(s) dict_keys(['example_xcom']) retrieved from /home/airflow/.local/lib/python3.7/site-packages/airflow/example_dags/example_xcom.py
[2022-02-20 23:43:11,742] {logging_mixin.py:109} INFO - [2022-02-20 23:43:11,742] {dag.py:2396} INFO - Sync 1 DAGs
[2022-02-20 23:43:11,783] {logging_mixin.py:109} INFO - [2022-02-20 23:43:11,783] {dag.py:2935} INFO - Setting next_dagrun for example_xcom to 2021-01-01T00:00:00+00:00
[2022-02-20 23:43:11,812] {processor.py:171} INFO - Processing /home/airflow/.local/lib/python3.7/site-packages/airflow/example_dags/example_xcom.py took 0.975 seconds
[2022-02-20 23:43:42,600] {processor.py:163} INFO - Started process (PID=5172) to work on /home/airflow/.local/lib/python3.7/site-packages/airflow/example_dags/example_xcom.py
[2022-02-20 23:43:42,605] {processor.py:642} INFO - Processing file /home/airflow/.local/lib/python3.7/site-packages/airflow/example_dags/example_xcom.py for tasks to queue
[2022-02-20 23:43:42,608] {logging_mixin.py:109} INFO - [2022-02-20 23:43:42,607] {dagbag.py:500} INFO - Filling up the DagBag from /home/airflow/.local/lib/python3.7/site-packages/airflow/example_dags/example_xcom.py
[2022-02-20 23:43:42,719] {processor.py:654} INFO - DAG(s) dict_keys(['example_xcom']) retrieved from /home/airflow/.local/lib/python3.7/site-packages/airflow/example_dags/example_xcom.py
[2022-02-20 23:43:43,792] {logging_mixin.py:109} INFO - [2022-02-20 23:43:43,791] {dag.py:2396} INFO - Sync 1 DAGs
[2022-02-20 23:43:43,852] {logging_mixin.py:109} INFO - [2022-02-20 23:43:43,851] {dag.py:2935} INFO - Setting next_dagrun for example_xcom to 2021-01-01T00:00:00+00:00
[2022-02-20 23:43:43,893] {processor.py:171} INFO - Processing /home/airflow/.local/lib/python3.7/site-packages/airflow/example_dags/example_xcom.py took 1.300 seconds
[2022-02-20 23:44:14,828] {processor.py:163} INFO - Started process (PID=5263) to work on /home/airflow/.local/lib/python3.7/site-packages/airflow/example_dags/example_xcom.py
[2022-02-20 23:44:14,834] {processor.py:642} INFO - Processing file /home/airflow/.local/lib/python3.7/site-packages/airflow/example_dags/example_xcom.py for tasks to queue
[2022-02-20 23:44:14,841] {logging_mixin.py:109} INFO - [2022-02-20 23:44:14,841] {dagbag.py:500} INFO - Filling up the DagBag from /home/airflow/.local/lib/python3.7/site-packages/airflow/example_dags/example_xcom.py
[2022-02-20 23:44:15,006] {processor.py:654} INFO - DAG(s) dict_keys(['example_xcom']) retrieved from /home/airflow/.local/lib/python3.7/site-packages/airflow/example_dags/example_xcom.py
[2022-02-20 23:44:16,373] {logging_mixin.py:109} INFO - [2022-02-20 23:44:16,372] {dag.py:2396} INFO - Sync 1 DAGs
[2022-02-20 23:44:16,458] {logging_mixin.py:109} INFO - [2022-02-20 23:44:16,457] {dag.py:2935} INFO - Setting next_dagrun for example_xcom to 2021-01-01T00:00:00+00:00
[2022-02-20 23:44:16,508] {processor.py:171} INFO - Processing /home/airflow/.local/lib/python3.7/site-packages/airflow/example_dags/example_xcom.py took 1.696 seconds
[2022-02-20 23:44:46,617] {processor.py:163} INFO - Started process (PID=5350) to work on /home/airflow/.local/lib/python3.7/site-packages/airflow/example_dags/example_xcom.py
[2022-02-20 23:44:46,621] {processor.py:642} INFO - Processing file /home/airflow/.local/lib/python3.7/site-packages/airflow/example_dags/example_xcom.py for tasks to queue
[2022-02-20 23:44:46,625] {logging_mixin.py:109} INFO - [2022-02-20 23:44:46,625] {dagbag.py:500} INFO - Filling up the DagBag from /home/airflow/.local/lib/python3.7/site-packages/airflow/example_dags/example_xcom.py
[2022-02-20 23:44:46,745] {processor.py:654} INFO - DAG(s) dict_keys(['example_xcom']) retrieved from /home/airflow/.local/lib/python3.7/site-packages/airflow/example_dags/example_xcom.py
[2022-02-20 23:44:47,894] {logging_mixin.py:109} INFO - [2022-02-20 23:44:47,894] {dag.py:2396} INFO - Sync 1 DAGs
[2022-02-20 23:44:47,960] {logging_mixin.py:109} INFO - [2022-02-20 23:44:47,960] {dag.py:2935} INFO - Setting next_dagrun for example_xcom to 2021-01-01T00:00:00+00:00
[2022-02-20 23:44:48,045] {processor.py:171} INFO - Processing /home/airflow/.local/lib/python3.7/site-packages/airflow/example_dags/example_xcom.py took 1.436 seconds
[2022-02-20 23:45:18,916] {processor.py:163} INFO - Started process (PID=5453) to work on /home/airflow/.local/lib/python3.7/site-packages/airflow/example_dags/example_xcom.py
[2022-02-20 23:45:18,921] {processor.py:642} INFO - Processing file /home/airflow/.local/lib/python3.7/site-packages/airflow/example_dags/example_xcom.py for tasks to queue
[2022-02-20 23:45:18,924] {logging_mixin.py:109} INFO - [2022-02-20 23:45:18,924] {dagbag.py:500} INFO - Filling up the DagBag from /home/airflow/.local/lib/python3.7/site-packages/airflow/example_dags/example_xcom.py
[2022-02-20 23:45:19,045] {processor.py:654} INFO - DAG(s) dict_keys(['example_xcom']) retrieved from /home/airflow/.local/lib/python3.7/site-packages/airflow/example_dags/example_xcom.py
[2022-02-20 23:45:20,244] {logging_mixin.py:109} INFO - [2022-02-20 23:45:20,243] {dag.py:2396} INFO - Sync 1 DAGs
[2022-02-20 23:45:20,311] {logging_mixin.py:109} INFO - [2022-02-20 23:45:20,310] {dag.py:2935} INFO - Setting next_dagrun for example_xcom to 2021-01-01T00:00:00+00:00
[2022-02-20 23:45:20,348] {processor.py:171} INFO - Processing /home/airflow/.local/lib/python3.7/site-packages/airflow/example_dags/example_xcom.py took 1.449 seconds
[2022-02-20 23:45:50,950] {processor.py:163} INFO - Started process (PID=5540) to work on /home/airflow/.local/lib/python3.7/site-packages/airflow/example_dags/example_xcom.py
[2022-02-20 23:45:50,955] {processor.py:642} INFO - Processing file /home/airflow/.local/lib/python3.7/site-packages/airflow/example_dags/example_xcom.py for tasks to queue
[2022-02-20 23:45:50,957] {logging_mixin.py:109} INFO - [2022-02-20 23:45:50,957] {dagbag.py:500} INFO - Filling up the DagBag from /home/airflow/.local/lib/python3.7/site-packages/airflow/example_dags/example_xcom.py
[2022-02-20 23:45:51,041] {processor.py:654} INFO - DAG(s) dict_keys(['example_xcom']) retrieved from /home/airflow/.local/lib/python3.7/site-packages/airflow/example_dags/example_xcom.py
[2022-02-20 23:45:51,916] {logging_mixin.py:109} INFO - [2022-02-20 23:45:51,916] {dag.py:2396} INFO - Sync 1 DAGs
[2022-02-20 23:45:51,957] {logging_mixin.py:109} INFO - [2022-02-20 23:45:51,956] {dag.py:2935} INFO - Setting next_dagrun for example_xcom to 2021-01-01T00:00:00+00:00
[2022-02-20 23:45:51,987] {processor.py:171} INFO - Processing /home/airflow/.local/lib/python3.7/site-packages/airflow/example_dags/example_xcom.py took 1.046 seconds
[2022-02-20 23:46:22,218] {processor.py:163} INFO - Started process (PID=5647) to work on /home/airflow/.local/lib/python3.7/site-packages/airflow/example_dags/example_xcom.py
[2022-02-20 23:46:22,223] {processor.py:642} INFO - Processing file /home/airflow/.local/lib/python3.7/site-packages/airflow/example_dags/example_xcom.py for tasks to queue
[2022-02-20 23:46:22,226] {logging_mixin.py:109} INFO - [2022-02-20 23:46:22,226] {dagbag.py:500} INFO - Filling up the DagBag from /home/airflow/.local/lib/python3.7/site-packages/airflow/example_dags/example_xcom.py
[2022-02-20 23:46:22,329] {processor.py:654} INFO - DAG(s) dict_keys(['example_xcom']) retrieved from /home/airflow/.local/lib/python3.7/site-packages/airflow/example_dags/example_xcom.py
[2022-02-20 23:46:23,416] {logging_mixin.py:109} INFO - [2022-02-20 23:46:23,416] {dag.py:2396} INFO - Sync 1 DAGs
[2022-02-20 23:46:23,476] {logging_mixin.py:109} INFO - [2022-02-20 23:46:23,475] {dag.py:2935} INFO - Setting next_dagrun for example_xcom to 2021-01-01T00:00:00+00:00
[2022-02-20 23:46:23,515] {processor.py:171} INFO - Processing /home/airflow/.local/lib/python3.7/site-packages/airflow/example_dags/example_xcom.py took 1.306 seconds
[2022-02-20 23:46:53,687] {processor.py:163} INFO - Started process (PID=5732) to work on /home/airflow/.local/lib/python3.7/site-packages/airflow/example_dags/example_xcom.py
[2022-02-20 23:46:53,692] {processor.py:642} INFO - Processing file /home/airflow/.local/lib/python3.7/site-packages/airflow/example_dags/example_xcom.py for tasks to queue
[2022-02-20 23:46:53,696] {logging_mixin.py:109} INFO - [2022-02-20 23:46:53,695] {dagbag.py:500} INFO - Filling up the DagBag from /home/airflow/.local/lib/python3.7/site-packages/airflow/example_dags/example_xcom.py
[2022-02-20 23:46:53,781] {processor.py:654} INFO - DAG(s) dict_keys(['example_xcom']) retrieved from /home/airflow/.local/lib/python3.7/site-packages/airflow/example_dags/example_xcom.py
[2022-02-20 23:46:54,816] {logging_mixin.py:109} INFO - [2022-02-20 23:46:54,815] {dag.py:2396} INFO - Sync 1 DAGs
[2022-02-20 23:46:54,871] {logging_mixin.py:109} INFO - [2022-02-20 23:46:54,870] {dag.py:2935} INFO - Setting next_dagrun for example_xcom to 2021-01-01T00:00:00+00:00
[2022-02-20 23:46:54,907] {processor.py:171} INFO - Processing /home/airflow/.local/lib/python3.7/site-packages/airflow/example_dags/example_xcom.py took 1.228 seconds
[2022-02-20 23:47:25,639] {processor.py:163} INFO - Started process (PID=5830) to work on /home/airflow/.local/lib/python3.7/site-packages/airflow/example_dags/example_xcom.py
[2022-02-20 23:47:25,645] {processor.py:642} INFO - Processing file /home/airflow/.local/lib/python3.7/site-packages/airflow/example_dags/example_xcom.py for tasks to queue
[2022-02-20 23:47:25,647] {logging_mixin.py:109} INFO - [2022-02-20 23:47:25,647] {dagbag.py:500} INFO - Filling up the DagBag from /home/airflow/.local/lib/python3.7/site-packages/airflow/example_dags/example_xcom.py
[2022-02-20 23:47:25,749] {processor.py:654} INFO - DAG(s) dict_keys(['example_xcom']) retrieved from /home/airflow/.local/lib/python3.7/site-packages/airflow/example_dags/example_xcom.py
[2022-02-20 23:47:26,828] {logging_mixin.py:109} INFO - [2022-02-20 23:47:26,828] {dag.py:2396} INFO - Sync 1 DAGs
[2022-02-20 23:47:26,887] {logging_mixin.py:109} INFO - [2022-02-20 23:47:26,886] {dag.py:2935} INFO - Setting next_dagrun for example_xcom to 2021-01-01T00:00:00+00:00
[2022-02-20 23:47:26,922] {processor.py:171} INFO - Processing /home/airflow/.local/lib/python3.7/site-packages/airflow/example_dags/example_xcom.py took 1.292 seconds
[2022-02-20 23:47:57,405] {processor.py:163} INFO - Started process (PID=5933) to work on /home/airflow/.local/lib/python3.7/site-packages/airflow/example_dags/example_xcom.py
[2022-02-20 23:47:57,410] {processor.py:642} INFO - Processing file /home/airflow/.local/lib/python3.7/site-packages/airflow/example_dags/example_xcom.py for tasks to queue
[2022-02-20 23:47:57,413] {logging_mixin.py:109} INFO - [2022-02-20 23:47:57,413] {dagbag.py:500} INFO - Filling up the DagBag from /home/airflow/.local/lib/python3.7/site-packages/airflow/example_dags/example_xcom.py
[2022-02-20 23:47:57,544] {processor.py:654} INFO - DAG(s) dict_keys(['example_xcom']) retrieved from /home/airflow/.local/lib/python3.7/site-packages/airflow/example_dags/example_xcom.py
[2022-02-20 23:47:58,685] {logging_mixin.py:109} INFO - [2022-02-20 23:47:58,685] {dag.py:2396} INFO - Sync 1 DAGs
[2022-02-20 23:47:58,743] {logging_mixin.py:109} INFO - [2022-02-20 23:47:58,742] {dag.py:2935} INFO - Setting next_dagrun for example_xcom to 2021-01-01T00:00:00+00:00
[2022-02-20 23:47:58,781] {processor.py:171} INFO - Processing /home/airflow/.local/lib/python3.7/site-packages/airflow/example_dags/example_xcom.py took 1.386 seconds
[2022-02-20 23:48:29,696] {processor.py:163} INFO - Started process (PID=6022) to work on /home/airflow/.local/lib/python3.7/site-packages/airflow/example_dags/example_xcom.py
[2022-02-20 23:48:29,701] {processor.py:642} INFO - Processing file /home/airflow/.local/lib/python3.7/site-packages/airflow/example_dags/example_xcom.py for tasks to queue
[2022-02-20 23:48:29,704] {logging_mixin.py:109} INFO - [2022-02-20 23:48:29,704] {dagbag.py:500} INFO - Filling up the DagBag from /home/airflow/.local/lib/python3.7/site-packages/airflow/example_dags/example_xcom.py
[2022-02-20 23:48:29,796] {processor.py:654} INFO - DAG(s) dict_keys(['example_xcom']) retrieved from /home/airflow/.local/lib/python3.7/site-packages/airflow/example_dags/example_xcom.py
[2022-02-20 23:48:30,775] {logging_mixin.py:109} INFO - [2022-02-20 23:48:30,775] {dag.py:2396} INFO - Sync 1 DAGs
[2022-02-20 23:48:30,831] {logging_mixin.py:109} INFO - [2022-02-20 23:48:30,830] {dag.py:2935} INFO - Setting next_dagrun for example_xcom to 2021-01-01T00:00:00+00:00
[2022-02-20 23:48:30,864] {processor.py:171} INFO - Processing /home/airflow/.local/lib/python3.7/site-packages/airflow/example_dags/example_xcom.py took 1.174 seconds
[2022-02-20 23:49:01,223] {processor.py:163} INFO - Started process (PID=6127) to work on /home/airflow/.local/lib/python3.7/site-packages/airflow/example_dags/example_xcom.py
[2022-02-20 23:49:01,228] {processor.py:642} INFO - Processing file /home/airflow/.local/lib/python3.7/site-packages/airflow/example_dags/example_xcom.py for tasks to queue
[2022-02-20 23:49:01,231] {logging_mixin.py:109} INFO - [2022-02-20 23:49:01,231] {dagbag.py:500} INFO - Filling up the DagBag from /home/airflow/.local/lib/python3.7/site-packages/airflow/example_dags/example_xcom.py
[2022-02-20 23:49:01,334] {processor.py:654} INFO - DAG(s) dict_keys(['example_xcom']) retrieved from /home/airflow/.local/lib/python3.7/site-packages/airflow/example_dags/example_xcom.py
[2022-02-20 23:49:02,522] {logging_mixin.py:109} INFO - [2022-02-20 23:49:02,522] {dag.py:2396} INFO - Sync 1 DAGs
[2022-02-20 23:49:02,581] {logging_mixin.py:109} INFO - [2022-02-20 23:49:02,580] {dag.py:2935} INFO - Setting next_dagrun for example_xcom to 2021-01-01T00:00:00+00:00
[2022-02-20 23:49:02,620] {processor.py:171} INFO - Processing /home/airflow/.local/lib/python3.7/site-packages/airflow/example_dags/example_xcom.py took 1.404 seconds
[2022-02-20 23:49:32,759] {processor.py:163} INFO - Started process (PID=6212) to work on /home/airflow/.local/lib/python3.7/site-packages/airflow/example_dags/example_xcom.py
[2022-02-20 23:49:32,764] {processor.py:642} INFO - Processing file /home/airflow/.local/lib/python3.7/site-packages/airflow/example_dags/example_xcom.py for tasks to queue
[2022-02-20 23:49:32,769] {logging_mixin.py:109} INFO - [2022-02-20 23:49:32,769] {dagbag.py:500} INFO - Filling up the DagBag from /home/airflow/.local/lib/python3.7/site-packages/airflow/example_dags/example_xcom.py
[2022-02-20 23:49:32,862] {processor.py:654} INFO - DAG(s) dict_keys(['example_xcom']) retrieved from /home/airflow/.local/lib/python3.7/site-packages/airflow/example_dags/example_xcom.py
[2022-02-20 23:49:33,702] {logging_mixin.py:109} INFO - [2022-02-20 23:49:33,702] {dag.py:2396} INFO - Sync 1 DAGs
[2022-02-20 23:49:33,753] {logging_mixin.py:109} INFO - [2022-02-20 23:49:33,752] {dag.py:2935} INFO - Setting next_dagrun for example_xcom to 2021-01-01T00:00:00+00:00
[2022-02-20 23:49:33,786] {processor.py:171} INFO - Processing /home/airflow/.local/lib/python3.7/site-packages/airflow/example_dags/example_xcom.py took 1.036 seconds
[2022-02-20 23:50:03,859] {processor.py:163} INFO - Started process (PID=6316) to work on /home/airflow/.local/lib/python3.7/site-packages/airflow/example_dags/example_xcom.py
[2022-02-20 23:50:03,863] {processor.py:642} INFO - Processing file /home/airflow/.local/lib/python3.7/site-packages/airflow/example_dags/example_xcom.py for tasks to queue
[2022-02-20 23:50:03,866] {logging_mixin.py:109} INFO - [2022-02-20 23:50:03,866] {dagbag.py:500} INFO - Filling up the DagBag from /home/airflow/.local/lib/python3.7/site-packages/airflow/example_dags/example_xcom.py
[2022-02-20 23:50:03,968] {processor.py:654} INFO - DAG(s) dict_keys(['example_xcom']) retrieved from /home/airflow/.local/lib/python3.7/site-packages/airflow/example_dags/example_xcom.py
[2022-02-20 23:50:05,000] {logging_mixin.py:109} INFO - [2022-02-20 23:50:04,999] {dag.py:2396} INFO - Sync 1 DAGs
[2022-02-20 23:50:05,057] {logging_mixin.py:109} INFO - [2022-02-20 23:50:05,056] {dag.py:2935} INFO - Setting next_dagrun for example_xcom to 2021-01-01T00:00:00+00:00
[2022-02-20 23:50:05,095] {processor.py:171} INFO - Processing /home/airflow/.local/lib/python3.7/site-packages/airflow/example_dags/example_xcom.py took 1.244 seconds
[2022-02-20 23:50:35,253] {processor.py:163} INFO - Started process (PID=6408) to work on /home/airflow/.local/lib/python3.7/site-packages/airflow/example_dags/example_xcom.py
[2022-02-20 23:50:35,260] {processor.py:642} INFO - Processing file /home/airflow/.local/lib/python3.7/site-packages/airflow/example_dags/example_xcom.py for tasks to queue
[2022-02-20 23:50:35,270] {logging_mixin.py:109} INFO - [2022-02-20 23:50:35,269] {dagbag.py:500} INFO - Filling up the DagBag from /home/airflow/.local/lib/python3.7/site-packages/airflow/example_dags/example_xcom.py
[2022-02-20 23:50:35,440] {processor.py:654} INFO - DAG(s) dict_keys(['example_xcom']) retrieved from /home/airflow/.local/lib/python3.7/site-packages/airflow/example_dags/example_xcom.py
[2022-02-20 23:50:36,689] {logging_mixin.py:109} INFO - [2022-02-20 23:50:36,689] {dag.py:2396} INFO - Sync 1 DAGs
[2022-02-20 23:50:36,750] {logging_mixin.py:109} INFO - [2022-02-20 23:50:36,749] {dag.py:2935} INFO - Setting next_dagrun for example_xcom to 2021-01-01T00:00:00+00:00
[2022-02-20 23:50:36,803] {processor.py:171} INFO - Processing /home/airflow/.local/lib/python3.7/site-packages/airflow/example_dags/example_xcom.py took 1.569 seconds
[2022-02-20 23:51:07,276] {processor.py:163} INFO - Started process (PID=6502) to work on /home/airflow/.local/lib/python3.7/site-packages/airflow/example_dags/example_xcom.py
[2022-02-20 23:51:07,282] {processor.py:642} INFO - Processing file /home/airflow/.local/lib/python3.7/site-packages/airflow/example_dags/example_xcom.py for tasks to queue
[2022-02-20 23:51:07,285] {logging_mixin.py:109} INFO - [2022-02-20 23:51:07,284] {dagbag.py:500} INFO - Filling up the DagBag from /home/airflow/.local/lib/python3.7/site-packages/airflow/example_dags/example_xcom.py
[2022-02-20 23:51:07,390] {processor.py:654} INFO - DAG(s) dict_keys(['example_xcom']) retrieved from /home/airflow/.local/lib/python3.7/site-packages/airflow/example_dags/example_xcom.py
[2022-02-20 23:51:08,512] {logging_mixin.py:109} INFO - [2022-02-20 23:51:08,511] {dag.py:2396} INFO - Sync 1 DAGs
[2022-02-20 23:51:08,575] {logging_mixin.py:109} INFO - [2022-02-20 23:51:08,575] {dag.py:2935} INFO - Setting next_dagrun for example_xcom to 2021-01-01T00:00:00+00:00
[2022-02-20 23:51:08,616] {processor.py:171} INFO - Processing /home/airflow/.local/lib/python3.7/site-packages/airflow/example_dags/example_xcom.py took 1.349 seconds
[2022-02-20 23:51:38,700] {processor.py:163} INFO - Started process (PID=6599) to work on /home/airflow/.local/lib/python3.7/site-packages/airflow/example_dags/example_xcom.py
[2022-02-20 23:51:38,706] {processor.py:642} INFO - Processing file /home/airflow/.local/lib/python3.7/site-packages/airflow/example_dags/example_xcom.py for tasks to queue
[2022-02-20 23:51:38,710] {logging_mixin.py:109} INFO - [2022-02-20 23:51:38,710] {dagbag.py:500} INFO - Filling up the DagBag from /home/airflow/.local/lib/python3.7/site-packages/airflow/example_dags/example_xcom.py
[2022-02-20 23:51:38,816] {processor.py:654} INFO - DAG(s) dict_keys(['example_xcom']) retrieved from /home/airflow/.local/lib/python3.7/site-packages/airflow/example_dags/example_xcom.py
[2022-02-20 23:51:39,864] {logging_mixin.py:109} INFO - [2022-02-20 23:51:39,863] {dag.py:2396} INFO - Sync 1 DAGs
[2022-02-20 23:51:39,920] {logging_mixin.py:109} INFO - [2022-02-20 23:51:39,919] {dag.py:2935} INFO - Setting next_dagrun for example_xcom to 2021-01-01T00:00:00+00:00
[2022-02-20 23:51:39,958] {processor.py:171} INFO - Processing /home/airflow/.local/lib/python3.7/site-packages/airflow/example_dags/example_xcom.py took 1.266 seconds
[2022-02-20 23:52:10,533] {processor.py:163} INFO - Started process (PID=6683) to work on /home/airflow/.local/lib/python3.7/site-packages/airflow/example_dags/example_xcom.py
[2022-02-20 23:52:10,538] {processor.py:642} INFO - Processing file /home/airflow/.local/lib/python3.7/site-packages/airflow/example_dags/example_xcom.py for tasks to queue
[2022-02-20 23:52:10,541] {logging_mixin.py:109} INFO - [2022-02-20 23:52:10,541] {dagbag.py:500} INFO - Filling up the DagBag from /home/airflow/.local/lib/python3.7/site-packages/airflow/example_dags/example_xcom.py
[2022-02-20 23:52:10,632] {processor.py:654} INFO - DAG(s) dict_keys(['example_xcom']) retrieved from /home/airflow/.local/lib/python3.7/site-packages/airflow/example_dags/example_xcom.py
[2022-02-20 23:52:11,493] {logging_mixin.py:109} INFO - [2022-02-20 23:52:11,492] {dag.py:2396} INFO - Sync 1 DAGs
[2022-02-20 23:52:11,547] {logging_mixin.py:109} INFO - [2022-02-20 23:52:11,546] {dag.py:2935} INFO - Setting next_dagrun for example_xcom to 2021-01-01T00:00:00+00:00
[2022-02-20 23:52:11,580] {processor.py:171} INFO - Processing /home/airflow/.local/lib/python3.7/site-packages/airflow/example_dags/example_xcom.py took 1.054 seconds
[2022-02-20 23:52:41,813] {processor.py:163} INFO - Started process (PID=6781) to work on /home/airflow/.local/lib/python3.7/site-packages/airflow/example_dags/example_xcom.py
[2022-02-20 23:52:41,818] {processor.py:642} INFO - Processing file /home/airflow/.local/lib/python3.7/site-packages/airflow/example_dags/example_xcom.py for tasks to queue
[2022-02-20 23:52:41,821] {logging_mixin.py:109} INFO - [2022-02-20 23:52:41,821] {dagbag.py:500} INFO - Filling up the DagBag from /home/airflow/.local/lib/python3.7/site-packages/airflow/example_dags/example_xcom.py
[2022-02-20 23:52:41,920] {processor.py:654} INFO - DAG(s) dict_keys(['example_xcom']) retrieved from /home/airflow/.local/lib/python3.7/site-packages/airflow/example_dags/example_xcom.py
[2022-02-20 23:52:42,929] {logging_mixin.py:109} INFO - [2022-02-20 23:52:42,928] {dag.py:2396} INFO - Sync 1 DAGs
[2022-02-20 23:52:42,985] {logging_mixin.py:109} INFO - [2022-02-20 23:52:42,984] {dag.py:2935} INFO - Setting next_dagrun for example_xcom to 2021-01-01T00:00:00+00:00
[2022-02-20 23:52:43,019] {processor.py:171} INFO - Processing /home/airflow/.local/lib/python3.7/site-packages/airflow/example_dags/example_xcom.py took 1.213 seconds
[2022-02-20 23:53:13,651] {processor.py:163} INFO - Started process (PID=6870) to work on /home/airflow/.local/lib/python3.7/site-packages/airflow/example_dags/example_xcom.py
[2022-02-20 23:53:13,656] {processor.py:642} INFO - Processing file /home/airflow/.local/lib/python3.7/site-packages/airflow/example_dags/example_xcom.py for tasks to queue
[2022-02-20 23:53:13,658] {logging_mixin.py:109} INFO - [2022-02-20 23:53:13,658] {dagbag.py:500} INFO - Filling up the DagBag from /home/airflow/.local/lib/python3.7/site-packages/airflow/example_dags/example_xcom.py
[2022-02-20 23:53:13,735] {processor.py:654} INFO - DAG(s) dict_keys(['example_xcom']) retrieved from /home/airflow/.local/lib/python3.7/site-packages/airflow/example_dags/example_xcom.py
[2022-02-20 23:53:14,719] {logging_mixin.py:109} INFO - [2022-02-20 23:53:14,718] {dag.py:2396} INFO - Sync 1 DAGs
[2022-02-20 23:53:14,788] {logging_mixin.py:109} INFO - [2022-02-20 23:53:14,787] {dag.py:2935} INFO - Setting next_dagrun for example_xcom to 2021-01-01T00:00:00+00:00
[2022-02-20 23:53:14,833] {processor.py:171} INFO - Processing /home/airflow/.local/lib/python3.7/site-packages/airflow/example_dags/example_xcom.py took 1.189 seconds
[2022-02-20 23:53:45,540] {processor.py:163} INFO - Started process (PID=6970) to work on /home/airflow/.local/lib/python3.7/site-packages/airflow/example_dags/example_xcom.py
[2022-02-20 23:53:45,546] {processor.py:642} INFO - Processing file /home/airflow/.local/lib/python3.7/site-packages/airflow/example_dags/example_xcom.py for tasks to queue
[2022-02-20 23:53:45,549] {logging_mixin.py:109} INFO - [2022-02-20 23:53:45,548] {dagbag.py:500} INFO - Filling up the DagBag from /home/airflow/.local/lib/python3.7/site-packages/airflow/example_dags/example_xcom.py
[2022-02-20 23:53:45,684] {processor.py:654} INFO - DAG(s) dict_keys(['example_xcom']) retrieved from /home/airflow/.local/lib/python3.7/site-packages/airflow/example_dags/example_xcom.py
[2022-02-20 23:53:47,284] {logging_mixin.py:109} INFO - [2022-02-20 23:53:47,283] {dag.py:2396} INFO - Sync 1 DAGs
[2022-02-20 23:53:47,344] {logging_mixin.py:109} INFO - [2022-02-20 23:53:47,343] {dag.py:2935} INFO - Setting next_dagrun for example_xcom to 2021-01-01T00:00:00+00:00
[2022-02-20 23:53:47,386] {processor.py:171} INFO - Processing /home/airflow/.local/lib/python3.7/site-packages/airflow/example_dags/example_xcom.py took 1.854 seconds
[2022-02-20 23:54:17,634] {processor.py:163} INFO - Started process (PID=7076) to work on /home/airflow/.local/lib/python3.7/site-packages/airflow/example_dags/example_xcom.py
[2022-02-20 23:54:17,639] {processor.py:642} INFO - Processing file /home/airflow/.local/lib/python3.7/site-packages/airflow/example_dags/example_xcom.py for tasks to queue
[2022-02-20 23:54:17,642] {logging_mixin.py:109} INFO - [2022-02-20 23:54:17,642] {dagbag.py:500} INFO - Filling up the DagBag from /home/airflow/.local/lib/python3.7/site-packages/airflow/example_dags/example_xcom.py
[2022-02-20 23:54:17,742] {processor.py:654} INFO - DAG(s) dict_keys(['example_xcom']) retrieved from /home/airflow/.local/lib/python3.7/site-packages/airflow/example_dags/example_xcom.py
[2022-02-20 23:54:18,804] {logging_mixin.py:109} INFO - [2022-02-20 23:54:18,804] {dag.py:2396} INFO - Sync 1 DAGs
[2022-02-20 23:54:18,864] {logging_mixin.py:109} INFO - [2022-02-20 23:54:18,863] {dag.py:2935} INFO - Setting next_dagrun for example_xcom to 2021-01-01T00:00:00+00:00
[2022-02-20 23:54:18,903] {processor.py:171} INFO - Processing /home/airflow/.local/lib/python3.7/site-packages/airflow/example_dags/example_xcom.py took 1.277 seconds
[2022-02-20 23:54:49,006] {processor.py:163} INFO - Started process (PID=7158) to work on /home/airflow/.local/lib/python3.7/site-packages/airflow/example_dags/example_xcom.py
[2022-02-20 23:54:49,011] {processor.py:642} INFO - Processing file /home/airflow/.local/lib/python3.7/site-packages/airflow/example_dags/example_xcom.py for tasks to queue
[2022-02-20 23:54:49,015] {logging_mixin.py:109} INFO - [2022-02-20 23:54:49,014] {dagbag.py:500} INFO - Filling up the DagBag from /home/airflow/.local/lib/python3.7/site-packages/airflow/example_dags/example_xcom.py
[2022-02-20 23:54:49,124] {processor.py:654} INFO - DAG(s) dict_keys(['example_xcom']) retrieved from /home/airflow/.local/lib/python3.7/site-packages/airflow/example_dags/example_xcom.py
[2022-02-20 23:54:50,098] {logging_mixin.py:109} INFO - [2022-02-20 23:54:50,097] {dag.py:2396} INFO - Sync 1 DAGs
[2022-02-20 23:54:50,147] {logging_mixin.py:109} INFO - [2022-02-20 23:54:50,146] {dag.py:2935} INFO - Setting next_dagrun for example_xcom to 2021-01-01T00:00:00+00:00
[2022-02-20 23:54:50,179] {processor.py:171} INFO - Processing /home/airflow/.local/lib/python3.7/site-packages/airflow/example_dags/example_xcom.py took 1.179 seconds
[2022-02-20 23:55:20,444] {processor.py:163} INFO - Started process (PID=7254) to work on /home/airflow/.local/lib/python3.7/site-packages/airflow/example_dags/example_xcom.py
[2022-02-20 23:55:20,455] {processor.py:642} INFO - Processing file /home/airflow/.local/lib/python3.7/site-packages/airflow/example_dags/example_xcom.py for tasks to queue
[2022-02-20 23:55:20,459] {logging_mixin.py:109} INFO - [2022-02-20 23:55:20,459] {dagbag.py:500} INFO - Filling up the DagBag from /home/airflow/.local/lib/python3.7/site-packages/airflow/example_dags/example_xcom.py
[2022-02-20 23:55:20,565] {processor.py:654} INFO - DAG(s) dict_keys(['example_xcom']) retrieved from /home/airflow/.local/lib/python3.7/site-packages/airflow/example_dags/example_xcom.py
[2022-02-20 23:55:21,633] {logging_mixin.py:109} INFO - [2022-02-20 23:55:21,632] {dag.py:2396} INFO - Sync 1 DAGs
[2022-02-20 23:55:21,691] {logging_mixin.py:109} INFO - [2022-02-20 23:55:21,690] {dag.py:2935} INFO - Setting next_dagrun for example_xcom to 2021-01-01T00:00:00+00:00
[2022-02-20 23:55:21,734] {processor.py:171} INFO - Processing /home/airflow/.local/lib/python3.7/site-packages/airflow/example_dags/example_xcom.py took 1.298 seconds
[2022-02-20 23:55:51,810] {processor.py:163} INFO - Started process (PID=7334) to work on /home/airflow/.local/lib/python3.7/site-packages/airflow/example_dags/example_xcom.py
[2022-02-20 23:55:51,816] {processor.py:642} INFO - Processing file /home/airflow/.local/lib/python3.7/site-packages/airflow/example_dags/example_xcom.py for tasks to queue
[2022-02-20 23:55:51,818] {logging_mixin.py:109} INFO - [2022-02-20 23:55:51,818] {dagbag.py:500} INFO - Filling up the DagBag from /home/airflow/.local/lib/python3.7/site-packages/airflow/example_dags/example_xcom.py
[2022-02-20 23:55:51,916] {processor.py:654} INFO - DAG(s) dict_keys(['example_xcom']) retrieved from /home/airflow/.local/lib/python3.7/site-packages/airflow/example_dags/example_xcom.py
[2022-02-20 23:55:53,022] {logging_mixin.py:109} INFO - [2022-02-20 23:55:53,022] {dag.py:2396} INFO - Sync 1 DAGs
[2022-02-20 23:55:53,074] {logging_mixin.py:109} INFO - [2022-02-20 23:55:53,074] {dag.py:2935} INFO - Setting next_dagrun for example_xcom to 2021-01-01T00:00:00+00:00
[2022-02-20 23:55:53,108] {processor.py:171} INFO - Processing /home/airflow/.local/lib/python3.7/site-packages/airflow/example_dags/example_xcom.py took 1.306 seconds
