[2022-02-20 23:15:07,092] {processor.py:163} INFO - Started process (PID=266) to work on /home/airflow/.local/lib/python3.7/site-packages/airflow/example_dags/example_latest_only.py
[2022-02-20 23:15:07,096] {processor.py:642} INFO - Processing file /home/airflow/.local/lib/python3.7/site-packages/airflow/example_dags/example_latest_only.py for tasks to queue
[2022-02-20 23:15:07,099] {logging_mixin.py:109} INFO - [2022-02-20 23:15:07,099] {dagbag.py:500} INFO - Filling up the DagBag from /home/airflow/.local/lib/python3.7/site-packages/airflow/example_dags/example_latest_only.py
[2022-02-20 23:15:07,174] {processor.py:654} INFO - DAG(s) dict_keys(['latest_only']) retrieved from /home/airflow/.local/lib/python3.7/site-packages/airflow/example_dags/example_latest_only.py
[2022-02-20 23:15:16,319] {logging_mixin.py:109} INFO - [2022-02-20 23:15:16,319] {manager.py:496} INFO - Created Permission View: can read on DAG:latest_only
[2022-02-20 23:15:16,353] {logging_mixin.py:109} INFO - [2022-02-20 23:15:16,352] {manager.py:496} INFO - Created Permission View: can edit on DAG:latest_only
[2022-02-20 23:15:16,357] {logging_mixin.py:109} INFO - [2022-02-20 23:15:16,355] {dag.py:2396} INFO - Sync 1 DAGs
[2022-02-20 23:15:16,406] {logging_mixin.py:109} INFO - [2022-02-20 23:15:16,405] {dag.py:2415} INFO - Creating ORM DAG for latest_only
[2022-02-20 23:15:16,440] {logging_mixin.py:109} INFO - [2022-02-20 23:15:16,439] {dag.py:2935} INFO - Setting next_dagrun for latest_only to 2022-02-20T19:15:16.437788+00:00
[2022-02-20 23:15:16,488] {processor.py:171} INFO - Processing /home/airflow/.local/lib/python3.7/site-packages/airflow/example_dags/example_latest_only.py took 9.404 seconds
[2022-02-20 23:17:46,216] {processor.py:163} INFO - Started process (PID=637) to work on /home/airflow/.local/lib/python3.7/site-packages/airflow/example_dags/example_latest_only.py
[2022-02-20 23:17:46,222] {processor.py:642} INFO - Processing file /home/airflow/.local/lib/python3.7/site-packages/airflow/example_dags/example_latest_only.py for tasks to queue
[2022-02-20 23:17:46,226] {logging_mixin.py:109} INFO - [2022-02-20 23:17:46,226] {dagbag.py:500} INFO - Filling up the DagBag from /home/airflow/.local/lib/python3.7/site-packages/airflow/example_dags/example_latest_only.py
[2022-02-20 23:17:46,311] {processor.py:654} INFO - DAG(s) dict_keys(['latest_only']) retrieved from /home/airflow/.local/lib/python3.7/site-packages/airflow/example_dags/example_latest_only.py
[2022-02-20 23:17:46,355] {logging_mixin.py:109} INFO - [2022-02-20 23:17:46,354] {dag.py:2396} INFO - Sync 1 DAGs
[2022-02-20 23:17:46,417] {logging_mixin.py:109} INFO - [2022-02-20 23:17:46,416] {dag.py:2935} INFO - Setting next_dagrun for latest_only to 2022-02-20T19:17:46.414890+00:00
[2022-02-20 23:17:46,452] {processor.py:171} INFO - Processing /home/airflow/.local/lib/python3.7/site-packages/airflow/example_dags/example_latest_only.py took 0.249 seconds
[2022-02-20 23:18:16,835] {processor.py:163} INFO - Started process (PID=735) to work on /home/airflow/.local/lib/python3.7/site-packages/airflow/example_dags/example_latest_only.py
[2022-02-20 23:18:16,840] {processor.py:642} INFO - Processing file /home/airflow/.local/lib/python3.7/site-packages/airflow/example_dags/example_latest_only.py for tasks to queue
[2022-02-20 23:18:16,844] {logging_mixin.py:109} INFO - [2022-02-20 23:18:16,844] {dagbag.py:500} INFO - Filling up the DagBag from /home/airflow/.local/lib/python3.7/site-packages/airflow/example_dags/example_latest_only.py
[2022-02-20 23:18:16,926] {processor.py:654} INFO - DAG(s) dict_keys(['latest_only']) retrieved from /home/airflow/.local/lib/python3.7/site-packages/airflow/example_dags/example_latest_only.py
[2022-02-20 23:18:16,976] {logging_mixin.py:109} INFO - [2022-02-20 23:18:16,975] {dag.py:2396} INFO - Sync 1 DAGs
[2022-02-20 23:18:17,059] {logging_mixin.py:109} INFO - [2022-02-20 23:18:17,058] {dag.py:2935} INFO - Setting next_dagrun for latest_only to 2022-02-20T19:18:17.055537+00:00
[2022-02-20 23:18:17,107] {processor.py:171} INFO - Processing /home/airflow/.local/lib/python3.7/site-packages/airflow/example_dags/example_latest_only.py took 0.282 seconds
[2022-02-20 23:18:47,591] {processor.py:163} INFO - Started process (PID=813) to work on /home/airflow/.local/lib/python3.7/site-packages/airflow/example_dags/example_latest_only.py
[2022-02-20 23:18:47,596] {processor.py:642} INFO - Processing file /home/airflow/.local/lib/python3.7/site-packages/airflow/example_dags/example_latest_only.py for tasks to queue
[2022-02-20 23:18:47,599] {logging_mixin.py:109} INFO - [2022-02-20 23:18:47,599] {dagbag.py:500} INFO - Filling up the DagBag from /home/airflow/.local/lib/python3.7/site-packages/airflow/example_dags/example_latest_only.py
[2022-02-20 23:18:47,679] {processor.py:654} INFO - DAG(s) dict_keys(['latest_only']) retrieved from /home/airflow/.local/lib/python3.7/site-packages/airflow/example_dags/example_latest_only.py
[2022-02-20 23:18:47,734] {logging_mixin.py:109} INFO - [2022-02-20 23:18:47,734] {dag.py:2396} INFO - Sync 1 DAGs
[2022-02-20 23:18:47,799] {logging_mixin.py:109} INFO - [2022-02-20 23:18:47,798] {dag.py:2935} INFO - Setting next_dagrun for latest_only to 2022-02-20T19:18:47.796720+00:00
[2022-02-20 23:18:47,829] {processor.py:171} INFO - Processing /home/airflow/.local/lib/python3.7/site-packages/airflow/example_dags/example_latest_only.py took 0.246 seconds
[2022-02-20 23:19:18,354] {processor.py:163} INFO - Started process (PID=910) to work on /home/airflow/.local/lib/python3.7/site-packages/airflow/example_dags/example_latest_only.py
[2022-02-20 23:19:18,360] {processor.py:642} INFO - Processing file /home/airflow/.local/lib/python3.7/site-packages/airflow/example_dags/example_latest_only.py for tasks to queue
[2022-02-20 23:19:18,364] {logging_mixin.py:109} INFO - [2022-02-20 23:19:18,364] {dagbag.py:500} INFO - Filling up the DagBag from /home/airflow/.local/lib/python3.7/site-packages/airflow/example_dags/example_latest_only.py
[2022-02-20 23:19:18,446] {processor.py:654} INFO - DAG(s) dict_keys(['latest_only']) retrieved from /home/airflow/.local/lib/python3.7/site-packages/airflow/example_dags/example_latest_only.py
[2022-02-20 23:19:18,487] {logging_mixin.py:109} INFO - [2022-02-20 23:19:18,487] {dag.py:2396} INFO - Sync 1 DAGs
[2022-02-20 23:19:18,546] {logging_mixin.py:109} INFO - [2022-02-20 23:19:18,546] {dag.py:2935} INFO - Setting next_dagrun for latest_only to 2022-02-20T19:19:18.544519+00:00
[2022-02-20 23:19:18,577] {processor.py:171} INFO - Processing /home/airflow/.local/lib/python3.7/site-packages/airflow/example_dags/example_latest_only.py took 0.242 seconds
[2022-02-20 23:19:48,955] {processor.py:163} INFO - Started process (PID=990) to work on /home/airflow/.local/lib/python3.7/site-packages/airflow/example_dags/example_latest_only.py
[2022-02-20 23:19:48,959] {processor.py:642} INFO - Processing file /home/airflow/.local/lib/python3.7/site-packages/airflow/example_dags/example_latest_only.py for tasks to queue
[2022-02-20 23:19:48,962] {logging_mixin.py:109} INFO - [2022-02-20 23:19:48,962] {dagbag.py:500} INFO - Filling up the DagBag from /home/airflow/.local/lib/python3.7/site-packages/airflow/example_dags/example_latest_only.py
[2022-02-20 23:19:49,030] {processor.py:654} INFO - DAG(s) dict_keys(['latest_only']) retrieved from /home/airflow/.local/lib/python3.7/site-packages/airflow/example_dags/example_latest_only.py
[2022-02-20 23:19:49,067] {logging_mixin.py:109} INFO - [2022-02-20 23:19:49,067] {dag.py:2396} INFO - Sync 1 DAGs
[2022-02-20 23:19:49,119] {logging_mixin.py:109} INFO - [2022-02-20 23:19:49,119] {dag.py:2935} INFO - Setting next_dagrun for latest_only to 2022-02-20T19:19:49.117423+00:00
[2022-02-20 23:19:49,149] {processor.py:171} INFO - Processing /home/airflow/.local/lib/python3.7/site-packages/airflow/example_dags/example_latest_only.py took 0.201 seconds
[2022-02-20 23:20:19,912] {processor.py:163} INFO - Started process (PID=1087) to work on /home/airflow/.local/lib/python3.7/site-packages/airflow/example_dags/example_latest_only.py
[2022-02-20 23:20:19,917] {processor.py:642} INFO - Processing file /home/airflow/.local/lib/python3.7/site-packages/airflow/example_dags/example_latest_only.py for tasks to queue
[2022-02-20 23:20:19,921] {logging_mixin.py:109} INFO - [2022-02-20 23:20:19,920] {dagbag.py:500} INFO - Filling up the DagBag from /home/airflow/.local/lib/python3.7/site-packages/airflow/example_dags/example_latest_only.py
[2022-02-20 23:20:19,994] {processor.py:654} INFO - DAG(s) dict_keys(['latest_only']) retrieved from /home/airflow/.local/lib/python3.7/site-packages/airflow/example_dags/example_latest_only.py
[2022-02-20 23:20:20,037] {logging_mixin.py:109} INFO - [2022-02-20 23:20:20,037] {dag.py:2396} INFO - Sync 1 DAGs
[2022-02-20 23:20:20,096] {logging_mixin.py:109} INFO - [2022-02-20 23:20:20,096] {dag.py:2935} INFO - Setting next_dagrun for latest_only to 2022-02-20T19:20:20.094225+00:00
[2022-02-20 23:20:20,129] {processor.py:171} INFO - Processing /home/airflow/.local/lib/python3.7/site-packages/airflow/example_dags/example_latest_only.py took 0.225 seconds
[2022-02-20 23:20:50,373] {processor.py:163} INFO - Started process (PID=1169) to work on /home/airflow/.local/lib/python3.7/site-packages/airflow/example_dags/example_latest_only.py
[2022-02-20 23:20:50,379] {processor.py:642} INFO - Processing file /home/airflow/.local/lib/python3.7/site-packages/airflow/example_dags/example_latest_only.py for tasks to queue
[2022-02-20 23:20:50,382] {logging_mixin.py:109} INFO - [2022-02-20 23:20:50,382] {dagbag.py:500} INFO - Filling up the DagBag from /home/airflow/.local/lib/python3.7/site-packages/airflow/example_dags/example_latest_only.py
[2022-02-20 23:20:50,458] {processor.py:654} INFO - DAG(s) dict_keys(['latest_only']) retrieved from /home/airflow/.local/lib/python3.7/site-packages/airflow/example_dags/example_latest_only.py
[2022-02-20 23:20:50,504] {logging_mixin.py:109} INFO - [2022-02-20 23:20:50,503] {dag.py:2396} INFO - Sync 1 DAGs
[2022-02-20 23:20:50,562] {logging_mixin.py:109} INFO - [2022-02-20 23:20:50,562] {dag.py:2935} INFO - Setting next_dagrun for latest_only to 2022-02-20T19:20:50.560748+00:00
[2022-02-20 23:20:50,592] {processor.py:171} INFO - Processing /home/airflow/.local/lib/python3.7/site-packages/airflow/example_dags/example_latest_only.py took 0.227 seconds
[2022-02-20 23:21:21,466] {processor.py:163} INFO - Started process (PID=1265) to work on /home/airflow/.local/lib/python3.7/site-packages/airflow/example_dags/example_latest_only.py
[2022-02-20 23:21:21,479] {processor.py:642} INFO - Processing file /home/airflow/.local/lib/python3.7/site-packages/airflow/example_dags/example_latest_only.py for tasks to queue
[2022-02-20 23:21:21,493] {logging_mixin.py:109} INFO - [2022-02-20 23:21:21,492] {dagbag.py:500} INFO - Filling up the DagBag from /home/airflow/.local/lib/python3.7/site-packages/airflow/example_dags/example_latest_only.py
[2022-02-20 23:21:21,677] {processor.py:654} INFO - DAG(s) dict_keys(['latest_only']) retrieved from /home/airflow/.local/lib/python3.7/site-packages/airflow/example_dags/example_latest_only.py
[2022-02-20 23:21:21,730] {logging_mixin.py:109} INFO - [2022-02-20 23:21:21,730] {dag.py:2396} INFO - Sync 1 DAGs
[2022-02-20 23:21:21,888] {logging_mixin.py:109} INFO - [2022-02-20 23:21:21,887] {dag.py:2935} INFO - Setting next_dagrun for latest_only to 2022-02-20T19:21:21.881333+00:00
[2022-02-20 23:21:21,971] {processor.py:171} INFO - Processing /home/airflow/.local/lib/python3.7/site-packages/airflow/example_dags/example_latest_only.py took 0.533 seconds
[2022-02-20 23:21:52,239] {processor.py:163} INFO - Started process (PID=1344) to work on /home/airflow/.local/lib/python3.7/site-packages/airflow/example_dags/example_latest_only.py
[2022-02-20 23:21:52,244] {processor.py:642} INFO - Processing file /home/airflow/.local/lib/python3.7/site-packages/airflow/example_dags/example_latest_only.py for tasks to queue
[2022-02-20 23:21:52,247] {logging_mixin.py:109} INFO - [2022-02-20 23:21:52,247] {dagbag.py:500} INFO - Filling up the DagBag from /home/airflow/.local/lib/python3.7/site-packages/airflow/example_dags/example_latest_only.py
[2022-02-20 23:21:52,313] {processor.py:654} INFO - DAG(s) dict_keys(['latest_only']) retrieved from /home/airflow/.local/lib/python3.7/site-packages/airflow/example_dags/example_latest_only.py
[2022-02-20 23:21:52,349] {logging_mixin.py:109} INFO - [2022-02-20 23:21:52,348] {dag.py:2396} INFO - Sync 1 DAGs
[2022-02-20 23:21:52,410] {logging_mixin.py:109} INFO - [2022-02-20 23:21:52,410] {dag.py:2935} INFO - Setting next_dagrun for latest_only to 2022-02-20T19:21:52.408816+00:00
[2022-02-20 23:21:52,439] {processor.py:171} INFO - Processing /home/airflow/.local/lib/python3.7/site-packages/airflow/example_dags/example_latest_only.py took 0.207 seconds
[2022-02-20 23:22:22,654] {processor.py:163} INFO - Started process (PID=1445) to work on /home/airflow/.local/lib/python3.7/site-packages/airflow/example_dags/example_latest_only.py
[2022-02-20 23:22:22,659] {processor.py:642} INFO - Processing file /home/airflow/.local/lib/python3.7/site-packages/airflow/example_dags/example_latest_only.py for tasks to queue
[2022-02-20 23:22:22,662] {logging_mixin.py:109} INFO - [2022-02-20 23:22:22,662] {dagbag.py:500} INFO - Filling up the DagBag from /home/airflow/.local/lib/python3.7/site-packages/airflow/example_dags/example_latest_only.py
[2022-02-20 23:22:22,735] {processor.py:654} INFO - DAG(s) dict_keys(['latest_only']) retrieved from /home/airflow/.local/lib/python3.7/site-packages/airflow/example_dags/example_latest_only.py
[2022-02-20 23:22:22,785] {logging_mixin.py:109} INFO - [2022-02-20 23:22:22,784] {dag.py:2396} INFO - Sync 1 DAGs
[2022-02-20 23:22:22,849] {logging_mixin.py:109} INFO - [2022-02-20 23:22:22,848] {dag.py:2935} INFO - Setting next_dagrun for latest_only to 2022-02-20T19:22:22.846898+00:00
[2022-02-20 23:22:22,896] {processor.py:171} INFO - Processing /home/airflow/.local/lib/python3.7/site-packages/airflow/example_dags/example_latest_only.py took 0.250 seconds
[2022-02-20 23:22:53,828] {processor.py:163} INFO - Started process (PID=1539) to work on /home/airflow/.local/lib/python3.7/site-packages/airflow/example_dags/example_latest_only.py
[2022-02-20 23:22:53,833] {processor.py:642} INFO - Processing file /home/airflow/.local/lib/python3.7/site-packages/airflow/example_dags/example_latest_only.py for tasks to queue
[2022-02-20 23:22:53,837] {logging_mixin.py:109} INFO - [2022-02-20 23:22:53,836] {dagbag.py:500} INFO - Filling up the DagBag from /home/airflow/.local/lib/python3.7/site-packages/airflow/example_dags/example_latest_only.py
[2022-02-20 23:22:53,919] {processor.py:654} INFO - DAG(s) dict_keys(['latest_only']) retrieved from /home/airflow/.local/lib/python3.7/site-packages/airflow/example_dags/example_latest_only.py
[2022-02-20 23:22:53,970] {logging_mixin.py:109} INFO - [2022-02-20 23:22:53,970] {dag.py:2396} INFO - Sync 1 DAGs
[2022-02-20 23:22:54,035] {logging_mixin.py:109} INFO - [2022-02-20 23:22:54,034] {dag.py:2935} INFO - Setting next_dagrun for latest_only to 2022-02-20T19:22:54.032615+00:00
[2022-02-20 23:22:54,071] {processor.py:171} INFO - Processing /home/airflow/.local/lib/python3.7/site-packages/airflow/example_dags/example_latest_only.py took 0.250 seconds
[2022-02-20 23:23:25,079] {processor.py:163} INFO - Started process (PID=1626) to work on /home/airflow/.local/lib/python3.7/site-packages/airflow/example_dags/example_latest_only.py
[2022-02-20 23:23:25,085] {processor.py:642} INFO - Processing file /home/airflow/.local/lib/python3.7/site-packages/airflow/example_dags/example_latest_only.py for tasks to queue
[2022-02-20 23:23:25,089] {logging_mixin.py:109} INFO - [2022-02-20 23:23:25,088] {dagbag.py:500} INFO - Filling up the DagBag from /home/airflow/.local/lib/python3.7/site-packages/airflow/example_dags/example_latest_only.py
[2022-02-20 23:23:25,178] {processor.py:654} INFO - DAG(s) dict_keys(['latest_only']) retrieved from /home/airflow/.local/lib/python3.7/site-packages/airflow/example_dags/example_latest_only.py
[2022-02-20 23:23:25,224] {logging_mixin.py:109} INFO - [2022-02-20 23:23:25,223] {dag.py:2396} INFO - Sync 1 DAGs
[2022-02-20 23:23:25,292] {logging_mixin.py:109} INFO - [2022-02-20 23:23:25,291] {dag.py:2935} INFO - Setting next_dagrun for latest_only to 2022-02-20T19:23:25.289477+00:00
[2022-02-20 23:23:25,328] {processor.py:171} INFO - Processing /home/airflow/.local/lib/python3.7/site-packages/airflow/example_dags/example_latest_only.py took 0.257 seconds
[2022-02-20 23:23:55,543] {processor.py:163} INFO - Started process (PID=1724) to work on /home/airflow/.local/lib/python3.7/site-packages/airflow/example_dags/example_latest_only.py
[2022-02-20 23:23:55,548] {processor.py:642} INFO - Processing file /home/airflow/.local/lib/python3.7/site-packages/airflow/example_dags/example_latest_only.py for tasks to queue
[2022-02-20 23:23:55,551] {logging_mixin.py:109} INFO - [2022-02-20 23:23:55,551] {dagbag.py:500} INFO - Filling up the DagBag from /home/airflow/.local/lib/python3.7/site-packages/airflow/example_dags/example_latest_only.py
[2022-02-20 23:23:55,633] {processor.py:654} INFO - DAG(s) dict_keys(['latest_only']) retrieved from /home/airflow/.local/lib/python3.7/site-packages/airflow/example_dags/example_latest_only.py
[2022-02-20 23:23:55,687] {logging_mixin.py:109} INFO - [2022-02-20 23:23:55,686] {dag.py:2396} INFO - Sync 1 DAGs
[2022-02-20 23:23:55,752] {logging_mixin.py:109} INFO - [2022-02-20 23:23:55,751] {dag.py:2935} INFO - Setting next_dagrun for latest_only to 2022-02-20T19:23:55.749615+00:00
[2022-02-20 23:23:55,786] {processor.py:171} INFO - Processing /home/airflow/.local/lib/python3.7/site-packages/airflow/example_dags/example_latest_only.py took 0.250 seconds
[2022-02-20 23:24:25,885] {processor.py:163} INFO - Started process (PID=1805) to work on /home/airflow/.local/lib/python3.7/site-packages/airflow/example_dags/example_latest_only.py
[2022-02-20 23:24:25,891] {processor.py:642} INFO - Processing file /home/airflow/.local/lib/python3.7/site-packages/airflow/example_dags/example_latest_only.py for tasks to queue
[2022-02-20 23:24:25,895] {logging_mixin.py:109} INFO - [2022-02-20 23:24:25,894] {dagbag.py:500} INFO - Filling up the DagBag from /home/airflow/.local/lib/python3.7/site-packages/airflow/example_dags/example_latest_only.py
[2022-02-20 23:24:25,971] {processor.py:654} INFO - DAG(s) dict_keys(['latest_only']) retrieved from /home/airflow/.local/lib/python3.7/site-packages/airflow/example_dags/example_latest_only.py
[2022-02-20 23:24:26,013] {logging_mixin.py:109} INFO - [2022-02-20 23:24:26,012] {dag.py:2396} INFO - Sync 1 DAGs
[2022-02-20 23:24:26,074] {logging_mixin.py:109} INFO - [2022-02-20 23:24:26,073] {dag.py:2935} INFO - Setting next_dagrun for latest_only to 2022-02-20T19:24:26.072095+00:00
[2022-02-20 23:24:26,107] {processor.py:171} INFO - Processing /home/airflow/.local/lib/python3.7/site-packages/airflow/example_dags/example_latest_only.py took 0.229 seconds
[2022-02-20 23:24:56,381] {processor.py:163} INFO - Started process (PID=1902) to work on /home/airflow/.local/lib/python3.7/site-packages/airflow/example_dags/example_latest_only.py
[2022-02-20 23:24:56,387] {processor.py:642} INFO - Processing file /home/airflow/.local/lib/python3.7/site-packages/airflow/example_dags/example_latest_only.py for tasks to queue
[2022-02-20 23:24:56,390] {logging_mixin.py:109} INFO - [2022-02-20 23:24:56,390] {dagbag.py:500} INFO - Filling up the DagBag from /home/airflow/.local/lib/python3.7/site-packages/airflow/example_dags/example_latest_only.py
[2022-02-20 23:24:56,458] {processor.py:654} INFO - DAG(s) dict_keys(['latest_only']) retrieved from /home/airflow/.local/lib/python3.7/site-packages/airflow/example_dags/example_latest_only.py
[2022-02-20 23:24:56,500] {logging_mixin.py:109} INFO - [2022-02-20 23:24:56,500] {dag.py:2396} INFO - Sync 1 DAGs
[2022-02-20 23:24:56,563] {logging_mixin.py:109} INFO - [2022-02-20 23:24:56,563] {dag.py:2935} INFO - Setting next_dagrun for latest_only to 2022-02-20T19:24:56.561017+00:00
[2022-02-20 23:24:56,596] {processor.py:171} INFO - Processing /home/airflow/.local/lib/python3.7/site-packages/airflow/example_dags/example_latest_only.py took 0.223 seconds
[2022-02-20 23:25:26,915] {processor.py:163} INFO - Started process (PID=1983) to work on /home/airflow/.local/lib/python3.7/site-packages/airflow/example_dags/example_latest_only.py
[2022-02-20 23:25:26,930] {processor.py:642} INFO - Processing file /home/airflow/.local/lib/python3.7/site-packages/airflow/example_dags/example_latest_only.py for tasks to queue
[2022-02-20 23:25:26,935] {logging_mixin.py:109} INFO - [2022-02-20 23:25:26,934] {dagbag.py:500} INFO - Filling up the DagBag from /home/airflow/.local/lib/python3.7/site-packages/airflow/example_dags/example_latest_only.py
[2022-02-20 23:25:27,075] {processor.py:654} INFO - DAG(s) dict_keys(['latest_only']) retrieved from /home/airflow/.local/lib/python3.7/site-packages/airflow/example_dags/example_latest_only.py
[2022-02-20 23:25:27,142] {logging_mixin.py:109} INFO - [2022-02-20 23:25:27,142] {dag.py:2396} INFO - Sync 1 DAGs
[2022-02-20 23:25:27,228] {logging_mixin.py:109} INFO - [2022-02-20 23:25:27,228] {dag.py:2935} INFO - Setting next_dagrun for latest_only to 2022-02-20T19:25:27.223325+00:00
[2022-02-20 23:25:27,280] {processor.py:171} INFO - Processing /home/airflow/.local/lib/python3.7/site-packages/airflow/example_dags/example_latest_only.py took 0.374 seconds
[2022-02-20 23:25:57,922] {processor.py:163} INFO - Started process (PID=2080) to work on /home/airflow/.local/lib/python3.7/site-packages/airflow/example_dags/example_latest_only.py
[2022-02-20 23:25:57,927] {processor.py:642} INFO - Processing file /home/airflow/.local/lib/python3.7/site-packages/airflow/example_dags/example_latest_only.py for tasks to queue
[2022-02-20 23:25:57,930] {logging_mixin.py:109} INFO - [2022-02-20 23:25:57,929] {dagbag.py:500} INFO - Filling up the DagBag from /home/airflow/.local/lib/python3.7/site-packages/airflow/example_dags/example_latest_only.py
[2022-02-20 23:25:58,001] {processor.py:654} INFO - DAG(s) dict_keys(['latest_only']) retrieved from /home/airflow/.local/lib/python3.7/site-packages/airflow/example_dags/example_latest_only.py
[2022-02-20 23:25:58,042] {logging_mixin.py:109} INFO - [2022-02-20 23:25:58,042] {dag.py:2396} INFO - Sync 1 DAGs
[2022-02-20 23:25:58,105] {logging_mixin.py:109} INFO - [2022-02-20 23:25:58,105] {dag.py:2935} INFO - Setting next_dagrun for latest_only to 2022-02-20T19:25:58.103349+00:00
[2022-02-20 23:25:58,150] {processor.py:171} INFO - Processing /home/airflow/.local/lib/python3.7/site-packages/airflow/example_dags/example_latest_only.py took 0.235 seconds
[2022-02-20 23:26:28,345] {processor.py:163} INFO - Started process (PID=2159) to work on /home/airflow/.local/lib/python3.7/site-packages/airflow/example_dags/example_latest_only.py
[2022-02-20 23:26:28,354] {processor.py:642} INFO - Processing file /home/airflow/.local/lib/python3.7/site-packages/airflow/example_dags/example_latest_only.py for tasks to queue
[2022-02-20 23:26:28,358] {logging_mixin.py:109} INFO - [2022-02-20 23:26:28,357] {dagbag.py:500} INFO - Filling up the DagBag from /home/airflow/.local/lib/python3.7/site-packages/airflow/example_dags/example_latest_only.py
[2022-02-20 23:26:28,496] {processor.py:654} INFO - DAG(s) dict_keys(['latest_only']) retrieved from /home/airflow/.local/lib/python3.7/site-packages/airflow/example_dags/example_latest_only.py
[2022-02-20 23:26:28,547] {logging_mixin.py:109} INFO - [2022-02-20 23:26:28,547] {dag.py:2396} INFO - Sync 1 DAGs
[2022-02-20 23:26:28,626] {logging_mixin.py:109} INFO - [2022-02-20 23:26:28,626] {dag.py:2935} INFO - Setting next_dagrun for latest_only to 2022-02-20T19:26:28.624097+00:00
[2022-02-20 23:26:28,675] {processor.py:171} INFO - Processing /home/airflow/.local/lib/python3.7/site-packages/airflow/example_dags/example_latest_only.py took 0.338 seconds
[2022-02-20 23:26:58,878] {processor.py:163} INFO - Started process (PID=2258) to work on /home/airflow/.local/lib/python3.7/site-packages/airflow/example_dags/example_latest_only.py
[2022-02-20 23:26:58,884] {processor.py:642} INFO - Processing file /home/airflow/.local/lib/python3.7/site-packages/airflow/example_dags/example_latest_only.py for tasks to queue
[2022-02-20 23:26:58,887] {logging_mixin.py:109} INFO - [2022-02-20 23:26:58,887] {dagbag.py:500} INFO - Filling up the DagBag from /home/airflow/.local/lib/python3.7/site-packages/airflow/example_dags/example_latest_only.py
[2022-02-20 23:26:58,955] {processor.py:654} INFO - DAG(s) dict_keys(['latest_only']) retrieved from /home/airflow/.local/lib/python3.7/site-packages/airflow/example_dags/example_latest_only.py
[2022-02-20 23:26:58,995] {logging_mixin.py:109} INFO - [2022-02-20 23:26:58,994] {dag.py:2396} INFO - Sync 1 DAGs
[2022-02-20 23:26:59,051] {logging_mixin.py:109} INFO - [2022-02-20 23:26:59,051] {dag.py:2935} INFO - Setting next_dagrun for latest_only to 2022-02-20T19:26:59.049497+00:00
[2022-02-20 23:26:59,082] {processor.py:171} INFO - Processing /home/airflow/.local/lib/python3.7/site-packages/airflow/example_dags/example_latest_only.py took 0.211 seconds
[2022-02-20 23:27:29,382] {processor.py:163} INFO - Started process (PID=2339) to work on /home/airflow/.local/lib/python3.7/site-packages/airflow/example_dags/example_latest_only.py
[2022-02-20 23:27:29,386] {processor.py:642} INFO - Processing file /home/airflow/.local/lib/python3.7/site-packages/airflow/example_dags/example_latest_only.py for tasks to queue
[2022-02-20 23:27:29,389] {logging_mixin.py:109} INFO - [2022-02-20 23:27:29,388] {dagbag.py:500} INFO - Filling up the DagBag from /home/airflow/.local/lib/python3.7/site-packages/airflow/example_dags/example_latest_only.py
[2022-02-20 23:27:29,449] {processor.py:654} INFO - DAG(s) dict_keys(['latest_only']) retrieved from /home/airflow/.local/lib/python3.7/site-packages/airflow/example_dags/example_latest_only.py
[2022-02-20 23:27:29,487] {logging_mixin.py:109} INFO - [2022-02-20 23:27:29,486] {dag.py:2396} INFO - Sync 1 DAGs
[2022-02-20 23:27:29,541] {logging_mixin.py:109} INFO - [2022-02-20 23:27:29,540] {dag.py:2935} INFO - Setting next_dagrun for latest_only to 2022-02-20T19:27:29.538878+00:00
[2022-02-20 23:27:29,568] {processor.py:171} INFO - Processing /home/airflow/.local/lib/python3.7/site-packages/airflow/example_dags/example_latest_only.py took 0.193 seconds
[2022-02-20 23:27:59,739] {processor.py:163} INFO - Started process (PID=2436) to work on /home/airflow/.local/lib/python3.7/site-packages/airflow/example_dags/example_latest_only.py
[2022-02-20 23:27:59,744] {processor.py:642} INFO - Processing file /home/airflow/.local/lib/python3.7/site-packages/airflow/example_dags/example_latest_only.py for tasks to queue
[2022-02-20 23:27:59,748] {logging_mixin.py:109} INFO - [2022-02-20 23:27:59,747] {dagbag.py:500} INFO - Filling up the DagBag from /home/airflow/.local/lib/python3.7/site-packages/airflow/example_dags/example_latest_only.py
[2022-02-20 23:27:59,837] {processor.py:654} INFO - DAG(s) dict_keys(['latest_only']) retrieved from /home/airflow/.local/lib/python3.7/site-packages/airflow/example_dags/example_latest_only.py
[2022-02-20 23:27:59,897] {logging_mixin.py:109} INFO - [2022-02-20 23:27:59,897] {dag.py:2396} INFO - Sync 1 DAGs
[2022-02-20 23:27:59,972] {logging_mixin.py:109} INFO - [2022-02-20 23:27:59,971] {dag.py:2935} INFO - Setting next_dagrun for latest_only to 2022-02-20T19:27:59.969882+00:00
[2022-02-20 23:28:00,020] {processor.py:171} INFO - Processing /home/airflow/.local/lib/python3.7/site-packages/airflow/example_dags/example_latest_only.py took 0.289 seconds
[2022-02-20 23:28:30,111] {processor.py:163} INFO - Started process (PID=2517) to work on /home/airflow/.local/lib/python3.7/site-packages/airflow/example_dags/example_latest_only.py
[2022-02-20 23:28:30,116] {processor.py:642} INFO - Processing file /home/airflow/.local/lib/python3.7/site-packages/airflow/example_dags/example_latest_only.py for tasks to queue
[2022-02-20 23:28:30,119] {logging_mixin.py:109} INFO - [2022-02-20 23:28:30,118] {dagbag.py:500} INFO - Filling up the DagBag from /home/airflow/.local/lib/python3.7/site-packages/airflow/example_dags/example_latest_only.py
[2022-02-20 23:28:30,184] {processor.py:654} INFO - DAG(s) dict_keys(['latest_only']) retrieved from /home/airflow/.local/lib/python3.7/site-packages/airflow/example_dags/example_latest_only.py
[2022-02-20 23:28:30,219] {logging_mixin.py:109} INFO - [2022-02-20 23:28:30,219] {dag.py:2396} INFO - Sync 1 DAGs
[2022-02-20 23:28:30,271] {logging_mixin.py:109} INFO - [2022-02-20 23:28:30,270] {dag.py:2935} INFO - Setting next_dagrun for latest_only to 2022-02-20T19:28:30.269033+00:00
[2022-02-20 23:28:30,300] {processor.py:171} INFO - Processing /home/airflow/.local/lib/python3.7/site-packages/airflow/example_dags/example_latest_only.py took 0.196 seconds
[2022-02-20 23:29:00,682] {processor.py:163} INFO - Started process (PID=2613) to work on /home/airflow/.local/lib/python3.7/site-packages/airflow/example_dags/example_latest_only.py
[2022-02-20 23:29:00,687] {processor.py:642} INFO - Processing file /home/airflow/.local/lib/python3.7/site-packages/airflow/example_dags/example_latest_only.py for tasks to queue
[2022-02-20 23:29:00,690] {logging_mixin.py:109} INFO - [2022-02-20 23:29:00,689] {dagbag.py:500} INFO - Filling up the DagBag from /home/airflow/.local/lib/python3.7/site-packages/airflow/example_dags/example_latest_only.py
[2022-02-20 23:29:00,761] {processor.py:654} INFO - DAG(s) dict_keys(['latest_only']) retrieved from /home/airflow/.local/lib/python3.7/site-packages/airflow/example_dags/example_latest_only.py
[2022-02-20 23:29:00,811] {logging_mixin.py:109} INFO - [2022-02-20 23:29:00,810] {dag.py:2396} INFO - Sync 1 DAGs
[2022-02-20 23:29:00,877] {logging_mixin.py:109} INFO - [2022-02-20 23:29:00,876] {dag.py:2935} INFO - Setting next_dagrun for latest_only to 2022-02-20T19:29:00.874972+00:00
[2022-02-20 23:29:00,912] {processor.py:171} INFO - Processing /home/airflow/.local/lib/python3.7/site-packages/airflow/example_dags/example_latest_only.py took 0.238 seconds
[2022-02-20 23:29:31,781] {processor.py:163} INFO - Started process (PID=2695) to work on /home/airflow/.local/lib/python3.7/site-packages/airflow/example_dags/example_latest_only.py
[2022-02-20 23:29:31,787] {processor.py:642} INFO - Processing file /home/airflow/.local/lib/python3.7/site-packages/airflow/example_dags/example_latest_only.py for tasks to queue
[2022-02-20 23:29:31,790] {logging_mixin.py:109} INFO - [2022-02-20 23:29:31,790] {dagbag.py:500} INFO - Filling up the DagBag from /home/airflow/.local/lib/python3.7/site-packages/airflow/example_dags/example_latest_only.py
[2022-02-20 23:29:31,857] {processor.py:654} INFO - DAG(s) dict_keys(['latest_only']) retrieved from /home/airflow/.local/lib/python3.7/site-packages/airflow/example_dags/example_latest_only.py
[2022-02-20 23:29:31,894] {logging_mixin.py:109} INFO - [2022-02-20 23:29:31,893] {dag.py:2396} INFO - Sync 1 DAGs
[2022-02-20 23:29:31,955] {logging_mixin.py:109} INFO - [2022-02-20 23:29:31,955] {dag.py:2935} INFO - Setting next_dagrun for latest_only to 2022-02-20T19:29:31.953434+00:00
[2022-02-20 23:29:31,989] {processor.py:171} INFO - Processing /home/airflow/.local/lib/python3.7/site-packages/airflow/example_dags/example_latest_only.py took 0.214 seconds
[2022-02-20 23:30:02,168] {processor.py:163} INFO - Started process (PID=2793) to work on /home/airflow/.local/lib/python3.7/site-packages/airflow/example_dags/example_latest_only.py
[2022-02-20 23:30:02,171] {processor.py:642} INFO - Processing file /home/airflow/.local/lib/python3.7/site-packages/airflow/example_dags/example_latest_only.py for tasks to queue
[2022-02-20 23:30:02,177] {logging_mixin.py:109} INFO - [2022-02-20 23:30:02,176] {dagbag.py:500} INFO - Filling up the DagBag from /home/airflow/.local/lib/python3.7/site-packages/airflow/example_dags/example_latest_only.py
[2022-02-20 23:30:02,244] {processor.py:654} INFO - DAG(s) dict_keys(['latest_only']) retrieved from /home/airflow/.local/lib/python3.7/site-packages/airflow/example_dags/example_latest_only.py
[2022-02-20 23:30:02,292] {logging_mixin.py:109} INFO - [2022-02-20 23:30:02,291] {dag.py:2396} INFO - Sync 1 DAGs
[2022-02-20 23:30:02,353] {logging_mixin.py:109} INFO - [2022-02-20 23:30:02,353] {dag.py:2935} INFO - Setting next_dagrun for latest_only to 2022-02-20T19:30:02.351398+00:00
[2022-02-20 23:30:02,394] {processor.py:171} INFO - Processing /home/airflow/.local/lib/python3.7/site-packages/airflow/example_dags/example_latest_only.py took 0.234 seconds
[2022-02-20 23:30:33,037] {processor.py:163} INFO - Started process (PID=2872) to work on /home/airflow/.local/lib/python3.7/site-packages/airflow/example_dags/example_latest_only.py
[2022-02-20 23:30:33,042] {processor.py:642} INFO - Processing file /home/airflow/.local/lib/python3.7/site-packages/airflow/example_dags/example_latest_only.py for tasks to queue
[2022-02-20 23:30:33,045] {logging_mixin.py:109} INFO - [2022-02-20 23:30:33,044] {dagbag.py:500} INFO - Filling up the DagBag from /home/airflow/.local/lib/python3.7/site-packages/airflow/example_dags/example_latest_only.py
[2022-02-20 23:30:33,104] {processor.py:654} INFO - DAG(s) dict_keys(['latest_only']) retrieved from /home/airflow/.local/lib/python3.7/site-packages/airflow/example_dags/example_latest_only.py
[2022-02-20 23:30:33,141] {logging_mixin.py:109} INFO - [2022-02-20 23:30:33,141] {dag.py:2396} INFO - Sync 1 DAGs
[2022-02-20 23:30:33,193] {logging_mixin.py:109} INFO - [2022-02-20 23:30:33,193] {dag.py:2935} INFO - Setting next_dagrun for latest_only to 2022-02-20T19:30:33.191774+00:00
[2022-02-20 23:30:33,222] {processor.py:171} INFO - Processing /home/airflow/.local/lib/python3.7/site-packages/airflow/example_dags/example_latest_only.py took 0.191 seconds
[2022-02-20 23:31:03,329] {processor.py:163} INFO - Started process (PID=2972) to work on /home/airflow/.local/lib/python3.7/site-packages/airflow/example_dags/example_latest_only.py
[2022-02-20 23:31:03,333] {processor.py:642} INFO - Processing file /home/airflow/.local/lib/python3.7/site-packages/airflow/example_dags/example_latest_only.py for tasks to queue
[2022-02-20 23:31:03,336] {logging_mixin.py:109} INFO - [2022-02-20 23:31:03,335] {dagbag.py:500} INFO - Filling up the DagBag from /home/airflow/.local/lib/python3.7/site-packages/airflow/example_dags/example_latest_only.py
[2022-02-20 23:31:03,409] {processor.py:654} INFO - DAG(s) dict_keys(['latest_only']) retrieved from /home/airflow/.local/lib/python3.7/site-packages/airflow/example_dags/example_latest_only.py
[2022-02-20 23:31:03,449] {logging_mixin.py:109} INFO - [2022-02-20 23:31:03,449] {dag.py:2396} INFO - Sync 1 DAGs
[2022-02-20 23:31:03,505] {logging_mixin.py:109} INFO - [2022-02-20 23:31:03,504] {dag.py:2935} INFO - Setting next_dagrun for latest_only to 2022-02-20T19:31:03.503394+00:00
[2022-02-20 23:31:03,537] {processor.py:171} INFO - Processing /home/airflow/.local/lib/python3.7/site-packages/airflow/example_dags/example_latest_only.py took 0.216 seconds
[2022-02-20 23:31:33,996] {processor.py:163} INFO - Started process (PID=3063) to work on /home/airflow/.local/lib/python3.7/site-packages/airflow/example_dags/example_latest_only.py
[2022-02-20 23:31:34,000] {processor.py:642} INFO - Processing file /home/airflow/.local/lib/python3.7/site-packages/airflow/example_dags/example_latest_only.py for tasks to queue
[2022-02-20 23:31:34,004] {logging_mixin.py:109} INFO - [2022-02-20 23:31:34,003] {dagbag.py:500} INFO - Filling up the DagBag from /home/airflow/.local/lib/python3.7/site-packages/airflow/example_dags/example_latest_only.py
[2022-02-20 23:31:34,080] {processor.py:654} INFO - DAG(s) dict_keys(['latest_only']) retrieved from /home/airflow/.local/lib/python3.7/site-packages/airflow/example_dags/example_latest_only.py
[2022-02-20 23:31:34,129] {logging_mixin.py:109} INFO - [2022-02-20 23:31:34,128] {dag.py:2396} INFO - Sync 1 DAGs
[2022-02-20 23:31:34,196] {logging_mixin.py:109} INFO - [2022-02-20 23:31:34,195] {dag.py:2935} INFO - Setting next_dagrun for latest_only to 2022-02-20T19:31:34.193915+00:00
[2022-02-20 23:31:34,226] {processor.py:171} INFO - Processing /home/airflow/.local/lib/python3.7/site-packages/airflow/example_dags/example_latest_only.py took 0.238 seconds
[2022-02-20 23:32:04,401] {processor.py:163} INFO - Started process (PID=3150) to work on /home/airflow/.local/lib/python3.7/site-packages/airflow/example_dags/example_latest_only.py
[2022-02-20 23:32:04,407] {processor.py:642} INFO - Processing file /home/airflow/.local/lib/python3.7/site-packages/airflow/example_dags/example_latest_only.py for tasks to queue
[2022-02-20 23:32:04,411] {logging_mixin.py:109} INFO - [2022-02-20 23:32:04,411] {dagbag.py:500} INFO - Filling up the DagBag from /home/airflow/.local/lib/python3.7/site-packages/airflow/example_dags/example_latest_only.py
[2022-02-20 23:32:04,501] {processor.py:654} INFO - DAG(s) dict_keys(['latest_only']) retrieved from /home/airflow/.local/lib/python3.7/site-packages/airflow/example_dags/example_latest_only.py
[2022-02-20 23:32:04,545] {logging_mixin.py:109} INFO - [2022-02-20 23:32:04,545] {dag.py:2396} INFO - Sync 1 DAGs
[2022-02-20 23:32:04,603] {logging_mixin.py:109} INFO - [2022-02-20 23:32:04,603] {dag.py:2935} INFO - Setting next_dagrun for latest_only to 2022-02-20T19:32:04.601397+00:00
[2022-02-20 23:32:04,635] {processor.py:171} INFO - Processing /home/airflow/.local/lib/python3.7/site-packages/airflow/example_dags/example_latest_only.py took 0.240 seconds
[2022-02-20 23:32:35,143] {processor.py:163} INFO - Started process (PID=3242) to work on /home/airflow/.local/lib/python3.7/site-packages/airflow/example_dags/example_latest_only.py
[2022-02-20 23:32:35,149] {processor.py:642} INFO - Processing file /home/airflow/.local/lib/python3.7/site-packages/airflow/example_dags/example_latest_only.py for tasks to queue
[2022-02-20 23:32:35,153] {logging_mixin.py:109} INFO - [2022-02-20 23:32:35,152] {dagbag.py:500} INFO - Filling up the DagBag from /home/airflow/.local/lib/python3.7/site-packages/airflow/example_dags/example_latest_only.py
[2022-02-20 23:32:35,228] {processor.py:654} INFO - DAG(s) dict_keys(['latest_only']) retrieved from /home/airflow/.local/lib/python3.7/site-packages/airflow/example_dags/example_latest_only.py
[2022-02-20 23:32:35,270] {logging_mixin.py:109} INFO - [2022-02-20 23:32:35,270] {dag.py:2396} INFO - Sync 1 DAGs
[2022-02-20 23:32:35,332] {logging_mixin.py:109} INFO - [2022-02-20 23:32:35,331] {dag.py:2935} INFO - Setting next_dagrun for latest_only to 2022-02-20T19:32:35.329382+00:00
[2022-02-20 23:32:35,361] {processor.py:171} INFO - Processing /home/airflow/.local/lib/python3.7/site-packages/airflow/example_dags/example_latest_only.py took 0.228 seconds
[2022-02-20 23:33:06,097] {processor.py:163} INFO - Started process (PID=3330) to work on /home/airflow/.local/lib/python3.7/site-packages/airflow/example_dags/example_latest_only.py
[2022-02-20 23:33:06,102] {processor.py:642} INFO - Processing file /home/airflow/.local/lib/python3.7/site-packages/airflow/example_dags/example_latest_only.py for tasks to queue
[2022-02-20 23:33:06,105] {logging_mixin.py:109} INFO - [2022-02-20 23:33:06,105] {dagbag.py:500} INFO - Filling up the DagBag from /home/airflow/.local/lib/python3.7/site-packages/airflow/example_dags/example_latest_only.py
[2022-02-20 23:33:06,189] {processor.py:654} INFO - DAG(s) dict_keys(['latest_only']) retrieved from /home/airflow/.local/lib/python3.7/site-packages/airflow/example_dags/example_latest_only.py
[2022-02-20 23:33:06,231] {logging_mixin.py:109} INFO - [2022-02-20 23:33:06,230] {dag.py:2396} INFO - Sync 1 DAGs
[2022-02-20 23:33:06,291] {logging_mixin.py:109} INFO - [2022-02-20 23:33:06,290] {dag.py:2935} INFO - Setting next_dagrun for latest_only to 2022-02-20T19:33:06.288758+00:00
[2022-02-20 23:33:06,321] {processor.py:171} INFO - Processing /home/airflow/.local/lib/python3.7/site-packages/airflow/example_dags/example_latest_only.py took 0.233 seconds
[2022-02-20 23:33:36,771] {processor.py:163} INFO - Started process (PID=3427) to work on /home/airflow/.local/lib/python3.7/site-packages/airflow/example_dags/example_latest_only.py
[2022-02-20 23:33:36,776] {processor.py:642} INFO - Processing file /home/airflow/.local/lib/python3.7/site-packages/airflow/example_dags/example_latest_only.py for tasks to queue
[2022-02-20 23:33:36,780] {logging_mixin.py:109} INFO - [2022-02-20 23:33:36,779] {dagbag.py:500} INFO - Filling up the DagBag from /home/airflow/.local/lib/python3.7/site-packages/airflow/example_dags/example_latest_only.py
[2022-02-20 23:33:36,850] {processor.py:654} INFO - DAG(s) dict_keys(['latest_only']) retrieved from /home/airflow/.local/lib/python3.7/site-packages/airflow/example_dags/example_latest_only.py
[2022-02-20 23:33:36,891] {logging_mixin.py:109} INFO - [2022-02-20 23:33:36,890] {dag.py:2396} INFO - Sync 1 DAGs
[2022-02-20 23:33:36,947] {logging_mixin.py:109} INFO - [2022-02-20 23:33:36,946] {dag.py:2935} INFO - Setting next_dagrun for latest_only to 2022-02-20T19:33:36.945089+00:00
[2022-02-20 23:33:36,979] {processor.py:171} INFO - Processing /home/airflow/.local/lib/python3.7/site-packages/airflow/example_dags/example_latest_only.py took 0.216 seconds
[2022-02-20 23:34:07,228] {processor.py:163} INFO - Started process (PID=3501) to work on /home/airflow/.local/lib/python3.7/site-packages/airflow/example_dags/example_latest_only.py
[2022-02-20 23:34:07,236] {processor.py:642} INFO - Processing file /home/airflow/.local/lib/python3.7/site-packages/airflow/example_dags/example_latest_only.py for tasks to queue
[2022-02-20 23:34:07,240] {logging_mixin.py:109} INFO - [2022-02-20 23:34:07,240] {dagbag.py:500} INFO - Filling up the DagBag from /home/airflow/.local/lib/python3.7/site-packages/airflow/example_dags/example_latest_only.py
[2022-02-20 23:34:07,320] {processor.py:654} INFO - DAG(s) dict_keys(['latest_only']) retrieved from /home/airflow/.local/lib/python3.7/site-packages/airflow/example_dags/example_latest_only.py
[2022-02-20 23:34:07,362] {logging_mixin.py:109} INFO - [2022-02-20 23:34:07,362] {dag.py:2396} INFO - Sync 1 DAGs
[2022-02-20 23:34:07,423] {logging_mixin.py:109} INFO - [2022-02-20 23:34:07,422] {dag.py:2935} INFO - Setting next_dagrun for latest_only to 2022-02-20T19:34:07.420889+00:00
[2022-02-20 23:34:07,455] {processor.py:171} INFO - Processing /home/airflow/.local/lib/python3.7/site-packages/airflow/example_dags/example_latest_only.py took 0.236 seconds
[2022-02-20 23:34:38,499] {processor.py:163} INFO - Started process (PID=3596) to work on /home/airflow/.local/lib/python3.7/site-packages/airflow/example_dags/example_latest_only.py
[2022-02-20 23:34:38,507] {processor.py:642} INFO - Processing file /home/airflow/.local/lib/python3.7/site-packages/airflow/example_dags/example_latest_only.py for tasks to queue
[2022-02-20 23:34:38,511] {logging_mixin.py:109} INFO - [2022-02-20 23:34:38,510] {dagbag.py:500} INFO - Filling up the DagBag from /home/airflow/.local/lib/python3.7/site-packages/airflow/example_dags/example_latest_only.py
[2022-02-20 23:34:38,583] {processor.py:654} INFO - DAG(s) dict_keys(['latest_only']) retrieved from /home/airflow/.local/lib/python3.7/site-packages/airflow/example_dags/example_latest_only.py
[2022-02-20 23:34:38,625] {logging_mixin.py:109} INFO - [2022-02-20 23:34:38,624] {dag.py:2396} INFO - Sync 1 DAGs
[2022-02-20 23:34:38,686] {logging_mixin.py:109} INFO - [2022-02-20 23:34:38,686] {dag.py:2935} INFO - Setting next_dagrun for latest_only to 2022-02-20T19:34:38.684637+00:00
[2022-02-20 23:34:38,733] {processor.py:171} INFO - Processing /home/airflow/.local/lib/python3.7/site-packages/airflow/example_dags/example_latest_only.py took 0.243 seconds
[2022-02-20 23:35:09,437] {processor.py:163} INFO - Started process (PID=3668) to work on /home/airflow/.local/lib/python3.7/site-packages/airflow/example_dags/example_latest_only.py
[2022-02-20 23:35:09,442] {processor.py:642} INFO - Processing file /home/airflow/.local/lib/python3.7/site-packages/airflow/example_dags/example_latest_only.py for tasks to queue
[2022-02-20 23:35:09,445] {logging_mixin.py:109} INFO - [2022-02-20 23:35:09,445] {dagbag.py:500} INFO - Filling up the DagBag from /home/airflow/.local/lib/python3.7/site-packages/airflow/example_dags/example_latest_only.py
[2022-02-20 23:35:09,516] {processor.py:654} INFO - DAG(s) dict_keys(['latest_only']) retrieved from /home/airflow/.local/lib/python3.7/site-packages/airflow/example_dags/example_latest_only.py
[2022-02-20 23:35:09,555] {logging_mixin.py:109} INFO - [2022-02-20 23:35:09,554] {dag.py:2396} INFO - Sync 1 DAGs
[2022-02-20 23:35:09,609] {logging_mixin.py:109} INFO - [2022-02-20 23:35:09,608] {dag.py:2935} INFO - Setting next_dagrun for latest_only to 2022-02-20T19:35:09.606682+00:00
[2022-02-20 23:35:09,643] {processor.py:171} INFO - Processing /home/airflow/.local/lib/python3.7/site-packages/airflow/example_dags/example_latest_only.py took 0.213 seconds
[2022-02-20 23:35:40,173] {processor.py:163} INFO - Started process (PID=3764) to work on /home/airflow/.local/lib/python3.7/site-packages/airflow/example_dags/example_latest_only.py
[2022-02-20 23:35:40,179] {processor.py:642} INFO - Processing file /home/airflow/.local/lib/python3.7/site-packages/airflow/example_dags/example_latest_only.py for tasks to queue
[2022-02-20 23:35:40,183] {logging_mixin.py:109} INFO - [2022-02-20 23:35:40,183] {dagbag.py:500} INFO - Filling up the DagBag from /home/airflow/.local/lib/python3.7/site-packages/airflow/example_dags/example_latest_only.py
[2022-02-20 23:35:40,287] {processor.py:654} INFO - DAG(s) dict_keys(['latest_only']) retrieved from /home/airflow/.local/lib/python3.7/site-packages/airflow/example_dags/example_latest_only.py
[2022-02-20 23:35:40,336] {logging_mixin.py:109} INFO - [2022-02-20 23:35:40,335] {dag.py:2396} INFO - Sync 1 DAGs
[2022-02-20 23:35:40,403] {logging_mixin.py:109} INFO - [2022-02-20 23:35:40,402] {dag.py:2935} INFO - Setting next_dagrun for latest_only to 2022-02-20T19:35:40.400757+00:00
[2022-02-20 23:35:40,435] {processor.py:171} INFO - Processing /home/airflow/.local/lib/python3.7/site-packages/airflow/example_dags/example_latest_only.py took 0.269 seconds
[2022-02-20 23:36:10,597] {processor.py:163} INFO - Started process (PID=3843) to work on /home/airflow/.local/lib/python3.7/site-packages/airflow/example_dags/example_latest_only.py
[2022-02-20 23:36:10,601] {processor.py:642} INFO - Processing file /home/airflow/.local/lib/python3.7/site-packages/airflow/example_dags/example_latest_only.py for tasks to queue
[2022-02-20 23:36:10,604] {logging_mixin.py:109} INFO - [2022-02-20 23:36:10,603] {dagbag.py:500} INFO - Filling up the DagBag from /home/airflow/.local/lib/python3.7/site-packages/airflow/example_dags/example_latest_only.py
[2022-02-20 23:36:10,660] {processor.py:654} INFO - DAG(s) dict_keys(['latest_only']) retrieved from /home/airflow/.local/lib/python3.7/site-packages/airflow/example_dags/example_latest_only.py
[2022-02-20 23:36:10,697] {logging_mixin.py:109} INFO - [2022-02-20 23:36:10,697] {dag.py:2396} INFO - Sync 1 DAGs
[2022-02-20 23:36:10,757] {logging_mixin.py:109} INFO - [2022-02-20 23:36:10,756] {dag.py:2935} INFO - Setting next_dagrun for latest_only to 2022-02-20T19:36:10.754911+00:00
[2022-02-20 23:36:10,789] {processor.py:171} INFO - Processing /home/airflow/.local/lib/python3.7/site-packages/airflow/example_dags/example_latest_only.py took 0.198 seconds
[2022-02-20 23:36:41,026] {processor.py:163} INFO - Started process (PID=3942) to work on /home/airflow/.local/lib/python3.7/site-packages/airflow/example_dags/example_latest_only.py
[2022-02-20 23:36:41,032] {processor.py:642} INFO - Processing file /home/airflow/.local/lib/python3.7/site-packages/airflow/example_dags/example_latest_only.py for tasks to queue
[2022-02-20 23:36:41,036] {logging_mixin.py:109} INFO - [2022-02-20 23:36:41,035] {dagbag.py:500} INFO - Filling up the DagBag from /home/airflow/.local/lib/python3.7/site-packages/airflow/example_dags/example_latest_only.py
[2022-02-20 23:36:41,114] {processor.py:654} INFO - DAG(s) dict_keys(['latest_only']) retrieved from /home/airflow/.local/lib/python3.7/site-packages/airflow/example_dags/example_latest_only.py
[2022-02-20 23:36:41,157] {logging_mixin.py:109} INFO - [2022-02-20 23:36:41,156] {dag.py:2396} INFO - Sync 1 DAGs
[2022-02-20 23:36:41,221] {logging_mixin.py:109} INFO - [2022-02-20 23:36:41,220] {dag.py:2935} INFO - Setting next_dagrun for latest_only to 2022-02-20T19:36:41.218386+00:00
[2022-02-20 23:36:41,256] {processor.py:171} INFO - Processing /home/airflow/.local/lib/python3.7/site-packages/airflow/example_dags/example_latest_only.py took 0.238 seconds
[2022-02-20 23:37:11,752] {processor.py:163} INFO - Started process (PID=4023) to work on /home/airflow/.local/lib/python3.7/site-packages/airflow/example_dags/example_latest_only.py
[2022-02-20 23:37:11,762] {processor.py:642} INFO - Processing file /home/airflow/.local/lib/python3.7/site-packages/airflow/example_dags/example_latest_only.py for tasks to queue
[2022-02-20 23:37:11,765] {logging_mixin.py:109} INFO - [2022-02-20 23:37:11,764] {dagbag.py:500} INFO - Filling up the DagBag from /home/airflow/.local/lib/python3.7/site-packages/airflow/example_dags/example_latest_only.py
[2022-02-20 23:37:11,829] {processor.py:654} INFO - DAG(s) dict_keys(['latest_only']) retrieved from /home/airflow/.local/lib/python3.7/site-packages/airflow/example_dags/example_latest_only.py
[2022-02-20 23:37:11,867] {logging_mixin.py:109} INFO - [2022-02-20 23:37:11,866] {dag.py:2396} INFO - Sync 1 DAGs
[2022-02-20 23:37:11,926] {logging_mixin.py:109} INFO - [2022-02-20 23:37:11,926] {dag.py:2935} INFO - Setting next_dagrun for latest_only to 2022-02-20T19:37:11.924174+00:00
[2022-02-20 23:37:11,964] {processor.py:171} INFO - Processing /home/airflow/.local/lib/python3.7/site-packages/airflow/example_dags/example_latest_only.py took 0.219 seconds
[2022-02-20 23:37:42,543] {processor.py:163} INFO - Started process (PID=4119) to work on /home/airflow/.local/lib/python3.7/site-packages/airflow/example_dags/example_latest_only.py
[2022-02-20 23:37:42,550] {processor.py:642} INFO - Processing file /home/airflow/.local/lib/python3.7/site-packages/airflow/example_dags/example_latest_only.py for tasks to queue
[2022-02-20 23:37:42,555] {logging_mixin.py:109} INFO - [2022-02-20 23:37:42,555] {dagbag.py:500} INFO - Filling up the DagBag from /home/airflow/.local/lib/python3.7/site-packages/airflow/example_dags/example_latest_only.py
[2022-02-20 23:37:42,650] {processor.py:654} INFO - DAG(s) dict_keys(['latest_only']) retrieved from /home/airflow/.local/lib/python3.7/site-packages/airflow/example_dags/example_latest_only.py
[2022-02-20 23:37:42,743] {logging_mixin.py:109} INFO - [2022-02-20 23:37:42,743] {dag.py:2396} INFO - Sync 1 DAGs
[2022-02-20 23:37:42,866] {logging_mixin.py:109} INFO - [2022-02-20 23:37:42,865] {dag.py:2935} INFO - Setting next_dagrun for latest_only to 2022-02-20T19:37:42.863352+00:00
[2022-02-20 23:37:42,916] {processor.py:171} INFO - Processing /home/airflow/.local/lib/python3.7/site-packages/airflow/example_dags/example_latest_only.py took 0.389 seconds
[2022-02-20 23:38:13,359] {processor.py:163} INFO - Started process (PID=4201) to work on /home/airflow/.local/lib/python3.7/site-packages/airflow/example_dags/example_latest_only.py
[2022-02-20 23:38:13,363] {processor.py:642} INFO - Processing file /home/airflow/.local/lib/python3.7/site-packages/airflow/example_dags/example_latest_only.py for tasks to queue
[2022-02-20 23:38:13,366] {logging_mixin.py:109} INFO - [2022-02-20 23:38:13,365] {dagbag.py:500} INFO - Filling up the DagBag from /home/airflow/.local/lib/python3.7/site-packages/airflow/example_dags/example_latest_only.py
[2022-02-20 23:38:13,423] {processor.py:654} INFO - DAG(s) dict_keys(['latest_only']) retrieved from /home/airflow/.local/lib/python3.7/site-packages/airflow/example_dags/example_latest_only.py
[2022-02-20 23:38:13,458] {logging_mixin.py:109} INFO - [2022-02-20 23:38:13,457] {dag.py:2396} INFO - Sync 1 DAGs
[2022-02-20 23:38:13,505] {logging_mixin.py:109} INFO - [2022-02-20 23:38:13,505] {dag.py:2935} INFO - Setting next_dagrun for latest_only to 2022-02-20T19:38:13.503812+00:00
[2022-02-20 23:38:13,532] {processor.py:171} INFO - Processing /home/airflow/.local/lib/python3.7/site-packages/airflow/example_dags/example_latest_only.py took 0.179 seconds
[2022-02-20 23:38:44,162] {processor.py:163} INFO - Started process (PID=4301) to work on /home/airflow/.local/lib/python3.7/site-packages/airflow/example_dags/example_latest_only.py
[2022-02-20 23:38:44,168] {processor.py:642} INFO - Processing file /home/airflow/.local/lib/python3.7/site-packages/airflow/example_dags/example_latest_only.py for tasks to queue
[2022-02-20 23:38:44,171] {logging_mixin.py:109} INFO - [2022-02-20 23:38:44,171] {dagbag.py:500} INFO - Filling up the DagBag from /home/airflow/.local/lib/python3.7/site-packages/airflow/example_dags/example_latest_only.py
[2022-02-20 23:38:44,294] {processor.py:654} INFO - DAG(s) dict_keys(['latest_only']) retrieved from /home/airflow/.local/lib/python3.7/site-packages/airflow/example_dags/example_latest_only.py
[2022-02-20 23:38:44,341] {logging_mixin.py:109} INFO - [2022-02-20 23:38:44,340] {dag.py:2396} INFO - Sync 1 DAGs
[2022-02-20 23:38:44,465] {logging_mixin.py:109} INFO - [2022-02-20 23:38:44,464] {dag.py:2935} INFO - Setting next_dagrun for latest_only to 2022-02-20T19:38:44.462732+00:00
[2022-02-20 23:38:44,510] {processor.py:171} INFO - Processing /home/airflow/.local/lib/python3.7/site-packages/airflow/example_dags/example_latest_only.py took 0.357 seconds
[2022-02-20 23:39:14,797] {processor.py:163} INFO - Started process (PID=4395) to work on /home/airflow/.local/lib/python3.7/site-packages/airflow/example_dags/example_latest_only.py
[2022-02-20 23:39:14,806] {processor.py:642} INFO - Processing file /home/airflow/.local/lib/python3.7/site-packages/airflow/example_dags/example_latest_only.py for tasks to queue
[2022-02-20 23:39:14,813] {logging_mixin.py:109} INFO - [2022-02-20 23:39:14,812] {dagbag.py:500} INFO - Filling up the DagBag from /home/airflow/.local/lib/python3.7/site-packages/airflow/example_dags/example_latest_only.py
[2022-02-20 23:39:14,912] {processor.py:654} INFO - DAG(s) dict_keys(['latest_only']) retrieved from /home/airflow/.local/lib/python3.7/site-packages/airflow/example_dags/example_latest_only.py
[2022-02-20 23:39:14,984] {logging_mixin.py:109} INFO - [2022-02-20 23:39:14,984] {dag.py:2396} INFO - Sync 1 DAGs
[2022-02-20 23:39:15,065] {logging_mixin.py:109} INFO - [2022-02-20 23:39:15,064] {dag.py:2935} INFO - Setting next_dagrun for latest_only to 2022-02-20T19:39:15.063081+00:00
[2022-02-20 23:39:15,124] {processor.py:171} INFO - Processing /home/airflow/.local/lib/python3.7/site-packages/airflow/example_dags/example_latest_only.py took 0.344 seconds
[2022-02-20 23:39:45,236] {processor.py:163} INFO - Started process (PID=4481) to work on /home/airflow/.local/lib/python3.7/site-packages/airflow/example_dags/example_latest_only.py
[2022-02-20 23:39:45,243] {processor.py:642} INFO - Processing file /home/airflow/.local/lib/python3.7/site-packages/airflow/example_dags/example_latest_only.py for tasks to queue
[2022-02-20 23:39:45,245] {logging_mixin.py:109} INFO - [2022-02-20 23:39:45,245] {dagbag.py:500} INFO - Filling up the DagBag from /home/airflow/.local/lib/python3.7/site-packages/airflow/example_dags/example_latest_only.py
[2022-02-20 23:39:45,322] {processor.py:654} INFO - DAG(s) dict_keys(['latest_only']) retrieved from /home/airflow/.local/lib/python3.7/site-packages/airflow/example_dags/example_latest_only.py
[2022-02-20 23:39:45,367] {logging_mixin.py:109} INFO - [2022-02-20 23:39:45,366] {dag.py:2396} INFO - Sync 1 DAGs
[2022-02-20 23:39:45,472] {logging_mixin.py:109} INFO - [2022-02-20 23:39:45,471] {dag.py:2935} INFO - Setting next_dagrun for latest_only to 2022-02-20T19:39:45.469577+00:00
[2022-02-20 23:39:45,538] {processor.py:171} INFO - Processing /home/airflow/.local/lib/python3.7/site-packages/airflow/example_dags/example_latest_only.py took 0.310 seconds
[2022-02-20 23:40:15,610] {processor.py:163} INFO - Started process (PID=4577) to work on /home/airflow/.local/lib/python3.7/site-packages/airflow/example_dags/example_latest_only.py
[2022-02-20 23:40:15,615] {processor.py:642} INFO - Processing file /home/airflow/.local/lib/python3.7/site-packages/airflow/example_dags/example_latest_only.py for tasks to queue
[2022-02-20 23:40:15,619] {logging_mixin.py:109} INFO - [2022-02-20 23:40:15,618] {dagbag.py:500} INFO - Filling up the DagBag from /home/airflow/.local/lib/python3.7/site-packages/airflow/example_dags/example_latest_only.py
[2022-02-20 23:40:15,692] {processor.py:654} INFO - DAG(s) dict_keys(['latest_only']) retrieved from /home/airflow/.local/lib/python3.7/site-packages/airflow/example_dags/example_latest_only.py
[2022-02-20 23:40:15,737] {logging_mixin.py:109} INFO - [2022-02-20 23:40:15,737] {dag.py:2396} INFO - Sync 1 DAGs
[2022-02-20 23:40:15,797] {logging_mixin.py:109} INFO - [2022-02-20 23:40:15,797] {dag.py:2935} INFO - Setting next_dagrun for latest_only to 2022-02-20T19:40:15.795357+00:00
[2022-02-20 23:40:15,828] {processor.py:171} INFO - Processing /home/airflow/.local/lib/python3.7/site-packages/airflow/example_dags/example_latest_only.py took 0.226 seconds
[2022-02-20 23:40:46,539] {processor.py:163} INFO - Started process (PID=4659) to work on /home/airflow/.local/lib/python3.7/site-packages/airflow/example_dags/example_latest_only.py
[2022-02-20 23:40:46,549] {processor.py:642} INFO - Processing file /home/airflow/.local/lib/python3.7/site-packages/airflow/example_dags/example_latest_only.py for tasks to queue
[2022-02-20 23:40:46,568] {logging_mixin.py:109} INFO - [2022-02-20 23:40:46,568] {dagbag.py:500} INFO - Filling up the DagBag from /home/airflow/.local/lib/python3.7/site-packages/airflow/example_dags/example_latest_only.py
[2022-02-20 23:40:46,652] {processor.py:654} INFO - DAG(s) dict_keys(['latest_only']) retrieved from /home/airflow/.local/lib/python3.7/site-packages/airflow/example_dags/example_latest_only.py
[2022-02-20 23:40:46,706] {logging_mixin.py:109} INFO - [2022-02-20 23:40:46,706] {dag.py:2396} INFO - Sync 1 DAGs
[2022-02-20 23:40:46,775] {logging_mixin.py:109} INFO - [2022-02-20 23:40:46,774] {dag.py:2935} INFO - Setting next_dagrun for latest_only to 2022-02-20T19:40:46.772908+00:00
[2022-02-20 23:40:46,824] {processor.py:171} INFO - Processing /home/airflow/.local/lib/python3.7/site-packages/airflow/example_dags/example_latest_only.py took 0.311 seconds
[2022-02-20 23:41:17,019] {processor.py:163} INFO - Started process (PID=4757) to work on /home/airflow/.local/lib/python3.7/site-packages/airflow/example_dags/example_latest_only.py
[2022-02-20 23:41:17,026] {processor.py:642} INFO - Processing file /home/airflow/.local/lib/python3.7/site-packages/airflow/example_dags/example_latest_only.py for tasks to queue
[2022-02-20 23:41:17,034] {logging_mixin.py:109} INFO - [2022-02-20 23:41:17,032] {dagbag.py:500} INFO - Filling up the DagBag from /home/airflow/.local/lib/python3.7/site-packages/airflow/example_dags/example_latest_only.py
[2022-02-20 23:41:17,122] {processor.py:654} INFO - DAG(s) dict_keys(['latest_only']) retrieved from /home/airflow/.local/lib/python3.7/site-packages/airflow/example_dags/example_latest_only.py
[2022-02-20 23:41:17,167] {logging_mixin.py:109} INFO - [2022-02-20 23:41:17,166] {dag.py:2396} INFO - Sync 1 DAGs
[2022-02-20 23:41:17,229] {logging_mixin.py:109} INFO - [2022-02-20 23:41:17,229] {dag.py:2935} INFO - Setting next_dagrun for latest_only to 2022-02-20T19:41:17.227533+00:00
[2022-02-20 23:41:17,261] {processor.py:171} INFO - Processing /home/airflow/.local/lib/python3.7/site-packages/airflow/example_dags/example_latest_only.py took 0.261 seconds
[2022-02-20 23:41:47,473] {processor.py:163} INFO - Started process (PID=4838) to work on /home/airflow/.local/lib/python3.7/site-packages/airflow/example_dags/example_latest_only.py
[2022-02-20 23:41:47,478] {processor.py:642} INFO - Processing file /home/airflow/.local/lib/python3.7/site-packages/airflow/example_dags/example_latest_only.py for tasks to queue
[2022-02-20 23:41:47,481] {logging_mixin.py:109} INFO - [2022-02-20 23:41:47,481] {dagbag.py:500} INFO - Filling up the DagBag from /home/airflow/.local/lib/python3.7/site-packages/airflow/example_dags/example_latest_only.py
[2022-02-20 23:41:47,602] {processor.py:654} INFO - DAG(s) dict_keys(['latest_only']) retrieved from /home/airflow/.local/lib/python3.7/site-packages/airflow/example_dags/example_latest_only.py
[2022-02-20 23:41:47,645] {logging_mixin.py:109} INFO - [2022-02-20 23:41:47,644] {dag.py:2396} INFO - Sync 1 DAGs
[2022-02-20 23:41:47,705] {logging_mixin.py:109} INFO - [2022-02-20 23:41:47,704] {dag.py:2935} INFO - Setting next_dagrun for latest_only to 2022-02-20T19:41:47.702613+00:00
[2022-02-20 23:41:47,736] {processor.py:171} INFO - Processing /home/airflow/.local/lib/python3.7/site-packages/airflow/example_dags/example_latest_only.py took 0.271 seconds
[2022-02-20 23:42:18,404] {processor.py:163} INFO - Started process (PID=4936) to work on /home/airflow/.local/lib/python3.7/site-packages/airflow/example_dags/example_latest_only.py
[2022-02-20 23:42:18,408] {processor.py:642} INFO - Processing file /home/airflow/.local/lib/python3.7/site-packages/airflow/example_dags/example_latest_only.py for tasks to queue
[2022-02-20 23:42:18,411] {logging_mixin.py:109} INFO - [2022-02-20 23:42:18,411] {dagbag.py:500} INFO - Filling up the DagBag from /home/airflow/.local/lib/python3.7/site-packages/airflow/example_dags/example_latest_only.py
[2022-02-20 23:42:18,479] {processor.py:654} INFO - DAG(s) dict_keys(['latest_only']) retrieved from /home/airflow/.local/lib/python3.7/site-packages/airflow/example_dags/example_latest_only.py
[2022-02-20 23:42:18,524] {logging_mixin.py:109} INFO - [2022-02-20 23:42:18,523] {dag.py:2396} INFO - Sync 1 DAGs
[2022-02-20 23:42:18,628] {logging_mixin.py:109} INFO - [2022-02-20 23:42:18,628] {dag.py:2935} INFO - Setting next_dagrun for latest_only to 2022-02-20T19:42:18.625957+00:00
[2022-02-20 23:42:18,674] {processor.py:171} INFO - Processing /home/airflow/.local/lib/python3.7/site-packages/airflow/example_dags/example_latest_only.py took 0.276 seconds
[2022-02-20 23:42:49,130] {processor.py:163} INFO - Started process (PID=5020) to work on /home/airflow/.local/lib/python3.7/site-packages/airflow/example_dags/example_latest_only.py
[2022-02-20 23:42:49,137] {processor.py:642} INFO - Processing file /home/airflow/.local/lib/python3.7/site-packages/airflow/example_dags/example_latest_only.py for tasks to queue
[2022-02-20 23:42:49,142] {logging_mixin.py:109} INFO - [2022-02-20 23:42:49,141] {dagbag.py:500} INFO - Filling up the DagBag from /home/airflow/.local/lib/python3.7/site-packages/airflow/example_dags/example_latest_only.py
[2022-02-20 23:42:49,215] {processor.py:654} INFO - DAG(s) dict_keys(['latest_only']) retrieved from /home/airflow/.local/lib/python3.7/site-packages/airflow/example_dags/example_latest_only.py
[2022-02-20 23:42:49,254] {logging_mixin.py:109} INFO - [2022-02-20 23:42:49,254] {dag.py:2396} INFO - Sync 1 DAGs
[2022-02-20 23:42:49,306] {logging_mixin.py:109} INFO - [2022-02-20 23:42:49,305] {dag.py:2935} INFO - Setting next_dagrun for latest_only to 2022-02-20T19:42:49.303706+00:00
[2022-02-20 23:42:49,332] {processor.py:171} INFO - Processing /home/airflow/.local/lib/python3.7/site-packages/airflow/example_dags/example_latest_only.py took 0.210 seconds
[2022-02-20 23:43:20,259] {processor.py:163} INFO - Started process (PID=5119) to work on /home/airflow/.local/lib/python3.7/site-packages/airflow/example_dags/example_latest_only.py
[2022-02-20 23:43:20,267] {processor.py:642} INFO - Processing file /home/airflow/.local/lib/python3.7/site-packages/airflow/example_dags/example_latest_only.py for tasks to queue
[2022-02-20 23:43:20,270] {logging_mixin.py:109} INFO - [2022-02-20 23:43:20,270] {dagbag.py:500} INFO - Filling up the DagBag from /home/airflow/.local/lib/python3.7/site-packages/airflow/example_dags/example_latest_only.py
[2022-02-20 23:43:20,341] {processor.py:654} INFO - DAG(s) dict_keys(['latest_only']) retrieved from /home/airflow/.local/lib/python3.7/site-packages/airflow/example_dags/example_latest_only.py
[2022-02-20 23:43:20,386] {logging_mixin.py:109} INFO - [2022-02-20 23:43:20,386] {dag.py:2396} INFO - Sync 1 DAGs
[2022-02-20 23:43:20,446] {logging_mixin.py:109} INFO - [2022-02-20 23:43:20,446] {dag.py:2935} INFO - Setting next_dagrun for latest_only to 2022-02-20T19:43:20.444482+00:00
[2022-02-20 23:43:20,479] {processor.py:171} INFO - Processing /home/airflow/.local/lib/python3.7/site-packages/airflow/example_dags/example_latest_only.py took 0.229 seconds
[2022-02-20 23:43:50,618] {processor.py:163} INFO - Started process (PID=5200) to work on /home/airflow/.local/lib/python3.7/site-packages/airflow/example_dags/example_latest_only.py
[2022-02-20 23:43:50,625] {processor.py:642} INFO - Processing file /home/airflow/.local/lib/python3.7/site-packages/airflow/example_dags/example_latest_only.py for tasks to queue
[2022-02-20 23:43:50,630] {logging_mixin.py:109} INFO - [2022-02-20 23:43:50,629] {dagbag.py:500} INFO - Filling up the DagBag from /home/airflow/.local/lib/python3.7/site-packages/airflow/example_dags/example_latest_only.py
[2022-02-20 23:43:50,703] {processor.py:654} INFO - DAG(s) dict_keys(['latest_only']) retrieved from /home/airflow/.local/lib/python3.7/site-packages/airflow/example_dags/example_latest_only.py
[2022-02-20 23:43:50,747] {logging_mixin.py:109} INFO - [2022-02-20 23:43:50,747] {dag.py:2396} INFO - Sync 1 DAGs
[2022-02-20 23:43:50,809] {logging_mixin.py:109} INFO - [2022-02-20 23:43:50,808] {dag.py:2935} INFO - Setting next_dagrun for latest_only to 2022-02-20T19:43:50.806858+00:00
[2022-02-20 23:43:50,844] {processor.py:171} INFO - Processing /home/airflow/.local/lib/python3.7/site-packages/airflow/example_dags/example_latest_only.py took 0.237 seconds
[2022-02-20 23:44:21,324] {processor.py:163} INFO - Started process (PID=5293) to work on /home/airflow/.local/lib/python3.7/site-packages/airflow/example_dags/example_latest_only.py
[2022-02-20 23:44:21,330] {processor.py:642} INFO - Processing file /home/airflow/.local/lib/python3.7/site-packages/airflow/example_dags/example_latest_only.py for tasks to queue
[2022-02-20 23:44:21,336] {logging_mixin.py:109} INFO - [2022-02-20 23:44:21,336] {dagbag.py:500} INFO - Filling up the DagBag from /home/airflow/.local/lib/python3.7/site-packages/airflow/example_dags/example_latest_only.py
[2022-02-20 23:44:21,487] {processor.py:654} INFO - DAG(s) dict_keys(['latest_only']) retrieved from /home/airflow/.local/lib/python3.7/site-packages/airflow/example_dags/example_latest_only.py
[2022-02-20 23:44:21,584] {logging_mixin.py:109} INFO - [2022-02-20 23:44:21,584] {dag.py:2396} INFO - Sync 1 DAGs
[2022-02-20 23:44:21,712] {logging_mixin.py:109} INFO - [2022-02-20 23:44:21,711] {dag.py:2935} INFO - Setting next_dagrun for latest_only to 2022-02-20T19:44:21.709585+00:00
[2022-02-20 23:44:21,757] {processor.py:171} INFO - Processing /home/airflow/.local/lib/python3.7/site-packages/airflow/example_dags/example_latest_only.py took 0.442 seconds
[2022-02-20 23:44:51,955] {processor.py:163} INFO - Started process (PID=5380) to work on /home/airflow/.local/lib/python3.7/site-packages/airflow/example_dags/example_latest_only.py
[2022-02-20 23:44:51,960] {processor.py:642} INFO - Processing file /home/airflow/.local/lib/python3.7/site-packages/airflow/example_dags/example_latest_only.py for tasks to queue
[2022-02-20 23:44:51,963] {logging_mixin.py:109} INFO - [2022-02-20 23:44:51,963] {dagbag.py:500} INFO - Filling up the DagBag from /home/airflow/.local/lib/python3.7/site-packages/airflow/example_dags/example_latest_only.py
[2022-02-20 23:44:52,033] {processor.py:654} INFO - DAG(s) dict_keys(['latest_only']) retrieved from /home/airflow/.local/lib/python3.7/site-packages/airflow/example_dags/example_latest_only.py
[2022-02-20 23:44:52,080] {logging_mixin.py:109} INFO - [2022-02-20 23:44:52,080] {dag.py:2396} INFO - Sync 1 DAGs
[2022-02-20 23:44:52,138] {logging_mixin.py:109} INFO - [2022-02-20 23:44:52,138] {dag.py:2935} INFO - Setting next_dagrun for latest_only to 2022-02-20T19:44:52.136055+00:00
[2022-02-20 23:44:52,167] {processor.py:171} INFO - Processing /home/airflow/.local/lib/python3.7/site-packages/airflow/example_dags/example_latest_only.py took 0.221 seconds
[2022-02-20 23:45:22,321] {processor.py:163} INFO - Started process (PID=5475) to work on /home/airflow/.local/lib/python3.7/site-packages/airflow/example_dags/example_latest_only.py
[2022-02-20 23:45:22,325] {processor.py:642} INFO - Processing file /home/airflow/.local/lib/python3.7/site-packages/airflow/example_dags/example_latest_only.py for tasks to queue
[2022-02-20 23:45:22,328] {logging_mixin.py:109} INFO - [2022-02-20 23:45:22,328] {dagbag.py:500} INFO - Filling up the DagBag from /home/airflow/.local/lib/python3.7/site-packages/airflow/example_dags/example_latest_only.py
[2022-02-20 23:45:22,394] {processor.py:654} INFO - DAG(s) dict_keys(['latest_only']) retrieved from /home/airflow/.local/lib/python3.7/site-packages/airflow/example_dags/example_latest_only.py
[2022-02-20 23:45:22,440] {logging_mixin.py:109} INFO - [2022-02-20 23:45:22,439] {dag.py:2396} INFO - Sync 1 DAGs
[2022-02-20 23:45:22,502] {logging_mixin.py:109} INFO - [2022-02-20 23:45:22,502] {dag.py:2935} INFO - Setting next_dagrun for latest_only to 2022-02-20T19:45:22.500344+00:00
[2022-02-20 23:45:22,533] {processor.py:171} INFO - Processing /home/airflow/.local/lib/python3.7/site-packages/airflow/example_dags/example_latest_only.py took 0.219 seconds
[2022-02-20 23:45:52,935] {processor.py:163} INFO - Started process (PID=5552) to work on /home/airflow/.local/lib/python3.7/site-packages/airflow/example_dags/example_latest_only.py
[2022-02-20 23:45:52,938] {processor.py:642} INFO - Processing file /home/airflow/.local/lib/python3.7/site-packages/airflow/example_dags/example_latest_only.py for tasks to queue
[2022-02-20 23:45:52,941] {logging_mixin.py:109} INFO - [2022-02-20 23:45:52,941] {dagbag.py:500} INFO - Filling up the DagBag from /home/airflow/.local/lib/python3.7/site-packages/airflow/example_dags/example_latest_only.py
[2022-02-20 23:45:52,998] {processor.py:654} INFO - DAG(s) dict_keys(['latest_only']) retrieved from /home/airflow/.local/lib/python3.7/site-packages/airflow/example_dags/example_latest_only.py
[2022-02-20 23:45:53,031] {logging_mixin.py:109} INFO - [2022-02-20 23:45:53,031] {dag.py:2396} INFO - Sync 1 DAGs
[2022-02-20 23:45:53,082] {logging_mixin.py:109} INFO - [2022-02-20 23:45:53,081] {dag.py:2935} INFO - Setting next_dagrun for latest_only to 2022-02-20T19:45:53.080049+00:00
[2022-02-20 23:45:53,108] {processor.py:171} INFO - Processing /home/airflow/.local/lib/python3.7/site-packages/airflow/example_dags/example_latest_only.py took 0.180 seconds
[2022-02-20 23:46:23,560] {processor.py:163} INFO - Started process (PID=5653) to work on /home/airflow/.local/lib/python3.7/site-packages/airflow/example_dags/example_latest_only.py
[2022-02-20 23:46:23,565] {processor.py:642} INFO - Processing file /home/airflow/.local/lib/python3.7/site-packages/airflow/example_dags/example_latest_only.py for tasks to queue
[2022-02-20 23:46:23,570] {logging_mixin.py:109} INFO - [2022-02-20 23:46:23,569] {dagbag.py:500} INFO - Filling up the DagBag from /home/airflow/.local/lib/python3.7/site-packages/airflow/example_dags/example_latest_only.py
[2022-02-20 23:46:23,650] {processor.py:654} INFO - DAG(s) dict_keys(['latest_only']) retrieved from /home/airflow/.local/lib/python3.7/site-packages/airflow/example_dags/example_latest_only.py
[2022-02-20 23:46:23,694] {logging_mixin.py:109} INFO - [2022-02-20 23:46:23,694] {dag.py:2396} INFO - Sync 1 DAGs
[2022-02-20 23:46:23,761] {logging_mixin.py:109} INFO - [2022-02-20 23:46:23,761] {dag.py:2935} INFO - Setting next_dagrun for latest_only to 2022-02-20T19:46:23.758963+00:00
[2022-02-20 23:46:23,799] {processor.py:171} INFO - Processing /home/airflow/.local/lib/python3.7/site-packages/airflow/example_dags/example_latest_only.py took 0.247 seconds
[2022-02-20 23:46:53,930] {processor.py:163} INFO - Started process (PID=5734) to work on /home/airflow/.local/lib/python3.7/site-packages/airflow/example_dags/example_latest_only.py
[2022-02-20 23:46:53,934] {processor.py:642} INFO - Processing file /home/airflow/.local/lib/python3.7/site-packages/airflow/example_dags/example_latest_only.py for tasks to queue
[2022-02-20 23:46:53,936] {logging_mixin.py:109} INFO - [2022-02-20 23:46:53,936] {dagbag.py:500} INFO - Filling up the DagBag from /home/airflow/.local/lib/python3.7/site-packages/airflow/example_dags/example_latest_only.py
[2022-02-20 23:46:54,001] {processor.py:654} INFO - DAG(s) dict_keys(['latest_only']) retrieved from /home/airflow/.local/lib/python3.7/site-packages/airflow/example_dags/example_latest_only.py
[2022-02-20 23:46:54,043] {logging_mixin.py:109} INFO - [2022-02-20 23:46:54,043] {dag.py:2396} INFO - Sync 1 DAGs
[2022-02-20 23:46:54,102] {logging_mixin.py:109} INFO - [2022-02-20 23:46:54,102] {dag.py:2935} INFO - Setting next_dagrun for latest_only to 2022-02-20T19:46:54.100445+00:00
[2022-02-20 23:46:54,136] {processor.py:171} INFO - Processing /home/airflow/.local/lib/python3.7/site-packages/airflow/example_dags/example_latest_only.py took 0.213 seconds
[2022-02-20 23:47:24,367] {processor.py:163} INFO - Started process (PID=5828) to work on /home/airflow/.local/lib/python3.7/site-packages/airflow/example_dags/example_latest_only.py
[2022-02-20 23:47:24,372] {processor.py:642} INFO - Processing file /home/airflow/.local/lib/python3.7/site-packages/airflow/example_dags/example_latest_only.py for tasks to queue
[2022-02-20 23:47:24,375] {logging_mixin.py:109} INFO - [2022-02-20 23:47:24,375] {dagbag.py:500} INFO - Filling up the DagBag from /home/airflow/.local/lib/python3.7/site-packages/airflow/example_dags/example_latest_only.py
[2022-02-20 23:47:24,456] {processor.py:654} INFO - DAG(s) dict_keys(['latest_only']) retrieved from /home/airflow/.local/lib/python3.7/site-packages/airflow/example_dags/example_latest_only.py
[2022-02-20 23:47:24,498] {logging_mixin.py:109} INFO - [2022-02-20 23:47:24,497] {dag.py:2396} INFO - Sync 1 DAGs
[2022-02-20 23:47:24,554] {logging_mixin.py:109} INFO - [2022-02-20 23:47:24,554] {dag.py:2935} INFO - Setting next_dagrun for latest_only to 2022-02-20T19:47:24.552337+00:00
[2022-02-20 23:47:24,587] {processor.py:171} INFO - Processing /home/airflow/.local/lib/python3.7/site-packages/airflow/example_dags/example_latest_only.py took 0.228 seconds
[2022-02-20 23:47:54,823] {processor.py:163} INFO - Started process (PID=5921) to work on /home/airflow/.local/lib/python3.7/site-packages/airflow/example_dags/example_latest_only.py
[2022-02-20 23:47:54,828] {processor.py:642} INFO - Processing file /home/airflow/.local/lib/python3.7/site-packages/airflow/example_dags/example_latest_only.py for tasks to queue
[2022-02-20 23:47:54,832] {logging_mixin.py:109} INFO - [2022-02-20 23:47:54,832] {dagbag.py:500} INFO - Filling up the DagBag from /home/airflow/.local/lib/python3.7/site-packages/airflow/example_dags/example_latest_only.py
[2022-02-20 23:47:54,908] {processor.py:654} INFO - DAG(s) dict_keys(['latest_only']) retrieved from /home/airflow/.local/lib/python3.7/site-packages/airflow/example_dags/example_latest_only.py
[2022-02-20 23:47:54,950] {logging_mixin.py:109} INFO - [2022-02-20 23:47:54,950] {dag.py:2396} INFO - Sync 1 DAGs
[2022-02-20 23:47:55,010] {logging_mixin.py:109} INFO - [2022-02-20 23:47:55,010] {dag.py:2935} INFO - Setting next_dagrun for latest_only to 2022-02-20T19:47:55.008416+00:00
[2022-02-20 23:47:55,043] {processor.py:171} INFO - Processing /home/airflow/.local/lib/python3.7/site-packages/airflow/example_dags/example_latest_only.py took 0.229 seconds
[2022-02-20 23:48:25,643] {processor.py:163} INFO - Started process (PID=6008) to work on /home/airflow/.local/lib/python3.7/site-packages/airflow/example_dags/example_latest_only.py
[2022-02-20 23:48:25,647] {processor.py:642} INFO - Processing file /home/airflow/.local/lib/python3.7/site-packages/airflow/example_dags/example_latest_only.py for tasks to queue
[2022-02-20 23:48:25,651] {logging_mixin.py:109} INFO - [2022-02-20 23:48:25,650] {dagbag.py:500} INFO - Filling up the DagBag from /home/airflow/.local/lib/python3.7/site-packages/airflow/example_dags/example_latest_only.py
[2022-02-20 23:48:25,724] {processor.py:654} INFO - DAG(s) dict_keys(['latest_only']) retrieved from /home/airflow/.local/lib/python3.7/site-packages/airflow/example_dags/example_latest_only.py
[2022-02-20 23:48:25,768] {logging_mixin.py:109} INFO - [2022-02-20 23:48:25,768] {dag.py:2396} INFO - Sync 1 DAGs
[2022-02-20 23:48:25,830] {logging_mixin.py:109} INFO - [2022-02-20 23:48:25,830] {dag.py:2935} INFO - Setting next_dagrun for latest_only to 2022-02-20T19:48:25.828428+00:00
[2022-02-20 23:48:25,862] {processor.py:171} INFO - Processing /home/airflow/.local/lib/python3.7/site-packages/airflow/example_dags/example_latest_only.py took 0.229 seconds
[2022-02-20 23:48:56,550] {processor.py:163} INFO - Started process (PID=6105) to work on /home/airflow/.local/lib/python3.7/site-packages/airflow/example_dags/example_latest_only.py
[2022-02-20 23:48:56,556] {processor.py:642} INFO - Processing file /home/airflow/.local/lib/python3.7/site-packages/airflow/example_dags/example_latest_only.py for tasks to queue
[2022-02-20 23:48:56,559] {logging_mixin.py:109} INFO - [2022-02-20 23:48:56,558] {dagbag.py:500} INFO - Filling up the DagBag from /home/airflow/.local/lib/python3.7/site-packages/airflow/example_dags/example_latest_only.py
[2022-02-20 23:48:56,632] {processor.py:654} INFO - DAG(s) dict_keys(['latest_only']) retrieved from /home/airflow/.local/lib/python3.7/site-packages/airflow/example_dags/example_latest_only.py
[2022-02-20 23:48:56,679] {logging_mixin.py:109} INFO - [2022-02-20 23:48:56,678] {dag.py:2396} INFO - Sync 1 DAGs
[2022-02-20 23:48:56,742] {logging_mixin.py:109} INFO - [2022-02-20 23:48:56,742] {dag.py:2935} INFO - Setting next_dagrun for latest_only to 2022-02-20T19:48:56.740505+00:00
[2022-02-20 23:48:56,775] {processor.py:171} INFO - Processing /home/airflow/.local/lib/python3.7/site-packages/airflow/example_dags/example_latest_only.py took 0.235 seconds
[2022-02-20 23:49:27,351] {processor.py:163} INFO - Started process (PID=6186) to work on /home/airflow/.local/lib/python3.7/site-packages/airflow/example_dags/example_latest_only.py
[2022-02-20 23:49:27,356] {processor.py:642} INFO - Processing file /home/airflow/.local/lib/python3.7/site-packages/airflow/example_dags/example_latest_only.py for tasks to queue
[2022-02-20 23:49:27,360] {logging_mixin.py:109} INFO - [2022-02-20 23:49:27,359] {dagbag.py:500} INFO - Filling up the DagBag from /home/airflow/.local/lib/python3.7/site-packages/airflow/example_dags/example_latest_only.py
[2022-02-20 23:49:27,433] {processor.py:654} INFO - DAG(s) dict_keys(['latest_only']) retrieved from /home/airflow/.local/lib/python3.7/site-packages/airflow/example_dags/example_latest_only.py
[2022-02-20 23:49:27,476] {logging_mixin.py:109} INFO - [2022-02-20 23:49:27,475] {dag.py:2396} INFO - Sync 1 DAGs
[2022-02-20 23:49:27,543] {logging_mixin.py:109} INFO - [2022-02-20 23:49:27,542] {dag.py:2935} INFO - Setting next_dagrun for latest_only to 2022-02-20T19:49:27.541157+00:00
[2022-02-20 23:49:27,580] {processor.py:171} INFO - Processing /home/airflow/.local/lib/python3.7/site-packages/airflow/example_dags/example_latest_only.py took 0.238 seconds
[2022-02-20 23:49:58,075] {processor.py:163} INFO - Started process (PID=6286) to work on /home/airflow/.local/lib/python3.7/site-packages/airflow/example_dags/example_latest_only.py
[2022-02-20 23:49:58,081] {processor.py:642} INFO - Processing file /home/airflow/.local/lib/python3.7/site-packages/airflow/example_dags/example_latest_only.py for tasks to queue
[2022-02-20 23:49:58,085] {logging_mixin.py:109} INFO - [2022-02-20 23:49:58,085] {dagbag.py:500} INFO - Filling up the DagBag from /home/airflow/.local/lib/python3.7/site-packages/airflow/example_dags/example_latest_only.py
[2022-02-20 23:49:58,159] {processor.py:654} INFO - DAG(s) dict_keys(['latest_only']) retrieved from /home/airflow/.local/lib/python3.7/site-packages/airflow/example_dags/example_latest_only.py
[2022-02-20 23:49:58,202] {logging_mixin.py:109} INFO - [2022-02-20 23:49:58,201] {dag.py:2396} INFO - Sync 1 DAGs
[2022-02-20 23:49:58,274] {logging_mixin.py:109} INFO - [2022-02-20 23:49:58,273] {dag.py:2935} INFO - Setting next_dagrun for latest_only to 2022-02-20T19:49:58.271728+00:00
[2022-02-20 23:49:58,312] {processor.py:171} INFO - Processing /home/airflow/.local/lib/python3.7/site-packages/airflow/example_dags/example_latest_only.py took 0.245 seconds
[2022-02-20 23:50:28,722] {processor.py:163} INFO - Started process (PID=6365) to work on /home/airflow/.local/lib/python3.7/site-packages/airflow/example_dags/example_latest_only.py
[2022-02-20 23:50:28,737] {processor.py:642} INFO - Processing file /home/airflow/.local/lib/python3.7/site-packages/airflow/example_dags/example_latest_only.py for tasks to queue
[2022-02-20 23:50:28,742] {logging_mixin.py:109} INFO - [2022-02-20 23:50:28,741] {dagbag.py:500} INFO - Filling up the DagBag from /home/airflow/.local/lib/python3.7/site-packages/airflow/example_dags/example_latest_only.py
[2022-02-20 23:50:28,841] {processor.py:654} INFO - DAG(s) dict_keys(['latest_only']) retrieved from /home/airflow/.local/lib/python3.7/site-packages/airflow/example_dags/example_latest_only.py
[2022-02-20 23:50:28,893] {logging_mixin.py:109} INFO - [2022-02-20 23:50:28,892] {dag.py:2396} INFO - Sync 1 DAGs
[2022-02-20 23:50:28,956] {logging_mixin.py:109} INFO - [2022-02-20 23:50:28,956] {dag.py:2935} INFO - Setting next_dagrun for latest_only to 2022-02-20T19:50:28.954294+00:00
[2022-02-20 23:50:28,992] {processor.py:171} INFO - Processing /home/airflow/.local/lib/python3.7/site-packages/airflow/example_dags/example_latest_only.py took 0.279 seconds
[2022-02-20 23:50:59,576] {processor.py:163} INFO - Started process (PID=6462) to work on /home/airflow/.local/lib/python3.7/site-packages/airflow/example_dags/example_latest_only.py
[2022-02-20 23:50:59,582] {processor.py:642} INFO - Processing file /home/airflow/.local/lib/python3.7/site-packages/airflow/example_dags/example_latest_only.py for tasks to queue
[2022-02-20 23:50:59,588] {logging_mixin.py:109} INFO - [2022-02-20 23:50:59,588] {dagbag.py:500} INFO - Filling up the DagBag from /home/airflow/.local/lib/python3.7/site-packages/airflow/example_dags/example_latest_only.py
[2022-02-20 23:50:59,725] {processor.py:654} INFO - DAG(s) dict_keys(['latest_only']) retrieved from /home/airflow/.local/lib/python3.7/site-packages/airflow/example_dags/example_latest_only.py
[2022-02-20 23:50:59,788] {logging_mixin.py:109} INFO - [2022-02-20 23:50:59,788] {dag.py:2396} INFO - Sync 1 DAGs
[2022-02-20 23:50:59,895] {logging_mixin.py:109} INFO - [2022-02-20 23:50:59,894] {dag.py:2935} INFO - Setting next_dagrun for latest_only to 2022-02-20T19:50:59.892607+00:00
[2022-02-20 23:50:59,944] {processor.py:171} INFO - Processing /home/airflow/.local/lib/python3.7/site-packages/airflow/example_dags/example_latest_only.py took 0.377 seconds
[2022-02-20 23:51:30,100] {processor.py:163} INFO - Started process (PID=6539) to work on /home/airflow/.local/lib/python3.7/site-packages/airflow/example_dags/example_latest_only.py
[2022-02-20 23:51:30,113] {processor.py:642} INFO - Processing file /home/airflow/.local/lib/python3.7/site-packages/airflow/example_dags/example_latest_only.py for tasks to queue
[2022-02-20 23:51:30,117] {logging_mixin.py:109} INFO - [2022-02-20 23:51:30,116] {dagbag.py:500} INFO - Filling up the DagBag from /home/airflow/.local/lib/python3.7/site-packages/airflow/example_dags/example_latest_only.py
[2022-02-20 23:51:30,191] {processor.py:654} INFO - DAG(s) dict_keys(['latest_only']) retrieved from /home/airflow/.local/lib/python3.7/site-packages/airflow/example_dags/example_latest_only.py
[2022-02-20 23:51:30,235] {logging_mixin.py:109} INFO - [2022-02-20 23:51:30,234] {dag.py:2396} INFO - Sync 1 DAGs
[2022-02-20 23:51:30,298] {logging_mixin.py:109} INFO - [2022-02-20 23:51:30,298] {dag.py:2935} INFO - Setting next_dagrun for latest_only to 2022-02-20T19:51:30.296101+00:00
[2022-02-20 23:51:30,331] {processor.py:171} INFO - Processing /home/airflow/.local/lib/python3.7/site-packages/airflow/example_dags/example_latest_only.py took 0.240 seconds
[2022-02-20 23:52:00,724] {processor.py:163} INFO - Started process (PID=6639) to work on /home/airflow/.local/lib/python3.7/site-packages/airflow/example_dags/example_latest_only.py
[2022-02-20 23:52:00,729] {processor.py:642} INFO - Processing file /home/airflow/.local/lib/python3.7/site-packages/airflow/example_dags/example_latest_only.py for tasks to queue
[2022-02-20 23:52:00,735] {logging_mixin.py:109} INFO - [2022-02-20 23:52:00,735] {dagbag.py:500} INFO - Filling up the DagBag from /home/airflow/.local/lib/python3.7/site-packages/airflow/example_dags/example_latest_only.py
[2022-02-20 23:52:00,807] {processor.py:654} INFO - DAG(s) dict_keys(['latest_only']) retrieved from /home/airflow/.local/lib/python3.7/site-packages/airflow/example_dags/example_latest_only.py
[2022-02-20 23:52:00,853] {logging_mixin.py:109} INFO - [2022-02-20 23:52:00,853] {dag.py:2396} INFO - Sync 1 DAGs
[2022-02-20 23:52:00,955] {logging_mixin.py:109} INFO - [2022-02-20 23:52:00,955] {dag.py:2935} INFO - Setting next_dagrun for latest_only to 2022-02-20T19:52:00.953410+00:00
[2022-02-20 23:52:01,016] {processor.py:171} INFO - Processing /home/airflow/.local/lib/python3.7/site-packages/airflow/example_dags/example_latest_only.py took 0.300 seconds
[2022-02-20 23:52:31,223] {processor.py:163} INFO - Started process (PID=6721) to work on /home/airflow/.local/lib/python3.7/site-packages/airflow/example_dags/example_latest_only.py
[2022-02-20 23:52:31,227] {processor.py:642} INFO - Processing file /home/airflow/.local/lib/python3.7/site-packages/airflow/example_dags/example_latest_only.py for tasks to queue
[2022-02-20 23:52:31,230] {logging_mixin.py:109} INFO - [2022-02-20 23:52:31,230] {dagbag.py:500} INFO - Filling up the DagBag from /home/airflow/.local/lib/python3.7/site-packages/airflow/example_dags/example_latest_only.py
[2022-02-20 23:52:31,291] {processor.py:654} INFO - DAG(s) dict_keys(['latest_only']) retrieved from /home/airflow/.local/lib/python3.7/site-packages/airflow/example_dags/example_latest_only.py
[2022-02-20 23:52:31,338] {logging_mixin.py:109} INFO - [2022-02-20 23:52:31,338] {dag.py:2396} INFO - Sync 1 DAGs
[2022-02-20 23:52:31,409] {logging_mixin.py:109} INFO - [2022-02-20 23:52:31,408] {dag.py:2935} INFO - Setting next_dagrun for latest_only to 2022-02-20T19:52:31.406954+00:00
[2022-02-20 23:52:31,437] {processor.py:171} INFO - Processing /home/airflow/.local/lib/python3.7/site-packages/airflow/example_dags/example_latest_only.py took 0.221 seconds
[2022-02-20 23:53:01,531] {processor.py:163} INFO - Started process (PID=6820) to work on /home/airflow/.local/lib/python3.7/site-packages/airflow/example_dags/example_latest_only.py
[2022-02-20 23:53:01,536] {processor.py:642} INFO - Processing file /home/airflow/.local/lib/python3.7/site-packages/airflow/example_dags/example_latest_only.py for tasks to queue
[2022-02-20 23:53:01,540] {logging_mixin.py:109} INFO - [2022-02-20 23:53:01,539] {dagbag.py:500} INFO - Filling up the DagBag from /home/airflow/.local/lib/python3.7/site-packages/airflow/example_dags/example_latest_only.py
[2022-02-20 23:53:01,605] {processor.py:654} INFO - DAG(s) dict_keys(['latest_only']) retrieved from /home/airflow/.local/lib/python3.7/site-packages/airflow/example_dags/example_latest_only.py
[2022-02-20 23:53:01,644] {logging_mixin.py:109} INFO - [2022-02-20 23:53:01,644] {dag.py:2396} INFO - Sync 1 DAGs
[2022-02-20 23:53:01,699] {logging_mixin.py:109} INFO - [2022-02-20 23:53:01,698] {dag.py:2935} INFO - Setting next_dagrun for latest_only to 2022-02-20T19:53:01.697310+00:00
[2022-02-20 23:53:01,729] {processor.py:171} INFO - Processing /home/airflow/.local/lib/python3.7/site-packages/airflow/example_dags/example_latest_only.py took 0.205 seconds
[2022-02-20 23:53:32,066] {processor.py:163} INFO - Started process (PID=6907) to work on /home/airflow/.local/lib/python3.7/site-packages/airflow/example_dags/example_latest_only.py
[2022-02-20 23:53:32,071] {processor.py:642} INFO - Processing file /home/airflow/.local/lib/python3.7/site-packages/airflow/example_dags/example_latest_only.py for tasks to queue
[2022-02-20 23:53:32,073] {logging_mixin.py:109} INFO - [2022-02-20 23:53:32,073] {dagbag.py:500} INFO - Filling up the DagBag from /home/airflow/.local/lib/python3.7/site-packages/airflow/example_dags/example_latest_only.py
[2022-02-20 23:53:32,130] {processor.py:654} INFO - DAG(s) dict_keys(['latest_only']) retrieved from /home/airflow/.local/lib/python3.7/site-packages/airflow/example_dags/example_latest_only.py
[2022-02-20 23:53:32,160] {logging_mixin.py:109} INFO - [2022-02-20 23:53:32,159] {dag.py:2396} INFO - Sync 1 DAGs
[2022-02-20 23:53:32,204] {logging_mixin.py:109} INFO - [2022-02-20 23:53:32,203] {dag.py:2935} INFO - Setting next_dagrun for latest_only to 2022-02-20T19:53:32.202186+00:00
[2022-02-20 23:53:32,226] {processor.py:171} INFO - Processing /home/airflow/.local/lib/python3.7/site-packages/airflow/example_dags/example_latest_only.py took 0.165 seconds
[2022-02-20 23:54:02,551] {processor.py:163} INFO - Started process (PID=7011) to work on /home/airflow/.local/lib/python3.7/site-packages/airflow/example_dags/example_latest_only.py
[2022-02-20 23:54:02,557] {processor.py:642} INFO - Processing file /home/airflow/.local/lib/python3.7/site-packages/airflow/example_dags/example_latest_only.py for tasks to queue
[2022-02-20 23:54:02,562] {logging_mixin.py:109} INFO - [2022-02-20 23:54:02,561] {dagbag.py:500} INFO - Filling up the DagBag from /home/airflow/.local/lib/python3.7/site-packages/airflow/example_dags/example_latest_only.py
[2022-02-20 23:54:02,645] {processor.py:654} INFO - DAG(s) dict_keys(['latest_only']) retrieved from /home/airflow/.local/lib/python3.7/site-packages/airflow/example_dags/example_latest_only.py
[2022-02-20 23:54:02,696] {logging_mixin.py:109} INFO - [2022-02-20 23:54:02,695] {dag.py:2396} INFO - Sync 1 DAGs
[2022-02-20 23:54:02,786] {logging_mixin.py:109} INFO - [2022-02-20 23:54:02,786] {dag.py:2935} INFO - Setting next_dagrun for latest_only to 2022-02-20T19:54:02.784410+00:00
[2022-02-20 23:54:02,853] {processor.py:171} INFO - Processing /home/airflow/.local/lib/python3.7/site-packages/airflow/example_dags/example_latest_only.py took 0.311 seconds
[2022-02-20 23:54:32,989] {processor.py:163} INFO - Started process (PID=7094) to work on /home/airflow/.local/lib/python3.7/site-packages/airflow/example_dags/example_latest_only.py
[2022-02-20 23:54:32,994] {processor.py:642} INFO - Processing file /home/airflow/.local/lib/python3.7/site-packages/airflow/example_dags/example_latest_only.py for tasks to queue
[2022-02-20 23:54:32,997] {logging_mixin.py:109} INFO - [2022-02-20 23:54:32,997] {dagbag.py:500} INFO - Filling up the DagBag from /home/airflow/.local/lib/python3.7/site-packages/airflow/example_dags/example_latest_only.py
[2022-02-20 23:54:33,061] {processor.py:654} INFO - DAG(s) dict_keys(['latest_only']) retrieved from /home/airflow/.local/lib/python3.7/site-packages/airflow/example_dags/example_latest_only.py
[2022-02-20 23:54:33,098] {logging_mixin.py:109} INFO - [2022-02-20 23:54:33,098] {dag.py:2396} INFO - Sync 1 DAGs
[2022-02-20 23:54:33,149] {logging_mixin.py:109} INFO - [2022-02-20 23:54:33,149] {dag.py:2935} INFO - Setting next_dagrun for latest_only to 2022-02-20T19:54:33.147659+00:00
[2022-02-20 23:54:33,177] {processor.py:171} INFO - Processing /home/airflow/.local/lib/python3.7/site-packages/airflow/example_dags/example_latest_only.py took 0.195 seconds
[2022-02-20 23:55:03,757] {processor.py:163} INFO - Started process (PID=7193) to work on /home/airflow/.local/lib/python3.7/site-packages/airflow/example_dags/example_latest_only.py
[2022-02-20 23:55:03,771] {processor.py:642} INFO - Processing file /home/airflow/.local/lib/python3.7/site-packages/airflow/example_dags/example_latest_only.py for tasks to queue
[2022-02-20 23:55:03,780] {logging_mixin.py:109} INFO - [2022-02-20 23:55:03,779] {dagbag.py:500} INFO - Filling up the DagBag from /home/airflow/.local/lib/python3.7/site-packages/airflow/example_dags/example_latest_only.py
[2022-02-20 23:55:03,953] {processor.py:654} INFO - DAG(s) dict_keys(['latest_only']) retrieved from /home/airflow/.local/lib/python3.7/site-packages/airflow/example_dags/example_latest_only.py
[2022-02-20 23:55:04,016] {logging_mixin.py:109} INFO - [2022-02-20 23:55:04,016] {dag.py:2396} INFO - Sync 1 DAGs
[2022-02-20 23:55:04,193] {logging_mixin.py:109} INFO - [2022-02-20 23:55:04,192] {dag.py:2935} INFO - Setting next_dagrun for latest_only to 2022-02-20T19:55:04.190335+00:00
[2022-02-20 23:55:04,262] {processor.py:171} INFO - Processing /home/airflow/.local/lib/python3.7/site-packages/airflow/example_dags/example_latest_only.py took 0.523 seconds
[2022-02-20 23:55:35,133] {processor.py:163} INFO - Started process (PID=7282) to work on /home/airflow/.local/lib/python3.7/site-packages/airflow/example_dags/example_latest_only.py
[2022-02-20 23:55:35,137] {processor.py:642} INFO - Processing file /home/airflow/.local/lib/python3.7/site-packages/airflow/example_dags/example_latest_only.py for tasks to queue
[2022-02-20 23:55:35,142] {logging_mixin.py:109} INFO - [2022-02-20 23:55:35,142] {dagbag.py:500} INFO - Filling up the DagBag from /home/airflow/.local/lib/python3.7/site-packages/airflow/example_dags/example_latest_only.py
[2022-02-20 23:55:35,216] {processor.py:654} INFO - DAG(s) dict_keys(['latest_only']) retrieved from /home/airflow/.local/lib/python3.7/site-packages/airflow/example_dags/example_latest_only.py
[2022-02-20 23:55:35,256] {logging_mixin.py:109} INFO - [2022-02-20 23:55:35,256] {dag.py:2396} INFO - Sync 1 DAGs
[2022-02-20 23:55:35,318] {logging_mixin.py:109} INFO - [2022-02-20 23:55:35,317] {dag.py:2935} INFO - Setting next_dagrun for latest_only to 2022-02-20T19:55:35.315668+00:00
[2022-02-20 23:55:35,352] {processor.py:171} INFO - Processing /home/airflow/.local/lib/python3.7/site-packages/airflow/example_dags/example_latest_only.py took 0.227 seconds
[2022-02-20 23:56:05,634] {processor.py:163} INFO - Started process (PID=7370) to work on /home/airflow/.local/lib/python3.7/site-packages/airflow/example_dags/example_latest_only.py
[2022-02-20 23:56:05,639] {processor.py:642} INFO - Processing file /home/airflow/.local/lib/python3.7/site-packages/airflow/example_dags/example_latest_only.py for tasks to queue
[2022-02-20 23:56:05,642] {logging_mixin.py:109} INFO - [2022-02-20 23:56:05,642] {dagbag.py:500} INFO - Filling up the DagBag from /home/airflow/.local/lib/python3.7/site-packages/airflow/example_dags/example_latest_only.py
[2022-02-20 23:56:05,716] {processor.py:654} INFO - DAG(s) dict_keys(['latest_only']) retrieved from /home/airflow/.local/lib/python3.7/site-packages/airflow/example_dags/example_latest_only.py
[2022-02-20 23:56:05,761] {logging_mixin.py:109} INFO - [2022-02-20 23:56:05,761] {dag.py:2396} INFO - Sync 1 DAGs
[2022-02-20 23:56:05,824] {logging_mixin.py:109} INFO - [2022-02-20 23:56:05,823] {dag.py:2935} INFO - Setting next_dagrun for latest_only to 2022-02-20T19:56:05.821853+00:00
[2022-02-20 23:56:05,855] {processor.py:171} INFO - Processing /home/airflow/.local/lib/python3.7/site-packages/airflow/example_dags/example_latest_only.py took 0.229 seconds
