[2022-02-20 23:15:35,503] {processor.py:163} INFO - Started process (PID=351) to work on /home/airflow/.local/lib/python3.7/site-packages/airflow/example_dags/example_task_group_decorator.py
[2022-02-20 23:15:35,508] {processor.py:642} INFO - Processing file /home/airflow/.local/lib/python3.7/site-packages/airflow/example_dags/example_task_group_decorator.py for tasks to queue
[2022-02-20 23:15:35,512] {logging_mixin.py:109} INFO - [2022-02-20 23:15:35,511] {dagbag.py:500} INFO - Filling up the DagBag from /home/airflow/.local/lib/python3.7/site-packages/airflow/example_dags/example_task_group_decorator.py
[2022-02-20 23:15:35,671] {processor.py:654} INFO - DAG(s) dict_keys(['example_task_group_decorator']) retrieved from /home/airflow/.local/lib/python3.7/site-packages/airflow/example_dags/example_task_group_decorator.py
[2022-02-20 23:15:47,638] {logging_mixin.py:109} INFO - [2022-02-20 23:15:47,638] {manager.py:496} INFO - Created Permission View: can read on DAG:example_task_group_decorator
[2022-02-20 23:15:47,670] {logging_mixin.py:109} INFO - [2022-02-20 23:15:47,669] {manager.py:496} INFO - Created Permission View: can edit on DAG:example_task_group_decorator
[2022-02-20 23:15:47,673] {logging_mixin.py:109} INFO - [2022-02-20 23:15:47,672] {dag.py:2396} INFO - Sync 1 DAGs
[2022-02-20 23:15:47,709] {logging_mixin.py:109} INFO - [2022-02-20 23:15:47,707] {dag.py:2415} INFO - Creating ORM DAG for example_task_group_decorator
[2022-02-20 23:15:47,744] {logging_mixin.py:109} INFO - [2022-02-20 23:15:47,744] {dag.py:2935} INFO - Setting next_dagrun for example_task_group_decorator to 2022-02-19T23:15:47.742227+00:00
[2022-02-20 23:15:47,793] {processor.py:171} INFO - Processing /home/airflow/.local/lib/python3.7/site-packages/airflow/example_dags/example_task_group_decorator.py took 12.297 seconds
[2022-02-20 23:17:48,162] {processor.py:163} INFO - Started process (PID=649) to work on /home/airflow/.local/lib/python3.7/site-packages/airflow/example_dags/example_task_group_decorator.py
[2022-02-20 23:17:48,167] {processor.py:642} INFO - Processing file /home/airflow/.local/lib/python3.7/site-packages/airflow/example_dags/example_task_group_decorator.py for tasks to queue
[2022-02-20 23:17:48,171] {logging_mixin.py:109} INFO - [2022-02-20 23:17:48,171] {dagbag.py:500} INFO - Filling up the DagBag from /home/airflow/.local/lib/python3.7/site-packages/airflow/example_dags/example_task_group_decorator.py
[2022-02-20 23:17:48,348] {processor.py:654} INFO - DAG(s) dict_keys(['example_task_group_decorator']) retrieved from /home/airflow/.local/lib/python3.7/site-packages/airflow/example_dags/example_task_group_decorator.py
[2022-02-20 23:17:49,488] {logging_mixin.py:109} INFO - [2022-02-20 23:17:49,487] {dag.py:2396} INFO - Sync 1 DAGs
[2022-02-20 23:17:49,560] {logging_mixin.py:109} INFO - [2022-02-20 23:17:49,559] {dag.py:2935} INFO - Setting next_dagrun for example_task_group_decorator to 2022-02-19T23:17:49.557363+00:00
[2022-02-20 23:17:49,606] {processor.py:171} INFO - Processing /home/airflow/.local/lib/python3.7/site-packages/airflow/example_dags/example_task_group_decorator.py took 1.452 seconds
[2022-02-20 23:18:19,824] {processor.py:163} INFO - Started process (PID=749) to work on /home/airflow/.local/lib/python3.7/site-packages/airflow/example_dags/example_task_group_decorator.py
[2022-02-20 23:18:19,829] {processor.py:642} INFO - Processing file /home/airflow/.local/lib/python3.7/site-packages/airflow/example_dags/example_task_group_decorator.py for tasks to queue
[2022-02-20 23:18:19,832] {logging_mixin.py:109} INFO - [2022-02-20 23:18:19,832] {dagbag.py:500} INFO - Filling up the DagBag from /home/airflow/.local/lib/python3.7/site-packages/airflow/example_dags/example_task_group_decorator.py
[2022-02-20 23:18:20,004] {processor.py:654} INFO - DAG(s) dict_keys(['example_task_group_decorator']) retrieved from /home/airflow/.local/lib/python3.7/site-packages/airflow/example_dags/example_task_group_decorator.py
[2022-02-20 23:18:21,257] {logging_mixin.py:109} INFO - [2022-02-20 23:18:21,256] {dag.py:2396} INFO - Sync 1 DAGs
[2022-02-20 23:18:21,328] {logging_mixin.py:109} INFO - [2022-02-20 23:18:21,328] {dag.py:2935} INFO - Setting next_dagrun for example_task_group_decorator to 2022-02-19T23:18:21.326462+00:00
[2022-02-20 23:18:21,369] {processor.py:171} INFO - Processing /home/airflow/.local/lib/python3.7/site-packages/airflow/example_dags/example_task_group_decorator.py took 1.554 seconds
[2022-02-20 23:18:52,062] {processor.py:163} INFO - Started process (PID=831) to work on /home/airflow/.local/lib/python3.7/site-packages/airflow/example_dags/example_task_group_decorator.py
[2022-02-20 23:18:52,067] {processor.py:642} INFO - Processing file /home/airflow/.local/lib/python3.7/site-packages/airflow/example_dags/example_task_group_decorator.py for tasks to queue
[2022-02-20 23:18:52,070] {logging_mixin.py:109} INFO - [2022-02-20 23:18:52,070] {dagbag.py:500} INFO - Filling up the DagBag from /home/airflow/.local/lib/python3.7/site-packages/airflow/example_dags/example_task_group_decorator.py
[2022-02-20 23:18:52,217] {processor.py:654} INFO - DAG(s) dict_keys(['example_task_group_decorator']) retrieved from /home/airflow/.local/lib/python3.7/site-packages/airflow/example_dags/example_task_group_decorator.py
[2022-02-20 23:18:53,152] {logging_mixin.py:109} INFO - [2022-02-20 23:18:53,152] {dag.py:2396} INFO - Sync 1 DAGs
[2022-02-20 23:18:53,212] {logging_mixin.py:109} INFO - [2022-02-20 23:18:53,211] {dag.py:2935} INFO - Setting next_dagrun for example_task_group_decorator to 2022-02-19T23:18:53.209878+00:00
[2022-02-20 23:18:53,254] {processor.py:171} INFO - Processing /home/airflow/.local/lib/python3.7/site-packages/airflow/example_dags/example_task_group_decorator.py took 1.200 seconds
[2022-02-20 23:19:23,479] {processor.py:163} INFO - Started process (PID=928) to work on /home/airflow/.local/lib/python3.7/site-packages/airflow/example_dags/example_task_group_decorator.py
[2022-02-20 23:19:23,485] {processor.py:642} INFO - Processing file /home/airflow/.local/lib/python3.7/site-packages/airflow/example_dags/example_task_group_decorator.py for tasks to queue
[2022-02-20 23:19:23,489] {logging_mixin.py:109} INFO - [2022-02-20 23:19:23,489] {dagbag.py:500} INFO - Filling up the DagBag from /home/airflow/.local/lib/python3.7/site-packages/airflow/example_dags/example_task_group_decorator.py
[2022-02-20 23:19:23,655] {processor.py:654} INFO - DAG(s) dict_keys(['example_task_group_decorator']) retrieved from /home/airflow/.local/lib/python3.7/site-packages/airflow/example_dags/example_task_group_decorator.py
[2022-02-20 23:19:24,698] {logging_mixin.py:109} INFO - [2022-02-20 23:19:24,697] {dag.py:2396} INFO - Sync 1 DAGs
[2022-02-20 23:19:24,762] {logging_mixin.py:109} INFO - [2022-02-20 23:19:24,761] {dag.py:2935} INFO - Setting next_dagrun for example_task_group_decorator to 2022-02-19T23:19:24.759066+00:00
[2022-02-20 23:19:24,806] {processor.py:171} INFO - Processing /home/airflow/.local/lib/python3.7/site-packages/airflow/example_dags/example_task_group_decorator.py took 1.336 seconds
[2022-02-20 23:19:54,954] {processor.py:163} INFO - Started process (PID=1019) to work on /home/airflow/.local/lib/python3.7/site-packages/airflow/example_dags/example_task_group_decorator.py
[2022-02-20 23:19:54,962] {processor.py:642} INFO - Processing file /home/airflow/.local/lib/python3.7/site-packages/airflow/example_dags/example_task_group_decorator.py for tasks to queue
[2022-02-20 23:19:54,967] {logging_mixin.py:109} INFO - [2022-02-20 23:19:54,966] {dagbag.py:500} INFO - Filling up the DagBag from /home/airflow/.local/lib/python3.7/site-packages/airflow/example_dags/example_task_group_decorator.py
[2022-02-20 23:19:55,167] {processor.py:654} INFO - DAG(s) dict_keys(['example_task_group_decorator']) retrieved from /home/airflow/.local/lib/python3.7/site-packages/airflow/example_dags/example_task_group_decorator.py
[2022-02-20 23:19:56,394] {logging_mixin.py:109} INFO - [2022-02-20 23:19:56,393] {dag.py:2396} INFO - Sync 1 DAGs
[2022-02-20 23:19:56,455] {logging_mixin.py:109} INFO - [2022-02-20 23:19:56,454] {dag.py:2935} INFO - Setting next_dagrun for example_task_group_decorator to 2022-02-19T23:19:56.452393+00:00
[2022-02-20 23:19:56,501] {processor.py:171} INFO - Processing /home/airflow/.local/lib/python3.7/site-packages/airflow/example_dags/example_task_group_decorator.py took 1.558 seconds
[2022-02-20 23:20:26,602] {processor.py:163} INFO - Started process (PID=1105) to work on /home/airflow/.local/lib/python3.7/site-packages/airflow/example_dags/example_task_group_decorator.py
[2022-02-20 23:20:26,609] {processor.py:642} INFO - Processing file /home/airflow/.local/lib/python3.7/site-packages/airflow/example_dags/example_task_group_decorator.py for tasks to queue
[2022-02-20 23:20:26,614] {logging_mixin.py:109} INFO - [2022-02-20 23:20:26,613] {dagbag.py:500} INFO - Filling up the DagBag from /home/airflow/.local/lib/python3.7/site-packages/airflow/example_dags/example_task_group_decorator.py
[2022-02-20 23:20:26,816] {processor.py:654} INFO - DAG(s) dict_keys(['example_task_group_decorator']) retrieved from /home/airflow/.local/lib/python3.7/site-packages/airflow/example_dags/example_task_group_decorator.py
[2022-02-20 23:20:28,264] {logging_mixin.py:109} INFO - [2022-02-20 23:20:28,264] {dag.py:2396} INFO - Sync 1 DAGs
[2022-02-20 23:20:28,382] {logging_mixin.py:109} INFO - [2022-02-20 23:20:28,382] {dag.py:2935} INFO - Setting next_dagrun for example_task_group_decorator to 2022-02-19T23:20:28.380062+00:00
[2022-02-20 23:20:28,435] {processor.py:171} INFO - Processing /home/airflow/.local/lib/python3.7/site-packages/airflow/example_dags/example_task_group_decorator.py took 1.843 seconds
[2022-02-20 23:20:58,968] {processor.py:163} INFO - Started process (PID=1203) to work on /home/airflow/.local/lib/python3.7/site-packages/airflow/example_dags/example_task_group_decorator.py
[2022-02-20 23:20:58,978] {processor.py:642} INFO - Processing file /home/airflow/.local/lib/python3.7/site-packages/airflow/example_dags/example_task_group_decorator.py for tasks to queue
[2022-02-20 23:20:58,987] {logging_mixin.py:109} INFO - [2022-02-20 23:20:58,984] {dagbag.py:500} INFO - Filling up the DagBag from /home/airflow/.local/lib/python3.7/site-packages/airflow/example_dags/example_task_group_decorator.py
[2022-02-20 23:20:59,219] {processor.py:654} INFO - DAG(s) dict_keys(['example_task_group_decorator']) retrieved from /home/airflow/.local/lib/python3.7/site-packages/airflow/example_dags/example_task_group_decorator.py
[2022-02-20 23:21:00,714] {logging_mixin.py:109} INFO - [2022-02-20 23:21:00,713] {dag.py:2396} INFO - Sync 1 DAGs
[2022-02-20 23:21:00,784] {logging_mixin.py:109} INFO - [2022-02-20 23:21:00,783] {dag.py:2935} INFO - Setting next_dagrun for example_task_group_decorator to 2022-02-19T23:21:00.781874+00:00
[2022-02-20 23:21:00,842] {processor.py:171} INFO - Processing /home/airflow/.local/lib/python3.7/site-packages/airflow/example_dags/example_task_group_decorator.py took 1.897 seconds
[2022-02-20 23:21:31,023] {processor.py:163} INFO - Started process (PID=1283) to work on /home/airflow/.local/lib/python3.7/site-packages/airflow/example_dags/example_task_group_decorator.py
[2022-02-20 23:21:31,028] {processor.py:642} INFO - Processing file /home/airflow/.local/lib/python3.7/site-packages/airflow/example_dags/example_task_group_decorator.py for tasks to queue
[2022-02-20 23:21:31,033] {logging_mixin.py:109} INFO - [2022-02-20 23:21:31,032] {dagbag.py:500} INFO - Filling up the DagBag from /home/airflow/.local/lib/python3.7/site-packages/airflow/example_dags/example_task_group_decorator.py
[2022-02-20 23:21:31,202] {processor.py:654} INFO - DAG(s) dict_keys(['example_task_group_decorator']) retrieved from /home/airflow/.local/lib/python3.7/site-packages/airflow/example_dags/example_task_group_decorator.py
[2022-02-20 23:21:32,310] {logging_mixin.py:109} INFO - [2022-02-20 23:21:32,310] {dag.py:2396} INFO - Sync 1 DAGs
[2022-02-20 23:21:32,380] {logging_mixin.py:109} INFO - [2022-02-20 23:21:32,379] {dag.py:2935} INFO - Setting next_dagrun for example_task_group_decorator to 2022-02-19T23:21:32.377083+00:00
[2022-02-20 23:21:32,423] {processor.py:171} INFO - Processing /home/airflow/.local/lib/python3.7/site-packages/airflow/example_dags/example_task_group_decorator.py took 1.408 seconds
[2022-02-20 23:22:02,855] {processor.py:163} INFO - Started process (PID=1382) to work on /home/airflow/.local/lib/python3.7/site-packages/airflow/example_dags/example_task_group_decorator.py
[2022-02-20 23:22:02,861] {processor.py:642} INFO - Processing file /home/airflow/.local/lib/python3.7/site-packages/airflow/example_dags/example_task_group_decorator.py for tasks to queue
[2022-02-20 23:22:02,864] {logging_mixin.py:109} INFO - [2022-02-20 23:22:02,863] {dagbag.py:500} INFO - Filling up the DagBag from /home/airflow/.local/lib/python3.7/site-packages/airflow/example_dags/example_task_group_decorator.py
[2022-02-20 23:22:03,030] {processor.py:654} INFO - DAG(s) dict_keys(['example_task_group_decorator']) retrieved from /home/airflow/.local/lib/python3.7/site-packages/airflow/example_dags/example_task_group_decorator.py
[2022-02-20 23:22:04,136] {logging_mixin.py:109} INFO - [2022-02-20 23:22:04,135] {dag.py:2396} INFO - Sync 1 DAGs
[2022-02-20 23:22:04,218] {logging_mixin.py:109} INFO - [2022-02-20 23:22:04,217] {dag.py:2935} INFO - Setting next_dagrun for example_task_group_decorator to 2022-02-19T23:22:04.215638+00:00
[2022-02-20 23:22:04,257] {processor.py:171} INFO - Processing /home/airflow/.local/lib/python3.7/site-packages/airflow/example_dags/example_task_group_decorator.py took 1.410 seconds
[2022-02-20 23:22:35,168] {processor.py:163} INFO - Started process (PID=1480) to work on /home/airflow/.local/lib/python3.7/site-packages/airflow/example_dags/example_task_group_decorator.py
[2022-02-20 23:22:35,172] {processor.py:642} INFO - Processing file /home/airflow/.local/lib/python3.7/site-packages/airflow/example_dags/example_task_group_decorator.py for tasks to queue
[2022-02-20 23:22:35,176] {logging_mixin.py:109} INFO - [2022-02-20 23:22:35,176] {dagbag.py:500} INFO - Filling up the DagBag from /home/airflow/.local/lib/python3.7/site-packages/airflow/example_dags/example_task_group_decorator.py
[2022-02-20 23:22:35,350] {processor.py:654} INFO - DAG(s) dict_keys(['example_task_group_decorator']) retrieved from /home/airflow/.local/lib/python3.7/site-packages/airflow/example_dags/example_task_group_decorator.py
[2022-02-20 23:22:36,456] {logging_mixin.py:109} INFO - [2022-02-20 23:22:36,455] {dag.py:2396} INFO - Sync 1 DAGs
[2022-02-20 23:22:36,536] {logging_mixin.py:109} INFO - [2022-02-20 23:22:36,535] {dag.py:2935} INFO - Setting next_dagrun for example_task_group_decorator to 2022-02-19T23:22:36.533653+00:00
[2022-02-20 23:22:36,604] {processor.py:171} INFO - Processing /home/airflow/.local/lib/python3.7/site-packages/airflow/example_dags/example_task_group_decorator.py took 1.444 seconds
[2022-02-20 23:23:06,776] {processor.py:163} INFO - Started process (PID=1563) to work on /home/airflow/.local/lib/python3.7/site-packages/airflow/example_dags/example_task_group_decorator.py
[2022-02-20 23:23:06,781] {processor.py:642} INFO - Processing file /home/airflow/.local/lib/python3.7/site-packages/airflow/example_dags/example_task_group_decorator.py for tasks to queue
[2022-02-20 23:23:06,785] {logging_mixin.py:109} INFO - [2022-02-20 23:23:06,784] {dagbag.py:500} INFO - Filling up the DagBag from /home/airflow/.local/lib/python3.7/site-packages/airflow/example_dags/example_task_group_decorator.py
[2022-02-20 23:23:06,957] {processor.py:654} INFO - DAG(s) dict_keys(['example_task_group_decorator']) retrieved from /home/airflow/.local/lib/python3.7/site-packages/airflow/example_dags/example_task_group_decorator.py
[2022-02-20 23:23:08,118] {logging_mixin.py:109} INFO - [2022-02-20 23:23:08,117] {dag.py:2396} INFO - Sync 1 DAGs
[2022-02-20 23:23:08,178] {logging_mixin.py:109} INFO - [2022-02-20 23:23:08,177] {dag.py:2935} INFO - Setting next_dagrun for example_task_group_decorator to 2022-02-19T23:23:08.175594+00:00
[2022-02-20 23:23:08,222] {processor.py:171} INFO - Processing /home/airflow/.local/lib/python3.7/site-packages/airflow/example_dags/example_task_group_decorator.py took 1.456 seconds
[2022-02-20 23:23:38,552] {processor.py:163} INFO - Started process (PID=1661) to work on /home/airflow/.local/lib/python3.7/site-packages/airflow/example_dags/example_task_group_decorator.py
[2022-02-20 23:23:38,556] {processor.py:642} INFO - Processing file /home/airflow/.local/lib/python3.7/site-packages/airflow/example_dags/example_task_group_decorator.py for tasks to queue
[2022-02-20 23:23:38,560] {logging_mixin.py:109} INFO - [2022-02-20 23:23:38,559] {dagbag.py:500} INFO - Filling up the DagBag from /home/airflow/.local/lib/python3.7/site-packages/airflow/example_dags/example_task_group_decorator.py
[2022-02-20 23:23:38,728] {processor.py:654} INFO - DAG(s) dict_keys(['example_task_group_decorator']) retrieved from /home/airflow/.local/lib/python3.7/site-packages/airflow/example_dags/example_task_group_decorator.py
[2022-02-20 23:23:39,826] {logging_mixin.py:109} INFO - [2022-02-20 23:23:39,825] {dag.py:2396} INFO - Sync 1 DAGs
[2022-02-20 23:23:39,892] {logging_mixin.py:109} INFO - [2022-02-20 23:23:39,891] {dag.py:2935} INFO - Setting next_dagrun for example_task_group_decorator to 2022-02-19T23:23:39.889485+00:00
[2022-02-20 23:23:39,932] {processor.py:171} INFO - Processing /home/airflow/.local/lib/python3.7/site-packages/airflow/example_dags/example_task_group_decorator.py took 1.388 seconds
[2022-02-20 23:24:09,986] {processor.py:163} INFO - Started process (PID=1742) to work on /home/airflow/.local/lib/python3.7/site-packages/airflow/example_dags/example_task_group_decorator.py
[2022-02-20 23:24:09,990] {processor.py:642} INFO - Processing file /home/airflow/.local/lib/python3.7/site-packages/airflow/example_dags/example_task_group_decorator.py for tasks to queue
[2022-02-20 23:24:09,993] {logging_mixin.py:109} INFO - [2022-02-20 23:24:09,992] {dagbag.py:500} INFO - Filling up the DagBag from /home/airflow/.local/lib/python3.7/site-packages/airflow/example_dags/example_task_group_decorator.py
[2022-02-20 23:24:10,138] {processor.py:654} INFO - DAG(s) dict_keys(['example_task_group_decorator']) retrieved from /home/airflow/.local/lib/python3.7/site-packages/airflow/example_dags/example_task_group_decorator.py
[2022-02-20 23:24:11,036] {logging_mixin.py:109} INFO - [2022-02-20 23:24:11,035] {dag.py:2396} INFO - Sync 1 DAGs
[2022-02-20 23:24:11,091] {logging_mixin.py:109} INFO - [2022-02-20 23:24:11,090] {dag.py:2935} INFO - Setting next_dagrun for example_task_group_decorator to 2022-02-19T23:24:11.088871+00:00
[2022-02-20 23:24:11,154] {processor.py:171} INFO - Processing /home/airflow/.local/lib/python3.7/site-packages/airflow/example_dags/example_task_group_decorator.py took 1.176 seconds
[2022-02-20 23:24:41,530] {processor.py:163} INFO - Started process (PID=1840) to work on /home/airflow/.local/lib/python3.7/site-packages/airflow/example_dags/example_task_group_decorator.py
[2022-02-20 23:24:41,535] {processor.py:642} INFO - Processing file /home/airflow/.local/lib/python3.7/site-packages/airflow/example_dags/example_task_group_decorator.py for tasks to queue
[2022-02-20 23:24:41,539] {logging_mixin.py:109} INFO - [2022-02-20 23:24:41,538] {dagbag.py:500} INFO - Filling up the DagBag from /home/airflow/.local/lib/python3.7/site-packages/airflow/example_dags/example_task_group_decorator.py
[2022-02-20 23:24:41,746] {processor.py:654} INFO - DAG(s) dict_keys(['example_task_group_decorator']) retrieved from /home/airflow/.local/lib/python3.7/site-packages/airflow/example_dags/example_task_group_decorator.py
[2022-02-20 23:24:42,808] {logging_mixin.py:109} INFO - [2022-02-20 23:24:42,808] {dag.py:2396} INFO - Sync 1 DAGs
[2022-02-20 23:24:42,878] {logging_mixin.py:109} INFO - [2022-02-20 23:24:42,877] {dag.py:2935} INFO - Setting next_dagrun for example_task_group_decorator to 2022-02-19T23:24:42.875540+00:00
[2022-02-20 23:24:42,924] {processor.py:171} INFO - Processing /home/airflow/.local/lib/python3.7/site-packages/airflow/example_dags/example_task_group_decorator.py took 1.405 seconds
[2022-02-20 23:25:13,591] {processor.py:163} INFO - Started process (PID=1931) to work on /home/airflow/.local/lib/python3.7/site-packages/airflow/example_dags/example_task_group_decorator.py
[2022-02-20 23:25:13,599] {processor.py:642} INFO - Processing file /home/airflow/.local/lib/python3.7/site-packages/airflow/example_dags/example_task_group_decorator.py for tasks to queue
[2022-02-20 23:25:13,606] {logging_mixin.py:109} INFO - [2022-02-20 23:25:13,605] {dagbag.py:500} INFO - Filling up the DagBag from /home/airflow/.local/lib/python3.7/site-packages/airflow/example_dags/example_task_group_decorator.py
[2022-02-20 23:25:13,785] {processor.py:654} INFO - DAG(s) dict_keys(['example_task_group_decorator']) retrieved from /home/airflow/.local/lib/python3.7/site-packages/airflow/example_dags/example_task_group_decorator.py
[2022-02-20 23:25:14,909] {logging_mixin.py:109} INFO - [2022-02-20 23:25:14,909] {dag.py:2396} INFO - Sync 1 DAGs
[2022-02-20 23:25:14,980] {logging_mixin.py:109} INFO - [2022-02-20 23:25:14,979] {dag.py:2935} INFO - Setting next_dagrun for example_task_group_decorator to 2022-02-19T23:25:14.977919+00:00
[2022-02-20 23:25:15,021] {processor.py:171} INFO - Processing /home/airflow/.local/lib/python3.7/site-packages/airflow/example_dags/example_task_group_decorator.py took 1.439 seconds
[2022-02-20 23:25:45,157] {processor.py:163} INFO - Started process (PID=2017) to work on /home/airflow/.local/lib/python3.7/site-packages/airflow/example_dags/example_task_group_decorator.py
[2022-02-20 23:25:45,162] {processor.py:642} INFO - Processing file /home/airflow/.local/lib/python3.7/site-packages/airflow/example_dags/example_task_group_decorator.py for tasks to queue
[2022-02-20 23:25:45,167] {logging_mixin.py:109} INFO - [2022-02-20 23:25:45,166] {dagbag.py:500} INFO - Filling up the DagBag from /home/airflow/.local/lib/python3.7/site-packages/airflow/example_dags/example_task_group_decorator.py
[2022-02-20 23:25:45,373] {processor.py:654} INFO - DAG(s) dict_keys(['example_task_group_decorator']) retrieved from /home/airflow/.local/lib/python3.7/site-packages/airflow/example_dags/example_task_group_decorator.py
[2022-02-20 23:25:46,480] {logging_mixin.py:109} INFO - [2022-02-20 23:25:46,480] {dag.py:2396} INFO - Sync 1 DAGs
[2022-02-20 23:25:46,539] {logging_mixin.py:109} INFO - [2022-02-20 23:25:46,538] {dag.py:2935} INFO - Setting next_dagrun for example_task_group_decorator to 2022-02-19T23:25:46.536704+00:00
[2022-02-20 23:25:46,576] {processor.py:171} INFO - Processing /home/airflow/.local/lib/python3.7/site-packages/airflow/example_dags/example_task_group_decorator.py took 1.430 seconds
[2022-02-20 23:26:17,508] {processor.py:163} INFO - Started process (PID=2115) to work on /home/airflow/.local/lib/python3.7/site-packages/airflow/example_dags/example_task_group_decorator.py
[2022-02-20 23:26:17,518] {processor.py:642} INFO - Processing file /home/airflow/.local/lib/python3.7/site-packages/airflow/example_dags/example_task_group_decorator.py for tasks to queue
[2022-02-20 23:26:17,525] {logging_mixin.py:109} INFO - [2022-02-20 23:26:17,523] {dagbag.py:500} INFO - Filling up the DagBag from /home/airflow/.local/lib/python3.7/site-packages/airflow/example_dags/example_task_group_decorator.py
[2022-02-20 23:26:17,790] {processor.py:654} INFO - DAG(s) dict_keys(['example_task_group_decorator']) retrieved from /home/airflow/.local/lib/python3.7/site-packages/airflow/example_dags/example_task_group_decorator.py
[2022-02-20 23:26:19,338] {logging_mixin.py:109} INFO - [2022-02-20 23:26:19,337] {dag.py:2396} INFO - Sync 1 DAGs
[2022-02-20 23:26:19,439] {logging_mixin.py:109} INFO - [2022-02-20 23:26:19,438] {dag.py:2935} INFO - Setting next_dagrun for example_task_group_decorator to 2022-02-19T23:26:19.433078+00:00
[2022-02-20 23:26:19,505] {processor.py:171} INFO - Processing /home/airflow/.local/lib/python3.7/site-packages/airflow/example_dags/example_task_group_decorator.py took 2.010 seconds
[2022-02-20 23:26:49,965] {processor.py:163} INFO - Started process (PID=2198) to work on /home/airflow/.local/lib/python3.7/site-packages/airflow/example_dags/example_task_group_decorator.py
[2022-02-20 23:26:49,971] {processor.py:642} INFO - Processing file /home/airflow/.local/lib/python3.7/site-packages/airflow/example_dags/example_task_group_decorator.py for tasks to queue
[2022-02-20 23:26:49,975] {logging_mixin.py:109} INFO - [2022-02-20 23:26:49,974] {dagbag.py:500} INFO - Filling up the DagBag from /home/airflow/.local/lib/python3.7/site-packages/airflow/example_dags/example_task_group_decorator.py
[2022-02-20 23:26:50,111] {processor.py:654} INFO - DAG(s) dict_keys(['example_task_group_decorator']) retrieved from /home/airflow/.local/lib/python3.7/site-packages/airflow/example_dags/example_task_group_decorator.py
[2022-02-20 23:26:51,113] {logging_mixin.py:109} INFO - [2022-02-20 23:26:51,112] {dag.py:2396} INFO - Sync 1 DAGs
[2022-02-20 23:26:51,170] {logging_mixin.py:109} INFO - [2022-02-20 23:26:51,169] {dag.py:2935} INFO - Setting next_dagrun for example_task_group_decorator to 2022-02-19T23:26:51.167779+00:00
[2022-02-20 23:26:51,209] {processor.py:171} INFO - Processing /home/airflow/.local/lib/python3.7/site-packages/airflow/example_dags/example_task_group_decorator.py took 1.252 seconds
[2022-02-20 23:27:21,624] {processor.py:163} INFO - Started process (PID=2297) to work on /home/airflow/.local/lib/python3.7/site-packages/airflow/example_dags/example_task_group_decorator.py
[2022-02-20 23:27:21,629] {processor.py:642} INFO - Processing file /home/airflow/.local/lib/python3.7/site-packages/airflow/example_dags/example_task_group_decorator.py for tasks to queue
[2022-02-20 23:27:21,632] {logging_mixin.py:109} INFO - [2022-02-20 23:27:21,632] {dagbag.py:500} INFO - Filling up the DagBag from /home/airflow/.local/lib/python3.7/site-packages/airflow/example_dags/example_task_group_decorator.py
[2022-02-20 23:27:21,788] {processor.py:654} INFO - DAG(s) dict_keys(['example_task_group_decorator']) retrieved from /home/airflow/.local/lib/python3.7/site-packages/airflow/example_dags/example_task_group_decorator.py
[2022-02-20 23:27:22,868] {logging_mixin.py:109} INFO - [2022-02-20 23:27:22,868] {dag.py:2396} INFO - Sync 1 DAGs
[2022-02-20 23:27:22,925] {logging_mixin.py:109} INFO - [2022-02-20 23:27:22,925] {dag.py:2935} INFO - Setting next_dagrun for example_task_group_decorator to 2022-02-19T23:27:22.923289+00:00
[2022-02-20 23:27:22,980] {processor.py:171} INFO - Processing /home/airflow/.local/lib/python3.7/site-packages/airflow/example_dags/example_task_group_decorator.py took 1.363 seconds
[2022-02-20 23:27:53,042] {processor.py:163} INFO - Started process (PID=2378) to work on /home/airflow/.local/lib/python3.7/site-packages/airflow/example_dags/example_task_group_decorator.py
[2022-02-20 23:27:53,046] {processor.py:642} INFO - Processing file /home/airflow/.local/lib/python3.7/site-packages/airflow/example_dags/example_task_group_decorator.py for tasks to queue
[2022-02-20 23:27:53,050] {logging_mixin.py:109} INFO - [2022-02-20 23:27:53,049] {dagbag.py:500} INFO - Filling up the DagBag from /home/airflow/.local/lib/python3.7/site-packages/airflow/example_dags/example_task_group_decorator.py
[2022-02-20 23:27:53,206] {processor.py:654} INFO - DAG(s) dict_keys(['example_task_group_decorator']) retrieved from /home/airflow/.local/lib/python3.7/site-packages/airflow/example_dags/example_task_group_decorator.py
[2022-02-20 23:27:54,352] {logging_mixin.py:109} INFO - [2022-02-20 23:27:54,352] {dag.py:2396} INFO - Sync 1 DAGs
[2022-02-20 23:27:54,418] {logging_mixin.py:109} INFO - [2022-02-20 23:27:54,417] {dag.py:2935} INFO - Setting next_dagrun for example_task_group_decorator to 2022-02-19T23:27:54.416050+00:00
[2022-02-20 23:27:54,461] {processor.py:171} INFO - Processing /home/airflow/.local/lib/python3.7/site-packages/airflow/example_dags/example_task_group_decorator.py took 1.426 seconds
[2022-02-20 23:28:24,926] {processor.py:163} INFO - Started process (PID=2483) to work on /home/airflow/.local/lib/python3.7/site-packages/airflow/example_dags/example_task_group_decorator.py
[2022-02-20 23:28:24,931] {processor.py:642} INFO - Processing file /home/airflow/.local/lib/python3.7/site-packages/airflow/example_dags/example_task_group_decorator.py for tasks to queue
[2022-02-20 23:28:24,942] {logging_mixin.py:109} INFO - [2022-02-20 23:28:24,942] {dagbag.py:500} INFO - Filling up the DagBag from /home/airflow/.local/lib/python3.7/site-packages/airflow/example_dags/example_task_group_decorator.py
[2022-02-20 23:28:25,112] {processor.py:654} INFO - DAG(s) dict_keys(['example_task_group_decorator']) retrieved from /home/airflow/.local/lib/python3.7/site-packages/airflow/example_dags/example_task_group_decorator.py
[2022-02-20 23:28:26,274] {logging_mixin.py:109} INFO - [2022-02-20 23:28:26,273] {dag.py:2396} INFO - Sync 1 DAGs
[2022-02-20 23:28:26,349] {logging_mixin.py:109} INFO - [2022-02-20 23:28:26,348] {dag.py:2935} INFO - Setting next_dagrun for example_task_group_decorator to 2022-02-19T23:28:26.346183+00:00
[2022-02-20 23:28:26,402] {processor.py:171} INFO - Processing /home/airflow/.local/lib/python3.7/site-packages/airflow/example_dags/example_task_group_decorator.py took 1.484 seconds
[2022-02-20 23:28:57,177] {processor.py:163} INFO - Started process (PID=2589) to work on /home/airflow/.local/lib/python3.7/site-packages/airflow/example_dags/example_task_group_decorator.py
[2022-02-20 23:28:57,181] {processor.py:642} INFO - Processing file /home/airflow/.local/lib/python3.7/site-packages/airflow/example_dags/example_task_group_decorator.py for tasks to queue
[2022-02-20 23:28:57,189] {logging_mixin.py:109} INFO - [2022-02-20 23:28:57,188] {dagbag.py:500} INFO - Filling up the DagBag from /home/airflow/.local/lib/python3.7/site-packages/airflow/example_dags/example_task_group_decorator.py
[2022-02-20 23:28:57,408] {processor.py:654} INFO - DAG(s) dict_keys(['example_task_group_decorator']) retrieved from /home/airflow/.local/lib/python3.7/site-packages/airflow/example_dags/example_task_group_decorator.py
[2022-02-20 23:28:58,628] {logging_mixin.py:109} INFO - [2022-02-20 23:28:58,628] {dag.py:2396} INFO - Sync 1 DAGs
[2022-02-20 23:28:58,701] {logging_mixin.py:109} INFO - [2022-02-20 23:28:58,700] {dag.py:2935} INFO - Setting next_dagrun for example_task_group_decorator to 2022-02-19T23:28:58.698841+00:00
[2022-02-20 23:28:58,762] {processor.py:171} INFO - Processing /home/airflow/.local/lib/python3.7/site-packages/airflow/example_dags/example_task_group_decorator.py took 1.593 seconds
[2022-02-20 23:29:29,301] {processor.py:163} INFO - Started process (PID=2677) to work on /home/airflow/.local/lib/python3.7/site-packages/airflow/example_dags/example_task_group_decorator.py
[2022-02-20 23:29:29,307] {processor.py:642} INFO - Processing file /home/airflow/.local/lib/python3.7/site-packages/airflow/example_dags/example_task_group_decorator.py for tasks to queue
[2022-02-20 23:29:29,312] {logging_mixin.py:109} INFO - [2022-02-20 23:29:29,311] {dagbag.py:500} INFO - Filling up the DagBag from /home/airflow/.local/lib/python3.7/site-packages/airflow/example_dags/example_task_group_decorator.py
[2022-02-20 23:29:29,477] {processor.py:654} INFO - DAG(s) dict_keys(['example_task_group_decorator']) retrieved from /home/airflow/.local/lib/python3.7/site-packages/airflow/example_dags/example_task_group_decorator.py
[2022-02-20 23:29:30,501] {logging_mixin.py:109} INFO - [2022-02-20 23:29:30,500] {dag.py:2396} INFO - Sync 1 DAGs
[2022-02-20 23:29:30,561] {logging_mixin.py:109} INFO - [2022-02-20 23:29:30,560] {dag.py:2935} INFO - Setting next_dagrun for example_task_group_decorator to 2022-02-19T23:29:30.558549+00:00
[2022-02-20 23:29:30,604] {processor.py:171} INFO - Processing /home/airflow/.local/lib/python3.7/site-packages/airflow/example_dags/example_task_group_decorator.py took 1.314 seconds
[2022-02-20 23:30:00,785] {processor.py:163} INFO - Started process (PID=2781) to work on /home/airflow/.local/lib/python3.7/site-packages/airflow/example_dags/example_task_group_decorator.py
[2022-02-20 23:30:00,790] {processor.py:642} INFO - Processing file /home/airflow/.local/lib/python3.7/site-packages/airflow/example_dags/example_task_group_decorator.py for tasks to queue
[2022-02-20 23:30:00,794] {logging_mixin.py:109} INFO - [2022-02-20 23:30:00,793] {dagbag.py:500} INFO - Filling up the DagBag from /home/airflow/.local/lib/python3.7/site-packages/airflow/example_dags/example_task_group_decorator.py
[2022-02-20 23:30:00,957] {processor.py:654} INFO - DAG(s) dict_keys(['example_task_group_decorator']) retrieved from /home/airflow/.local/lib/python3.7/site-packages/airflow/example_dags/example_task_group_decorator.py
[2022-02-20 23:30:02,025] {logging_mixin.py:109} INFO - [2022-02-20 23:30:02,024] {dag.py:2396} INFO - Sync 1 DAGs
[2022-02-20 23:30:02,081] {logging_mixin.py:109} INFO - [2022-02-20 23:30:02,080] {dag.py:2935} INFO - Setting next_dagrun for example_task_group_decorator to 2022-02-19T23:30:02.079094+00:00
[2022-02-20 23:30:02,119] {processor.py:171} INFO - Processing /home/airflow/.local/lib/python3.7/site-packages/airflow/example_dags/example_task_group_decorator.py took 1.341 seconds
[2022-02-20 23:30:33,261] {processor.py:163} INFO - Started process (PID=2874) to work on /home/airflow/.local/lib/python3.7/site-packages/airflow/example_dags/example_task_group_decorator.py
[2022-02-20 23:30:33,266] {processor.py:642} INFO - Processing file /home/airflow/.local/lib/python3.7/site-packages/airflow/example_dags/example_task_group_decorator.py for tasks to queue
[2022-02-20 23:30:33,270] {logging_mixin.py:109} INFO - [2022-02-20 23:30:33,270] {dagbag.py:500} INFO - Filling up the DagBag from /home/airflow/.local/lib/python3.7/site-packages/airflow/example_dags/example_task_group_decorator.py
[2022-02-20 23:30:33,431] {processor.py:654} INFO - DAG(s) dict_keys(['example_task_group_decorator']) retrieved from /home/airflow/.local/lib/python3.7/site-packages/airflow/example_dags/example_task_group_decorator.py
[2022-02-20 23:30:34,504] {logging_mixin.py:109} INFO - [2022-02-20 23:30:34,503] {dag.py:2396} INFO - Sync 1 DAGs
[2022-02-20 23:30:34,568] {logging_mixin.py:109} INFO - [2022-02-20 23:30:34,567] {dag.py:2935} INFO - Setting next_dagrun for example_task_group_decorator to 2022-02-19T23:30:34.565449+00:00
[2022-02-20 23:30:34,621] {processor.py:171} INFO - Processing /home/airflow/.local/lib/python3.7/site-packages/airflow/example_dags/example_task_group_decorator.py took 1.368 seconds
[2022-02-20 23:31:06,178] {processor.py:163} INFO - Started process (PID=2982) to work on /home/airflow/.local/lib/python3.7/site-packages/airflow/example_dags/example_task_group_decorator.py
[2022-02-20 23:31:06,183] {processor.py:642} INFO - Processing file /home/airflow/.local/lib/python3.7/site-packages/airflow/example_dags/example_task_group_decorator.py for tasks to queue
[2022-02-20 23:31:06,186] {logging_mixin.py:109} INFO - [2022-02-20 23:31:06,186] {dagbag.py:500} INFO - Filling up the DagBag from /home/airflow/.local/lib/python3.7/site-packages/airflow/example_dags/example_task_group_decorator.py
[2022-02-20 23:31:06,346] {processor.py:654} INFO - DAG(s) dict_keys(['example_task_group_decorator']) retrieved from /home/airflow/.local/lib/python3.7/site-packages/airflow/example_dags/example_task_group_decorator.py
[2022-02-20 23:31:07,447] {logging_mixin.py:109} INFO - [2022-02-20 23:31:07,447] {dag.py:2396} INFO - Sync 1 DAGs
[2022-02-20 23:31:07,504] {logging_mixin.py:109} INFO - [2022-02-20 23:31:07,504] {dag.py:2935} INFO - Setting next_dagrun for example_task_group_decorator to 2022-02-19T23:31:07.502282+00:00
[2022-02-20 23:31:07,542] {processor.py:171} INFO - Processing /home/airflow/.local/lib/python3.7/site-packages/airflow/example_dags/example_task_group_decorator.py took 1.371 seconds
[2022-02-20 23:31:38,199] {processor.py:163} INFO - Started process (PID=3085) to work on /home/airflow/.local/lib/python3.7/site-packages/airflow/example_dags/example_task_group_decorator.py
[2022-02-20 23:31:38,204] {processor.py:642} INFO - Processing file /home/airflow/.local/lib/python3.7/site-packages/airflow/example_dags/example_task_group_decorator.py for tasks to queue
[2022-02-20 23:31:38,207] {logging_mixin.py:109} INFO - [2022-02-20 23:31:38,207] {dagbag.py:500} INFO - Filling up the DagBag from /home/airflow/.local/lib/python3.7/site-packages/airflow/example_dags/example_task_group_decorator.py
[2022-02-20 23:31:38,358] {processor.py:654} INFO - DAG(s) dict_keys(['example_task_group_decorator']) retrieved from /home/airflow/.local/lib/python3.7/site-packages/airflow/example_dags/example_task_group_decorator.py
[2022-02-20 23:31:39,420] {logging_mixin.py:109} INFO - [2022-02-20 23:31:39,419] {dag.py:2396} INFO - Sync 1 DAGs
[2022-02-20 23:31:39,473] {logging_mixin.py:109} INFO - [2022-02-20 23:31:39,472] {dag.py:2935} INFO - Setting next_dagrun for example_task_group_decorator to 2022-02-19T23:31:39.471127+00:00
[2022-02-20 23:31:39,510] {processor.py:171} INFO - Processing /home/airflow/.local/lib/python3.7/site-packages/airflow/example_dags/example_task_group_decorator.py took 1.318 seconds
[2022-02-20 23:32:09,887] {processor.py:163} INFO - Started process (PID=3166) to work on /home/airflow/.local/lib/python3.7/site-packages/airflow/example_dags/example_task_group_decorator.py
[2022-02-20 23:32:09,892] {processor.py:642} INFO - Processing file /home/airflow/.local/lib/python3.7/site-packages/airflow/example_dags/example_task_group_decorator.py for tasks to queue
[2022-02-20 23:32:09,895] {logging_mixin.py:109} INFO - [2022-02-20 23:32:09,895] {dagbag.py:500} INFO - Filling up the DagBag from /home/airflow/.local/lib/python3.7/site-packages/airflow/example_dags/example_task_group_decorator.py
[2022-02-20 23:32:10,022] {processor.py:654} INFO - DAG(s) dict_keys(['example_task_group_decorator']) retrieved from /home/airflow/.local/lib/python3.7/site-packages/airflow/example_dags/example_task_group_decorator.py
[2022-02-20 23:32:10,906] {logging_mixin.py:109} INFO - [2022-02-20 23:32:10,905] {dag.py:2396} INFO - Sync 1 DAGs
[2022-02-20 23:32:10,950] {logging_mixin.py:109} INFO - [2022-02-20 23:32:10,949] {dag.py:2935} INFO - Setting next_dagrun for example_task_group_decorator to 2022-02-19T23:32:10.948302+00:00
[2022-02-20 23:32:10,981] {processor.py:171} INFO - Processing /home/airflow/.local/lib/python3.7/site-packages/airflow/example_dags/example_task_group_decorator.py took 1.100 seconds
[2022-02-20 23:32:41,060] {processor.py:163} INFO - Started process (PID=3264) to work on /home/airflow/.local/lib/python3.7/site-packages/airflow/example_dags/example_task_group_decorator.py
[2022-02-20 23:32:41,066] {processor.py:642} INFO - Processing file /home/airflow/.local/lib/python3.7/site-packages/airflow/example_dags/example_task_group_decorator.py for tasks to queue
[2022-02-20 23:32:41,069] {logging_mixin.py:109} INFO - [2022-02-20 23:32:41,068] {dagbag.py:500} INFO - Filling up the DagBag from /home/airflow/.local/lib/python3.7/site-packages/airflow/example_dags/example_task_group_decorator.py
[2022-02-20 23:32:41,234] {processor.py:654} INFO - DAG(s) dict_keys(['example_task_group_decorator']) retrieved from /home/airflow/.local/lib/python3.7/site-packages/airflow/example_dags/example_task_group_decorator.py
[2022-02-20 23:32:42,263] {logging_mixin.py:109} INFO - [2022-02-20 23:32:42,262] {dag.py:2396} INFO - Sync 1 DAGs
[2022-02-20 23:32:42,320] {logging_mixin.py:109} INFO - [2022-02-20 23:32:42,319] {dag.py:2935} INFO - Setting next_dagrun for example_task_group_decorator to 2022-02-19T23:32:42.317800+00:00
[2022-02-20 23:32:42,357] {processor.py:171} INFO - Processing /home/airflow/.local/lib/python3.7/site-packages/airflow/example_dags/example_task_group_decorator.py took 1.304 seconds
[2022-02-20 23:33:13,194] {processor.py:163} INFO - Started process (PID=3346) to work on /home/airflow/.local/lib/python3.7/site-packages/airflow/example_dags/example_task_group_decorator.py
[2022-02-20 23:33:13,198] {processor.py:642} INFO - Processing file /home/airflow/.local/lib/python3.7/site-packages/airflow/example_dags/example_task_group_decorator.py for tasks to queue
[2022-02-20 23:33:13,201] {logging_mixin.py:109} INFO - [2022-02-20 23:33:13,200] {dagbag.py:500} INFO - Filling up the DagBag from /home/airflow/.local/lib/python3.7/site-packages/airflow/example_dags/example_task_group_decorator.py
[2022-02-20 23:33:13,317] {processor.py:654} INFO - DAG(s) dict_keys(['example_task_group_decorator']) retrieved from /home/airflow/.local/lib/python3.7/site-packages/airflow/example_dags/example_task_group_decorator.py
[2022-02-20 23:33:14,259] {logging_mixin.py:109} INFO - [2022-02-20 23:33:14,259] {dag.py:2396} INFO - Sync 1 DAGs
[2022-02-20 23:33:14,318] {logging_mixin.py:109} INFO - [2022-02-20 23:33:14,317] {dag.py:2935} INFO - Setting next_dagrun for example_task_group_decorator to 2022-02-19T23:33:14.315860+00:00
[2022-02-20 23:33:14,358] {processor.py:171} INFO - Processing /home/airflow/.local/lib/python3.7/site-packages/airflow/example_dags/example_task_group_decorator.py took 1.170 seconds
[2022-02-20 23:33:45,152] {processor.py:163} INFO - Started process (PID=3443) to work on /home/airflow/.local/lib/python3.7/site-packages/airflow/example_dags/example_task_group_decorator.py
[2022-02-20 23:33:45,156] {processor.py:642} INFO - Processing file /home/airflow/.local/lib/python3.7/site-packages/airflow/example_dags/example_task_group_decorator.py for tasks to queue
[2022-02-20 23:33:45,160] {logging_mixin.py:109} INFO - [2022-02-20 23:33:45,159] {dagbag.py:500} INFO - Filling up the DagBag from /home/airflow/.local/lib/python3.7/site-packages/airflow/example_dags/example_task_group_decorator.py
[2022-02-20 23:33:45,314] {processor.py:654} INFO - DAG(s) dict_keys(['example_task_group_decorator']) retrieved from /home/airflow/.local/lib/python3.7/site-packages/airflow/example_dags/example_task_group_decorator.py
[2022-02-20 23:33:46,421] {logging_mixin.py:109} INFO - [2022-02-20 23:33:46,420] {dag.py:2396} INFO - Sync 1 DAGs
[2022-02-20 23:33:46,484] {logging_mixin.py:109} INFO - [2022-02-20 23:33:46,483] {dag.py:2935} INFO - Setting next_dagrun for example_task_group_decorator to 2022-02-19T23:33:46.481652+00:00
[2022-02-20 23:33:46,527] {processor.py:171} INFO - Processing /home/airflow/.local/lib/python3.7/site-packages/airflow/example_dags/example_task_group_decorator.py took 1.382 seconds
[2022-02-20 23:34:17,535] {processor.py:163} INFO - Started process (PID=3542) to work on /home/airflow/.local/lib/python3.7/site-packages/airflow/example_dags/example_task_group_decorator.py
[2022-02-20 23:34:17,540] {processor.py:642} INFO - Processing file /home/airflow/.local/lib/python3.7/site-packages/airflow/example_dags/example_task_group_decorator.py for tasks to queue
[2022-02-20 23:34:17,544] {logging_mixin.py:109} INFO - [2022-02-20 23:34:17,543] {dagbag.py:500} INFO - Filling up the DagBag from /home/airflow/.local/lib/python3.7/site-packages/airflow/example_dags/example_task_group_decorator.py
[2022-02-20 23:34:17,701] {processor.py:654} INFO - DAG(s) dict_keys(['example_task_group_decorator']) retrieved from /home/airflow/.local/lib/python3.7/site-packages/airflow/example_dags/example_task_group_decorator.py
[2022-02-20 23:34:18,822] {logging_mixin.py:109} INFO - [2022-02-20 23:34:18,821] {dag.py:2396} INFO - Sync 1 DAGs
[2022-02-20 23:34:18,889] {logging_mixin.py:109} INFO - [2022-02-20 23:34:18,888] {dag.py:2935} INFO - Setting next_dagrun for example_task_group_decorator to 2022-02-19T23:34:18.886982+00:00
[2022-02-20 23:34:18,928] {processor.py:171} INFO - Processing /home/airflow/.local/lib/python3.7/site-packages/airflow/example_dags/example_task_group_decorator.py took 1.399 seconds
[2022-02-20 23:34:49,481] {processor.py:163} INFO - Started process (PID=3622) to work on /home/airflow/.local/lib/python3.7/site-packages/airflow/example_dags/example_task_group_decorator.py
[2022-02-20 23:34:49,485] {processor.py:642} INFO - Processing file /home/airflow/.local/lib/python3.7/site-packages/airflow/example_dags/example_task_group_decorator.py for tasks to queue
[2022-02-20 23:34:49,488] {logging_mixin.py:109} INFO - [2022-02-20 23:34:49,487] {dagbag.py:500} INFO - Filling up the DagBag from /home/airflow/.local/lib/python3.7/site-packages/airflow/example_dags/example_task_group_decorator.py
[2022-02-20 23:34:49,626] {processor.py:654} INFO - DAG(s) dict_keys(['example_task_group_decorator']) retrieved from /home/airflow/.local/lib/python3.7/site-packages/airflow/example_dags/example_task_group_decorator.py
[2022-02-20 23:34:50,553] {logging_mixin.py:109} INFO - [2022-02-20 23:34:50,553] {dag.py:2396} INFO - Sync 1 DAGs
[2022-02-20 23:34:50,606] {logging_mixin.py:109} INFO - [2022-02-20 23:34:50,606] {dag.py:2935} INFO - Setting next_dagrun for example_task_group_decorator to 2022-02-19T23:34:50.604227+00:00
[2022-02-20 23:34:50,644] {processor.py:171} INFO - Processing /home/airflow/.local/lib/python3.7/site-packages/airflow/example_dags/example_task_group_decorator.py took 1.170 seconds
[2022-02-20 23:35:21,042] {processor.py:163} INFO - Started process (PID=3718) to work on /home/airflow/.local/lib/python3.7/site-packages/airflow/example_dags/example_task_group_decorator.py
[2022-02-20 23:35:21,047] {processor.py:642} INFO - Processing file /home/airflow/.local/lib/python3.7/site-packages/airflow/example_dags/example_task_group_decorator.py for tasks to queue
[2022-02-20 23:35:21,050] {logging_mixin.py:109} INFO - [2022-02-20 23:35:21,050] {dagbag.py:500} INFO - Filling up the DagBag from /home/airflow/.local/lib/python3.7/site-packages/airflow/example_dags/example_task_group_decorator.py
[2022-02-20 23:35:21,202] {processor.py:654} INFO - DAG(s) dict_keys(['example_task_group_decorator']) retrieved from /home/airflow/.local/lib/python3.7/site-packages/airflow/example_dags/example_task_group_decorator.py
[2022-02-20 23:35:22,233] {logging_mixin.py:109} INFO - [2022-02-20 23:35:22,233] {dag.py:2396} INFO - Sync 1 DAGs
[2022-02-20 23:35:22,302] {logging_mixin.py:109} INFO - [2022-02-20 23:35:22,301] {dag.py:2935} INFO - Setting next_dagrun for example_task_group_decorator to 2022-02-19T23:35:22.300031+00:00
[2022-02-20 23:35:22,343] {processor.py:171} INFO - Processing /home/airflow/.local/lib/python3.7/site-packages/airflow/example_dags/example_task_group_decorator.py took 1.309 seconds
[2022-02-20 23:35:52,635] {processor.py:163} INFO - Started process (PID=3800) to work on /home/airflow/.local/lib/python3.7/site-packages/airflow/example_dags/example_task_group_decorator.py
[2022-02-20 23:35:52,641] {processor.py:642} INFO - Processing file /home/airflow/.local/lib/python3.7/site-packages/airflow/example_dags/example_task_group_decorator.py for tasks to queue
[2022-02-20 23:35:52,644] {logging_mixin.py:109} INFO - [2022-02-20 23:35:52,644] {dagbag.py:500} INFO - Filling up the DagBag from /home/airflow/.local/lib/python3.7/site-packages/airflow/example_dags/example_task_group_decorator.py
[2022-02-20 23:35:52,772] {processor.py:654} INFO - DAG(s) dict_keys(['example_task_group_decorator']) retrieved from /home/airflow/.local/lib/python3.7/site-packages/airflow/example_dags/example_task_group_decorator.py
[2022-02-20 23:35:53,659] {logging_mixin.py:109} INFO - [2022-02-20 23:35:53,659] {dag.py:2396} INFO - Sync 1 DAGs
[2022-02-20 23:35:53,718] {logging_mixin.py:109} INFO - [2022-02-20 23:35:53,718] {dag.py:2935} INFO - Setting next_dagrun for example_task_group_decorator to 2022-02-19T23:35:53.715563+00:00
[2022-02-20 23:35:53,759] {processor.py:171} INFO - Processing /home/airflow/.local/lib/python3.7/site-packages/airflow/example_dags/example_task_group_decorator.py took 1.134 seconds
[2022-02-20 23:36:23,819] {processor.py:163} INFO - Started process (PID=3899) to work on /home/airflow/.local/lib/python3.7/site-packages/airflow/example_dags/example_task_group_decorator.py
[2022-02-20 23:36:23,824] {processor.py:642} INFO - Processing file /home/airflow/.local/lib/python3.7/site-packages/airflow/example_dags/example_task_group_decorator.py for tasks to queue
[2022-02-20 23:36:23,827] {logging_mixin.py:109} INFO - [2022-02-20 23:36:23,827] {dagbag.py:500} INFO - Filling up the DagBag from /home/airflow/.local/lib/python3.7/site-packages/airflow/example_dags/example_task_group_decorator.py
[2022-02-20 23:36:23,994] {processor.py:654} INFO - DAG(s) dict_keys(['example_task_group_decorator']) retrieved from /home/airflow/.local/lib/python3.7/site-packages/airflow/example_dags/example_task_group_decorator.py
[2022-02-20 23:36:25,154] {logging_mixin.py:109} INFO - [2022-02-20 23:36:25,154] {dag.py:2396} INFO - Sync 1 DAGs
[2022-02-20 23:36:25,230] {logging_mixin.py:109} INFO - [2022-02-20 23:36:25,230] {dag.py:2935} INFO - Setting next_dagrun for example_task_group_decorator to 2022-02-19T23:36:25.228409+00:00
[2022-02-20 23:36:25,273] {processor.py:171} INFO - Processing /home/airflow/.local/lib/python3.7/site-packages/airflow/example_dags/example_task_group_decorator.py took 1.462 seconds
[2022-02-20 23:36:55,856] {processor.py:163} INFO - Started process (PID=3997) to work on /home/airflow/.local/lib/python3.7/site-packages/airflow/example_dags/example_task_group_decorator.py
[2022-02-20 23:36:55,861] {processor.py:642} INFO - Processing file /home/airflow/.local/lib/python3.7/site-packages/airflow/example_dags/example_task_group_decorator.py for tasks to queue
[2022-02-20 23:36:55,864] {logging_mixin.py:109} INFO - [2022-02-20 23:36:55,863] {dagbag.py:500} INFO - Filling up the DagBag from /home/airflow/.local/lib/python3.7/site-packages/airflow/example_dags/example_task_group_decorator.py
[2022-02-20 23:36:56,092] {processor.py:654} INFO - DAG(s) dict_keys(['example_task_group_decorator']) retrieved from /home/airflow/.local/lib/python3.7/site-packages/airflow/example_dags/example_task_group_decorator.py
[2022-02-20 23:36:57,169] {logging_mixin.py:109} INFO - [2022-02-20 23:36:57,169] {dag.py:2396} INFO - Sync 1 DAGs
[2022-02-20 23:36:57,230] {logging_mixin.py:109} INFO - [2022-02-20 23:36:57,229] {dag.py:2935} INFO - Setting next_dagrun for example_task_group_decorator to 2022-02-19T23:36:57.227841+00:00
[2022-02-20 23:36:57,266] {processor.py:171} INFO - Processing /home/airflow/.local/lib/python3.7/site-packages/airflow/example_dags/example_task_group_decorator.py took 1.427 seconds
[2022-02-20 23:37:27,503] {processor.py:163} INFO - Started process (PID=4078) to work on /home/airflow/.local/lib/python3.7/site-packages/airflow/example_dags/example_task_group_decorator.py
[2022-02-20 23:37:27,523] {processor.py:642} INFO - Processing file /home/airflow/.local/lib/python3.7/site-packages/airflow/example_dags/example_task_group_decorator.py for tasks to queue
[2022-02-20 23:37:27,532] {logging_mixin.py:109} INFO - [2022-02-20 23:37:27,529] {dagbag.py:500} INFO - Filling up the DagBag from /home/airflow/.local/lib/python3.7/site-packages/airflow/example_dags/example_task_group_decorator.py
[2022-02-20 23:37:27,767] {processor.py:654} INFO - DAG(s) dict_keys(['example_task_group_decorator']) retrieved from /home/airflow/.local/lib/python3.7/site-packages/airflow/example_dags/example_task_group_decorator.py
[2022-02-20 23:37:29,166] {logging_mixin.py:109} INFO - [2022-02-20 23:37:29,166] {dag.py:2396} INFO - Sync 1 DAGs
[2022-02-20 23:37:29,263] {logging_mixin.py:109} INFO - [2022-02-20 23:37:29,262] {dag.py:2935} INFO - Setting next_dagrun for example_task_group_decorator to 2022-02-19T23:37:29.260073+00:00
[2022-02-20 23:37:29,308] {processor.py:171} INFO - Processing /home/airflow/.local/lib/python3.7/site-packages/airflow/example_dags/example_task_group_decorator.py took 1.816 seconds
[2022-02-20 23:37:59,427] {processor.py:163} INFO - Started process (PID=4177) to work on /home/airflow/.local/lib/python3.7/site-packages/airflow/example_dags/example_task_group_decorator.py
[2022-02-20 23:37:59,432] {processor.py:642} INFO - Processing file /home/airflow/.local/lib/python3.7/site-packages/airflow/example_dags/example_task_group_decorator.py for tasks to queue
[2022-02-20 23:37:59,435] {logging_mixin.py:109} INFO - [2022-02-20 23:37:59,435] {dagbag.py:500} INFO - Filling up the DagBag from /home/airflow/.local/lib/python3.7/site-packages/airflow/example_dags/example_task_group_decorator.py
[2022-02-20 23:37:59,600] {processor.py:654} INFO - DAG(s) dict_keys(['example_task_group_decorator']) retrieved from /home/airflow/.local/lib/python3.7/site-packages/airflow/example_dags/example_task_group_decorator.py
[2022-02-20 23:38:00,726] {logging_mixin.py:109} INFO - [2022-02-20 23:38:00,726] {dag.py:2396} INFO - Sync 1 DAGs
[2022-02-20 23:38:00,785] {logging_mixin.py:109} INFO - [2022-02-20 23:38:00,785] {dag.py:2935} INFO - Setting next_dagrun for example_task_group_decorator to 2022-02-19T23:38:00.783599+00:00
[2022-02-20 23:38:00,837] {processor.py:171} INFO - Processing /home/airflow/.local/lib/python3.7/site-packages/airflow/example_dags/example_task_group_decorator.py took 1.417 seconds
[2022-02-20 23:38:31,156] {processor.py:163} INFO - Started process (PID=4258) to work on /home/airflow/.local/lib/python3.7/site-packages/airflow/example_dags/example_task_group_decorator.py
[2022-02-20 23:38:31,160] {processor.py:642} INFO - Processing file /home/airflow/.local/lib/python3.7/site-packages/airflow/example_dags/example_task_group_decorator.py for tasks to queue
[2022-02-20 23:38:31,163] {logging_mixin.py:109} INFO - [2022-02-20 23:38:31,163] {dagbag.py:500} INFO - Filling up the DagBag from /home/airflow/.local/lib/python3.7/site-packages/airflow/example_dags/example_task_group_decorator.py
[2022-02-20 23:38:31,312] {processor.py:654} INFO - DAG(s) dict_keys(['example_task_group_decorator']) retrieved from /home/airflow/.local/lib/python3.7/site-packages/airflow/example_dags/example_task_group_decorator.py
[2022-02-20 23:38:32,257] {logging_mixin.py:109} INFO - [2022-02-20 23:38:32,256] {dag.py:2396} INFO - Sync 1 DAGs
[2022-02-20 23:38:32,315] {logging_mixin.py:109} INFO - [2022-02-20 23:38:32,315] {dag.py:2935} INFO - Setting next_dagrun for example_task_group_decorator to 2022-02-19T23:38:32.313558+00:00
[2022-02-20 23:38:32,353] {processor.py:171} INFO - Processing /home/airflow/.local/lib/python3.7/site-packages/airflow/example_dags/example_task_group_decorator.py took 1.205 seconds
[2022-02-20 23:39:02,485] {processor.py:163} INFO - Started process (PID=4358) to work on /home/airflow/.local/lib/python3.7/site-packages/airflow/example_dags/example_task_group_decorator.py
[2022-02-20 23:39:02,490] {processor.py:642} INFO - Processing file /home/airflow/.local/lib/python3.7/site-packages/airflow/example_dags/example_task_group_decorator.py for tasks to queue
[2022-02-20 23:39:02,494] {logging_mixin.py:109} INFO - [2022-02-20 23:39:02,493] {dagbag.py:500} INFO - Filling up the DagBag from /home/airflow/.local/lib/python3.7/site-packages/airflow/example_dags/example_task_group_decorator.py
[2022-02-20 23:39:02,687] {processor.py:654} INFO - DAG(s) dict_keys(['example_task_group_decorator']) retrieved from /home/airflow/.local/lib/python3.7/site-packages/airflow/example_dags/example_task_group_decorator.py
[2022-02-20 23:39:03,770] {logging_mixin.py:109} INFO - [2022-02-20 23:39:03,769] {dag.py:2396} INFO - Sync 1 DAGs
[2022-02-20 23:39:03,831] {logging_mixin.py:109} INFO - [2022-02-20 23:39:03,830] {dag.py:2935} INFO - Setting next_dagrun for example_task_group_decorator to 2022-02-19T23:39:03.829103+00:00
[2022-02-20 23:39:03,872] {processor.py:171} INFO - Processing /home/airflow/.local/lib/python3.7/site-packages/airflow/example_dags/example_task_group_decorator.py took 1.394 seconds
[2022-02-20 23:39:33,997] {processor.py:163} INFO - Started process (PID=4449) to work on /home/airflow/.local/lib/python3.7/site-packages/airflow/example_dags/example_task_group_decorator.py
[2022-02-20 23:39:34,009] {processor.py:642} INFO - Processing file /home/airflow/.local/lib/python3.7/site-packages/airflow/example_dags/example_task_group_decorator.py for tasks to queue
[2022-02-20 23:39:34,015] {logging_mixin.py:109} INFO - [2022-02-20 23:39:34,015] {dagbag.py:500} INFO - Filling up the DagBag from /home/airflow/.local/lib/python3.7/site-packages/airflow/example_dags/example_task_group_decorator.py
[2022-02-20 23:39:34,182] {processor.py:654} INFO - DAG(s) dict_keys(['example_task_group_decorator']) retrieved from /home/airflow/.local/lib/python3.7/site-packages/airflow/example_dags/example_task_group_decorator.py
[2022-02-20 23:39:35,273] {logging_mixin.py:109} INFO - [2022-02-20 23:39:35,273] {dag.py:2396} INFO - Sync 1 DAGs
[2022-02-20 23:39:35,332] {logging_mixin.py:109} INFO - [2022-02-20 23:39:35,332] {dag.py:2935} INFO - Setting next_dagrun for example_task_group_decorator to 2022-02-19T23:39:35.330573+00:00
[2022-02-20 23:39:35,370] {processor.py:171} INFO - Processing /home/airflow/.local/lib/python3.7/site-packages/airflow/example_dags/example_task_group_decorator.py took 1.397 seconds
[2022-02-20 23:40:05,512] {processor.py:163} INFO - Started process (PID=4538) to work on /home/airflow/.local/lib/python3.7/site-packages/airflow/example_dags/example_task_group_decorator.py
[2022-02-20 23:40:05,521] {processor.py:642} INFO - Processing file /home/airflow/.local/lib/python3.7/site-packages/airflow/example_dags/example_task_group_decorator.py for tasks to queue
[2022-02-20 23:40:05,526] {logging_mixin.py:109} INFO - [2022-02-20 23:40:05,525] {dagbag.py:500} INFO - Filling up the DagBag from /home/airflow/.local/lib/python3.7/site-packages/airflow/example_dags/example_task_group_decorator.py
[2022-02-20 23:40:05,709] {processor.py:654} INFO - DAG(s) dict_keys(['example_task_group_decorator']) retrieved from /home/airflow/.local/lib/python3.7/site-packages/airflow/example_dags/example_task_group_decorator.py
[2022-02-20 23:40:06,913] {logging_mixin.py:109} INFO - [2022-02-20 23:40:06,912] {dag.py:2396} INFO - Sync 1 DAGs
[2022-02-20 23:40:06,972] {logging_mixin.py:109} INFO - [2022-02-20 23:40:06,972] {dag.py:2935} INFO - Setting next_dagrun for example_task_group_decorator to 2022-02-19T23:40:06.970259+00:00
[2022-02-20 23:40:07,012] {processor.py:171} INFO - Processing /home/airflow/.local/lib/python3.7/site-packages/airflow/example_dags/example_task_group_decorator.py took 1.508 seconds
[2022-02-20 23:40:37,125] {processor.py:163} INFO - Started process (PID=4633) to work on /home/airflow/.local/lib/python3.7/site-packages/airflow/example_dags/example_task_group_decorator.py
[2022-02-20 23:40:37,131] {processor.py:642} INFO - Processing file /home/airflow/.local/lib/python3.7/site-packages/airflow/example_dags/example_task_group_decorator.py for tasks to queue
[2022-02-20 23:40:37,134] {logging_mixin.py:109} INFO - [2022-02-20 23:40:37,133] {dagbag.py:500} INFO - Filling up the DagBag from /home/airflow/.local/lib/python3.7/site-packages/airflow/example_dags/example_task_group_decorator.py
[2022-02-20 23:40:37,347] {processor.py:654} INFO - DAG(s) dict_keys(['example_task_group_decorator']) retrieved from /home/airflow/.local/lib/python3.7/site-packages/airflow/example_dags/example_task_group_decorator.py
[2022-02-20 23:40:38,683] {logging_mixin.py:109} INFO - [2022-02-20 23:40:38,683] {dag.py:2396} INFO - Sync 1 DAGs
[2022-02-20 23:40:38,757] {logging_mixin.py:109} INFO - [2022-02-20 23:40:38,756] {dag.py:2935} INFO - Setting next_dagrun for example_task_group_decorator to 2022-02-19T23:40:38.754459+00:00
[2022-02-20 23:40:38,811] {processor.py:171} INFO - Processing /home/airflow/.local/lib/python3.7/site-packages/airflow/example_dags/example_task_group_decorator.py took 1.694 seconds
[2022-02-20 23:41:09,143] {processor.py:163} INFO - Started process (PID=4714) to work on /home/airflow/.local/lib/python3.7/site-packages/airflow/example_dags/example_task_group_decorator.py
[2022-02-20 23:41:09,147] {processor.py:642} INFO - Processing file /home/airflow/.local/lib/python3.7/site-packages/airflow/example_dags/example_task_group_decorator.py for tasks to queue
[2022-02-20 23:41:09,152] {logging_mixin.py:109} INFO - [2022-02-20 23:41:09,152] {dagbag.py:500} INFO - Filling up the DagBag from /home/airflow/.local/lib/python3.7/site-packages/airflow/example_dags/example_task_group_decorator.py
[2022-02-20 23:41:09,289] {processor.py:654} INFO - DAG(s) dict_keys(['example_task_group_decorator']) retrieved from /home/airflow/.local/lib/python3.7/site-packages/airflow/example_dags/example_task_group_decorator.py
[2022-02-20 23:41:10,217] {logging_mixin.py:109} INFO - [2022-02-20 23:41:10,217] {dag.py:2396} INFO - Sync 1 DAGs
[2022-02-20 23:41:10,272] {logging_mixin.py:109} INFO - [2022-02-20 23:41:10,272] {dag.py:2935} INFO - Setting next_dagrun for example_task_group_decorator to 2022-02-19T23:41:10.270216+00:00
[2022-02-20 23:41:10,309] {processor.py:171} INFO - Processing /home/airflow/.local/lib/python3.7/site-packages/airflow/example_dags/example_task_group_decorator.py took 1.174 seconds
[2022-02-20 23:41:40,531] {processor.py:163} INFO - Started process (PID=4812) to work on /home/airflow/.local/lib/python3.7/site-packages/airflow/example_dags/example_task_group_decorator.py
[2022-02-20 23:41:40,536] {processor.py:642} INFO - Processing file /home/airflow/.local/lib/python3.7/site-packages/airflow/example_dags/example_task_group_decorator.py for tasks to queue
[2022-02-20 23:41:40,539] {logging_mixin.py:109} INFO - [2022-02-20 23:41:40,539] {dagbag.py:500} INFO - Filling up the DagBag from /home/airflow/.local/lib/python3.7/site-packages/airflow/example_dags/example_task_group_decorator.py
[2022-02-20 23:41:40,693] {processor.py:654} INFO - DAG(s) dict_keys(['example_task_group_decorator']) retrieved from /home/airflow/.local/lib/python3.7/site-packages/airflow/example_dags/example_task_group_decorator.py
[2022-02-20 23:41:41,758] {logging_mixin.py:109} INFO - [2022-02-20 23:41:41,757] {dag.py:2396} INFO - Sync 1 DAGs
[2022-02-20 23:41:41,814] {logging_mixin.py:109} INFO - [2022-02-20 23:41:41,814] {dag.py:2935} INFO - Setting next_dagrun for example_task_group_decorator to 2022-02-19T23:41:41.812524+00:00
[2022-02-20 23:41:41,852] {processor.py:171} INFO - Processing /home/airflow/.local/lib/python3.7/site-packages/airflow/example_dags/example_task_group_decorator.py took 1.331 seconds
[2022-02-20 23:42:12,013] {processor.py:163} INFO - Started process (PID=4893) to work on /home/airflow/.local/lib/python3.7/site-packages/airflow/example_dags/example_task_group_decorator.py
[2022-02-20 23:42:12,019] {processor.py:642} INFO - Processing file /home/airflow/.local/lib/python3.7/site-packages/airflow/example_dags/example_task_group_decorator.py for tasks to queue
[2022-02-20 23:42:12,021] {logging_mixin.py:109} INFO - [2022-02-20 23:42:12,021] {dagbag.py:500} INFO - Filling up the DagBag from /home/airflow/.local/lib/python3.7/site-packages/airflow/example_dags/example_task_group_decorator.py
[2022-02-20 23:42:12,157] {processor.py:654} INFO - DAG(s) dict_keys(['example_task_group_decorator']) retrieved from /home/airflow/.local/lib/python3.7/site-packages/airflow/example_dags/example_task_group_decorator.py
[2022-02-20 23:42:13,048] {logging_mixin.py:109} INFO - [2022-02-20 23:42:13,047] {dag.py:2396} INFO - Sync 1 DAGs
[2022-02-20 23:42:13,101] {logging_mixin.py:109} INFO - [2022-02-20 23:42:13,101] {dag.py:2935} INFO - Setting next_dagrun for example_task_group_decorator to 2022-02-19T23:42:13.099383+00:00
[2022-02-20 23:42:13,135] {processor.py:171} INFO - Processing /home/airflow/.local/lib/python3.7/site-packages/airflow/example_dags/example_task_group_decorator.py took 1.130 seconds
[2022-02-20 23:42:43,786] {processor.py:163} INFO - Started process (PID=4994) to work on /home/airflow/.local/lib/python3.7/site-packages/airflow/example_dags/example_task_group_decorator.py
[2022-02-20 23:42:43,791] {processor.py:642} INFO - Processing file /home/airflow/.local/lib/python3.7/site-packages/airflow/example_dags/example_task_group_decorator.py for tasks to queue
[2022-02-20 23:42:43,799] {logging_mixin.py:109} INFO - [2022-02-20 23:42:43,798] {dagbag.py:500} INFO - Filling up the DagBag from /home/airflow/.local/lib/python3.7/site-packages/airflow/example_dags/example_task_group_decorator.py
[2022-02-20 23:42:43,997] {processor.py:654} INFO - DAG(s) dict_keys(['example_task_group_decorator']) retrieved from /home/airflow/.local/lib/python3.7/site-packages/airflow/example_dags/example_task_group_decorator.py
[2022-02-20 23:42:45,160] {logging_mixin.py:109} INFO - [2022-02-20 23:42:45,160] {dag.py:2396} INFO - Sync 1 DAGs
[2022-02-20 23:42:45,218] {logging_mixin.py:109} INFO - [2022-02-20 23:42:45,217] {dag.py:2935} INFO - Setting next_dagrun for example_task_group_decorator to 2022-02-19T23:42:45.215606+00:00
[2022-02-20 23:42:45,262] {processor.py:171} INFO - Processing /home/airflow/.local/lib/python3.7/site-packages/airflow/example_dags/example_task_group_decorator.py took 1.483 seconds
[2022-02-20 23:43:15,523] {processor.py:163} INFO - Started process (PID=5095) to work on /home/airflow/.local/lib/python3.7/site-packages/airflow/example_dags/example_task_group_decorator.py
[2022-02-20 23:43:15,530] {processor.py:642} INFO - Processing file /home/airflow/.local/lib/python3.7/site-packages/airflow/example_dags/example_task_group_decorator.py for tasks to queue
[2022-02-20 23:43:15,532] {logging_mixin.py:109} INFO - [2022-02-20 23:43:15,532] {dagbag.py:500} INFO - Filling up the DagBag from /home/airflow/.local/lib/python3.7/site-packages/airflow/example_dags/example_task_group_decorator.py
[2022-02-20 23:43:15,697] {processor.py:654} INFO - DAG(s) dict_keys(['example_task_group_decorator']) retrieved from /home/airflow/.local/lib/python3.7/site-packages/airflow/example_dags/example_task_group_decorator.py
[2022-02-20 23:43:16,752] {logging_mixin.py:109} INFO - [2022-02-20 23:43:16,751] {dag.py:2396} INFO - Sync 1 DAGs
[2022-02-20 23:43:16,813] {logging_mixin.py:109} INFO - [2022-02-20 23:43:16,813] {dag.py:2935} INFO - Setting next_dagrun for example_task_group_decorator to 2022-02-19T23:43:16.811184+00:00
[2022-02-20 23:43:16,866] {processor.py:171} INFO - Processing /home/airflow/.local/lib/python3.7/site-packages/airflow/example_dags/example_task_group_decorator.py took 1.352 seconds
[2022-02-20 23:43:47,145] {processor.py:163} INFO - Started process (PID=5184) to work on /home/airflow/.local/lib/python3.7/site-packages/airflow/example_dags/example_task_group_decorator.py
[2022-02-20 23:43:47,152] {processor.py:642} INFO - Processing file /home/airflow/.local/lib/python3.7/site-packages/airflow/example_dags/example_task_group_decorator.py for tasks to queue
[2022-02-20 23:43:47,156] {logging_mixin.py:109} INFO - [2022-02-20 23:43:47,155] {dagbag.py:500} INFO - Filling up the DagBag from /home/airflow/.local/lib/python3.7/site-packages/airflow/example_dags/example_task_group_decorator.py
[2022-02-20 23:43:47,330] {processor.py:654} INFO - DAG(s) dict_keys(['example_task_group_decorator']) retrieved from /home/airflow/.local/lib/python3.7/site-packages/airflow/example_dags/example_task_group_decorator.py
[2022-02-20 23:43:48,970] {logging_mixin.py:109} INFO - [2022-02-20 23:43:48,969] {dag.py:2396} INFO - Sync 1 DAGs
[2022-02-20 23:43:49,120] {logging_mixin.py:109} INFO - [2022-02-20 23:43:49,119] {dag.py:2935} INFO - Setting next_dagrun for example_task_group_decorator to 2022-02-19T23:43:49.117781+00:00
[2022-02-20 23:43:49,191] {processor.py:171} INFO - Processing /home/airflow/.local/lib/python3.7/site-packages/airflow/example_dags/example_task_group_decorator.py took 2.054 seconds
[2022-02-20 23:44:19,472] {processor.py:163} INFO - Started process (PID=5285) to work on /home/airflow/.local/lib/python3.7/site-packages/airflow/example_dags/example_task_group_decorator.py
[2022-02-20 23:44:19,480] {processor.py:642} INFO - Processing file /home/airflow/.local/lib/python3.7/site-packages/airflow/example_dags/example_task_group_decorator.py for tasks to queue
[2022-02-20 23:44:19,484] {logging_mixin.py:109} INFO - [2022-02-20 23:44:19,484] {dagbag.py:500} INFO - Filling up the DagBag from /home/airflow/.local/lib/python3.7/site-packages/airflow/example_dags/example_task_group_decorator.py
[2022-02-20 23:44:19,667] {processor.py:654} INFO - DAG(s) dict_keys(['example_task_group_decorator']) retrieved from /home/airflow/.local/lib/python3.7/site-packages/airflow/example_dags/example_task_group_decorator.py
[2022-02-20 23:44:21,085] {logging_mixin.py:109} INFO - [2022-02-20 23:44:21,085] {dag.py:2396} INFO - Sync 1 DAGs
[2022-02-20 23:44:21,197] {logging_mixin.py:109} INFO - [2022-02-20 23:44:21,197] {dag.py:2935} INFO - Setting next_dagrun for example_task_group_decorator to 2022-02-19T23:44:21.191065+00:00
[2022-02-20 23:44:21,244] {processor.py:171} INFO - Processing /home/airflow/.local/lib/python3.7/site-packages/airflow/example_dags/example_task_group_decorator.py took 1.782 seconds
[2022-02-20 23:44:51,578] {processor.py:163} INFO - Started process (PID=5376) to work on /home/airflow/.local/lib/python3.7/site-packages/airflow/example_dags/example_task_group_decorator.py
[2022-02-20 23:44:51,589] {processor.py:642} INFO - Processing file /home/airflow/.local/lib/python3.7/site-packages/airflow/example_dags/example_task_group_decorator.py for tasks to queue
[2022-02-20 23:44:51,595] {logging_mixin.py:109} INFO - [2022-02-20 23:44:51,592] {dagbag.py:500} INFO - Filling up the DagBag from /home/airflow/.local/lib/python3.7/site-packages/airflow/example_dags/example_task_group_decorator.py
[2022-02-20 23:44:51,763] {processor.py:654} INFO - DAG(s) dict_keys(['example_task_group_decorator']) retrieved from /home/airflow/.local/lib/python3.7/site-packages/airflow/example_dags/example_task_group_decorator.py
[2022-02-20 23:44:52,728] {logging_mixin.py:109} INFO - [2022-02-20 23:44:52,728] {dag.py:2396} INFO - Sync 1 DAGs
[2022-02-20 23:44:52,774] {logging_mixin.py:109} INFO - [2022-02-20 23:44:52,773] {dag.py:2935} INFO - Setting next_dagrun for example_task_group_decorator to 2022-02-19T23:44:52.772560+00:00
[2022-02-20 23:44:52,805] {processor.py:171} INFO - Processing /home/airflow/.local/lib/python3.7/site-packages/airflow/example_dags/example_task_group_decorator.py took 1.236 seconds
[2022-02-20 23:45:23,338] {processor.py:163} INFO - Started process (PID=5477) to work on /home/airflow/.local/lib/python3.7/site-packages/airflow/example_dags/example_task_group_decorator.py
[2022-02-20 23:45:23,342] {processor.py:642} INFO - Processing file /home/airflow/.local/lib/python3.7/site-packages/airflow/example_dags/example_task_group_decorator.py for tasks to queue
[2022-02-20 23:45:23,345] {logging_mixin.py:109} INFO - [2022-02-20 23:45:23,345] {dagbag.py:500} INFO - Filling up the DagBag from /home/airflow/.local/lib/python3.7/site-packages/airflow/example_dags/example_task_group_decorator.py
[2022-02-20 23:45:23,518] {processor.py:654} INFO - DAG(s) dict_keys(['example_task_group_decorator']) retrieved from /home/airflow/.local/lib/python3.7/site-packages/airflow/example_dags/example_task_group_decorator.py
[2022-02-20 23:45:24,799] {logging_mixin.py:109} INFO - [2022-02-20 23:45:24,798] {dag.py:2396} INFO - Sync 1 DAGs
[2022-02-20 23:45:24,870] {logging_mixin.py:109} INFO - [2022-02-20 23:45:24,869] {dag.py:2935} INFO - Setting next_dagrun for example_task_group_decorator to 2022-02-19T23:45:24.867248+00:00
[2022-02-20 23:45:24,912] {processor.py:171} INFO - Processing /home/airflow/.local/lib/python3.7/site-packages/airflow/example_dags/example_task_group_decorator.py took 1.584 seconds
[2022-02-20 23:45:55,902] {processor.py:163} INFO - Started process (PID=5586) to work on /home/airflow/.local/lib/python3.7/site-packages/airflow/example_dags/example_task_group_decorator.py
[2022-02-20 23:45:55,906] {processor.py:642} INFO - Processing file /home/airflow/.local/lib/python3.7/site-packages/airflow/example_dags/example_task_group_decorator.py for tasks to queue
[2022-02-20 23:45:55,909] {logging_mixin.py:109} INFO - [2022-02-20 23:45:55,909] {dagbag.py:500} INFO - Filling up the DagBag from /home/airflow/.local/lib/python3.7/site-packages/airflow/example_dags/example_task_group_decorator.py
[2022-02-20 23:45:56,067] {processor.py:654} INFO - DAG(s) dict_keys(['example_task_group_decorator']) retrieved from /home/airflow/.local/lib/python3.7/site-packages/airflow/example_dags/example_task_group_decorator.py
[2022-02-20 23:45:57,164] {logging_mixin.py:109} INFO - [2022-02-20 23:45:57,164] {dag.py:2396} INFO - Sync 1 DAGs
[2022-02-20 23:45:57,221] {logging_mixin.py:109} INFO - [2022-02-20 23:45:57,220] {dag.py:2935} INFO - Setting next_dagrun for example_task_group_decorator to 2022-02-19T23:45:57.218789+00:00
[2022-02-20 23:45:57,263] {processor.py:171} INFO - Processing /home/airflow/.local/lib/python3.7/site-packages/airflow/example_dags/example_task_group_decorator.py took 1.370 seconds
[2022-02-20 23:46:28,454] {processor.py:163} INFO - Started process (PID=5675) to work on /home/airflow/.local/lib/python3.7/site-packages/airflow/example_dags/example_task_group_decorator.py
[2022-02-20 23:46:28,460] {processor.py:642} INFO - Processing file /home/airflow/.local/lib/python3.7/site-packages/airflow/example_dags/example_task_group_decorator.py for tasks to queue
[2022-02-20 23:46:28,493] {logging_mixin.py:109} INFO - [2022-02-20 23:46:28,490] {dagbag.py:500} INFO - Filling up the DagBag from /home/airflow/.local/lib/python3.7/site-packages/airflow/example_dags/example_task_group_decorator.py
[2022-02-20 23:46:28,681] {processor.py:654} INFO - DAG(s) dict_keys(['example_task_group_decorator']) retrieved from /home/airflow/.local/lib/python3.7/site-packages/airflow/example_dags/example_task_group_decorator.py
[2022-02-20 23:46:29,729] {logging_mixin.py:109} INFO - [2022-02-20 23:46:29,729] {dag.py:2396} INFO - Sync 1 DAGs
[2022-02-20 23:46:29,794] {logging_mixin.py:109} INFO - [2022-02-20 23:46:29,793] {dag.py:2935} INFO - Setting next_dagrun for example_task_group_decorator to 2022-02-19T23:46:29.791976+00:00
[2022-02-20 23:46:29,833] {processor.py:171} INFO - Processing /home/airflow/.local/lib/python3.7/site-packages/airflow/example_dags/example_task_group_decorator.py took 1.386 seconds
[2022-02-20 23:47:00,162] {processor.py:163} INFO - Started process (PID=5777) to work on /home/airflow/.local/lib/python3.7/site-packages/airflow/example_dags/example_task_group_decorator.py
[2022-02-20 23:47:00,167] {processor.py:642} INFO - Processing file /home/airflow/.local/lib/python3.7/site-packages/airflow/example_dags/example_task_group_decorator.py for tasks to queue
[2022-02-20 23:47:00,170] {logging_mixin.py:109} INFO - [2022-02-20 23:47:00,169] {dagbag.py:500} INFO - Filling up the DagBag from /home/airflow/.local/lib/python3.7/site-packages/airflow/example_dags/example_task_group_decorator.py
[2022-02-20 23:47:00,334] {processor.py:654} INFO - DAG(s) dict_keys(['example_task_group_decorator']) retrieved from /home/airflow/.local/lib/python3.7/site-packages/airflow/example_dags/example_task_group_decorator.py
[2022-02-20 23:47:01,458] {logging_mixin.py:109} INFO - [2022-02-20 23:47:01,458] {dag.py:2396} INFO - Sync 1 DAGs
[2022-02-20 23:47:01,512] {logging_mixin.py:109} INFO - [2022-02-20 23:47:01,511] {dag.py:2935} INFO - Setting next_dagrun for example_task_group_decorator to 2022-02-19T23:47:01.510421+00:00
[2022-02-20 23:47:01,548] {processor.py:171} INFO - Processing /home/airflow/.local/lib/python3.7/site-packages/airflow/example_dags/example_task_group_decorator.py took 1.395 seconds
[2022-02-20 23:47:31,726] {processor.py:163} INFO - Started process (PID=5864) to work on /home/airflow/.local/lib/python3.7/site-packages/airflow/example_dags/example_task_group_decorator.py
[2022-02-20 23:47:31,731] {processor.py:642} INFO - Processing file /home/airflow/.local/lib/python3.7/site-packages/airflow/example_dags/example_task_group_decorator.py for tasks to queue
[2022-02-20 23:47:31,733] {logging_mixin.py:109} INFO - [2022-02-20 23:47:31,733] {dagbag.py:500} INFO - Filling up the DagBag from /home/airflow/.local/lib/python3.7/site-packages/airflow/example_dags/example_task_group_decorator.py
[2022-02-20 23:47:31,868] {processor.py:654} INFO - DAG(s) dict_keys(['example_task_group_decorator']) retrieved from /home/airflow/.local/lib/python3.7/site-packages/airflow/example_dags/example_task_group_decorator.py
[2022-02-20 23:47:32,630] {logging_mixin.py:109} INFO - [2022-02-20 23:47:32,629] {dag.py:2396} INFO - Sync 1 DAGs
[2022-02-20 23:47:32,674] {logging_mixin.py:109} INFO - [2022-02-20 23:47:32,674] {dag.py:2935} INFO - Setting next_dagrun for example_task_group_decorator to 2022-02-19T23:47:32.672803+00:00
[2022-02-20 23:47:32,706] {processor.py:171} INFO - Processing /home/airflow/.local/lib/python3.7/site-packages/airflow/example_dags/example_task_group_decorator.py took 0.986 seconds
[2022-02-20 23:48:03,460] {processor.py:163} INFO - Started process (PID=5963) to work on /home/airflow/.local/lib/python3.7/site-packages/airflow/example_dags/example_task_group_decorator.py
[2022-02-20 23:48:03,465] {processor.py:642} INFO - Processing file /home/airflow/.local/lib/python3.7/site-packages/airflow/example_dags/example_task_group_decorator.py for tasks to queue
[2022-02-20 23:48:03,469] {logging_mixin.py:109} INFO - [2022-02-20 23:48:03,468] {dagbag.py:500} INFO - Filling up the DagBag from /home/airflow/.local/lib/python3.7/site-packages/airflow/example_dags/example_task_group_decorator.py
[2022-02-20 23:48:03,631] {processor.py:654} INFO - DAG(s) dict_keys(['example_task_group_decorator']) retrieved from /home/airflow/.local/lib/python3.7/site-packages/airflow/example_dags/example_task_group_decorator.py
[2022-02-20 23:48:04,694] {logging_mixin.py:109} INFO - [2022-02-20 23:48:04,694] {dag.py:2396} INFO - Sync 1 DAGs
[2022-02-20 23:48:04,761] {logging_mixin.py:109} INFO - [2022-02-20 23:48:04,761] {dag.py:2935} INFO - Setting next_dagrun for example_task_group_decorator to 2022-02-19T23:48:04.758789+00:00
[2022-02-20 23:48:04,808] {processor.py:171} INFO - Processing /home/airflow/.local/lib/python3.7/site-packages/airflow/example_dags/example_task_group_decorator.py took 1.357 seconds
[2022-02-20 23:48:35,422] {processor.py:163} INFO - Started process (PID=6054) to work on /home/airflow/.local/lib/python3.7/site-packages/airflow/example_dags/example_task_group_decorator.py
[2022-02-20 23:48:35,428] {processor.py:642} INFO - Processing file /home/airflow/.local/lib/python3.7/site-packages/airflow/example_dags/example_task_group_decorator.py for tasks to queue
[2022-02-20 23:48:35,431] {logging_mixin.py:109} INFO - [2022-02-20 23:48:35,430] {dagbag.py:500} INFO - Filling up the DagBag from /home/airflow/.local/lib/python3.7/site-packages/airflow/example_dags/example_task_group_decorator.py
[2022-02-20 23:48:35,635] {processor.py:654} INFO - DAG(s) dict_keys(['example_task_group_decorator']) retrieved from /home/airflow/.local/lib/python3.7/site-packages/airflow/example_dags/example_task_group_decorator.py
[2022-02-20 23:48:36,725] {logging_mixin.py:109} INFO - [2022-02-20 23:48:36,724] {dag.py:2396} INFO - Sync 1 DAGs
[2022-02-20 23:48:36,790] {logging_mixin.py:109} INFO - [2022-02-20 23:48:36,789] {dag.py:2935} INFO - Setting next_dagrun for example_task_group_decorator to 2022-02-19T23:48:36.787963+00:00
[2022-02-20 23:48:36,830] {processor.py:171} INFO - Processing /home/airflow/.local/lib/python3.7/site-packages/airflow/example_dags/example_task_group_decorator.py took 1.416 seconds
[2022-02-20 23:49:07,036] {processor.py:163} INFO - Started process (PID=6141) to work on /home/airflow/.local/lib/python3.7/site-packages/airflow/example_dags/example_task_group_decorator.py
[2022-02-20 23:49:07,041] {processor.py:642} INFO - Processing file /home/airflow/.local/lib/python3.7/site-packages/airflow/example_dags/example_task_group_decorator.py for tasks to queue
[2022-02-20 23:49:07,046] {logging_mixin.py:109} INFO - [2022-02-20 23:49:07,046] {dagbag.py:500} INFO - Filling up the DagBag from /home/airflow/.local/lib/python3.7/site-packages/airflow/example_dags/example_task_group_decorator.py
[2022-02-20 23:49:07,269] {processor.py:654} INFO - DAG(s) dict_keys(['example_task_group_decorator']) retrieved from /home/airflow/.local/lib/python3.7/site-packages/airflow/example_dags/example_task_group_decorator.py
[2022-02-20 23:49:08,798] {logging_mixin.py:109} INFO - [2022-02-20 23:49:08,797] {dag.py:2396} INFO - Sync 1 DAGs
[2022-02-20 23:49:08,867] {logging_mixin.py:109} INFO - [2022-02-20 23:49:08,866] {dag.py:2935} INFO - Setting next_dagrun for example_task_group_decorator to 2022-02-19T23:49:08.865296+00:00
[2022-02-20 23:49:08,922] {processor.py:171} INFO - Processing /home/airflow/.local/lib/python3.7/site-packages/airflow/example_dags/example_task_group_decorator.py took 1.895 seconds
[2022-02-20 23:49:39,587] {processor.py:163} INFO - Started process (PID=6240) to work on /home/airflow/.local/lib/python3.7/site-packages/airflow/example_dags/example_task_group_decorator.py
[2022-02-20 23:49:39,593] {processor.py:642} INFO - Processing file /home/airflow/.local/lib/python3.7/site-packages/airflow/example_dags/example_task_group_decorator.py for tasks to queue
[2022-02-20 23:49:39,596] {logging_mixin.py:109} INFO - [2022-02-20 23:49:39,595] {dagbag.py:500} INFO - Filling up the DagBag from /home/airflow/.local/lib/python3.7/site-packages/airflow/example_dags/example_task_group_decorator.py
[2022-02-20 23:49:39,969] {processor.py:654} INFO - DAG(s) dict_keys(['example_task_group_decorator']) retrieved from /home/airflow/.local/lib/python3.7/site-packages/airflow/example_dags/example_task_group_decorator.py
[2022-02-20 23:49:41,389] {logging_mixin.py:109} INFO - [2022-02-20 23:49:41,389] {dag.py:2396} INFO - Sync 1 DAGs
[2022-02-20 23:49:41,446] {logging_mixin.py:109} INFO - [2022-02-20 23:49:41,445] {dag.py:2935} INFO - Setting next_dagrun for example_task_group_decorator to 2022-02-19T23:49:41.443657+00:00
[2022-02-20 23:49:41,484] {processor.py:171} INFO - Processing /home/airflow/.local/lib/python3.7/site-packages/airflow/example_dags/example_task_group_decorator.py took 1.906 seconds
[2022-02-20 23:50:12,240] {processor.py:163} INFO - Started process (PID=6324) to work on /home/airflow/.local/lib/python3.7/site-packages/airflow/example_dags/example_task_group_decorator.py
[2022-02-20 23:50:12,244] {processor.py:642} INFO - Processing file /home/airflow/.local/lib/python3.7/site-packages/airflow/example_dags/example_task_group_decorator.py for tasks to queue
[2022-02-20 23:50:12,247] {logging_mixin.py:109} INFO - [2022-02-20 23:50:12,247] {dagbag.py:500} INFO - Filling up the DagBag from /home/airflow/.local/lib/python3.7/site-packages/airflow/example_dags/example_task_group_decorator.py
[2022-02-20 23:50:12,433] {processor.py:654} INFO - DAG(s) dict_keys(['example_task_group_decorator']) retrieved from /home/airflow/.local/lib/python3.7/site-packages/airflow/example_dags/example_task_group_decorator.py
[2022-02-20 23:50:13,270] {logging_mixin.py:109} INFO - [2022-02-20 23:50:13,270] {dag.py:2396} INFO - Sync 1 DAGs
[2022-02-20 23:50:13,314] {logging_mixin.py:109} INFO - [2022-02-20 23:50:13,314] {dag.py:2935} INFO - Setting next_dagrun for example_task_group_decorator to 2022-02-19T23:50:13.313036+00:00
[2022-02-20 23:50:13,343] {processor.py:171} INFO - Processing /home/airflow/.local/lib/python3.7/site-packages/airflow/example_dags/example_task_group_decorator.py took 1.111 seconds
[2022-02-20 23:50:43,941] {processor.py:163} INFO - Started process (PID=6424) to work on /home/airflow/.local/lib/python3.7/site-packages/airflow/example_dags/example_task_group_decorator.py
[2022-02-20 23:50:43,951] {processor.py:642} INFO - Processing file /home/airflow/.local/lib/python3.7/site-packages/airflow/example_dags/example_task_group_decorator.py for tasks to queue
[2022-02-20 23:50:43,956] {logging_mixin.py:109} INFO - [2022-02-20 23:50:43,955] {dagbag.py:500} INFO - Filling up the DagBag from /home/airflow/.local/lib/python3.7/site-packages/airflow/example_dags/example_task_group_decorator.py
[2022-02-20 23:50:44,169] {processor.py:654} INFO - DAG(s) dict_keys(['example_task_group_decorator']) retrieved from /home/airflow/.local/lib/python3.7/site-packages/airflow/example_dags/example_task_group_decorator.py
[2022-02-20 23:50:45,454] {logging_mixin.py:109} INFO - [2022-02-20 23:50:45,454] {dag.py:2396} INFO - Sync 1 DAGs
[2022-02-20 23:50:45,519] {logging_mixin.py:109} INFO - [2022-02-20 23:50:45,518] {dag.py:2935} INFO - Setting next_dagrun for example_task_group_decorator to 2022-02-19T23:50:45.516376+00:00
[2022-02-20 23:50:45,568] {processor.py:171} INFO - Processing /home/airflow/.local/lib/python3.7/site-packages/airflow/example_dags/example_task_group_decorator.py took 1.636 seconds
[2022-02-20 23:51:15,722] {processor.py:163} INFO - Started process (PID=6518) to work on /home/airflow/.local/lib/python3.7/site-packages/airflow/example_dags/example_task_group_decorator.py
[2022-02-20 23:51:15,729] {processor.py:642} INFO - Processing file /home/airflow/.local/lib/python3.7/site-packages/airflow/example_dags/example_task_group_decorator.py for tasks to queue
[2022-02-20 23:51:15,746] {logging_mixin.py:109} INFO - [2022-02-20 23:51:15,745] {dagbag.py:500} INFO - Filling up the DagBag from /home/airflow/.local/lib/python3.7/site-packages/airflow/example_dags/example_task_group_decorator.py
[2022-02-20 23:51:15,948] {processor.py:654} INFO - DAG(s) dict_keys(['example_task_group_decorator']) retrieved from /home/airflow/.local/lib/python3.7/site-packages/airflow/example_dags/example_task_group_decorator.py
[2022-02-20 23:51:17,226] {logging_mixin.py:109} INFO - [2022-02-20 23:51:17,225] {dag.py:2396} INFO - Sync 1 DAGs
[2022-02-20 23:51:17,291] {logging_mixin.py:109} INFO - [2022-02-20 23:51:17,291] {dag.py:2935} INFO - Setting next_dagrun for example_task_group_decorator to 2022-02-19T23:51:17.289742+00:00
[2022-02-20 23:51:17,334] {processor.py:171} INFO - Processing /home/airflow/.local/lib/python3.7/site-packages/airflow/example_dags/example_task_group_decorator.py took 1.621 seconds
[2022-02-20 23:51:47,432] {processor.py:163} INFO - Started process (PID=6605) to work on /home/airflow/.local/lib/python3.7/site-packages/airflow/example_dags/example_task_group_decorator.py
[2022-02-20 23:51:47,447] {processor.py:642} INFO - Processing file /home/airflow/.local/lib/python3.7/site-packages/airflow/example_dags/example_task_group_decorator.py for tasks to queue
[2022-02-20 23:51:47,451] {logging_mixin.py:109} INFO - [2022-02-20 23:51:47,451] {dagbag.py:500} INFO - Filling up the DagBag from /home/airflow/.local/lib/python3.7/site-packages/airflow/example_dags/example_task_group_decorator.py
[2022-02-20 23:51:47,622] {processor.py:654} INFO - DAG(s) dict_keys(['example_task_group_decorator']) retrieved from /home/airflow/.local/lib/python3.7/site-packages/airflow/example_dags/example_task_group_decorator.py
[2022-02-20 23:51:48,800] {logging_mixin.py:109} INFO - [2022-02-20 23:51:48,799] {dag.py:2396} INFO - Sync 1 DAGs
[2022-02-20 23:51:48,881] {logging_mixin.py:109} INFO - [2022-02-20 23:51:48,881] {dag.py:2935} INFO - Setting next_dagrun for example_task_group_decorator to 2022-02-19T23:51:48.878986+00:00
[2022-02-20 23:51:48,929] {processor.py:171} INFO - Processing /home/airflow/.local/lib/python3.7/site-packages/airflow/example_dags/example_task_group_decorator.py took 1.505 seconds
[2022-02-20 23:52:18,981] {processor.py:163} INFO - Started process (PID=6707) to work on /home/airflow/.local/lib/python3.7/site-packages/airflow/example_dags/example_task_group_decorator.py
[2022-02-20 23:52:18,987] {processor.py:642} INFO - Processing file /home/airflow/.local/lib/python3.7/site-packages/airflow/example_dags/example_task_group_decorator.py for tasks to queue
[2022-02-20 23:52:18,990] {logging_mixin.py:109} INFO - [2022-02-20 23:52:18,989] {dagbag.py:500} INFO - Filling up the DagBag from /home/airflow/.local/lib/python3.7/site-packages/airflow/example_dags/example_task_group_decorator.py
[2022-02-20 23:52:19,165] {processor.py:654} INFO - DAG(s) dict_keys(['example_task_group_decorator']) retrieved from /home/airflow/.local/lib/python3.7/site-packages/airflow/example_dags/example_task_group_decorator.py
[2022-02-20 23:52:20,205] {logging_mixin.py:109} INFO - [2022-02-20 23:52:20,204] {dag.py:2396} INFO - Sync 1 DAGs
[2022-02-20 23:52:20,260] {logging_mixin.py:109} INFO - [2022-02-20 23:52:20,260] {dag.py:2935} INFO - Setting next_dagrun for example_task_group_decorator to 2022-02-19T23:52:20.258477+00:00
[2022-02-20 23:52:20,303] {processor.py:171} INFO - Processing /home/airflow/.local/lib/python3.7/site-packages/airflow/example_dags/example_task_group_decorator.py took 1.330 seconds
[2022-02-20 23:52:50,439] {processor.py:163} INFO - Started process (PID=6787) to work on /home/airflow/.local/lib/python3.7/site-packages/airflow/example_dags/example_task_group_decorator.py
[2022-02-20 23:52:50,444] {processor.py:642} INFO - Processing file /home/airflow/.local/lib/python3.7/site-packages/airflow/example_dags/example_task_group_decorator.py for tasks to queue
[2022-02-20 23:52:50,447] {logging_mixin.py:109} INFO - [2022-02-20 23:52:50,446] {dagbag.py:500} INFO - Filling up the DagBag from /home/airflow/.local/lib/python3.7/site-packages/airflow/example_dags/example_task_group_decorator.py
[2022-02-20 23:52:50,592] {processor.py:654} INFO - DAG(s) dict_keys(['example_task_group_decorator']) retrieved from /home/airflow/.local/lib/python3.7/site-packages/airflow/example_dags/example_task_group_decorator.py
[2022-02-20 23:52:51,437] {logging_mixin.py:109} INFO - [2022-02-20 23:52:51,437] {dag.py:2396} INFO - Sync 1 DAGs
[2022-02-20 23:52:51,488] {logging_mixin.py:109} INFO - [2022-02-20 23:52:51,488] {dag.py:2935} INFO - Setting next_dagrun for example_task_group_decorator to 2022-02-19T23:52:51.487005+00:00
[2022-02-20 23:52:51,519] {processor.py:171} INFO - Processing /home/airflow/.local/lib/python3.7/site-packages/airflow/example_dags/example_task_group_decorator.py took 1.086 seconds
[2022-02-20 23:53:22,023] {processor.py:163} INFO - Started process (PID=6893) to work on /home/airflow/.local/lib/python3.7/site-packages/airflow/example_dags/example_task_group_decorator.py
[2022-02-20 23:53:22,034] {processor.py:642} INFO - Processing file /home/airflow/.local/lib/python3.7/site-packages/airflow/example_dags/example_task_group_decorator.py for tasks to queue
[2022-02-20 23:53:22,044] {logging_mixin.py:109} INFO - [2022-02-20 23:53:22,044] {dagbag.py:500} INFO - Filling up the DagBag from /home/airflow/.local/lib/python3.7/site-packages/airflow/example_dags/example_task_group_decorator.py
[2022-02-20 23:53:22,272] {processor.py:654} INFO - DAG(s) dict_keys(['example_task_group_decorator']) retrieved from /home/airflow/.local/lib/python3.7/site-packages/airflow/example_dags/example_task_group_decorator.py
[2022-02-20 23:53:23,307] {logging_mixin.py:109} INFO - [2022-02-20 23:53:23,306] {dag.py:2396} INFO - Sync 1 DAGs
[2022-02-20 23:53:23,368] {logging_mixin.py:109} INFO - [2022-02-20 23:53:23,368] {dag.py:2935} INFO - Setting next_dagrun for example_task_group_decorator to 2022-02-19T23:53:23.366479+00:00
[2022-02-20 23:53:23,409] {processor.py:171} INFO - Processing /home/airflow/.local/lib/python3.7/site-packages/airflow/example_dags/example_task_group_decorator.py took 1.401 seconds
[2022-02-20 23:53:53,473] {processor.py:163} INFO - Started process (PID=6976) to work on /home/airflow/.local/lib/python3.7/site-packages/airflow/example_dags/example_task_group_decorator.py
[2022-02-20 23:53:53,478] {processor.py:642} INFO - Processing file /home/airflow/.local/lib/python3.7/site-packages/airflow/example_dags/example_task_group_decorator.py for tasks to queue
[2022-02-20 23:53:53,481] {logging_mixin.py:109} INFO - [2022-02-20 23:53:53,480] {dagbag.py:500} INFO - Filling up the DagBag from /home/airflow/.local/lib/python3.7/site-packages/airflow/example_dags/example_task_group_decorator.py
[2022-02-20 23:53:53,605] {processor.py:654} INFO - DAG(s) dict_keys(['example_task_group_decorator']) retrieved from /home/airflow/.local/lib/python3.7/site-packages/airflow/example_dags/example_task_group_decorator.py
[2022-02-20 23:53:54,484] {logging_mixin.py:109} INFO - [2022-02-20 23:53:54,483] {dag.py:2396} INFO - Sync 1 DAGs
[2022-02-20 23:53:54,539] {logging_mixin.py:109} INFO - [2022-02-20 23:53:54,539] {dag.py:2935} INFO - Setting next_dagrun for example_task_group_decorator to 2022-02-19T23:53:54.537524+00:00
[2022-02-20 23:53:54,580] {processor.py:171} INFO - Processing /home/airflow/.local/lib/python3.7/site-packages/airflow/example_dags/example_task_group_decorator.py took 1.114 seconds
[2022-02-20 23:54:24,741] {processor.py:163} INFO - Started process (PID=7080) to work on /home/airflow/.local/lib/python3.7/site-packages/airflow/example_dags/example_task_group_decorator.py
[2022-02-20 23:54:24,747] {processor.py:642} INFO - Processing file /home/airflow/.local/lib/python3.7/site-packages/airflow/example_dags/example_task_group_decorator.py for tasks to queue
[2022-02-20 23:54:24,751] {logging_mixin.py:109} INFO - [2022-02-20 23:54:24,750] {dagbag.py:500} INFO - Filling up the DagBag from /home/airflow/.local/lib/python3.7/site-packages/airflow/example_dags/example_task_group_decorator.py
[2022-02-20 23:54:24,940] {processor.py:654} INFO - DAG(s) dict_keys(['example_task_group_decorator']) retrieved from /home/airflow/.local/lib/python3.7/site-packages/airflow/example_dags/example_task_group_decorator.py
[2022-02-20 23:54:26,030] {logging_mixin.py:109} INFO - [2022-02-20 23:54:26,029] {dag.py:2396} INFO - Sync 1 DAGs
[2022-02-20 23:54:26,091] {logging_mixin.py:109} INFO - [2022-02-20 23:54:26,091] {dag.py:2935} INFO - Setting next_dagrun for example_task_group_decorator to 2022-02-19T23:54:26.089017+00:00
[2022-02-20 23:54:26,129] {processor.py:171} INFO - Processing /home/airflow/.local/lib/python3.7/site-packages/airflow/example_dags/example_task_group_decorator.py took 1.398 seconds
[2022-02-20 23:54:56,400] {processor.py:163} INFO - Started process (PID=7179) to work on /home/airflow/.local/lib/python3.7/site-packages/airflow/example_dags/example_task_group_decorator.py
[2022-02-20 23:54:56,406] {processor.py:642} INFO - Processing file /home/airflow/.local/lib/python3.7/site-packages/airflow/example_dags/example_task_group_decorator.py for tasks to queue
[2022-02-20 23:54:56,410] {logging_mixin.py:109} INFO - [2022-02-20 23:54:56,409] {dagbag.py:500} INFO - Filling up the DagBag from /home/airflow/.local/lib/python3.7/site-packages/airflow/example_dags/example_task_group_decorator.py
[2022-02-20 23:54:56,566] {processor.py:654} INFO - DAG(s) dict_keys(['example_task_group_decorator']) retrieved from /home/airflow/.local/lib/python3.7/site-packages/airflow/example_dags/example_task_group_decorator.py
[2022-02-20 23:54:57,594] {logging_mixin.py:109} INFO - [2022-02-20 23:54:57,594] {dag.py:2396} INFO - Sync 1 DAGs
[2022-02-20 23:54:57,651] {logging_mixin.py:109} INFO - [2022-02-20 23:54:57,651] {dag.py:2935} INFO - Setting next_dagrun for example_task_group_decorator to 2022-02-19T23:54:57.649240+00:00
[2022-02-20 23:54:57,688] {processor.py:171} INFO - Processing /home/airflow/.local/lib/python3.7/site-packages/airflow/example_dags/example_task_group_decorator.py took 1.295 seconds
[2022-02-20 23:55:27,854] {processor.py:163} INFO - Started process (PID=7258) to work on /home/airflow/.local/lib/python3.7/site-packages/airflow/example_dags/example_task_group_decorator.py
[2022-02-20 23:55:27,859] {processor.py:642} INFO - Processing file /home/airflow/.local/lib/python3.7/site-packages/airflow/example_dags/example_task_group_decorator.py for tasks to queue
[2022-02-20 23:55:27,863] {logging_mixin.py:109} INFO - [2022-02-20 23:55:27,862] {dagbag.py:500} INFO - Filling up the DagBag from /home/airflow/.local/lib/python3.7/site-packages/airflow/example_dags/example_task_group_decorator.py
[2022-02-20 23:55:28,020] {processor.py:654} INFO - DAG(s) dict_keys(['example_task_group_decorator']) retrieved from /home/airflow/.local/lib/python3.7/site-packages/airflow/example_dags/example_task_group_decorator.py
[2022-02-20 23:55:29,165] {logging_mixin.py:109} INFO - [2022-02-20 23:55:29,165] {dag.py:2396} INFO - Sync 1 DAGs
[2022-02-20 23:55:29,224] {logging_mixin.py:109} INFO - [2022-02-20 23:55:29,223] {dag.py:2935} INFO - Setting next_dagrun for example_task_group_decorator to 2022-02-19T23:55:29.221959+00:00
[2022-02-20 23:55:29,261] {processor.py:171} INFO - Processing /home/airflow/.local/lib/python3.7/site-packages/airflow/example_dags/example_task_group_decorator.py took 1.416 seconds
[2022-02-20 23:55:59,469] {processor.py:163} INFO - Started process (PID=7356) to work on /home/airflow/.local/lib/python3.7/site-packages/airflow/example_dags/example_task_group_decorator.py
[2022-02-20 23:55:59,473] {processor.py:642} INFO - Processing file /home/airflow/.local/lib/python3.7/site-packages/airflow/example_dags/example_task_group_decorator.py for tasks to queue
[2022-02-20 23:55:59,476] {logging_mixin.py:109} INFO - [2022-02-20 23:55:59,476] {dagbag.py:500} INFO - Filling up the DagBag from /home/airflow/.local/lib/python3.7/site-packages/airflow/example_dags/example_task_group_decorator.py
[2022-02-20 23:55:59,647] {processor.py:654} INFO - DAG(s) dict_keys(['example_task_group_decorator']) retrieved from /home/airflow/.local/lib/python3.7/site-packages/airflow/example_dags/example_task_group_decorator.py
[2022-02-20 23:56:00,725] {logging_mixin.py:109} INFO - [2022-02-20 23:56:00,724] {dag.py:2396} INFO - Sync 1 DAGs
[2022-02-20 23:56:00,780] {logging_mixin.py:109} INFO - [2022-02-20 23:56:00,779] {dag.py:2935} INFO - Setting next_dagrun for example_task_group_decorator to 2022-02-19T23:56:00.778135+00:00
[2022-02-20 23:56:00,820] {processor.py:171} INFO - Processing /home/airflow/.local/lib/python3.7/site-packages/airflow/example_dags/example_task_group_decorator.py took 1.358 seconds
