[2022-02-20 23:15:06,810] {processor.py:163} INFO - Started process (PID=264) to work on /home/airflow/.local/lib/python3.7/site-packages/airflow/example_dags/tutorial_taskflow_api_etl.py
[2022-02-20 23:15:06,814] {processor.py:642} INFO - Processing file /home/airflow/.local/lib/python3.7/site-packages/airflow/example_dags/tutorial_taskflow_api_etl.py for tasks to queue
[2022-02-20 23:15:06,818] {logging_mixin.py:109} INFO - [2022-02-20 23:15:06,817] {dagbag.py:500} INFO - Filling up the DagBag from /home/airflow/.local/lib/python3.7/site-packages/airflow/example_dags/tutorial_taskflow_api_etl.py
[2022-02-20 23:15:06,940] {processor.py:654} INFO - DAG(s) dict_keys(['tutorial_taskflow_api_etl']) retrieved from /home/airflow/.local/lib/python3.7/site-packages/airflow/example_dags/tutorial_taskflow_api_etl.py
[2022-02-20 23:15:16,319] {logging_mixin.py:109} INFO - [2022-02-20 23:15:16,318] {manager.py:496} INFO - Created Permission View: can read on DAG:tutorial_taskflow_api_etl
[2022-02-20 23:15:16,353] {logging_mixin.py:109} INFO - [2022-02-20 23:15:16,352] {manager.py:496} INFO - Created Permission View: can edit on DAG:tutorial_taskflow_api_etl
[2022-02-20 23:15:16,356] {logging_mixin.py:109} INFO - [2022-02-20 23:15:16,355] {dag.py:2396} INFO - Sync 1 DAGs
[2022-02-20 23:15:16,407] {logging_mixin.py:109} INFO - [2022-02-20 23:15:16,406] {dag.py:2415} INFO - Creating ORM DAG for tutorial_taskflow_api_etl
[2022-02-20 23:15:16,438] {logging_mixin.py:109} INFO - [2022-02-20 23:15:16,438] {dag.py:2935} INFO - Setting next_dagrun for tutorial_taskflow_api_etl to None
[2022-02-20 23:15:16,488] {processor.py:171} INFO - Processing /home/airflow/.local/lib/python3.7/site-packages/airflow/example_dags/tutorial_taskflow_api_etl.py took 9.686 seconds
[2022-02-20 23:17:45,784] {processor.py:163} INFO - Started process (PID=635) to work on /home/airflow/.local/lib/python3.7/site-packages/airflow/example_dags/tutorial_taskflow_api_etl.py
[2022-02-20 23:17:45,791] {processor.py:642} INFO - Processing file /home/airflow/.local/lib/python3.7/site-packages/airflow/example_dags/tutorial_taskflow_api_etl.py for tasks to queue
[2022-02-20 23:17:45,795] {logging_mixin.py:109} INFO - [2022-02-20 23:17:45,794] {dagbag.py:500} INFO - Filling up the DagBag from /home/airflow/.local/lib/python3.7/site-packages/airflow/example_dags/tutorial_taskflow_api_etl.py
[2022-02-20 23:17:45,898] {processor.py:654} INFO - DAG(s) dict_keys(['tutorial_taskflow_api_etl']) retrieved from /home/airflow/.local/lib/python3.7/site-packages/airflow/example_dags/tutorial_taskflow_api_etl.py
[2022-02-20 23:17:47,085] {logging_mixin.py:109} INFO - [2022-02-20 23:17:47,085] {dag.py:2396} INFO - Sync 1 DAGs
[2022-02-20 23:17:47,142] {logging_mixin.py:109} INFO - [2022-02-20 23:17:47,142] {dag.py:2935} INFO - Setting next_dagrun for tutorial_taskflow_api_etl to None
[2022-02-20 23:17:47,180] {processor.py:171} INFO - Processing /home/airflow/.local/lib/python3.7/site-packages/airflow/example_dags/tutorial_taskflow_api_etl.py took 1.415 seconds
[2022-02-20 23:18:17,525] {processor.py:163} INFO - Started process (PID=739) to work on /home/airflow/.local/lib/python3.7/site-packages/airflow/example_dags/tutorial_taskflow_api_etl.py
[2022-02-20 23:18:17,530] {processor.py:642} INFO - Processing file /home/airflow/.local/lib/python3.7/site-packages/airflow/example_dags/tutorial_taskflow_api_etl.py for tasks to queue
[2022-02-20 23:18:17,535] {logging_mixin.py:109} INFO - [2022-02-20 23:18:17,534] {dagbag.py:500} INFO - Filling up the DagBag from /home/airflow/.local/lib/python3.7/site-packages/airflow/example_dags/tutorial_taskflow_api_etl.py
[2022-02-20 23:18:17,650] {processor.py:654} INFO - DAG(s) dict_keys(['tutorial_taskflow_api_etl']) retrieved from /home/airflow/.local/lib/python3.7/site-packages/airflow/example_dags/tutorial_taskflow_api_etl.py
[2022-02-20 23:18:18,823] {logging_mixin.py:109} INFO - [2022-02-20 23:18:18,823] {dag.py:2396} INFO - Sync 1 DAGs
[2022-02-20 23:18:18,880] {logging_mixin.py:109} INFO - [2022-02-20 23:18:18,880] {dag.py:2935} INFO - Setting next_dagrun for tutorial_taskflow_api_etl to None
[2022-02-20 23:18:18,932] {processor.py:171} INFO - Processing /home/airflow/.local/lib/python3.7/site-packages/airflow/example_dags/tutorial_taskflow_api_etl.py took 1.416 seconds
[2022-02-20 23:18:48,987] {processor.py:163} INFO - Started process (PID=827) to work on /home/airflow/.local/lib/python3.7/site-packages/airflow/example_dags/tutorial_taskflow_api_etl.py
[2022-02-20 23:18:48,991] {processor.py:642} INFO - Processing file /home/airflow/.local/lib/python3.7/site-packages/airflow/example_dags/tutorial_taskflow_api_etl.py for tasks to queue
[2022-02-20 23:18:48,994] {logging_mixin.py:109} INFO - [2022-02-20 23:18:48,994] {dagbag.py:500} INFO - Filling up the DagBag from /home/airflow/.local/lib/python3.7/site-packages/airflow/example_dags/tutorial_taskflow_api_etl.py
[2022-02-20 23:18:49,079] {processor.py:654} INFO - DAG(s) dict_keys(['tutorial_taskflow_api_etl']) retrieved from /home/airflow/.local/lib/python3.7/site-packages/airflow/example_dags/tutorial_taskflow_api_etl.py
[2022-02-20 23:18:49,980] {logging_mixin.py:109} INFO - [2022-02-20 23:18:49,979] {dag.py:2396} INFO - Sync 1 DAGs
[2022-02-20 23:18:50,041] {logging_mixin.py:109} INFO - [2022-02-20 23:18:50,040] {dag.py:2935} INFO - Setting next_dagrun for tutorial_taskflow_api_etl to None
[2022-02-20 23:18:50,075] {processor.py:171} INFO - Processing /home/airflow/.local/lib/python3.7/site-packages/airflow/example_dags/tutorial_taskflow_api_etl.py took 1.095 seconds
[2022-02-20 23:19:20,286] {processor.py:163} INFO - Started process (PID=924) to work on /home/airflow/.local/lib/python3.7/site-packages/airflow/example_dags/tutorial_taskflow_api_etl.py
[2022-02-20 23:19:20,293] {processor.py:642} INFO - Processing file /home/airflow/.local/lib/python3.7/site-packages/airflow/example_dags/tutorial_taskflow_api_etl.py for tasks to queue
[2022-02-20 23:19:20,298] {logging_mixin.py:109} INFO - [2022-02-20 23:19:20,297] {dagbag.py:500} INFO - Filling up the DagBag from /home/airflow/.local/lib/python3.7/site-packages/airflow/example_dags/tutorial_taskflow_api_etl.py
[2022-02-20 23:19:20,435] {processor.py:654} INFO - DAG(s) dict_keys(['tutorial_taskflow_api_etl']) retrieved from /home/airflow/.local/lib/python3.7/site-packages/airflow/example_dags/tutorial_taskflow_api_etl.py
[2022-02-20 23:19:21,508] {logging_mixin.py:109} INFO - [2022-02-20 23:19:21,507] {dag.py:2396} INFO - Sync 1 DAGs
[2022-02-20 23:19:21,565] {logging_mixin.py:109} INFO - [2022-02-20 23:19:21,564] {dag.py:2935} INFO - Setting next_dagrun for tutorial_taskflow_api_etl to None
[2022-02-20 23:19:21,603] {processor.py:171} INFO - Processing /home/airflow/.local/lib/python3.7/site-packages/airflow/example_dags/tutorial_taskflow_api_etl.py took 1.330 seconds
[2022-02-20 23:19:51,858] {processor.py:163} INFO - Started process (PID=1004) to work on /home/airflow/.local/lib/python3.7/site-packages/airflow/example_dags/tutorial_taskflow_api_etl.py
[2022-02-20 23:19:51,862] {processor.py:642} INFO - Processing file /home/airflow/.local/lib/python3.7/site-packages/airflow/example_dags/tutorial_taskflow_api_etl.py for tasks to queue
[2022-02-20 23:19:51,864] {logging_mixin.py:109} INFO - [2022-02-20 23:19:51,864] {dagbag.py:500} INFO - Filling up the DagBag from /home/airflow/.local/lib/python3.7/site-packages/airflow/example_dags/tutorial_taskflow_api_etl.py
[2022-02-20 23:19:51,931] {processor.py:654} INFO - DAG(s) dict_keys(['tutorial_taskflow_api_etl']) retrieved from /home/airflow/.local/lib/python3.7/site-packages/airflow/example_dags/tutorial_taskflow_api_etl.py
[2022-02-20 23:19:52,736] {logging_mixin.py:109} INFO - [2022-02-20 23:19:52,736] {dag.py:2396} INFO - Sync 1 DAGs
[2022-02-20 23:19:52,783] {logging_mixin.py:109} INFO - [2022-02-20 23:19:52,782] {dag.py:2935} INFO - Setting next_dagrun for tutorial_taskflow_api_etl to None
[2022-02-20 23:19:52,817] {processor.py:171} INFO - Processing /home/airflow/.local/lib/python3.7/site-packages/airflow/example_dags/tutorial_taskflow_api_etl.py took 0.964 seconds
[2022-02-20 23:20:23,009] {processor.py:163} INFO - Started process (PID=1101) to work on /home/airflow/.local/lib/python3.7/site-packages/airflow/example_dags/tutorial_taskflow_api_etl.py
[2022-02-20 23:20:23,016] {processor.py:642} INFO - Processing file /home/airflow/.local/lib/python3.7/site-packages/airflow/example_dags/tutorial_taskflow_api_etl.py for tasks to queue
[2022-02-20 23:20:23,029] {logging_mixin.py:109} INFO - [2022-02-20 23:20:23,019] {dagbag.py:500} INFO - Filling up the DagBag from /home/airflow/.local/lib/python3.7/site-packages/airflow/example_dags/tutorial_taskflow_api_etl.py
[2022-02-20 23:20:23,220] {processor.py:654} INFO - DAG(s) dict_keys(['tutorial_taskflow_api_etl']) retrieved from /home/airflow/.local/lib/python3.7/site-packages/airflow/example_dags/tutorial_taskflow_api_etl.py
[2022-02-20 23:20:24,280] {logging_mixin.py:109} INFO - [2022-02-20 23:20:24,279] {dag.py:2396} INFO - Sync 1 DAGs
[2022-02-20 23:20:24,379] {logging_mixin.py:109} INFO - [2022-02-20 23:20:24,378] {dag.py:2935} INFO - Setting next_dagrun for tutorial_taskflow_api_etl to None
[2022-02-20 23:20:24,416] {processor.py:171} INFO - Processing /home/airflow/.local/lib/python3.7/site-packages/airflow/example_dags/tutorial_taskflow_api_etl.py took 1.416 seconds
[2022-02-20 23:20:55,366] {processor.py:163} INFO - Started process (PID=1199) to work on /home/airflow/.local/lib/python3.7/site-packages/airflow/example_dags/tutorial_taskflow_api_etl.py
[2022-02-20 23:20:55,375] {processor.py:642} INFO - Processing file /home/airflow/.local/lib/python3.7/site-packages/airflow/example_dags/tutorial_taskflow_api_etl.py for tasks to queue
[2022-02-20 23:20:55,380] {logging_mixin.py:109} INFO - [2022-02-20 23:20:55,379] {dagbag.py:500} INFO - Filling up the DagBag from /home/airflow/.local/lib/python3.7/site-packages/airflow/example_dags/tutorial_taskflow_api_etl.py
[2022-02-20 23:20:55,540] {processor.py:654} INFO - DAG(s) dict_keys(['tutorial_taskflow_api_etl']) retrieved from /home/airflow/.local/lib/python3.7/site-packages/airflow/example_dags/tutorial_taskflow_api_etl.py
[2022-02-20 23:20:56,737] {logging_mixin.py:109} INFO - [2022-02-20 23:20:56,736] {dag.py:2396} INFO - Sync 1 DAGs
[2022-02-20 23:20:56,800] {logging_mixin.py:109} INFO - [2022-02-20 23:20:56,799] {dag.py:2935} INFO - Setting next_dagrun for tutorial_taskflow_api_etl to None
[2022-02-20 23:20:56,849] {processor.py:171} INFO - Processing /home/airflow/.local/lib/python3.7/site-packages/airflow/example_dags/tutorial_taskflow_api_etl.py took 1.505 seconds
[2022-02-20 23:21:27,196] {processor.py:163} INFO - Started process (PID=1279) to work on /home/airflow/.local/lib/python3.7/site-packages/airflow/example_dags/tutorial_taskflow_api_etl.py
[2022-02-20 23:21:27,215] {processor.py:642} INFO - Processing file /home/airflow/.local/lib/python3.7/site-packages/airflow/example_dags/tutorial_taskflow_api_etl.py for tasks to queue
[2022-02-20 23:21:27,221] {logging_mixin.py:109} INFO - [2022-02-20 23:21:27,221] {dagbag.py:500} INFO - Filling up the DagBag from /home/airflow/.local/lib/python3.7/site-packages/airflow/example_dags/tutorial_taskflow_api_etl.py
[2022-02-20 23:21:27,380] {processor.py:654} INFO - DAG(s) dict_keys(['tutorial_taskflow_api_etl']) retrieved from /home/airflow/.local/lib/python3.7/site-packages/airflow/example_dags/tutorial_taskflow_api_etl.py
[2022-02-20 23:21:28,810] {logging_mixin.py:109} INFO - [2022-02-20 23:21:28,810] {dag.py:2396} INFO - Sync 1 DAGs
[2022-02-20 23:21:28,889] {logging_mixin.py:109} INFO - [2022-02-20 23:21:28,888] {dag.py:2935} INFO - Setting next_dagrun for tutorial_taskflow_api_etl to None
[2022-02-20 23:21:28,948] {processor.py:171} INFO - Processing /home/airflow/.local/lib/python3.7/site-packages/airflow/example_dags/tutorial_taskflow_api_etl.py took 1.760 seconds
[2022-02-20 23:21:59,434] {processor.py:163} INFO - Started process (PID=1378) to work on /home/airflow/.local/lib/python3.7/site-packages/airflow/example_dags/tutorial_taskflow_api_etl.py
[2022-02-20 23:21:59,438] {processor.py:642} INFO - Processing file /home/airflow/.local/lib/python3.7/site-packages/airflow/example_dags/tutorial_taskflow_api_etl.py for tasks to queue
[2022-02-20 23:21:59,443] {logging_mixin.py:109} INFO - [2022-02-20 23:21:59,442] {dagbag.py:500} INFO - Filling up the DagBag from /home/airflow/.local/lib/python3.7/site-packages/airflow/example_dags/tutorial_taskflow_api_etl.py
[2022-02-20 23:21:59,550] {processor.py:654} INFO - DAG(s) dict_keys(['tutorial_taskflow_api_etl']) retrieved from /home/airflow/.local/lib/python3.7/site-packages/airflow/example_dags/tutorial_taskflow_api_etl.py
[2022-02-20 23:22:00,665] {logging_mixin.py:109} INFO - [2022-02-20 23:22:00,665] {dag.py:2396} INFO - Sync 1 DAGs
[2022-02-20 23:22:00,741] {logging_mixin.py:109} INFO - [2022-02-20 23:22:00,741] {dag.py:2935} INFO - Setting next_dagrun for tutorial_taskflow_api_etl to None
[2022-02-20 23:22:00,791] {processor.py:171} INFO - Processing /home/airflow/.local/lib/python3.7/site-packages/airflow/example_dags/tutorial_taskflow_api_etl.py took 1.365 seconds
[2022-02-20 23:22:31,068] {processor.py:163} INFO - Started process (PID=1459) to work on /home/airflow/.local/lib/python3.7/site-packages/airflow/example_dags/tutorial_taskflow_api_etl.py
[2022-02-20 23:22:31,072] {processor.py:642} INFO - Processing file /home/airflow/.local/lib/python3.7/site-packages/airflow/example_dags/tutorial_taskflow_api_etl.py for tasks to queue
[2022-02-20 23:22:31,074] {logging_mixin.py:109} INFO - [2022-02-20 23:22:31,074] {dagbag.py:500} INFO - Filling up the DagBag from /home/airflow/.local/lib/python3.7/site-packages/airflow/example_dags/tutorial_taskflow_api_etl.py
[2022-02-20 23:22:31,157] {processor.py:654} INFO - DAG(s) dict_keys(['tutorial_taskflow_api_etl']) retrieved from /home/airflow/.local/lib/python3.7/site-packages/airflow/example_dags/tutorial_taskflow_api_etl.py
[2022-02-20 23:22:32,007] {logging_mixin.py:109} INFO - [2022-02-20 23:22:32,007] {dag.py:2396} INFO - Sync 1 DAGs
[2022-02-20 23:22:32,059] {logging_mixin.py:109} INFO - [2022-02-20 23:22:32,058] {dag.py:2935} INFO - Setting next_dagrun for tutorial_taskflow_api_etl to None
[2022-02-20 23:22:32,091] {processor.py:171} INFO - Processing /home/airflow/.local/lib/python3.7/site-packages/airflow/example_dags/tutorial_taskflow_api_etl.py took 1.031 seconds
[2022-02-20 23:23:03,089] {processor.py:163} INFO - Started process (PID=1559) to work on /home/airflow/.local/lib/python3.7/site-packages/airflow/example_dags/tutorial_taskflow_api_etl.py
[2022-02-20 23:23:03,093] {processor.py:642} INFO - Processing file /home/airflow/.local/lib/python3.7/site-packages/airflow/example_dags/tutorial_taskflow_api_etl.py for tasks to queue
[2022-02-20 23:23:03,097] {logging_mixin.py:109} INFO - [2022-02-20 23:23:03,097] {dagbag.py:500} INFO - Filling up the DagBag from /home/airflow/.local/lib/python3.7/site-packages/airflow/example_dags/tutorial_taskflow_api_etl.py
[2022-02-20 23:23:03,197] {processor.py:654} INFO - DAG(s) dict_keys(['tutorial_taskflow_api_etl']) retrieved from /home/airflow/.local/lib/python3.7/site-packages/airflow/example_dags/tutorial_taskflow_api_etl.py
[2022-02-20 23:23:04,298] {logging_mixin.py:109} INFO - [2022-02-20 23:23:04,297] {dag.py:2396} INFO - Sync 1 DAGs
[2022-02-20 23:23:04,357] {logging_mixin.py:109} INFO - [2022-02-20 23:23:04,357] {dag.py:2935} INFO - Setting next_dagrun for tutorial_taskflow_api_etl to None
[2022-02-20 23:23:04,393] {processor.py:171} INFO - Processing /home/airflow/.local/lib/python3.7/site-packages/airflow/example_dags/tutorial_taskflow_api_etl.py took 1.312 seconds
[2022-02-20 23:23:35,101] {processor.py:163} INFO - Started process (PID=1651) to work on /home/airflow/.local/lib/python3.7/site-packages/airflow/example_dags/tutorial_taskflow_api_etl.py
[2022-02-20 23:23:35,111] {processor.py:642} INFO - Processing file /home/airflow/.local/lib/python3.7/site-packages/airflow/example_dags/tutorial_taskflow_api_etl.py for tasks to queue
[2022-02-20 23:23:35,117] {logging_mixin.py:109} INFO - [2022-02-20 23:23:35,117] {dagbag.py:500} INFO - Filling up the DagBag from /home/airflow/.local/lib/python3.7/site-packages/airflow/example_dags/tutorial_taskflow_api_etl.py
[2022-02-20 23:23:35,239] {processor.py:654} INFO - DAG(s) dict_keys(['tutorial_taskflow_api_etl']) retrieved from /home/airflow/.local/lib/python3.7/site-packages/airflow/example_dags/tutorial_taskflow_api_etl.py
[2022-02-20 23:23:36,365] {logging_mixin.py:109} INFO - [2022-02-20 23:23:36,365] {dag.py:2396} INFO - Sync 1 DAGs
[2022-02-20 23:23:36,423] {logging_mixin.py:109} INFO - [2022-02-20 23:23:36,422] {dag.py:2935} INFO - Setting next_dagrun for tutorial_taskflow_api_etl to None
[2022-02-20 23:23:36,461] {processor.py:171} INFO - Processing /home/airflow/.local/lib/python3.7/site-packages/airflow/example_dags/tutorial_taskflow_api_etl.py took 1.374 seconds
[2022-02-20 23:24:06,621] {processor.py:163} INFO - Started process (PID=1738) to work on /home/airflow/.local/lib/python3.7/site-packages/airflow/example_dags/tutorial_taskflow_api_etl.py
[2022-02-20 23:24:06,625] {processor.py:642} INFO - Processing file /home/airflow/.local/lib/python3.7/site-packages/airflow/example_dags/tutorial_taskflow_api_etl.py for tasks to queue
[2022-02-20 23:24:06,634] {logging_mixin.py:109} INFO - [2022-02-20 23:24:06,633] {dagbag.py:500} INFO - Filling up the DagBag from /home/airflow/.local/lib/python3.7/site-packages/airflow/example_dags/tutorial_taskflow_api_etl.py
[2022-02-20 23:24:06,733] {processor.py:654} INFO - DAG(s) dict_keys(['tutorial_taskflow_api_etl']) retrieved from /home/airflow/.local/lib/python3.7/site-packages/airflow/example_dags/tutorial_taskflow_api_etl.py
[2022-02-20 23:24:07,837] {logging_mixin.py:109} INFO - [2022-02-20 23:24:07,837] {dag.py:2396} INFO - Sync 1 DAGs
[2022-02-20 23:24:07,891] {logging_mixin.py:109} INFO - [2022-02-20 23:24:07,891] {dag.py:2935} INFO - Setting next_dagrun for tutorial_taskflow_api_etl to None
[2022-02-20 23:24:07,928] {processor.py:171} INFO - Processing /home/airflow/.local/lib/python3.7/site-packages/airflow/example_dags/tutorial_taskflow_api_etl.py took 1.315 seconds
[2022-02-20 23:24:38,067] {processor.py:163} INFO - Started process (PID=1836) to work on /home/airflow/.local/lib/python3.7/site-packages/airflow/example_dags/tutorial_taskflow_api_etl.py
[2022-02-20 23:24:38,072] {processor.py:642} INFO - Processing file /home/airflow/.local/lib/python3.7/site-packages/airflow/example_dags/tutorial_taskflow_api_etl.py for tasks to queue
[2022-02-20 23:24:38,076] {logging_mixin.py:109} INFO - [2022-02-20 23:24:38,076] {dagbag.py:500} INFO - Filling up the DagBag from /home/airflow/.local/lib/python3.7/site-packages/airflow/example_dags/tutorial_taskflow_api_etl.py
[2022-02-20 23:24:38,172] {processor.py:654} INFO - DAG(s) dict_keys(['tutorial_taskflow_api_etl']) retrieved from /home/airflow/.local/lib/python3.7/site-packages/airflow/example_dags/tutorial_taskflow_api_etl.py
[2022-02-20 23:24:39,359] {logging_mixin.py:109} INFO - [2022-02-20 23:24:39,358] {dag.py:2396} INFO - Sync 1 DAGs
[2022-02-20 23:24:39,417] {logging_mixin.py:109} INFO - [2022-02-20 23:24:39,416] {dag.py:2935} INFO - Setting next_dagrun for tutorial_taskflow_api_etl to None
[2022-02-20 23:24:39,457] {processor.py:171} INFO - Processing /home/airflow/.local/lib/python3.7/site-packages/airflow/example_dags/tutorial_taskflow_api_etl.py took 1.400 seconds
[2022-02-20 23:25:09,510] {processor.py:163} INFO - Started process (PID=1916) to work on /home/airflow/.local/lib/python3.7/site-packages/airflow/example_dags/tutorial_taskflow_api_etl.py
[2022-02-20 23:25:09,516] {processor.py:642} INFO - Processing file /home/airflow/.local/lib/python3.7/site-packages/airflow/example_dags/tutorial_taskflow_api_etl.py for tasks to queue
[2022-02-20 23:25:09,519] {logging_mixin.py:109} INFO - [2022-02-20 23:25:09,519] {dagbag.py:500} INFO - Filling up the DagBag from /home/airflow/.local/lib/python3.7/site-packages/airflow/example_dags/tutorial_taskflow_api_etl.py
[2022-02-20 23:25:09,613] {processor.py:654} INFO - DAG(s) dict_keys(['tutorial_taskflow_api_etl']) retrieved from /home/airflow/.local/lib/python3.7/site-packages/airflow/example_dags/tutorial_taskflow_api_etl.py
[2022-02-20 23:25:10,490] {logging_mixin.py:109} INFO - [2022-02-20 23:25:10,489] {dag.py:2396} INFO - Sync 1 DAGs
[2022-02-20 23:25:10,534] {logging_mixin.py:109} INFO - [2022-02-20 23:25:10,533] {dag.py:2935} INFO - Setting next_dagrun for tutorial_taskflow_api_etl to None
[2022-02-20 23:25:10,562] {processor.py:171} INFO - Processing /home/airflow/.local/lib/python3.7/site-packages/airflow/example_dags/tutorial_taskflow_api_etl.py took 1.059 seconds
[2022-02-20 23:25:40,755] {processor.py:163} INFO - Started process (PID=2013) to work on /home/airflow/.local/lib/python3.7/site-packages/airflow/example_dags/tutorial_taskflow_api_etl.py
[2022-02-20 23:25:40,764] {processor.py:642} INFO - Processing file /home/airflow/.local/lib/python3.7/site-packages/airflow/example_dags/tutorial_taskflow_api_etl.py for tasks to queue
[2022-02-20 23:25:40,768] {logging_mixin.py:109} INFO - [2022-02-20 23:25:40,767] {dagbag.py:500} INFO - Filling up the DagBag from /home/airflow/.local/lib/python3.7/site-packages/airflow/example_dags/tutorial_taskflow_api_etl.py
[2022-02-20 23:25:40,862] {processor.py:654} INFO - DAG(s) dict_keys(['tutorial_taskflow_api_etl']) retrieved from /home/airflow/.local/lib/python3.7/site-packages/airflow/example_dags/tutorial_taskflow_api_etl.py
[2022-02-20 23:25:41,966] {logging_mixin.py:109} INFO - [2022-02-20 23:25:41,965] {dag.py:2396} INFO - Sync 1 DAGs
[2022-02-20 23:25:42,027] {logging_mixin.py:109} INFO - [2022-02-20 23:25:42,026] {dag.py:2935} INFO - Setting next_dagrun for tutorial_taskflow_api_etl to None
[2022-02-20 23:25:42,065] {processor.py:171} INFO - Processing /home/airflow/.local/lib/python3.7/site-packages/airflow/example_dags/tutorial_taskflow_api_etl.py took 1.317 seconds
[2022-02-20 23:26:12,291] {processor.py:163} INFO - Started process (PID=2094) to work on /home/airflow/.local/lib/python3.7/site-packages/airflow/example_dags/tutorial_taskflow_api_etl.py
[2022-02-20 23:26:12,297] {processor.py:642} INFO - Processing file /home/airflow/.local/lib/python3.7/site-packages/airflow/example_dags/tutorial_taskflow_api_etl.py for tasks to queue
[2022-02-20 23:26:12,300] {logging_mixin.py:109} INFO - [2022-02-20 23:26:12,300] {dagbag.py:500} INFO - Filling up the DagBag from /home/airflow/.local/lib/python3.7/site-packages/airflow/example_dags/tutorial_taskflow_api_etl.py
[2022-02-20 23:26:12,367] {processor.py:654} INFO - DAG(s) dict_keys(['tutorial_taskflow_api_etl']) retrieved from /home/airflow/.local/lib/python3.7/site-packages/airflow/example_dags/tutorial_taskflow_api_etl.py
[2022-02-20 23:26:13,161] {logging_mixin.py:109} INFO - [2022-02-20 23:26:13,160] {dag.py:2396} INFO - Sync 1 DAGs
[2022-02-20 23:26:13,211] {logging_mixin.py:109} INFO - [2022-02-20 23:26:13,210] {dag.py:2935} INFO - Setting next_dagrun for tutorial_taskflow_api_etl to None
[2022-02-20 23:26:13,243] {processor.py:171} INFO - Processing /home/airflow/.local/lib/python3.7/site-packages/airflow/example_dags/tutorial_taskflow_api_etl.py took 0.958 seconds
[2022-02-20 23:26:43,509] {processor.py:163} INFO - Started process (PID=2192) to work on /home/airflow/.local/lib/python3.7/site-packages/airflow/example_dags/tutorial_taskflow_api_etl.py
[2022-02-20 23:26:43,515] {processor.py:642} INFO - Processing file /home/airflow/.local/lib/python3.7/site-packages/airflow/example_dags/tutorial_taskflow_api_etl.py for tasks to queue
[2022-02-20 23:26:43,519] {logging_mixin.py:109} INFO - [2022-02-20 23:26:43,518] {dagbag.py:500} INFO - Filling up the DagBag from /home/airflow/.local/lib/python3.7/site-packages/airflow/example_dags/tutorial_taskflow_api_etl.py
[2022-02-20 23:26:43,617] {processor.py:654} INFO - DAG(s) dict_keys(['tutorial_taskflow_api_etl']) retrieved from /home/airflow/.local/lib/python3.7/site-packages/airflow/example_dags/tutorial_taskflow_api_etl.py
[2022-02-20 23:26:44,756] {logging_mixin.py:109} INFO - [2022-02-20 23:26:44,755] {dag.py:2396} INFO - Sync 1 DAGs
[2022-02-20 23:26:44,815] {logging_mixin.py:109} INFO - [2022-02-20 23:26:44,815] {dag.py:2935} INFO - Setting next_dagrun for tutorial_taskflow_api_etl to None
[2022-02-20 23:26:44,869] {processor.py:171} INFO - Processing /home/airflow/.local/lib/python3.7/site-packages/airflow/example_dags/tutorial_taskflow_api_etl.py took 1.367 seconds
[2022-02-20 23:27:15,225] {processor.py:163} INFO - Started process (PID=2285) to work on /home/airflow/.local/lib/python3.7/site-packages/airflow/example_dags/tutorial_taskflow_api_etl.py
[2022-02-20 23:27:15,232] {processor.py:642} INFO - Processing file /home/airflow/.local/lib/python3.7/site-packages/airflow/example_dags/tutorial_taskflow_api_etl.py for tasks to queue
[2022-02-20 23:27:15,237] {logging_mixin.py:109} INFO - [2022-02-20 23:27:15,237] {dagbag.py:500} INFO - Filling up the DagBag from /home/airflow/.local/lib/python3.7/site-packages/airflow/example_dags/tutorial_taskflow_api_etl.py
[2022-02-20 23:27:15,335] {processor.py:654} INFO - DAG(s) dict_keys(['tutorial_taskflow_api_etl']) retrieved from /home/airflow/.local/lib/python3.7/site-packages/airflow/example_dags/tutorial_taskflow_api_etl.py
[2022-02-20 23:27:16,387] {logging_mixin.py:109} INFO - [2022-02-20 23:27:16,387] {dag.py:2396} INFO - Sync 1 DAGs
[2022-02-20 23:27:16,445] {logging_mixin.py:109} INFO - [2022-02-20 23:27:16,444] {dag.py:2935} INFO - Setting next_dagrun for tutorial_taskflow_api_etl to None
[2022-02-20 23:27:16,486] {processor.py:171} INFO - Processing /home/airflow/.local/lib/python3.7/site-packages/airflow/example_dags/tutorial_taskflow_api_etl.py took 1.270 seconds
[2022-02-20 23:27:46,620] {processor.py:163} INFO - Started process (PID=2372) to work on /home/airflow/.local/lib/python3.7/site-packages/airflow/example_dags/tutorial_taskflow_api_etl.py
[2022-02-20 23:27:46,625] {processor.py:642} INFO - Processing file /home/airflow/.local/lib/python3.7/site-packages/airflow/example_dags/tutorial_taskflow_api_etl.py for tasks to queue
[2022-02-20 23:27:46,629] {logging_mixin.py:109} INFO - [2022-02-20 23:27:46,629] {dagbag.py:500} INFO - Filling up the DagBag from /home/airflow/.local/lib/python3.7/site-packages/airflow/example_dags/tutorial_taskflow_api_etl.py
[2022-02-20 23:27:46,746] {processor.py:654} INFO - DAG(s) dict_keys(['tutorial_taskflow_api_etl']) retrieved from /home/airflow/.local/lib/python3.7/site-packages/airflow/example_dags/tutorial_taskflow_api_etl.py
[2022-02-20 23:27:47,816] {logging_mixin.py:109} INFO - [2022-02-20 23:27:47,816] {dag.py:2396} INFO - Sync 1 DAGs
[2022-02-20 23:27:47,874] {logging_mixin.py:109} INFO - [2022-02-20 23:27:47,874] {dag.py:2935} INFO - Setting next_dagrun for tutorial_taskflow_api_etl to None
[2022-02-20 23:27:47,911] {processor.py:171} INFO - Processing /home/airflow/.local/lib/python3.7/site-packages/airflow/example_dags/tutorial_taskflow_api_etl.py took 1.299 seconds
[2022-02-20 23:28:18,355] {processor.py:163} INFO - Started process (PID=2469) to work on /home/airflow/.local/lib/python3.7/site-packages/airflow/example_dags/tutorial_taskflow_api_etl.py
[2022-02-20 23:28:18,360] {processor.py:642} INFO - Processing file /home/airflow/.local/lib/python3.7/site-packages/airflow/example_dags/tutorial_taskflow_api_etl.py for tasks to queue
[2022-02-20 23:28:18,363] {logging_mixin.py:109} INFO - [2022-02-20 23:28:18,362] {dagbag.py:500} INFO - Filling up the DagBag from /home/airflow/.local/lib/python3.7/site-packages/airflow/example_dags/tutorial_taskflow_api_etl.py
[2022-02-20 23:28:18,450] {processor.py:654} INFO - DAG(s) dict_keys(['tutorial_taskflow_api_etl']) retrieved from /home/airflow/.local/lib/python3.7/site-packages/airflow/example_dags/tutorial_taskflow_api_etl.py
[2022-02-20 23:28:19,475] {logging_mixin.py:109} INFO - [2022-02-20 23:28:19,474] {dag.py:2396} INFO - Sync 1 DAGs
[2022-02-20 23:28:19,527] {logging_mixin.py:109} INFO - [2022-02-20 23:28:19,526] {dag.py:2935} INFO - Setting next_dagrun for tutorial_taskflow_api_etl to None
[2022-02-20 23:28:19,564] {processor.py:171} INFO - Processing /home/airflow/.local/lib/python3.7/site-packages/airflow/example_dags/tutorial_taskflow_api_etl.py took 1.217 seconds
[2022-02-20 23:28:50,238] {processor.py:163} INFO - Started process (PID=2550) to work on /home/airflow/.local/lib/python3.7/site-packages/airflow/example_dags/tutorial_taskflow_api_etl.py
[2022-02-20 23:28:50,244] {processor.py:642} INFO - Processing file /home/airflow/.local/lib/python3.7/site-packages/airflow/example_dags/tutorial_taskflow_api_etl.py for tasks to queue
[2022-02-20 23:28:50,248] {logging_mixin.py:109} INFO - [2022-02-20 23:28:50,247] {dagbag.py:500} INFO - Filling up the DagBag from /home/airflow/.local/lib/python3.7/site-packages/airflow/example_dags/tutorial_taskflow_api_etl.py
[2022-02-20 23:28:50,340] {processor.py:654} INFO - DAG(s) dict_keys(['tutorial_taskflow_api_etl']) retrieved from /home/airflow/.local/lib/python3.7/site-packages/airflow/example_dags/tutorial_taskflow_api_etl.py
[2022-02-20 23:28:51,251] {logging_mixin.py:109} INFO - [2022-02-20 23:28:51,250] {dag.py:2396} INFO - Sync 1 DAGs
[2022-02-20 23:28:51,304] {logging_mixin.py:109} INFO - [2022-02-20 23:28:51,303] {dag.py:2935} INFO - Setting next_dagrun for tutorial_taskflow_api_etl to None
[2022-02-20 23:28:51,346] {processor.py:171} INFO - Processing /home/airflow/.local/lib/python3.7/site-packages/airflow/example_dags/tutorial_taskflow_api_etl.py took 1.114 seconds
[2022-02-20 23:29:21,585] {processor.py:163} INFO - Started process (PID=2649) to work on /home/airflow/.local/lib/python3.7/site-packages/airflow/example_dags/tutorial_taskflow_api_etl.py
[2022-02-20 23:29:21,590] {processor.py:642} INFO - Processing file /home/airflow/.local/lib/python3.7/site-packages/airflow/example_dags/tutorial_taskflow_api_etl.py for tasks to queue
[2022-02-20 23:29:21,593] {logging_mixin.py:109} INFO - [2022-02-20 23:29:21,593] {dagbag.py:500} INFO - Filling up the DagBag from /home/airflow/.local/lib/python3.7/site-packages/airflow/example_dags/tutorial_taskflow_api_etl.py
[2022-02-20 23:29:21,696] {processor.py:654} INFO - DAG(s) dict_keys(['tutorial_taskflow_api_etl']) retrieved from /home/airflow/.local/lib/python3.7/site-packages/airflow/example_dags/tutorial_taskflow_api_etl.py
[2022-02-20 23:29:22,754] {logging_mixin.py:109} INFO - [2022-02-20 23:29:22,753] {dag.py:2396} INFO - Sync 1 DAGs
[2022-02-20 23:29:22,815] {logging_mixin.py:109} INFO - [2022-02-20 23:29:22,814] {dag.py:2935} INFO - Setting next_dagrun for tutorial_taskflow_api_etl to None
[2022-02-20 23:29:22,855] {processor.py:171} INFO - Processing /home/airflow/.local/lib/python3.7/site-packages/airflow/example_dags/tutorial_taskflow_api_etl.py took 1.278 seconds
[2022-02-20 23:29:53,184] {processor.py:163} INFO - Started process (PID=2730) to work on /home/airflow/.local/lib/python3.7/site-packages/airflow/example_dags/tutorial_taskflow_api_etl.py
[2022-02-20 23:29:53,190] {processor.py:642} INFO - Processing file /home/airflow/.local/lib/python3.7/site-packages/airflow/example_dags/tutorial_taskflow_api_etl.py for tasks to queue
[2022-02-20 23:29:53,195] {logging_mixin.py:109} INFO - [2022-02-20 23:29:53,194] {dagbag.py:500} INFO - Filling up the DagBag from /home/airflow/.local/lib/python3.7/site-packages/airflow/example_dags/tutorial_taskflow_api_etl.py
[2022-02-20 23:29:53,286] {processor.py:654} INFO - DAG(s) dict_keys(['tutorial_taskflow_api_etl']) retrieved from /home/airflow/.local/lib/python3.7/site-packages/airflow/example_dags/tutorial_taskflow_api_etl.py
[2022-02-20 23:29:54,350] {logging_mixin.py:109} INFO - [2022-02-20 23:29:54,349] {dag.py:2396} INFO - Sync 1 DAGs
[2022-02-20 23:29:54,406] {logging_mixin.py:109} INFO - [2022-02-20 23:29:54,405] {dag.py:2935} INFO - Setting next_dagrun for tutorial_taskflow_api_etl to None
[2022-02-20 23:29:54,445] {processor.py:171} INFO - Processing /home/airflow/.local/lib/python3.7/site-packages/airflow/example_dags/tutorial_taskflow_api_etl.py took 1.268 seconds
[2022-02-20 23:30:24,550] {processor.py:163} INFO - Started process (PID=2828) to work on /home/airflow/.local/lib/python3.7/site-packages/airflow/example_dags/tutorial_taskflow_api_etl.py
[2022-02-20 23:30:24,556] {processor.py:642} INFO - Processing file /home/airflow/.local/lib/python3.7/site-packages/airflow/example_dags/tutorial_taskflow_api_etl.py for tasks to queue
[2022-02-20 23:30:24,560] {logging_mixin.py:109} INFO - [2022-02-20 23:30:24,559] {dagbag.py:500} INFO - Filling up the DagBag from /home/airflow/.local/lib/python3.7/site-packages/airflow/example_dags/tutorial_taskflow_api_etl.py
[2022-02-20 23:30:24,652] {processor.py:654} INFO - DAG(s) dict_keys(['tutorial_taskflow_api_etl']) retrieved from /home/airflow/.local/lib/python3.7/site-packages/airflow/example_dags/tutorial_taskflow_api_etl.py
[2022-02-20 23:30:25,687] {logging_mixin.py:109} INFO - [2022-02-20 23:30:25,686] {dag.py:2396} INFO - Sync 1 DAGs
[2022-02-20 23:30:25,739] {logging_mixin.py:109} INFO - [2022-02-20 23:30:25,739] {dag.py:2935} INFO - Setting next_dagrun for tutorial_taskflow_api_etl to None
[2022-02-20 23:30:25,777] {processor.py:171} INFO - Processing /home/airflow/.local/lib/python3.7/site-packages/airflow/example_dags/tutorial_taskflow_api_etl.py took 1.236 seconds
[2022-02-20 23:30:55,855] {processor.py:163} INFO - Started process (PID=2928) to work on /home/airflow/.local/lib/python3.7/site-packages/airflow/example_dags/tutorial_taskflow_api_etl.py
[2022-02-20 23:30:55,860] {processor.py:642} INFO - Processing file /home/airflow/.local/lib/python3.7/site-packages/airflow/example_dags/tutorial_taskflow_api_etl.py for tasks to queue
[2022-02-20 23:30:55,863] {logging_mixin.py:109} INFO - [2022-02-20 23:30:55,862] {dagbag.py:500} INFO - Filling up the DagBag from /home/airflow/.local/lib/python3.7/site-packages/airflow/example_dags/tutorial_taskflow_api_etl.py
[2022-02-20 23:30:55,952] {processor.py:654} INFO - DAG(s) dict_keys(['tutorial_taskflow_api_etl']) retrieved from /home/airflow/.local/lib/python3.7/site-packages/airflow/example_dags/tutorial_taskflow_api_etl.py
[2022-02-20 23:30:56,946] {logging_mixin.py:109} INFO - [2022-02-20 23:30:56,945] {dag.py:2396} INFO - Sync 1 DAGs
[2022-02-20 23:30:56,999] {logging_mixin.py:109} INFO - [2022-02-20 23:30:56,999] {dag.py:2935} INFO - Setting next_dagrun for tutorial_taskflow_api_etl to None
[2022-02-20 23:30:57,042] {processor.py:171} INFO - Processing /home/airflow/.local/lib/python3.7/site-packages/airflow/example_dags/tutorial_taskflow_api_etl.py took 1.194 seconds
[2022-02-20 23:31:27,213] {processor.py:163} INFO - Started process (PID=3010) to work on /home/airflow/.local/lib/python3.7/site-packages/airflow/example_dags/tutorial_taskflow_api_etl.py
[2022-02-20 23:31:27,218] {processor.py:642} INFO - Processing file /home/airflow/.local/lib/python3.7/site-packages/airflow/example_dags/tutorial_taskflow_api_etl.py for tasks to queue
[2022-02-20 23:31:27,221] {logging_mixin.py:109} INFO - [2022-02-20 23:31:27,220] {dagbag.py:500} INFO - Filling up the DagBag from /home/airflow/.local/lib/python3.7/site-packages/airflow/example_dags/tutorial_taskflow_api_etl.py
[2022-02-20 23:31:27,314] {processor.py:654} INFO - DAG(s) dict_keys(['tutorial_taskflow_api_etl']) retrieved from /home/airflow/.local/lib/python3.7/site-packages/airflow/example_dags/tutorial_taskflow_api_etl.py
[2022-02-20 23:31:28,286] {logging_mixin.py:109} INFO - [2022-02-20 23:31:28,285] {dag.py:2396} INFO - Sync 1 DAGs
[2022-02-20 23:31:28,332] {logging_mixin.py:109} INFO - [2022-02-20 23:31:28,331] {dag.py:2935} INFO - Setting next_dagrun for tutorial_taskflow_api_etl to None
[2022-02-20 23:31:28,362] {processor.py:171} INFO - Processing /home/airflow/.local/lib/python3.7/site-packages/airflow/example_dags/tutorial_taskflow_api_etl.py took 1.158 seconds
[2022-02-20 23:31:58,574] {processor.py:163} INFO - Started process (PID=3114) to work on /home/airflow/.local/lib/python3.7/site-packages/airflow/example_dags/tutorial_taskflow_api_etl.py
[2022-02-20 23:31:58,582] {processor.py:642} INFO - Processing file /home/airflow/.local/lib/python3.7/site-packages/airflow/example_dags/tutorial_taskflow_api_etl.py for tasks to queue
[2022-02-20 23:31:58,587] {logging_mixin.py:109} INFO - [2022-02-20 23:31:58,587] {dagbag.py:500} INFO - Filling up the DagBag from /home/airflow/.local/lib/python3.7/site-packages/airflow/example_dags/tutorial_taskflow_api_etl.py
[2022-02-20 23:31:58,686] {processor.py:654} INFO - DAG(s) dict_keys(['tutorial_taskflow_api_etl']) retrieved from /home/airflow/.local/lib/python3.7/site-packages/airflow/example_dags/tutorial_taskflow_api_etl.py
[2022-02-20 23:31:59,718] {logging_mixin.py:109} INFO - [2022-02-20 23:31:59,717] {dag.py:2396} INFO - Sync 1 DAGs
[2022-02-20 23:31:59,775] {logging_mixin.py:109} INFO - [2022-02-20 23:31:59,774] {dag.py:2935} INFO - Setting next_dagrun for tutorial_taskflow_api_etl to None
[2022-02-20 23:31:59,811] {processor.py:171} INFO - Processing /home/airflow/.local/lib/python3.7/site-packages/airflow/example_dags/tutorial_taskflow_api_etl.py took 1.245 seconds
[2022-02-20 23:32:29,853] {processor.py:163} INFO - Started process (PID=3195) to work on /home/airflow/.local/lib/python3.7/site-packages/airflow/example_dags/tutorial_taskflow_api_etl.py
[2022-02-20 23:32:29,858] {processor.py:642} INFO - Processing file /home/airflow/.local/lib/python3.7/site-packages/airflow/example_dags/tutorial_taskflow_api_etl.py for tasks to queue
[2022-02-20 23:32:29,861] {logging_mixin.py:109} INFO - [2022-02-20 23:32:29,861] {dagbag.py:500} INFO - Filling up the DagBag from /home/airflow/.local/lib/python3.7/site-packages/airflow/example_dags/tutorial_taskflow_api_etl.py
[2022-02-20 23:32:29,932] {processor.py:654} INFO - DAG(s) dict_keys(['tutorial_taskflow_api_etl']) retrieved from /home/airflow/.local/lib/python3.7/site-packages/airflow/example_dags/tutorial_taskflow_api_etl.py
[2022-02-20 23:32:30,782] {logging_mixin.py:109} INFO - [2022-02-20 23:32:30,781] {dag.py:2396} INFO - Sync 1 DAGs
[2022-02-20 23:32:30,829] {logging_mixin.py:109} INFO - [2022-02-20 23:32:30,828] {dag.py:2935} INFO - Setting next_dagrun for tutorial_taskflow_api_etl to None
[2022-02-20 23:32:30,859] {processor.py:171} INFO - Processing /home/airflow/.local/lib/python3.7/site-packages/airflow/example_dags/tutorial_taskflow_api_etl.py took 1.013 seconds
[2022-02-20 23:33:01,045] {processor.py:163} INFO - Started process (PID=3292) to work on /home/airflow/.local/lib/python3.7/site-packages/airflow/example_dags/tutorial_taskflow_api_etl.py
[2022-02-20 23:33:01,052] {processor.py:642} INFO - Processing file /home/airflow/.local/lib/python3.7/site-packages/airflow/example_dags/tutorial_taskflow_api_etl.py for tasks to queue
[2022-02-20 23:33:01,055] {logging_mixin.py:109} INFO - [2022-02-20 23:33:01,055] {dagbag.py:500} INFO - Filling up the DagBag from /home/airflow/.local/lib/python3.7/site-packages/airflow/example_dags/tutorial_taskflow_api_etl.py
[2022-02-20 23:33:01,146] {processor.py:654} INFO - DAG(s) dict_keys(['tutorial_taskflow_api_etl']) retrieved from /home/airflow/.local/lib/python3.7/site-packages/airflow/example_dags/tutorial_taskflow_api_etl.py
[2022-02-20 23:33:02,217] {logging_mixin.py:109} INFO - [2022-02-20 23:33:02,216] {dag.py:2396} INFO - Sync 1 DAGs
[2022-02-20 23:33:02,272] {logging_mixin.py:109} INFO - [2022-02-20 23:33:02,272] {dag.py:2935} INFO - Setting next_dagrun for tutorial_taskflow_api_etl to None
[2022-02-20 23:33:02,308] {processor.py:171} INFO - Processing /home/airflow/.local/lib/python3.7/site-packages/airflow/example_dags/tutorial_taskflow_api_etl.py took 1.272 seconds
[2022-02-20 23:33:32,559] {processor.py:163} INFO - Started process (PID=3375) to work on /home/airflow/.local/lib/python3.7/site-packages/airflow/example_dags/tutorial_taskflow_api_etl.py
[2022-02-20 23:33:32,563] {processor.py:642} INFO - Processing file /home/airflow/.local/lib/python3.7/site-packages/airflow/example_dags/tutorial_taskflow_api_etl.py for tasks to queue
[2022-02-20 23:33:32,566] {logging_mixin.py:109} INFO - [2022-02-20 23:33:32,565] {dagbag.py:500} INFO - Filling up the DagBag from /home/airflow/.local/lib/python3.7/site-packages/airflow/example_dags/tutorial_taskflow_api_etl.py
[2022-02-20 23:33:32,633] {processor.py:654} INFO - DAG(s) dict_keys(['tutorial_taskflow_api_etl']) retrieved from /home/airflow/.local/lib/python3.7/site-packages/airflow/example_dags/tutorial_taskflow_api_etl.py
[2022-02-20 23:33:33,492] {logging_mixin.py:109} INFO - [2022-02-20 23:33:33,491] {dag.py:2396} INFO - Sync 1 DAGs
[2022-02-20 23:33:33,535] {logging_mixin.py:109} INFO - [2022-02-20 23:33:33,534] {dag.py:2935} INFO - Setting next_dagrun for tutorial_taskflow_api_etl to None
[2022-02-20 23:33:33,566] {processor.py:171} INFO - Processing /home/airflow/.local/lib/python3.7/site-packages/airflow/example_dags/tutorial_taskflow_api_etl.py took 1.012 seconds
[2022-02-20 23:34:04,271] {processor.py:163} INFO - Started process (PID=3475) to work on /home/airflow/.local/lib/python3.7/site-packages/airflow/example_dags/tutorial_taskflow_api_etl.py
[2022-02-20 23:34:04,277] {processor.py:642} INFO - Processing file /home/airflow/.local/lib/python3.7/site-packages/airflow/example_dags/tutorial_taskflow_api_etl.py for tasks to queue
[2022-02-20 23:34:04,280] {logging_mixin.py:109} INFO - [2022-02-20 23:34:04,279] {dagbag.py:500} INFO - Filling up the DagBag from /home/airflow/.local/lib/python3.7/site-packages/airflow/example_dags/tutorial_taskflow_api_etl.py
[2022-02-20 23:34:04,371] {processor.py:654} INFO - DAG(s) dict_keys(['tutorial_taskflow_api_etl']) retrieved from /home/airflow/.local/lib/python3.7/site-packages/airflow/example_dags/tutorial_taskflow_api_etl.py
[2022-02-20 23:34:05,408] {logging_mixin.py:109} INFO - [2022-02-20 23:34:05,407] {dag.py:2396} INFO - Sync 1 DAGs
[2022-02-20 23:34:05,464] {logging_mixin.py:109} INFO - [2022-02-20 23:34:05,464] {dag.py:2935} INFO - Setting next_dagrun for tutorial_taskflow_api_etl to None
[2022-02-20 23:34:05,502] {processor.py:171} INFO - Processing /home/airflow/.local/lib/python3.7/site-packages/airflow/example_dags/tutorial_taskflow_api_etl.py took 1.239 seconds
[2022-02-20 23:34:35,860] {processor.py:163} INFO - Started process (PID=3574) to work on /home/airflow/.local/lib/python3.7/site-packages/airflow/example_dags/tutorial_taskflow_api_etl.py
[2022-02-20 23:34:35,864] {processor.py:642} INFO - Processing file /home/airflow/.local/lib/python3.7/site-packages/airflow/example_dags/tutorial_taskflow_api_etl.py for tasks to queue
[2022-02-20 23:34:35,868] {logging_mixin.py:109} INFO - [2022-02-20 23:34:35,868] {dagbag.py:500} INFO - Filling up the DagBag from /home/airflow/.local/lib/python3.7/site-packages/airflow/example_dags/tutorial_taskflow_api_etl.py
[2022-02-20 23:34:35,981] {processor.py:654} INFO - DAG(s) dict_keys(['tutorial_taskflow_api_etl']) retrieved from /home/airflow/.local/lib/python3.7/site-packages/airflow/example_dags/tutorial_taskflow_api_etl.py
[2022-02-20 23:34:37,077] {logging_mixin.py:109} INFO - [2022-02-20 23:34:37,076] {dag.py:2396} INFO - Sync 1 DAGs
[2022-02-20 23:34:37,135] {logging_mixin.py:109} INFO - [2022-02-20 23:34:37,134] {dag.py:2935} INFO - Setting next_dagrun for tutorial_taskflow_api_etl to None
[2022-02-20 23:34:37,174] {processor.py:171} INFO - Processing /home/airflow/.local/lib/python3.7/site-packages/airflow/example_dags/tutorial_taskflow_api_etl.py took 1.322 seconds
[2022-02-20 23:35:07,988] {processor.py:163} INFO - Started process (PID=3658) to work on /home/airflow/.local/lib/python3.7/site-packages/airflow/example_dags/tutorial_taskflow_api_etl.py
[2022-02-20 23:35:07,993] {processor.py:642} INFO - Processing file /home/airflow/.local/lib/python3.7/site-packages/airflow/example_dags/tutorial_taskflow_api_etl.py for tasks to queue
[2022-02-20 23:35:07,999] {logging_mixin.py:109} INFO - [2022-02-20 23:35:07,999] {dagbag.py:500} INFO - Filling up the DagBag from /home/airflow/.local/lib/python3.7/site-packages/airflow/example_dags/tutorial_taskflow_api_etl.py
[2022-02-20 23:35:08,085] {processor.py:654} INFO - DAG(s) dict_keys(['tutorial_taskflow_api_etl']) retrieved from /home/airflow/.local/lib/python3.7/site-packages/airflow/example_dags/tutorial_taskflow_api_etl.py
[2022-02-20 23:35:09,054] {logging_mixin.py:109} INFO - [2022-02-20 23:35:09,054] {dag.py:2396} INFO - Sync 1 DAGs
[2022-02-20 23:35:09,102] {logging_mixin.py:109} INFO - [2022-02-20 23:35:09,102] {dag.py:2935} INFO - Setting next_dagrun for tutorial_taskflow_api_etl to None
[2022-02-20 23:35:09,136] {processor.py:171} INFO - Processing /home/airflow/.local/lib/python3.7/site-packages/airflow/example_dags/tutorial_taskflow_api_etl.py took 1.155 seconds
[2022-02-20 23:35:39,867] {processor.py:163} INFO - Started process (PID=3762) to work on /home/airflow/.local/lib/python3.7/site-packages/airflow/example_dags/tutorial_taskflow_api_etl.py
[2022-02-20 23:35:39,872] {processor.py:642} INFO - Processing file /home/airflow/.local/lib/python3.7/site-packages/airflow/example_dags/tutorial_taskflow_api_etl.py for tasks to queue
[2022-02-20 23:35:39,875] {logging_mixin.py:109} INFO - [2022-02-20 23:35:39,875] {dagbag.py:500} INFO - Filling up the DagBag from /home/airflow/.local/lib/python3.7/site-packages/airflow/example_dags/tutorial_taskflow_api_etl.py
[2022-02-20 23:35:39,962] {processor.py:654} INFO - DAG(s) dict_keys(['tutorial_taskflow_api_etl']) retrieved from /home/airflow/.local/lib/python3.7/site-packages/airflow/example_dags/tutorial_taskflow_api_etl.py
[2022-02-20 23:35:41,099] {logging_mixin.py:109} INFO - [2022-02-20 23:35:41,099] {dag.py:2396} INFO - Sync 1 DAGs
[2022-02-20 23:35:41,153] {logging_mixin.py:109} INFO - [2022-02-20 23:35:41,152] {dag.py:2935} INFO - Setting next_dagrun for tutorial_taskflow_api_etl to None
[2022-02-20 23:35:41,190] {processor.py:171} INFO - Processing /home/airflow/.local/lib/python3.7/site-packages/airflow/example_dags/tutorial_taskflow_api_etl.py took 1.331 seconds
[2022-02-20 23:36:11,613] {processor.py:163} INFO - Started process (PID=3847) to work on /home/airflow/.local/lib/python3.7/site-packages/airflow/example_dags/tutorial_taskflow_api_etl.py
[2022-02-20 23:36:11,617] {processor.py:642} INFO - Processing file /home/airflow/.local/lib/python3.7/site-packages/airflow/example_dags/tutorial_taskflow_api_etl.py for tasks to queue
[2022-02-20 23:36:11,619] {logging_mixin.py:109} INFO - [2022-02-20 23:36:11,619] {dagbag.py:500} INFO - Filling up the DagBag from /home/airflow/.local/lib/python3.7/site-packages/airflow/example_dags/tutorial_taskflow_api_etl.py
[2022-02-20 23:36:11,692] {processor.py:654} INFO - DAG(s) dict_keys(['tutorial_taskflow_api_etl']) retrieved from /home/airflow/.local/lib/python3.7/site-packages/airflow/example_dags/tutorial_taskflow_api_etl.py
[2022-02-20 23:36:12,588] {logging_mixin.py:109} INFO - [2022-02-20 23:36:12,587] {dag.py:2396} INFO - Sync 1 DAGs
[2022-02-20 23:36:12,641] {logging_mixin.py:109} INFO - [2022-02-20 23:36:12,640] {dag.py:2935} INFO - Setting next_dagrun for tutorial_taskflow_api_etl to None
[2022-02-20 23:36:12,673] {processor.py:171} INFO - Processing /home/airflow/.local/lib/python3.7/site-packages/airflow/example_dags/tutorial_taskflow_api_etl.py took 1.067 seconds
[2022-02-20 23:36:43,342] {processor.py:163} INFO - Started process (PID=3946) to work on /home/airflow/.local/lib/python3.7/site-packages/airflow/example_dags/tutorial_taskflow_api_etl.py
[2022-02-20 23:36:43,348] {processor.py:642} INFO - Processing file /home/airflow/.local/lib/python3.7/site-packages/airflow/example_dags/tutorial_taskflow_api_etl.py for tasks to queue
[2022-02-20 23:36:43,359] {logging_mixin.py:109} INFO - [2022-02-20 23:36:43,357] {dagbag.py:500} INFO - Filling up the DagBag from /home/airflow/.local/lib/python3.7/site-packages/airflow/example_dags/tutorial_taskflow_api_etl.py
[2022-02-20 23:36:43,486] {processor.py:654} INFO - DAG(s) dict_keys(['tutorial_taskflow_api_etl']) retrieved from /home/airflow/.local/lib/python3.7/site-packages/airflow/example_dags/tutorial_taskflow_api_etl.py
[2022-02-20 23:36:44,666] {logging_mixin.py:109} INFO - [2022-02-20 23:36:44,665] {dag.py:2396} INFO - Sync 1 DAGs
[2022-02-20 23:36:44,727] {logging_mixin.py:109} INFO - [2022-02-20 23:36:44,727] {dag.py:2935} INFO - Setting next_dagrun for tutorial_taskflow_api_etl to None
[2022-02-20 23:36:44,766] {processor.py:171} INFO - Processing /home/airflow/.local/lib/python3.7/site-packages/airflow/example_dags/tutorial_taskflow_api_etl.py took 1.434 seconds
[2022-02-20 23:37:15,444] {processor.py:163} INFO - Started process (PID=4044) to work on /home/airflow/.local/lib/python3.7/site-packages/airflow/example_dags/tutorial_taskflow_api_etl.py
[2022-02-20 23:37:15,458] {processor.py:642} INFO - Processing file /home/airflow/.local/lib/python3.7/site-packages/airflow/example_dags/tutorial_taskflow_api_etl.py for tasks to queue
[2022-02-20 23:37:15,464] {logging_mixin.py:109} INFO - [2022-02-20 23:37:15,463] {dagbag.py:500} INFO - Filling up the DagBag from /home/airflow/.local/lib/python3.7/site-packages/airflow/example_dags/tutorial_taskflow_api_etl.py
[2022-02-20 23:37:15,603] {processor.py:654} INFO - DAG(s) dict_keys(['tutorial_taskflow_api_etl']) retrieved from /home/airflow/.local/lib/python3.7/site-packages/airflow/example_dags/tutorial_taskflow_api_etl.py
[2022-02-20 23:37:17,136] {logging_mixin.py:109} INFO - [2022-02-20 23:37:17,136] {dag.py:2396} INFO - Sync 1 DAGs
[2022-02-20 23:37:17,221] {logging_mixin.py:109} INFO - [2022-02-20 23:37:17,220] {dag.py:2935} INFO - Setting next_dagrun for tutorial_taskflow_api_etl to None
[2022-02-20 23:37:17,282] {processor.py:171} INFO - Processing /home/airflow/.local/lib/python3.7/site-packages/airflow/example_dags/tutorial_taskflow_api_etl.py took 1.856 seconds
[2022-02-20 23:37:47,596] {processor.py:163} INFO - Started process (PID=4136) to work on /home/airflow/.local/lib/python3.7/site-packages/airflow/example_dags/tutorial_taskflow_api_etl.py
[2022-02-20 23:37:47,601] {processor.py:642} INFO - Processing file /home/airflow/.local/lib/python3.7/site-packages/airflow/example_dags/tutorial_taskflow_api_etl.py for tasks to queue
[2022-02-20 23:37:47,605] {logging_mixin.py:109} INFO - [2022-02-20 23:37:47,605] {dagbag.py:500} INFO - Filling up the DagBag from /home/airflow/.local/lib/python3.7/site-packages/airflow/example_dags/tutorial_taskflow_api_etl.py
[2022-02-20 23:37:47,706] {processor.py:654} INFO - DAG(s) dict_keys(['tutorial_taskflow_api_etl']) retrieved from /home/airflow/.local/lib/python3.7/site-packages/airflow/example_dags/tutorial_taskflow_api_etl.py
[2022-02-20 23:37:48,846] {logging_mixin.py:109} INFO - [2022-02-20 23:37:48,845] {dag.py:2396} INFO - Sync 1 DAGs
[2022-02-20 23:37:48,908] {logging_mixin.py:109} INFO - [2022-02-20 23:37:48,908] {dag.py:2935} INFO - Setting next_dagrun for tutorial_taskflow_api_etl to None
[2022-02-20 23:37:48,955] {processor.py:171} INFO - Processing /home/airflow/.local/lib/python3.7/site-packages/airflow/example_dags/tutorial_taskflow_api_etl.py took 1.370 seconds
[2022-02-20 23:38:19,129] {processor.py:163} INFO - Started process (PID=4236) to work on /home/airflow/.local/lib/python3.7/site-packages/airflow/example_dags/tutorial_taskflow_api_etl.py
[2022-02-20 23:38:19,134] {processor.py:642} INFO - Processing file /home/airflow/.local/lib/python3.7/site-packages/airflow/example_dags/tutorial_taskflow_api_etl.py for tasks to queue
[2022-02-20 23:38:19,137] {logging_mixin.py:109} INFO - [2022-02-20 23:38:19,136] {dagbag.py:500} INFO - Filling up the DagBag from /home/airflow/.local/lib/python3.7/site-packages/airflow/example_dags/tutorial_taskflow_api_etl.py
[2022-02-20 23:38:19,245] {processor.py:654} INFO - DAG(s) dict_keys(['tutorial_taskflow_api_etl']) retrieved from /home/airflow/.local/lib/python3.7/site-packages/airflow/example_dags/tutorial_taskflow_api_etl.py
[2022-02-20 23:38:20,688] {logging_mixin.py:109} INFO - [2022-02-20 23:38:20,687] {dag.py:2396} INFO - Sync 1 DAGs
[2022-02-20 23:38:20,755] {logging_mixin.py:109} INFO - [2022-02-20 23:38:20,754] {dag.py:2935} INFO - Setting next_dagrun for tutorial_taskflow_api_etl to None
[2022-02-20 23:38:20,817] {processor.py:171} INFO - Processing /home/airflow/.local/lib/python3.7/site-packages/airflow/example_dags/tutorial_taskflow_api_etl.py took 1.701 seconds
[2022-02-20 23:38:51,007] {processor.py:163} INFO - Started process (PID=4323) to work on /home/airflow/.local/lib/python3.7/site-packages/airflow/example_dags/tutorial_taskflow_api_etl.py
[2022-02-20 23:38:51,012] {processor.py:642} INFO - Processing file /home/airflow/.local/lib/python3.7/site-packages/airflow/example_dags/tutorial_taskflow_api_etl.py for tasks to queue
[2022-02-20 23:38:51,014] {logging_mixin.py:109} INFO - [2022-02-20 23:38:51,014] {dagbag.py:500} INFO - Filling up the DagBag from /home/airflow/.local/lib/python3.7/site-packages/airflow/example_dags/tutorial_taskflow_api_etl.py
[2022-02-20 23:38:51,103] {processor.py:654} INFO - DAG(s) dict_keys(['tutorial_taskflow_api_etl']) retrieved from /home/airflow/.local/lib/python3.7/site-packages/airflow/example_dags/tutorial_taskflow_api_etl.py
[2022-02-20 23:38:52,094] {logging_mixin.py:109} INFO - [2022-02-20 23:38:52,094] {dag.py:2396} INFO - Sync 1 DAGs
[2022-02-20 23:38:52,146] {logging_mixin.py:109} INFO - [2022-02-20 23:38:52,145] {dag.py:2935} INFO - Setting next_dagrun for tutorial_taskflow_api_etl to None
[2022-02-20 23:38:52,179] {processor.py:171} INFO - Processing /home/airflow/.local/lib/python3.7/site-packages/airflow/example_dags/tutorial_taskflow_api_etl.py took 1.181 seconds
[2022-02-20 23:39:22,435] {processor.py:163} INFO - Started process (PID=4431) to work on /home/airflow/.local/lib/python3.7/site-packages/airflow/example_dags/tutorial_taskflow_api_etl.py
[2022-02-20 23:39:22,449] {processor.py:642} INFO - Processing file /home/airflow/.local/lib/python3.7/site-packages/airflow/example_dags/tutorial_taskflow_api_etl.py for tasks to queue
[2022-02-20 23:39:22,452] {logging_mixin.py:109} INFO - [2022-02-20 23:39:22,452] {dagbag.py:500} INFO - Filling up the DagBag from /home/airflow/.local/lib/python3.7/site-packages/airflow/example_dags/tutorial_taskflow_api_etl.py
[2022-02-20 23:39:22,582] {processor.py:654} INFO - DAG(s) dict_keys(['tutorial_taskflow_api_etl']) retrieved from /home/airflow/.local/lib/python3.7/site-packages/airflow/example_dags/tutorial_taskflow_api_etl.py
[2022-02-20 23:39:23,898] {logging_mixin.py:109} INFO - [2022-02-20 23:39:23,898] {dag.py:2396} INFO - Sync 1 DAGs
[2022-02-20 23:39:23,963] {logging_mixin.py:109} INFO - [2022-02-20 23:39:23,962] {dag.py:2935} INFO - Setting next_dagrun for tutorial_taskflow_api_etl to None
[2022-02-20 23:39:24,004] {processor.py:171} INFO - Processing /home/airflow/.local/lib/python3.7/site-packages/airflow/example_dags/tutorial_taskflow_api_etl.py took 1.584 seconds
[2022-02-20 23:39:54,407] {processor.py:163} INFO - Started process (PID=4522) to work on /home/airflow/.local/lib/python3.7/site-packages/airflow/example_dags/tutorial_taskflow_api_etl.py
[2022-02-20 23:39:54,413] {processor.py:642} INFO - Processing file /home/airflow/.local/lib/python3.7/site-packages/airflow/example_dags/tutorial_taskflow_api_etl.py for tasks to queue
[2022-02-20 23:39:54,416] {logging_mixin.py:109} INFO - [2022-02-20 23:39:54,416] {dagbag.py:500} INFO - Filling up the DagBag from /home/airflow/.local/lib/python3.7/site-packages/airflow/example_dags/tutorial_taskflow_api_etl.py
[2022-02-20 23:39:54,512] {processor.py:654} INFO - DAG(s) dict_keys(['tutorial_taskflow_api_etl']) retrieved from /home/airflow/.local/lib/python3.7/site-packages/airflow/example_dags/tutorial_taskflow_api_etl.py
[2022-02-20 23:39:55,537] {logging_mixin.py:109} INFO - [2022-02-20 23:39:55,536] {dag.py:2396} INFO - Sync 1 DAGs
[2022-02-20 23:39:55,592] {logging_mixin.py:109} INFO - [2022-02-20 23:39:55,592] {dag.py:2935} INFO - Setting next_dagrun for tutorial_taskflow_api_etl to None
[2022-02-20 23:39:55,629] {processor.py:171} INFO - Processing /home/airflow/.local/lib/python3.7/site-packages/airflow/example_dags/tutorial_taskflow_api_etl.py took 1.230 seconds
[2022-02-20 23:40:25,799] {processor.py:163} INFO - Started process (PID=4609) to work on /home/airflow/.local/lib/python3.7/site-packages/airflow/example_dags/tutorial_taskflow_api_etl.py
[2022-02-20 23:40:25,805] {processor.py:642} INFO - Processing file /home/airflow/.local/lib/python3.7/site-packages/airflow/example_dags/tutorial_taskflow_api_etl.py for tasks to queue
[2022-02-20 23:40:25,809] {logging_mixin.py:109} INFO - [2022-02-20 23:40:25,808] {dagbag.py:500} INFO - Filling up the DagBag from /home/airflow/.local/lib/python3.7/site-packages/airflow/example_dags/tutorial_taskflow_api_etl.py
[2022-02-20 23:40:25,905] {processor.py:654} INFO - DAG(s) dict_keys(['tutorial_taskflow_api_etl']) retrieved from /home/airflow/.local/lib/python3.7/site-packages/airflow/example_dags/tutorial_taskflow_api_etl.py
[2022-02-20 23:40:26,920] {logging_mixin.py:109} INFO - [2022-02-20 23:40:26,920] {dag.py:2396} INFO - Sync 1 DAGs
[2022-02-20 23:40:26,979] {logging_mixin.py:109} INFO - [2022-02-20 23:40:26,978] {dag.py:2935} INFO - Setting next_dagrun for tutorial_taskflow_api_etl to None
[2022-02-20 23:40:27,017] {processor.py:171} INFO - Processing /home/airflow/.local/lib/python3.7/site-packages/airflow/example_dags/tutorial_taskflow_api_etl.py took 1.226 seconds
[2022-02-20 23:40:57,658] {processor.py:163} INFO - Started process (PID=4706) to work on /home/airflow/.local/lib/python3.7/site-packages/airflow/example_dags/tutorial_taskflow_api_etl.py
[2022-02-20 23:40:57,663] {processor.py:642} INFO - Processing file /home/airflow/.local/lib/python3.7/site-packages/airflow/example_dags/tutorial_taskflow_api_etl.py for tasks to queue
[2022-02-20 23:40:57,667] {logging_mixin.py:109} INFO - [2022-02-20 23:40:57,666] {dagbag.py:500} INFO - Filling up the DagBag from /home/airflow/.local/lib/python3.7/site-packages/airflow/example_dags/tutorial_taskflow_api_etl.py
[2022-02-20 23:40:57,758] {processor.py:654} INFO - DAG(s) dict_keys(['tutorial_taskflow_api_etl']) retrieved from /home/airflow/.local/lib/python3.7/site-packages/airflow/example_dags/tutorial_taskflow_api_etl.py
[2022-02-20 23:40:58,794] {logging_mixin.py:109} INFO - [2022-02-20 23:40:58,793] {dag.py:2396} INFO - Sync 1 DAGs
[2022-02-20 23:40:58,849] {logging_mixin.py:109} INFO - [2022-02-20 23:40:58,849] {dag.py:2935} INFO - Setting next_dagrun for tutorial_taskflow_api_etl to None
[2022-02-20 23:40:58,886] {processor.py:171} INFO - Processing /home/airflow/.local/lib/python3.7/site-packages/airflow/example_dags/tutorial_taskflow_api_etl.py took 1.236 seconds
[2022-02-20 23:41:29,254] {processor.py:163} INFO - Started process (PID=4787) to work on /home/airflow/.local/lib/python3.7/site-packages/airflow/example_dags/tutorial_taskflow_api_etl.py
[2022-02-20 23:41:29,259] {processor.py:642} INFO - Processing file /home/airflow/.local/lib/python3.7/site-packages/airflow/example_dags/tutorial_taskflow_api_etl.py for tasks to queue
[2022-02-20 23:41:29,263] {logging_mixin.py:109} INFO - [2022-02-20 23:41:29,262] {dagbag.py:500} INFO - Filling up the DagBag from /home/airflow/.local/lib/python3.7/site-packages/airflow/example_dags/tutorial_taskflow_api_etl.py
[2022-02-20 23:41:29,338] {processor.py:654} INFO - DAG(s) dict_keys(['tutorial_taskflow_api_etl']) retrieved from /home/airflow/.local/lib/python3.7/site-packages/airflow/example_dags/tutorial_taskflow_api_etl.py
[2022-02-20 23:41:30,191] {logging_mixin.py:109} INFO - [2022-02-20 23:41:30,191] {dag.py:2396} INFO - Sync 1 DAGs
[2022-02-20 23:41:30,242] {logging_mixin.py:109} INFO - [2022-02-20 23:41:30,241] {dag.py:2935} INFO - Setting next_dagrun for tutorial_taskflow_api_etl to None
[2022-02-20 23:41:30,279] {processor.py:171} INFO - Processing /home/airflow/.local/lib/python3.7/site-packages/airflow/example_dags/tutorial_taskflow_api_etl.py took 1.031 seconds
[2022-02-20 23:42:00,593] {processor.py:163} INFO - Started process (PID=4885) to work on /home/airflow/.local/lib/python3.7/site-packages/airflow/example_dags/tutorial_taskflow_api_etl.py
[2022-02-20 23:42:00,599] {processor.py:642} INFO - Processing file /home/airflow/.local/lib/python3.7/site-packages/airflow/example_dags/tutorial_taskflow_api_etl.py for tasks to queue
[2022-02-20 23:42:00,603] {logging_mixin.py:109} INFO - [2022-02-20 23:42:00,602] {dagbag.py:500} INFO - Filling up the DagBag from /home/airflow/.local/lib/python3.7/site-packages/airflow/example_dags/tutorial_taskflow_api_etl.py
[2022-02-20 23:42:00,717] {processor.py:654} INFO - DAG(s) dict_keys(['tutorial_taskflow_api_etl']) retrieved from /home/airflow/.local/lib/python3.7/site-packages/airflow/example_dags/tutorial_taskflow_api_etl.py
[2022-02-20 23:42:01,722] {logging_mixin.py:109} INFO - [2022-02-20 23:42:01,721] {dag.py:2396} INFO - Sync 1 DAGs
[2022-02-20 23:42:01,783] {logging_mixin.py:109} INFO - [2022-02-20 23:42:01,783] {dag.py:2935} INFO - Setting next_dagrun for tutorial_taskflow_api_etl to None
[2022-02-20 23:42:01,820] {processor.py:171} INFO - Processing /home/airflow/.local/lib/python3.7/site-packages/airflow/example_dags/tutorial_taskflow_api_etl.py took 1.235 seconds
[2022-02-20 23:42:32,121] {processor.py:163} INFO - Started process (PID=4966) to work on /home/airflow/.local/lib/python3.7/site-packages/airflow/example_dags/tutorial_taskflow_api_etl.py
[2022-02-20 23:42:32,125] {processor.py:642} INFO - Processing file /home/airflow/.local/lib/python3.7/site-packages/airflow/example_dags/tutorial_taskflow_api_etl.py for tasks to queue
[2022-02-20 23:42:32,128] {logging_mixin.py:109} INFO - [2022-02-20 23:42:32,128] {dagbag.py:500} INFO - Filling up the DagBag from /home/airflow/.local/lib/python3.7/site-packages/airflow/example_dags/tutorial_taskflow_api_etl.py
[2022-02-20 23:42:32,197] {processor.py:654} INFO - DAG(s) dict_keys(['tutorial_taskflow_api_etl']) retrieved from /home/airflow/.local/lib/python3.7/site-packages/airflow/example_dags/tutorial_taskflow_api_etl.py
[2022-02-20 23:42:32,228] {logging_mixin.py:109} INFO - [2022-02-20 23:42:32,228] {dag.py:2396} INFO - Sync 1 DAGs
[2022-02-20 23:42:32,272] {logging_mixin.py:109} INFO - [2022-02-20 23:42:32,271] {dag.py:2935} INFO - Setting next_dagrun for tutorial_taskflow_api_etl to None
[2022-02-20 23:42:32,298] {processor.py:171} INFO - Processing /home/airflow/.local/lib/python3.7/site-packages/airflow/example_dags/tutorial_taskflow_api_etl.py took 0.184 seconds
[2022-02-20 23:43:02,464] {processor.py:163} INFO - Started process (PID=5067) to work on /home/airflow/.local/lib/python3.7/site-packages/airflow/example_dags/tutorial_taskflow_api_etl.py
[2022-02-20 23:43:02,469] {processor.py:642} INFO - Processing file /home/airflow/.local/lib/python3.7/site-packages/airflow/example_dags/tutorial_taskflow_api_etl.py for tasks to queue
[2022-02-20 23:43:02,472] {logging_mixin.py:109} INFO - [2022-02-20 23:43:02,472] {dagbag.py:500} INFO - Filling up the DagBag from /home/airflow/.local/lib/python3.7/site-packages/airflow/example_dags/tutorial_taskflow_api_etl.py
[2022-02-20 23:43:02,561] {processor.py:654} INFO - DAG(s) dict_keys(['tutorial_taskflow_api_etl']) retrieved from /home/airflow/.local/lib/python3.7/site-packages/airflow/example_dags/tutorial_taskflow_api_etl.py
[2022-02-20 23:43:03,596] {logging_mixin.py:109} INFO - [2022-02-20 23:43:03,596] {dag.py:2396} INFO - Sync 1 DAGs
[2022-02-20 23:43:03,654] {logging_mixin.py:109} INFO - [2022-02-20 23:43:03,654] {dag.py:2935} INFO - Setting next_dagrun for tutorial_taskflow_api_etl to None
[2022-02-20 23:43:03,693] {processor.py:171} INFO - Processing /home/airflow/.local/lib/python3.7/site-packages/airflow/example_dags/tutorial_taskflow_api_etl.py took 1.236 seconds
[2022-02-20 23:43:33,869] {processor.py:163} INFO - Started process (PID=5149) to work on /home/airflow/.local/lib/python3.7/site-packages/airflow/example_dags/tutorial_taskflow_api_etl.py
[2022-02-20 23:43:33,875] {processor.py:642} INFO - Processing file /home/airflow/.local/lib/python3.7/site-packages/airflow/example_dags/tutorial_taskflow_api_etl.py for tasks to queue
[2022-02-20 23:43:33,880] {logging_mixin.py:109} INFO - [2022-02-20 23:43:33,879] {dagbag.py:500} INFO - Filling up the DagBag from /home/airflow/.local/lib/python3.7/site-packages/airflow/example_dags/tutorial_taskflow_api_etl.py
[2022-02-20 23:43:33,974] {processor.py:654} INFO - DAG(s) dict_keys(['tutorial_taskflow_api_etl']) retrieved from /home/airflow/.local/lib/python3.7/site-packages/airflow/example_dags/tutorial_taskflow_api_etl.py
[2022-02-20 23:43:34,999] {logging_mixin.py:109} INFO - [2022-02-20 23:43:34,998] {dag.py:2396} INFO - Sync 1 DAGs
[2022-02-20 23:43:35,055] {logging_mixin.py:109} INFO - [2022-02-20 23:43:35,055] {dag.py:2935} INFO - Setting next_dagrun for tutorial_taskflow_api_etl to None
[2022-02-20 23:43:35,091] {processor.py:171} INFO - Processing /home/airflow/.local/lib/python3.7/site-packages/airflow/example_dags/tutorial_taskflow_api_etl.py took 1.231 seconds
[2022-02-20 23:44:05,228] {processor.py:163} INFO - Started process (PID=5247) to work on /home/airflow/.local/lib/python3.7/site-packages/airflow/example_dags/tutorial_taskflow_api_etl.py
[2022-02-20 23:44:05,233] {processor.py:642} INFO - Processing file /home/airflow/.local/lib/python3.7/site-packages/airflow/example_dags/tutorial_taskflow_api_etl.py for tasks to queue
[2022-02-20 23:44:05,237] {logging_mixin.py:109} INFO - [2022-02-20 23:44:05,236] {dagbag.py:500} INFO - Filling up the DagBag from /home/airflow/.local/lib/python3.7/site-packages/airflow/example_dags/tutorial_taskflow_api_etl.py
[2022-02-20 23:44:05,334] {processor.py:654} INFO - DAG(s) dict_keys(['tutorial_taskflow_api_etl']) retrieved from /home/airflow/.local/lib/python3.7/site-packages/airflow/example_dags/tutorial_taskflow_api_etl.py
[2022-02-20 23:44:06,443] {logging_mixin.py:109} INFO - [2022-02-20 23:44:06,442] {dag.py:2396} INFO - Sync 1 DAGs
[2022-02-20 23:44:06,502] {logging_mixin.py:109} INFO - [2022-02-20 23:44:06,501] {dag.py:2935} INFO - Setting next_dagrun for tutorial_taskflow_api_etl to None
[2022-02-20 23:44:06,542] {processor.py:171} INFO - Processing /home/airflow/.local/lib/python3.7/site-packages/airflow/example_dags/tutorial_taskflow_api_etl.py took 1.322 seconds
[2022-02-20 23:44:36,926] {processor.py:163} INFO - Started process (PID=5344) to work on /home/airflow/.local/lib/python3.7/site-packages/airflow/example_dags/tutorial_taskflow_api_etl.py
[2022-02-20 23:44:36,932] {processor.py:642} INFO - Processing file /home/airflow/.local/lib/python3.7/site-packages/airflow/example_dags/tutorial_taskflow_api_etl.py for tasks to queue
[2022-02-20 23:44:36,936] {logging_mixin.py:109} INFO - [2022-02-20 23:44:36,936] {dagbag.py:500} INFO - Filling up the DagBag from /home/airflow/.local/lib/python3.7/site-packages/airflow/example_dags/tutorial_taskflow_api_etl.py
[2022-02-20 23:44:37,042] {processor.py:654} INFO - DAG(s) dict_keys(['tutorial_taskflow_api_etl']) retrieved from /home/airflow/.local/lib/python3.7/site-packages/airflow/example_dags/tutorial_taskflow_api_etl.py
[2022-02-20 23:44:38,081] {logging_mixin.py:109} INFO - [2022-02-20 23:44:38,080] {dag.py:2396} INFO - Sync 1 DAGs
[2022-02-20 23:44:38,137] {logging_mixin.py:109} INFO - [2022-02-20 23:44:38,137] {dag.py:2935} INFO - Setting next_dagrun for tutorial_taskflow_api_etl to None
[2022-02-20 23:44:38,177] {processor.py:171} INFO - Processing /home/airflow/.local/lib/python3.7/site-packages/airflow/example_dags/tutorial_taskflow_api_etl.py took 1.260 seconds
[2022-02-20 23:45:08,348] {processor.py:163} INFO - Started process (PID=5431) to work on /home/airflow/.local/lib/python3.7/site-packages/airflow/example_dags/tutorial_taskflow_api_etl.py
[2022-02-20 23:45:08,359] {processor.py:642} INFO - Processing file /home/airflow/.local/lib/python3.7/site-packages/airflow/example_dags/tutorial_taskflow_api_etl.py for tasks to queue
[2022-02-20 23:45:08,363] {logging_mixin.py:109} INFO - [2022-02-20 23:45:08,363] {dagbag.py:500} INFO - Filling up the DagBag from /home/airflow/.local/lib/python3.7/site-packages/airflow/example_dags/tutorial_taskflow_api_etl.py
[2022-02-20 23:45:08,492] {processor.py:654} INFO - DAG(s) dict_keys(['tutorial_taskflow_api_etl']) retrieved from /home/airflow/.local/lib/python3.7/site-packages/airflow/example_dags/tutorial_taskflow_api_etl.py
[2022-02-20 23:45:09,593] {logging_mixin.py:109} INFO - [2022-02-20 23:45:09,593] {dag.py:2396} INFO - Sync 1 DAGs
[2022-02-20 23:45:09,640] {logging_mixin.py:109} INFO - [2022-02-20 23:45:09,640] {dag.py:2935} INFO - Setting next_dagrun for tutorial_taskflow_api_etl to None
[2022-02-20 23:45:09,675] {processor.py:171} INFO - Processing /home/airflow/.local/lib/python3.7/site-packages/airflow/example_dags/tutorial_taskflow_api_etl.py took 1.341 seconds
[2022-02-20 23:45:40,293] {processor.py:163} INFO - Started process (PID=5528) to work on /home/airflow/.local/lib/python3.7/site-packages/airflow/example_dags/tutorial_taskflow_api_etl.py
[2022-02-20 23:45:40,298] {processor.py:642} INFO - Processing file /home/airflow/.local/lib/python3.7/site-packages/airflow/example_dags/tutorial_taskflow_api_etl.py for tasks to queue
[2022-02-20 23:45:40,301] {logging_mixin.py:109} INFO - [2022-02-20 23:45:40,301] {dagbag.py:500} INFO - Filling up the DagBag from /home/airflow/.local/lib/python3.7/site-packages/airflow/example_dags/tutorial_taskflow_api_etl.py
[2022-02-20 23:45:40,391] {processor.py:654} INFO - DAG(s) dict_keys(['tutorial_taskflow_api_etl']) retrieved from /home/airflow/.local/lib/python3.7/site-packages/airflow/example_dags/tutorial_taskflow_api_etl.py
[2022-02-20 23:45:41,403] {logging_mixin.py:109} INFO - [2022-02-20 23:45:41,402] {dag.py:2396} INFO - Sync 1 DAGs
[2022-02-20 23:45:41,457] {logging_mixin.py:109} INFO - [2022-02-20 23:45:41,457] {dag.py:2935} INFO - Setting next_dagrun for tutorial_taskflow_api_etl to None
[2022-02-20 23:45:41,493] {processor.py:171} INFO - Processing /home/airflow/.local/lib/python3.7/site-packages/airflow/example_dags/tutorial_taskflow_api_etl.py took 1.207 seconds
[2022-02-20 23:46:12,134] {processor.py:163} INFO - Started process (PID=5612) to work on /home/airflow/.local/lib/python3.7/site-packages/airflow/example_dags/tutorial_taskflow_api_etl.py
[2022-02-20 23:46:12,140] {processor.py:642} INFO - Processing file /home/airflow/.local/lib/python3.7/site-packages/airflow/example_dags/tutorial_taskflow_api_etl.py for tasks to queue
[2022-02-20 23:46:12,143] {logging_mixin.py:109} INFO - [2022-02-20 23:46:12,142] {dagbag.py:500} INFO - Filling up the DagBag from /home/airflow/.local/lib/python3.7/site-packages/airflow/example_dags/tutorial_taskflow_api_etl.py
[2022-02-20 23:46:12,224] {processor.py:654} INFO - DAG(s) dict_keys(['tutorial_taskflow_api_etl']) retrieved from /home/airflow/.local/lib/python3.7/site-packages/airflow/example_dags/tutorial_taskflow_api_etl.py
[2022-02-20 23:46:13,022] {logging_mixin.py:109} INFO - [2022-02-20 23:46:13,022] {dag.py:2396} INFO - Sync 1 DAGs
[2022-02-20 23:46:13,064] {logging_mixin.py:109} INFO - [2022-02-20 23:46:13,064] {dag.py:2935} INFO - Setting next_dagrun for tutorial_taskflow_api_etl to None
[2022-02-20 23:46:13,092] {processor.py:171} INFO - Processing /home/airflow/.local/lib/python3.7/site-packages/airflow/example_dags/tutorial_taskflow_api_etl.py took 0.965 seconds
[2022-02-20 23:46:44,069] {processor.py:163} INFO - Started process (PID=5710) to work on /home/airflow/.local/lib/python3.7/site-packages/airflow/example_dags/tutorial_taskflow_api_etl.py
[2022-02-20 23:46:44,074] {processor.py:642} INFO - Processing file /home/airflow/.local/lib/python3.7/site-packages/airflow/example_dags/tutorial_taskflow_api_etl.py for tasks to queue
[2022-02-20 23:46:44,077] {logging_mixin.py:109} INFO - [2022-02-20 23:46:44,077] {dagbag.py:500} INFO - Filling up the DagBag from /home/airflow/.local/lib/python3.7/site-packages/airflow/example_dags/tutorial_taskflow_api_etl.py
[2022-02-20 23:46:44,171] {processor.py:654} INFO - DAG(s) dict_keys(['tutorial_taskflow_api_etl']) retrieved from /home/airflow/.local/lib/python3.7/site-packages/airflow/example_dags/tutorial_taskflow_api_etl.py
[2022-02-20 23:46:45,200] {logging_mixin.py:109} INFO - [2022-02-20 23:46:45,200] {dag.py:2396} INFO - Sync 1 DAGs
[2022-02-20 23:46:45,257] {logging_mixin.py:109} INFO - [2022-02-20 23:46:45,257] {dag.py:2935} INFO - Setting next_dagrun for tutorial_taskflow_api_etl to None
[2022-02-20 23:46:45,317] {processor.py:171} INFO - Processing /home/airflow/.local/lib/python3.7/site-packages/airflow/example_dags/tutorial_taskflow_api_etl.py took 1.255 seconds
[2022-02-20 23:47:15,808] {processor.py:163} INFO - Started process (PID=5806) to work on /home/airflow/.local/lib/python3.7/site-packages/airflow/example_dags/tutorial_taskflow_api_etl.py
[2022-02-20 23:47:15,813] {processor.py:642} INFO - Processing file /home/airflow/.local/lib/python3.7/site-packages/airflow/example_dags/tutorial_taskflow_api_etl.py for tasks to queue
[2022-02-20 23:47:15,817] {logging_mixin.py:109} INFO - [2022-02-20 23:47:15,816] {dagbag.py:500} INFO - Filling up the DagBag from /home/airflow/.local/lib/python3.7/site-packages/airflow/example_dags/tutorial_taskflow_api_etl.py
[2022-02-20 23:47:15,914] {processor.py:654} INFO - DAG(s) dict_keys(['tutorial_taskflow_api_etl']) retrieved from /home/airflow/.local/lib/python3.7/site-packages/airflow/example_dags/tutorial_taskflow_api_etl.py
[2022-02-20 23:47:16,970] {logging_mixin.py:109} INFO - [2022-02-20 23:47:16,969] {dag.py:2396} INFO - Sync 1 DAGs
[2022-02-20 23:47:17,023] {logging_mixin.py:109} INFO - [2022-02-20 23:47:17,023] {dag.py:2935} INFO - Setting next_dagrun for tutorial_taskflow_api_etl to None
[2022-02-20 23:47:17,060] {processor.py:171} INFO - Processing /home/airflow/.local/lib/python3.7/site-packages/airflow/example_dags/tutorial_taskflow_api_etl.py took 1.258 seconds
[2022-02-20 23:47:47,220] {processor.py:163} INFO - Started process (PID=5886) to work on /home/airflow/.local/lib/python3.7/site-packages/airflow/example_dags/tutorial_taskflow_api_etl.py
[2022-02-20 23:47:47,226] {processor.py:642} INFO - Processing file /home/airflow/.local/lib/python3.7/site-packages/airflow/example_dags/tutorial_taskflow_api_etl.py for tasks to queue
[2022-02-20 23:47:47,231] {logging_mixin.py:109} INFO - [2022-02-20 23:47:47,231] {dagbag.py:500} INFO - Filling up the DagBag from /home/airflow/.local/lib/python3.7/site-packages/airflow/example_dags/tutorial_taskflow_api_etl.py
[2022-02-20 23:47:47,339] {processor.py:654} INFO - DAG(s) dict_keys(['tutorial_taskflow_api_etl']) retrieved from /home/airflow/.local/lib/python3.7/site-packages/airflow/example_dags/tutorial_taskflow_api_etl.py
[2022-02-20 23:47:48,303] {logging_mixin.py:109} INFO - [2022-02-20 23:47:48,303] {dag.py:2396} INFO - Sync 1 DAGs
[2022-02-20 23:47:48,357] {logging_mixin.py:109} INFO - [2022-02-20 23:47:48,357] {dag.py:2935} INFO - Setting next_dagrun for tutorial_taskflow_api_etl to None
[2022-02-20 23:47:48,392] {processor.py:171} INFO - Processing /home/airflow/.local/lib/python3.7/site-packages/airflow/example_dags/tutorial_taskflow_api_etl.py took 1.180 seconds
[2022-02-20 23:48:19,073] {processor.py:163} INFO - Started process (PID=5986) to work on /home/airflow/.local/lib/python3.7/site-packages/airflow/example_dags/tutorial_taskflow_api_etl.py
[2022-02-20 23:48:19,078] {processor.py:642} INFO - Processing file /home/airflow/.local/lib/python3.7/site-packages/airflow/example_dags/tutorial_taskflow_api_etl.py for tasks to queue
[2022-02-20 23:48:19,081] {logging_mixin.py:109} INFO - [2022-02-20 23:48:19,081] {dagbag.py:500} INFO - Filling up the DagBag from /home/airflow/.local/lib/python3.7/site-packages/airflow/example_dags/tutorial_taskflow_api_etl.py
[2022-02-20 23:48:19,176] {processor.py:654} INFO - DAG(s) dict_keys(['tutorial_taskflow_api_etl']) retrieved from /home/airflow/.local/lib/python3.7/site-packages/airflow/example_dags/tutorial_taskflow_api_etl.py
[2022-02-20 23:48:20,234] {logging_mixin.py:109} INFO - [2022-02-20 23:48:20,233] {dag.py:2396} INFO - Sync 1 DAGs
[2022-02-20 23:48:20,297] {logging_mixin.py:109} INFO - [2022-02-20 23:48:20,297] {dag.py:2935} INFO - Setting next_dagrun for tutorial_taskflow_api_etl to None
[2022-02-20 23:48:20,337] {processor.py:171} INFO - Processing /home/airflow/.local/lib/python3.7/site-packages/airflow/example_dags/tutorial_taskflow_api_etl.py took 1.272 seconds
[2022-02-20 23:48:51,030] {processor.py:163} INFO - Started process (PID=6066) to work on /home/airflow/.local/lib/python3.7/site-packages/airflow/example_dags/tutorial_taskflow_api_etl.py
[2022-02-20 23:48:51,033] {processor.py:642} INFO - Processing file /home/airflow/.local/lib/python3.7/site-packages/airflow/example_dags/tutorial_taskflow_api_etl.py for tasks to queue
[2022-02-20 23:48:51,035] {logging_mixin.py:109} INFO - [2022-02-20 23:48:51,035] {dagbag.py:500} INFO - Filling up the DagBag from /home/airflow/.local/lib/python3.7/site-packages/airflow/example_dags/tutorial_taskflow_api_etl.py
[2022-02-20 23:48:51,105] {processor.py:654} INFO - DAG(s) dict_keys(['tutorial_taskflow_api_etl']) retrieved from /home/airflow/.local/lib/python3.7/site-packages/airflow/example_dags/tutorial_taskflow_api_etl.py
[2022-02-20 23:48:51,901] {logging_mixin.py:109} INFO - [2022-02-20 23:48:51,901] {dag.py:2396} INFO - Sync 1 DAGs
[2022-02-20 23:48:51,941] {logging_mixin.py:109} INFO - [2022-02-20 23:48:51,941] {dag.py:2935} INFO - Setting next_dagrun for tutorial_taskflow_api_etl to None
[2022-02-20 23:48:51,971] {processor.py:171} INFO - Processing /home/airflow/.local/lib/python3.7/site-packages/airflow/example_dags/tutorial_taskflow_api_etl.py took 0.948 seconds
[2022-02-20 23:49:22,072] {processor.py:163} INFO - Started process (PID=6164) to work on /home/airflow/.local/lib/python3.7/site-packages/airflow/example_dags/tutorial_taskflow_api_etl.py
[2022-02-20 23:49:22,077] {processor.py:642} INFO - Processing file /home/airflow/.local/lib/python3.7/site-packages/airflow/example_dags/tutorial_taskflow_api_etl.py for tasks to queue
[2022-02-20 23:49:22,080] {logging_mixin.py:109} INFO - [2022-02-20 23:49:22,080] {dagbag.py:500} INFO - Filling up the DagBag from /home/airflow/.local/lib/python3.7/site-packages/airflow/example_dags/tutorial_taskflow_api_etl.py
[2022-02-20 23:49:22,166] {processor.py:654} INFO - DAG(s) dict_keys(['tutorial_taskflow_api_etl']) retrieved from /home/airflow/.local/lib/python3.7/site-packages/airflow/example_dags/tutorial_taskflow_api_etl.py
[2022-02-20 23:49:23,232] {logging_mixin.py:109} INFO - [2022-02-20 23:49:23,232] {dag.py:2396} INFO - Sync 1 DAGs
[2022-02-20 23:49:23,288] {logging_mixin.py:109} INFO - [2022-02-20 23:49:23,288] {dag.py:2935} INFO - Setting next_dagrun for tutorial_taskflow_api_etl to None
[2022-02-20 23:49:23,324] {processor.py:171} INFO - Processing /home/airflow/.local/lib/python3.7/site-packages/airflow/example_dags/tutorial_taskflow_api_etl.py took 1.261 seconds
[2022-02-20 23:49:53,743] {processor.py:163} INFO - Started process (PID=6246) to work on /home/airflow/.local/lib/python3.7/site-packages/airflow/example_dags/tutorial_taskflow_api_etl.py
[2022-02-20 23:49:53,748] {processor.py:642} INFO - Processing file /home/airflow/.local/lib/python3.7/site-packages/airflow/example_dags/tutorial_taskflow_api_etl.py for tasks to queue
[2022-02-20 23:49:53,751] {logging_mixin.py:109} INFO - [2022-02-20 23:49:53,751] {dagbag.py:500} INFO - Filling up the DagBag from /home/airflow/.local/lib/python3.7/site-packages/airflow/example_dags/tutorial_taskflow_api_etl.py
[2022-02-20 23:49:53,827] {processor.py:654} INFO - DAG(s) dict_keys(['tutorial_taskflow_api_etl']) retrieved from /home/airflow/.local/lib/python3.7/site-packages/airflow/example_dags/tutorial_taskflow_api_etl.py
[2022-02-20 23:49:54,819] {logging_mixin.py:109} INFO - [2022-02-20 23:49:54,818] {dag.py:2396} INFO - Sync 1 DAGs
[2022-02-20 23:49:54,879] {logging_mixin.py:109} INFO - [2022-02-20 23:49:54,879] {dag.py:2935} INFO - Setting next_dagrun for tutorial_taskflow_api_etl to None
[2022-02-20 23:49:54,919] {processor.py:171} INFO - Processing /home/airflow/.local/lib/python3.7/site-packages/airflow/example_dags/tutorial_taskflow_api_etl.py took 1.183 seconds
[2022-02-20 23:50:25,549] {processor.py:163} INFO - Started process (PID=6347) to work on /home/airflow/.local/lib/python3.7/site-packages/airflow/example_dags/tutorial_taskflow_api_etl.py
[2022-02-20 23:50:25,558] {processor.py:642} INFO - Processing file /home/airflow/.local/lib/python3.7/site-packages/airflow/example_dags/tutorial_taskflow_api_etl.py for tasks to queue
[2022-02-20 23:50:25,564] {logging_mixin.py:109} INFO - [2022-02-20 23:50:25,563] {dagbag.py:500} INFO - Filling up the DagBag from /home/airflow/.local/lib/python3.7/site-packages/airflow/example_dags/tutorial_taskflow_api_etl.py
[2022-02-20 23:50:25,668] {processor.py:654} INFO - DAG(s) dict_keys(['tutorial_taskflow_api_etl']) retrieved from /home/airflow/.local/lib/python3.7/site-packages/airflow/example_dags/tutorial_taskflow_api_etl.py
[2022-02-20 23:50:26,954] {logging_mixin.py:109} INFO - [2022-02-20 23:50:26,953] {dag.py:2396} INFO - Sync 1 DAGs
[2022-02-20 23:50:27,053] {logging_mixin.py:109} INFO - [2022-02-20 23:50:27,052] {dag.py:2935} INFO - Setting next_dagrun for tutorial_taskflow_api_etl to None
[2022-02-20 23:50:27,114] {processor.py:171} INFO - Processing /home/airflow/.local/lib/python3.7/site-packages/airflow/example_dags/tutorial_taskflow_api_etl.py took 1.585 seconds
[2022-02-20 23:50:57,592] {processor.py:163} INFO - Started process (PID=6452) to work on /home/airflow/.local/lib/python3.7/site-packages/airflow/example_dags/tutorial_taskflow_api_etl.py
[2022-02-20 23:50:57,598] {processor.py:642} INFO - Processing file /home/airflow/.local/lib/python3.7/site-packages/airflow/example_dags/tutorial_taskflow_api_etl.py for tasks to queue
[2022-02-20 23:50:57,608] {logging_mixin.py:109} INFO - [2022-02-20 23:50:57,606] {dagbag.py:500} INFO - Filling up the DagBag from /home/airflow/.local/lib/python3.7/site-packages/airflow/example_dags/tutorial_taskflow_api_etl.py
[2022-02-20 23:50:57,819] {processor.py:654} INFO - DAG(s) dict_keys(['tutorial_taskflow_api_etl']) retrieved from /home/airflow/.local/lib/python3.7/site-packages/airflow/example_dags/tutorial_taskflow_api_etl.py
[2022-02-20 23:50:59,345] {logging_mixin.py:109} INFO - [2022-02-20 23:50:59,344] {dag.py:2396} INFO - Sync 1 DAGs
[2022-02-20 23:50:59,431] {logging_mixin.py:109} INFO - [2022-02-20 23:50:59,430] {dag.py:2935} INFO - Setting next_dagrun for tutorial_taskflow_api_etl to None
[2022-02-20 23:50:59,518] {processor.py:171} INFO - Processing /home/airflow/.local/lib/python3.7/site-packages/airflow/example_dags/tutorial_taskflow_api_etl.py took 1.947 seconds
[2022-02-20 23:51:30,101] {processor.py:163} INFO - Started process (PID=6538) to work on /home/airflow/.local/lib/python3.7/site-packages/airflow/example_dags/tutorial_taskflow_api_etl.py
[2022-02-20 23:51:30,107] {processor.py:642} INFO - Processing file /home/airflow/.local/lib/python3.7/site-packages/airflow/example_dags/tutorial_taskflow_api_etl.py for tasks to queue
[2022-02-20 23:51:30,112] {logging_mixin.py:109} INFO - [2022-02-20 23:51:30,111] {dagbag.py:500} INFO - Filling up the DagBag from /home/airflow/.local/lib/python3.7/site-packages/airflow/example_dags/tutorial_taskflow_api_etl.py
[2022-02-20 23:51:30,209] {processor.py:654} INFO - DAG(s) dict_keys(['tutorial_taskflow_api_etl']) retrieved from /home/airflow/.local/lib/python3.7/site-packages/airflow/example_dags/tutorial_taskflow_api_etl.py
[2022-02-20 23:51:31,330] {logging_mixin.py:109} INFO - [2022-02-20 23:51:31,329] {dag.py:2396} INFO - Sync 1 DAGs
[2022-02-20 23:51:31,383] {logging_mixin.py:109} INFO - [2022-02-20 23:51:31,382] {dag.py:2935} INFO - Setting next_dagrun for tutorial_taskflow_api_etl to None
[2022-02-20 23:51:31,419] {processor.py:171} INFO - Processing /home/airflow/.local/lib/python3.7/site-packages/airflow/example_dags/tutorial_taskflow_api_etl.py took 1.328 seconds
[2022-02-20 23:52:02,226] {processor.py:163} INFO - Started process (PID=6645) to work on /home/airflow/.local/lib/python3.7/site-packages/airflow/example_dags/tutorial_taskflow_api_etl.py
[2022-02-20 23:52:02,232] {processor.py:642} INFO - Processing file /home/airflow/.local/lib/python3.7/site-packages/airflow/example_dags/tutorial_taskflow_api_etl.py for tasks to queue
[2022-02-20 23:52:02,240] {logging_mixin.py:109} INFO - [2022-02-20 23:52:02,239] {dagbag.py:500} INFO - Filling up the DagBag from /home/airflow/.local/lib/python3.7/site-packages/airflow/example_dags/tutorial_taskflow_api_etl.py
[2022-02-20 23:52:02,339] {processor.py:654} INFO - DAG(s) dict_keys(['tutorial_taskflow_api_etl']) retrieved from /home/airflow/.local/lib/python3.7/site-packages/airflow/example_dags/tutorial_taskflow_api_etl.py
[2022-02-20 23:52:03,508] {logging_mixin.py:109} INFO - [2022-02-20 23:52:03,507] {dag.py:2396} INFO - Sync 1 DAGs
[2022-02-20 23:52:03,594] {logging_mixin.py:109} INFO - [2022-02-20 23:52:03,593] {dag.py:2935} INFO - Setting next_dagrun for tutorial_taskflow_api_etl to None
[2022-02-20 23:52:03,649] {processor.py:171} INFO - Processing /home/airflow/.local/lib/python3.7/site-packages/airflow/example_dags/tutorial_taskflow_api_etl.py took 1.432 seconds
[2022-02-20 23:52:33,753] {processor.py:163} INFO - Started process (PID=6729) to work on /home/airflow/.local/lib/python3.7/site-packages/airflow/example_dags/tutorial_taskflow_api_etl.py
[2022-02-20 23:52:33,765] {processor.py:642} INFO - Processing file /home/airflow/.local/lib/python3.7/site-packages/airflow/example_dags/tutorial_taskflow_api_etl.py for tasks to queue
[2022-02-20 23:52:33,768] {logging_mixin.py:109} INFO - [2022-02-20 23:52:33,767] {dagbag.py:500} INFO - Filling up the DagBag from /home/airflow/.local/lib/python3.7/site-packages/airflow/example_dags/tutorial_taskflow_api_etl.py
[2022-02-20 23:52:33,850] {processor.py:654} INFO - DAG(s) dict_keys(['tutorial_taskflow_api_etl']) retrieved from /home/airflow/.local/lib/python3.7/site-packages/airflow/example_dags/tutorial_taskflow_api_etl.py
[2022-02-20 23:52:34,821] {logging_mixin.py:109} INFO - [2022-02-20 23:52:34,820] {dag.py:2396} INFO - Sync 1 DAGs
[2022-02-20 23:52:34,890] {logging_mixin.py:109} INFO - [2022-02-20 23:52:34,890] {dag.py:2935} INFO - Setting next_dagrun for tutorial_taskflow_api_etl to None
[2022-02-20 23:52:34,936] {processor.py:171} INFO - Processing /home/airflow/.local/lib/python3.7/site-packages/airflow/example_dags/tutorial_taskflow_api_etl.py took 1.193 seconds
[2022-02-20 23:53:05,454] {processor.py:163} INFO - Started process (PID=6832) to work on /home/airflow/.local/lib/python3.7/site-packages/airflow/example_dags/tutorial_taskflow_api_etl.py
[2022-02-20 23:53:05,458] {processor.py:642} INFO - Processing file /home/airflow/.local/lib/python3.7/site-packages/airflow/example_dags/tutorial_taskflow_api_etl.py for tasks to queue
[2022-02-20 23:53:05,461] {logging_mixin.py:109} INFO - [2022-02-20 23:53:05,461] {dagbag.py:500} INFO - Filling up the DagBag from /home/airflow/.local/lib/python3.7/site-packages/airflow/example_dags/tutorial_taskflow_api_etl.py
[2022-02-20 23:53:05,591] {processor.py:654} INFO - DAG(s) dict_keys(['tutorial_taskflow_api_etl']) retrieved from /home/airflow/.local/lib/python3.7/site-packages/airflow/example_dags/tutorial_taskflow_api_etl.py
[2022-02-20 23:53:06,733] {logging_mixin.py:109} INFO - [2022-02-20 23:53:06,732] {dag.py:2396} INFO - Sync 1 DAGs
[2022-02-20 23:53:06,796] {logging_mixin.py:109} INFO - [2022-02-20 23:53:06,795] {dag.py:2935} INFO - Setting next_dagrun for tutorial_taskflow_api_etl to None
[2022-02-20 23:53:06,843] {processor.py:171} INFO - Processing /home/airflow/.local/lib/python3.7/site-packages/airflow/example_dags/tutorial_taskflow_api_etl.py took 1.397 seconds
[2022-02-20 23:53:37,135] {processor.py:163} INFO - Started process (PID=6942) to work on /home/airflow/.local/lib/python3.7/site-packages/airflow/example_dags/tutorial_taskflow_api_etl.py
[2022-02-20 23:53:37,139] {processor.py:642} INFO - Processing file /home/airflow/.local/lib/python3.7/site-packages/airflow/example_dags/tutorial_taskflow_api_etl.py for tasks to queue
[2022-02-20 23:53:37,142] {logging_mixin.py:109} INFO - [2022-02-20 23:53:37,142] {dagbag.py:500} INFO - Filling up the DagBag from /home/airflow/.local/lib/python3.7/site-packages/airflow/example_dags/tutorial_taskflow_api_etl.py
[2022-02-20 23:53:37,234] {processor.py:654} INFO - DAG(s) dict_keys(['tutorial_taskflow_api_etl']) retrieved from /home/airflow/.local/lib/python3.7/site-packages/airflow/example_dags/tutorial_taskflow_api_etl.py
[2022-02-20 23:53:38,317] {logging_mixin.py:109} INFO - [2022-02-20 23:53:38,316] {dag.py:2396} INFO - Sync 1 DAGs
[2022-02-20 23:53:38,379] {logging_mixin.py:109} INFO - [2022-02-20 23:53:38,378] {dag.py:2935} INFO - Setting next_dagrun for tutorial_taskflow_api_etl to None
[2022-02-20 23:53:38,419] {processor.py:171} INFO - Processing /home/airflow/.local/lib/python3.7/site-packages/airflow/example_dags/tutorial_taskflow_api_etl.py took 1.291 seconds
[2022-02-20 23:54:08,918] {processor.py:163} INFO - Started process (PID=7027) to work on /home/airflow/.local/lib/python3.7/site-packages/airflow/example_dags/tutorial_taskflow_api_etl.py
[2022-02-20 23:54:08,923] {processor.py:642} INFO - Processing file /home/airflow/.local/lib/python3.7/site-packages/airflow/example_dags/tutorial_taskflow_api_etl.py for tasks to queue
[2022-02-20 23:54:08,928] {logging_mixin.py:109} INFO - [2022-02-20 23:54:08,927] {dagbag.py:500} INFO - Filling up the DagBag from /home/airflow/.local/lib/python3.7/site-packages/airflow/example_dags/tutorial_taskflow_api_etl.py
[2022-02-20 23:54:09,029] {processor.py:654} INFO - DAG(s) dict_keys(['tutorial_taskflow_api_etl']) retrieved from /home/airflow/.local/lib/python3.7/site-packages/airflow/example_dags/tutorial_taskflow_api_etl.py
[2022-02-20 23:54:10,208] {logging_mixin.py:109} INFO - [2022-02-20 23:54:10,208] {dag.py:2396} INFO - Sync 1 DAGs
[2022-02-20 23:54:10,272] {logging_mixin.py:109} INFO - [2022-02-20 23:54:10,271] {dag.py:2935} INFO - Setting next_dagrun for tutorial_taskflow_api_etl to None
[2022-02-20 23:54:10,312] {processor.py:171} INFO - Processing /home/airflow/.local/lib/python3.7/site-packages/airflow/example_dags/tutorial_taskflow_api_etl.py took 1.404 seconds
[2022-02-20 23:54:40,459] {processor.py:163} INFO - Started process (PID=7136) to work on /home/airflow/.local/lib/python3.7/site-packages/airflow/example_dags/tutorial_taskflow_api_etl.py
[2022-02-20 23:54:40,464] {processor.py:642} INFO - Processing file /home/airflow/.local/lib/python3.7/site-packages/airflow/example_dags/tutorial_taskflow_api_etl.py for tasks to queue
[2022-02-20 23:54:40,467] {logging_mixin.py:109} INFO - [2022-02-20 23:54:40,467] {dagbag.py:500} INFO - Filling up the DagBag from /home/airflow/.local/lib/python3.7/site-packages/airflow/example_dags/tutorial_taskflow_api_etl.py
[2022-02-20 23:54:40,562] {processor.py:654} INFO - DAG(s) dict_keys(['tutorial_taskflow_api_etl']) retrieved from /home/airflow/.local/lib/python3.7/site-packages/airflow/example_dags/tutorial_taskflow_api_etl.py
[2022-02-20 23:54:41,661] {logging_mixin.py:109} INFO - [2022-02-20 23:54:41,661] {dag.py:2396} INFO - Sync 1 DAGs
[2022-02-20 23:54:41,721] {logging_mixin.py:109} INFO - [2022-02-20 23:54:41,720] {dag.py:2935} INFO - Setting next_dagrun for tutorial_taskflow_api_etl to None
[2022-02-20 23:54:41,761] {processor.py:171} INFO - Processing /home/airflow/.local/lib/python3.7/site-packages/airflow/example_dags/tutorial_taskflow_api_etl.py took 1.309 seconds
[2022-02-20 23:55:11,886] {processor.py:163} INFO - Started process (PID=7217) to work on /home/airflow/.local/lib/python3.7/site-packages/airflow/example_dags/tutorial_taskflow_api_etl.py
[2022-02-20 23:55:11,891] {processor.py:642} INFO - Processing file /home/airflow/.local/lib/python3.7/site-packages/airflow/example_dags/tutorial_taskflow_api_etl.py for tasks to queue
[2022-02-20 23:55:11,895] {logging_mixin.py:109} INFO - [2022-02-20 23:55:11,895] {dagbag.py:500} INFO - Filling up the DagBag from /home/airflow/.local/lib/python3.7/site-packages/airflow/example_dags/tutorial_taskflow_api_etl.py
[2022-02-20 23:55:11,971] {processor.py:654} INFO - DAG(s) dict_keys(['tutorial_taskflow_api_etl']) retrieved from /home/airflow/.local/lib/python3.7/site-packages/airflow/example_dags/tutorial_taskflow_api_etl.py
[2022-02-20 23:55:12,846] {logging_mixin.py:109} INFO - [2022-02-20 23:55:12,846] {dag.py:2396} INFO - Sync 1 DAGs
[2022-02-20 23:55:12,894] {logging_mixin.py:109} INFO - [2022-02-20 23:55:12,893] {dag.py:2935} INFO - Setting next_dagrun for tutorial_taskflow_api_etl to None
[2022-02-20 23:55:12,924] {processor.py:171} INFO - Processing /home/airflow/.local/lib/python3.7/site-packages/airflow/example_dags/tutorial_taskflow_api_etl.py took 1.047 seconds
[2022-02-20 23:55:43,535] {processor.py:163} INFO - Started process (PID=7320) to work on /home/airflow/.local/lib/python3.7/site-packages/airflow/example_dags/tutorial_taskflow_api_etl.py
[2022-02-20 23:55:43,540] {processor.py:642} INFO - Processing file /home/airflow/.local/lib/python3.7/site-packages/airflow/example_dags/tutorial_taskflow_api_etl.py for tasks to queue
[2022-02-20 23:55:43,544] {logging_mixin.py:109} INFO - [2022-02-20 23:55:43,544] {dagbag.py:500} INFO - Filling up the DagBag from /home/airflow/.local/lib/python3.7/site-packages/airflow/example_dags/tutorial_taskflow_api_etl.py
[2022-02-20 23:55:43,645] {processor.py:654} INFO - DAG(s) dict_keys(['tutorial_taskflow_api_etl']) retrieved from /home/airflow/.local/lib/python3.7/site-packages/airflow/example_dags/tutorial_taskflow_api_etl.py
[2022-02-20 23:55:44,807] {logging_mixin.py:109} INFO - [2022-02-20 23:55:44,806] {dag.py:2396} INFO - Sync 1 DAGs
[2022-02-20 23:55:44,865] {logging_mixin.py:109} INFO - [2022-02-20 23:55:44,864] {dag.py:2935} INFO - Setting next_dagrun for tutorial_taskflow_api_etl to None
[2022-02-20 23:55:44,910] {processor.py:171} INFO - Processing /home/airflow/.local/lib/python3.7/site-packages/airflow/example_dags/tutorial_taskflow_api_etl.py took 1.382 seconds
[2022-02-20 23:56:15,218] {processor.py:163} INFO - Started process (PID=7422) to work on /home/airflow/.local/lib/python3.7/site-packages/airflow/example_dags/tutorial_taskflow_api_etl.py
[2022-02-20 23:56:15,223] {processor.py:642} INFO - Processing file /home/airflow/.local/lib/python3.7/site-packages/airflow/example_dags/tutorial_taskflow_api_etl.py for tasks to queue
[2022-02-20 23:56:15,227] {logging_mixin.py:109} INFO - [2022-02-20 23:56:15,227] {dagbag.py:500} INFO - Filling up the DagBag from /home/airflow/.local/lib/python3.7/site-packages/airflow/example_dags/tutorial_taskflow_api_etl.py
[2022-02-20 23:56:15,320] {processor.py:654} INFO - DAG(s) dict_keys(['tutorial_taskflow_api_etl']) retrieved from /home/airflow/.local/lib/python3.7/site-packages/airflow/example_dags/tutorial_taskflow_api_etl.py
[2022-02-20 23:56:16,319] {logging_mixin.py:109} INFO - [2022-02-20 23:56:16,319] {dag.py:2396} INFO - Sync 1 DAGs
[2022-02-20 23:56:16,376] {logging_mixin.py:109} INFO - [2022-02-20 23:56:16,376] {dag.py:2935} INFO - Setting next_dagrun for tutorial_taskflow_api_etl to None
[2022-02-20 23:56:16,412] {processor.py:171} INFO - Processing /home/airflow/.local/lib/python3.7/site-packages/airflow/example_dags/tutorial_taskflow_api_etl.py took 1.201 seconds
