[2022-02-20 23:17:25,266] {processor.py:163} INFO - Started process (PID=578) to work on /home/airflow/.local/lib/python3.7/site-packages/airflow/example_dags/tutorial.py
[2022-02-20 23:17:25,272] {processor.py:642} INFO - Processing file /home/airflow/.local/lib/python3.7/site-packages/airflow/example_dags/tutorial.py for tasks to queue
[2022-02-20 23:17:25,277] {logging_mixin.py:109} INFO - [2022-02-20 23:17:25,276] {dagbag.py:500} INFO - Filling up the DagBag from /home/airflow/.local/lib/python3.7/site-packages/airflow/example_dags/tutorial.py
[2022-02-20 23:17:25,363] {processor.py:654} INFO - DAG(s) dict_keys(['tutorial']) retrieved from /home/airflow/.local/lib/python3.7/site-packages/airflow/example_dags/tutorial.py
[2022-02-20 23:17:34,752] {logging_mixin.py:109} INFO - [2022-02-20 23:17:34,751] {manager.py:496} INFO - Created Permission View: can read on DAG:tutorial
[2022-02-20 23:17:34,781] {logging_mixin.py:109} INFO - [2022-02-20 23:17:34,780] {manager.py:496} INFO - Created Permission View: can edit on DAG:tutorial
[2022-02-20 23:17:34,784] {logging_mixin.py:109} INFO - [2022-02-20 23:17:34,783] {dag.py:2396} INFO - Sync 1 DAGs
[2022-02-20 23:17:34,817] {logging_mixin.py:109} INFO - [2022-02-20 23:17:34,816] {dag.py:2415} INFO - Creating ORM DAG for tutorial
[2022-02-20 23:17:34,849] {logging_mixin.py:109} INFO - [2022-02-20 23:17:34,849] {dag.py:2935} INFO - Setting next_dagrun for tutorial to 2022-02-19T23:17:34.847900+00:00
[2022-02-20 23:17:34,898] {processor.py:171} INFO - Processing /home/airflow/.local/lib/python3.7/site-packages/airflow/example_dags/tutorial.py took 9.640 seconds
[2022-02-20 23:18:05,682] {processor.py:163} INFO - Started process (PID=702) to work on /home/airflow/.local/lib/python3.7/site-packages/airflow/example_dags/tutorial.py
[2022-02-20 23:18:05,688] {processor.py:642} INFO - Processing file /home/airflow/.local/lib/python3.7/site-packages/airflow/example_dags/tutorial.py for tasks to queue
[2022-02-20 23:18:05,691] {logging_mixin.py:109} INFO - [2022-02-20 23:18:05,691] {dagbag.py:500} INFO - Filling up the DagBag from /home/airflow/.local/lib/python3.7/site-packages/airflow/example_dags/tutorial.py
[2022-02-20 23:18:05,781] {processor.py:654} INFO - DAG(s) dict_keys(['tutorial']) retrieved from /home/airflow/.local/lib/python3.7/site-packages/airflow/example_dags/tutorial.py
[2022-02-20 23:18:05,834] {logging_mixin.py:109} INFO - [2022-02-20 23:18:05,833] {dag.py:2396} INFO - Sync 1 DAGs
[2022-02-20 23:18:05,907] {logging_mixin.py:109} INFO - [2022-02-20 23:18:05,907] {dag.py:2935} INFO - Setting next_dagrun for tutorial to 2022-02-19T23:18:05.905109+00:00
[2022-02-20 23:18:05,943] {processor.py:171} INFO - Processing /home/airflow/.local/lib/python3.7/site-packages/airflow/example_dags/tutorial.py took 0.269 seconds
[2022-02-20 23:18:36,015] {processor.py:163} INFO - Started process (PID=803) to work on /home/airflow/.local/lib/python3.7/site-packages/airflow/example_dags/tutorial.py
[2022-02-20 23:18:36,020] {processor.py:642} INFO - Processing file /home/airflow/.local/lib/python3.7/site-packages/airflow/example_dags/tutorial.py for tasks to queue
[2022-02-20 23:18:36,024] {logging_mixin.py:109} INFO - [2022-02-20 23:18:36,024] {dagbag.py:500} INFO - Filling up the DagBag from /home/airflow/.local/lib/python3.7/site-packages/airflow/example_dags/tutorial.py
[2022-02-20 23:18:36,104] {processor.py:654} INFO - DAG(s) dict_keys(['tutorial']) retrieved from /home/airflow/.local/lib/python3.7/site-packages/airflow/example_dags/tutorial.py
[2022-02-20 23:18:36,149] {logging_mixin.py:109} INFO - [2022-02-20 23:18:36,149] {dag.py:2396} INFO - Sync 1 DAGs
[2022-02-20 23:18:36,223] {logging_mixin.py:109} INFO - [2022-02-20 23:18:36,222] {dag.py:2935} INFO - Setting next_dagrun for tutorial to 2022-02-19T23:18:36.219339+00:00
[2022-02-20 23:18:36,265] {processor.py:171} INFO - Processing /home/airflow/.local/lib/python3.7/site-packages/airflow/example_dags/tutorial.py took 0.257 seconds
[2022-02-20 23:19:06,827] {processor.py:163} INFO - Started process (PID=883) to work on /home/airflow/.local/lib/python3.7/site-packages/airflow/example_dags/tutorial.py
[2022-02-20 23:19:06,833] {processor.py:642} INFO - Processing file /home/airflow/.local/lib/python3.7/site-packages/airflow/example_dags/tutorial.py for tasks to queue
[2022-02-20 23:19:06,838] {logging_mixin.py:109} INFO - [2022-02-20 23:19:06,838] {dagbag.py:500} INFO - Filling up the DagBag from /home/airflow/.local/lib/python3.7/site-packages/airflow/example_dags/tutorial.py
[2022-02-20 23:19:06,928] {processor.py:654} INFO - DAG(s) dict_keys(['tutorial']) retrieved from /home/airflow/.local/lib/python3.7/site-packages/airflow/example_dags/tutorial.py
[2022-02-20 23:19:06,973] {logging_mixin.py:109} INFO - [2022-02-20 23:19:06,973] {dag.py:2396} INFO - Sync 1 DAGs
[2022-02-20 23:19:07,036] {logging_mixin.py:109} INFO - [2022-02-20 23:19:07,035] {dag.py:2935} INFO - Setting next_dagrun for tutorial to 2022-02-19T23:19:07.033894+00:00
[2022-02-20 23:19:07,070] {processor.py:171} INFO - Processing /home/airflow/.local/lib/python3.7/site-packages/airflow/example_dags/tutorial.py took 0.252 seconds
[2022-02-20 23:19:37,437] {processor.py:163} INFO - Started process (PID=980) to work on /home/airflow/.local/lib/python3.7/site-packages/airflow/example_dags/tutorial.py
[2022-02-20 23:19:37,443] {processor.py:642} INFO - Processing file /home/airflow/.local/lib/python3.7/site-packages/airflow/example_dags/tutorial.py for tasks to queue
[2022-02-20 23:19:37,446] {logging_mixin.py:109} INFO - [2022-02-20 23:19:37,446] {dagbag.py:500} INFO - Filling up the DagBag from /home/airflow/.local/lib/python3.7/site-packages/airflow/example_dags/tutorial.py
[2022-02-20 23:19:37,528] {processor.py:654} INFO - DAG(s) dict_keys(['tutorial']) retrieved from /home/airflow/.local/lib/python3.7/site-packages/airflow/example_dags/tutorial.py
[2022-02-20 23:19:37,573] {logging_mixin.py:109} INFO - [2022-02-20 23:19:37,572] {dag.py:2396} INFO - Sync 1 DAGs
[2022-02-20 23:19:37,631] {logging_mixin.py:109} INFO - [2022-02-20 23:19:37,630] {dag.py:2935} INFO - Setting next_dagrun for tutorial to 2022-02-19T23:19:37.628964+00:00
[2022-02-20 23:19:37,664] {processor.py:171} INFO - Processing /home/airflow/.local/lib/python3.7/site-packages/airflow/example_dags/tutorial.py took 0.235 seconds
[2022-02-20 23:20:08,182] {processor.py:163} INFO - Started process (PID=1061) to work on /home/airflow/.local/lib/python3.7/site-packages/airflow/example_dags/tutorial.py
[2022-02-20 23:20:08,188] {processor.py:642} INFO - Processing file /home/airflow/.local/lib/python3.7/site-packages/airflow/example_dags/tutorial.py for tasks to queue
[2022-02-20 23:20:08,192] {logging_mixin.py:109} INFO - [2022-02-20 23:20:08,192] {dagbag.py:500} INFO - Filling up the DagBag from /home/airflow/.local/lib/python3.7/site-packages/airflow/example_dags/tutorial.py
[2022-02-20 23:20:08,285] {processor.py:654} INFO - DAG(s) dict_keys(['tutorial']) retrieved from /home/airflow/.local/lib/python3.7/site-packages/airflow/example_dags/tutorial.py
[2022-02-20 23:20:08,342] {logging_mixin.py:109} INFO - [2022-02-20 23:20:08,342] {dag.py:2396} INFO - Sync 1 DAGs
[2022-02-20 23:20:08,428] {logging_mixin.py:109} INFO - [2022-02-20 23:20:08,427] {dag.py:2935} INFO - Setting next_dagrun for tutorial to 2022-02-19T23:20:08.425286+00:00
[2022-02-20 23:20:08,476] {processor.py:171} INFO - Processing /home/airflow/.local/lib/python3.7/site-packages/airflow/example_dags/tutorial.py took 0.301 seconds
[2022-02-20 23:20:38,721] {processor.py:163} INFO - Started process (PID=1159) to work on /home/airflow/.local/lib/python3.7/site-packages/airflow/example_dags/tutorial.py
[2022-02-20 23:20:38,726] {processor.py:642} INFO - Processing file /home/airflow/.local/lib/python3.7/site-packages/airflow/example_dags/tutorial.py for tasks to queue
[2022-02-20 23:20:38,730] {logging_mixin.py:109} INFO - [2022-02-20 23:20:38,729] {dagbag.py:500} INFO - Filling up the DagBag from /home/airflow/.local/lib/python3.7/site-packages/airflow/example_dags/tutorial.py
[2022-02-20 23:20:38,811] {processor.py:654} INFO - DAG(s) dict_keys(['tutorial']) retrieved from /home/airflow/.local/lib/python3.7/site-packages/airflow/example_dags/tutorial.py
[2022-02-20 23:20:38,856] {logging_mixin.py:109} INFO - [2022-02-20 23:20:38,856] {dag.py:2396} INFO - Sync 1 DAGs
[2022-02-20 23:20:38,922] {logging_mixin.py:109} INFO - [2022-02-20 23:20:38,921] {dag.py:2935} INFO - Setting next_dagrun for tutorial to 2022-02-19T23:20:38.919731+00:00
[2022-02-20 23:20:38,953] {processor.py:171} INFO - Processing /home/airflow/.local/lib/python3.7/site-packages/airflow/example_dags/tutorial.py took 0.241 seconds
[2022-02-20 23:21:09,503] {processor.py:163} INFO - Started process (PID=1239) to work on /home/airflow/.local/lib/python3.7/site-packages/airflow/example_dags/tutorial.py
[2022-02-20 23:21:09,516] {processor.py:642} INFO - Processing file /home/airflow/.local/lib/python3.7/site-packages/airflow/example_dags/tutorial.py for tasks to queue
[2022-02-20 23:21:09,522] {logging_mixin.py:109} INFO - [2022-02-20 23:21:09,521] {dagbag.py:500} INFO - Filling up the DagBag from /home/airflow/.local/lib/python3.7/site-packages/airflow/example_dags/tutorial.py
[2022-02-20 23:21:09,637] {processor.py:654} INFO - DAG(s) dict_keys(['tutorial']) retrieved from /home/airflow/.local/lib/python3.7/site-packages/airflow/example_dags/tutorial.py
[2022-02-20 23:21:09,694] {logging_mixin.py:109} INFO - [2022-02-20 23:21:09,694] {dag.py:2396} INFO - Sync 1 DAGs
[2022-02-20 23:21:09,767] {logging_mixin.py:109} INFO - [2022-02-20 23:21:09,766] {dag.py:2935} INFO - Setting next_dagrun for tutorial to 2022-02-19T23:21:09.763975+00:00
[2022-02-20 23:21:09,802] {processor.py:171} INFO - Processing /home/airflow/.local/lib/python3.7/site-packages/airflow/example_dags/tutorial.py took 0.312 seconds
[2022-02-20 23:21:40,531] {processor.py:163} INFO - Started process (PID=1334) to work on /home/airflow/.local/lib/python3.7/site-packages/airflow/example_dags/tutorial.py
[2022-02-20 23:21:40,537] {processor.py:642} INFO - Processing file /home/airflow/.local/lib/python3.7/site-packages/airflow/example_dags/tutorial.py for tasks to queue
[2022-02-20 23:21:40,541] {logging_mixin.py:109} INFO - [2022-02-20 23:21:40,540] {dagbag.py:500} INFO - Filling up the DagBag from /home/airflow/.local/lib/python3.7/site-packages/airflow/example_dags/tutorial.py
[2022-02-20 23:21:40,627] {processor.py:654} INFO - DAG(s) dict_keys(['tutorial']) retrieved from /home/airflow/.local/lib/python3.7/site-packages/airflow/example_dags/tutorial.py
[2022-02-20 23:21:40,685] {logging_mixin.py:109} INFO - [2022-02-20 23:21:40,685] {dag.py:2396} INFO - Sync 1 DAGs
[2022-02-20 23:21:40,760] {logging_mixin.py:109} INFO - [2022-02-20 23:21:40,759] {dag.py:2935} INFO - Setting next_dagrun for tutorial to 2022-02-19T23:21:40.757818+00:00
[2022-02-20 23:21:40,793] {processor.py:171} INFO - Processing /home/airflow/.local/lib/python3.7/site-packages/airflow/example_dags/tutorial.py took 0.272 seconds
[2022-02-20 23:22:11,051] {processor.py:163} INFO - Started process (PID=1418) to work on /home/airflow/.local/lib/python3.7/site-packages/airflow/example_dags/tutorial.py
[2022-02-20 23:22:11,055] {processor.py:642} INFO - Processing file /home/airflow/.local/lib/python3.7/site-packages/airflow/example_dags/tutorial.py for tasks to queue
[2022-02-20 23:22:11,058] {logging_mixin.py:109} INFO - [2022-02-20 23:22:11,057] {dagbag.py:500} INFO - Filling up the DagBag from /home/airflow/.local/lib/python3.7/site-packages/airflow/example_dags/tutorial.py
[2022-02-20 23:22:11,132] {processor.py:654} INFO - DAG(s) dict_keys(['tutorial']) retrieved from /home/airflow/.local/lib/python3.7/site-packages/airflow/example_dags/tutorial.py
[2022-02-20 23:22:11,177] {logging_mixin.py:109} INFO - [2022-02-20 23:22:11,176] {dag.py:2396} INFO - Sync 1 DAGs
[2022-02-20 23:22:11,240] {logging_mixin.py:109} INFO - [2022-02-20 23:22:11,240] {dag.py:2935} INFO - Setting next_dagrun for tutorial to 2022-02-19T23:22:11.238726+00:00
[2022-02-20 23:22:11,269] {processor.py:171} INFO - Processing /home/airflow/.local/lib/python3.7/site-packages/airflow/example_dags/tutorial.py took 0.225 seconds
[2022-02-20 23:22:41,352] {processor.py:163} INFO - Started process (PID=1516) to work on /home/airflow/.local/lib/python3.7/site-packages/airflow/example_dags/tutorial.py
[2022-02-20 23:22:41,358] {processor.py:642} INFO - Processing file /home/airflow/.local/lib/python3.7/site-packages/airflow/example_dags/tutorial.py for tasks to queue
[2022-02-20 23:22:41,366] {logging_mixin.py:109} INFO - [2022-02-20 23:22:41,366] {dagbag.py:500} INFO - Filling up the DagBag from /home/airflow/.local/lib/python3.7/site-packages/airflow/example_dags/tutorial.py
[2022-02-20 23:22:41,458] {processor.py:654} INFO - DAG(s) dict_keys(['tutorial']) retrieved from /home/airflow/.local/lib/python3.7/site-packages/airflow/example_dags/tutorial.py
[2022-02-20 23:22:41,507] {logging_mixin.py:109} INFO - [2022-02-20 23:22:41,507] {dag.py:2396} INFO - Sync 1 DAGs
[2022-02-20 23:22:41,571] {logging_mixin.py:109} INFO - [2022-02-20 23:22:41,571] {dag.py:2935} INFO - Setting next_dagrun for tutorial to 2022-02-19T23:22:41.569611+00:00
[2022-02-20 23:22:41,608] {processor.py:171} INFO - Processing /home/airflow/.local/lib/python3.7/site-packages/airflow/example_dags/tutorial.py took 0.266 seconds
[2022-02-20 23:23:12,224] {processor.py:163} INFO - Started process (PID=1599) to work on /home/airflow/.local/lib/python3.7/site-packages/airflow/example_dags/tutorial.py
[2022-02-20 23:23:12,227] {processor.py:642} INFO - Processing file /home/airflow/.local/lib/python3.7/site-packages/airflow/example_dags/tutorial.py for tasks to queue
[2022-02-20 23:23:12,230] {logging_mixin.py:109} INFO - [2022-02-20 23:23:12,229] {dagbag.py:500} INFO - Filling up the DagBag from /home/airflow/.local/lib/python3.7/site-packages/airflow/example_dags/tutorial.py
[2022-02-20 23:23:12,292] {processor.py:654} INFO - DAG(s) dict_keys(['tutorial']) retrieved from /home/airflow/.local/lib/python3.7/site-packages/airflow/example_dags/tutorial.py
[2022-02-20 23:23:12,329] {logging_mixin.py:109} INFO - [2022-02-20 23:23:12,328] {dag.py:2396} INFO - Sync 1 DAGs
[2022-02-20 23:23:12,376] {logging_mixin.py:109} INFO - [2022-02-20 23:23:12,376] {dag.py:2935} INFO - Setting next_dagrun for tutorial to 2022-02-19T23:23:12.374736+00:00
[2022-02-20 23:23:12,401] {processor.py:171} INFO - Processing /home/airflow/.local/lib/python3.7/site-packages/airflow/example_dags/tutorial.py took 0.183 seconds
[2022-02-20 23:23:42,448] {processor.py:163} INFO - Started process (PID=1695) to work on /home/airflow/.local/lib/python3.7/site-packages/airflow/example_dags/tutorial.py
[2022-02-20 23:23:42,452] {processor.py:642} INFO - Processing file /home/airflow/.local/lib/python3.7/site-packages/airflow/example_dags/tutorial.py for tasks to queue
[2022-02-20 23:23:42,456] {logging_mixin.py:109} INFO - [2022-02-20 23:23:42,455] {dagbag.py:500} INFO - Filling up the DagBag from /home/airflow/.local/lib/python3.7/site-packages/airflow/example_dags/tutorial.py
[2022-02-20 23:23:42,546] {processor.py:654} INFO - DAG(s) dict_keys(['tutorial']) retrieved from /home/airflow/.local/lib/python3.7/site-packages/airflow/example_dags/tutorial.py
[2022-02-20 23:23:42,596] {logging_mixin.py:109} INFO - [2022-02-20 23:23:42,595] {dag.py:2396} INFO - Sync 1 DAGs
[2022-02-20 23:23:42,695] {logging_mixin.py:109} INFO - [2022-02-20 23:23:42,695] {dag.py:2935} INFO - Setting next_dagrun for tutorial to 2022-02-19T23:23:42.693363+00:00
[2022-02-20 23:23:42,729] {processor.py:171} INFO - Processing /home/airflow/.local/lib/python3.7/site-packages/airflow/example_dags/tutorial.py took 0.289 seconds
[2022-02-20 23:24:12,911] {processor.py:163} INFO - Started process (PID=1774) to work on /home/airflow/.local/lib/python3.7/site-packages/airflow/example_dags/tutorial.py
[2022-02-20 23:24:12,915] {processor.py:642} INFO - Processing file /home/airflow/.local/lib/python3.7/site-packages/airflow/example_dags/tutorial.py for tasks to queue
[2022-02-20 23:24:12,918] {logging_mixin.py:109} INFO - [2022-02-20 23:24:12,917] {dagbag.py:500} INFO - Filling up the DagBag from /home/airflow/.local/lib/python3.7/site-packages/airflow/example_dags/tutorial.py
[2022-02-20 23:24:12,991] {processor.py:654} INFO - DAG(s) dict_keys(['tutorial']) retrieved from /home/airflow/.local/lib/python3.7/site-packages/airflow/example_dags/tutorial.py
[2022-02-20 23:24:13,033] {logging_mixin.py:109} INFO - [2022-02-20 23:24:13,032] {dag.py:2396} INFO - Sync 1 DAGs
[2022-02-20 23:24:13,091] {logging_mixin.py:109} INFO - [2022-02-20 23:24:13,090] {dag.py:2935} INFO - Setting next_dagrun for tutorial to 2022-02-19T23:24:13.088278+00:00
[2022-02-20 23:24:13,120] {processor.py:171} INFO - Processing /home/airflow/.local/lib/python3.7/site-packages/airflow/example_dags/tutorial.py took 0.215 seconds
[2022-02-20 23:24:45,350] {processor.py:163} INFO - Started process (PID=1872) to work on /home/airflow/.local/lib/python3.7/site-packages/airflow/example_dags/tutorial.py
[2022-02-20 23:24:45,354] {processor.py:642} INFO - Processing file /home/airflow/.local/lib/python3.7/site-packages/airflow/example_dags/tutorial.py for tasks to queue
[2022-02-20 23:24:45,358] {logging_mixin.py:109} INFO - [2022-02-20 23:24:45,358] {dagbag.py:500} INFO - Filling up the DagBag from /home/airflow/.local/lib/python3.7/site-packages/airflow/example_dags/tutorial.py
[2022-02-20 23:24:45,460] {processor.py:654} INFO - DAG(s) dict_keys(['tutorial']) retrieved from /home/airflow/.local/lib/python3.7/site-packages/airflow/example_dags/tutorial.py
[2022-02-20 23:24:45,516] {logging_mixin.py:109} INFO - [2022-02-20 23:24:45,514] {dag.py:2396} INFO - Sync 1 DAGs
[2022-02-20 23:24:45,589] {logging_mixin.py:109} INFO - [2022-02-20 23:24:45,588] {dag.py:2935} INFO - Setting next_dagrun for tutorial to 2022-02-19T23:24:45.586923+00:00
[2022-02-20 23:24:45,623] {processor.py:171} INFO - Processing /home/airflow/.local/lib/python3.7/site-packages/airflow/example_dags/tutorial.py took 0.282 seconds
[2022-02-20 23:25:18,791] {processor.py:163} INFO - Started process (PID=1973) to work on /home/airflow/.local/lib/python3.7/site-packages/airflow/example_dags/tutorial.py
[2022-02-20 23:25:18,796] {processor.py:642} INFO - Processing file /home/airflow/.local/lib/python3.7/site-packages/airflow/example_dags/tutorial.py for tasks to queue
[2022-02-20 23:25:18,806] {logging_mixin.py:109} INFO - [2022-02-20 23:25:18,805] {dagbag.py:500} INFO - Filling up the DagBag from /home/airflow/.local/lib/python3.7/site-packages/airflow/example_dags/tutorial.py
[2022-02-20 23:25:18,942] {processor.py:654} INFO - DAG(s) dict_keys(['tutorial']) retrieved from /home/airflow/.local/lib/python3.7/site-packages/airflow/example_dags/tutorial.py
[2022-02-20 23:25:18,990] {logging_mixin.py:109} INFO - [2022-02-20 23:25:18,990] {dag.py:2396} INFO - Sync 1 DAGs
[2022-02-20 23:25:19,102] {logging_mixin.py:109} INFO - [2022-02-20 23:25:19,101] {dag.py:2935} INFO - Setting next_dagrun for tutorial to 2022-02-19T23:25:19.099708+00:00
[2022-02-20 23:25:19,150] {processor.py:171} INFO - Processing /home/airflow/.local/lib/python3.7/site-packages/airflow/example_dags/tutorial.py took 0.369 seconds
[2022-02-20 23:25:49,771] {processor.py:163} INFO - Started process (PID=2053) to work on /home/airflow/.local/lib/python3.7/site-packages/airflow/example_dags/tutorial.py
[2022-02-20 23:25:49,775] {processor.py:642} INFO - Processing file /home/airflow/.local/lib/python3.7/site-packages/airflow/example_dags/tutorial.py for tasks to queue
[2022-02-20 23:25:49,779] {logging_mixin.py:109} INFO - [2022-02-20 23:25:49,778] {dagbag.py:500} INFO - Filling up the DagBag from /home/airflow/.local/lib/python3.7/site-packages/airflow/example_dags/tutorial.py
[2022-02-20 23:25:49,859] {processor.py:654} INFO - DAG(s) dict_keys(['tutorial']) retrieved from /home/airflow/.local/lib/python3.7/site-packages/airflow/example_dags/tutorial.py
[2022-02-20 23:25:49,904] {logging_mixin.py:109} INFO - [2022-02-20 23:25:49,903] {dag.py:2396} INFO - Sync 1 DAGs
[2022-02-20 23:25:49,966] {logging_mixin.py:109} INFO - [2022-02-20 23:25:49,966] {dag.py:2935} INFO - Setting next_dagrun for tutorial to 2022-02-19T23:25:49.964374+00:00
[2022-02-20 23:25:50,001] {processor.py:171} INFO - Processing /home/airflow/.local/lib/python3.7/site-packages/airflow/example_dags/tutorial.py took 0.238 seconds
[2022-02-20 23:26:22,942] {processor.py:163} INFO - Started process (PID=2149) to work on /home/airflow/.local/lib/python3.7/site-packages/airflow/example_dags/tutorial.py
[2022-02-20 23:26:22,949] {processor.py:642} INFO - Processing file /home/airflow/.local/lib/python3.7/site-packages/airflow/example_dags/tutorial.py for tasks to queue
[2022-02-20 23:26:22,956] {logging_mixin.py:109} INFO - [2022-02-20 23:26:22,955] {dagbag.py:500} INFO - Filling up the DagBag from /home/airflow/.local/lib/python3.7/site-packages/airflow/example_dags/tutorial.py
[2022-02-20 23:26:23,072] {processor.py:654} INFO - DAG(s) dict_keys(['tutorial']) retrieved from /home/airflow/.local/lib/python3.7/site-packages/airflow/example_dags/tutorial.py
[2022-02-20 23:26:23,133] {logging_mixin.py:109} INFO - [2022-02-20 23:26:23,132] {dag.py:2396} INFO - Sync 1 DAGs
[2022-02-20 23:26:23,216] {logging_mixin.py:109} INFO - [2022-02-20 23:26:23,215] {dag.py:2935} INFO - Setting next_dagrun for tutorial to 2022-02-19T23:26:23.214059+00:00
[2022-02-20 23:26:23,268] {processor.py:171} INFO - Processing /home/airflow/.local/lib/python3.7/site-packages/airflow/example_dags/tutorial.py took 0.337 seconds
[2022-02-20 23:26:54,079] {processor.py:163} INFO - Started process (PID=2242) to work on /home/airflow/.local/lib/python3.7/site-packages/airflow/example_dags/tutorial.py
[2022-02-20 23:26:54,084] {processor.py:642} INFO - Processing file /home/airflow/.local/lib/python3.7/site-packages/airflow/example_dags/tutorial.py for tasks to queue
[2022-02-20 23:26:54,087] {logging_mixin.py:109} INFO - [2022-02-20 23:26:54,086] {dagbag.py:500} INFO - Filling up the DagBag from /home/airflow/.local/lib/python3.7/site-packages/airflow/example_dags/tutorial.py
[2022-02-20 23:26:54,173] {processor.py:654} INFO - DAG(s) dict_keys(['tutorial']) retrieved from /home/airflow/.local/lib/python3.7/site-packages/airflow/example_dags/tutorial.py
[2022-02-20 23:26:54,217] {logging_mixin.py:109} INFO - [2022-02-20 23:26:54,217] {dag.py:2396} INFO - Sync 1 DAGs
[2022-02-20 23:26:54,278] {logging_mixin.py:109} INFO - [2022-02-20 23:26:54,277] {dag.py:2935} INFO - Setting next_dagrun for tutorial to 2022-02-19T23:26:54.275548+00:00
[2022-02-20 23:26:54,311] {processor.py:171} INFO - Processing /home/airflow/.local/lib/python3.7/site-packages/airflow/example_dags/tutorial.py took 0.240 seconds
[2022-02-20 23:27:24,689] {processor.py:163} INFO - Started process (PID=2329) to work on /home/airflow/.local/lib/python3.7/site-packages/airflow/example_dags/tutorial.py
[2022-02-20 23:27:24,694] {processor.py:642} INFO - Processing file /home/airflow/.local/lib/python3.7/site-packages/airflow/example_dags/tutorial.py for tasks to queue
[2022-02-20 23:27:24,697] {logging_mixin.py:109} INFO - [2022-02-20 23:27:24,697] {dagbag.py:500} INFO - Filling up the DagBag from /home/airflow/.local/lib/python3.7/site-packages/airflow/example_dags/tutorial.py
[2022-02-20 23:27:24,788] {processor.py:654} INFO - DAG(s) dict_keys(['tutorial']) retrieved from /home/airflow/.local/lib/python3.7/site-packages/airflow/example_dags/tutorial.py
[2022-02-20 23:27:24,840] {logging_mixin.py:109} INFO - [2022-02-20 23:27:24,839] {dag.py:2396} INFO - Sync 1 DAGs
[2022-02-20 23:27:24,902] {logging_mixin.py:109} INFO - [2022-02-20 23:27:24,901] {dag.py:2935} INFO - Setting next_dagrun for tutorial to 2022-02-19T23:27:24.899602+00:00
[2022-02-20 23:27:24,955] {processor.py:171} INFO - Processing /home/airflow/.local/lib/python3.7/site-packages/airflow/example_dags/tutorial.py took 0.275 seconds
[2022-02-20 23:27:56,099] {processor.py:163} INFO - Started process (PID=2426) to work on /home/airflow/.local/lib/python3.7/site-packages/airflow/example_dags/tutorial.py
[2022-02-20 23:27:56,104] {processor.py:642} INFO - Processing file /home/airflow/.local/lib/python3.7/site-packages/airflow/example_dags/tutorial.py for tasks to queue
[2022-02-20 23:27:56,107] {logging_mixin.py:109} INFO - [2022-02-20 23:27:56,106] {dagbag.py:500} INFO - Filling up the DagBag from /home/airflow/.local/lib/python3.7/site-packages/airflow/example_dags/tutorial.py
[2022-02-20 23:27:56,181] {processor.py:654} INFO - DAG(s) dict_keys(['tutorial']) retrieved from /home/airflow/.local/lib/python3.7/site-packages/airflow/example_dags/tutorial.py
[2022-02-20 23:27:56,225] {logging_mixin.py:109} INFO - [2022-02-20 23:27:56,224] {dag.py:2396} INFO - Sync 1 DAGs
[2022-02-20 23:27:56,300] {logging_mixin.py:109} INFO - [2022-02-20 23:27:56,300] {dag.py:2935} INFO - Setting next_dagrun for tutorial to 2022-02-19T23:27:56.298289+00:00
[2022-02-20 23:27:56,344] {processor.py:171} INFO - Processing /home/airflow/.local/lib/python3.7/site-packages/airflow/example_dags/tutorial.py took 0.253 seconds
[2022-02-20 23:28:27,437] {processor.py:163} INFO - Started process (PID=2507) to work on /home/airflow/.local/lib/python3.7/site-packages/airflow/example_dags/tutorial.py
[2022-02-20 23:28:27,443] {processor.py:642} INFO - Processing file /home/airflow/.local/lib/python3.7/site-packages/airflow/example_dags/tutorial.py for tasks to queue
[2022-02-20 23:28:27,447] {logging_mixin.py:109} INFO - [2022-02-20 23:28:27,447] {dagbag.py:500} INFO - Filling up the DagBag from /home/airflow/.local/lib/python3.7/site-packages/airflow/example_dags/tutorial.py
[2022-02-20 23:28:27,533] {processor.py:654} INFO - DAG(s) dict_keys(['tutorial']) retrieved from /home/airflow/.local/lib/python3.7/site-packages/airflow/example_dags/tutorial.py
[2022-02-20 23:28:27,575] {logging_mixin.py:109} INFO - [2022-02-20 23:28:27,575] {dag.py:2396} INFO - Sync 1 DAGs
[2022-02-20 23:28:27,646] {logging_mixin.py:109} INFO - [2022-02-20 23:28:27,646] {dag.py:2935} INFO - Setting next_dagrun for tutorial to 2022-02-19T23:28:27.644129+00:00
[2022-02-20 23:28:27,688] {processor.py:171} INFO - Processing /home/airflow/.local/lib/python3.7/site-packages/airflow/example_dags/tutorial.py took 0.260 seconds
[2022-02-20 23:28:59,381] {processor.py:163} INFO - Started process (PID=2605) to work on /home/airflow/.local/lib/python3.7/site-packages/airflow/example_dags/tutorial.py
[2022-02-20 23:28:59,387] {processor.py:642} INFO - Processing file /home/airflow/.local/lib/python3.7/site-packages/airflow/example_dags/tutorial.py for tasks to queue
[2022-02-20 23:28:59,390] {logging_mixin.py:109} INFO - [2022-02-20 23:28:59,389] {dagbag.py:500} INFO - Filling up the DagBag from /home/airflow/.local/lib/python3.7/site-packages/airflow/example_dags/tutorial.py
[2022-02-20 23:28:59,494] {processor.py:654} INFO - DAG(s) dict_keys(['tutorial']) retrieved from /home/airflow/.local/lib/python3.7/site-packages/airflow/example_dags/tutorial.py
[2022-02-20 23:28:59,551] {logging_mixin.py:109} INFO - [2022-02-20 23:28:59,551] {dag.py:2396} INFO - Sync 1 DAGs
[2022-02-20 23:28:59,613] {logging_mixin.py:109} INFO - [2022-02-20 23:28:59,612] {dag.py:2935} INFO - Setting next_dagrun for tutorial to 2022-02-19T23:28:59.611049+00:00
[2022-02-20 23:28:59,645] {processor.py:171} INFO - Processing /home/airflow/.local/lib/python3.7/site-packages/airflow/example_dags/tutorial.py took 0.271 seconds
[2022-02-20 23:29:30,415] {processor.py:163} INFO - Started process (PID=2687) to work on /home/airflow/.local/lib/python3.7/site-packages/airflow/example_dags/tutorial.py
[2022-02-20 23:29:30,438] {processor.py:642} INFO - Processing file /home/airflow/.local/lib/python3.7/site-packages/airflow/example_dags/tutorial.py for tasks to queue
[2022-02-20 23:29:30,460] {logging_mixin.py:109} INFO - [2022-02-20 23:29:30,460] {dagbag.py:500} INFO - Filling up the DagBag from /home/airflow/.local/lib/python3.7/site-packages/airflow/example_dags/tutorial.py
[2022-02-20 23:29:30,539] {processor.py:654} INFO - DAG(s) dict_keys(['tutorial']) retrieved from /home/airflow/.local/lib/python3.7/site-packages/airflow/example_dags/tutorial.py
[2022-02-20 23:29:30,584] {logging_mixin.py:109} INFO - [2022-02-20 23:29:30,584] {dag.py:2396} INFO - Sync 1 DAGs
[2022-02-20 23:29:30,655] {logging_mixin.py:109} INFO - [2022-02-20 23:29:30,654] {dag.py:2935} INFO - Setting next_dagrun for tutorial to 2022-02-19T23:29:30.652103+00:00
[2022-02-20 23:29:30,693] {processor.py:171} INFO - Processing /home/airflow/.local/lib/python3.7/site-packages/airflow/example_dags/tutorial.py took 0.287 seconds
[2022-02-20 23:30:01,204] {processor.py:163} INFO - Started process (PID=2785) to work on /home/airflow/.local/lib/python3.7/site-packages/airflow/example_dags/tutorial.py
[2022-02-20 23:30:01,210] {processor.py:642} INFO - Processing file /home/airflow/.local/lib/python3.7/site-packages/airflow/example_dags/tutorial.py for tasks to queue
[2022-02-20 23:30:01,214] {logging_mixin.py:109} INFO - [2022-02-20 23:30:01,213] {dagbag.py:500} INFO - Filling up the DagBag from /home/airflow/.local/lib/python3.7/site-packages/airflow/example_dags/tutorial.py
[2022-02-20 23:30:01,289] {processor.py:654} INFO - DAG(s) dict_keys(['tutorial']) retrieved from /home/airflow/.local/lib/python3.7/site-packages/airflow/example_dags/tutorial.py
[2022-02-20 23:30:01,335] {logging_mixin.py:109} INFO - [2022-02-20 23:30:01,335] {dag.py:2396} INFO - Sync 1 DAGs
[2022-02-20 23:30:01,395] {logging_mixin.py:109} INFO - [2022-02-20 23:30:01,394] {dag.py:2935} INFO - Setting next_dagrun for tutorial to 2022-02-19T23:30:01.392667+00:00
[2022-02-20 23:30:01,428] {processor.py:171} INFO - Processing /home/airflow/.local/lib/python3.7/site-packages/airflow/example_dags/tutorial.py took 0.233 seconds
[2022-02-20 23:30:31,798] {processor.py:163} INFO - Started process (PID=2864) to work on /home/airflow/.local/lib/python3.7/site-packages/airflow/example_dags/tutorial.py
[2022-02-20 23:30:31,802] {processor.py:642} INFO - Processing file /home/airflow/.local/lib/python3.7/site-packages/airflow/example_dags/tutorial.py for tasks to queue
[2022-02-20 23:30:31,805] {logging_mixin.py:109} INFO - [2022-02-20 23:30:31,805] {dagbag.py:500} INFO - Filling up the DagBag from /home/airflow/.local/lib/python3.7/site-packages/airflow/example_dags/tutorial.py
[2022-02-20 23:30:31,867] {processor.py:654} INFO - DAG(s) dict_keys(['tutorial']) retrieved from /home/airflow/.local/lib/python3.7/site-packages/airflow/example_dags/tutorial.py
[2022-02-20 23:30:31,902] {logging_mixin.py:109} INFO - [2022-02-20 23:30:31,901] {dag.py:2396} INFO - Sync 1 DAGs
[2022-02-20 23:30:31,949] {logging_mixin.py:109} INFO - [2022-02-20 23:30:31,949] {dag.py:2935} INFO - Setting next_dagrun for tutorial to 2022-02-19T23:30:31.947921+00:00
[2022-02-20 23:30:31,972] {processor.py:171} INFO - Processing /home/airflow/.local/lib/python3.7/site-packages/airflow/example_dags/tutorial.py took 0.181 seconds
[2022-02-20 23:31:02,410] {processor.py:163} INFO - Started process (PID=2964) to work on /home/airflow/.local/lib/python3.7/site-packages/airflow/example_dags/tutorial.py
[2022-02-20 23:31:02,414] {processor.py:642} INFO - Processing file /home/airflow/.local/lib/python3.7/site-packages/airflow/example_dags/tutorial.py for tasks to queue
[2022-02-20 23:31:02,418] {logging_mixin.py:109} INFO - [2022-02-20 23:31:02,417] {dagbag.py:500} INFO - Filling up the DagBag from /home/airflow/.local/lib/python3.7/site-packages/airflow/example_dags/tutorial.py
[2022-02-20 23:31:02,495] {processor.py:654} INFO - DAG(s) dict_keys(['tutorial']) retrieved from /home/airflow/.local/lib/python3.7/site-packages/airflow/example_dags/tutorial.py
[2022-02-20 23:31:02,536] {logging_mixin.py:109} INFO - [2022-02-20 23:31:02,536] {dag.py:2396} INFO - Sync 1 DAGs
[2022-02-20 23:31:02,596] {logging_mixin.py:109} INFO - [2022-02-20 23:31:02,595] {dag.py:2935} INFO - Setting next_dagrun for tutorial to 2022-02-19T23:31:02.593723+00:00
[2022-02-20 23:31:02,627] {processor.py:171} INFO - Processing /home/airflow/.local/lib/python3.7/site-packages/airflow/example_dags/tutorial.py took 0.225 seconds
[2022-02-20 23:31:32,755] {processor.py:163} INFO - Started process (PID=3044) to work on /home/airflow/.local/lib/python3.7/site-packages/airflow/example_dags/tutorial.py
[2022-02-20 23:31:32,760] {processor.py:642} INFO - Processing file /home/airflow/.local/lib/python3.7/site-packages/airflow/example_dags/tutorial.py for tasks to queue
[2022-02-20 23:31:32,765] {logging_mixin.py:109} INFO - [2022-02-20 23:31:32,765] {dagbag.py:500} INFO - Filling up the DagBag from /home/airflow/.local/lib/python3.7/site-packages/airflow/example_dags/tutorial.py
[2022-02-20 23:31:32,832] {processor.py:654} INFO - DAG(s) dict_keys(['tutorial']) retrieved from /home/airflow/.local/lib/python3.7/site-packages/airflow/example_dags/tutorial.py
[2022-02-20 23:31:32,867] {logging_mixin.py:109} INFO - [2022-02-20 23:31:32,867] {dag.py:2396} INFO - Sync 1 DAGs
[2022-02-20 23:31:32,912] {logging_mixin.py:109} INFO - [2022-02-20 23:31:32,911] {dag.py:2935} INFO - Setting next_dagrun for tutorial to 2022-02-19T23:31:32.910333+00:00
[2022-02-20 23:31:32,935] {processor.py:171} INFO - Processing /home/airflow/.local/lib/python3.7/site-packages/airflow/example_dags/tutorial.py took 0.187 seconds
[2022-02-20 23:32:03,032] {processor.py:163} INFO - Started process (PID=3142) to work on /home/airflow/.local/lib/python3.7/site-packages/airflow/example_dags/tutorial.py
[2022-02-20 23:32:03,037] {processor.py:642} INFO - Processing file /home/airflow/.local/lib/python3.7/site-packages/airflow/example_dags/tutorial.py for tasks to queue
[2022-02-20 23:32:03,040] {logging_mixin.py:109} INFO - [2022-02-20 23:32:03,039] {dagbag.py:500} INFO - Filling up the DagBag from /home/airflow/.local/lib/python3.7/site-packages/airflow/example_dags/tutorial.py
[2022-02-20 23:32:03,116] {processor.py:654} INFO - DAG(s) dict_keys(['tutorial']) retrieved from /home/airflow/.local/lib/python3.7/site-packages/airflow/example_dags/tutorial.py
[2022-02-20 23:32:03,159] {logging_mixin.py:109} INFO - [2022-02-20 23:32:03,158] {dag.py:2396} INFO - Sync 1 DAGs
[2022-02-20 23:32:03,217] {logging_mixin.py:109} INFO - [2022-02-20 23:32:03,217] {dag.py:2935} INFO - Setting next_dagrun for tutorial to 2022-02-19T23:32:03.214988+00:00
[2022-02-20 23:32:03,249] {processor.py:171} INFO - Processing /home/airflow/.local/lib/python3.7/site-packages/airflow/example_dags/tutorial.py took 0.224 seconds
[2022-02-20 23:32:33,772] {processor.py:163} INFO - Started process (PID=3234) to work on /home/airflow/.local/lib/python3.7/site-packages/airflow/example_dags/tutorial.py
[2022-02-20 23:32:33,777] {processor.py:642} INFO - Processing file /home/airflow/.local/lib/python3.7/site-packages/airflow/example_dags/tutorial.py for tasks to queue
[2022-02-20 23:32:33,780] {logging_mixin.py:109} INFO - [2022-02-20 23:32:33,780] {dagbag.py:500} INFO - Filling up the DagBag from /home/airflow/.local/lib/python3.7/site-packages/airflow/example_dags/tutorial.py
[2022-02-20 23:32:33,870] {processor.py:654} INFO - DAG(s) dict_keys(['tutorial']) retrieved from /home/airflow/.local/lib/python3.7/site-packages/airflow/example_dags/tutorial.py
[2022-02-20 23:32:33,911] {logging_mixin.py:109} INFO - [2022-02-20 23:32:33,911] {dag.py:2396} INFO - Sync 1 DAGs
[2022-02-20 23:32:33,970] {logging_mixin.py:109} INFO - [2022-02-20 23:32:33,969] {dag.py:2935} INFO - Setting next_dagrun for tutorial to 2022-02-19T23:32:33.967946+00:00
[2022-02-20 23:32:34,022] {processor.py:171} INFO - Processing /home/airflow/.local/lib/python3.7/site-packages/airflow/example_dags/tutorial.py took 0.258 seconds
[2022-02-20 23:33:04,773] {processor.py:163} INFO - Started process (PID=3322) to work on /home/airflow/.local/lib/python3.7/site-packages/airflow/example_dags/tutorial.py
[2022-02-20 23:33:04,778] {processor.py:642} INFO - Processing file /home/airflow/.local/lib/python3.7/site-packages/airflow/example_dags/tutorial.py for tasks to queue
[2022-02-20 23:33:04,781] {logging_mixin.py:109} INFO - [2022-02-20 23:33:04,780] {dagbag.py:500} INFO - Filling up the DagBag from /home/airflow/.local/lib/python3.7/site-packages/airflow/example_dags/tutorial.py
[2022-02-20 23:33:04,874] {processor.py:654} INFO - DAG(s) dict_keys(['tutorial']) retrieved from /home/airflow/.local/lib/python3.7/site-packages/airflow/example_dags/tutorial.py
[2022-02-20 23:33:04,927] {logging_mixin.py:109} INFO - [2022-02-20 23:33:04,927] {dag.py:2396} INFO - Sync 1 DAGs
[2022-02-20 23:33:04,995] {logging_mixin.py:109} INFO - [2022-02-20 23:33:04,994] {dag.py:2935} INFO - Setting next_dagrun for tutorial to 2022-02-19T23:33:04.992573+00:00
[2022-02-20 23:33:05,037] {processor.py:171} INFO - Processing /home/airflow/.local/lib/python3.7/site-packages/airflow/example_dags/tutorial.py took 0.271 seconds
[2022-02-20 23:33:35,533] {processor.py:163} INFO - Started process (PID=3413) to work on /home/airflow/.local/lib/python3.7/site-packages/airflow/example_dags/tutorial.py
[2022-02-20 23:33:35,546] {processor.py:642} INFO - Processing file /home/airflow/.local/lib/python3.7/site-packages/airflow/example_dags/tutorial.py for tasks to queue
[2022-02-20 23:33:35,550] {logging_mixin.py:109} INFO - [2022-02-20 23:33:35,549] {dagbag.py:500} INFO - Filling up the DagBag from /home/airflow/.local/lib/python3.7/site-packages/airflow/example_dags/tutorial.py
[2022-02-20 23:33:35,627] {processor.py:654} INFO - DAG(s) dict_keys(['tutorial']) retrieved from /home/airflow/.local/lib/python3.7/site-packages/airflow/example_dags/tutorial.py
[2022-02-20 23:33:35,669] {logging_mixin.py:109} INFO - [2022-02-20 23:33:35,668] {dag.py:2396} INFO - Sync 1 DAGs
[2022-02-20 23:33:35,726] {logging_mixin.py:109} INFO - [2022-02-20 23:33:35,726] {dag.py:2935} INFO - Setting next_dagrun for tutorial to 2022-02-19T23:33:35.724707+00:00
[2022-02-20 23:33:35,759] {processor.py:171} INFO - Processing /home/airflow/.local/lib/python3.7/site-packages/airflow/example_dags/tutorial.py took 0.233 seconds
[2022-02-20 23:34:07,496] {processor.py:163} INFO - Started process (PID=3505) to work on /home/airflow/.local/lib/python3.7/site-packages/airflow/example_dags/tutorial.py
[2022-02-20 23:34:07,500] {processor.py:642} INFO - Processing file /home/airflow/.local/lib/python3.7/site-packages/airflow/example_dags/tutorial.py for tasks to queue
[2022-02-20 23:34:07,505] {logging_mixin.py:109} INFO - [2022-02-20 23:34:07,504] {dagbag.py:500} INFO - Filling up the DagBag from /home/airflow/.local/lib/python3.7/site-packages/airflow/example_dags/tutorial.py
[2022-02-20 23:34:07,583] {processor.py:654} INFO - DAG(s) dict_keys(['tutorial']) retrieved from /home/airflow/.local/lib/python3.7/site-packages/airflow/example_dags/tutorial.py
[2022-02-20 23:34:07,627] {logging_mixin.py:109} INFO - [2022-02-20 23:34:07,626] {dag.py:2396} INFO - Sync 1 DAGs
[2022-02-20 23:34:07,688] {logging_mixin.py:109} INFO - [2022-02-20 23:34:07,688] {dag.py:2935} INFO - Setting next_dagrun for tutorial to 2022-02-19T23:34:07.686340+00:00
[2022-02-20 23:34:07,723] {processor.py:171} INFO - Processing /home/airflow/.local/lib/python3.7/site-packages/airflow/example_dags/tutorial.py took 0.234 seconds
[2022-02-20 23:34:38,795] {processor.py:163} INFO - Started process (PID=3600) to work on /home/airflow/.local/lib/python3.7/site-packages/airflow/example_dags/tutorial.py
[2022-02-20 23:34:38,801] {processor.py:642} INFO - Processing file /home/airflow/.local/lib/python3.7/site-packages/airflow/example_dags/tutorial.py for tasks to queue
[2022-02-20 23:34:38,805] {logging_mixin.py:109} INFO - [2022-02-20 23:34:38,804] {dagbag.py:500} INFO - Filling up the DagBag from /home/airflow/.local/lib/python3.7/site-packages/airflow/example_dags/tutorial.py
[2022-02-20 23:34:38,896] {processor.py:654} INFO - DAG(s) dict_keys(['tutorial']) retrieved from /home/airflow/.local/lib/python3.7/site-packages/airflow/example_dags/tutorial.py
[2022-02-20 23:34:38,942] {logging_mixin.py:109} INFO - [2022-02-20 23:34:38,942] {dag.py:2396} INFO - Sync 1 DAGs
[2022-02-20 23:34:39,006] {logging_mixin.py:109} INFO - [2022-02-20 23:34:39,005] {dag.py:2935} INFO - Setting next_dagrun for tutorial to 2022-02-19T23:34:39.003705+00:00
[2022-02-20 23:34:39,038] {processor.py:171} INFO - Processing /home/airflow/.local/lib/python3.7/site-packages/airflow/example_dags/tutorial.py took 0.254 seconds
[2022-02-20 23:35:10,250] {processor.py:163} INFO - Started process (PID=3680) to work on /home/airflow/.local/lib/python3.7/site-packages/airflow/example_dags/tutorial.py
[2022-02-20 23:35:10,255] {processor.py:642} INFO - Processing file /home/airflow/.local/lib/python3.7/site-packages/airflow/example_dags/tutorial.py for tasks to queue
[2022-02-20 23:35:10,260] {logging_mixin.py:109} INFO - [2022-02-20 23:35:10,259] {dagbag.py:500} INFO - Filling up the DagBag from /home/airflow/.local/lib/python3.7/site-packages/airflow/example_dags/tutorial.py
[2022-02-20 23:35:10,335] {processor.py:654} INFO - DAG(s) dict_keys(['tutorial']) retrieved from /home/airflow/.local/lib/python3.7/site-packages/airflow/example_dags/tutorial.py
[2022-02-20 23:35:10,371] {logging_mixin.py:109} INFO - [2022-02-20 23:35:10,370] {dag.py:2396} INFO - Sync 1 DAGs
[2022-02-20 23:35:10,418] {logging_mixin.py:109} INFO - [2022-02-20 23:35:10,417] {dag.py:2935} INFO - Setting next_dagrun for tutorial to 2022-02-19T23:35:10.415997+00:00
[2022-02-20 23:35:10,448] {processor.py:171} INFO - Processing /home/airflow/.local/lib/python3.7/site-packages/airflow/example_dags/tutorial.py took 0.205 seconds
[2022-02-20 23:35:42,452] {processor.py:163} INFO - Started process (PID=3782) to work on /home/airflow/.local/lib/python3.7/site-packages/airflow/example_dags/tutorial.py
[2022-02-20 23:35:42,457] {processor.py:642} INFO - Processing file /home/airflow/.local/lib/python3.7/site-packages/airflow/example_dags/tutorial.py for tasks to queue
[2022-02-20 23:35:42,462] {logging_mixin.py:109} INFO - [2022-02-20 23:35:42,462] {dagbag.py:500} INFO - Filling up the DagBag from /home/airflow/.local/lib/python3.7/site-packages/airflow/example_dags/tutorial.py
[2022-02-20 23:35:42,543] {processor.py:654} INFO - DAG(s) dict_keys(['tutorial']) retrieved from /home/airflow/.local/lib/python3.7/site-packages/airflow/example_dags/tutorial.py
[2022-02-20 23:35:42,583] {logging_mixin.py:109} INFO - [2022-02-20 23:35:42,583] {dag.py:2396} INFO - Sync 1 DAGs
[2022-02-20 23:35:42,644] {logging_mixin.py:109} INFO - [2022-02-20 23:35:42,643] {dag.py:2935} INFO - Setting next_dagrun for tutorial to 2022-02-19T23:35:42.642035+00:00
[2022-02-20 23:35:42,683] {processor.py:171} INFO - Processing /home/airflow/.local/lib/python3.7/site-packages/airflow/example_dags/tutorial.py took 0.240 seconds
[2022-02-20 23:36:13,737] {processor.py:163} INFO - Started process (PID=3867) to work on /home/airflow/.local/lib/python3.7/site-packages/airflow/example_dags/tutorial.py
[2022-02-20 23:36:13,742] {processor.py:642} INFO - Processing file /home/airflow/.local/lib/python3.7/site-packages/airflow/example_dags/tutorial.py for tasks to queue
[2022-02-20 23:36:13,745] {logging_mixin.py:109} INFO - [2022-02-20 23:36:13,745] {dagbag.py:500} INFO - Filling up the DagBag from /home/airflow/.local/lib/python3.7/site-packages/airflow/example_dags/tutorial.py
[2022-02-20 23:36:13,848] {processor.py:654} INFO - DAG(s) dict_keys(['tutorial']) retrieved from /home/airflow/.local/lib/python3.7/site-packages/airflow/example_dags/tutorial.py
[2022-02-20 23:36:13,898] {logging_mixin.py:109} INFO - [2022-02-20 23:36:13,897] {dag.py:2396} INFO - Sync 1 DAGs
[2022-02-20 23:36:13,964] {logging_mixin.py:109} INFO - [2022-02-20 23:36:13,963] {dag.py:2935} INFO - Setting next_dagrun for tutorial to 2022-02-19T23:36:13.959953+00:00
[2022-02-20 23:36:13,997] {processor.py:171} INFO - Processing /home/airflow/.local/lib/python3.7/site-packages/airflow/example_dags/tutorial.py took 0.268 seconds
[2022-02-20 23:36:46,122] {processor.py:163} INFO - Started process (PID=3968) to work on /home/airflow/.local/lib/python3.7/site-packages/airflow/example_dags/tutorial.py
[2022-02-20 23:36:46,127] {processor.py:642} INFO - Processing file /home/airflow/.local/lib/python3.7/site-packages/airflow/example_dags/tutorial.py for tasks to queue
[2022-02-20 23:36:46,131] {logging_mixin.py:109} INFO - [2022-02-20 23:36:46,130] {dagbag.py:500} INFO - Filling up the DagBag from /home/airflow/.local/lib/python3.7/site-packages/airflow/example_dags/tutorial.py
[2022-02-20 23:36:46,223] {processor.py:654} INFO - DAG(s) dict_keys(['tutorial']) retrieved from /home/airflow/.local/lib/python3.7/site-packages/airflow/example_dags/tutorial.py
[2022-02-20 23:36:46,277] {logging_mixin.py:109} INFO - [2022-02-20 23:36:46,277] {dag.py:2396} INFO - Sync 1 DAGs
[2022-02-20 23:36:46,342] {logging_mixin.py:109} INFO - [2022-02-20 23:36:46,341] {dag.py:2935} INFO - Setting next_dagrun for tutorial to 2022-02-19T23:36:46.339696+00:00
[2022-02-20 23:36:46,378] {processor.py:171} INFO - Processing /home/airflow/.local/lib/python3.7/site-packages/airflow/example_dags/tutorial.py took 0.263 seconds
[2022-02-20 23:37:18,318] {processor.py:163} INFO - Started process (PID=4066) to work on /home/airflow/.local/lib/python3.7/site-packages/airflow/example_dags/tutorial.py
[2022-02-20 23:37:18,324] {processor.py:642} INFO - Processing file /home/airflow/.local/lib/python3.7/site-packages/airflow/example_dags/tutorial.py for tasks to queue
[2022-02-20 23:37:18,328] {logging_mixin.py:109} INFO - [2022-02-20 23:37:18,328] {dagbag.py:500} INFO - Filling up the DagBag from /home/airflow/.local/lib/python3.7/site-packages/airflow/example_dags/tutorial.py
[2022-02-20 23:37:18,441] {processor.py:654} INFO - DAG(s) dict_keys(['tutorial']) retrieved from /home/airflow/.local/lib/python3.7/site-packages/airflow/example_dags/tutorial.py
[2022-02-20 23:37:18,507] {logging_mixin.py:109} INFO - [2022-02-20 23:37:18,506] {dag.py:2396} INFO - Sync 1 DAGs
[2022-02-20 23:37:18,571] {logging_mixin.py:109} INFO - [2022-02-20 23:37:18,571] {dag.py:2935} INFO - Setting next_dagrun for tutorial to 2022-02-19T23:37:18.569297+00:00
[2022-02-20 23:37:18,627] {processor.py:171} INFO - Processing /home/airflow/.local/lib/python3.7/site-packages/airflow/example_dags/tutorial.py took 0.321 seconds
[2022-02-20 23:37:49,019] {processor.py:163} INFO - Started process (PID=4144) to work on /home/airflow/.local/lib/python3.7/site-packages/airflow/example_dags/tutorial.py
[2022-02-20 23:37:49,030] {processor.py:642} INFO - Processing file /home/airflow/.local/lib/python3.7/site-packages/airflow/example_dags/tutorial.py for tasks to queue
[2022-02-20 23:37:49,035] {logging_mixin.py:109} INFO - [2022-02-20 23:37:49,034] {dagbag.py:500} INFO - Filling up the DagBag from /home/airflow/.local/lib/python3.7/site-packages/airflow/example_dags/tutorial.py
[2022-02-20 23:37:49,200] {processor.py:654} INFO - DAG(s) dict_keys(['tutorial']) retrieved from /home/airflow/.local/lib/python3.7/site-packages/airflow/example_dags/tutorial.py
[2022-02-20 23:37:49,286] {logging_mixin.py:109} INFO - [2022-02-20 23:37:49,285] {dag.py:2396} INFO - Sync 1 DAGs
[2022-02-20 23:37:49,390] {logging_mixin.py:109} INFO - [2022-02-20 23:37:49,390] {dag.py:2935} INFO - Setting next_dagrun for tutorial to 2022-02-19T23:37:49.388507+00:00
[2022-02-20 23:37:49,454] {processor.py:171} INFO - Processing /home/airflow/.local/lib/python3.7/site-packages/airflow/example_dags/tutorial.py took 0.456 seconds
[2022-02-20 23:38:19,944] {processor.py:163} INFO - Started process (PID=4242) to work on /home/airflow/.local/lib/python3.7/site-packages/airflow/example_dags/tutorial.py
[2022-02-20 23:38:19,949] {processor.py:642} INFO - Processing file /home/airflow/.local/lib/python3.7/site-packages/airflow/example_dags/tutorial.py for tasks to queue
[2022-02-20 23:38:19,954] {logging_mixin.py:109} INFO - [2022-02-20 23:38:19,953] {dagbag.py:500} INFO - Filling up the DagBag from /home/airflow/.local/lib/python3.7/site-packages/airflow/example_dags/tutorial.py
[2022-02-20 23:38:20,094] {processor.py:654} INFO - DAG(s) dict_keys(['tutorial']) retrieved from /home/airflow/.local/lib/python3.7/site-packages/airflow/example_dags/tutorial.py
[2022-02-20 23:38:20,161] {logging_mixin.py:109} INFO - [2022-02-20 23:38:20,161] {dag.py:2396} INFO - Sync 1 DAGs
[2022-02-20 23:38:20,253] {logging_mixin.py:109} INFO - [2022-02-20 23:38:20,249] {dag.py:2935} INFO - Setting next_dagrun for tutorial to 2022-02-19T23:38:20.248137+00:00
[2022-02-20 23:38:20,302] {processor.py:171} INFO - Processing /home/airflow/.local/lib/python3.7/site-packages/airflow/example_dags/tutorial.py took 0.372 seconds
[2022-02-20 23:38:51,010] {processor.py:163} INFO - Started process (PID=4325) to work on /home/airflow/.local/lib/python3.7/site-packages/airflow/example_dags/tutorial.py
[2022-02-20 23:38:51,014] {processor.py:642} INFO - Processing file /home/airflow/.local/lib/python3.7/site-packages/airflow/example_dags/tutorial.py for tasks to queue
[2022-02-20 23:38:51,017] {logging_mixin.py:109} INFO - [2022-02-20 23:38:51,017] {dagbag.py:500} INFO - Filling up the DagBag from /home/airflow/.local/lib/python3.7/site-packages/airflow/example_dags/tutorial.py
[2022-02-20 23:38:51,092] {processor.py:654} INFO - DAG(s) dict_keys(['tutorial']) retrieved from /home/airflow/.local/lib/python3.7/site-packages/airflow/example_dags/tutorial.py
[2022-02-20 23:38:51,134] {logging_mixin.py:109} INFO - [2022-02-20 23:38:51,133] {dag.py:2396} INFO - Sync 1 DAGs
[2022-02-20 23:38:51,191] {logging_mixin.py:109} INFO - [2022-02-20 23:38:51,191] {dag.py:2935} INFO - Setting next_dagrun for tutorial to 2022-02-19T23:38:51.189550+00:00
[2022-02-20 23:38:51,232] {processor.py:171} INFO - Processing /home/airflow/.local/lib/python3.7/site-packages/airflow/example_dags/tutorial.py took 0.229 seconds
[2022-02-20 23:39:21,580] {processor.py:163} INFO - Started process (PID=4423) to work on /home/airflow/.local/lib/python3.7/site-packages/airflow/example_dags/tutorial.py
[2022-02-20 23:39:21,586] {processor.py:642} INFO - Processing file /home/airflow/.local/lib/python3.7/site-packages/airflow/example_dags/tutorial.py for tasks to queue
[2022-02-20 23:39:21,593] {logging_mixin.py:109} INFO - [2022-02-20 23:39:21,589] {dagbag.py:500} INFO - Filling up the DagBag from /home/airflow/.local/lib/python3.7/site-packages/airflow/example_dags/tutorial.py
[2022-02-20 23:39:21,684] {processor.py:654} INFO - DAG(s) dict_keys(['tutorial']) retrieved from /home/airflow/.local/lib/python3.7/site-packages/airflow/example_dags/tutorial.py
[2022-02-20 23:39:21,745] {logging_mixin.py:109} INFO - [2022-02-20 23:39:21,744] {dag.py:2396} INFO - Sync 1 DAGs
[2022-02-20 23:39:21,810] {logging_mixin.py:109} INFO - [2022-02-20 23:39:21,810] {dag.py:2935} INFO - Setting next_dagrun for tutorial to 2022-02-19T23:39:21.808238+00:00
[2022-02-20 23:39:21,858] {processor.py:171} INFO - Processing /home/airflow/.local/lib/python3.7/site-packages/airflow/example_dags/tutorial.py took 0.294 seconds
[2022-02-20 23:39:51,954] {processor.py:163} INFO - Started process (PID=4503) to work on /home/airflow/.local/lib/python3.7/site-packages/airflow/example_dags/tutorial.py
[2022-02-20 23:39:51,958] {processor.py:642} INFO - Processing file /home/airflow/.local/lib/python3.7/site-packages/airflow/example_dags/tutorial.py for tasks to queue
[2022-02-20 23:39:51,961] {logging_mixin.py:109} INFO - [2022-02-20 23:39:51,960] {dagbag.py:500} INFO - Filling up the DagBag from /home/airflow/.local/lib/python3.7/site-packages/airflow/example_dags/tutorial.py
[2022-02-20 23:39:52,021] {processor.py:654} INFO - DAG(s) dict_keys(['tutorial']) retrieved from /home/airflow/.local/lib/python3.7/site-packages/airflow/example_dags/tutorial.py
[2022-02-20 23:39:52,052] {logging_mixin.py:109} INFO - [2022-02-20 23:39:52,052] {dag.py:2396} INFO - Sync 1 DAGs
[2022-02-20 23:39:52,100] {logging_mixin.py:109} INFO - [2022-02-20 23:39:52,100] {dag.py:2935} INFO - Setting next_dagrun for tutorial to 2022-02-19T23:39:52.098651+00:00
[2022-02-20 23:39:52,129] {processor.py:171} INFO - Processing /home/airflow/.local/lib/python3.7/site-packages/airflow/example_dags/tutorial.py took 0.182 seconds
[2022-02-20 23:40:22,406] {processor.py:163} INFO - Started process (PID=4601) to work on /home/airflow/.local/lib/python3.7/site-packages/airflow/example_dags/tutorial.py
[2022-02-20 23:40:22,410] {processor.py:642} INFO - Processing file /home/airflow/.local/lib/python3.7/site-packages/airflow/example_dags/tutorial.py for tasks to queue
[2022-02-20 23:40:22,414] {logging_mixin.py:109} INFO - [2022-02-20 23:40:22,413] {dagbag.py:500} INFO - Filling up the DagBag from /home/airflow/.local/lib/python3.7/site-packages/airflow/example_dags/tutorial.py
[2022-02-20 23:40:22,486] {processor.py:654} INFO - DAG(s) dict_keys(['tutorial']) retrieved from /home/airflow/.local/lib/python3.7/site-packages/airflow/example_dags/tutorial.py
[2022-02-20 23:40:22,530] {logging_mixin.py:109} INFO - [2022-02-20 23:40:22,530] {dag.py:2396} INFO - Sync 1 DAGs
[2022-02-20 23:40:22,589] {logging_mixin.py:109} INFO - [2022-02-20 23:40:22,589] {dag.py:2935} INFO - Setting next_dagrun for tutorial to 2022-02-19T23:40:22.587401+00:00
[2022-02-20 23:40:22,618] {processor.py:171} INFO - Processing /home/airflow/.local/lib/python3.7/site-packages/airflow/example_dags/tutorial.py took 0.220 seconds
[2022-02-20 23:40:53,380] {processor.py:163} INFO - Started process (PID=4681) to work on /home/airflow/.local/lib/python3.7/site-packages/airflow/example_dags/tutorial.py
[2022-02-20 23:40:53,384] {processor.py:642} INFO - Processing file /home/airflow/.local/lib/python3.7/site-packages/airflow/example_dags/tutorial.py for tasks to queue
[2022-02-20 23:40:53,387] {logging_mixin.py:109} INFO - [2022-02-20 23:40:53,387] {dagbag.py:500} INFO - Filling up the DagBag from /home/airflow/.local/lib/python3.7/site-packages/airflow/example_dags/tutorial.py
[2022-02-20 23:40:53,460] {processor.py:654} INFO - DAG(s) dict_keys(['tutorial']) retrieved from /home/airflow/.local/lib/python3.7/site-packages/airflow/example_dags/tutorial.py
[2022-02-20 23:40:53,503] {logging_mixin.py:109} INFO - [2022-02-20 23:40:53,503] {dag.py:2396} INFO - Sync 1 DAGs
[2022-02-20 23:40:53,557] {logging_mixin.py:109} INFO - [2022-02-20 23:40:53,557] {dag.py:2935} INFO - Setting next_dagrun for tutorial to 2022-02-19T23:40:53.555623+00:00
[2022-02-20 23:40:53,586] {processor.py:171} INFO - Processing /home/airflow/.local/lib/python3.7/site-packages/airflow/example_dags/tutorial.py took 0.214 seconds
[2022-02-20 23:41:23,890] {processor.py:163} INFO - Started process (PID=4779) to work on /home/airflow/.local/lib/python3.7/site-packages/airflow/example_dags/tutorial.py
[2022-02-20 23:41:23,895] {processor.py:642} INFO - Processing file /home/airflow/.local/lib/python3.7/site-packages/airflow/example_dags/tutorial.py for tasks to queue
[2022-02-20 23:41:23,899] {logging_mixin.py:109} INFO - [2022-02-20 23:41:23,898] {dagbag.py:500} INFO - Filling up the DagBag from /home/airflow/.local/lib/python3.7/site-packages/airflow/example_dags/tutorial.py
[2022-02-20 23:41:23,978] {processor.py:654} INFO - DAG(s) dict_keys(['tutorial']) retrieved from /home/airflow/.local/lib/python3.7/site-packages/airflow/example_dags/tutorial.py
[2022-02-20 23:41:24,055] {logging_mixin.py:109} INFO - [2022-02-20 23:41:24,053] {dag.py:2396} INFO - Sync 1 DAGs
[2022-02-20 23:41:24,132] {logging_mixin.py:109} INFO - [2022-02-20 23:41:24,131] {dag.py:2935} INFO - Setting next_dagrun for tutorial to 2022-02-19T23:41:24.129690+00:00
[2022-02-20 23:41:24,170] {processor.py:171} INFO - Processing /home/airflow/.local/lib/python3.7/site-packages/airflow/example_dags/tutorial.py took 0.287 seconds
[2022-02-20 23:41:54,266] {processor.py:163} INFO - Started process (PID=4871) to work on /home/airflow/.local/lib/python3.7/site-packages/airflow/example_dags/tutorial.py
[2022-02-20 23:41:54,271] {processor.py:642} INFO - Processing file /home/airflow/.local/lib/python3.7/site-packages/airflow/example_dags/tutorial.py for tasks to queue
[2022-02-20 23:41:54,274] {logging_mixin.py:109} INFO - [2022-02-20 23:41:54,274] {dagbag.py:500} INFO - Filling up the DagBag from /home/airflow/.local/lib/python3.7/site-packages/airflow/example_dags/tutorial.py
[2022-02-20 23:41:54,356] {processor.py:654} INFO - DAG(s) dict_keys(['tutorial']) retrieved from /home/airflow/.local/lib/python3.7/site-packages/airflow/example_dags/tutorial.py
[2022-02-20 23:41:54,403] {logging_mixin.py:109} INFO - [2022-02-20 23:41:54,402] {dag.py:2396} INFO - Sync 1 DAGs
[2022-02-20 23:41:54,464] {logging_mixin.py:109} INFO - [2022-02-20 23:41:54,463] {dag.py:2935} INFO - Setting next_dagrun for tutorial to 2022-02-19T23:41:54.461830+00:00
[2022-02-20 23:41:54,494] {processor.py:171} INFO - Processing /home/airflow/.local/lib/python3.7/site-packages/airflow/example_dags/tutorial.py took 0.237 seconds
[2022-02-20 23:42:24,724] {processor.py:163} INFO - Started process (PID=4958) to work on /home/airflow/.local/lib/python3.7/site-packages/airflow/example_dags/tutorial.py
[2022-02-20 23:42:24,730] {processor.py:642} INFO - Processing file /home/airflow/.local/lib/python3.7/site-packages/airflow/example_dags/tutorial.py for tasks to queue
[2022-02-20 23:42:24,734] {logging_mixin.py:109} INFO - [2022-02-20 23:42:24,733] {dagbag.py:500} INFO - Filling up the DagBag from /home/airflow/.local/lib/python3.7/site-packages/airflow/example_dags/tutorial.py
[2022-02-20 23:42:24,816] {processor.py:654} INFO - DAG(s) dict_keys(['tutorial']) retrieved from /home/airflow/.local/lib/python3.7/site-packages/airflow/example_dags/tutorial.py
[2022-02-20 23:42:24,887] {logging_mixin.py:109} INFO - [2022-02-20 23:42:24,887] {dag.py:2396} INFO - Sync 1 DAGs
[2022-02-20 23:42:24,955] {logging_mixin.py:109} INFO - [2022-02-20 23:42:24,954] {dag.py:2935} INFO - Setting next_dagrun for tutorial to 2022-02-19T23:42:24.952161+00:00
[2022-02-20 23:42:24,995] {processor.py:171} INFO - Processing /home/airflow/.local/lib/python3.7/site-packages/airflow/example_dags/tutorial.py took 0.295 seconds
[2022-02-20 23:42:55,140] {processor.py:163} INFO - Started process (PID=5057) to work on /home/airflow/.local/lib/python3.7/site-packages/airflow/example_dags/tutorial.py
[2022-02-20 23:42:55,146] {processor.py:642} INFO - Processing file /home/airflow/.local/lib/python3.7/site-packages/airflow/example_dags/tutorial.py for tasks to queue
[2022-02-20 23:42:55,149] {logging_mixin.py:109} INFO - [2022-02-20 23:42:55,149] {dagbag.py:500} INFO - Filling up the DagBag from /home/airflow/.local/lib/python3.7/site-packages/airflow/example_dags/tutorial.py
[2022-02-20 23:42:55,223] {processor.py:654} INFO - DAG(s) dict_keys(['tutorial']) retrieved from /home/airflow/.local/lib/python3.7/site-packages/airflow/example_dags/tutorial.py
[2022-02-20 23:42:55,268] {logging_mixin.py:109} INFO - [2022-02-20 23:42:55,267] {dag.py:2396} INFO - Sync 1 DAGs
[2022-02-20 23:42:55,331] {logging_mixin.py:109} INFO - [2022-02-20 23:42:55,330] {dag.py:2935} INFO - Setting next_dagrun for tutorial to 2022-02-19T23:42:55.328827+00:00
[2022-02-20 23:42:55,363] {processor.py:171} INFO - Processing /home/airflow/.local/lib/python3.7/site-packages/airflow/example_dags/tutorial.py took 0.230 seconds
[2022-02-20 23:43:25,523] {processor.py:163} INFO - Started process (PID=5145) to work on /home/airflow/.local/lib/python3.7/site-packages/airflow/example_dags/tutorial.py
[2022-02-20 23:43:25,528] {processor.py:642} INFO - Processing file /home/airflow/.local/lib/python3.7/site-packages/airflow/example_dags/tutorial.py for tasks to queue
[2022-02-20 23:43:25,533] {logging_mixin.py:109} INFO - [2022-02-20 23:43:25,532] {dagbag.py:500} INFO - Filling up the DagBag from /home/airflow/.local/lib/python3.7/site-packages/airflow/example_dags/tutorial.py
[2022-02-20 23:43:25,620] {processor.py:654} INFO - DAG(s) dict_keys(['tutorial']) retrieved from /home/airflow/.local/lib/python3.7/site-packages/airflow/example_dags/tutorial.py
[2022-02-20 23:43:25,665] {logging_mixin.py:109} INFO - [2022-02-20 23:43:25,664] {dag.py:2396} INFO - Sync 1 DAGs
[2022-02-20 23:43:25,724] {logging_mixin.py:109} INFO - [2022-02-20 23:43:25,723] {dag.py:2935} INFO - Setting next_dagrun for tutorial to 2022-02-19T23:43:25.721795+00:00
[2022-02-20 23:43:25,755] {processor.py:171} INFO - Processing /home/airflow/.local/lib/python3.7/site-packages/airflow/example_dags/tutorial.py took 0.239 seconds
[2022-02-20 23:43:55,836] {processor.py:163} INFO - Started process (PID=5237) to work on /home/airflow/.local/lib/python3.7/site-packages/airflow/example_dags/tutorial.py
[2022-02-20 23:43:55,841] {processor.py:642} INFO - Processing file /home/airflow/.local/lib/python3.7/site-packages/airflow/example_dags/tutorial.py for tasks to queue
[2022-02-20 23:43:55,845] {logging_mixin.py:109} INFO - [2022-02-20 23:43:55,845] {dagbag.py:500} INFO - Filling up the DagBag from /home/airflow/.local/lib/python3.7/site-packages/airflow/example_dags/tutorial.py
[2022-02-20 23:43:55,924] {processor.py:654} INFO - DAG(s) dict_keys(['tutorial']) retrieved from /home/airflow/.local/lib/python3.7/site-packages/airflow/example_dags/tutorial.py
[2022-02-20 23:43:55,977] {logging_mixin.py:109} INFO - [2022-02-20 23:43:55,977] {dag.py:2396} INFO - Sync 1 DAGs
[2022-02-20 23:43:56,042] {logging_mixin.py:109} INFO - [2022-02-20 23:43:56,041] {dag.py:2935} INFO - Setting next_dagrun for tutorial to 2022-02-19T23:43:56.040004+00:00
[2022-02-20 23:43:56,081] {processor.py:171} INFO - Processing /home/airflow/.local/lib/python3.7/site-packages/airflow/example_dags/tutorial.py took 0.252 seconds
[2022-02-20 23:44:26,153] {processor.py:163} INFO - Started process (PID=5321) to work on /home/airflow/.local/lib/python3.7/site-packages/airflow/example_dags/tutorial.py
[2022-02-20 23:44:26,158] {processor.py:642} INFO - Processing file /home/airflow/.local/lib/python3.7/site-packages/airflow/example_dags/tutorial.py for tasks to queue
[2022-02-20 23:44:26,162] {logging_mixin.py:109} INFO - [2022-02-20 23:44:26,162] {dagbag.py:500} INFO - Filling up the DagBag from /home/airflow/.local/lib/python3.7/site-packages/airflow/example_dags/tutorial.py
[2022-02-20 23:44:26,241] {processor.py:654} INFO - DAG(s) dict_keys(['tutorial']) retrieved from /home/airflow/.local/lib/python3.7/site-packages/airflow/example_dags/tutorial.py
[2022-02-20 23:44:26,284] {logging_mixin.py:109} INFO - [2022-02-20 23:44:26,284] {dag.py:2396} INFO - Sync 1 DAGs
[2022-02-20 23:44:26,345] {logging_mixin.py:109} INFO - [2022-02-20 23:44:26,345] {dag.py:2935} INFO - Setting next_dagrun for tutorial to 2022-02-19T23:44:26.343144+00:00
[2022-02-20 23:44:26,381] {processor.py:171} INFO - Processing /home/airflow/.local/lib/python3.7/site-packages/airflow/example_dags/tutorial.py took 0.236 seconds
[2022-02-20 23:44:56,496] {processor.py:163} INFO - Started process (PID=5425) to work on /home/airflow/.local/lib/python3.7/site-packages/airflow/example_dags/tutorial.py
[2022-02-20 23:44:56,501] {processor.py:642} INFO - Processing file /home/airflow/.local/lib/python3.7/site-packages/airflow/example_dags/tutorial.py for tasks to queue
[2022-02-20 23:44:56,505] {logging_mixin.py:109} INFO - [2022-02-20 23:44:56,504] {dagbag.py:500} INFO - Filling up the DagBag from /home/airflow/.local/lib/python3.7/site-packages/airflow/example_dags/tutorial.py
[2022-02-20 23:44:56,594] {processor.py:654} INFO - DAG(s) dict_keys(['tutorial']) retrieved from /home/airflow/.local/lib/python3.7/site-packages/airflow/example_dags/tutorial.py
[2022-02-20 23:44:56,643] {logging_mixin.py:109} INFO - [2022-02-20 23:44:56,643] {dag.py:2396} INFO - Sync 1 DAGs
[2022-02-20 23:44:56,712] {logging_mixin.py:109} INFO - [2022-02-20 23:44:56,711] {dag.py:2935} INFO - Setting next_dagrun for tutorial to 2022-02-20T23:44:26.343144+00:00
[2022-02-20 23:44:56,751] {processor.py:171} INFO - Processing /home/airflow/.local/lib/python3.7/site-packages/airflow/example_dags/tutorial.py took 0.263 seconds
[2022-02-20 23:45:27,798] {processor.py:163} INFO - Started process (PID=5507) to work on /home/airflow/.local/lib/python3.7/site-packages/airflow/example_dags/tutorial.py
[2022-02-20 23:45:27,803] {processor.py:642} INFO - Processing file /home/airflow/.local/lib/python3.7/site-packages/airflow/example_dags/tutorial.py for tasks to queue
[2022-02-20 23:45:27,806] {logging_mixin.py:109} INFO - [2022-02-20 23:45:27,806] {dagbag.py:500} INFO - Filling up the DagBag from /home/airflow/.local/lib/python3.7/site-packages/airflow/example_dags/tutorial.py
[2022-02-20 23:45:27,883] {processor.py:654} INFO - DAG(s) dict_keys(['tutorial']) retrieved from /home/airflow/.local/lib/python3.7/site-packages/airflow/example_dags/tutorial.py
[2022-02-20 23:45:27,926] {logging_mixin.py:109} INFO - [2022-02-20 23:45:27,925] {dag.py:2396} INFO - Sync 1 DAGs
[2022-02-20 23:45:27,985] {logging_mixin.py:109} INFO - [2022-02-20 23:45:27,985] {dag.py:2935} INFO - Setting next_dagrun for tutorial to 2022-02-20T23:44:26.343144+00:00
[2022-02-20 23:45:28,020] {processor.py:171} INFO - Processing /home/airflow/.local/lib/python3.7/site-packages/airflow/example_dags/tutorial.py took 0.230 seconds
[2022-02-20 23:45:58,542] {processor.py:163} INFO - Started process (PID=5608) to work on /home/airflow/.local/lib/python3.7/site-packages/airflow/example_dags/tutorial.py
[2022-02-20 23:45:58,548] {processor.py:642} INFO - Processing file /home/airflow/.local/lib/python3.7/site-packages/airflow/example_dags/tutorial.py for tasks to queue
[2022-02-20 23:45:58,552] {logging_mixin.py:109} INFO - [2022-02-20 23:45:58,552] {dagbag.py:500} INFO - Filling up the DagBag from /home/airflow/.local/lib/python3.7/site-packages/airflow/example_dags/tutorial.py
[2022-02-20 23:45:58,640] {processor.py:654} INFO - DAG(s) dict_keys(['tutorial']) retrieved from /home/airflow/.local/lib/python3.7/site-packages/airflow/example_dags/tutorial.py
[2022-02-20 23:45:58,698] {logging_mixin.py:109} INFO - [2022-02-20 23:45:58,697] {dag.py:2396} INFO - Sync 1 DAGs
[2022-02-20 23:45:58,798] {logging_mixin.py:109} INFO - [2022-02-20 23:45:58,798] {dag.py:2935} INFO - Setting next_dagrun for tutorial to 2022-02-20T23:44:26.343144+00:00
[2022-02-20 23:45:58,831] {processor.py:171} INFO - Processing /home/airflow/.local/lib/python3.7/site-packages/airflow/example_dags/tutorial.py took 0.297 seconds
[2022-02-20 23:46:29,527] {processor.py:163} INFO - Started process (PID=5687) to work on /home/airflow/.local/lib/python3.7/site-packages/airflow/example_dags/tutorial.py
[2022-02-20 23:46:29,531] {processor.py:642} INFO - Processing file /home/airflow/.local/lib/python3.7/site-packages/airflow/example_dags/tutorial.py for tasks to queue
[2022-02-20 23:46:29,534] {logging_mixin.py:109} INFO - [2022-02-20 23:46:29,534] {dagbag.py:500} INFO - Filling up the DagBag from /home/airflow/.local/lib/python3.7/site-packages/airflow/example_dags/tutorial.py
[2022-02-20 23:46:29,606] {processor.py:654} INFO - DAG(s) dict_keys(['tutorial']) retrieved from /home/airflow/.local/lib/python3.7/site-packages/airflow/example_dags/tutorial.py
[2022-02-20 23:46:29,664] {logging_mixin.py:109} INFO - [2022-02-20 23:46:29,663] {dag.py:2396} INFO - Sync 1 DAGs
[2022-02-20 23:46:29,722] {logging_mixin.py:109} INFO - [2022-02-20 23:46:29,721] {dag.py:2935} INFO - Setting next_dagrun for tutorial to 2022-02-20T23:44:26.343144+00:00
[2022-02-20 23:46:29,755] {processor.py:171} INFO - Processing /home/airflow/.local/lib/python3.7/site-packages/airflow/example_dags/tutorial.py took 0.235 seconds
[2022-02-20 23:47:00,744] {processor.py:163} INFO - Started process (PID=5783) to work on /home/airflow/.local/lib/python3.7/site-packages/airflow/example_dags/tutorial.py
[2022-02-20 23:47:00,749] {processor.py:642} INFO - Processing file /home/airflow/.local/lib/python3.7/site-packages/airflow/example_dags/tutorial.py for tasks to queue
[2022-02-20 23:47:00,752] {logging_mixin.py:109} INFO - [2022-02-20 23:47:00,752] {dagbag.py:500} INFO - Filling up the DagBag from /home/airflow/.local/lib/python3.7/site-packages/airflow/example_dags/tutorial.py
[2022-02-20 23:47:00,841] {processor.py:654} INFO - DAG(s) dict_keys(['tutorial']) retrieved from /home/airflow/.local/lib/python3.7/site-packages/airflow/example_dags/tutorial.py
[2022-02-20 23:47:00,895] {logging_mixin.py:109} INFO - [2022-02-20 23:47:00,895] {dag.py:2396} INFO - Sync 1 DAGs
[2022-02-20 23:47:00,958] {logging_mixin.py:109} INFO - [2022-02-20 23:47:00,957] {dag.py:2935} INFO - Setting next_dagrun for tutorial to 2022-02-20T23:44:26.343144+00:00
[2022-02-20 23:47:00,989] {processor.py:171} INFO - Processing /home/airflow/.local/lib/python3.7/site-packages/airflow/example_dags/tutorial.py took 0.253 seconds
[2022-02-20 23:47:31,513] {processor.py:163} INFO - Started process (PID=5862) to work on /home/airflow/.local/lib/python3.7/site-packages/airflow/example_dags/tutorial.py
[2022-02-20 23:47:31,517] {processor.py:642} INFO - Processing file /home/airflow/.local/lib/python3.7/site-packages/airflow/example_dags/tutorial.py for tasks to queue
[2022-02-20 23:47:31,520] {logging_mixin.py:109} INFO - [2022-02-20 23:47:31,519] {dagbag.py:500} INFO - Filling up the DagBag from /home/airflow/.local/lib/python3.7/site-packages/airflow/example_dags/tutorial.py
[2022-02-20 23:47:31,580] {processor.py:654} INFO - DAG(s) dict_keys(['tutorial']) retrieved from /home/airflow/.local/lib/python3.7/site-packages/airflow/example_dags/tutorial.py
[2022-02-20 23:47:31,615] {logging_mixin.py:109} INFO - [2022-02-20 23:47:31,615] {dag.py:2396} INFO - Sync 1 DAGs
[2022-02-20 23:47:31,664] {logging_mixin.py:109} INFO - [2022-02-20 23:47:31,663] {dag.py:2935} INFO - Setting next_dagrun for tutorial to 2022-02-20T23:44:26.343144+00:00
[2022-02-20 23:47:31,686] {processor.py:171} INFO - Processing /home/airflow/.local/lib/python3.7/site-packages/airflow/example_dags/tutorial.py took 0.179 seconds
[2022-02-20 23:48:02,190] {processor.py:163} INFO - Started process (PID=5961) to work on /home/airflow/.local/lib/python3.7/site-packages/airflow/example_dags/tutorial.py
[2022-02-20 23:48:02,195] {processor.py:642} INFO - Processing file /home/airflow/.local/lib/python3.7/site-packages/airflow/example_dags/tutorial.py for tasks to queue
[2022-02-20 23:48:02,198] {logging_mixin.py:109} INFO - [2022-02-20 23:48:02,197] {dagbag.py:500} INFO - Filling up the DagBag from /home/airflow/.local/lib/python3.7/site-packages/airflow/example_dags/tutorial.py
[2022-02-20 23:48:02,275] {processor.py:654} INFO - DAG(s) dict_keys(['tutorial']) retrieved from /home/airflow/.local/lib/python3.7/site-packages/airflow/example_dags/tutorial.py
[2022-02-20 23:48:02,318] {logging_mixin.py:109} INFO - [2022-02-20 23:48:02,318] {dag.py:2396} INFO - Sync 1 DAGs
[2022-02-20 23:48:02,377] {logging_mixin.py:109} INFO - [2022-02-20 23:48:02,377] {dag.py:2935} INFO - Setting next_dagrun for tutorial to 2022-02-20T23:44:26.343144+00:00
[2022-02-20 23:48:02,409] {processor.py:171} INFO - Processing /home/airflow/.local/lib/python3.7/site-packages/airflow/example_dags/tutorial.py took 0.227 seconds
[2022-02-20 23:48:33,183] {processor.py:163} INFO - Started process (PID=6042) to work on /home/airflow/.local/lib/python3.7/site-packages/airflow/example_dags/tutorial.py
[2022-02-20 23:48:33,187] {processor.py:642} INFO - Processing file /home/airflow/.local/lib/python3.7/site-packages/airflow/example_dags/tutorial.py for tasks to queue
[2022-02-20 23:48:33,190] {logging_mixin.py:109} INFO - [2022-02-20 23:48:33,190] {dagbag.py:500} INFO - Filling up the DagBag from /home/airflow/.local/lib/python3.7/site-packages/airflow/example_dags/tutorial.py
[2022-02-20 23:48:33,251] {processor.py:654} INFO - DAG(s) dict_keys(['tutorial']) retrieved from /home/airflow/.local/lib/python3.7/site-packages/airflow/example_dags/tutorial.py
[2022-02-20 23:48:33,287] {logging_mixin.py:109} INFO - [2022-02-20 23:48:33,287] {dag.py:2396} INFO - Sync 1 DAGs
[2022-02-20 23:48:33,339] {logging_mixin.py:109} INFO - [2022-02-20 23:48:33,339] {dag.py:2935} INFO - Setting next_dagrun for tutorial to 2022-02-20T23:44:26.343144+00:00
[2022-02-20 23:48:33,365] {processor.py:171} INFO - Processing /home/airflow/.local/lib/python3.7/site-packages/airflow/example_dags/tutorial.py took 0.191 seconds
[2022-02-20 23:49:03,700] {processor.py:163} INFO - Started process (PID=6139) to work on /home/airflow/.local/lib/python3.7/site-packages/airflow/example_dags/tutorial.py
[2022-02-20 23:49:03,705] {processor.py:642} INFO - Processing file /home/airflow/.local/lib/python3.7/site-packages/airflow/example_dags/tutorial.py for tasks to queue
[2022-02-20 23:49:03,709] {logging_mixin.py:109} INFO - [2022-02-20 23:49:03,708] {dagbag.py:500} INFO - Filling up the DagBag from /home/airflow/.local/lib/python3.7/site-packages/airflow/example_dags/tutorial.py
[2022-02-20 23:49:03,828] {processor.py:654} INFO - DAG(s) dict_keys(['tutorial']) retrieved from /home/airflow/.local/lib/python3.7/site-packages/airflow/example_dags/tutorial.py
[2022-02-20 23:49:03,879] {logging_mixin.py:109} INFO - [2022-02-20 23:49:03,879] {dag.py:2396} INFO - Sync 1 DAGs
[2022-02-20 23:49:03,954] {logging_mixin.py:109} INFO - [2022-02-20 23:49:03,953] {dag.py:2935} INFO - Setting next_dagrun for tutorial to 2022-02-20T23:44:26.343144+00:00
[2022-02-20 23:49:03,998] {processor.py:171} INFO - Processing /home/airflow/.local/lib/python3.7/site-packages/airflow/example_dags/tutorial.py took 0.306 seconds
[2022-02-20 23:49:34,241] {processor.py:163} INFO - Started process (PID=6232) to work on /home/airflow/.local/lib/python3.7/site-packages/airflow/example_dags/tutorial.py
[2022-02-20 23:49:34,245] {processor.py:642} INFO - Processing file /home/airflow/.local/lib/python3.7/site-packages/airflow/example_dags/tutorial.py for tasks to queue
[2022-02-20 23:49:34,248] {logging_mixin.py:109} INFO - [2022-02-20 23:49:34,248] {dagbag.py:500} INFO - Filling up the DagBag from /home/airflow/.local/lib/python3.7/site-packages/airflow/example_dags/tutorial.py
[2022-02-20 23:49:34,322] {processor.py:654} INFO - DAG(s) dict_keys(['tutorial']) retrieved from /home/airflow/.local/lib/python3.7/site-packages/airflow/example_dags/tutorial.py
[2022-02-20 23:49:34,366] {logging_mixin.py:109} INFO - [2022-02-20 23:49:34,365] {dag.py:2396} INFO - Sync 1 DAGs
[2022-02-20 23:49:34,427] {logging_mixin.py:109} INFO - [2022-02-20 23:49:34,426] {dag.py:2935} INFO - Setting next_dagrun for tutorial to 2022-02-20T23:44:26.343144+00:00
[2022-02-20 23:49:34,457] {processor.py:171} INFO - Processing /home/airflow/.local/lib/python3.7/site-packages/airflow/example_dags/tutorial.py took 0.223 seconds
[2022-02-20 23:50:05,116] {processor.py:163} INFO - Started process (PID=6320) to work on /home/airflow/.local/lib/python3.7/site-packages/airflow/example_dags/tutorial.py
[2022-02-20 23:50:05,120] {processor.py:642} INFO - Processing file /home/airflow/.local/lib/python3.7/site-packages/airflow/example_dags/tutorial.py for tasks to queue
[2022-02-20 23:50:05,123] {logging_mixin.py:109} INFO - [2022-02-20 23:50:05,123] {dagbag.py:500} INFO - Filling up the DagBag from /home/airflow/.local/lib/python3.7/site-packages/airflow/example_dags/tutorial.py
[2022-02-20 23:50:05,199] {processor.py:654} INFO - DAG(s) dict_keys(['tutorial']) retrieved from /home/airflow/.local/lib/python3.7/site-packages/airflow/example_dags/tutorial.py
[2022-02-20 23:50:05,244] {logging_mixin.py:109} INFO - [2022-02-20 23:50:05,243] {dag.py:2396} INFO - Sync 1 DAGs
[2022-02-20 23:50:05,305] {logging_mixin.py:109} INFO - [2022-02-20 23:50:05,305] {dag.py:2935} INFO - Setting next_dagrun for tutorial to 2022-02-20T23:44:26.343144+00:00
[2022-02-20 23:50:05,336] {processor.py:171} INFO - Processing /home/airflow/.local/lib/python3.7/site-packages/airflow/example_dags/tutorial.py took 0.229 seconds
[2022-02-20 23:50:35,714] {processor.py:163} INFO - Started process (PID=6412) to work on /home/airflow/.local/lib/python3.7/site-packages/airflow/example_dags/tutorial.py
[2022-02-20 23:50:35,723] {processor.py:642} INFO - Processing file /home/airflow/.local/lib/python3.7/site-packages/airflow/example_dags/tutorial.py for tasks to queue
[2022-02-20 23:50:35,727] {logging_mixin.py:109} INFO - [2022-02-20 23:50:35,727] {dagbag.py:500} INFO - Filling up the DagBag from /home/airflow/.local/lib/python3.7/site-packages/airflow/example_dags/tutorial.py
[2022-02-20 23:50:35,888] {processor.py:654} INFO - DAG(s) dict_keys(['tutorial']) retrieved from /home/airflow/.local/lib/python3.7/site-packages/airflow/example_dags/tutorial.py
[2022-02-20 23:50:35,931] {logging_mixin.py:109} INFO - [2022-02-20 23:50:35,931] {dag.py:2396} INFO - Sync 1 DAGs
[2022-02-20 23:50:36,027] {logging_mixin.py:109} INFO - [2022-02-20 23:50:36,027] {dag.py:2935} INFO - Setting next_dagrun for tutorial to 2022-02-20T23:44:26.343144+00:00
[2022-02-20 23:50:36,079] {processor.py:171} INFO - Processing /home/airflow/.local/lib/python3.7/site-packages/airflow/example_dags/tutorial.py took 0.378 seconds
[2022-02-20 23:51:06,262] {processor.py:163} INFO - Started process (PID=6500) to work on /home/airflow/.local/lib/python3.7/site-packages/airflow/example_dags/tutorial.py
[2022-02-20 23:51:06,266] {processor.py:642} INFO - Processing file /home/airflow/.local/lib/python3.7/site-packages/airflow/example_dags/tutorial.py for tasks to queue
[2022-02-20 23:51:06,272] {logging_mixin.py:109} INFO - [2022-02-20 23:51:06,271] {dagbag.py:500} INFO - Filling up the DagBag from /home/airflow/.local/lib/python3.7/site-packages/airflow/example_dags/tutorial.py
[2022-02-20 23:51:06,369] {processor.py:654} INFO - DAG(s) dict_keys(['tutorial']) retrieved from /home/airflow/.local/lib/python3.7/site-packages/airflow/example_dags/tutorial.py
[2022-02-20 23:51:06,440] {logging_mixin.py:109} INFO - [2022-02-20 23:51:06,439] {dag.py:2396} INFO - Sync 1 DAGs
[2022-02-20 23:51:06,513] {logging_mixin.py:109} INFO - [2022-02-20 23:51:06,512] {dag.py:2935} INFO - Setting next_dagrun for tutorial to 2022-02-20T23:44:26.343144+00:00
[2022-02-20 23:51:06,546] {processor.py:171} INFO - Processing /home/airflow/.local/lib/python3.7/site-packages/airflow/example_dags/tutorial.py took 0.292 seconds
[2022-02-20 23:51:36,683] {processor.py:163} INFO - Started process (PID=6597) to work on /home/airflow/.local/lib/python3.7/site-packages/airflow/example_dags/tutorial.py
[2022-02-20 23:51:36,689] {processor.py:642} INFO - Processing file /home/airflow/.local/lib/python3.7/site-packages/airflow/example_dags/tutorial.py for tasks to queue
[2022-02-20 23:51:36,693] {logging_mixin.py:109} INFO - [2022-02-20 23:51:36,692] {dagbag.py:500} INFO - Filling up the DagBag from /home/airflow/.local/lib/python3.7/site-packages/airflow/example_dags/tutorial.py
[2022-02-20 23:51:36,778] {processor.py:654} INFO - DAG(s) dict_keys(['tutorial']) retrieved from /home/airflow/.local/lib/python3.7/site-packages/airflow/example_dags/tutorial.py
[2022-02-20 23:51:36,828] {logging_mixin.py:109} INFO - [2022-02-20 23:51:36,828] {dag.py:2396} INFO - Sync 1 DAGs
[2022-02-20 23:51:36,895] {logging_mixin.py:109} INFO - [2022-02-20 23:51:36,894] {dag.py:2935} INFO - Setting next_dagrun for tutorial to 2022-02-20T23:44:26.343144+00:00
[2022-02-20 23:51:36,928] {processor.py:171} INFO - Processing /home/airflow/.local/lib/python3.7/site-packages/airflow/example_dags/tutorial.py took 0.253 seconds
[2022-02-20 23:52:07,503] {processor.py:163} INFO - Started process (PID=6681) to work on /home/airflow/.local/lib/python3.7/site-packages/airflow/example_dags/tutorial.py
[2022-02-20 23:52:07,507] {processor.py:642} INFO - Processing file /home/airflow/.local/lib/python3.7/site-packages/airflow/example_dags/tutorial.py for tasks to queue
[2022-02-20 23:52:07,510] {logging_mixin.py:109} INFO - [2022-02-20 23:52:07,510] {dagbag.py:500} INFO - Filling up the DagBag from /home/airflow/.local/lib/python3.7/site-packages/airflow/example_dags/tutorial.py
[2022-02-20 23:52:07,596] {processor.py:654} INFO - DAG(s) dict_keys(['tutorial']) retrieved from /home/airflow/.local/lib/python3.7/site-packages/airflow/example_dags/tutorial.py
[2022-02-20 23:52:07,641] {logging_mixin.py:109} INFO - [2022-02-20 23:52:07,641] {dag.py:2396} INFO - Sync 1 DAGs
[2022-02-20 23:52:07,707] {logging_mixin.py:109} INFO - [2022-02-20 23:52:07,706] {dag.py:2935} INFO - Setting next_dagrun for tutorial to 2022-02-20T23:44:26.343144+00:00
[2022-02-20 23:52:07,738] {processor.py:171} INFO - Processing /home/airflow/.local/lib/python3.7/site-packages/airflow/example_dags/tutorial.py took 0.244 seconds
[2022-02-20 23:52:38,521] {processor.py:163} INFO - Started process (PID=6779) to work on /home/airflow/.local/lib/python3.7/site-packages/airflow/example_dags/tutorial.py
[2022-02-20 23:52:38,528] {processor.py:642} INFO - Processing file /home/airflow/.local/lib/python3.7/site-packages/airflow/example_dags/tutorial.py for tasks to queue
[2022-02-20 23:52:38,532] {logging_mixin.py:109} INFO - [2022-02-20 23:52:38,532] {dagbag.py:500} INFO - Filling up the DagBag from /home/airflow/.local/lib/python3.7/site-packages/airflow/example_dags/tutorial.py
[2022-02-20 23:52:38,612] {processor.py:654} INFO - DAG(s) dict_keys(['tutorial']) retrieved from /home/airflow/.local/lib/python3.7/site-packages/airflow/example_dags/tutorial.py
[2022-02-20 23:52:38,658] {logging_mixin.py:109} INFO - [2022-02-20 23:52:38,658] {dag.py:2396} INFO - Sync 1 DAGs
[2022-02-20 23:52:38,721] {logging_mixin.py:109} INFO - [2022-02-20 23:52:38,720] {dag.py:2935} INFO - Setting next_dagrun for tutorial to 2022-02-20T23:44:26.343144+00:00
[2022-02-20 23:52:38,751] {processor.py:171} INFO - Processing /home/airflow/.local/lib/python3.7/site-packages/airflow/example_dags/tutorial.py took 0.238 seconds
[2022-02-20 23:53:10,300] {processor.py:163} INFO - Started process (PID=6864) to work on /home/airflow/.local/lib/python3.7/site-packages/airflow/example_dags/tutorial.py
[2022-02-20 23:53:10,305] {processor.py:642} INFO - Processing file /home/airflow/.local/lib/python3.7/site-packages/airflow/example_dags/tutorial.py for tasks to queue
[2022-02-20 23:53:10,309] {logging_mixin.py:109} INFO - [2022-02-20 23:53:10,309] {dagbag.py:500} INFO - Filling up the DagBag from /home/airflow/.local/lib/python3.7/site-packages/airflow/example_dags/tutorial.py
[2022-02-20 23:53:10,423] {processor.py:654} INFO - DAG(s) dict_keys(['tutorial']) retrieved from /home/airflow/.local/lib/python3.7/site-packages/airflow/example_dags/tutorial.py
[2022-02-20 23:53:10,479] {logging_mixin.py:109} INFO - [2022-02-20 23:53:10,478] {dag.py:2396} INFO - Sync 1 DAGs
[2022-02-20 23:53:10,551] {logging_mixin.py:109} INFO - [2022-02-20 23:53:10,550] {dag.py:2935} INFO - Setting next_dagrun for tutorial to 2022-02-20T23:44:26.343144+00:00
[2022-02-20 23:53:10,592] {processor.py:171} INFO - Processing /home/airflow/.local/lib/python3.7/site-packages/airflow/example_dags/tutorial.py took 0.312 seconds
[2022-02-20 23:53:41,015] {processor.py:163} INFO - Started process (PID=6964) to work on /home/airflow/.local/lib/python3.7/site-packages/airflow/example_dags/tutorial.py
[2022-02-20 23:53:41,019] {processor.py:642} INFO - Processing file /home/airflow/.local/lib/python3.7/site-packages/airflow/example_dags/tutorial.py for tasks to queue
[2022-02-20 23:53:41,023] {logging_mixin.py:109} INFO - [2022-02-20 23:53:41,022] {dagbag.py:500} INFO - Filling up the DagBag from /home/airflow/.local/lib/python3.7/site-packages/airflow/example_dags/tutorial.py
[2022-02-20 23:53:41,100] {processor.py:654} INFO - DAG(s) dict_keys(['tutorial']) retrieved from /home/airflow/.local/lib/python3.7/site-packages/airflow/example_dags/tutorial.py
[2022-02-20 23:53:41,142] {logging_mixin.py:109} INFO - [2022-02-20 23:53:41,142] {dag.py:2396} INFO - Sync 1 DAGs
[2022-02-20 23:53:41,203] {logging_mixin.py:109} INFO - [2022-02-20 23:53:41,202] {dag.py:2935} INFO - Setting next_dagrun for tutorial to 2022-02-20T23:44:26.343144+00:00
[2022-02-20 23:53:41,237] {processor.py:171} INFO - Processing /home/airflow/.local/lib/python3.7/site-packages/airflow/example_dags/tutorial.py took 0.230 seconds
[2022-02-20 23:54:11,820] {processor.py:163} INFO - Started process (PID=7049) to work on /home/airflow/.local/lib/python3.7/site-packages/airflow/example_dags/tutorial.py
[2022-02-20 23:54:11,824] {processor.py:642} INFO - Processing file /home/airflow/.local/lib/python3.7/site-packages/airflow/example_dags/tutorial.py for tasks to queue
[2022-02-20 23:54:11,827] {logging_mixin.py:109} INFO - [2022-02-20 23:54:11,827] {dagbag.py:500} INFO - Filling up the DagBag from /home/airflow/.local/lib/python3.7/site-packages/airflow/example_dags/tutorial.py
[2022-02-20 23:54:11,896] {processor.py:654} INFO - DAG(s) dict_keys(['tutorial']) retrieved from /home/airflow/.local/lib/python3.7/site-packages/airflow/example_dags/tutorial.py
[2022-02-20 23:54:11,937] {logging_mixin.py:109} INFO - [2022-02-20 23:54:11,937] {dag.py:2396} INFO - Sync 1 DAGs
[2022-02-20 23:54:11,991] {logging_mixin.py:109} INFO - [2022-02-20 23:54:11,990] {dag.py:2935} INFO - Setting next_dagrun for tutorial to 2022-02-20T23:44:26.343144+00:00
[2022-02-20 23:54:12,018] {processor.py:171} INFO - Processing /home/airflow/.local/lib/python3.7/site-packages/airflow/example_dags/tutorial.py took 0.205 seconds
[2022-02-20 23:54:42,203] {processor.py:163} INFO - Started process (PID=7148) to work on /home/airflow/.local/lib/python3.7/site-packages/airflow/example_dags/tutorial.py
[2022-02-20 23:54:42,207] {processor.py:642} INFO - Processing file /home/airflow/.local/lib/python3.7/site-packages/airflow/example_dags/tutorial.py for tasks to queue
[2022-02-20 23:54:42,213] {logging_mixin.py:109} INFO - [2022-02-20 23:54:42,212] {dagbag.py:500} INFO - Filling up the DagBag from /home/airflow/.local/lib/python3.7/site-packages/airflow/example_dags/tutorial.py
[2022-02-20 23:54:42,286] {processor.py:654} INFO - DAG(s) dict_keys(['tutorial']) retrieved from /home/airflow/.local/lib/python3.7/site-packages/airflow/example_dags/tutorial.py
[2022-02-20 23:54:42,328] {logging_mixin.py:109} INFO - [2022-02-20 23:54:42,328] {dag.py:2396} INFO - Sync 1 DAGs
[2022-02-20 23:54:42,389] {logging_mixin.py:109} INFO - [2022-02-20 23:54:42,389] {dag.py:2935} INFO - Setting next_dagrun for tutorial to 2022-02-20T23:44:26.343144+00:00
[2022-02-20 23:54:42,421] {processor.py:171} INFO - Processing /home/airflow/.local/lib/python3.7/site-packages/airflow/example_dags/tutorial.py took 0.225 seconds
[2022-02-20 23:55:12,824] {processor.py:163} INFO - Started process (PID=7227) to work on /home/airflow/.local/lib/python3.7/site-packages/airflow/example_dags/tutorial.py
[2022-02-20 23:55:12,829] {processor.py:642} INFO - Processing file /home/airflow/.local/lib/python3.7/site-packages/airflow/example_dags/tutorial.py for tasks to queue
[2022-02-20 23:55:12,832] {logging_mixin.py:109} INFO - [2022-02-20 23:55:12,831] {dagbag.py:500} INFO - Filling up the DagBag from /home/airflow/.local/lib/python3.7/site-packages/airflow/example_dags/tutorial.py
[2022-02-20 23:55:12,898] {processor.py:654} INFO - DAG(s) dict_keys(['tutorial']) retrieved from /home/airflow/.local/lib/python3.7/site-packages/airflow/example_dags/tutorial.py
[2022-02-20 23:55:12,934] {logging_mixin.py:109} INFO - [2022-02-20 23:55:12,933] {dag.py:2396} INFO - Sync 1 DAGs
[2022-02-20 23:55:12,989] {logging_mixin.py:109} INFO - [2022-02-20 23:55:12,988] {dag.py:2935} INFO - Setting next_dagrun for tutorial to 2022-02-20T23:44:26.343144+00:00
[2022-02-20 23:55:13,014] {processor.py:171} INFO - Processing /home/airflow/.local/lib/python3.7/site-packages/airflow/example_dags/tutorial.py took 0.197 seconds
[2022-02-20 23:55:43,587] {processor.py:163} INFO - Started process (PID=7322) to work on /home/airflow/.local/lib/python3.7/site-packages/airflow/example_dags/tutorial.py
[2022-02-20 23:55:43,592] {processor.py:642} INFO - Processing file /home/airflow/.local/lib/python3.7/site-packages/airflow/example_dags/tutorial.py for tasks to queue
[2022-02-20 23:55:43,595] {logging_mixin.py:109} INFO - [2022-02-20 23:55:43,595] {dagbag.py:500} INFO - Filling up the DagBag from /home/airflow/.local/lib/python3.7/site-packages/airflow/example_dags/tutorial.py
[2022-02-20 23:55:43,675] {processor.py:654} INFO - DAG(s) dict_keys(['tutorial']) retrieved from /home/airflow/.local/lib/python3.7/site-packages/airflow/example_dags/tutorial.py
[2022-02-20 23:55:43,717] {logging_mixin.py:109} INFO - [2022-02-20 23:55:43,716] {dag.py:2396} INFO - Sync 1 DAGs
[2022-02-20 23:55:43,776] {logging_mixin.py:109} INFO - [2022-02-20 23:55:43,775] {dag.py:2935} INFO - Setting next_dagrun for tutorial to 2022-02-20T23:44:26.343144+00:00
[2022-02-20 23:55:43,803] {processor.py:171} INFO - Processing /home/airflow/.local/lib/python3.7/site-packages/airflow/example_dags/tutorial.py took 0.223 seconds
[2022-02-20 23:56:14,027] {processor.py:163} INFO - Started process (PID=7402) to work on /home/airflow/.local/lib/python3.7/site-packages/airflow/example_dags/tutorial.py
[2022-02-20 23:56:14,032] {processor.py:642} INFO - Processing file /home/airflow/.local/lib/python3.7/site-packages/airflow/example_dags/tutorial.py for tasks to queue
[2022-02-20 23:56:14,034] {logging_mixin.py:109} INFO - [2022-02-20 23:56:14,034] {dagbag.py:500} INFO - Filling up the DagBag from /home/airflow/.local/lib/python3.7/site-packages/airflow/example_dags/tutorial.py
[2022-02-20 23:56:14,107] {processor.py:654} INFO - DAG(s) dict_keys(['tutorial']) retrieved from /home/airflow/.local/lib/python3.7/site-packages/airflow/example_dags/tutorial.py
[2022-02-20 23:56:14,148] {logging_mixin.py:109} INFO - [2022-02-20 23:56:14,148] {dag.py:2396} INFO - Sync 1 DAGs
[2022-02-20 23:56:14,200] {logging_mixin.py:109} INFO - [2022-02-20 23:56:14,200] {dag.py:2935} INFO - Setting next_dagrun for tutorial to 2022-02-20T23:44:26.343144+00:00
[2022-02-20 23:56:14,232] {processor.py:171} INFO - Processing /home/airflow/.local/lib/python3.7/site-packages/airflow/example_dags/tutorial.py took 0.212 seconds
