[2022-02-22 00:00:05,340] {processor.py:163} INFO - Started process (PID=6457) to work on /opt/airflow/dags/rando.py
[2022-02-22 00:00:05,345] {processor.py:642} INFO - Processing file /opt/airflow/dags/rando.py for tasks to queue
[2022-02-22 00:00:05,348] {logging_mixin.py:109} INFO - [2022-02-22 00:00:05,348] {dagbag.py:500} INFO - Filling up the DagBag from /opt/airflow/dags/rando.py
[2022-02-22 00:00:05,447] {processor.py:654} INFO - DAG(s) dict_keys(['example_variables']) retrieved from /opt/airflow/dags/rando.py
[2022-02-22 00:00:05,486] {logging_mixin.py:109} INFO - [2022-02-22 00:00:05,485] {dag.py:2396} INFO - Sync 1 DAGs
[2022-02-22 00:00:05,553] {logging_mixin.py:109} INFO - [2022-02-22 00:00:05,552] {dag.py:2935} INFO - Setting next_dagrun for example_variables to None
[2022-02-22 00:00:05,579] {processor.py:171} INFO - Processing /opt/airflow/dags/rando.py took 0.247 seconds
[2022-02-22 00:00:35,980] {processor.py:163} INFO - Started process (PID=6545) to work on /opt/airflow/dags/rando.py
[2022-02-22 00:00:35,986] {processor.py:642} INFO - Processing file /opt/airflow/dags/rando.py for tasks to queue
[2022-02-22 00:00:35,990] {logging_mixin.py:109} INFO - [2022-02-22 00:00:35,989] {dagbag.py:500} INFO - Filling up the DagBag from /opt/airflow/dags/rando.py
[2022-02-22 00:00:36,087] {processor.py:654} INFO - DAG(s) dict_keys(['example_variables']) retrieved from /opt/airflow/dags/rando.py
[2022-02-22 00:00:36,126] {logging_mixin.py:109} INFO - [2022-02-22 00:00:36,126] {dag.py:2396} INFO - Sync 1 DAGs
[2022-02-22 00:00:36,198] {logging_mixin.py:109} INFO - [2022-02-22 00:00:36,198] {dag.py:2935} INFO - Setting next_dagrun for example_variables to None
[2022-02-22 00:00:36,230] {processor.py:171} INFO - Processing /opt/airflow/dags/rando.py took 0.260 seconds
[2022-02-22 00:01:06,918] {processor.py:163} INFO - Started process (PID=6647) to work on /opt/airflow/dags/rando.py
[2022-02-22 00:01:06,923] {processor.py:642} INFO - Processing file /opt/airflow/dags/rando.py for tasks to queue
[2022-02-22 00:01:06,928] {logging_mixin.py:109} INFO - [2022-02-22 00:01:06,928] {dagbag.py:500} INFO - Filling up the DagBag from /opt/airflow/dags/rando.py
[2022-02-22 00:01:07,040] {processor.py:654} INFO - DAG(s) dict_keys(['example_variables']) retrieved from /opt/airflow/dags/rando.py
[2022-02-22 00:01:07,094] {logging_mixin.py:109} INFO - [2022-02-22 00:01:07,094] {dag.py:2396} INFO - Sync 1 DAGs
[2022-02-22 00:01:07,179] {logging_mixin.py:109} INFO - [2022-02-22 00:01:07,179] {dag.py:2935} INFO - Setting next_dagrun for example_variables to None
[2022-02-22 00:01:07,218] {processor.py:171} INFO - Processing /opt/airflow/dags/rando.py took 0.310 seconds
[2022-02-22 00:01:37,768] {processor.py:163} INFO - Started process (PID=6734) to work on /opt/airflow/dags/rando.py
[2022-02-22 00:01:37,772] {processor.py:642} INFO - Processing file /opt/airflow/dags/rando.py for tasks to queue
[2022-02-22 00:01:37,776] {logging_mixin.py:109} INFO - [2022-02-22 00:01:37,775] {dagbag.py:500} INFO - Filling up the DagBag from /opt/airflow/dags/rando.py
[2022-02-22 00:01:37,840] {processor.py:654} INFO - DAG(s) dict_keys(['example_variables']) retrieved from /opt/airflow/dags/rando.py
[2022-02-22 00:01:37,869] {logging_mixin.py:109} INFO - [2022-02-22 00:01:37,869] {dag.py:2396} INFO - Sync 1 DAGs
[2022-02-22 00:01:37,923] {logging_mixin.py:109} INFO - [2022-02-22 00:01:37,922] {dag.py:2935} INFO - Setting next_dagrun for example_variables to None
[2022-02-22 00:01:37,948] {processor.py:171} INFO - Processing /opt/airflow/dags/rando.py took 0.187 seconds
[2022-02-22 00:02:08,247] {processor.py:163} INFO - Started process (PID=6837) to work on /opt/airflow/dags/rando.py
[2022-02-22 00:02:08,254] {processor.py:642} INFO - Processing file /opt/airflow/dags/rando.py for tasks to queue
[2022-02-22 00:02:08,259] {logging_mixin.py:109} INFO - [2022-02-22 00:02:08,258] {dagbag.py:500} INFO - Filling up the DagBag from /opt/airflow/dags/rando.py
[2022-02-22 00:02:08,347] {processor.py:654} INFO - DAG(s) dict_keys(['example_variables']) retrieved from /opt/airflow/dags/rando.py
[2022-02-22 00:02:08,384] {logging_mixin.py:109} INFO - [2022-02-22 00:02:08,383] {dag.py:2396} INFO - Sync 1 DAGs
[2022-02-22 00:02:08,452] {logging_mixin.py:109} INFO - [2022-02-22 00:02:08,452] {dag.py:2935} INFO - Setting next_dagrun for example_variables to None
[2022-02-22 00:02:08,484] {processor.py:171} INFO - Processing /opt/airflow/dags/rando.py took 0.246 seconds
[2022-02-22 00:02:38,798] {processor.py:163} INFO - Started process (PID=6924) to work on /opt/airflow/dags/rando.py
[2022-02-22 00:02:38,804] {processor.py:642} INFO - Processing file /opt/airflow/dags/rando.py for tasks to queue
[2022-02-22 00:02:38,808] {logging_mixin.py:109} INFO - [2022-02-22 00:02:38,807] {dagbag.py:500} INFO - Filling up the DagBag from /opt/airflow/dags/rando.py
[2022-02-22 00:02:38,879] {processor.py:654} INFO - DAG(s) dict_keys(['example_variables']) retrieved from /opt/airflow/dags/rando.py
[2022-02-22 00:02:38,910] {logging_mixin.py:109} INFO - [2022-02-22 00:02:38,909] {dag.py:2396} INFO - Sync 1 DAGs
[2022-02-22 00:02:38,973] {logging_mixin.py:109} INFO - [2022-02-22 00:02:38,973] {dag.py:2935} INFO - Setting next_dagrun for example_variables to None
[2022-02-22 00:02:38,999] {processor.py:171} INFO - Processing /opt/airflow/dags/rando.py took 0.208 seconds
[2022-02-22 00:03:09,073] {processor.py:163} INFO - Started process (PID=7028) to work on /opt/airflow/dags/rando.py
[2022-02-22 00:03:09,079] {processor.py:642} INFO - Processing file /opt/airflow/dags/rando.py for tasks to queue
[2022-02-22 00:03:09,084] {logging_mixin.py:109} INFO - [2022-02-22 00:03:09,083] {dagbag.py:500} INFO - Filling up the DagBag from /opt/airflow/dags/rando.py
[2022-02-22 00:03:09,188] {processor.py:654} INFO - DAG(s) dict_keys(['example_variables']) retrieved from /opt/airflow/dags/rando.py
[2022-02-22 00:03:09,225] {logging_mixin.py:109} INFO - [2022-02-22 00:03:09,224] {dag.py:2396} INFO - Sync 1 DAGs
[2022-02-22 00:03:09,293] {logging_mixin.py:109} INFO - [2022-02-22 00:03:09,292] {dag.py:2935} INFO - Setting next_dagrun for example_variables to None
[2022-02-22 00:03:09,319] {processor.py:171} INFO - Processing /opt/airflow/dags/rando.py took 0.256 seconds
[2022-02-22 00:03:39,579] {processor.py:163} INFO - Started process (PID=7113) to work on /opt/airflow/dags/rando.py
[2022-02-22 00:03:39,585] {processor.py:642} INFO - Processing file /opt/airflow/dags/rando.py for tasks to queue
[2022-02-22 00:03:39,589] {logging_mixin.py:109} INFO - [2022-02-22 00:03:39,589] {dagbag.py:500} INFO - Filling up the DagBag from /opt/airflow/dags/rando.py
[2022-02-22 00:03:39,665] {processor.py:654} INFO - DAG(s) dict_keys(['example_variables']) retrieved from /opt/airflow/dags/rando.py
[2022-02-22 00:03:39,696] {logging_mixin.py:109} INFO - [2022-02-22 00:03:39,695] {dag.py:2396} INFO - Sync 1 DAGs
[2022-02-22 00:03:39,748] {logging_mixin.py:109} INFO - [2022-02-22 00:03:39,748] {dag.py:2935} INFO - Setting next_dagrun for example_variables to None
[2022-02-22 00:03:39,773] {processor.py:171} INFO - Processing /opt/airflow/dags/rando.py took 0.202 seconds
[2022-02-22 00:04:10,167] {processor.py:163} INFO - Started process (PID=7218) to work on /opt/airflow/dags/rando.py
[2022-02-22 00:04:10,173] {processor.py:642} INFO - Processing file /opt/airflow/dags/rando.py for tasks to queue
[2022-02-22 00:04:10,176] {logging_mixin.py:109} INFO - [2022-02-22 00:04:10,176] {dagbag.py:500} INFO - Filling up the DagBag from /opt/airflow/dags/rando.py
[2022-02-22 00:04:10,253] {processor.py:654} INFO - DAG(s) dict_keys(['example_variables']) retrieved from /opt/airflow/dags/rando.py
[2022-02-22 00:04:10,286] {logging_mixin.py:109} INFO - [2022-02-22 00:04:10,285] {dag.py:2396} INFO - Sync 1 DAGs
[2022-02-22 00:04:10,348] {logging_mixin.py:109} INFO - [2022-02-22 00:04:10,347] {dag.py:2935} INFO - Setting next_dagrun for example_variables to None
[2022-02-22 00:04:10,374] {processor.py:171} INFO - Processing /opt/airflow/dags/rando.py took 0.214 seconds
[2022-02-22 00:04:41,301] {processor.py:163} INFO - Started process (PID=7304) to work on /opt/airflow/dags/rando.py
[2022-02-22 00:04:41,306] {processor.py:642} INFO - Processing file /opt/airflow/dags/rando.py for tasks to queue
[2022-02-22 00:04:41,309] {logging_mixin.py:109} INFO - [2022-02-22 00:04:41,308] {dagbag.py:500} INFO - Filling up the DagBag from /opt/airflow/dags/rando.py
[2022-02-22 00:04:41,368] {processor.py:654} INFO - DAG(s) dict_keys(['example_variables']) retrieved from /opt/airflow/dags/rando.py
[2022-02-22 00:04:41,394] {logging_mixin.py:109} INFO - [2022-02-22 00:04:41,394] {dag.py:2396} INFO - Sync 1 DAGs
[2022-02-22 00:04:41,442] {logging_mixin.py:109} INFO - [2022-02-22 00:04:41,442] {dag.py:2935} INFO - Setting next_dagrun for example_variables to None
[2022-02-22 00:04:41,462] {processor.py:171} INFO - Processing /opt/airflow/dags/rando.py took 0.168 seconds
[2022-02-22 00:05:11,740] {processor.py:163} INFO - Started process (PID=7408) to work on /opt/airflow/dags/rando.py
[2022-02-22 00:05:11,744] {processor.py:642} INFO - Processing file /opt/airflow/dags/rando.py for tasks to queue
[2022-02-22 00:05:11,748] {logging_mixin.py:109} INFO - [2022-02-22 00:05:11,747] {dagbag.py:500} INFO - Filling up the DagBag from /opt/airflow/dags/rando.py
[2022-02-22 00:05:11,822] {processor.py:654} INFO - DAG(s) dict_keys(['example_variables']) retrieved from /opt/airflow/dags/rando.py
[2022-02-22 00:05:11,860] {logging_mixin.py:109} INFO - [2022-02-22 00:05:11,860] {dag.py:2396} INFO - Sync 1 DAGs
[2022-02-22 00:05:11,930] {logging_mixin.py:109} INFO - [2022-02-22 00:05:11,929] {dag.py:2935} INFO - Setting next_dagrun for example_variables to None
[2022-02-22 00:05:11,957] {processor.py:171} INFO - Processing /opt/airflow/dags/rando.py took 0.225 seconds
[2022-02-22 00:05:42,249] {processor.py:163} INFO - Started process (PID=7506) to work on /opt/airflow/dags/rando.py
[2022-02-22 00:05:42,255] {processor.py:642} INFO - Processing file /opt/airflow/dags/rando.py for tasks to queue
[2022-02-22 00:05:42,258] {logging_mixin.py:109} INFO - [2022-02-22 00:05:42,258] {dagbag.py:500} INFO - Filling up the DagBag from /opt/airflow/dags/rando.py
[2022-02-22 00:05:42,342] {processor.py:654} INFO - DAG(s) dict_keys(['example_variables']) retrieved from /opt/airflow/dags/rando.py
[2022-02-22 00:05:42,381] {logging_mixin.py:109} INFO - [2022-02-22 00:05:42,380] {dag.py:2396} INFO - Sync 1 DAGs
[2022-02-22 00:05:42,449] {logging_mixin.py:109} INFO - [2022-02-22 00:05:42,449] {dag.py:2935} INFO - Setting next_dagrun for example_variables to None
[2022-02-22 00:05:42,482] {processor.py:171} INFO - Processing /opt/airflow/dags/rando.py took 0.241 seconds
[2022-02-22 00:06:13,095] {processor.py:163} INFO - Started process (PID=7597) to work on /opt/airflow/dags/rando.py
[2022-02-22 00:06:13,102] {processor.py:642} INFO - Processing file /opt/airflow/dags/rando.py for tasks to queue
[2022-02-22 00:06:13,105] {logging_mixin.py:109} INFO - [2022-02-22 00:06:13,105] {dagbag.py:500} INFO - Filling up the DagBag from /opt/airflow/dags/rando.py
[2022-02-22 00:06:13,184] {processor.py:654} INFO - DAG(s) dict_keys(['example_variables']) retrieved from /opt/airflow/dags/rando.py
[2022-02-22 00:06:13,222] {logging_mixin.py:109} INFO - [2022-02-22 00:06:13,221] {dag.py:2396} INFO - Sync 1 DAGs
[2022-02-22 00:06:13,291] {logging_mixin.py:109} INFO - [2022-02-22 00:06:13,290] {dag.py:2935} INFO - Setting next_dagrun for example_variables to None
[2022-02-22 00:06:13,323] {processor.py:171} INFO - Processing /opt/airflow/dags/rando.py took 0.238 seconds
[2022-02-22 00:06:43,674] {processor.py:163} INFO - Started process (PID=7700) to work on /opt/airflow/dags/rando.py
[2022-02-22 00:06:43,679] {processor.py:642} INFO - Processing file /opt/airflow/dags/rando.py for tasks to queue
[2022-02-22 00:06:43,682] {logging_mixin.py:109} INFO - [2022-02-22 00:06:43,682] {dagbag.py:500} INFO - Filling up the DagBag from /opt/airflow/dags/rando.py
[2022-02-22 00:06:43,757] {processor.py:654} INFO - DAG(s) dict_keys(['example_variables']) retrieved from /opt/airflow/dags/rando.py
[2022-02-22 00:06:43,792] {logging_mixin.py:109} INFO - [2022-02-22 00:06:43,791] {dag.py:2396} INFO - Sync 1 DAGs
[2022-02-22 00:06:43,856] {logging_mixin.py:109} INFO - [2022-02-22 00:06:43,856] {dag.py:2935} INFO - Setting next_dagrun for example_variables to None
[2022-02-22 00:06:43,884] {processor.py:171} INFO - Processing /opt/airflow/dags/rando.py took 0.218 seconds
[2022-02-22 00:07:13,951] {processor.py:163} INFO - Started process (PID=7787) to work on /opt/airflow/dags/rando.py
[2022-02-22 00:07:13,956] {processor.py:642} INFO - Processing file /opt/airflow/dags/rando.py for tasks to queue
[2022-02-22 00:07:13,963] {logging_mixin.py:109} INFO - [2022-02-22 00:07:13,962] {dagbag.py:500} INFO - Filling up the DagBag from /opt/airflow/dags/rando.py
[2022-02-22 00:07:14,040] {processor.py:654} INFO - DAG(s) dict_keys(['example_variables']) retrieved from /opt/airflow/dags/rando.py
[2022-02-22 00:07:14,073] {logging_mixin.py:109} INFO - [2022-02-22 00:07:14,073] {dag.py:2396} INFO - Sync 1 DAGs
[2022-02-22 00:07:14,138] {logging_mixin.py:109} INFO - [2022-02-22 00:07:14,137] {dag.py:2935} INFO - Setting next_dagrun for example_variables to None
[2022-02-22 00:07:14,164] {processor.py:171} INFO - Processing /opt/airflow/dags/rando.py took 0.221 seconds
[2022-02-22 00:07:44,437] {processor.py:163} INFO - Started process (PID=7887) to work on /opt/airflow/dags/rando.py
[2022-02-22 00:07:44,442] {processor.py:642} INFO - Processing file /opt/airflow/dags/rando.py for tasks to queue
[2022-02-22 00:07:44,445] {logging_mixin.py:109} INFO - [2022-02-22 00:07:44,445] {dagbag.py:500} INFO - Filling up the DagBag from /opt/airflow/dags/rando.py
[2022-02-22 00:07:44,524] {processor.py:654} INFO - DAG(s) dict_keys(['example_variables']) retrieved from /opt/airflow/dags/rando.py
[2022-02-22 00:07:44,564] {logging_mixin.py:109} INFO - [2022-02-22 00:07:44,563] {dag.py:2396} INFO - Sync 1 DAGs
[2022-02-22 00:07:44,631] {logging_mixin.py:109} INFO - [2022-02-22 00:07:44,630] {dag.py:2935} INFO - Setting next_dagrun for example_variables to None
[2022-02-22 00:07:44,669] {processor.py:171} INFO - Processing /opt/airflow/dags/rando.py took 0.240 seconds
[2022-02-22 00:08:14,941] {processor.py:163} INFO - Started process (PID=7973) to work on /opt/airflow/dags/rando.py
[2022-02-22 00:08:14,947] {processor.py:642} INFO - Processing file /opt/airflow/dags/rando.py for tasks to queue
[2022-02-22 00:08:14,951] {logging_mixin.py:109} INFO - [2022-02-22 00:08:14,950] {dagbag.py:500} INFO - Filling up the DagBag from /opt/airflow/dags/rando.py
[2022-02-22 00:08:15,027] {processor.py:654} INFO - DAG(s) dict_keys(['example_variables']) retrieved from /opt/airflow/dags/rando.py
[2022-02-22 00:08:15,064] {logging_mixin.py:109} INFO - [2022-02-22 00:08:15,063] {dag.py:2396} INFO - Sync 1 DAGs
[2022-02-22 00:08:15,131] {logging_mixin.py:109} INFO - [2022-02-22 00:08:15,130] {dag.py:2935} INFO - Setting next_dagrun for example_variables to None
[2022-02-22 00:08:15,162] {processor.py:171} INFO - Processing /opt/airflow/dags/rando.py took 0.230 seconds
[2022-02-22 00:08:45,306] {processor.py:163} INFO - Started process (PID=8077) to work on /opt/airflow/dags/rando.py
[2022-02-22 00:08:45,312] {processor.py:642} INFO - Processing file /opt/airflow/dags/rando.py for tasks to queue
[2022-02-22 00:08:45,315] {logging_mixin.py:109} INFO - [2022-02-22 00:08:45,315] {dagbag.py:500} INFO - Filling up the DagBag from /opt/airflow/dags/rando.py
[2022-02-22 00:08:45,396] {processor.py:654} INFO - DAG(s) dict_keys(['example_variables']) retrieved from /opt/airflow/dags/rando.py
[2022-02-22 00:08:45,432] {logging_mixin.py:109} INFO - [2022-02-22 00:08:45,431] {dag.py:2396} INFO - Sync 1 DAGs
[2022-02-22 00:08:45,498] {logging_mixin.py:109} INFO - [2022-02-22 00:08:45,497] {dag.py:2935} INFO - Setting next_dagrun for example_variables to None
[2022-02-22 00:08:45,523] {processor.py:171} INFO - Processing /opt/airflow/dags/rando.py took 0.225 seconds
[2022-02-22 00:09:15,821] {processor.py:163} INFO - Started process (PID=8164) to work on /opt/airflow/dags/rando.py
[2022-02-22 00:09:15,826] {processor.py:642} INFO - Processing file /opt/airflow/dags/rando.py for tasks to queue
[2022-02-22 00:09:15,830] {logging_mixin.py:109} INFO - [2022-02-22 00:09:15,830] {dagbag.py:500} INFO - Filling up the DagBag from /opt/airflow/dags/rando.py
[2022-02-22 00:09:15,909] {processor.py:654} INFO - DAG(s) dict_keys(['example_variables']) retrieved from /opt/airflow/dags/rando.py
[2022-02-22 00:09:15,946] {logging_mixin.py:109} INFO - [2022-02-22 00:09:15,945] {dag.py:2396} INFO - Sync 1 DAGs
[2022-02-22 00:09:16,014] {logging_mixin.py:109} INFO - [2022-02-22 00:09:16,013] {dag.py:2935} INFO - Setting next_dagrun for example_variables to None
[2022-02-22 00:09:16,041] {processor.py:171} INFO - Processing /opt/airflow/dags/rando.py took 0.228 seconds
[2022-02-22 00:09:46,271] {processor.py:163} INFO - Started process (PID=8269) to work on /opt/airflow/dags/rando.py
[2022-02-22 00:09:46,276] {processor.py:642} INFO - Processing file /opt/airflow/dags/rando.py for tasks to queue
[2022-02-22 00:09:46,280] {logging_mixin.py:109} INFO - [2022-02-22 00:09:46,280] {dagbag.py:500} INFO - Filling up the DagBag from /opt/airflow/dags/rando.py
[2022-02-22 00:09:46,353] {processor.py:654} INFO - DAG(s) dict_keys(['example_variables']) retrieved from /opt/airflow/dags/rando.py
[2022-02-22 00:09:46,385] {logging_mixin.py:109} INFO - [2022-02-22 00:09:46,385] {dag.py:2396} INFO - Sync 1 DAGs
[2022-02-22 00:09:46,448] {logging_mixin.py:109} INFO - [2022-02-22 00:09:46,447] {dag.py:2935} INFO - Setting next_dagrun for example_variables to None
[2022-02-22 00:09:46,476] {processor.py:171} INFO - Processing /opt/airflow/dags/rando.py took 0.213 seconds
[2022-02-22 00:10:16,661] {processor.py:163} INFO - Started process (PID=8356) to work on /opt/airflow/dags/rando.py
[2022-02-22 00:10:16,666] {processor.py:642} INFO - Processing file /opt/airflow/dags/rando.py for tasks to queue
[2022-02-22 00:10:16,670] {logging_mixin.py:109} INFO - [2022-02-22 00:10:16,670] {dagbag.py:500} INFO - Filling up the DagBag from /opt/airflow/dags/rando.py
[2022-02-22 00:10:16,790] {processor.py:654} INFO - DAG(s) dict_keys(['example_variables']) retrieved from /opt/airflow/dags/rando.py
[2022-02-22 00:10:16,836] {logging_mixin.py:109} INFO - [2022-02-22 00:10:16,835] {dag.py:2396} INFO - Sync 1 DAGs
[2022-02-22 00:10:16,908] {logging_mixin.py:109} INFO - [2022-02-22 00:10:16,907] {dag.py:2935} INFO - Setting next_dagrun for example_variables to None
[2022-02-22 00:10:16,944] {processor.py:171} INFO - Processing /opt/airflow/dags/rando.py took 0.291 seconds
[2022-02-22 00:10:47,098] {processor.py:163} INFO - Started process (PID=8460) to work on /opt/airflow/dags/rando.py
[2022-02-22 00:10:47,102] {processor.py:642} INFO - Processing file /opt/airflow/dags/rando.py for tasks to queue
[2022-02-22 00:10:47,105] {logging_mixin.py:109} INFO - [2022-02-22 00:10:47,105] {dagbag.py:500} INFO - Filling up the DagBag from /opt/airflow/dags/rando.py
[2022-02-22 00:10:47,177] {processor.py:654} INFO - DAG(s) dict_keys(['example_variables']) retrieved from /opt/airflow/dags/rando.py
[2022-02-22 00:10:47,212] {logging_mixin.py:109} INFO - [2022-02-22 00:10:47,212] {dag.py:2396} INFO - Sync 1 DAGs
[2022-02-22 00:10:47,281] {logging_mixin.py:109} INFO - [2022-02-22 00:10:47,281] {dag.py:2935} INFO - Setting next_dagrun for example_variables to None
[2022-02-22 00:10:47,309] {processor.py:171} INFO - Processing /opt/airflow/dags/rando.py took 0.218 seconds
[2022-02-22 00:11:18,115] {processor.py:163} INFO - Started process (PID=8547) to work on /opt/airflow/dags/rando.py
[2022-02-22 00:11:18,119] {processor.py:642} INFO - Processing file /opt/airflow/dags/rando.py for tasks to queue
[2022-02-22 00:11:18,122] {logging_mixin.py:109} INFO - [2022-02-22 00:11:18,122] {dagbag.py:500} INFO - Filling up the DagBag from /opt/airflow/dags/rando.py
[2022-02-22 00:11:18,185] {processor.py:654} INFO - DAG(s) dict_keys(['example_variables']) retrieved from /opt/airflow/dags/rando.py
[2022-02-22 00:11:18,215] {logging_mixin.py:109} INFO - [2022-02-22 00:11:18,215] {dag.py:2396} INFO - Sync 1 DAGs
[2022-02-22 00:11:18,269] {logging_mixin.py:109} INFO - [2022-02-22 00:11:18,268] {dag.py:2935} INFO - Setting next_dagrun for example_variables to None
[2022-02-22 00:11:18,296] {processor.py:171} INFO - Processing /opt/airflow/dags/rando.py took 0.188 seconds
[2022-02-22 00:11:48,374] {processor.py:163} INFO - Started process (PID=8651) to work on /opt/airflow/dags/rando.py
[2022-02-22 00:11:48,380] {processor.py:642} INFO - Processing file /opt/airflow/dags/rando.py for tasks to queue
[2022-02-22 00:11:48,383] {logging_mixin.py:109} INFO - [2022-02-22 00:11:48,383] {dagbag.py:500} INFO - Filling up the DagBag from /opt/airflow/dags/rando.py
[2022-02-22 00:11:48,458] {processor.py:654} INFO - DAG(s) dict_keys(['example_variables']) retrieved from /opt/airflow/dags/rando.py
[2022-02-22 00:11:48,490] {logging_mixin.py:109} INFO - [2022-02-22 00:11:48,490] {dag.py:2396} INFO - Sync 1 DAGs
[2022-02-22 00:11:48,552] {logging_mixin.py:109} INFO - [2022-02-22 00:11:48,551] {dag.py:2935} INFO - Setting next_dagrun for example_variables to None
[2022-02-22 00:11:48,579] {processor.py:171} INFO - Processing /opt/airflow/dags/rando.py took 0.212 seconds
[2022-02-22 00:12:19,334] {processor.py:163} INFO - Started process (PID=8736) to work on /opt/airflow/dags/rando.py
[2022-02-22 00:12:19,339] {processor.py:642} INFO - Processing file /opt/airflow/dags/rando.py for tasks to queue
[2022-02-22 00:12:19,342] {logging_mixin.py:109} INFO - [2022-02-22 00:12:19,342] {dagbag.py:500} INFO - Filling up the DagBag from /opt/airflow/dags/rando.py
[2022-02-22 00:12:19,405] {processor.py:654} INFO - DAG(s) dict_keys(['example_variables']) retrieved from /opt/airflow/dags/rando.py
[2022-02-22 00:12:19,433] {logging_mixin.py:109} INFO - [2022-02-22 00:12:19,433] {dag.py:2396} INFO - Sync 1 DAGs
[2022-02-22 00:12:19,490] {logging_mixin.py:109} INFO - [2022-02-22 00:12:19,489] {dag.py:2935} INFO - Setting next_dagrun for example_variables to None
[2022-02-22 00:12:19,516] {processor.py:171} INFO - Processing /opt/airflow/dags/rando.py took 0.193 seconds
[2022-02-22 00:12:49,939] {processor.py:163} INFO - Started process (PID=8840) to work on /opt/airflow/dags/rando.py
[2022-02-22 00:12:49,945] {processor.py:642} INFO - Processing file /opt/airflow/dags/rando.py for tasks to queue
[2022-02-22 00:12:49,948] {logging_mixin.py:109} INFO - [2022-02-22 00:12:49,947] {dagbag.py:500} INFO - Filling up the DagBag from /opt/airflow/dags/rando.py
[2022-02-22 00:12:50,019] {processor.py:654} INFO - DAG(s) dict_keys(['example_variables']) retrieved from /opt/airflow/dags/rando.py
[2022-02-22 00:12:50,052] {logging_mixin.py:109} INFO - [2022-02-22 00:12:50,051] {dag.py:2396} INFO - Sync 1 DAGs
[2022-02-22 00:12:50,110] {logging_mixin.py:109} INFO - [2022-02-22 00:12:50,109] {dag.py:2935} INFO - Setting next_dagrun for example_variables to None
[2022-02-22 00:12:50,137] {processor.py:171} INFO - Processing /opt/airflow/dags/rando.py took 0.204 seconds
[2022-02-22 00:13:20,373] {processor.py:163} INFO - Started process (PID=8927) to work on /opt/airflow/dags/rando.py
[2022-02-22 00:13:20,378] {processor.py:642} INFO - Processing file /opt/airflow/dags/rando.py for tasks to queue
[2022-02-22 00:13:20,381] {logging_mixin.py:109} INFO - [2022-02-22 00:13:20,380] {dagbag.py:500} INFO - Filling up the DagBag from /opt/airflow/dags/rando.py
[2022-02-22 00:13:20,445] {processor.py:654} INFO - DAG(s) dict_keys(['example_variables']) retrieved from /opt/airflow/dags/rando.py
[2022-02-22 00:13:20,474] {logging_mixin.py:109} INFO - [2022-02-22 00:13:20,474] {dag.py:2396} INFO - Sync 1 DAGs
[2022-02-22 00:13:20,524] {logging_mixin.py:109} INFO - [2022-02-22 00:13:20,524] {dag.py:2935} INFO - Setting next_dagrun for example_variables to None
[2022-02-22 00:13:20,545] {processor.py:171} INFO - Processing /opt/airflow/dags/rando.py took 0.180 seconds
[2022-02-22 00:13:51,303] {processor.py:163} INFO - Started process (PID=9027) to work on /opt/airflow/dags/rando.py
[2022-02-22 00:13:51,309] {processor.py:642} INFO - Processing file /opt/airflow/dags/rando.py for tasks to queue
[2022-02-22 00:13:51,312] {logging_mixin.py:109} INFO - [2022-02-22 00:13:51,312] {dagbag.py:500} INFO - Filling up the DagBag from /opt/airflow/dags/rando.py
[2022-02-22 00:13:51,395] {processor.py:654} INFO - DAG(s) dict_keys(['example_variables']) retrieved from /opt/airflow/dags/rando.py
[2022-02-22 00:13:51,428] {logging_mixin.py:109} INFO - [2022-02-22 00:13:51,428] {dag.py:2396} INFO - Sync 1 DAGs
[2022-02-22 00:13:51,492] {logging_mixin.py:109} INFO - [2022-02-22 00:13:51,492] {dag.py:2935} INFO - Setting next_dagrun for example_variables to None
[2022-02-22 00:13:51,520] {processor.py:171} INFO - Processing /opt/airflow/dags/rando.py took 0.224 seconds
[2022-02-22 00:14:22,246] {processor.py:163} INFO - Started process (PID=9125) to work on /opt/airflow/dags/rando.py
[2022-02-22 00:14:22,252] {processor.py:642} INFO - Processing file /opt/airflow/dags/rando.py for tasks to queue
[2022-02-22 00:14:22,255] {logging_mixin.py:109} INFO - [2022-02-22 00:14:22,255] {dagbag.py:500} INFO - Filling up the DagBag from /opt/airflow/dags/rando.py
[2022-02-22 00:14:22,325] {processor.py:654} INFO - DAG(s) dict_keys(['example_variables']) retrieved from /opt/airflow/dags/rando.py
[2022-02-22 00:14:22,359] {logging_mixin.py:109} INFO - [2022-02-22 00:14:22,359] {dag.py:2396} INFO - Sync 1 DAGs
[2022-02-22 00:14:22,424] {logging_mixin.py:109} INFO - [2022-02-22 00:14:22,423] {dag.py:2935} INFO - Setting next_dagrun for example_variables to None
[2022-02-22 00:14:22,452] {processor.py:171} INFO - Processing /opt/airflow/dags/rando.py took 0.214 seconds
[2022-02-22 00:14:52,914] {processor.py:163} INFO - Started process (PID=9198) to work on /opt/airflow/dags/rando.py
[2022-02-22 00:14:52,919] {processor.py:642} INFO - Processing file /opt/airflow/dags/rando.py for tasks to queue
[2022-02-22 00:14:52,922] {logging_mixin.py:109} INFO - [2022-02-22 00:14:52,922] {dagbag.py:500} INFO - Filling up the DagBag from /opt/airflow/dags/rando.py
[2022-02-22 00:14:52,996] {processor.py:654} INFO - DAG(s) dict_keys(['example_variables']) retrieved from /opt/airflow/dags/rando.py
[2022-02-22 00:14:53,030] {logging_mixin.py:109} INFO - [2022-02-22 00:14:53,029] {dag.py:2396} INFO - Sync 1 DAGs
[2022-02-22 00:14:53,091] {logging_mixin.py:109} INFO - [2022-02-22 00:14:53,091] {dag.py:2935} INFO - Setting next_dagrun for example_variables to None
[2022-02-22 00:14:53,120] {processor.py:171} INFO - Processing /opt/airflow/dags/rando.py took 0.214 seconds
[2022-02-22 00:15:23,817] {processor.py:163} INFO - Started process (PID=9289) to work on /opt/airflow/dags/rando.py
[2022-02-22 00:15:23,821] {processor.py:642} INFO - Processing file /opt/airflow/dags/rando.py for tasks to queue
[2022-02-22 00:15:23,824] {logging_mixin.py:109} INFO - [2022-02-22 00:15:23,824] {dagbag.py:500} INFO - Filling up the DagBag from /opt/airflow/dags/rando.py
[2022-02-22 00:15:23,904] {processor.py:654} INFO - DAG(s) dict_keys(['example_variables']) retrieved from /opt/airflow/dags/rando.py
[2022-02-22 00:15:23,939] {logging_mixin.py:109} INFO - [2022-02-22 00:15:23,939] {dag.py:2396} INFO - Sync 1 DAGs
[2022-02-22 00:15:24,001] {logging_mixin.py:109} INFO - [2022-02-22 00:15:24,000] {dag.py:2935} INFO - Setting next_dagrun for example_variables to None
[2022-02-22 00:15:24,028] {processor.py:171} INFO - Processing /opt/airflow/dags/rando.py took 0.218 seconds
[2022-02-22 00:15:55,366] {processor.py:163} INFO - Started process (PID=9381) to work on /opt/airflow/dags/rando.py
[2022-02-22 00:15:55,371] {processor.py:642} INFO - Processing file /opt/airflow/dags/rando.py for tasks to queue
[2022-02-22 00:15:55,376] {logging_mixin.py:109} INFO - [2022-02-22 00:15:55,375] {dagbag.py:500} INFO - Filling up the DagBag from /opt/airflow/dags/rando.py
[2022-02-22 00:15:55,464] {processor.py:654} INFO - DAG(s) dict_keys(['example_variables']) retrieved from /opt/airflow/dags/rando.py
[2022-02-22 00:15:55,497] {logging_mixin.py:109} INFO - [2022-02-22 00:15:55,497] {dag.py:2396} INFO - Sync 1 DAGs
[2022-02-22 00:15:55,562] {logging_mixin.py:109} INFO - [2022-02-22 00:15:55,561] {dag.py:2935} INFO - Setting next_dagrun for example_variables to None
[2022-02-22 00:15:55,589] {processor.py:171} INFO - Processing /opt/airflow/dags/rando.py took 0.231 seconds
[2022-02-22 00:16:26,236] {processor.py:163} INFO - Started process (PID=9483) to work on /opt/airflow/dags/rando.py
[2022-02-22 00:16:26,241] {processor.py:642} INFO - Processing file /opt/airflow/dags/rando.py for tasks to queue
[2022-02-22 00:16:26,245] {logging_mixin.py:109} INFO - [2022-02-22 00:16:26,244] {dagbag.py:500} INFO - Filling up the DagBag from /opt/airflow/dags/rando.py
[2022-02-22 00:16:26,324] {processor.py:654} INFO - DAG(s) dict_keys(['example_variables']) retrieved from /opt/airflow/dags/rando.py
[2022-02-22 00:16:26,356] {logging_mixin.py:109} INFO - [2022-02-22 00:16:26,356] {dag.py:2396} INFO - Sync 1 DAGs
[2022-02-22 00:16:26,414] {logging_mixin.py:109} INFO - [2022-02-22 00:16:26,414] {dag.py:2935} INFO - Setting next_dagrun for example_variables to None
[2022-02-22 00:16:26,443] {processor.py:171} INFO - Processing /opt/airflow/dags/rando.py took 0.215 seconds
[2022-02-22 00:16:57,017] {processor.py:163} INFO - Started process (PID=9568) to work on /opt/airflow/dags/rando.py
[2022-02-22 00:16:57,022] {processor.py:642} INFO - Processing file /opt/airflow/dags/rando.py for tasks to queue
[2022-02-22 00:16:57,025] {logging_mixin.py:109} INFO - [2022-02-22 00:16:57,025] {dagbag.py:500} INFO - Filling up the DagBag from /opt/airflow/dags/rando.py
[2022-02-22 00:16:57,095] {processor.py:654} INFO - DAG(s) dict_keys(['example_variables']) retrieved from /opt/airflow/dags/rando.py
[2022-02-22 00:16:57,125] {logging_mixin.py:109} INFO - [2022-02-22 00:16:57,125] {dag.py:2396} INFO - Sync 1 DAGs
[2022-02-22 00:16:57,180] {logging_mixin.py:109} INFO - [2022-02-22 00:16:57,180] {dag.py:2935} INFO - Setting next_dagrun for example_variables to None
[2022-02-22 00:16:57,203] {processor.py:171} INFO - Processing /opt/airflow/dags/rando.py took 0.193 seconds
