[2022-02-24 20:00:57,193] {taskinstance.py:1032} INFO - Dependencies all met for <TaskInstance: Project_Mapping.get_reddit_data scheduled__2022-02-24T07:00:00+00:00 [queued]>
[2022-02-24 20:00:57,361] {taskinstance.py:1032} INFO - Dependencies all met for <TaskInstance: Project_Mapping.get_reddit_data scheduled__2022-02-24T07:00:00+00:00 [queued]>
[2022-02-24 20:00:57,375] {taskinstance.py:1238} INFO - 
--------------------------------------------------------------------------------
[2022-02-24 20:00:57,396] {taskinstance.py:1239} INFO - Starting attempt 1 of 1
[2022-02-24 20:00:57,407] {taskinstance.py:1240} INFO - 
--------------------------------------------------------------------------------
[2022-02-24 20:00:57,760] {taskinstance.py:1259} INFO - Executing <Task(_PythonDecoratedOperator): get_reddit_data> on 2022-02-24 07:00:00+00:00
[2022-02-24 20:00:57,825] {standard_task_runner.py:52} INFO - Started process 608 to run task
[2022-02-24 20:00:57,883] {standard_task_runner.py:76} INFO - Running: ['***', 'tasks', 'run', 'Project_Mapping', 'get_reddit_data', 'scheduled__2022-02-24T07:00:00+00:00', '--job-id', '41', '--raw', '--subdir', 'DAGS_FOLDER/mydag.py', '--cfg-path', '/tmp/tmpp4oo73b3', '--error-file', '/tmp/tmpv5rk63rh']
[2022-02-24 20:00:57,890] {standard_task_runner.py:77} INFO - Job 41: Subtask get_reddit_data
[2022-02-24 20:00:58,508] {logging_mixin.py:109} INFO - Running <TaskInstance: Project_Mapping.get_reddit_data scheduled__2022-02-24T07:00:00+00:00 [running]> on host 717d92cd82bb
[2022-02-24 20:00:59,049] {taskinstance.py:1426} INFO - Exporting the following env vars:
AIRFLOW_CTX_DAG_OWNER=***
AIRFLOW_CTX_DAG_ID=Project_Mapping
AIRFLOW_CTX_TASK_ID=get_reddit_data
AIRFLOW_CTX_EXECUTION_DATE=2022-02-24T07:00:00+00:00
AIRFLOW_CTX_DAG_RUN_ID=scheduled__2022-02-24T07:00:00+00:00
[2022-02-24 20:23:43,287] {logging_mixin.py:109} INFO - Negative
[2022-02-24 21:05:41,178] {local_task_job.py:154} INFO - Task exited with return code Negsignal.SIGKILL
[2022-02-24 21:07:26,879] {taskinstance.py:1277} INFO - Marking task as FAILED. dag_id=Project_Mapping, task_id=get_reddit_data, execution_date=20220224T070000, start_date=20220224T200057, end_date=20220224T210708
