[2022-02-24 20:01:00,068] {taskinstance.py:1032} INFO - Dependencies all met for <TaskInstance: Project_Mapping.get_reddit_data scheduled__2022-02-24T08:00:00+00:00 [queued]>
[2022-02-24 20:01:00,285] {taskinstance.py:1032} INFO - Dependencies all met for <TaskInstance: Project_Mapping.get_reddit_data scheduled__2022-02-24T08:00:00+00:00 [queued]>
[2022-02-24 20:01:00,290] {taskinstance.py:1238} INFO - 
--------------------------------------------------------------------------------
[2022-02-24 20:01:00,293] {taskinstance.py:1239} INFO - Starting attempt 1 of 1
[2022-02-24 20:01:00,297] {taskinstance.py:1240} INFO - 
--------------------------------------------------------------------------------
[2022-02-24 20:01:00,579] {taskinstance.py:1259} INFO - Executing <Task(_PythonDecoratedOperator): get_reddit_data> on 2022-02-24 08:00:00+00:00
[2022-02-24 20:01:00,606] {standard_task_runner.py:52} INFO - Started process 615 to run task
[2022-02-24 20:01:00,650] {standard_task_runner.py:76} INFO - Running: ['***', 'tasks', 'run', 'Project_Mapping', 'get_reddit_data', 'scheduled__2022-02-24T08:00:00+00:00', '--job-id', '42', '--raw', '--subdir', 'DAGS_FOLDER/mydag.py', '--cfg-path', '/tmp/tmplt24547d', '--error-file', '/tmp/tmp9__04367']
[2022-02-24 20:01:00,657] {standard_task_runner.py:77} INFO - Job 42: Subtask get_reddit_data
[2022-02-24 20:01:01,319] {logging_mixin.py:109} INFO - Running <TaskInstance: Project_Mapping.get_reddit_data scheduled__2022-02-24T08:00:00+00:00 [running]> on host 717d92cd82bb
[2022-02-24 20:01:02,081] {taskinstance.py:1426} INFO - Exporting the following env vars:
AIRFLOW_CTX_DAG_OWNER=***
AIRFLOW_CTX_DAG_ID=Project_Mapping
AIRFLOW_CTX_TASK_ID=get_reddit_data
AIRFLOW_CTX_EXECUTION_DATE=2022-02-24T08:00:00+00:00
AIRFLOW_CTX_DAG_RUN_ID=scheduled__2022-02-24T08:00:00+00:00
[2022-02-24 20:47:35,740] {logging_mixin.py:109} INFO - Negative
[2022-02-24 21:06:26,266] {local_task_job.py:154} INFO - Task exited with return code Negsignal.SIGKILL
[2022-02-24 21:08:07,171] {taskinstance.py:1277} INFO - Marking task as FAILED. dag_id=Project_Mapping, task_id=get_reddit_data, execution_date=20220224T080000, start_date=20220224T200100, end_date=20220224T210716
