[2022-02-20 23:53:09,847] {taskinstance.py:1032} INFO - Dependencies all met for <TaskInstance: tutorial.templated manual__2022-02-20T23:53:02.421628+00:00 [queued]>
[2022-02-20 23:53:09,905] {taskinstance.py:1032} INFO - Dependencies all met for <TaskInstance: tutorial.templated manual__2022-02-20T23:53:02.421628+00:00 [queued]>
[2022-02-20 23:53:09,908] {taskinstance.py:1238} INFO - 
--------------------------------------------------------------------------------
[2022-02-20 23:53:09,910] {taskinstance.py:1239} INFO - Starting attempt 1 of 2
[2022-02-20 23:53:09,912] {taskinstance.py:1240} INFO - 
--------------------------------------------------------------------------------
[2022-02-20 23:53:10,018] {taskinstance.py:1259} INFO - Executing <Task(BashOperator): templated> on 2022-02-20 23:53:02.421628+00:00
[2022-02-20 23:53:10,032] {standard_task_runner.py:52} INFO - Started process 2259 to run task
[2022-02-20 23:53:10,050] {standard_task_runner.py:76} INFO - Running: ['***', 'tasks', 'run', 'tutorial', 'templated', 'manual__2022-02-20T23:53:02.421628+00:00', '--job-id', '7', '--raw', '--subdir', '/home/***/.local/lib/python3.7/site-packages/***/example_dags/tutorial.py', '--cfg-path', '/tmp/tmp6bn9igvq', '--error-file', '/tmp/tmp_usw3yvj']
[2022-02-20 23:53:10,055] {standard_task_runner.py:77} INFO - Job 7: Subtask templated
[2022-02-20 23:53:10,345] {logging_mixin.py:109} INFO - Running <TaskInstance: tutorial.templated manual__2022-02-20T23:53:02.421628+00:00 [running]> on host da09adaafd13
[2022-02-20 23:53:10,633] {taskinstance.py:1426} INFO - Exporting the following env vars:
AIRFLOW_CTX_DAG_EMAIL=***@example.com
AIRFLOW_CTX_DAG_OWNER=***
AIRFLOW_CTX_DAG_ID=tutorial
AIRFLOW_CTX_TASK_ID=templated
AIRFLOW_CTX_EXECUTION_DATE=2022-02-20T23:53:02.421628+00:00
AIRFLOW_CTX_DAG_RUN_ID=manual__2022-02-20T23:53:02.421628+00:00
[2022-02-20 23:53:10,643] {subprocess.py:62} INFO - Tmp dir root location: 
 /tmp
[2022-02-20 23:53:10,647] {subprocess.py:74} INFO - Running command: ['bash', '-c', '\n\n    echo "2022-02-20"\n    echo "2022-02-27"\n    echo "Parameter I passed in"\n\n    echo "2022-02-20"\n    echo "2022-02-27"\n    echo "Parameter I passed in"\n\n    echo "2022-02-20"\n    echo "2022-02-27"\n    echo "Parameter I passed in"\n\n    echo "2022-02-20"\n    echo "2022-02-27"\n    echo "Parameter I passed in"\n\n    echo "2022-02-20"\n    echo "2022-02-27"\n    echo "Parameter I passed in"\n']
[2022-02-20 23:53:10,669] {subprocess.py:85} INFO - Output:
[2022-02-20 23:53:10,722] {subprocess.py:89} INFO - 2022-02-20
[2022-02-20 23:53:10,725] {subprocess.py:89} INFO - 2022-02-27
[2022-02-20 23:53:10,727] {subprocess.py:89} INFO - Parameter I passed in
[2022-02-20 23:53:10,729] {subprocess.py:89} INFO - 2022-02-20
[2022-02-20 23:53:10,730] {subprocess.py:89} INFO - 2022-02-27
[2022-02-20 23:53:10,733] {subprocess.py:89} INFO - Parameter I passed in
[2022-02-20 23:53:10,734] {subprocess.py:89} INFO - 2022-02-20
[2022-02-20 23:53:10,736] {subprocess.py:89} INFO - 2022-02-27
[2022-02-20 23:53:10,738] {subprocess.py:89} INFO - Parameter I passed in
[2022-02-20 23:53:10,740] {subprocess.py:89} INFO - 2022-02-20
[2022-02-20 23:53:10,741] {subprocess.py:89} INFO - 2022-02-27
[2022-02-20 23:53:10,743] {subprocess.py:89} INFO - Parameter I passed in
[2022-02-20 23:53:10,746] {subprocess.py:89} INFO - 2022-02-20
[2022-02-20 23:53:10,747] {subprocess.py:89} INFO - 2022-02-27
[2022-02-20 23:53:10,749] {subprocess.py:89} INFO - Parameter I passed in
[2022-02-20 23:53:10,751] {subprocess.py:93} INFO - Command exited with return code 0
[2022-02-20 23:53:10,829] {taskinstance.py:1277} INFO - Marking task as SUCCESS. dag_id=tutorial, task_id=templated, execution_date=20220220T235302, start_date=20220220T235309, end_date=20220220T235310
[2022-02-20 23:53:10,923] {local_task_job.py:154} INFO - Task exited with return code 0
[2022-02-20 23:53:11,009] {local_task_job.py:264} INFO - 0 downstream tasks scheduled from follow-on schedule check
