[2022-02-25 01:57:27,034] {taskinstance.py:1032} INFO - Dependencies all met for <TaskInstance: Project_Mapping.loading_data manual__2022-02-25T01:53:04.902631+00:00 [queued]>
[2022-02-25 01:57:27,083] {taskinstance.py:1032} INFO - Dependencies all met for <TaskInstance: Project_Mapping.loading_data manual__2022-02-25T01:53:04.902631+00:00 [queued]>
[2022-02-25 01:57:27,085] {taskinstance.py:1238} INFO - 
--------------------------------------------------------------------------------
[2022-02-25 01:57:27,087] {taskinstance.py:1239} INFO - Starting attempt 1 of 1
[2022-02-25 01:57:27,089] {taskinstance.py:1240} INFO - 
--------------------------------------------------------------------------------
[2022-02-25 01:57:27,142] {taskinstance.py:1259} INFO - Executing <Task(PythonOperator): loading_data> on 2022-02-25 01:53:04.902631+00:00
[2022-02-25 01:57:27,152] {standard_task_runner.py:52} INFO - Started process 3656 to run task
[2022-02-25 01:57:27,160] {standard_task_runner.py:76} INFO - Running: ['***', 'tasks', 'run', 'Project_Mapping', 'loading_data', 'manual__2022-02-25T01:53:04.902631+00:00', '--job-id', '64', '--raw', '--subdir', 'DAGS_FOLDER/mydag.py', '--cfg-path', '/tmp/tmp9ik3egoa', '--error-file', '/tmp/tmpt0olue4m']
[2022-02-25 01:57:27,163] {standard_task_runner.py:77} INFO - Job 64: Subtask loading_data
[2022-02-25 01:57:27,333] {logging_mixin.py:109} INFO - Running <TaskInstance: Project_Mapping.loading_data manual__2022-02-25T01:53:04.902631+00:00 [running]> on host 717d92cd82bb
[2022-02-25 01:57:27,541] {taskinstance.py:1426} INFO - Exporting the following env vars:
AIRFLOW_CTX_DAG_OWNER=***
AIRFLOW_CTX_DAG_ID=Project_Mapping
AIRFLOW_CTX_TASK_ID=loading_data
AIRFLOW_CTX_EXECUTION_DATE=2022-02-25T01:53:04.902631+00:00
AIRFLOW_CTX_DAG_RUN_ID=manual__2022-02-25T01:53:04.902631+00:00
[2022-02-25 01:58:05,455] {logging_mixin.py:109} INFO - Negative
[2022-02-25 01:58:07,321] {logging_mixin.py:109} INFO - reddit_posts_2022-02-25.xlsx
[2022-02-25 01:58:07,325] {logging_mixin.py:109} INFO - Deleted file: reddit_posts_2022-02-25.xlsx
[2022-02-25 01:58:07,717] {python.py:175} INFO - Done. Returned value was: None
[2022-02-25 01:58:07,765] {taskinstance.py:1277} INFO - Marking task as SUCCESS. dag_id=Project_Mapping, task_id=loading_data, execution_date=20220225T015304, start_date=20220225T015727, end_date=20220225T015807
[2022-02-25 01:58:07,904] {local_task_job.py:154} INFO - Task exited with return code 0
[2022-02-25 01:58:08,021] {local_task_job.py:264} INFO - 1 downstream tasks scheduled from follow-on schedule check
