[2022-02-23 00:00:17,175] {processor.py:163} INFO - Started process (PID=67480) to work on /home/airflow/.local/lib/python3.7/site-packages/airflow/example_dags/example_nested_branch_dag.py
[2022-02-23 00:00:17,223] {processor.py:642} INFO - Processing file /home/airflow/.local/lib/python3.7/site-packages/airflow/example_dags/example_nested_branch_dag.py for tasks to queue
[2022-02-23 00:00:17,246] {logging_mixin.py:109} INFO - [2022-02-23 00:00:17,240] {dagbag.py:500} INFO - Filling up the DagBag from /home/airflow/.local/lib/python3.7/site-packages/airflow/example_dags/example_nested_branch_dag.py
[2022-02-23 00:00:18,310] {processor.py:654} INFO - DAG(s) dict_keys(['example_nested_branch_dag']) retrieved from /home/airflow/.local/lib/python3.7/site-packages/airflow/example_dags/example_nested_branch_dag.py
[2022-02-23 00:00:18,777] {logging_mixin.py:109} INFO - [2022-02-23 00:00:18,773] {dag.py:2396} INFO - Sync 1 DAGs
[2022-02-23 00:00:19,286] {logging_mixin.py:109} INFO - [2022-02-23 00:00:19,278] {dag.py:2935} INFO - Setting next_dagrun for example_nested_branch_dag to 2022-02-22 00:00:00+00:00
[2022-02-23 00:00:19,678] {processor.py:171} INFO - Processing /home/airflow/.local/lib/python3.7/site-packages/airflow/example_dags/example_nested_branch_dag.py took 2.651 seconds
[2022-02-23 00:01:25,897] {processor.py:163} INFO - Started process (PID=67574) to work on /home/airflow/.local/lib/python3.7/site-packages/airflow/example_dags/example_nested_branch_dag.py
[2022-02-23 00:01:25,948] {processor.py:642} INFO - Processing file /home/airflow/.local/lib/python3.7/site-packages/airflow/example_dags/example_nested_branch_dag.py for tasks to queue
[2022-02-23 00:01:25,977] {logging_mixin.py:109} INFO - [2022-02-23 00:01:25,975] {dagbag.py:500} INFO - Filling up the DagBag from /home/airflow/.local/lib/python3.7/site-packages/airflow/example_dags/example_nested_branch_dag.py
[2022-02-23 00:01:27,341] {processor.py:654} INFO - DAG(s) dict_keys(['example_nested_branch_dag']) retrieved from /home/airflow/.local/lib/python3.7/site-packages/airflow/example_dags/example_nested_branch_dag.py
[2022-02-23 00:01:28,615] {logging_mixin.py:109} INFO - [2022-02-23 00:01:28,613] {dag.py:2396} INFO - Sync 1 DAGs
[2022-02-23 00:01:30,660] {logging_mixin.py:109} INFO - [2022-02-23 00:01:30,659] {dag.py:2935} INFO - Setting next_dagrun for example_nested_branch_dag to 2022-02-22 00:00:00+00:00
[2022-02-23 00:01:31,013] {processor.py:171} INFO - Processing /home/airflow/.local/lib/python3.7/site-packages/airflow/example_dags/example_nested_branch_dag.py took 5.204 seconds
[2022-02-23 00:03:34,524] {processor.py:163} INFO - Started process (PID=67714) to work on /home/airflow/.local/lib/python3.7/site-packages/airflow/example_dags/example_nested_branch_dag.py
[2022-02-23 00:03:34,586] {processor.py:642} INFO - Processing file /home/airflow/.local/lib/python3.7/site-packages/airflow/example_dags/example_nested_branch_dag.py for tasks to queue
[2022-02-23 00:03:34,626] {logging_mixin.py:109} INFO - [2022-02-23 00:03:34,604] {dagbag.py:500} INFO - Filling up the DagBag from /home/airflow/.local/lib/python3.7/site-packages/airflow/example_dags/example_nested_branch_dag.py
[2022-02-23 00:03:36,470] {processor.py:654} INFO - DAG(s) dict_keys(['example_nested_branch_dag']) retrieved from /home/airflow/.local/lib/python3.7/site-packages/airflow/example_dags/example_nested_branch_dag.py
[2022-02-23 00:03:37,493] {logging_mixin.py:109} INFO - [2022-02-23 00:03:37,470] {dag.py:2396} INFO - Sync 1 DAGs
[2022-02-23 00:03:39,236] {logging_mixin.py:109} INFO - [2022-02-23 00:03:39,204] {dag.py:2935} INFO - Setting next_dagrun for example_nested_branch_dag to 2022-02-22 00:00:00+00:00
[2022-02-23 00:03:39,812] {processor.py:171} INFO - Processing /home/airflow/.local/lib/python3.7/site-packages/airflow/example_dags/example_nested_branch_dag.py took 5.440 seconds
[2022-02-23 00:06:02,736] {processor.py:163} INFO - Started process (PID=67890) to work on /home/airflow/.local/lib/python3.7/site-packages/airflow/example_dags/example_nested_branch_dag.py
[2022-02-23 00:06:02,840] {processor.py:642} INFO - Processing file /home/airflow/.local/lib/python3.7/site-packages/airflow/example_dags/example_nested_branch_dag.py for tasks to queue
[2022-02-23 00:06:02,915] {logging_mixin.py:109} INFO - [2022-02-23 00:06:02,913] {dagbag.py:500} INFO - Filling up the DagBag from /home/airflow/.local/lib/python3.7/site-packages/airflow/example_dags/example_nested_branch_dag.py
[2022-02-23 00:06:05,822] {processor.py:654} INFO - DAG(s) dict_keys(['example_nested_branch_dag']) retrieved from /home/airflow/.local/lib/python3.7/site-packages/airflow/example_dags/example_nested_branch_dag.py
[2022-02-23 00:06:06,991] {logging_mixin.py:109} INFO - [2022-02-23 00:06:06,986] {dag.py:2396} INFO - Sync 1 DAGs
[2022-02-23 00:06:09,013] {logging_mixin.py:109} INFO - [2022-02-23 00:06:09,011] {dag.py:2935} INFO - Setting next_dagrun for example_nested_branch_dag to 2022-02-22 00:00:00+00:00
[2022-02-23 00:06:10,005] {processor.py:171} INFO - Processing /home/airflow/.local/lib/python3.7/site-packages/airflow/example_dags/example_nested_branch_dag.py took 7.482 seconds
[2022-02-23 00:06:57,333] {processor.py:163} INFO - Started process (PID=67952) to work on /home/airflow/.local/lib/python3.7/site-packages/airflow/example_dags/example_nested_branch_dag.py
[2022-02-23 00:06:57,439] {processor.py:642} INFO - Processing file /home/airflow/.local/lib/python3.7/site-packages/airflow/example_dags/example_nested_branch_dag.py for tasks to queue
[2022-02-23 00:06:57,533] {logging_mixin.py:109} INFO - [2022-02-23 00:06:57,531] {dagbag.py:500} INFO - Filling up the DagBag from /home/airflow/.local/lib/python3.7/site-packages/airflow/example_dags/example_nested_branch_dag.py
[2022-02-23 00:07:01,741] {processor.py:654} INFO - DAG(s) dict_keys(['example_nested_branch_dag']) retrieved from /home/airflow/.local/lib/python3.7/site-packages/airflow/example_dags/example_nested_branch_dag.py
[2022-02-23 00:07:04,294] {logging_mixin.py:109} INFO - [2022-02-23 00:07:04,292] {dag.py:2396} INFO - Sync 1 DAGs
[2022-02-23 00:07:08,580] {logging_mixin.py:109} INFO - [2022-02-23 00:07:08,578] {dag.py:2935} INFO - Setting next_dagrun for example_nested_branch_dag to 2022-02-22 00:00:00+00:00
[2022-02-23 00:07:10,256] {processor.py:171} INFO - Processing /home/airflow/.local/lib/python3.7/site-packages/airflow/example_dags/example_nested_branch_dag.py took 13.171 seconds
[2022-02-23 00:11:19,563] {processor.py:163} INFO - Started process (PID=68148) to work on /home/airflow/.local/lib/python3.7/site-packages/airflow/example_dags/example_nested_branch_dag.py
[2022-02-23 00:11:19,690] {processor.py:642} INFO - Processing file /home/airflow/.local/lib/python3.7/site-packages/airflow/example_dags/example_nested_branch_dag.py for tasks to queue
[2022-02-23 00:11:19,745] {logging_mixin.py:109} INFO - [2022-02-23 00:11:19,743] {dagbag.py:500} INFO - Filling up the DagBag from /home/airflow/.local/lib/python3.7/site-packages/airflow/example_dags/example_nested_branch_dag.py
[2022-02-23 00:11:33,590] {processor.py:654} INFO - DAG(s) dict_keys(['example_nested_branch_dag']) retrieved from /home/airflow/.local/lib/python3.7/site-packages/airflow/example_dags/example_nested_branch_dag.py
[2022-02-23 00:11:43,316] {logging_mixin.py:109} INFO - [2022-02-23 00:11:43,211] {dag.py:2396} INFO - Sync 1 DAGs
[2022-02-23 00:11:55,029] {logging_mixin.py:109} INFO - [2022-02-23 00:11:54,908] {dag.py:2935} INFO - Setting next_dagrun for example_nested_branch_dag to 2022-02-22 00:00:00+00:00
[2022-02-23 00:12:00,769] {processor.py:171} INFO - Processing /home/airflow/.local/lib/python3.7/site-packages/airflow/example_dags/example_nested_branch_dag.py took 42.233 seconds
[2022-02-23 00:57:57,687] {processor.py:163} INFO - Started process (PID=342) to work on /home/airflow/.local/lib/python3.7/site-packages/airflow/example_dags/example_nested_branch_dag.py
[2022-02-23 00:57:57,818] {processor.py:642} INFO - Processing file /home/airflow/.local/lib/python3.7/site-packages/airflow/example_dags/example_nested_branch_dag.py for tasks to queue
[2022-02-23 00:57:57,931] {logging_mixin.py:109} INFO - [2022-02-23 00:57:57,922] {dagbag.py:500} INFO - Filling up the DagBag from /home/airflow/.local/lib/python3.7/site-packages/airflow/example_dags/example_nested_branch_dag.py
[2022-02-23 00:57:59,998] {processor.py:654} INFO - DAG(s) dict_keys(['example_nested_branch_dag']) retrieved from /home/airflow/.local/lib/python3.7/site-packages/airflow/example_dags/example_nested_branch_dag.py
[2022-02-23 00:58:00,918] {logging_mixin.py:109} INFO - [2022-02-23 00:58:00,911] {dag.py:2396} INFO - Sync 1 DAGs
[2022-02-23 00:58:01,881] {logging_mixin.py:109} INFO - [2022-02-23 00:58:01,868] {dag.py:2935} INFO - Setting next_dagrun for example_nested_branch_dag to 2022-02-22 00:00:00+00:00
[2022-02-23 00:58:02,411] {processor.py:171} INFO - Processing /home/airflow/.local/lib/python3.7/site-packages/airflow/example_dags/example_nested_branch_dag.py took 4.936 seconds
[2022-02-23 01:00:22,123] {processor.py:163} INFO - Started process (PID=472) to work on /home/airflow/.local/lib/python3.7/site-packages/airflow/example_dags/example_nested_branch_dag.py
[2022-02-23 01:00:22,248] {processor.py:642} INFO - Processing file /home/airflow/.local/lib/python3.7/site-packages/airflow/example_dags/example_nested_branch_dag.py for tasks to queue
[2022-02-23 01:00:22,354] {logging_mixin.py:109} INFO - [2022-02-23 01:00:22,352] {dagbag.py:500} INFO - Filling up the DagBag from /home/airflow/.local/lib/python3.7/site-packages/airflow/example_dags/example_nested_branch_dag.py
[2022-02-23 01:00:26,831] {processor.py:654} INFO - DAG(s) dict_keys(['example_nested_branch_dag']) retrieved from /home/airflow/.local/lib/python3.7/site-packages/airflow/example_dags/example_nested_branch_dag.py
[2022-02-23 01:00:28,952] {logging_mixin.py:109} INFO - [2022-02-23 01:00:28,844] {dag.py:2396} INFO - Sync 1 DAGs
[2022-02-23 01:00:32,043] {logging_mixin.py:109} INFO - [2022-02-23 01:00:32,006] {dag.py:2935} INFO - Setting next_dagrun for example_nested_branch_dag to 2022-02-22 00:00:00+00:00
[2022-02-23 01:00:33,383] {processor.py:171} INFO - Processing /home/airflow/.local/lib/python3.7/site-packages/airflow/example_dags/example_nested_branch_dag.py took 11.365 seconds
[2022-02-23 01:05:14,944] {processor.py:163} INFO - Started process (PID=710) to work on /home/airflow/.local/lib/python3.7/site-packages/airflow/example_dags/example_nested_branch_dag.py
[2022-02-23 01:05:15,278] {processor.py:642} INFO - Processing file /home/airflow/.local/lib/python3.7/site-packages/airflow/example_dags/example_nested_branch_dag.py for tasks to queue
[2022-02-23 01:05:15,394] {logging_mixin.py:109} INFO - [2022-02-23 01:05:15,393] {dagbag.py:500} INFO - Filling up the DagBag from /home/airflow/.local/lib/python3.7/site-packages/airflow/example_dags/example_nested_branch_dag.py
[2022-02-23 01:05:30,124] {processor.py:654} INFO - DAG(s) dict_keys(['example_nested_branch_dag']) retrieved from /home/airflow/.local/lib/python3.7/site-packages/airflow/example_dags/example_nested_branch_dag.py
[2022-02-23 01:05:46,959] {logging_mixin.py:109} INFO - [2022-02-23 01:05:46,926] {dag.py:2396} INFO - Sync 1 DAGs
[2022-02-23 01:06:08,512] {logging_mixin.py:109} INFO - [2022-02-23 01:06:08,058] {dag.py:2935} INFO - Setting next_dagrun for example_nested_branch_dag to 2022-02-22 00:00:00+00:00
[2022-02-23 01:06:12,549] {processor.py:171} INFO - Processing /home/airflow/.local/lib/python3.7/site-packages/airflow/example_dags/example_nested_branch_dag.py took 59.092 seconds
