[2022-02-25 01:36:23,331] {taskinstance.py:1032} INFO - Dependencies all met for <TaskInstance: Project_Mapping.load_to_s3 manual__2022-02-25T01:26:45.967151+00:00 [queued]>
[2022-02-25 01:36:23,415] {taskinstance.py:1032} INFO - Dependencies all met for <TaskInstance: Project_Mapping.load_to_s3 manual__2022-02-25T01:26:45.967151+00:00 [queued]>
[2022-02-25 01:36:23,420] {taskinstance.py:1238} INFO - 
--------------------------------------------------------------------------------
[2022-02-25 01:36:23,427] {taskinstance.py:1239} INFO - Starting attempt 1 of 1
[2022-02-25 01:36:23,434] {taskinstance.py:1240} INFO - 
--------------------------------------------------------------------------------
[2022-02-25 01:36:23,541] {taskinstance.py:1259} INFO - Executing <Task(_PythonDecoratedOperator): load_to_s3> on 2022-02-25 01:26:45.967151+00:00
[2022-02-25 01:36:23,559] {standard_task_runner.py:52} INFO - Started process 2545 to run task
[2022-02-25 01:36:23,574] {standard_task_runner.py:76} INFO - Running: ['***', 'tasks', 'run', 'Project_Mapping', 'load_to_s3', 'manual__2022-02-25T01:26:45.967151+00:00', '--job-id', '59', '--raw', '--subdir', 'DAGS_FOLDER/mydag.py', '--cfg-path', '/tmp/tmposy0mi__', '--error-file', '/tmp/tmpx2hwrfug']
[2022-02-25 01:36:23,580] {standard_task_runner.py:77} INFO - Job 59: Subtask load_to_s3
[2022-02-25 01:36:23,855] {logging_mixin.py:109} INFO - Running <TaskInstance: Project_Mapping.load_to_s3 manual__2022-02-25T01:26:45.967151+00:00 [running]> on host 717d92cd82bb
[2022-02-25 01:36:24,184] {taskinstance.py:1426} INFO - Exporting the following env vars:
AIRFLOW_CTX_DAG_OWNER=***
AIRFLOW_CTX_DAG_ID=Project_Mapping
AIRFLOW_CTX_TASK_ID=load_to_s3
AIRFLOW_CTX_EXECUTION_DATE=2022-02-25T01:26:45.967151+00:00
AIRFLOW_CTX_DAG_RUN_ID=manual__2022-02-25T01:26:45.967151+00:00
[2022-02-25 01:37:17,520] {logging_mixin.py:109} INFO - Negative
[2022-02-25 01:37:20,421] {logging_mixin.py:109} INFO - reddit_posts_2022-02-25.xlsx
[2022-02-25 01:37:20,427] {logging_mixin.py:109} INFO - Deleted file: reddit_posts_2022-02-25.xlsx
[2022-02-25 01:37:21,081] {python.py:175} INFO - Done. Returned value was: 0
[2022-02-25 01:37:21,198] {taskinstance.py:1277} INFO - Marking task as SUCCESS. dag_id=Project_Mapping, task_id=load_to_s3, execution_date=20220225T012645, start_date=20220225T013623, end_date=20220225T013721
[2022-02-25 01:37:21,412] {local_task_job.py:154} INFO - Task exited with return code 0
[2022-02-25 01:37:21,550] {local_task_job.py:264} INFO - 0 downstream tasks scheduled from follow-on schedule check
[2022-02-25 01:37:21,646] {dagrun.py:545} INFO - Marking run <DagRun Project_Mapping @ 2022-02-25 01:26:45.967151+00:00: manual__2022-02-25T01:26:45.967151+00:00, externally triggered: True> successful
[2022-02-25 01:37:21,652] {dagrun.py:605} INFO - DagRun Finished: dag_id=Project_Mapping, execution_date=2022-02-25 01:26:45.967151+00:00, run_id=manual__2022-02-25T01:26:45.967151+00:00, run_start_date=2022-02-25 01:26:47.163187+00:00, run_end_date=2022-02-25 01:37:21.651570+00:00, run_duration=634.488383, state=success, external_trigger=True, run_type=manual, data_interval_start=2022-02-25 00:00:00+00:00, data_interval_end=2022-02-25 01:00:00+00:00, dag_hash=8a25509aad1574ec5e83feb95887314d
