[2022-02-20 23:53:05,354] {taskinstance.py:1032} INFO - Dependencies all met for <TaskInstance: tutorial.print_date manual__2022-02-20T23:53:02.421628+00:00 [queued]>
[2022-02-20 23:53:05,410] {taskinstance.py:1032} INFO - Dependencies all met for <TaskInstance: tutorial.print_date manual__2022-02-20T23:53:02.421628+00:00 [queued]>
[2022-02-20 23:53:05,413] {taskinstance.py:1238} INFO - 
--------------------------------------------------------------------------------
[2022-02-20 23:53:05,414] {taskinstance.py:1239} INFO - Starting attempt 1 of 2
[2022-02-20 23:53:05,416] {taskinstance.py:1240} INFO - 
--------------------------------------------------------------------------------
[2022-02-20 23:53:05,483] {taskinstance.py:1259} INFO - Executing <Task(BashOperator): print_date> on 2022-02-20 23:53:02.421628+00:00
[2022-02-20 23:53:05,493] {standard_task_runner.py:52} INFO - Started process 2249 to run task
[2022-02-20 23:53:05,510] {standard_task_runner.py:76} INFO - Running: ['***', 'tasks', 'run', 'tutorial', 'print_date', 'manual__2022-02-20T23:53:02.421628+00:00', '--job-id', '6', '--raw', '--subdir', '/home/***/.local/lib/python3.7/site-packages/***/example_dags/tutorial.py', '--cfg-path', '/tmp/tmpr9_hoqdg', '--error-file', '/tmp/tmpcxorzzl8']
[2022-02-20 23:53:05,515] {standard_task_runner.py:77} INFO - Job 6: Subtask print_date
[2022-02-20 23:53:05,806] {logging_mixin.py:109} INFO - Running <TaskInstance: tutorial.print_date manual__2022-02-20T23:53:02.421628+00:00 [running]> on host da09adaafd13
[2022-02-20 23:53:06,053] {taskinstance.py:1426} INFO - Exporting the following env vars:
AIRFLOW_CTX_DAG_EMAIL=***@example.com
AIRFLOW_CTX_DAG_OWNER=***
AIRFLOW_CTX_DAG_ID=tutorial
AIRFLOW_CTX_TASK_ID=print_date
AIRFLOW_CTX_EXECUTION_DATE=2022-02-20T23:53:02.421628+00:00
AIRFLOW_CTX_DAG_RUN_ID=manual__2022-02-20T23:53:02.421628+00:00
[2022-02-20 23:53:06,076] {subprocess.py:62} INFO - Tmp dir root location: 
 /tmp
[2022-02-20 23:53:06,082] {subprocess.py:74} INFO - Running command: ['bash', '-c', 'date']
[2022-02-20 23:53:06,101] {subprocess.py:85} INFO - Output:
[2022-02-20 23:53:06,177] {subprocess.py:89} INFO - Sun Feb 20 23:53:06 UTC 2022
[2022-02-20 23:53:06,182] {subprocess.py:93} INFO - Command exited with return code 0
[2022-02-20 23:53:06,362] {taskinstance.py:1277} INFO - Marking task as SUCCESS. dag_id=tutorial, task_id=print_date, execution_date=20220220T235302, start_date=20220220T235305, end_date=20220220T235306
[2022-02-20 23:53:06,489] {local_task_job.py:154} INFO - Task exited with return code 0
[2022-02-20 23:53:06,621] {local_task_job.py:264} INFO - 2 downstream tasks scheduled from follow-on schedule check
