[2022-02-24 03:29:49,609] {processor.py:163} INFO - Started process (PID=196) to work on /home/airflow/.local/lib/python3.7/site-packages/airflow/example_dags/example_skip_dag.py
[2022-02-24 03:29:49,625] {processor.py:642} INFO - Processing file /home/airflow/.local/lib/python3.7/site-packages/airflow/example_dags/example_skip_dag.py for tasks to queue
[2022-02-24 03:29:49,638] {logging_mixin.py:109} INFO - [2022-02-24 03:29:49,638] {dagbag.py:500} INFO - Filling up the DagBag from /home/airflow/.local/lib/python3.7/site-packages/airflow/example_dags/example_skip_dag.py
[2022-02-24 03:29:49,725] {processor.py:654} INFO - DAG(s) dict_keys(['example_skip_dag']) retrieved from /home/airflow/.local/lib/python3.7/site-packages/airflow/example_dags/example_skip_dag.py
[2022-02-24 03:29:49,780] {logging_mixin.py:109} INFO - [2022-02-24 03:29:49,779] {dag.py:2396} INFO - Sync 1 DAGs
[2022-02-24 03:29:49,846] {logging_mixin.py:109} INFO - [2022-02-24 03:29:49,845] {dag.py:2935} INFO - Setting next_dagrun for example_skip_dag to 2022-02-23T03:29:49.843519+00:00
[2022-02-24 03:29:49,878] {processor.py:171} INFO - Processing /home/airflow/.local/lib/python3.7/site-packages/airflow/example_dags/example_skip_dag.py took 0.276 seconds
[2022-02-24 03:30:20,688] {processor.py:163} INFO - Started process (PID=299) to work on /home/airflow/.local/lib/python3.7/site-packages/airflow/example_dags/example_skip_dag.py
[2022-02-24 03:30:20,693] {processor.py:642} INFO - Processing file /home/airflow/.local/lib/python3.7/site-packages/airflow/example_dags/example_skip_dag.py for tasks to queue
[2022-02-24 03:30:20,696] {logging_mixin.py:109} INFO - [2022-02-24 03:30:20,695] {dagbag.py:500} INFO - Filling up the DagBag from /home/airflow/.local/lib/python3.7/site-packages/airflow/example_dags/example_skip_dag.py
[2022-02-24 03:30:20,775] {processor.py:654} INFO - DAG(s) dict_keys(['example_skip_dag']) retrieved from /home/airflow/.local/lib/python3.7/site-packages/airflow/example_dags/example_skip_dag.py
[2022-02-24 03:30:20,833] {logging_mixin.py:109} INFO - [2022-02-24 03:30:20,832] {dag.py:2396} INFO - Sync 1 DAGs
[2022-02-24 03:30:20,902] {logging_mixin.py:109} INFO - [2022-02-24 03:30:20,901] {dag.py:2935} INFO - Setting next_dagrun for example_skip_dag to 2022-02-23T03:30:20.899743+00:00
[2022-02-24 03:30:20,937] {processor.py:171} INFO - Processing /home/airflow/.local/lib/python3.7/site-packages/airflow/example_dags/example_skip_dag.py took 0.257 seconds
[2022-02-24 03:30:51,479] {processor.py:163} INFO - Started process (PID=386) to work on /home/airflow/.local/lib/python3.7/site-packages/airflow/example_dags/example_skip_dag.py
[2022-02-24 03:30:51,483] {processor.py:642} INFO - Processing file /home/airflow/.local/lib/python3.7/site-packages/airflow/example_dags/example_skip_dag.py for tasks to queue
[2022-02-24 03:30:51,486] {logging_mixin.py:109} INFO - [2022-02-24 03:30:51,486] {dagbag.py:500} INFO - Filling up the DagBag from /home/airflow/.local/lib/python3.7/site-packages/airflow/example_dags/example_skip_dag.py
[2022-02-24 03:30:51,559] {processor.py:654} INFO - DAG(s) dict_keys(['example_skip_dag']) retrieved from /home/airflow/.local/lib/python3.7/site-packages/airflow/example_dags/example_skip_dag.py
[2022-02-24 03:30:51,603] {logging_mixin.py:109} INFO - [2022-02-24 03:30:51,602] {dag.py:2396} INFO - Sync 1 DAGs
[2022-02-24 03:30:51,659] {logging_mixin.py:109} INFO - [2022-02-24 03:30:51,659] {dag.py:2935} INFO - Setting next_dagrun for example_skip_dag to 2022-02-23T03:30:51.657437+00:00
[2022-02-24 03:30:51,687] {processor.py:171} INFO - Processing /home/airflow/.local/lib/python3.7/site-packages/airflow/example_dags/example_skip_dag.py took 0.214 seconds
[2022-02-24 03:31:22,935] {processor.py:163} INFO - Started process (PID=487) to work on /home/airflow/.local/lib/python3.7/site-packages/airflow/example_dags/example_skip_dag.py
[2022-02-24 03:31:22,943] {processor.py:642} INFO - Processing file /home/airflow/.local/lib/python3.7/site-packages/airflow/example_dags/example_skip_dag.py for tasks to queue
[2022-02-24 03:31:22,946] {logging_mixin.py:109} INFO - [2022-02-24 03:31:22,946] {dagbag.py:500} INFO - Filling up the DagBag from /home/airflow/.local/lib/python3.7/site-packages/airflow/example_dags/example_skip_dag.py
[2022-02-24 03:31:23,027] {processor.py:654} INFO - DAG(s) dict_keys(['example_skip_dag']) retrieved from /home/airflow/.local/lib/python3.7/site-packages/airflow/example_dags/example_skip_dag.py
[2022-02-24 03:31:23,074] {logging_mixin.py:109} INFO - [2022-02-24 03:31:23,074] {dag.py:2396} INFO - Sync 1 DAGs
[2022-02-24 03:31:23,145] {logging_mixin.py:109} INFO - [2022-02-24 03:31:23,144] {dag.py:2935} INFO - Setting next_dagrun for example_skip_dag to 2022-02-23T03:31:23.142952+00:00
[2022-02-24 03:31:23,176] {processor.py:171} INFO - Processing /home/airflow/.local/lib/python3.7/site-packages/airflow/example_dags/example_skip_dag.py took 0.249 seconds
[2022-02-24 03:31:54,595] {processor.py:163} INFO - Started process (PID=576) to work on /home/airflow/.local/lib/python3.7/site-packages/airflow/example_dags/example_skip_dag.py
[2022-02-24 03:31:54,600] {processor.py:642} INFO - Processing file /home/airflow/.local/lib/python3.7/site-packages/airflow/example_dags/example_skip_dag.py for tasks to queue
[2022-02-24 03:31:54,607] {logging_mixin.py:109} INFO - [2022-02-24 03:31:54,607] {dagbag.py:500} INFO - Filling up the DagBag from /home/airflow/.local/lib/python3.7/site-packages/airflow/example_dags/example_skip_dag.py
[2022-02-24 03:31:54,681] {processor.py:654} INFO - DAG(s) dict_keys(['example_skip_dag']) retrieved from /home/airflow/.local/lib/python3.7/site-packages/airflow/example_dags/example_skip_dag.py
[2022-02-24 03:31:54,732] {logging_mixin.py:109} INFO - [2022-02-24 03:31:54,732] {dag.py:2396} INFO - Sync 1 DAGs
[2022-02-24 03:31:54,793] {logging_mixin.py:109} INFO - [2022-02-24 03:31:54,792] {dag.py:2935} INFO - Setting next_dagrun for example_skip_dag to 2022-02-23T03:31:54.791011+00:00
[2022-02-24 03:31:54,824] {processor.py:171} INFO - Processing /home/airflow/.local/lib/python3.7/site-packages/airflow/example_dags/example_skip_dag.py took 0.236 seconds
[2022-02-24 03:32:26,081] {processor.py:163} INFO - Started process (PID=680) to work on /home/airflow/.local/lib/python3.7/site-packages/airflow/example_dags/example_skip_dag.py
[2022-02-24 03:32:26,094] {processor.py:642} INFO - Processing file /home/airflow/.local/lib/python3.7/site-packages/airflow/example_dags/example_skip_dag.py for tasks to queue
[2022-02-24 03:32:26,098] {logging_mixin.py:109} INFO - [2022-02-24 03:32:26,097] {dagbag.py:500} INFO - Filling up the DagBag from /home/airflow/.local/lib/python3.7/site-packages/airflow/example_dags/example_skip_dag.py
[2022-02-24 03:32:26,176] {processor.py:654} INFO - DAG(s) dict_keys(['example_skip_dag']) retrieved from /home/airflow/.local/lib/python3.7/site-packages/airflow/example_dags/example_skip_dag.py
[2022-02-24 03:32:26,229] {logging_mixin.py:109} INFO - [2022-02-24 03:32:26,228] {dag.py:2396} INFO - Sync 1 DAGs
[2022-02-24 03:32:26,321] {logging_mixin.py:109} INFO - [2022-02-24 03:32:26,320] {dag.py:2935} INFO - Setting next_dagrun for example_skip_dag to 2022-02-23T03:32:26.312729+00:00
[2022-02-24 03:32:26,412] {processor.py:171} INFO - Processing /home/airflow/.local/lib/python3.7/site-packages/airflow/example_dags/example_skip_dag.py took 0.338 seconds
[2022-02-24 03:32:56,966] {processor.py:163} INFO - Started process (PID=781) to work on /home/airflow/.local/lib/python3.7/site-packages/airflow/example_dags/example_skip_dag.py
[2022-02-24 03:32:56,986] {processor.py:642} INFO - Processing file /home/airflow/.local/lib/python3.7/site-packages/airflow/example_dags/example_skip_dag.py for tasks to queue
[2022-02-24 03:32:57,002] {logging_mixin.py:109} INFO - [2022-02-24 03:32:57,002] {dagbag.py:500} INFO - Filling up the DagBag from /home/airflow/.local/lib/python3.7/site-packages/airflow/example_dags/example_skip_dag.py
[2022-02-24 03:32:57,108] {processor.py:654} INFO - DAG(s) dict_keys(['example_skip_dag']) retrieved from /home/airflow/.local/lib/python3.7/site-packages/airflow/example_dags/example_skip_dag.py
[2022-02-24 03:32:57,175] {logging_mixin.py:109} INFO - [2022-02-24 03:32:57,175] {dag.py:2396} INFO - Sync 1 DAGs
[2022-02-24 03:32:57,257] {logging_mixin.py:109} INFO - [2022-02-24 03:32:57,256] {dag.py:2935} INFO - Setting next_dagrun for example_skip_dag to 2022-02-23T03:32:57.254324+00:00
[2022-02-24 03:32:57,308] {processor.py:171} INFO - Processing /home/airflow/.local/lib/python3.7/site-packages/airflow/example_dags/example_skip_dag.py took 0.351 seconds
[2022-02-24 03:33:27,853] {processor.py:163} INFO - Started process (PID=873) to work on /home/airflow/.local/lib/python3.7/site-packages/airflow/example_dags/example_skip_dag.py
[2022-02-24 03:33:27,858] {processor.py:642} INFO - Processing file /home/airflow/.local/lib/python3.7/site-packages/airflow/example_dags/example_skip_dag.py for tasks to queue
[2022-02-24 03:33:27,862] {logging_mixin.py:109} INFO - [2022-02-24 03:33:27,861] {dagbag.py:500} INFO - Filling up the DagBag from /home/airflow/.local/lib/python3.7/site-packages/airflow/example_dags/example_skip_dag.py
[2022-02-24 03:33:27,935] {processor.py:654} INFO - DAG(s) dict_keys(['example_skip_dag']) retrieved from /home/airflow/.local/lib/python3.7/site-packages/airflow/example_dags/example_skip_dag.py
[2022-02-24 03:33:27,983] {logging_mixin.py:109} INFO - [2022-02-24 03:33:27,982] {dag.py:2396} INFO - Sync 1 DAGs
[2022-02-24 03:33:28,049] {logging_mixin.py:109} INFO - [2022-02-24 03:33:28,048] {dag.py:2935} INFO - Setting next_dagrun for example_skip_dag to 2022-02-23T03:33:28.047078+00:00
[2022-02-24 03:33:28,081] {processor.py:171} INFO - Processing /home/airflow/.local/lib/python3.7/site-packages/airflow/example_dags/example_skip_dag.py took 0.235 seconds
[2022-02-24 03:33:58,846] {processor.py:163} INFO - Started process (PID=980) to work on /home/airflow/.local/lib/python3.7/site-packages/airflow/example_dags/example_skip_dag.py
[2022-02-24 03:33:58,851] {processor.py:642} INFO - Processing file /home/airflow/.local/lib/python3.7/site-packages/airflow/example_dags/example_skip_dag.py for tasks to queue
[2022-02-24 03:33:58,854] {logging_mixin.py:109} INFO - [2022-02-24 03:33:58,854] {dagbag.py:500} INFO - Filling up the DagBag from /home/airflow/.local/lib/python3.7/site-packages/airflow/example_dags/example_skip_dag.py
[2022-02-24 03:33:58,937] {processor.py:654} INFO - DAG(s) dict_keys(['example_skip_dag']) retrieved from /home/airflow/.local/lib/python3.7/site-packages/airflow/example_dags/example_skip_dag.py
[2022-02-24 03:33:58,987] {logging_mixin.py:109} INFO - [2022-02-24 03:33:58,986] {dag.py:2396} INFO - Sync 1 DAGs
[2022-02-24 03:33:59,055] {logging_mixin.py:109} INFO - [2022-02-24 03:33:59,055] {dag.py:2935} INFO - Setting next_dagrun for example_skip_dag to 2022-02-23T03:33:59.053014+00:00
[2022-02-24 03:33:59,088] {processor.py:171} INFO - Processing /home/airflow/.local/lib/python3.7/site-packages/airflow/example_dags/example_skip_dag.py took 0.250 seconds
[2022-02-24 03:34:29,379] {processor.py:163} INFO - Started process (PID=1069) to work on /home/airflow/.local/lib/python3.7/site-packages/airflow/example_dags/example_skip_dag.py
[2022-02-24 03:34:29,384] {processor.py:642} INFO - Processing file /home/airflow/.local/lib/python3.7/site-packages/airflow/example_dags/example_skip_dag.py for tasks to queue
[2022-02-24 03:34:29,389] {logging_mixin.py:109} INFO - [2022-02-24 03:34:29,389] {dagbag.py:500} INFO - Filling up the DagBag from /home/airflow/.local/lib/python3.7/site-packages/airflow/example_dags/example_skip_dag.py
[2022-02-24 03:34:29,463] {processor.py:654} INFO - DAG(s) dict_keys(['example_skip_dag']) retrieved from /home/airflow/.local/lib/python3.7/site-packages/airflow/example_dags/example_skip_dag.py
[2022-02-24 03:34:29,510] {logging_mixin.py:109} INFO - [2022-02-24 03:34:29,510] {dag.py:2396} INFO - Sync 1 DAGs
[2022-02-24 03:34:29,573] {logging_mixin.py:109} INFO - [2022-02-24 03:34:29,573] {dag.py:2935} INFO - Setting next_dagrun for example_skip_dag to 2022-02-23T03:34:29.571328+00:00
[2022-02-24 03:34:29,605] {processor.py:171} INFO - Processing /home/airflow/.local/lib/python3.7/site-packages/airflow/example_dags/example_skip_dag.py took 0.233 seconds
[2022-02-24 03:34:59,946] {processor.py:163} INFO - Started process (PID=1176) to work on /home/airflow/.local/lib/python3.7/site-packages/airflow/example_dags/example_skip_dag.py
[2022-02-24 03:34:59,950] {processor.py:642} INFO - Processing file /home/airflow/.local/lib/python3.7/site-packages/airflow/example_dags/example_skip_dag.py for tasks to queue
[2022-02-24 03:34:59,954] {logging_mixin.py:109} INFO - [2022-02-24 03:34:59,954] {dagbag.py:500} INFO - Filling up the DagBag from /home/airflow/.local/lib/python3.7/site-packages/airflow/example_dags/example_skip_dag.py
[2022-02-24 03:35:00,047] {processor.py:654} INFO - DAG(s) dict_keys(['example_skip_dag']) retrieved from /home/airflow/.local/lib/python3.7/site-packages/airflow/example_dags/example_skip_dag.py
[2022-02-24 03:35:00,097] {logging_mixin.py:109} INFO - [2022-02-24 03:35:00,097] {dag.py:2396} INFO - Sync 1 DAGs
[2022-02-24 03:35:00,169] {logging_mixin.py:109} INFO - [2022-02-24 03:35:00,168] {dag.py:2935} INFO - Setting next_dagrun for example_skip_dag to 2022-02-23T03:35:00.166837+00:00
[2022-02-24 03:35:00,204] {processor.py:171} INFO - Processing /home/airflow/.local/lib/python3.7/site-packages/airflow/example_dags/example_skip_dag.py took 0.267 seconds
[2022-02-24 03:35:31,102] {processor.py:163} INFO - Started process (PID=1264) to work on /home/airflow/.local/lib/python3.7/site-packages/airflow/example_dags/example_skip_dag.py
[2022-02-24 03:35:31,107] {processor.py:642} INFO - Processing file /home/airflow/.local/lib/python3.7/site-packages/airflow/example_dags/example_skip_dag.py for tasks to queue
[2022-02-24 03:35:31,109] {logging_mixin.py:109} INFO - [2022-02-24 03:35:31,109] {dagbag.py:500} INFO - Filling up the DagBag from /home/airflow/.local/lib/python3.7/site-packages/airflow/example_dags/example_skip_dag.py
[2022-02-24 03:35:31,178] {processor.py:654} INFO - DAG(s) dict_keys(['example_skip_dag']) retrieved from /home/airflow/.local/lib/python3.7/site-packages/airflow/example_dags/example_skip_dag.py
[2022-02-24 03:35:31,226] {logging_mixin.py:109} INFO - [2022-02-24 03:35:31,226] {dag.py:2396} INFO - Sync 1 DAGs
[2022-02-24 03:35:31,287] {logging_mixin.py:109} INFO - [2022-02-24 03:35:31,287] {dag.py:2935} INFO - Setting next_dagrun for example_skip_dag to 2022-02-23T03:35:31.285402+00:00
[2022-02-24 03:35:31,323] {processor.py:171} INFO - Processing /home/airflow/.local/lib/python3.7/site-packages/airflow/example_dags/example_skip_dag.py took 0.227 seconds
[2022-02-24 03:36:02,741] {processor.py:163} INFO - Started process (PID=1369) to work on /home/airflow/.local/lib/python3.7/site-packages/airflow/example_dags/example_skip_dag.py
[2022-02-24 03:36:02,746] {processor.py:642} INFO - Processing file /home/airflow/.local/lib/python3.7/site-packages/airflow/example_dags/example_skip_dag.py for tasks to queue
[2022-02-24 03:36:02,751] {logging_mixin.py:109} INFO - [2022-02-24 03:36:02,750] {dagbag.py:500} INFO - Filling up the DagBag from /home/airflow/.local/lib/python3.7/site-packages/airflow/example_dags/example_skip_dag.py
[2022-02-24 03:36:02,828] {processor.py:654} INFO - DAG(s) dict_keys(['example_skip_dag']) retrieved from /home/airflow/.local/lib/python3.7/site-packages/airflow/example_dags/example_skip_dag.py
[2022-02-24 03:36:02,880] {logging_mixin.py:109} INFO - [2022-02-24 03:36:02,880] {dag.py:2396} INFO - Sync 1 DAGs
[2022-02-24 03:36:02,944] {logging_mixin.py:109} INFO - [2022-02-24 03:36:02,943] {dag.py:2935} INFO - Setting next_dagrun for example_skip_dag to 2022-02-23T03:36:02.941468+00:00
[2022-02-24 03:36:02,972] {processor.py:171} INFO - Processing /home/airflow/.local/lib/python3.7/site-packages/airflow/example_dags/example_skip_dag.py took 0.239 seconds
[2022-02-24 03:36:34,148] {processor.py:163} INFO - Started process (PID=1456) to work on /home/airflow/.local/lib/python3.7/site-packages/airflow/example_dags/example_skip_dag.py
[2022-02-24 03:36:34,152] {processor.py:642} INFO - Processing file /home/airflow/.local/lib/python3.7/site-packages/airflow/example_dags/example_skip_dag.py for tasks to queue
[2022-02-24 03:36:34,155] {logging_mixin.py:109} INFO - [2022-02-24 03:36:34,155] {dagbag.py:500} INFO - Filling up the DagBag from /home/airflow/.local/lib/python3.7/site-packages/airflow/example_dags/example_skip_dag.py
[2022-02-24 03:36:34,214] {processor.py:654} INFO - DAG(s) dict_keys(['example_skip_dag']) retrieved from /home/airflow/.local/lib/python3.7/site-packages/airflow/example_dags/example_skip_dag.py
[2022-02-24 03:36:34,255] {logging_mixin.py:109} INFO - [2022-02-24 03:36:34,255] {dag.py:2396} INFO - Sync 1 DAGs
[2022-02-24 03:36:34,308] {logging_mixin.py:109} INFO - [2022-02-24 03:36:34,308] {dag.py:2935} INFO - Setting next_dagrun for example_skip_dag to 2022-02-23T03:36:34.306841+00:00
[2022-02-24 03:36:34,333] {processor.py:171} INFO - Processing /home/airflow/.local/lib/python3.7/site-packages/airflow/example_dags/example_skip_dag.py took 0.191 seconds
[2022-02-24 03:37:05,876] {processor.py:163} INFO - Started process (PID=1560) to work on /home/airflow/.local/lib/python3.7/site-packages/airflow/example_dags/example_skip_dag.py
[2022-02-24 03:37:05,880] {processor.py:642} INFO - Processing file /home/airflow/.local/lib/python3.7/site-packages/airflow/example_dags/example_skip_dag.py for tasks to queue
[2022-02-24 03:37:05,883] {logging_mixin.py:109} INFO - [2022-02-24 03:37:05,882] {dagbag.py:500} INFO - Filling up the DagBag from /home/airflow/.local/lib/python3.7/site-packages/airflow/example_dags/example_skip_dag.py
[2022-02-24 03:37:05,955] {processor.py:654} INFO - DAG(s) dict_keys(['example_skip_dag']) retrieved from /home/airflow/.local/lib/python3.7/site-packages/airflow/example_dags/example_skip_dag.py
[2022-02-24 03:37:06,003] {logging_mixin.py:109} INFO - [2022-02-24 03:37:06,002] {dag.py:2396} INFO - Sync 1 DAGs
[2022-02-24 03:37:06,066] {logging_mixin.py:109} INFO - [2022-02-24 03:37:06,065] {dag.py:2935} INFO - Setting next_dagrun for example_skip_dag to 2022-02-23T03:37:06.063779+00:00
[2022-02-24 03:37:06,096] {processor.py:171} INFO - Processing /home/airflow/.local/lib/python3.7/site-packages/airflow/example_dags/example_skip_dag.py took 0.227 seconds
[2022-02-24 03:37:37,098] {processor.py:163} INFO - Started process (PID=1666) to work on /home/airflow/.local/lib/python3.7/site-packages/airflow/example_dags/example_skip_dag.py
[2022-02-24 03:37:37,104] {processor.py:642} INFO - Processing file /home/airflow/.local/lib/python3.7/site-packages/airflow/example_dags/example_skip_dag.py for tasks to queue
[2022-02-24 03:37:37,115] {logging_mixin.py:109} INFO - [2022-02-24 03:37:37,115] {dagbag.py:500} INFO - Filling up the DagBag from /home/airflow/.local/lib/python3.7/site-packages/airflow/example_dags/example_skip_dag.py
[2022-02-24 03:37:37,198] {processor.py:654} INFO - DAG(s) dict_keys(['example_skip_dag']) retrieved from /home/airflow/.local/lib/python3.7/site-packages/airflow/example_dags/example_skip_dag.py
[2022-02-24 03:37:37,248] {logging_mixin.py:109} INFO - [2022-02-24 03:37:37,247] {dag.py:2396} INFO - Sync 1 DAGs
[2022-02-24 03:37:37,318] {logging_mixin.py:109} INFO - [2022-02-24 03:37:37,318] {dag.py:2935} INFO - Setting next_dagrun for example_skip_dag to 2022-02-23T03:37:37.315815+00:00
[2022-02-24 03:37:37,355] {processor.py:171} INFO - Processing /home/airflow/.local/lib/python3.7/site-packages/airflow/example_dags/example_skip_dag.py took 0.264 seconds
