[2022-02-24 03:29:42,522] {processor.py:163} INFO - Started process (PID=162) to work on /home/airflow/.local/lib/python3.7/site-packages/airflow/example_dags/example_branch_datetime_operator.py
[2022-02-24 03:29:42,529] {processor.py:642} INFO - Processing file /home/airflow/.local/lib/python3.7/site-packages/airflow/example_dags/example_branch_datetime_operator.py for tasks to queue
[2022-02-24 03:29:42,541] {logging_mixin.py:109} INFO - [2022-02-24 03:29:42,541] {dagbag.py:500} INFO - Filling up the DagBag from /home/airflow/.local/lib/python3.7/site-packages/airflow/example_dags/example_branch_datetime_operator.py
[2022-02-24 03:29:42,711] {processor.py:654} INFO - DAG(s) dict_keys(['example_branch_datetime_operator_2']) retrieved from /home/airflow/.local/lib/python3.7/site-packages/airflow/example_dags/example_branch_datetime_operator.py
[2022-02-24 03:29:42,808] {logging_mixin.py:109} INFO - [2022-02-24 03:29:42,807] {dag.py:2396} INFO - Sync 1 DAGs
[2022-02-24 03:29:42,967] {logging_mixin.py:109} INFO - [2022-02-24 03:29:42,966] {dag.py:2935} INFO - Setting next_dagrun for example_branch_datetime_operator_2 to 2022-02-23 00:00:00+00:00
[2022-02-24 03:29:43,022] {processor.py:171} INFO - Processing /home/airflow/.local/lib/python3.7/site-packages/airflow/example_dags/example_branch_datetime_operator.py took 0.508 seconds
[2022-02-24 03:30:13,533] {processor.py:163} INFO - Started process (PID=248) to work on /home/airflow/.local/lib/python3.7/site-packages/airflow/example_dags/example_branch_datetime_operator.py
[2022-02-24 03:30:13,537] {processor.py:642} INFO - Processing file /home/airflow/.local/lib/python3.7/site-packages/airflow/example_dags/example_branch_datetime_operator.py for tasks to queue
[2022-02-24 03:30:13,539] {logging_mixin.py:109} INFO - [2022-02-24 03:30:13,539] {dagbag.py:500} INFO - Filling up the DagBag from /home/airflow/.local/lib/python3.7/site-packages/airflow/example_dags/example_branch_datetime_operator.py
[2022-02-24 03:30:13,619] {processor.py:654} INFO - DAG(s) dict_keys(['example_branch_datetime_operator_2']) retrieved from /home/airflow/.local/lib/python3.7/site-packages/airflow/example_dags/example_branch_datetime_operator.py
[2022-02-24 03:30:13,655] {logging_mixin.py:109} INFO - [2022-02-24 03:30:13,654] {dag.py:2396} INFO - Sync 1 DAGs
[2022-02-24 03:30:13,713] {logging_mixin.py:109} INFO - [2022-02-24 03:30:13,713] {dag.py:2935} INFO - Setting next_dagrun for example_branch_datetime_operator_2 to 2022-02-23 00:00:00+00:00
[2022-02-24 03:30:13,737] {processor.py:171} INFO - Processing /home/airflow/.local/lib/python3.7/site-packages/airflow/example_dags/example_branch_datetime_operator.py took 0.211 seconds
[2022-02-24 03:30:44,043] {processor.py:163} INFO - Started process (PID=350) to work on /home/airflow/.local/lib/python3.7/site-packages/airflow/example_dags/example_branch_datetime_operator.py
[2022-02-24 03:30:44,048] {processor.py:642} INFO - Processing file /home/airflow/.local/lib/python3.7/site-packages/airflow/example_dags/example_branch_datetime_operator.py for tasks to queue
[2022-02-24 03:30:44,051] {logging_mixin.py:109} INFO - [2022-02-24 03:30:44,051] {dagbag.py:500} INFO - Filling up the DagBag from /home/airflow/.local/lib/python3.7/site-packages/airflow/example_dags/example_branch_datetime_operator.py
[2022-02-24 03:30:44,133] {processor.py:654} INFO - DAG(s) dict_keys(['example_branch_datetime_operator_2']) retrieved from /home/airflow/.local/lib/python3.7/site-packages/airflow/example_dags/example_branch_datetime_operator.py
[2022-02-24 03:30:44,174] {logging_mixin.py:109} INFO - [2022-02-24 03:30:44,174] {dag.py:2396} INFO - Sync 1 DAGs
[2022-02-24 03:30:44,249] {logging_mixin.py:109} INFO - [2022-02-24 03:30:44,249] {dag.py:2935} INFO - Setting next_dagrun for example_branch_datetime_operator_2 to 2022-02-23 00:00:00+00:00
[2022-02-24 03:30:44,279] {processor.py:171} INFO - Processing /home/airflow/.local/lib/python3.7/site-packages/airflow/example_dags/example_branch_datetime_operator.py took 0.243 seconds
[2022-02-24 03:31:14,679] {processor.py:163} INFO - Started process (PID=436) to work on /home/airflow/.local/lib/python3.7/site-packages/airflow/example_dags/example_branch_datetime_operator.py
[2022-02-24 03:31:14,683] {processor.py:642} INFO - Processing file /home/airflow/.local/lib/python3.7/site-packages/airflow/example_dags/example_branch_datetime_operator.py for tasks to queue
[2022-02-24 03:31:14,686] {logging_mixin.py:109} INFO - [2022-02-24 03:31:14,685] {dagbag.py:500} INFO - Filling up the DagBag from /home/airflow/.local/lib/python3.7/site-packages/airflow/example_dags/example_branch_datetime_operator.py
[2022-02-24 03:31:14,767] {processor.py:654} INFO - DAG(s) dict_keys(['example_branch_datetime_operator_2']) retrieved from /home/airflow/.local/lib/python3.7/site-packages/airflow/example_dags/example_branch_datetime_operator.py
[2022-02-24 03:31:14,802] {logging_mixin.py:109} INFO - [2022-02-24 03:31:14,802] {dag.py:2396} INFO - Sync 1 DAGs
[2022-02-24 03:31:14,861] {logging_mixin.py:109} INFO - [2022-02-24 03:31:14,861] {dag.py:2935} INFO - Setting next_dagrun for example_branch_datetime_operator_2 to 2022-02-23 00:00:00+00:00
[2022-02-24 03:31:14,887] {processor.py:171} INFO - Processing /home/airflow/.local/lib/python3.7/site-packages/airflow/example_dags/example_branch_datetime_operator.py took 0.215 seconds
[2022-02-24 03:31:45,428] {processor.py:163} INFO - Started process (PID=540) to work on /home/airflow/.local/lib/python3.7/site-packages/airflow/example_dags/example_branch_datetime_operator.py
[2022-02-24 03:31:45,432] {processor.py:642} INFO - Processing file /home/airflow/.local/lib/python3.7/site-packages/airflow/example_dags/example_branch_datetime_operator.py for tasks to queue
[2022-02-24 03:31:45,435] {logging_mixin.py:109} INFO - [2022-02-24 03:31:45,435] {dagbag.py:500} INFO - Filling up the DagBag from /home/airflow/.local/lib/python3.7/site-packages/airflow/example_dags/example_branch_datetime_operator.py
[2022-02-24 03:31:45,512] {processor.py:654} INFO - DAG(s) dict_keys(['example_branch_datetime_operator_2']) retrieved from /home/airflow/.local/lib/python3.7/site-packages/airflow/example_dags/example_branch_datetime_operator.py
[2022-02-24 03:31:45,552] {logging_mixin.py:109} INFO - [2022-02-24 03:31:45,552] {dag.py:2396} INFO - Sync 1 DAGs
[2022-02-24 03:31:45,623] {logging_mixin.py:109} INFO - [2022-02-24 03:31:45,622] {dag.py:2935} INFO - Setting next_dagrun for example_branch_datetime_operator_2 to 2022-02-23 00:00:00+00:00
[2022-02-24 03:31:45,655] {processor.py:171} INFO - Processing /home/airflow/.local/lib/python3.7/site-packages/airflow/example_dags/example_branch_datetime_operator.py took 0.234 seconds
[2022-02-24 03:32:16,027] {processor.py:163} INFO - Started process (PID=628) to work on /home/airflow/.local/lib/python3.7/site-packages/airflow/example_dags/example_branch_datetime_operator.py
[2022-02-24 03:32:16,033] {processor.py:642} INFO - Processing file /home/airflow/.local/lib/python3.7/site-packages/airflow/example_dags/example_branch_datetime_operator.py for tasks to queue
[2022-02-24 03:32:16,036] {logging_mixin.py:109} INFO - [2022-02-24 03:32:16,036] {dagbag.py:500} INFO - Filling up the DagBag from /home/airflow/.local/lib/python3.7/site-packages/airflow/example_dags/example_branch_datetime_operator.py
[2022-02-24 03:32:16,115] {processor.py:654} INFO - DAG(s) dict_keys(['example_branch_datetime_operator_2']) retrieved from /home/airflow/.local/lib/python3.7/site-packages/airflow/example_dags/example_branch_datetime_operator.py
[2022-02-24 03:32:16,151] {logging_mixin.py:109} INFO - [2022-02-24 03:32:16,150] {dag.py:2396} INFO - Sync 1 DAGs
[2022-02-24 03:32:16,223] {logging_mixin.py:109} INFO - [2022-02-24 03:32:16,223] {dag.py:2935} INFO - Setting next_dagrun for example_branch_datetime_operator_2 to 2022-02-23 00:00:00+00:00
[2022-02-24 03:32:16,256] {processor.py:171} INFO - Processing /home/airflow/.local/lib/python3.7/site-packages/airflow/example_dags/example_branch_datetime_operator.py took 0.236 seconds
[2022-02-24 03:32:46,531] {processor.py:163} INFO - Started process (PID=730) to work on /home/airflow/.local/lib/python3.7/site-packages/airflow/example_dags/example_branch_datetime_operator.py
[2022-02-24 03:32:46,538] {processor.py:642} INFO - Processing file /home/airflow/.local/lib/python3.7/site-packages/airflow/example_dags/example_branch_datetime_operator.py for tasks to queue
[2022-02-24 03:32:46,541] {logging_mixin.py:109} INFO - [2022-02-24 03:32:46,540] {dagbag.py:500} INFO - Filling up the DagBag from /home/airflow/.local/lib/python3.7/site-packages/airflow/example_dags/example_branch_datetime_operator.py
[2022-02-24 03:32:46,617] {processor.py:654} INFO - DAG(s) dict_keys(['example_branch_datetime_operator_2']) retrieved from /home/airflow/.local/lib/python3.7/site-packages/airflow/example_dags/example_branch_datetime_operator.py
[2022-02-24 03:32:46,656] {logging_mixin.py:109} INFO - [2022-02-24 03:32:46,655] {dag.py:2396} INFO - Sync 1 DAGs
[2022-02-24 03:32:46,728] {logging_mixin.py:109} INFO - [2022-02-24 03:32:46,728] {dag.py:2935} INFO - Setting next_dagrun for example_branch_datetime_operator_2 to 2022-02-23 00:00:00+00:00
[2022-02-24 03:32:46,757] {processor.py:171} INFO - Processing /home/airflow/.local/lib/python3.7/site-packages/airflow/example_dags/example_branch_datetime_operator.py took 0.233 seconds
[2022-02-24 03:33:16,953] {processor.py:163} INFO - Started process (PID=833) to work on /home/airflow/.local/lib/python3.7/site-packages/airflow/example_dags/example_branch_datetime_operator.py
[2022-02-24 03:33:16,958] {processor.py:642} INFO - Processing file /home/airflow/.local/lib/python3.7/site-packages/airflow/example_dags/example_branch_datetime_operator.py for tasks to queue
[2022-02-24 03:33:16,962] {logging_mixin.py:109} INFO - [2022-02-24 03:33:16,961] {dagbag.py:500} INFO - Filling up the DagBag from /home/airflow/.local/lib/python3.7/site-packages/airflow/example_dags/example_branch_datetime_operator.py
[2022-02-24 03:33:17,038] {processor.py:654} INFO - DAG(s) dict_keys(['example_branch_datetime_operator_2']) retrieved from /home/airflow/.local/lib/python3.7/site-packages/airflow/example_dags/example_branch_datetime_operator.py
[2022-02-24 03:33:17,083] {logging_mixin.py:109} INFO - [2022-02-24 03:33:17,082] {dag.py:2396} INFO - Sync 1 DAGs
[2022-02-24 03:33:17,155] {logging_mixin.py:109} INFO - [2022-02-24 03:33:17,154] {dag.py:2935} INFO - Setting next_dagrun for example_branch_datetime_operator_2 to 2022-02-23 00:00:00+00:00
[2022-02-24 03:33:17,185] {processor.py:171} INFO - Processing /home/airflow/.local/lib/python3.7/site-packages/airflow/example_dags/example_branch_datetime_operator.py took 0.239 seconds
[2022-02-24 03:33:47,863] {processor.py:163} INFO - Started process (PID=928) to work on /home/airflow/.local/lib/python3.7/site-packages/airflow/example_dags/example_branch_datetime_operator.py
[2022-02-24 03:33:47,869] {processor.py:642} INFO - Processing file /home/airflow/.local/lib/python3.7/site-packages/airflow/example_dags/example_branch_datetime_operator.py for tasks to queue
[2022-02-24 03:33:47,872] {logging_mixin.py:109} INFO - [2022-02-24 03:33:47,871] {dagbag.py:500} INFO - Filling up the DagBag from /home/airflow/.local/lib/python3.7/site-packages/airflow/example_dags/example_branch_datetime_operator.py
[2022-02-24 03:33:47,954] {processor.py:654} INFO - DAG(s) dict_keys(['example_branch_datetime_operator_2']) retrieved from /home/airflow/.local/lib/python3.7/site-packages/airflow/example_dags/example_branch_datetime_operator.py
[2022-02-24 03:33:47,993] {logging_mixin.py:109} INFO - [2022-02-24 03:33:47,993] {dag.py:2396} INFO - Sync 1 DAGs
[2022-02-24 03:33:48,071] {logging_mixin.py:109} INFO - [2022-02-24 03:33:48,070] {dag.py:2935} INFO - Setting next_dagrun for example_branch_datetime_operator_2 to 2022-02-23 00:00:00+00:00
[2022-02-24 03:33:48,119] {processor.py:171} INFO - Processing /home/airflow/.local/lib/python3.7/site-packages/airflow/example_dags/example_branch_datetime_operator.py took 0.271 seconds
[2022-02-24 03:34:18,220] {processor.py:163} INFO - Started process (PID=1037) to work on /home/airflow/.local/lib/python3.7/site-packages/airflow/example_dags/example_branch_datetime_operator.py
[2022-02-24 03:34:18,225] {processor.py:642} INFO - Processing file /home/airflow/.local/lib/python3.7/site-packages/airflow/example_dags/example_branch_datetime_operator.py for tasks to queue
[2022-02-24 03:34:18,229] {logging_mixin.py:109} INFO - [2022-02-24 03:34:18,228] {dagbag.py:500} INFO - Filling up the DagBag from /home/airflow/.local/lib/python3.7/site-packages/airflow/example_dags/example_branch_datetime_operator.py
[2022-02-24 03:34:18,309] {processor.py:654} INFO - DAG(s) dict_keys(['example_branch_datetime_operator_2']) retrieved from /home/airflow/.local/lib/python3.7/site-packages/airflow/example_dags/example_branch_datetime_operator.py
[2022-02-24 03:34:18,351] {logging_mixin.py:109} INFO - [2022-02-24 03:34:18,351] {dag.py:2396} INFO - Sync 1 DAGs
[2022-02-24 03:34:18,424] {logging_mixin.py:109} INFO - [2022-02-24 03:34:18,424] {dag.py:2935} INFO - Setting next_dagrun for example_branch_datetime_operator_2 to 2022-02-23 00:00:00+00:00
[2022-02-24 03:34:18,459] {processor.py:171} INFO - Processing /home/airflow/.local/lib/python3.7/site-packages/airflow/example_dags/example_branch_datetime_operator.py took 0.245 seconds
[2022-02-24 03:34:48,831] {processor.py:163} INFO - Started process (PID=1127) to work on /home/airflow/.local/lib/python3.7/site-packages/airflow/example_dags/example_branch_datetime_operator.py
[2022-02-24 03:34:48,836] {processor.py:642} INFO - Processing file /home/airflow/.local/lib/python3.7/site-packages/airflow/example_dags/example_branch_datetime_operator.py for tasks to queue
[2022-02-24 03:34:48,839] {logging_mixin.py:109} INFO - [2022-02-24 03:34:48,838] {dagbag.py:500} INFO - Filling up the DagBag from /home/airflow/.local/lib/python3.7/site-packages/airflow/example_dags/example_branch_datetime_operator.py
[2022-02-24 03:34:48,921] {processor.py:654} INFO - DAG(s) dict_keys(['example_branch_datetime_operator_2']) retrieved from /home/airflow/.local/lib/python3.7/site-packages/airflow/example_dags/example_branch_datetime_operator.py
[2022-02-24 03:34:49,026] {logging_mixin.py:109} INFO - [2022-02-24 03:34:49,026] {dag.py:2396} INFO - Sync 1 DAGs
[2022-02-24 03:34:49,118] {logging_mixin.py:109} INFO - [2022-02-24 03:34:49,117] {dag.py:2935} INFO - Setting next_dagrun for example_branch_datetime_operator_2 to 2022-02-23 00:00:00+00:00
[2022-02-24 03:34:49,150] {processor.py:171} INFO - Processing /home/airflow/.local/lib/python3.7/site-packages/airflow/example_dags/example_branch_datetime_operator.py took 0.326 seconds
[2022-02-24 03:35:19,705] {processor.py:163} INFO - Started process (PID=1232) to work on /home/airflow/.local/lib/python3.7/site-packages/airflow/example_dags/example_branch_datetime_operator.py
[2022-02-24 03:35:19,710] {processor.py:642} INFO - Processing file /home/airflow/.local/lib/python3.7/site-packages/airflow/example_dags/example_branch_datetime_operator.py for tasks to queue
[2022-02-24 03:35:19,713] {logging_mixin.py:109} INFO - [2022-02-24 03:35:19,712] {dagbag.py:500} INFO - Filling up the DagBag from /home/airflow/.local/lib/python3.7/site-packages/airflow/example_dags/example_branch_datetime_operator.py
[2022-02-24 03:35:19,794] {processor.py:654} INFO - DAG(s) dict_keys(['example_branch_datetime_operator_2']) retrieved from /home/airflow/.local/lib/python3.7/site-packages/airflow/example_dags/example_branch_datetime_operator.py
[2022-02-24 03:35:19,832] {logging_mixin.py:109} INFO - [2022-02-24 03:35:19,832] {dag.py:2396} INFO - Sync 1 DAGs
[2022-02-24 03:35:19,902] {logging_mixin.py:109} INFO - [2022-02-24 03:35:19,901] {dag.py:2935} INFO - Setting next_dagrun for example_branch_datetime_operator_2 to 2022-02-23 00:00:00+00:00
[2022-02-24 03:35:19,931] {processor.py:171} INFO - Processing /home/airflow/.local/lib/python3.7/site-packages/airflow/example_dags/example_branch_datetime_operator.py took 0.234 seconds
[2022-02-24 03:35:50,290] {processor.py:163} INFO - Started process (PID=1321) to work on /home/airflow/.local/lib/python3.7/site-packages/airflow/example_dags/example_branch_datetime_operator.py
[2022-02-24 03:35:50,297] {processor.py:642} INFO - Processing file /home/airflow/.local/lib/python3.7/site-packages/airflow/example_dags/example_branch_datetime_operator.py for tasks to queue
[2022-02-24 03:35:50,300] {logging_mixin.py:109} INFO - [2022-02-24 03:35:50,300] {dagbag.py:500} INFO - Filling up the DagBag from /home/airflow/.local/lib/python3.7/site-packages/airflow/example_dags/example_branch_datetime_operator.py
[2022-02-24 03:35:50,381] {processor.py:654} INFO - DAG(s) dict_keys(['example_branch_datetime_operator_2']) retrieved from /home/airflow/.local/lib/python3.7/site-packages/airflow/example_dags/example_branch_datetime_operator.py
[2022-02-24 03:35:50,422] {logging_mixin.py:109} INFO - [2022-02-24 03:35:50,421] {dag.py:2396} INFO - Sync 1 DAGs
[2022-02-24 03:35:50,497] {logging_mixin.py:109} INFO - [2022-02-24 03:35:50,496] {dag.py:2935} INFO - Setting next_dagrun for example_branch_datetime_operator_2 to 2022-02-23 00:00:00+00:00
[2022-02-24 03:35:50,524] {processor.py:171} INFO - Processing /home/airflow/.local/lib/python3.7/site-packages/airflow/example_dags/example_branch_datetime_operator.py took 0.240 seconds
[2022-02-24 03:36:20,801] {processor.py:163} INFO - Started process (PID=1424) to work on /home/airflow/.local/lib/python3.7/site-packages/airflow/example_dags/example_branch_datetime_operator.py
[2022-02-24 03:36:20,807] {processor.py:642} INFO - Processing file /home/airflow/.local/lib/python3.7/site-packages/airflow/example_dags/example_branch_datetime_operator.py for tasks to queue
[2022-02-24 03:36:20,812] {logging_mixin.py:109} INFO - [2022-02-24 03:36:20,811] {dagbag.py:500} INFO - Filling up the DagBag from /home/airflow/.local/lib/python3.7/site-packages/airflow/example_dags/example_branch_datetime_operator.py
[2022-02-24 03:36:20,912] {processor.py:654} INFO - DAG(s) dict_keys(['example_branch_datetime_operator_2']) retrieved from /home/airflow/.local/lib/python3.7/site-packages/airflow/example_dags/example_branch_datetime_operator.py
[2022-02-24 03:36:20,956] {logging_mixin.py:109} INFO - [2022-02-24 03:36:20,955] {dag.py:2396} INFO - Sync 1 DAGs
[2022-02-24 03:36:21,036] {logging_mixin.py:109} INFO - [2022-02-24 03:36:21,035] {dag.py:2935} INFO - Setting next_dagrun for example_branch_datetime_operator_2 to 2022-02-23 00:00:00+00:00
[2022-02-24 03:36:21,067] {processor.py:171} INFO - Processing /home/airflow/.local/lib/python3.7/site-packages/airflow/example_dags/example_branch_datetime_operator.py took 0.278 seconds
[2022-02-24 03:36:51,303] {processor.py:163} INFO - Started process (PID=1509) to work on /home/airflow/.local/lib/python3.7/site-packages/airflow/example_dags/example_branch_datetime_operator.py
[2022-02-24 03:36:51,307] {processor.py:642} INFO - Processing file /home/airflow/.local/lib/python3.7/site-packages/airflow/example_dags/example_branch_datetime_operator.py for tasks to queue
[2022-02-24 03:36:51,310] {logging_mixin.py:109} INFO - [2022-02-24 03:36:51,309] {dagbag.py:500} INFO - Filling up the DagBag from /home/airflow/.local/lib/python3.7/site-packages/airflow/example_dags/example_branch_datetime_operator.py
[2022-02-24 03:36:51,383] {processor.py:654} INFO - DAG(s) dict_keys(['example_branch_datetime_operator_2']) retrieved from /home/airflow/.local/lib/python3.7/site-packages/airflow/example_dags/example_branch_datetime_operator.py
[2022-02-24 03:36:51,420] {logging_mixin.py:109} INFO - [2022-02-24 03:36:51,419] {dag.py:2396} INFO - Sync 1 DAGs
[2022-02-24 03:36:51,483] {logging_mixin.py:109} INFO - [2022-02-24 03:36:51,483] {dag.py:2935} INFO - Setting next_dagrun for example_branch_datetime_operator_2 to 2022-02-23 00:00:00+00:00
[2022-02-24 03:36:51,517] {processor.py:171} INFO - Processing /home/airflow/.local/lib/python3.7/site-packages/airflow/example_dags/example_branch_datetime_operator.py took 0.220 seconds
[2022-02-24 03:37:21,862] {processor.py:163} INFO - Started process (PID=1618) to work on /home/airflow/.local/lib/python3.7/site-packages/airflow/example_dags/example_branch_datetime_operator.py
[2022-02-24 03:37:21,871] {processor.py:642} INFO - Processing file /home/airflow/.local/lib/python3.7/site-packages/airflow/example_dags/example_branch_datetime_operator.py for tasks to queue
[2022-02-24 03:37:21,885] {logging_mixin.py:109} INFO - [2022-02-24 03:37:21,885] {dagbag.py:500} INFO - Filling up the DagBag from /home/airflow/.local/lib/python3.7/site-packages/airflow/example_dags/example_branch_datetime_operator.py
[2022-02-24 03:37:21,993] {processor.py:654} INFO - DAG(s) dict_keys(['example_branch_datetime_operator_2']) retrieved from /home/airflow/.local/lib/python3.7/site-packages/airflow/example_dags/example_branch_datetime_operator.py
[2022-02-24 03:37:22,032] {logging_mixin.py:109} INFO - [2022-02-24 03:37:22,032] {dag.py:2396} INFO - Sync 1 DAGs
[2022-02-24 03:37:22,118] {logging_mixin.py:109} INFO - [2022-02-24 03:37:22,118] {dag.py:2935} INFO - Setting next_dagrun for example_branch_datetime_operator_2 to 2022-02-23 00:00:00+00:00
[2022-02-24 03:37:22,159] {processor.py:171} INFO - Processing /home/airflow/.local/lib/python3.7/site-packages/airflow/example_dags/example_branch_datetime_operator.py took 0.310 seconds
[2022-02-24 03:37:52,546] {processor.py:163} INFO - Started process (PID=1708) to work on /home/airflow/.local/lib/python3.7/site-packages/airflow/example_dags/example_branch_datetime_operator.py
[2022-02-24 03:37:52,550] {processor.py:642} INFO - Processing file /home/airflow/.local/lib/python3.7/site-packages/airflow/example_dags/example_branch_datetime_operator.py for tasks to queue
[2022-02-24 03:37:52,553] {logging_mixin.py:109} INFO - [2022-02-24 03:37:52,553] {dagbag.py:500} INFO - Filling up the DagBag from /home/airflow/.local/lib/python3.7/site-packages/airflow/example_dags/example_branch_datetime_operator.py
[2022-02-24 03:37:52,634] {processor.py:654} INFO - DAG(s) dict_keys(['example_branch_datetime_operator_2']) retrieved from /home/airflow/.local/lib/python3.7/site-packages/airflow/example_dags/example_branch_datetime_operator.py
[2022-02-24 03:37:52,669] {logging_mixin.py:109} INFO - [2022-02-24 03:37:52,669] {dag.py:2396} INFO - Sync 1 DAGs
[2022-02-24 03:37:52,733] {logging_mixin.py:109} INFO - [2022-02-24 03:37:52,733] {dag.py:2935} INFO - Setting next_dagrun for example_branch_datetime_operator_2 to 2022-02-23 00:00:00+00:00
[2022-02-24 03:37:52,763] {processor.py:171} INFO - Processing /home/airflow/.local/lib/python3.7/site-packages/airflow/example_dags/example_branch_datetime_operator.py took 0.223 seconds
