[2022-02-24 03:29:50,086] {processor.py:163} INFO - Started process (PID=202) to work on /home/airflow/.local/lib/python3.7/site-packages/airflow/example_dags/example_xcomargs.py
[2022-02-24 03:29:50,090] {processor.py:642} INFO - Processing file /home/airflow/.local/lib/python3.7/site-packages/airflow/example_dags/example_xcomargs.py for tasks to queue
[2022-02-24 03:29:50,094] {logging_mixin.py:109} INFO - [2022-02-24 03:29:50,093] {dagbag.py:500} INFO - Filling up the DagBag from /home/airflow/.local/lib/python3.7/site-packages/airflow/example_dags/example_xcomargs.py
[2022-02-24 03:29:50,207] {processor.py:654} INFO - DAG(s) dict_keys(['example_xcom_args', 'example_xcom_args_with_operators']) retrieved from /home/airflow/.local/lib/python3.7/site-packages/airflow/example_dags/example_xcomargs.py
[2022-02-24 03:29:51,547] {logging_mixin.py:109} INFO - [2022-02-24 03:29:51,547] {dag.py:2396} INFO - Sync 2 DAGs
[2022-02-24 03:29:51,628] {logging_mixin.py:109} INFO - [2022-02-24 03:29:51,628] {dag.py:2935} INFO - Setting next_dagrun for example_xcom_args to None
[2022-02-24 03:29:51,634] {logging_mixin.py:109} INFO - [2022-02-24 03:29:51,633] {dag.py:2935} INFO - Setting next_dagrun for example_xcom_args_with_operators to None
[2022-02-24 03:29:51,686] {processor.py:171} INFO - Processing /home/airflow/.local/lib/python3.7/site-packages/airflow/example_dags/example_xcomargs.py took 1.607 seconds
[2022-02-24 03:30:21,993] {processor.py:163} INFO - Started process (PID=305) to work on /home/airflow/.local/lib/python3.7/site-packages/airflow/example_dags/example_xcomargs.py
[2022-02-24 03:30:21,998] {processor.py:642} INFO - Processing file /home/airflow/.local/lib/python3.7/site-packages/airflow/example_dags/example_xcomargs.py for tasks to queue
[2022-02-24 03:30:22,001] {logging_mixin.py:109} INFO - [2022-02-24 03:30:22,000] {dagbag.py:500} INFO - Filling up the DagBag from /home/airflow/.local/lib/python3.7/site-packages/airflow/example_dags/example_xcomargs.py
[2022-02-24 03:30:22,114] {processor.py:654} INFO - DAG(s) dict_keys(['example_xcom_args', 'example_xcom_args_with_operators']) retrieved from /home/airflow/.local/lib/python3.7/site-packages/airflow/example_dags/example_xcomargs.py
[2022-02-24 03:30:23,286] {logging_mixin.py:109} INFO - [2022-02-24 03:30:23,286] {dag.py:2396} INFO - Sync 2 DAGs
[2022-02-24 03:30:23,351] {logging_mixin.py:109} INFO - [2022-02-24 03:30:23,350] {dag.py:2935} INFO - Setting next_dagrun for example_xcom_args to None
[2022-02-24 03:30:23,355] {logging_mixin.py:109} INFO - [2022-02-24 03:30:23,354] {dag.py:2935} INFO - Setting next_dagrun for example_xcom_args_with_operators to None
[2022-02-24 03:30:23,401] {processor.py:171} INFO - Processing /home/airflow/.local/lib/python3.7/site-packages/airflow/example_dags/example_xcomargs.py took 1.415 seconds
[2022-02-24 03:30:54,332] {processor.py:163} INFO - Started process (PID=398) to work on /home/airflow/.local/lib/python3.7/site-packages/airflow/example_dags/example_xcomargs.py
[2022-02-24 03:30:54,336] {processor.py:642} INFO - Processing file /home/airflow/.local/lib/python3.7/site-packages/airflow/example_dags/example_xcomargs.py for tasks to queue
[2022-02-24 03:30:54,338] {logging_mixin.py:109} INFO - [2022-02-24 03:30:54,338] {dagbag.py:500} INFO - Filling up the DagBag from /home/airflow/.local/lib/python3.7/site-packages/airflow/example_dags/example_xcomargs.py
[2022-02-24 03:30:54,419] {processor.py:654} INFO - DAG(s) dict_keys(['example_xcom_args', 'example_xcom_args_with_operators']) retrieved from /home/airflow/.local/lib/python3.7/site-packages/airflow/example_dags/example_xcomargs.py
[2022-02-24 03:30:55,359] {logging_mixin.py:109} INFO - [2022-02-24 03:30:55,359] {dag.py:2396} INFO - Sync 2 DAGs
[2022-02-24 03:30:55,412] {logging_mixin.py:109} INFO - [2022-02-24 03:30:55,412] {dag.py:2935} INFO - Setting next_dagrun for example_xcom_args to None
[2022-02-24 03:30:55,415] {logging_mixin.py:109} INFO - [2022-02-24 03:30:55,415] {dag.py:2935} INFO - Setting next_dagrun for example_xcom_args_with_operators to None
[2022-02-24 03:30:55,446] {processor.py:171} INFO - Processing /home/airflow/.local/lib/python3.7/site-packages/airflow/example_dags/example_xcomargs.py took 1.120 seconds
[2022-02-24 03:31:26,025] {processor.py:163} INFO - Started process (PID=501) to work on /home/airflow/.local/lib/python3.7/site-packages/airflow/example_dags/example_xcomargs.py
[2022-02-24 03:31:26,030] {processor.py:642} INFO - Processing file /home/airflow/.local/lib/python3.7/site-packages/airflow/example_dags/example_xcomargs.py for tasks to queue
[2022-02-24 03:31:26,037] {logging_mixin.py:109} INFO - [2022-02-24 03:31:26,037] {dagbag.py:500} INFO - Filling up the DagBag from /home/airflow/.local/lib/python3.7/site-packages/airflow/example_dags/example_xcomargs.py
[2022-02-24 03:31:26,168] {processor.py:654} INFO - DAG(s) dict_keys(['example_xcom_args', 'example_xcom_args_with_operators']) retrieved from /home/airflow/.local/lib/python3.7/site-packages/airflow/example_dags/example_xcomargs.py
[2022-02-24 03:31:27,452] {logging_mixin.py:109} INFO - [2022-02-24 03:31:27,452] {dag.py:2396} INFO - Sync 2 DAGs
[2022-02-24 03:31:27,517] {logging_mixin.py:109} INFO - [2022-02-24 03:31:27,517] {dag.py:2935} INFO - Setting next_dagrun for example_xcom_args to None
[2022-02-24 03:31:27,520] {logging_mixin.py:109} INFO - [2022-02-24 03:31:27,519] {dag.py:2935} INFO - Setting next_dagrun for example_xcom_args_with_operators to None
[2022-02-24 03:31:27,558] {processor.py:171} INFO - Processing /home/airflow/.local/lib/python3.7/site-packages/airflow/example_dags/example_xcomargs.py took 1.540 seconds
[2022-02-24 03:31:57,829] {processor.py:163} INFO - Started process (PID=602) to work on /home/airflow/.local/lib/python3.7/site-packages/airflow/example_dags/example_xcomargs.py
[2022-02-24 03:31:57,835] {processor.py:642} INFO - Processing file /home/airflow/.local/lib/python3.7/site-packages/airflow/example_dags/example_xcomargs.py for tasks to queue
[2022-02-24 03:31:57,838] {logging_mixin.py:109} INFO - [2022-02-24 03:31:57,837] {dagbag.py:500} INFO - Filling up the DagBag from /home/airflow/.local/lib/python3.7/site-packages/airflow/example_dags/example_xcomargs.py
[2022-02-24 03:31:57,944] {processor.py:654} INFO - DAG(s) dict_keys(['example_xcom_args', 'example_xcom_args_with_operators']) retrieved from /home/airflow/.local/lib/python3.7/site-packages/airflow/example_dags/example_xcomargs.py
[2022-02-24 03:31:59,101] {logging_mixin.py:109} INFO - [2022-02-24 03:31:59,100] {dag.py:2396} INFO - Sync 2 DAGs
[2022-02-24 03:31:59,163] {logging_mixin.py:109} INFO - [2022-02-24 03:31:59,162] {dag.py:2935} INFO - Setting next_dagrun for example_xcom_args to None
[2022-02-24 03:31:59,166] {logging_mixin.py:109} INFO - [2022-02-24 03:31:59,165] {dag.py:2935} INFO - Setting next_dagrun for example_xcom_args_with_operators to None
[2022-02-24 03:31:59,202] {processor.py:171} INFO - Processing /home/airflow/.local/lib/python3.7/site-packages/airflow/example_dags/example_xcomargs.py took 1.381 seconds
[2022-02-24 03:32:29,651] {processor.py:163} INFO - Started process (PID=694) to work on /home/airflow/.local/lib/python3.7/site-packages/airflow/example_dags/example_xcomargs.py
[2022-02-24 03:32:29,656] {processor.py:642} INFO - Processing file /home/airflow/.local/lib/python3.7/site-packages/airflow/example_dags/example_xcomargs.py for tasks to queue
[2022-02-24 03:32:29,660] {logging_mixin.py:109} INFO - [2022-02-24 03:32:29,659] {dagbag.py:500} INFO - Filling up the DagBag from /home/airflow/.local/lib/python3.7/site-packages/airflow/example_dags/example_xcomargs.py
[2022-02-24 03:32:29,771] {processor.py:654} INFO - DAG(s) dict_keys(['example_xcom_args', 'example_xcom_args_with_operators']) retrieved from /home/airflow/.local/lib/python3.7/site-packages/airflow/example_dags/example_xcomargs.py
[2022-02-24 03:32:31,112] {logging_mixin.py:109} INFO - [2022-02-24 03:32:31,112] {dag.py:2396} INFO - Sync 2 DAGs
[2022-02-24 03:32:31,180] {logging_mixin.py:109} INFO - [2022-02-24 03:32:31,180] {dag.py:2935} INFO - Setting next_dagrun for example_xcom_args to None
[2022-02-24 03:32:31,183] {logging_mixin.py:109} INFO - [2022-02-24 03:32:31,183] {dag.py:2935} INFO - Setting next_dagrun for example_xcom_args_with_operators to None
[2022-02-24 03:32:31,225] {processor.py:171} INFO - Processing /home/airflow/.local/lib/python3.7/site-packages/airflow/example_dags/example_xcomargs.py took 1.582 seconds
[2022-02-24 03:33:01,539] {processor.py:163} INFO - Started process (PID=801) to work on /home/airflow/.local/lib/python3.7/site-packages/airflow/example_dags/example_xcomargs.py
[2022-02-24 03:33:01,544] {processor.py:642} INFO - Processing file /home/airflow/.local/lib/python3.7/site-packages/airflow/example_dags/example_xcomargs.py for tasks to queue
[2022-02-24 03:33:01,547] {logging_mixin.py:109} INFO - [2022-02-24 03:33:01,547] {dagbag.py:500} INFO - Filling up the DagBag from /home/airflow/.local/lib/python3.7/site-packages/airflow/example_dags/example_xcomargs.py
[2022-02-24 03:33:01,668] {processor.py:654} INFO - DAG(s) dict_keys(['example_xcom_args', 'example_xcom_args_with_operators']) retrieved from /home/airflow/.local/lib/python3.7/site-packages/airflow/example_dags/example_xcomargs.py
[2022-02-24 03:33:02,948] {logging_mixin.py:109} INFO - [2022-02-24 03:33:02,948] {dag.py:2396} INFO - Sync 2 DAGs
[2022-02-24 03:33:03,017] {logging_mixin.py:109} INFO - [2022-02-24 03:33:03,016] {dag.py:2935} INFO - Setting next_dagrun for example_xcom_args to None
[2022-02-24 03:33:03,020] {logging_mixin.py:109} INFO - [2022-02-24 03:33:03,019] {dag.py:2935} INFO - Setting next_dagrun for example_xcom_args_with_operators to None
[2022-02-24 03:33:03,066] {processor.py:171} INFO - Processing /home/airflow/.local/lib/python3.7/site-packages/airflow/example_dags/example_xcomargs.py took 1.535 seconds
[2022-02-24 03:33:33,118] {processor.py:163} INFO - Started process (PID=889) to work on /home/airflow/.local/lib/python3.7/site-packages/airflow/example_dags/example_xcomargs.py
[2022-02-24 03:33:33,123] {processor.py:642} INFO - Processing file /home/airflow/.local/lib/python3.7/site-packages/airflow/example_dags/example_xcomargs.py for tasks to queue
[2022-02-24 03:33:33,126] {logging_mixin.py:109} INFO - [2022-02-24 03:33:33,126] {dagbag.py:500} INFO - Filling up the DagBag from /home/airflow/.local/lib/python3.7/site-packages/airflow/example_dags/example_xcomargs.py
[2022-02-24 03:33:33,227] {processor.py:654} INFO - DAG(s) dict_keys(['example_xcom_args', 'example_xcom_args_with_operators']) retrieved from /home/airflow/.local/lib/python3.7/site-packages/airflow/example_dags/example_xcomargs.py
[2022-02-24 03:33:33,282] {logging_mixin.py:109} INFO - [2022-02-24 03:33:33,282] {dag.py:2396} INFO - Sync 2 DAGs
[2022-02-24 03:33:33,338] {logging_mixin.py:109} INFO - [2022-02-24 03:33:33,338] {dag.py:2935} INFO - Setting next_dagrun for example_xcom_args to None
[2022-02-24 03:33:33,341] {logging_mixin.py:109} INFO - [2022-02-24 03:33:33,340] {dag.py:2935} INFO - Setting next_dagrun for example_xcom_args_with_operators to None
[2022-02-24 03:33:33,366] {processor.py:171} INFO - Processing /home/airflow/.local/lib/python3.7/site-packages/airflow/example_dags/example_xcomargs.py took 0.255 seconds
[2022-02-24 03:34:03,468] {processor.py:163} INFO - Started process (PID=996) to work on /home/airflow/.local/lib/python3.7/site-packages/airflow/example_dags/example_xcomargs.py
[2022-02-24 03:34:03,474] {processor.py:642} INFO - Processing file /home/airflow/.local/lib/python3.7/site-packages/airflow/example_dags/example_xcomargs.py for tasks to queue
[2022-02-24 03:34:03,479] {logging_mixin.py:109} INFO - [2022-02-24 03:34:03,478] {dagbag.py:500} INFO - Filling up the DagBag from /home/airflow/.local/lib/python3.7/site-packages/airflow/example_dags/example_xcomargs.py
[2022-02-24 03:34:03,592] {processor.py:654} INFO - DAG(s) dict_keys(['example_xcom_args', 'example_xcom_args_with_operators']) retrieved from /home/airflow/.local/lib/python3.7/site-packages/airflow/example_dags/example_xcomargs.py
[2022-02-24 03:34:04,865] {logging_mixin.py:109} INFO - [2022-02-24 03:34:04,864] {dag.py:2396} INFO - Sync 2 DAGs
[2022-02-24 03:34:04,928] {logging_mixin.py:109} INFO - [2022-02-24 03:34:04,928] {dag.py:2935} INFO - Setting next_dagrun for example_xcom_args to None
[2022-02-24 03:34:04,932] {logging_mixin.py:109} INFO - [2022-02-24 03:34:04,932] {dag.py:2935} INFO - Setting next_dagrun for example_xcom_args_with_operators to None
[2022-02-24 03:34:04,971] {processor.py:171} INFO - Processing /home/airflow/.local/lib/python3.7/site-packages/airflow/example_dags/example_xcomargs.py took 1.510 seconds
[2022-02-24 03:34:35,557] {processor.py:163} INFO - Started process (PID=1089) to work on /home/airflow/.local/lib/python3.7/site-packages/airflow/example_dags/example_xcomargs.py
[2022-02-24 03:34:35,562] {processor.py:642} INFO - Processing file /home/airflow/.local/lib/python3.7/site-packages/airflow/example_dags/example_xcomargs.py for tasks to queue
[2022-02-24 03:34:35,564] {logging_mixin.py:109} INFO - [2022-02-24 03:34:35,564] {dagbag.py:500} INFO - Filling up the DagBag from /home/airflow/.local/lib/python3.7/site-packages/airflow/example_dags/example_xcomargs.py
[2022-02-24 03:34:35,656] {processor.py:654} INFO - DAG(s) dict_keys(['example_xcom_args', 'example_xcom_args_with_operators']) retrieved from /home/airflow/.local/lib/python3.7/site-packages/airflow/example_dags/example_xcomargs.py
[2022-02-24 03:34:36,621] {logging_mixin.py:109} INFO - [2022-02-24 03:34:36,620] {dag.py:2396} INFO - Sync 2 DAGs
[2022-02-24 03:34:36,682] {logging_mixin.py:109} INFO - [2022-02-24 03:34:36,681] {dag.py:2935} INFO - Setting next_dagrun for example_xcom_args to None
[2022-02-24 03:34:36,684] {logging_mixin.py:109} INFO - [2022-02-24 03:34:36,684] {dag.py:2935} INFO - Setting next_dagrun for example_xcom_args_with_operators to None
[2022-02-24 03:34:36,723] {processor.py:171} INFO - Processing /home/airflow/.local/lib/python3.7/site-packages/airflow/example_dags/example_xcomargs.py took 1.174 seconds
[2022-02-24 03:35:07,376] {processor.py:163} INFO - Started process (PID=1196) to work on /home/airflow/.local/lib/python3.7/site-packages/airflow/example_dags/example_xcomargs.py
[2022-02-24 03:35:07,380] {processor.py:642} INFO - Processing file /home/airflow/.local/lib/python3.7/site-packages/airflow/example_dags/example_xcomargs.py for tasks to queue
[2022-02-24 03:35:07,383] {logging_mixin.py:109} INFO - [2022-02-24 03:35:07,383] {dagbag.py:500} INFO - Filling up the DagBag from /home/airflow/.local/lib/python3.7/site-packages/airflow/example_dags/example_xcomargs.py
[2022-02-24 03:35:07,490] {processor.py:654} INFO - DAG(s) dict_keys(['example_xcom_args', 'example_xcom_args_with_operators']) retrieved from /home/airflow/.local/lib/python3.7/site-packages/airflow/example_dags/example_xcomargs.py
[2022-02-24 03:35:08,627] {logging_mixin.py:109} INFO - [2022-02-24 03:35:08,626] {dag.py:2396} INFO - Sync 2 DAGs
[2022-02-24 03:35:08,691] {logging_mixin.py:109} INFO - [2022-02-24 03:35:08,690] {dag.py:2935} INFO - Setting next_dagrun for example_xcom_args to None
[2022-02-24 03:35:08,694] {logging_mixin.py:109} INFO - [2022-02-24 03:35:08,694] {dag.py:2935} INFO - Setting next_dagrun for example_xcom_args_with_operators to None
[2022-02-24 03:35:08,734] {processor.py:171} INFO - Processing /home/airflow/.local/lib/python3.7/site-packages/airflow/example_dags/example_xcomargs.py took 1.367 seconds
[2022-02-24 03:35:38,867] {processor.py:163} INFO - Started process (PID=1301) to work on /home/airflow/.local/lib/python3.7/site-packages/airflow/example_dags/example_xcomargs.py
[2022-02-24 03:35:38,873] {processor.py:642} INFO - Processing file /home/airflow/.local/lib/python3.7/site-packages/airflow/example_dags/example_xcomargs.py for tasks to queue
[2022-02-24 03:35:38,877] {logging_mixin.py:109} INFO - [2022-02-24 03:35:38,876] {dagbag.py:500} INFO - Filling up the DagBag from /home/airflow/.local/lib/python3.7/site-packages/airflow/example_dags/example_xcomargs.py
[2022-02-24 03:35:38,977] {processor.py:654} INFO - DAG(s) dict_keys(['example_xcom_args', 'example_xcom_args_with_operators']) retrieved from /home/airflow/.local/lib/python3.7/site-packages/airflow/example_dags/example_xcomargs.py
[2022-02-24 03:35:40,111] {logging_mixin.py:109} INFO - [2022-02-24 03:35:40,111] {dag.py:2396} INFO - Sync 2 DAGs
[2022-02-24 03:35:40,168] {logging_mixin.py:109} INFO - [2022-02-24 03:35:40,168] {dag.py:2935} INFO - Setting next_dagrun for example_xcom_args to None
[2022-02-24 03:35:40,172] {logging_mixin.py:109} INFO - [2022-02-24 03:35:40,171] {dag.py:2935} INFO - Setting next_dagrun for example_xcom_args_with_operators to None
[2022-02-24 03:35:40,208] {processor.py:171} INFO - Processing /home/airflow/.local/lib/python3.7/site-packages/airflow/example_dags/example_xcomargs.py took 1.349 seconds
[2022-02-24 03:36:10,371] {processor.py:163} INFO - Started process (PID=1389) to work on /home/airflow/.local/lib/python3.7/site-packages/airflow/example_dags/example_xcomargs.py
[2022-02-24 03:36:10,381] {processor.py:642} INFO - Processing file /home/airflow/.local/lib/python3.7/site-packages/airflow/example_dags/example_xcomargs.py for tasks to queue
[2022-02-24 03:36:10,386] {logging_mixin.py:109} INFO - [2022-02-24 03:36:10,386] {dagbag.py:500} INFO - Filling up the DagBag from /home/airflow/.local/lib/python3.7/site-packages/airflow/example_dags/example_xcomargs.py
[2022-02-24 03:36:10,507] {processor.py:654} INFO - DAG(s) dict_keys(['example_xcom_args', 'example_xcom_args_with_operators']) retrieved from /home/airflow/.local/lib/python3.7/site-packages/airflow/example_dags/example_xcomargs.py
[2022-02-24 03:36:11,754] {logging_mixin.py:109} INFO - [2022-02-24 03:36:11,753] {dag.py:2396} INFO - Sync 2 DAGs
[2022-02-24 03:36:11,821] {logging_mixin.py:109} INFO - [2022-02-24 03:36:11,821] {dag.py:2935} INFO - Setting next_dagrun for example_xcom_args to None
[2022-02-24 03:36:11,824] {logging_mixin.py:109} INFO - [2022-02-24 03:36:11,823] {dag.py:2935} INFO - Setting next_dagrun for example_xcom_args_with_operators to None
[2022-02-24 03:36:11,859] {processor.py:171} INFO - Processing /home/airflow/.local/lib/python3.7/site-packages/airflow/example_dags/example_xcomargs.py took 1.496 seconds
[2022-02-24 03:36:42,349] {processor.py:163} INFO - Started process (PID=1493) to work on /home/airflow/.local/lib/python3.7/site-packages/airflow/example_dags/example_xcomargs.py
[2022-02-24 03:36:42,354] {processor.py:642} INFO - Processing file /home/airflow/.local/lib/python3.7/site-packages/airflow/example_dags/example_xcomargs.py for tasks to queue
[2022-02-24 03:36:42,357] {logging_mixin.py:109} INFO - [2022-02-24 03:36:42,356] {dagbag.py:500} INFO - Filling up the DagBag from /home/airflow/.local/lib/python3.7/site-packages/airflow/example_dags/example_xcomargs.py
[2022-02-24 03:36:42,468] {processor.py:654} INFO - DAG(s) dict_keys(['example_xcom_args', 'example_xcom_args_with_operators']) retrieved from /home/airflow/.local/lib/python3.7/site-packages/airflow/example_dags/example_xcomargs.py
[2022-02-24 03:36:43,563] {logging_mixin.py:109} INFO - [2022-02-24 03:36:43,563] {dag.py:2396} INFO - Sync 2 DAGs
[2022-02-24 03:36:43,630] {logging_mixin.py:109} INFO - [2022-02-24 03:36:43,629] {dag.py:2935} INFO - Setting next_dagrun for example_xcom_args to None
[2022-02-24 03:36:43,633] {logging_mixin.py:109} INFO - [2022-02-24 03:36:43,632] {dag.py:2935} INFO - Setting next_dagrun for example_xcom_args_with_operators to None
[2022-02-24 03:36:43,670] {processor.py:171} INFO - Processing /home/airflow/.local/lib/python3.7/site-packages/airflow/example_dags/example_xcomargs.py took 1.328 seconds
[2022-02-24 03:37:13,937] {processor.py:163} INFO - Started process (PID=1580) to work on /home/airflow/.local/lib/python3.7/site-packages/airflow/example_dags/example_xcomargs.py
[2022-02-24 03:37:13,941] {processor.py:642} INFO - Processing file /home/airflow/.local/lib/python3.7/site-packages/airflow/example_dags/example_xcomargs.py for tasks to queue
[2022-02-24 03:37:13,943] {logging_mixin.py:109} INFO - [2022-02-24 03:37:13,943] {dagbag.py:500} INFO - Filling up the DagBag from /home/airflow/.local/lib/python3.7/site-packages/airflow/example_dags/example_xcomargs.py
[2022-02-24 03:37:14,026] {processor.py:654} INFO - DAG(s) dict_keys(['example_xcom_args', 'example_xcom_args_with_operators']) retrieved from /home/airflow/.local/lib/python3.7/site-packages/airflow/example_dags/example_xcomargs.py
[2022-02-24 03:37:14,868] {logging_mixin.py:109} INFO - [2022-02-24 03:37:14,867] {dag.py:2396} INFO - Sync 2 DAGs
[2022-02-24 03:37:14,918] {logging_mixin.py:109} INFO - [2022-02-24 03:37:14,918] {dag.py:2935} INFO - Setting next_dagrun for example_xcom_args to None
[2022-02-24 03:37:14,921] {logging_mixin.py:109} INFO - [2022-02-24 03:37:14,920] {dag.py:2935} INFO - Setting next_dagrun for example_xcom_args_with_operators to None
[2022-02-24 03:37:14,963] {processor.py:171} INFO - Processing /home/airflow/.local/lib/python3.7/site-packages/airflow/example_dags/example_xcomargs.py took 1.033 seconds
[2022-02-24 03:37:45,559] {processor.py:163} INFO - Started process (PID=1694) to work on /home/airflow/.local/lib/python3.7/site-packages/airflow/example_dags/example_xcomargs.py
[2022-02-24 03:37:45,564] {processor.py:642} INFO - Processing file /home/airflow/.local/lib/python3.7/site-packages/airflow/example_dags/example_xcomargs.py for tasks to queue
[2022-02-24 03:37:45,568] {logging_mixin.py:109} INFO - [2022-02-24 03:37:45,568] {dagbag.py:500} INFO - Filling up the DagBag from /home/airflow/.local/lib/python3.7/site-packages/airflow/example_dags/example_xcomargs.py
[2022-02-24 03:37:45,678] {processor.py:654} INFO - DAG(s) dict_keys(['example_xcom_args', 'example_xcom_args_with_operators']) retrieved from /home/airflow/.local/lib/python3.7/site-packages/airflow/example_dags/example_xcomargs.py
[2022-02-24 03:37:46,762] {logging_mixin.py:109} INFO - [2022-02-24 03:37:46,761] {dag.py:2396} INFO - Sync 2 DAGs
[2022-02-24 03:37:46,821] {logging_mixin.py:109} INFO - [2022-02-24 03:37:46,821] {dag.py:2935} INFO - Setting next_dagrun for example_xcom_args to None
[2022-02-24 03:37:46,824] {logging_mixin.py:109} INFO - [2022-02-24 03:37:46,824] {dag.py:2935} INFO - Setting next_dagrun for example_xcom_args_with_operators to None
[2022-02-24 03:37:46,859] {processor.py:171} INFO - Processing /home/airflow/.local/lib/python3.7/site-packages/airflow/example_dags/example_xcomargs.py took 1.307 seconds
