[2022-02-24 03:29:35,862] {processor.py:163} INFO - Started process (PID=130) to work on /home/airflow/.local/lib/python3.7/site-packages/airflow/example_dags/example_nested_branch_dag.py
[2022-02-24 03:29:35,872] {processor.py:642} INFO - Processing file /home/airflow/.local/lib/python3.7/site-packages/airflow/example_dags/example_nested_branch_dag.py for tasks to queue
[2022-02-24 03:29:35,875] {logging_mixin.py:109} INFO - [2022-02-24 03:29:35,875] {dagbag.py:500} INFO - Filling up the DagBag from /home/airflow/.local/lib/python3.7/site-packages/airflow/example_dags/example_nested_branch_dag.py
[2022-02-24 03:29:36,027] {processor.py:654} INFO - DAG(s) dict_keys(['example_nested_branch_dag']) retrieved from /home/airflow/.local/lib/python3.7/site-packages/airflow/example_dags/example_nested_branch_dag.py
[2022-02-24 03:29:36,109] {logging_mixin.py:109} INFO - [2022-02-24 03:29:36,108] {dag.py:2396} INFO - Sync 1 DAGs
[2022-02-24 03:29:36,345] {logging_mixin.py:109} INFO - [2022-02-24 03:29:36,345] {dag.py:2935} INFO - Setting next_dagrun for example_nested_branch_dag to 2022-02-23 00:00:00+00:00
[2022-02-24 03:29:36,426] {processor.py:171} INFO - Processing /home/airflow/.local/lib/python3.7/site-packages/airflow/example_dags/example_nested_branch_dag.py took 0.576 seconds
[2022-02-24 03:30:06,496] {processor.py:163} INFO - Started process (PID=232) to work on /home/airflow/.local/lib/python3.7/site-packages/airflow/example_dags/example_nested_branch_dag.py
[2022-02-24 03:30:06,502] {processor.py:642} INFO - Processing file /home/airflow/.local/lib/python3.7/site-packages/airflow/example_dags/example_nested_branch_dag.py for tasks to queue
[2022-02-24 03:30:06,505] {logging_mixin.py:109} INFO - [2022-02-24 03:30:06,505] {dagbag.py:500} INFO - Filling up the DagBag from /home/airflow/.local/lib/python3.7/site-packages/airflow/example_dags/example_nested_branch_dag.py
[2022-02-24 03:30:06,593] {processor.py:654} INFO - DAG(s) dict_keys(['example_nested_branch_dag']) retrieved from /home/airflow/.local/lib/python3.7/site-packages/airflow/example_dags/example_nested_branch_dag.py
[2022-02-24 03:30:06,639] {logging_mixin.py:109} INFO - [2022-02-24 03:30:06,639] {dag.py:2396} INFO - Sync 1 DAGs
[2022-02-24 03:30:06,712] {logging_mixin.py:109} INFO - [2022-02-24 03:30:06,711] {dag.py:2935} INFO - Setting next_dagrun for example_nested_branch_dag to 2022-02-23 00:00:00+00:00
[2022-02-24 03:30:06,738] {processor.py:171} INFO - Processing /home/airflow/.local/lib/python3.7/site-packages/airflow/example_dags/example_nested_branch_dag.py took 0.249 seconds
[2022-02-24 03:30:37,137] {processor.py:163} INFO - Started process (PID=330) to work on /home/airflow/.local/lib/python3.7/site-packages/airflow/example_dags/example_nested_branch_dag.py
[2022-02-24 03:30:37,152] {processor.py:642} INFO - Processing file /home/airflow/.local/lib/python3.7/site-packages/airflow/example_dags/example_nested_branch_dag.py for tasks to queue
[2022-02-24 03:30:37,156] {logging_mixin.py:109} INFO - [2022-02-24 03:30:37,155] {dagbag.py:500} INFO - Filling up the DagBag from /home/airflow/.local/lib/python3.7/site-packages/airflow/example_dags/example_nested_branch_dag.py
[2022-02-24 03:30:37,254] {processor.py:654} INFO - DAG(s) dict_keys(['example_nested_branch_dag']) retrieved from /home/airflow/.local/lib/python3.7/site-packages/airflow/example_dags/example_nested_branch_dag.py
[2022-02-24 03:30:37,304] {logging_mixin.py:109} INFO - [2022-02-24 03:30:37,304] {dag.py:2396} INFO - Sync 1 DAGs
[2022-02-24 03:30:37,378] {logging_mixin.py:109} INFO - [2022-02-24 03:30:37,378] {dag.py:2935} INFO - Setting next_dagrun for example_nested_branch_dag to 2022-02-23 00:00:00+00:00
[2022-02-24 03:30:37,409] {processor.py:171} INFO - Processing /home/airflow/.local/lib/python3.7/site-packages/airflow/example_dags/example_nested_branch_dag.py took 0.280 seconds
[2022-02-24 03:31:07,785] {processor.py:163} INFO - Started process (PID=420) to work on /home/airflow/.local/lib/python3.7/site-packages/airflow/example_dags/example_nested_branch_dag.py
[2022-02-24 03:31:07,791] {processor.py:642} INFO - Processing file /home/airflow/.local/lib/python3.7/site-packages/airflow/example_dags/example_nested_branch_dag.py for tasks to queue
[2022-02-24 03:31:07,797] {logging_mixin.py:109} INFO - [2022-02-24 03:31:07,796] {dagbag.py:500} INFO - Filling up the DagBag from /home/airflow/.local/lib/python3.7/site-packages/airflow/example_dags/example_nested_branch_dag.py
[2022-02-24 03:31:07,902] {processor.py:654} INFO - DAG(s) dict_keys(['example_nested_branch_dag']) retrieved from /home/airflow/.local/lib/python3.7/site-packages/airflow/example_dags/example_nested_branch_dag.py
[2022-02-24 03:31:07,951] {logging_mixin.py:109} INFO - [2022-02-24 03:31:07,950] {dag.py:2396} INFO - Sync 1 DAGs
[2022-02-24 03:31:08,036] {logging_mixin.py:109} INFO - [2022-02-24 03:31:08,035] {dag.py:2935} INFO - Setting next_dagrun for example_nested_branch_dag to 2022-02-23 00:00:00+00:00
[2022-02-24 03:31:08,069] {processor.py:171} INFO - Processing /home/airflow/.local/lib/python3.7/site-packages/airflow/example_dags/example_nested_branch_dag.py took 0.290 seconds
[2022-02-24 03:31:38,476] {processor.py:163} INFO - Started process (PID=526) to work on /home/airflow/.local/lib/python3.7/site-packages/airflow/example_dags/example_nested_branch_dag.py
[2022-02-24 03:31:38,481] {processor.py:642} INFO - Processing file /home/airflow/.local/lib/python3.7/site-packages/airflow/example_dags/example_nested_branch_dag.py for tasks to queue
[2022-02-24 03:31:38,484] {logging_mixin.py:109} INFO - [2022-02-24 03:31:38,483] {dagbag.py:500} INFO - Filling up the DagBag from /home/airflow/.local/lib/python3.7/site-packages/airflow/example_dags/example_nested_branch_dag.py
[2022-02-24 03:31:38,577] {processor.py:654} INFO - DAG(s) dict_keys(['example_nested_branch_dag']) retrieved from /home/airflow/.local/lib/python3.7/site-packages/airflow/example_dags/example_nested_branch_dag.py
[2022-02-24 03:31:38,626] {logging_mixin.py:109} INFO - [2022-02-24 03:31:38,625] {dag.py:2396} INFO - Sync 1 DAGs
[2022-02-24 03:31:38,712] {logging_mixin.py:109} INFO - [2022-02-24 03:31:38,711] {dag.py:2935} INFO - Setting next_dagrun for example_nested_branch_dag to 2022-02-23 00:00:00+00:00
[2022-02-24 03:31:38,743] {processor.py:171} INFO - Processing /home/airflow/.local/lib/python3.7/site-packages/airflow/example_dags/example_nested_branch_dag.py took 0.274 seconds
[2022-02-24 03:32:09,519] {processor.py:163} INFO - Started process (PID=616) to work on /home/airflow/.local/lib/python3.7/site-packages/airflow/example_dags/example_nested_branch_dag.py
[2022-02-24 03:32:09,524] {processor.py:642} INFO - Processing file /home/airflow/.local/lib/python3.7/site-packages/airflow/example_dags/example_nested_branch_dag.py for tasks to queue
[2022-02-24 03:32:09,528] {logging_mixin.py:109} INFO - [2022-02-24 03:32:09,528] {dagbag.py:500} INFO - Filling up the DagBag from /home/airflow/.local/lib/python3.7/site-packages/airflow/example_dags/example_nested_branch_dag.py
[2022-02-24 03:32:09,623] {processor.py:654} INFO - DAG(s) dict_keys(['example_nested_branch_dag']) retrieved from /home/airflow/.local/lib/python3.7/site-packages/airflow/example_dags/example_nested_branch_dag.py
[2022-02-24 03:32:09,674] {logging_mixin.py:109} INFO - [2022-02-24 03:32:09,673] {dag.py:2396} INFO - Sync 1 DAGs
[2022-02-24 03:32:09,749] {logging_mixin.py:109} INFO - [2022-02-24 03:32:09,748] {dag.py:2935} INFO - Setting next_dagrun for example_nested_branch_dag to 2022-02-23 00:00:00+00:00
[2022-02-24 03:32:09,778] {processor.py:171} INFO - Processing /home/airflow/.local/lib/python3.7/site-packages/airflow/example_dags/example_nested_branch_dag.py took 0.266 seconds
[2022-02-24 03:32:40,402] {processor.py:163} INFO - Started process (PID=716) to work on /home/airflow/.local/lib/python3.7/site-packages/airflow/example_dags/example_nested_branch_dag.py
[2022-02-24 03:32:40,407] {processor.py:642} INFO - Processing file /home/airflow/.local/lib/python3.7/site-packages/airflow/example_dags/example_nested_branch_dag.py for tasks to queue
[2022-02-24 03:32:40,410] {logging_mixin.py:109} INFO - [2022-02-24 03:32:40,409] {dagbag.py:500} INFO - Filling up the DagBag from /home/airflow/.local/lib/python3.7/site-packages/airflow/example_dags/example_nested_branch_dag.py
[2022-02-24 03:32:40,510] {processor.py:654} INFO - DAG(s) dict_keys(['example_nested_branch_dag']) retrieved from /home/airflow/.local/lib/python3.7/site-packages/airflow/example_dags/example_nested_branch_dag.py
[2022-02-24 03:32:40,555] {logging_mixin.py:109} INFO - [2022-02-24 03:32:40,554] {dag.py:2396} INFO - Sync 1 DAGs
[2022-02-24 03:32:40,637] {logging_mixin.py:109} INFO - [2022-02-24 03:32:40,637] {dag.py:2935} INFO - Setting next_dagrun for example_nested_branch_dag to 2022-02-23 00:00:00+00:00
[2022-02-24 03:32:40,680] {processor.py:171} INFO - Processing /home/airflow/.local/lib/python3.7/site-packages/airflow/example_dags/example_nested_branch_dag.py took 0.288 seconds
[2022-02-24 03:33:10,884] {processor.py:163} INFO - Started process (PID=807) to work on /home/airflow/.local/lib/python3.7/site-packages/airflow/example_dags/example_nested_branch_dag.py
[2022-02-24 03:33:10,889] {processor.py:642} INFO - Processing file /home/airflow/.local/lib/python3.7/site-packages/airflow/example_dags/example_nested_branch_dag.py for tasks to queue
[2022-02-24 03:33:10,897] {logging_mixin.py:109} INFO - [2022-02-24 03:33:10,896] {dagbag.py:500} INFO - Filling up the DagBag from /home/airflow/.local/lib/python3.7/site-packages/airflow/example_dags/example_nested_branch_dag.py
[2022-02-24 03:33:10,984] {processor.py:654} INFO - DAG(s) dict_keys(['example_nested_branch_dag']) retrieved from /home/airflow/.local/lib/python3.7/site-packages/airflow/example_dags/example_nested_branch_dag.py
[2022-02-24 03:33:11,034] {logging_mixin.py:109} INFO - [2022-02-24 03:33:11,034] {dag.py:2396} INFO - Sync 1 DAGs
[2022-02-24 03:33:11,107] {logging_mixin.py:109} INFO - [2022-02-24 03:33:11,106] {dag.py:2935} INFO - Setting next_dagrun for example_nested_branch_dag to 2022-02-23 00:00:00+00:00
[2022-02-24 03:33:11,140] {processor.py:171} INFO - Processing /home/airflow/.local/lib/python3.7/site-packages/airflow/example_dags/example_nested_branch_dag.py took 0.265 seconds
[2022-02-24 03:33:42,047] {processor.py:163} INFO - Started process (PID=916) to work on /home/airflow/.local/lib/python3.7/site-packages/airflow/example_dags/example_nested_branch_dag.py
[2022-02-24 03:33:42,058] {processor.py:642} INFO - Processing file /home/airflow/.local/lib/python3.7/site-packages/airflow/example_dags/example_nested_branch_dag.py for tasks to queue
[2022-02-24 03:33:42,063] {logging_mixin.py:109} INFO - [2022-02-24 03:33:42,063] {dagbag.py:500} INFO - Filling up the DagBag from /home/airflow/.local/lib/python3.7/site-packages/airflow/example_dags/example_nested_branch_dag.py
[2022-02-24 03:33:42,162] {processor.py:654} INFO - DAG(s) dict_keys(['example_nested_branch_dag']) retrieved from /home/airflow/.local/lib/python3.7/site-packages/airflow/example_dags/example_nested_branch_dag.py
[2022-02-24 03:33:42,218] {logging_mixin.py:109} INFO - [2022-02-24 03:33:42,217] {dag.py:2396} INFO - Sync 1 DAGs
[2022-02-24 03:33:42,302] {logging_mixin.py:109} INFO - [2022-02-24 03:33:42,301] {dag.py:2935} INFO - Setting next_dagrun for example_nested_branch_dag to 2022-02-23 00:00:00+00:00
[2022-02-24 03:33:42,338] {processor.py:171} INFO - Processing /home/airflow/.local/lib/python3.7/site-packages/airflow/example_dags/example_nested_branch_dag.py took 0.298 seconds
[2022-02-24 03:34:13,135] {processor.py:163} INFO - Started process (PID=1004) to work on /home/airflow/.local/lib/python3.7/site-packages/airflow/example_dags/example_nested_branch_dag.py
[2022-02-24 03:34:13,139] {processor.py:642} INFO - Processing file /home/airflow/.local/lib/python3.7/site-packages/airflow/example_dags/example_nested_branch_dag.py for tasks to queue
[2022-02-24 03:34:13,141] {logging_mixin.py:109} INFO - [2022-02-24 03:34:13,141] {dagbag.py:500} INFO - Filling up the DagBag from /home/airflow/.local/lib/python3.7/site-packages/airflow/example_dags/example_nested_branch_dag.py
[2022-02-24 03:34:13,227] {processor.py:654} INFO - DAG(s) dict_keys(['example_nested_branch_dag']) retrieved from /home/airflow/.local/lib/python3.7/site-packages/airflow/example_dags/example_nested_branch_dag.py
[2022-02-24 03:34:13,268] {logging_mixin.py:109} INFO - [2022-02-24 03:34:13,268] {dag.py:2396} INFO - Sync 1 DAGs
[2022-02-24 03:34:13,336] {logging_mixin.py:109} INFO - [2022-02-24 03:34:13,335] {dag.py:2935} INFO - Setting next_dagrun for example_nested_branch_dag to 2022-02-23 00:00:00+00:00
[2022-02-24 03:34:13,362] {processor.py:171} INFO - Processing /home/airflow/.local/lib/python3.7/site-packages/airflow/example_dags/example_nested_branch_dag.py took 0.234 seconds
[2022-02-24 03:34:43,959] {processor.py:163} INFO - Started process (PID=1115) to work on /home/airflow/.local/lib/python3.7/site-packages/airflow/example_dags/example_nested_branch_dag.py
[2022-02-24 03:34:43,964] {processor.py:642} INFO - Processing file /home/airflow/.local/lib/python3.7/site-packages/airflow/example_dags/example_nested_branch_dag.py for tasks to queue
[2022-02-24 03:34:43,967] {logging_mixin.py:109} INFO - [2022-02-24 03:34:43,966] {dagbag.py:500} INFO - Filling up the DagBag from /home/airflow/.local/lib/python3.7/site-packages/airflow/example_dags/example_nested_branch_dag.py
[2022-02-24 03:34:44,059] {processor.py:654} INFO - DAG(s) dict_keys(['example_nested_branch_dag']) retrieved from /home/airflow/.local/lib/python3.7/site-packages/airflow/example_dags/example_nested_branch_dag.py
[2022-02-24 03:34:44,112] {logging_mixin.py:109} INFO - [2022-02-24 03:34:44,111] {dag.py:2396} INFO - Sync 1 DAGs
[2022-02-24 03:34:44,186] {logging_mixin.py:109} INFO - [2022-02-24 03:34:44,185] {dag.py:2935} INFO - Setting next_dagrun for example_nested_branch_dag to 2022-02-23 00:00:00+00:00
[2022-02-24 03:34:44,218] {processor.py:171} INFO - Processing /home/airflow/.local/lib/python3.7/site-packages/airflow/example_dags/example_nested_branch_dag.py took 0.267 seconds
[2022-02-24 03:35:15,041] {processor.py:163} INFO - Started process (PID=1204) to work on /home/airflow/.local/lib/python3.7/site-packages/airflow/example_dags/example_nested_branch_dag.py
[2022-02-24 03:35:15,044] {processor.py:642} INFO - Processing file /home/airflow/.local/lib/python3.7/site-packages/airflow/example_dags/example_nested_branch_dag.py for tasks to queue
[2022-02-24 03:35:15,047] {logging_mixin.py:109} INFO - [2022-02-24 03:35:15,047] {dagbag.py:500} INFO - Filling up the DagBag from /home/airflow/.local/lib/python3.7/site-packages/airflow/example_dags/example_nested_branch_dag.py
[2022-02-24 03:35:15,121] {processor.py:654} INFO - DAG(s) dict_keys(['example_nested_branch_dag']) retrieved from /home/airflow/.local/lib/python3.7/site-packages/airflow/example_dags/example_nested_branch_dag.py
[2022-02-24 03:35:15,164] {logging_mixin.py:109} INFO - [2022-02-24 03:35:15,163] {dag.py:2396} INFO - Sync 1 DAGs
[2022-02-24 03:35:15,228] {logging_mixin.py:109} INFO - [2022-02-24 03:35:15,228] {dag.py:2935} INFO - Setting next_dagrun for example_nested_branch_dag to 2022-02-23 00:00:00+00:00
[2022-02-24 03:35:15,259] {processor.py:171} INFO - Processing /home/airflow/.local/lib/python3.7/site-packages/airflow/example_dags/example_nested_branch_dag.py took 0.224 seconds
[2022-02-24 03:35:45,390] {processor.py:163} INFO - Started process (PID=1307) to work on /home/airflow/.local/lib/python3.7/site-packages/airflow/example_dags/example_nested_branch_dag.py
[2022-02-24 03:35:45,394] {processor.py:642} INFO - Processing file /home/airflow/.local/lib/python3.7/site-packages/airflow/example_dags/example_nested_branch_dag.py for tasks to queue
[2022-02-24 03:35:45,397] {logging_mixin.py:109} INFO - [2022-02-24 03:35:45,397] {dagbag.py:500} INFO - Filling up the DagBag from /home/airflow/.local/lib/python3.7/site-packages/airflow/example_dags/example_nested_branch_dag.py
[2022-02-24 03:35:45,481] {processor.py:654} INFO - DAG(s) dict_keys(['example_nested_branch_dag']) retrieved from /home/airflow/.local/lib/python3.7/site-packages/airflow/example_dags/example_nested_branch_dag.py
[2022-02-24 03:35:45,526] {logging_mixin.py:109} INFO - [2022-02-24 03:35:45,526] {dag.py:2396} INFO - Sync 1 DAGs
[2022-02-24 03:35:45,601] {logging_mixin.py:109} INFO - [2022-02-24 03:35:45,600] {dag.py:2935} INFO - Setting next_dagrun for example_nested_branch_dag to 2022-02-23 00:00:00+00:00
[2022-02-24 03:35:45,630] {processor.py:171} INFO - Processing /home/airflow/.local/lib/python3.7/site-packages/airflow/example_dags/example_nested_branch_dag.py took 0.247 seconds
[2022-02-24 03:36:15,987] {processor.py:163} INFO - Started process (PID=1393) to work on /home/airflow/.local/lib/python3.7/site-packages/airflow/example_dags/example_nested_branch_dag.py
[2022-02-24 03:36:15,992] {processor.py:642} INFO - Processing file /home/airflow/.local/lib/python3.7/site-packages/airflow/example_dags/example_nested_branch_dag.py for tasks to queue
[2022-02-24 03:36:15,995] {logging_mixin.py:109} INFO - [2022-02-24 03:36:15,994] {dagbag.py:500} INFO - Filling up the DagBag from /home/airflow/.local/lib/python3.7/site-packages/airflow/example_dags/example_nested_branch_dag.py
[2022-02-24 03:36:16,074] {processor.py:654} INFO - DAG(s) dict_keys(['example_nested_branch_dag']) retrieved from /home/airflow/.local/lib/python3.7/site-packages/airflow/example_dags/example_nested_branch_dag.py
[2022-02-24 03:36:16,117] {logging_mixin.py:109} INFO - [2022-02-24 03:36:16,116] {dag.py:2396} INFO - Sync 1 DAGs
[2022-02-24 03:36:16,182] {logging_mixin.py:109} INFO - [2022-02-24 03:36:16,182] {dag.py:2935} INFO - Setting next_dagrun for example_nested_branch_dag to 2022-02-23 00:00:00+00:00
[2022-02-24 03:36:16,209] {processor.py:171} INFO - Processing /home/airflow/.local/lib/python3.7/site-packages/airflow/example_dags/example_nested_branch_dag.py took 0.230 seconds
[2022-02-24 03:36:46,482] {processor.py:163} INFO - Started process (PID=1497) to work on /home/airflow/.local/lib/python3.7/site-packages/airflow/example_dags/example_nested_branch_dag.py
[2022-02-24 03:36:46,487] {processor.py:642} INFO - Processing file /home/airflow/.local/lib/python3.7/site-packages/airflow/example_dags/example_nested_branch_dag.py for tasks to queue
[2022-02-24 03:36:46,490] {logging_mixin.py:109} INFO - [2022-02-24 03:36:46,489] {dagbag.py:500} INFO - Filling up the DagBag from /home/airflow/.local/lib/python3.7/site-packages/airflow/example_dags/example_nested_branch_dag.py
[2022-02-24 03:36:46,573] {processor.py:654} INFO - DAG(s) dict_keys(['example_nested_branch_dag']) retrieved from /home/airflow/.local/lib/python3.7/site-packages/airflow/example_dags/example_nested_branch_dag.py
[2022-02-24 03:36:46,624] {logging_mixin.py:109} INFO - [2022-02-24 03:36:46,624] {dag.py:2396} INFO - Sync 1 DAGs
[2022-02-24 03:36:46,694] {logging_mixin.py:109} INFO - [2022-02-24 03:36:46,694] {dag.py:2935} INFO - Setting next_dagrun for example_nested_branch_dag to 2022-02-23 00:00:00+00:00
[2022-02-24 03:36:46,726] {processor.py:171} INFO - Processing /home/airflow/.local/lib/python3.7/site-packages/airflow/example_dags/example_nested_branch_dag.py took 0.252 seconds
[2022-02-24 03:37:17,056] {processor.py:163} INFO - Started process (PID=1600) to work on /home/airflow/.local/lib/python3.7/site-packages/airflow/example_dags/example_nested_branch_dag.py
[2022-02-24 03:37:17,060] {processor.py:642} INFO - Processing file /home/airflow/.local/lib/python3.7/site-packages/airflow/example_dags/example_nested_branch_dag.py for tasks to queue
[2022-02-24 03:37:17,063] {logging_mixin.py:109} INFO - [2022-02-24 03:37:17,063] {dagbag.py:500} INFO - Filling up the DagBag from /home/airflow/.local/lib/python3.7/site-packages/airflow/example_dags/example_nested_branch_dag.py
[2022-02-24 03:37:17,150] {processor.py:654} INFO - DAG(s) dict_keys(['example_nested_branch_dag']) retrieved from /home/airflow/.local/lib/python3.7/site-packages/airflow/example_dags/example_nested_branch_dag.py
[2022-02-24 03:37:17,195] {logging_mixin.py:109} INFO - [2022-02-24 03:37:17,194] {dag.py:2396} INFO - Sync 1 DAGs
[2022-02-24 03:37:17,264] {logging_mixin.py:109} INFO - [2022-02-24 03:37:17,263] {dag.py:2935} INFO - Setting next_dagrun for example_nested_branch_dag to 2022-02-23 00:00:00+00:00
[2022-02-24 03:37:17,293] {processor.py:171} INFO - Processing /home/airflow/.local/lib/python3.7/site-packages/airflow/example_dags/example_nested_branch_dag.py took 0.245 seconds
[2022-02-24 03:37:47,784] {processor.py:163} INFO - Started process (PID=1696) to work on /home/airflow/.local/lib/python3.7/site-packages/airflow/example_dags/example_nested_branch_dag.py
[2022-02-24 03:37:47,789] {processor.py:642} INFO - Processing file /home/airflow/.local/lib/python3.7/site-packages/airflow/example_dags/example_nested_branch_dag.py for tasks to queue
[2022-02-24 03:37:47,793] {logging_mixin.py:109} INFO - [2022-02-24 03:37:47,793] {dagbag.py:500} INFO - Filling up the DagBag from /home/airflow/.local/lib/python3.7/site-packages/airflow/example_dags/example_nested_branch_dag.py
[2022-02-24 03:37:47,873] {processor.py:654} INFO - DAG(s) dict_keys(['example_nested_branch_dag']) retrieved from /home/airflow/.local/lib/python3.7/site-packages/airflow/example_dags/example_nested_branch_dag.py
[2022-02-24 03:37:47,922] {logging_mixin.py:109} INFO - [2022-02-24 03:37:47,922] {dag.py:2396} INFO - Sync 1 DAGs
[2022-02-24 03:37:47,989] {logging_mixin.py:109} INFO - [2022-02-24 03:37:47,989] {dag.py:2935} INFO - Setting next_dagrun for example_nested_branch_dag to 2022-02-23 00:00:00+00:00
[2022-02-24 03:37:48,019] {processor.py:171} INFO - Processing /home/airflow/.local/lib/python3.7/site-packages/airflow/example_dags/example_nested_branch_dag.py took 0.242 seconds
