[2022-02-24 03:29:45,903] {processor.py:163} INFO - Started process (PID=170) to work on /home/airflow/.local/lib/python3.7/site-packages/airflow/example_dags/example_short_circuit_operator.py
[2022-02-24 03:29:45,916] {processor.py:642} INFO - Processing file /home/airflow/.local/lib/python3.7/site-packages/airflow/example_dags/example_short_circuit_operator.py for tasks to queue
[2022-02-24 03:29:45,921] {logging_mixin.py:109} INFO - [2022-02-24 03:29:45,921] {dagbag.py:500} INFO - Filling up the DagBag from /home/airflow/.local/lib/python3.7/site-packages/airflow/example_dags/example_short_circuit_operator.py
[2022-02-24 03:29:46,098] {processor.py:654} INFO - DAG(s) dict_keys(['example_short_circuit_operator']) retrieved from /home/airflow/.local/lib/python3.7/site-packages/airflow/example_dags/example_short_circuit_operator.py
[2022-02-24 03:29:46,214] {logging_mixin.py:109} INFO - [2022-02-24 03:29:46,213] {dag.py:2396} INFO - Sync 1 DAGs
[2022-02-24 03:29:46,345] {logging_mixin.py:109} INFO - [2022-02-24 03:29:46,344] {dag.py:2935} INFO - Setting next_dagrun for example_short_circuit_operator to 2022-02-23T03:29:46.334518+00:00
[2022-02-24 03:29:46,419] {processor.py:171} INFO - Processing /home/airflow/.local/lib/python3.7/site-packages/airflow/example_dags/example_short_circuit_operator.py took 0.525 seconds
[2022-02-24 03:30:17,400] {processor.py:163} INFO - Started process (PID=267) to work on /home/airflow/.local/lib/python3.7/site-packages/airflow/example_dags/example_short_circuit_operator.py
[2022-02-24 03:30:17,405] {processor.py:642} INFO - Processing file /home/airflow/.local/lib/python3.7/site-packages/airflow/example_dags/example_short_circuit_operator.py for tasks to queue
[2022-02-24 03:30:17,408] {logging_mixin.py:109} INFO - [2022-02-24 03:30:17,407] {dagbag.py:500} INFO - Filling up the DagBag from /home/airflow/.local/lib/python3.7/site-packages/airflow/example_dags/example_short_circuit_operator.py
[2022-02-24 03:30:17,503] {processor.py:654} INFO - DAG(s) dict_keys(['example_short_circuit_operator']) retrieved from /home/airflow/.local/lib/python3.7/site-packages/airflow/example_dags/example_short_circuit_operator.py
[2022-02-24 03:30:17,560] {logging_mixin.py:109} INFO - [2022-02-24 03:30:17,559] {dag.py:2396} INFO - Sync 1 DAGs
[2022-02-24 03:30:17,628] {logging_mixin.py:109} INFO - [2022-02-24 03:30:17,627] {dag.py:2935} INFO - Setting next_dagrun for example_short_circuit_operator to 2022-02-23T03:30:17.626281+00:00
[2022-02-24 03:30:17,662] {processor.py:171} INFO - Processing /home/airflow/.local/lib/python3.7/site-packages/airflow/example_dags/example_short_circuit_operator.py took 0.269 seconds
[2022-02-24 03:30:47,904] {processor.py:163} INFO - Started process (PID=358) to work on /home/airflow/.local/lib/python3.7/site-packages/airflow/example_dags/example_short_circuit_operator.py
[2022-02-24 03:30:47,909] {processor.py:642} INFO - Processing file /home/airflow/.local/lib/python3.7/site-packages/airflow/example_dags/example_short_circuit_operator.py for tasks to queue
[2022-02-24 03:30:47,913] {logging_mixin.py:109} INFO - [2022-02-24 03:30:47,913] {dagbag.py:500} INFO - Filling up the DagBag from /home/airflow/.local/lib/python3.7/site-packages/airflow/example_dags/example_short_circuit_operator.py
[2022-02-24 03:30:48,006] {processor.py:654} INFO - DAG(s) dict_keys(['example_short_circuit_operator']) retrieved from /home/airflow/.local/lib/python3.7/site-packages/airflow/example_dags/example_short_circuit_operator.py
[2022-02-24 03:30:48,056] {logging_mixin.py:109} INFO - [2022-02-24 03:30:48,056] {dag.py:2396} INFO - Sync 1 DAGs
[2022-02-24 03:30:48,127] {logging_mixin.py:109} INFO - [2022-02-24 03:30:48,126] {dag.py:2935} INFO - Setting next_dagrun for example_short_circuit_operator to 2022-02-23T03:30:48.124402+00:00
[2022-02-24 03:30:48,174] {processor.py:171} INFO - Processing /home/airflow/.local/lib/python3.7/site-packages/airflow/example_dags/example_short_circuit_operator.py took 0.278 seconds
[2022-02-24 03:31:18,244] {processor.py:163} INFO - Started process (PID=459) to work on /home/airflow/.local/lib/python3.7/site-packages/airflow/example_dags/example_short_circuit_operator.py
[2022-02-24 03:31:18,249] {processor.py:642} INFO - Processing file /home/airflow/.local/lib/python3.7/site-packages/airflow/example_dags/example_short_circuit_operator.py for tasks to queue
[2022-02-24 03:31:18,252] {logging_mixin.py:109} INFO - [2022-02-24 03:31:18,252] {dagbag.py:500} INFO - Filling up the DagBag from /home/airflow/.local/lib/python3.7/site-packages/airflow/example_dags/example_short_circuit_operator.py
[2022-02-24 03:31:18,339] {processor.py:654} INFO - DAG(s) dict_keys(['example_short_circuit_operator']) retrieved from /home/airflow/.local/lib/python3.7/site-packages/airflow/example_dags/example_short_circuit_operator.py
[2022-02-24 03:31:18,385] {logging_mixin.py:109} INFO - [2022-02-24 03:31:18,384] {dag.py:2396} INFO - Sync 1 DAGs
[2022-02-24 03:31:18,451] {logging_mixin.py:109} INFO - [2022-02-24 03:31:18,450] {dag.py:2935} INFO - Setting next_dagrun for example_short_circuit_operator to 2022-02-23T03:31:18.448819+00:00
[2022-02-24 03:31:18,485] {processor.py:171} INFO - Processing /home/airflow/.local/lib/python3.7/site-packages/airflow/example_dags/example_short_circuit_operator.py took 0.248 seconds
[2022-02-24 03:31:49,200] {processor.py:163} INFO - Started process (PID=548) to work on /home/airflow/.local/lib/python3.7/site-packages/airflow/example_dags/example_short_circuit_operator.py
[2022-02-24 03:31:49,206] {processor.py:642} INFO - Processing file /home/airflow/.local/lib/python3.7/site-packages/airflow/example_dags/example_short_circuit_operator.py for tasks to queue
[2022-02-24 03:31:49,212] {logging_mixin.py:109} INFO - [2022-02-24 03:31:49,211] {dagbag.py:500} INFO - Filling up the DagBag from /home/airflow/.local/lib/python3.7/site-packages/airflow/example_dags/example_short_circuit_operator.py
[2022-02-24 03:31:49,374] {processor.py:654} INFO - DAG(s) dict_keys(['example_short_circuit_operator']) retrieved from /home/airflow/.local/lib/python3.7/site-packages/airflow/example_dags/example_short_circuit_operator.py
[2022-02-24 03:31:49,455] {logging_mixin.py:109} INFO - [2022-02-24 03:31:49,454] {dag.py:2396} INFO - Sync 1 DAGs
[2022-02-24 03:31:49,525] {logging_mixin.py:109} INFO - [2022-02-24 03:31:49,525] {dag.py:2935} INFO - Setting next_dagrun for example_short_circuit_operator to 2022-02-23T03:31:49.523562+00:00
[2022-02-24 03:31:49,563] {processor.py:171} INFO - Processing /home/airflow/.local/lib/python3.7/site-packages/airflow/example_dags/example_short_circuit_operator.py took 0.371 seconds
[2022-02-24 03:32:19,753] {processor.py:163} INFO - Started process (PID=650) to work on /home/airflow/.local/lib/python3.7/site-packages/airflow/example_dags/example_short_circuit_operator.py
[2022-02-24 03:32:19,762] {processor.py:642} INFO - Processing file /home/airflow/.local/lib/python3.7/site-packages/airflow/example_dags/example_short_circuit_operator.py for tasks to queue
[2022-02-24 03:32:19,765] {logging_mixin.py:109} INFO - [2022-02-24 03:32:19,765] {dagbag.py:500} INFO - Filling up the DagBag from /home/airflow/.local/lib/python3.7/site-packages/airflow/example_dags/example_short_circuit_operator.py
[2022-02-24 03:32:19,866] {processor.py:654} INFO - DAG(s) dict_keys(['example_short_circuit_operator']) retrieved from /home/airflow/.local/lib/python3.7/site-packages/airflow/example_dags/example_short_circuit_operator.py
[2022-02-24 03:32:19,917] {logging_mixin.py:109} INFO - [2022-02-24 03:32:19,917] {dag.py:2396} INFO - Sync 1 DAGs
[2022-02-24 03:32:19,985] {logging_mixin.py:109} INFO - [2022-02-24 03:32:19,984] {dag.py:2935} INFO - Setting next_dagrun for example_short_circuit_operator to 2022-02-23T03:32:19.983042+00:00
[2022-02-24 03:32:20,021] {processor.py:171} INFO - Processing /home/airflow/.local/lib/python3.7/site-packages/airflow/example_dags/example_short_circuit_operator.py took 0.275 seconds
[2022-02-24 03:32:50,141] {processor.py:163} INFO - Started process (PID=736) to work on /home/airflow/.local/lib/python3.7/site-packages/airflow/example_dags/example_short_circuit_operator.py
[2022-02-24 03:32:50,147] {processor.py:642} INFO - Processing file /home/airflow/.local/lib/python3.7/site-packages/airflow/example_dags/example_short_circuit_operator.py for tasks to queue
[2022-02-24 03:32:50,150] {logging_mixin.py:109} INFO - [2022-02-24 03:32:50,150] {dagbag.py:500} INFO - Filling up the DagBag from /home/airflow/.local/lib/python3.7/site-packages/airflow/example_dags/example_short_circuit_operator.py
[2022-02-24 03:32:50,224] {processor.py:654} INFO - DAG(s) dict_keys(['example_short_circuit_operator']) retrieved from /home/airflow/.local/lib/python3.7/site-packages/airflow/example_dags/example_short_circuit_operator.py
[2022-02-24 03:32:50,270] {logging_mixin.py:109} INFO - [2022-02-24 03:32:50,270] {dag.py:2396} INFO - Sync 1 DAGs
[2022-02-24 03:32:50,330] {logging_mixin.py:109} INFO - [2022-02-24 03:32:50,329] {dag.py:2935} INFO - Setting next_dagrun for example_short_circuit_operator to 2022-02-23T03:32:50.327987+00:00
[2022-02-24 03:32:50,357] {processor.py:171} INFO - Processing /home/airflow/.local/lib/python3.7/site-packages/airflow/example_dags/example_short_circuit_operator.py took 0.223 seconds
[2022-02-24 03:33:20,488] {processor.py:163} INFO - Started process (PID=843) to work on /home/airflow/.local/lib/python3.7/site-packages/airflow/example_dags/example_short_circuit_operator.py
[2022-02-24 03:33:20,492] {processor.py:642} INFO - Processing file /home/airflow/.local/lib/python3.7/site-packages/airflow/example_dags/example_short_circuit_operator.py for tasks to queue
[2022-02-24 03:33:20,495] {logging_mixin.py:109} INFO - [2022-02-24 03:33:20,495] {dagbag.py:500} INFO - Filling up the DagBag from /home/airflow/.local/lib/python3.7/site-packages/airflow/example_dags/example_short_circuit_operator.py
[2022-02-24 03:33:20,567] {processor.py:654} INFO - DAG(s) dict_keys(['example_short_circuit_operator']) retrieved from /home/airflow/.local/lib/python3.7/site-packages/airflow/example_dags/example_short_circuit_operator.py
[2022-02-24 03:33:20,613] {logging_mixin.py:109} INFO - [2022-02-24 03:33:20,612] {dag.py:2396} INFO - Sync 1 DAGs
[2022-02-24 03:33:20,677] {logging_mixin.py:109} INFO - [2022-02-24 03:33:20,677] {dag.py:2935} INFO - Setting next_dagrun for example_short_circuit_operator to 2022-02-23T03:33:20.675406+00:00
[2022-02-24 03:33:20,706] {processor.py:171} INFO - Processing /home/airflow/.local/lib/python3.7/site-packages/airflow/example_dags/example_short_circuit_operator.py took 0.225 seconds
[2022-02-24 03:33:51,160] {processor.py:163} INFO - Started process (PID=932) to work on /home/airflow/.local/lib/python3.7/site-packages/airflow/example_dags/example_short_circuit_operator.py
[2022-02-24 03:33:51,165] {processor.py:642} INFO - Processing file /home/airflow/.local/lib/python3.7/site-packages/airflow/example_dags/example_short_circuit_operator.py for tasks to queue
[2022-02-24 03:33:51,167] {logging_mixin.py:109} INFO - [2022-02-24 03:33:51,167] {dagbag.py:500} INFO - Filling up the DagBag from /home/airflow/.local/lib/python3.7/site-packages/airflow/example_dags/example_short_circuit_operator.py
[2022-02-24 03:33:51,238] {processor.py:654} INFO - DAG(s) dict_keys(['example_short_circuit_operator']) retrieved from /home/airflow/.local/lib/python3.7/site-packages/airflow/example_dags/example_short_circuit_operator.py
[2022-02-24 03:33:51,280] {logging_mixin.py:109} INFO - [2022-02-24 03:33:51,279] {dag.py:2396} INFO - Sync 1 DAGs
[2022-02-24 03:33:51,343] {logging_mixin.py:109} INFO - [2022-02-24 03:33:51,342] {dag.py:2935} INFO - Setting next_dagrun for example_short_circuit_operator to 2022-02-23T03:33:51.340885+00:00
[2022-02-24 03:33:51,372] {processor.py:171} INFO - Processing /home/airflow/.local/lib/python3.7/site-packages/airflow/example_dags/example_short_circuit_operator.py took 0.219 seconds
[2022-02-24 03:34:21,512] {processor.py:163} INFO - Started process (PID=1041) to work on /home/airflow/.local/lib/python3.7/site-packages/airflow/example_dags/example_short_circuit_operator.py
[2022-02-24 03:34:21,516] {processor.py:642} INFO - Processing file /home/airflow/.local/lib/python3.7/site-packages/airflow/example_dags/example_short_circuit_operator.py for tasks to queue
[2022-02-24 03:34:21,520] {logging_mixin.py:109} INFO - [2022-02-24 03:34:21,520] {dagbag.py:500} INFO - Filling up the DagBag from /home/airflow/.local/lib/python3.7/site-packages/airflow/example_dags/example_short_circuit_operator.py
[2022-02-24 03:34:21,595] {processor.py:654} INFO - DAG(s) dict_keys(['example_short_circuit_operator']) retrieved from /home/airflow/.local/lib/python3.7/site-packages/airflow/example_dags/example_short_circuit_operator.py
[2022-02-24 03:34:21,638] {logging_mixin.py:109} INFO - [2022-02-24 03:34:21,637] {dag.py:2396} INFO - Sync 1 DAGs
[2022-02-24 03:34:21,701] {logging_mixin.py:109} INFO - [2022-02-24 03:34:21,701] {dag.py:2935} INFO - Setting next_dagrun for example_short_circuit_operator to 2022-02-23T03:34:21.699540+00:00
[2022-02-24 03:34:21,731] {processor.py:171} INFO - Processing /home/airflow/.local/lib/python3.7/site-packages/airflow/example_dags/example_short_circuit_operator.py took 0.226 seconds
[2022-02-24 03:34:52,189] {processor.py:163} INFO - Started process (PID=1131) to work on /home/airflow/.local/lib/python3.7/site-packages/airflow/example_dags/example_short_circuit_operator.py
[2022-02-24 03:34:52,195] {processor.py:642} INFO - Processing file /home/airflow/.local/lib/python3.7/site-packages/airflow/example_dags/example_short_circuit_operator.py for tasks to queue
[2022-02-24 03:34:52,215] {logging_mixin.py:109} INFO - [2022-02-24 03:34:52,214] {dagbag.py:500} INFO - Filling up the DagBag from /home/airflow/.local/lib/python3.7/site-packages/airflow/example_dags/example_short_circuit_operator.py
[2022-02-24 03:34:52,348] {processor.py:654} INFO - DAG(s) dict_keys(['example_short_circuit_operator']) retrieved from /home/airflow/.local/lib/python3.7/site-packages/airflow/example_dags/example_short_circuit_operator.py
[2022-02-24 03:34:52,393] {logging_mixin.py:109} INFO - [2022-02-24 03:34:52,392] {dag.py:2396} INFO - Sync 1 DAGs
[2022-02-24 03:34:52,458] {logging_mixin.py:109} INFO - [2022-02-24 03:34:52,457] {dag.py:2935} INFO - Setting next_dagrun for example_short_circuit_operator to 2022-02-23T03:34:52.455664+00:00
[2022-02-24 03:34:52,497] {processor.py:171} INFO - Processing /home/airflow/.local/lib/python3.7/site-packages/airflow/example_dags/example_short_circuit_operator.py took 0.336 seconds
[2022-02-24 03:35:22,731] {processor.py:163} INFO - Started process (PID=1236) to work on /home/airflow/.local/lib/python3.7/site-packages/airflow/example_dags/example_short_circuit_operator.py
[2022-02-24 03:35:22,736] {processor.py:642} INFO - Processing file /home/airflow/.local/lib/python3.7/site-packages/airflow/example_dags/example_short_circuit_operator.py for tasks to queue
[2022-02-24 03:35:22,739] {logging_mixin.py:109} INFO - [2022-02-24 03:35:22,738] {dagbag.py:500} INFO - Filling up the DagBag from /home/airflow/.local/lib/python3.7/site-packages/airflow/example_dags/example_short_circuit_operator.py
[2022-02-24 03:35:22,818] {processor.py:654} INFO - DAG(s) dict_keys(['example_short_circuit_operator']) retrieved from /home/airflow/.local/lib/python3.7/site-packages/airflow/example_dags/example_short_circuit_operator.py
[2022-02-24 03:35:22,881] {logging_mixin.py:109} INFO - [2022-02-24 03:35:22,880] {dag.py:2396} INFO - Sync 1 DAGs
[2022-02-24 03:35:22,942] {logging_mixin.py:109} INFO - [2022-02-24 03:35:22,941] {dag.py:2935} INFO - Setting next_dagrun for example_short_circuit_operator to 2022-02-23T03:35:22.940150+00:00
[2022-02-24 03:35:22,972] {processor.py:171} INFO - Processing /home/airflow/.local/lib/python3.7/site-packages/airflow/example_dags/example_short_circuit_operator.py took 0.248 seconds
[2022-02-24 03:35:53,569] {processor.py:163} INFO - Started process (PID=1325) to work on /home/airflow/.local/lib/python3.7/site-packages/airflow/example_dags/example_short_circuit_operator.py
[2022-02-24 03:35:53,574] {processor.py:642} INFO - Processing file /home/airflow/.local/lib/python3.7/site-packages/airflow/example_dags/example_short_circuit_operator.py for tasks to queue
[2022-02-24 03:35:53,578] {logging_mixin.py:109} INFO - [2022-02-24 03:35:53,578] {dagbag.py:500} INFO - Filling up the DagBag from /home/airflow/.local/lib/python3.7/site-packages/airflow/example_dags/example_short_circuit_operator.py
[2022-02-24 03:35:53,639] {processor.py:654} INFO - DAG(s) dict_keys(['example_short_circuit_operator']) retrieved from /home/airflow/.local/lib/python3.7/site-packages/airflow/example_dags/example_short_circuit_operator.py
[2022-02-24 03:35:53,678] {logging_mixin.py:109} INFO - [2022-02-24 03:35:53,678] {dag.py:2396} INFO - Sync 1 DAGs
[2022-02-24 03:35:53,733] {logging_mixin.py:109} INFO - [2022-02-24 03:35:53,732] {dag.py:2935} INFO - Setting next_dagrun for example_short_circuit_operator to 2022-02-23T03:35:53.731006+00:00
[2022-02-24 03:35:53,758] {processor.py:171} INFO - Processing /home/airflow/.local/lib/python3.7/site-packages/airflow/example_dags/example_short_circuit_operator.py took 0.197 seconds
[2022-02-24 03:36:23,868] {processor.py:163} INFO - Started process (PID=1428) to work on /home/airflow/.local/lib/python3.7/site-packages/airflow/example_dags/example_short_circuit_operator.py
[2022-02-24 03:36:23,875] {processor.py:642} INFO - Processing file /home/airflow/.local/lib/python3.7/site-packages/airflow/example_dags/example_short_circuit_operator.py for tasks to queue
[2022-02-24 03:36:23,879] {logging_mixin.py:109} INFO - [2022-02-24 03:36:23,878] {dagbag.py:500} INFO - Filling up the DagBag from /home/airflow/.local/lib/python3.7/site-packages/airflow/example_dags/example_short_circuit_operator.py
[2022-02-24 03:36:23,966] {processor.py:654} INFO - DAG(s) dict_keys(['example_short_circuit_operator']) retrieved from /home/airflow/.local/lib/python3.7/site-packages/airflow/example_dags/example_short_circuit_operator.py
[2022-02-24 03:36:24,016] {logging_mixin.py:109} INFO - [2022-02-24 03:36:24,015] {dag.py:2396} INFO - Sync 1 DAGs
[2022-02-24 03:36:24,088] {logging_mixin.py:109} INFO - [2022-02-24 03:36:24,088] {dag.py:2935} INFO - Setting next_dagrun for example_short_circuit_operator to 2022-02-23T03:36:24.086612+00:00
[2022-02-24 03:36:24,134] {processor.py:171} INFO - Processing /home/airflow/.local/lib/python3.7/site-packages/airflow/example_dags/example_short_circuit_operator.py took 0.274 seconds
[2022-02-24 03:36:54,599] {processor.py:163} INFO - Started process (PID=1513) to work on /home/airflow/.local/lib/python3.7/site-packages/airflow/example_dags/example_short_circuit_operator.py
[2022-02-24 03:36:54,603] {processor.py:642} INFO - Processing file /home/airflow/.local/lib/python3.7/site-packages/airflow/example_dags/example_short_circuit_operator.py for tasks to queue
[2022-02-24 03:36:54,607] {logging_mixin.py:109} INFO - [2022-02-24 03:36:54,607] {dagbag.py:500} INFO - Filling up the DagBag from /home/airflow/.local/lib/python3.7/site-packages/airflow/example_dags/example_short_circuit_operator.py
[2022-02-24 03:36:54,673] {processor.py:654} INFO - DAG(s) dict_keys(['example_short_circuit_operator']) retrieved from /home/airflow/.local/lib/python3.7/site-packages/airflow/example_dags/example_short_circuit_operator.py
[2022-02-24 03:36:54,711] {logging_mixin.py:109} INFO - [2022-02-24 03:36:54,710] {dag.py:2396} INFO - Sync 1 DAGs
[2022-02-24 03:36:54,762] {logging_mixin.py:109} INFO - [2022-02-24 03:36:54,762] {dag.py:2935} INFO - Setting next_dagrun for example_short_circuit_operator to 2022-02-23T03:36:54.760817+00:00
[2022-02-24 03:36:54,790] {processor.py:171} INFO - Processing /home/airflow/.local/lib/python3.7/site-packages/airflow/example_dags/example_short_circuit_operator.py took 0.197 seconds
[2022-02-24 03:37:25,282] {processor.py:163} INFO - Started process (PID=1622) to work on /home/airflow/.local/lib/python3.7/site-packages/airflow/example_dags/example_short_circuit_operator.py
[2022-02-24 03:37:25,291] {processor.py:642} INFO - Processing file /home/airflow/.local/lib/python3.7/site-packages/airflow/example_dags/example_short_circuit_operator.py for tasks to queue
[2022-02-24 03:37:25,294] {logging_mixin.py:109} INFO - [2022-02-24 03:37:25,293] {dagbag.py:500} INFO - Filling up the DagBag from /home/airflow/.local/lib/python3.7/site-packages/airflow/example_dags/example_short_circuit_operator.py
[2022-02-24 03:37:25,448] {processor.py:654} INFO - DAG(s) dict_keys(['example_short_circuit_operator']) retrieved from /home/airflow/.local/lib/python3.7/site-packages/airflow/example_dags/example_short_circuit_operator.py
[2022-02-24 03:37:25,541] {logging_mixin.py:109} INFO - [2022-02-24 03:37:25,540] {dag.py:2396} INFO - Sync 1 DAGs
[2022-02-24 03:37:25,688] {logging_mixin.py:109} INFO - [2022-02-24 03:37:25,687] {dag.py:2935} INFO - Setting next_dagrun for example_short_circuit_operator to 2022-02-23T03:37:25.685796+00:00
[2022-02-24 03:37:25,751] {processor.py:171} INFO - Processing /home/airflow/.local/lib/python3.7/site-packages/airflow/example_dags/example_short_circuit_operator.py took 0.478 seconds
[2022-02-24 03:37:55,843] {processor.py:163} INFO - Started process (PID=1710) to work on /home/airflow/.local/lib/python3.7/site-packages/airflow/example_dags/example_short_circuit_operator.py
[2022-02-24 03:37:55,846] {processor.py:642} INFO - Processing file /home/airflow/.local/lib/python3.7/site-packages/airflow/example_dags/example_short_circuit_operator.py for tasks to queue
[2022-02-24 03:37:55,849] {logging_mixin.py:109} INFO - [2022-02-24 03:37:55,849] {dagbag.py:500} INFO - Filling up the DagBag from /home/airflow/.local/lib/python3.7/site-packages/airflow/example_dags/example_short_circuit_operator.py
[2022-02-24 03:37:55,909] {processor.py:654} INFO - DAG(s) dict_keys(['example_short_circuit_operator']) retrieved from /home/airflow/.local/lib/python3.7/site-packages/airflow/example_dags/example_short_circuit_operator.py
[2022-02-24 03:37:55,944] {logging_mixin.py:109} INFO - [2022-02-24 03:37:55,943] {dag.py:2396} INFO - Sync 1 DAGs
[2022-02-24 03:37:55,989] {logging_mixin.py:109} INFO - [2022-02-24 03:37:55,989] {dag.py:2935} INFO - Setting next_dagrun for example_short_circuit_operator to 2022-02-23T03:37:55.988002+00:00
[2022-02-24 03:37:56,011] {processor.py:171} INFO - Processing /home/airflow/.local/lib/python3.7/site-packages/airflow/example_dags/example_short_circuit_operator.py took 0.175 seconds
