[2022-02-24 03:29:46,366] {processor.py:163} INFO - Started process (PID=172) to work on /home/airflow/.local/lib/python3.7/site-packages/airflow/example_dags/tutorial_etl_dag.py
[2022-02-24 03:29:46,382] {processor.py:642} INFO - Processing file /home/airflow/.local/lib/python3.7/site-packages/airflow/example_dags/tutorial_etl_dag.py for tasks to queue
[2022-02-24 03:29:46,387] {logging_mixin.py:109} INFO - [2022-02-24 03:29:46,386] {dagbag.py:500} INFO - Filling up the DagBag from /home/airflow/.local/lib/python3.7/site-packages/airflow/example_dags/tutorial_etl_dag.py
[2022-02-24 03:29:46,556] {processor.py:654} INFO - DAG(s) dict_keys(['tutorial_etl_dag']) retrieved from /home/airflow/.local/lib/python3.7/site-packages/airflow/example_dags/tutorial_etl_dag.py
[2022-02-24 03:29:46,673] {logging_mixin.py:109} INFO - [2022-02-24 03:29:46,673] {dag.py:2396} INFO - Sync 1 DAGs
[2022-02-24 03:29:46,807] {logging_mixin.py:109} INFO - [2022-02-24 03:29:46,807] {dag.py:2935} INFO - Setting next_dagrun for tutorial_etl_dag to None
[2022-02-24 03:29:46,869] {processor.py:171} INFO - Processing /home/airflow/.local/lib/python3.7/site-packages/airflow/example_dags/tutorial_etl_dag.py took 0.511 seconds
[2022-02-24 03:30:17,704] {processor.py:163} INFO - Started process (PID=269) to work on /home/airflow/.local/lib/python3.7/site-packages/airflow/example_dags/tutorial_etl_dag.py
[2022-02-24 03:30:17,708] {processor.py:642} INFO - Processing file /home/airflow/.local/lib/python3.7/site-packages/airflow/example_dags/tutorial_etl_dag.py for tasks to queue
[2022-02-24 03:30:17,712] {logging_mixin.py:109} INFO - [2022-02-24 03:30:17,711] {dagbag.py:500} INFO - Filling up the DagBag from /home/airflow/.local/lib/python3.7/site-packages/airflow/example_dags/tutorial_etl_dag.py
[2022-02-24 03:30:17,794] {processor.py:654} INFO - DAG(s) dict_keys(['tutorial_etl_dag']) retrieved from /home/airflow/.local/lib/python3.7/site-packages/airflow/example_dags/tutorial_etl_dag.py
[2022-02-24 03:30:17,837] {logging_mixin.py:109} INFO - [2022-02-24 03:30:17,837] {dag.py:2396} INFO - Sync 1 DAGs
[2022-02-24 03:30:17,901] {logging_mixin.py:109} INFO - [2022-02-24 03:30:17,900] {dag.py:2935} INFO - Setting next_dagrun for tutorial_etl_dag to None
[2022-02-24 03:30:17,931] {processor.py:171} INFO - Processing /home/airflow/.local/lib/python3.7/site-packages/airflow/example_dags/tutorial_etl_dag.py took 0.235 seconds
[2022-02-24 03:30:48,969] {processor.py:163} INFO - Started process (PID=362) to work on /home/airflow/.local/lib/python3.7/site-packages/airflow/example_dags/tutorial_etl_dag.py
[2022-02-24 03:30:48,974] {processor.py:642} INFO - Processing file /home/airflow/.local/lib/python3.7/site-packages/airflow/example_dags/tutorial_etl_dag.py for tasks to queue
[2022-02-24 03:30:48,981] {logging_mixin.py:109} INFO - [2022-02-24 03:30:48,980] {dagbag.py:500} INFO - Filling up the DagBag from /home/airflow/.local/lib/python3.7/site-packages/airflow/example_dags/tutorial_etl_dag.py
[2022-02-24 03:30:49,067] {processor.py:654} INFO - DAG(s) dict_keys(['tutorial_etl_dag']) retrieved from /home/airflow/.local/lib/python3.7/site-packages/airflow/example_dags/tutorial_etl_dag.py
[2022-02-24 03:30:49,105] {logging_mixin.py:109} INFO - [2022-02-24 03:30:49,104] {dag.py:2396} INFO - Sync 1 DAGs
[2022-02-24 03:30:49,168] {logging_mixin.py:109} INFO - [2022-02-24 03:30:49,168] {dag.py:2935} INFO - Setting next_dagrun for tutorial_etl_dag to None
[2022-02-24 03:30:49,197] {processor.py:171} INFO - Processing /home/airflow/.local/lib/python3.7/site-packages/airflow/example_dags/tutorial_etl_dag.py took 0.236 seconds
[2022-02-24 03:31:19,260] {processor.py:163} INFO - Started process (PID=463) to work on /home/airflow/.local/lib/python3.7/site-packages/airflow/example_dags/tutorial_etl_dag.py
[2022-02-24 03:31:19,264] {processor.py:642} INFO - Processing file /home/airflow/.local/lib/python3.7/site-packages/airflow/example_dags/tutorial_etl_dag.py for tasks to queue
[2022-02-24 03:31:19,268] {logging_mixin.py:109} INFO - [2022-02-24 03:31:19,267] {dagbag.py:500} INFO - Filling up the DagBag from /home/airflow/.local/lib/python3.7/site-packages/airflow/example_dags/tutorial_etl_dag.py
[2022-02-24 03:31:19,344] {processor.py:654} INFO - DAG(s) dict_keys(['tutorial_etl_dag']) retrieved from /home/airflow/.local/lib/python3.7/site-packages/airflow/example_dags/tutorial_etl_dag.py
[2022-02-24 03:31:19,386] {logging_mixin.py:109} INFO - [2022-02-24 03:31:19,385] {dag.py:2396} INFO - Sync 1 DAGs
[2022-02-24 03:31:19,460] {logging_mixin.py:109} INFO - [2022-02-24 03:31:19,459] {dag.py:2935} INFO - Setting next_dagrun for tutorial_etl_dag to None
[2022-02-24 03:31:19,513] {processor.py:171} INFO - Processing /home/airflow/.local/lib/python3.7/site-packages/airflow/example_dags/tutorial_etl_dag.py took 0.260 seconds
[2022-02-24 03:31:49,618] {processor.py:163} INFO - Started process (PID=550) to work on /home/airflow/.local/lib/python3.7/site-packages/airflow/example_dags/tutorial_etl_dag.py
[2022-02-24 03:31:49,623] {processor.py:642} INFO - Processing file /home/airflow/.local/lib/python3.7/site-packages/airflow/example_dags/tutorial_etl_dag.py for tasks to queue
[2022-02-24 03:31:49,627] {logging_mixin.py:109} INFO - [2022-02-24 03:31:49,627] {dagbag.py:500} INFO - Filling up the DagBag from /home/airflow/.local/lib/python3.7/site-packages/airflow/example_dags/tutorial_etl_dag.py
[2022-02-24 03:31:49,723] {processor.py:654} INFO - DAG(s) dict_keys(['tutorial_etl_dag']) retrieved from /home/airflow/.local/lib/python3.7/site-packages/airflow/example_dags/tutorial_etl_dag.py
[2022-02-24 03:31:49,776] {logging_mixin.py:109} INFO - [2022-02-24 03:31:49,776] {dag.py:2396} INFO - Sync 1 DAGs
[2022-02-24 03:31:49,890] {logging_mixin.py:109} INFO - [2022-02-24 03:31:49,888] {dag.py:2935} INFO - Setting next_dagrun for tutorial_etl_dag to None
[2022-02-24 03:31:49,932] {processor.py:171} INFO - Processing /home/airflow/.local/lib/python3.7/site-packages/airflow/example_dags/tutorial_etl_dag.py took 0.323 seconds
[2022-02-24 03:32:20,108] {processor.py:163} INFO - Started process (PID=653) to work on /home/airflow/.local/lib/python3.7/site-packages/airflow/example_dags/tutorial_etl_dag.py
[2022-02-24 03:32:20,120] {processor.py:642} INFO - Processing file /home/airflow/.local/lib/python3.7/site-packages/airflow/example_dags/tutorial_etl_dag.py for tasks to queue
[2022-02-24 03:32:20,124] {logging_mixin.py:109} INFO - [2022-02-24 03:32:20,124] {dagbag.py:500} INFO - Filling up the DagBag from /home/airflow/.local/lib/python3.7/site-packages/airflow/example_dags/tutorial_etl_dag.py
[2022-02-24 03:32:20,213] {processor.py:654} INFO - DAG(s) dict_keys(['tutorial_etl_dag']) retrieved from /home/airflow/.local/lib/python3.7/site-packages/airflow/example_dags/tutorial_etl_dag.py
[2022-02-24 03:32:20,260] {logging_mixin.py:109} INFO - [2022-02-24 03:32:20,259] {dag.py:2396} INFO - Sync 1 DAGs
[2022-02-24 03:32:20,324] {logging_mixin.py:109} INFO - [2022-02-24 03:32:20,324] {dag.py:2935} INFO - Setting next_dagrun for tutorial_etl_dag to None
[2022-02-24 03:32:20,356] {processor.py:171} INFO - Processing /home/airflow/.local/lib/python3.7/site-packages/airflow/example_dags/tutorial_etl_dag.py took 0.277 seconds
[2022-02-24 03:32:50,435] {processor.py:163} INFO - Started process (PID=738) to work on /home/airflow/.local/lib/python3.7/site-packages/airflow/example_dags/tutorial_etl_dag.py
[2022-02-24 03:32:50,440] {processor.py:642} INFO - Processing file /home/airflow/.local/lib/python3.7/site-packages/airflow/example_dags/tutorial_etl_dag.py for tasks to queue
[2022-02-24 03:32:50,443] {logging_mixin.py:109} INFO - [2022-02-24 03:32:50,443] {dagbag.py:500} INFO - Filling up the DagBag from /home/airflow/.local/lib/python3.7/site-packages/airflow/example_dags/tutorial_etl_dag.py
[2022-02-24 03:32:50,509] {processor.py:654} INFO - DAG(s) dict_keys(['tutorial_etl_dag']) retrieved from /home/airflow/.local/lib/python3.7/site-packages/airflow/example_dags/tutorial_etl_dag.py
[2022-02-24 03:32:50,548] {logging_mixin.py:109} INFO - [2022-02-24 03:32:50,547] {dag.py:2396} INFO - Sync 1 DAGs
[2022-02-24 03:32:50,606] {logging_mixin.py:109} INFO - [2022-02-24 03:32:50,606] {dag.py:2935} INFO - Setting next_dagrun for tutorial_etl_dag to None
[2022-02-24 03:32:50,638] {processor.py:171} INFO - Processing /home/airflow/.local/lib/python3.7/site-packages/airflow/example_dags/tutorial_etl_dag.py took 0.209 seconds
[2022-02-24 03:33:20,749] {processor.py:163} INFO - Started process (PID=845) to work on /home/airflow/.local/lib/python3.7/site-packages/airflow/example_dags/tutorial_etl_dag.py
[2022-02-24 03:33:20,754] {processor.py:642} INFO - Processing file /home/airflow/.local/lib/python3.7/site-packages/airflow/example_dags/tutorial_etl_dag.py for tasks to queue
[2022-02-24 03:33:20,757] {logging_mixin.py:109} INFO - [2022-02-24 03:33:20,757] {dagbag.py:500} INFO - Filling up the DagBag from /home/airflow/.local/lib/python3.7/site-packages/airflow/example_dags/tutorial_etl_dag.py
[2022-02-24 03:33:20,828] {processor.py:654} INFO - DAG(s) dict_keys(['tutorial_etl_dag']) retrieved from /home/airflow/.local/lib/python3.7/site-packages/airflow/example_dags/tutorial_etl_dag.py
[2022-02-24 03:33:20,868] {logging_mixin.py:109} INFO - [2022-02-24 03:33:20,867] {dag.py:2396} INFO - Sync 1 DAGs
[2022-02-24 03:33:20,929] {logging_mixin.py:109} INFO - [2022-02-24 03:33:20,928] {dag.py:2935} INFO - Setting next_dagrun for tutorial_etl_dag to None
[2022-02-24 03:33:20,958] {processor.py:171} INFO - Processing /home/airflow/.local/lib/python3.7/site-packages/airflow/example_dags/tutorial_etl_dag.py took 0.216 seconds
[2022-02-24 03:33:51,412] {processor.py:163} INFO - Started process (PID=934) to work on /home/airflow/.local/lib/python3.7/site-packages/airflow/example_dags/tutorial_etl_dag.py
[2022-02-24 03:33:51,417] {processor.py:642} INFO - Processing file /home/airflow/.local/lib/python3.7/site-packages/airflow/example_dags/tutorial_etl_dag.py for tasks to queue
[2022-02-24 03:33:51,420] {logging_mixin.py:109} INFO - [2022-02-24 03:33:51,419] {dagbag.py:500} INFO - Filling up the DagBag from /home/airflow/.local/lib/python3.7/site-packages/airflow/example_dags/tutorial_etl_dag.py
[2022-02-24 03:33:51,489] {processor.py:654} INFO - DAG(s) dict_keys(['tutorial_etl_dag']) retrieved from /home/airflow/.local/lib/python3.7/site-packages/airflow/example_dags/tutorial_etl_dag.py
[2022-02-24 03:33:51,526] {logging_mixin.py:109} INFO - [2022-02-24 03:33:51,525] {dag.py:2396} INFO - Sync 1 DAGs
[2022-02-24 03:33:51,593] {logging_mixin.py:109} INFO - [2022-02-24 03:33:51,592] {dag.py:2935} INFO - Setting next_dagrun for tutorial_etl_dag to None
[2022-02-24 03:33:51,620] {processor.py:171} INFO - Processing /home/airflow/.local/lib/python3.7/site-packages/airflow/example_dags/tutorial_etl_dag.py took 0.215 seconds
[2022-02-24 03:34:21,772] {processor.py:163} INFO - Started process (PID=1043) to work on /home/airflow/.local/lib/python3.7/site-packages/airflow/example_dags/tutorial_etl_dag.py
[2022-02-24 03:34:21,776] {processor.py:642} INFO - Processing file /home/airflow/.local/lib/python3.7/site-packages/airflow/example_dags/tutorial_etl_dag.py for tasks to queue
[2022-02-24 03:34:21,779] {logging_mixin.py:109} INFO - [2022-02-24 03:34:21,779] {dagbag.py:500} INFO - Filling up the DagBag from /home/airflow/.local/lib/python3.7/site-packages/airflow/example_dags/tutorial_etl_dag.py
[2022-02-24 03:34:21,850] {processor.py:654} INFO - DAG(s) dict_keys(['tutorial_etl_dag']) retrieved from /home/airflow/.local/lib/python3.7/site-packages/airflow/example_dags/tutorial_etl_dag.py
[2022-02-24 03:34:21,891] {logging_mixin.py:109} INFO - [2022-02-24 03:34:21,890] {dag.py:2396} INFO - Sync 1 DAGs
[2022-02-24 03:34:21,952] {logging_mixin.py:109} INFO - [2022-02-24 03:34:21,951] {dag.py:2935} INFO - Setting next_dagrun for tutorial_etl_dag to None
[2022-02-24 03:34:21,982] {processor.py:171} INFO - Processing /home/airflow/.local/lib/python3.7/site-packages/airflow/example_dags/tutorial_etl_dag.py took 0.217 seconds
[2022-02-24 03:34:52,537] {processor.py:163} INFO - Started process (PID=1133) to work on /home/airflow/.local/lib/python3.7/site-packages/airflow/example_dags/tutorial_etl_dag.py
[2022-02-24 03:34:52,542] {processor.py:642} INFO - Processing file /home/airflow/.local/lib/python3.7/site-packages/airflow/example_dags/tutorial_etl_dag.py for tasks to queue
[2022-02-24 03:34:52,545] {logging_mixin.py:109} INFO - [2022-02-24 03:34:52,545] {dagbag.py:500} INFO - Filling up the DagBag from /home/airflow/.local/lib/python3.7/site-packages/airflow/example_dags/tutorial_etl_dag.py
[2022-02-24 03:34:52,611] {processor.py:654} INFO - DAG(s) dict_keys(['tutorial_etl_dag']) retrieved from /home/airflow/.local/lib/python3.7/site-packages/airflow/example_dags/tutorial_etl_dag.py
[2022-02-24 03:34:52,651] {logging_mixin.py:109} INFO - [2022-02-24 03:34:52,650] {dag.py:2396} INFO - Sync 1 DAGs
[2022-02-24 03:34:52,705] {logging_mixin.py:109} INFO - [2022-02-24 03:34:52,705] {dag.py:2935} INFO - Setting next_dagrun for tutorial_etl_dag to None
[2022-02-24 03:34:52,732] {processor.py:171} INFO - Processing /home/airflow/.local/lib/python3.7/site-packages/airflow/example_dags/tutorial_etl_dag.py took 0.203 seconds
[2022-02-24 03:35:23,011] {processor.py:163} INFO - Started process (PID=1238) to work on /home/airflow/.local/lib/python3.7/site-packages/airflow/example_dags/tutorial_etl_dag.py
[2022-02-24 03:35:23,022] {processor.py:642} INFO - Processing file /home/airflow/.local/lib/python3.7/site-packages/airflow/example_dags/tutorial_etl_dag.py for tasks to queue
[2022-02-24 03:35:23,032] {logging_mixin.py:109} INFO - [2022-02-24 03:35:23,031] {dagbag.py:500} INFO - Filling up the DagBag from /home/airflow/.local/lib/python3.7/site-packages/airflow/example_dags/tutorial_etl_dag.py
[2022-02-24 03:35:23,102] {processor.py:654} INFO - DAG(s) dict_keys(['tutorial_etl_dag']) retrieved from /home/airflow/.local/lib/python3.7/site-packages/airflow/example_dags/tutorial_etl_dag.py
[2022-02-24 03:35:23,140] {logging_mixin.py:109} INFO - [2022-02-24 03:35:23,140] {dag.py:2396} INFO - Sync 1 DAGs
[2022-02-24 03:35:23,199] {logging_mixin.py:109} INFO - [2022-02-24 03:35:23,199] {dag.py:2935} INFO - Setting next_dagrun for tutorial_etl_dag to None
[2022-02-24 03:35:23,227] {processor.py:171} INFO - Processing /home/airflow/.local/lib/python3.7/site-packages/airflow/example_dags/tutorial_etl_dag.py took 0.223 seconds
[2022-02-24 03:35:53,795] {processor.py:163} INFO - Started process (PID=1327) to work on /home/airflow/.local/lib/python3.7/site-packages/airflow/example_dags/tutorial_etl_dag.py
[2022-02-24 03:35:53,799] {processor.py:642} INFO - Processing file /home/airflow/.local/lib/python3.7/site-packages/airflow/example_dags/tutorial_etl_dag.py for tasks to queue
[2022-02-24 03:35:53,801] {logging_mixin.py:109} INFO - [2022-02-24 03:35:53,801] {dagbag.py:500} INFO - Filling up the DagBag from /home/airflow/.local/lib/python3.7/site-packages/airflow/example_dags/tutorial_etl_dag.py
[2022-02-24 03:35:53,856] {processor.py:654} INFO - DAG(s) dict_keys(['tutorial_etl_dag']) retrieved from /home/airflow/.local/lib/python3.7/site-packages/airflow/example_dags/tutorial_etl_dag.py
[2022-02-24 03:35:53,886] {logging_mixin.py:109} INFO - [2022-02-24 03:35:53,886] {dag.py:2396} INFO - Sync 1 DAGs
[2022-02-24 03:35:53,934] {logging_mixin.py:109} INFO - [2022-02-24 03:35:53,934] {dag.py:2935} INFO - Setting next_dagrun for tutorial_etl_dag to None
[2022-02-24 03:35:53,957] {processor.py:171} INFO - Processing /home/airflow/.local/lib/python3.7/site-packages/airflow/example_dags/tutorial_etl_dag.py took 0.168 seconds
[2022-02-24 03:36:24,219] {processor.py:163} INFO - Started process (PID=1430) to work on /home/airflow/.local/lib/python3.7/site-packages/airflow/example_dags/tutorial_etl_dag.py
[2022-02-24 03:36:24,225] {processor.py:642} INFO - Processing file /home/airflow/.local/lib/python3.7/site-packages/airflow/example_dags/tutorial_etl_dag.py for tasks to queue
[2022-02-24 03:36:24,230] {logging_mixin.py:109} INFO - [2022-02-24 03:36:24,229] {dagbag.py:500} INFO - Filling up the DagBag from /home/airflow/.local/lib/python3.7/site-packages/airflow/example_dags/tutorial_etl_dag.py
[2022-02-24 03:36:24,306] {processor.py:654} INFO - DAG(s) dict_keys(['tutorial_etl_dag']) retrieved from /home/airflow/.local/lib/python3.7/site-packages/airflow/example_dags/tutorial_etl_dag.py
[2022-02-24 03:36:24,348] {logging_mixin.py:109} INFO - [2022-02-24 03:36:24,348] {dag.py:2396} INFO - Sync 1 DAGs
[2022-02-24 03:36:24,413] {logging_mixin.py:109} INFO - [2022-02-24 03:36:24,412] {dag.py:2935} INFO - Setting next_dagrun for tutorial_etl_dag to None
[2022-02-24 03:36:24,443] {processor.py:171} INFO - Processing /home/airflow/.local/lib/python3.7/site-packages/airflow/example_dags/tutorial_etl_dag.py took 0.232 seconds
[2022-02-24 03:36:54,829] {processor.py:163} INFO - Started process (PID=1515) to work on /home/airflow/.local/lib/python3.7/site-packages/airflow/example_dags/tutorial_etl_dag.py
[2022-02-24 03:36:54,832] {processor.py:642} INFO - Processing file /home/airflow/.local/lib/python3.7/site-packages/airflow/example_dags/tutorial_etl_dag.py for tasks to queue
[2022-02-24 03:36:54,835] {logging_mixin.py:109} INFO - [2022-02-24 03:36:54,835] {dagbag.py:500} INFO - Filling up the DagBag from /home/airflow/.local/lib/python3.7/site-packages/airflow/example_dags/tutorial_etl_dag.py
[2022-02-24 03:36:54,890] {processor.py:654} INFO - DAG(s) dict_keys(['tutorial_etl_dag']) retrieved from /home/airflow/.local/lib/python3.7/site-packages/airflow/example_dags/tutorial_etl_dag.py
[2022-02-24 03:36:54,922] {logging_mixin.py:109} INFO - [2022-02-24 03:36:54,922] {dag.py:2396} INFO - Sync 1 DAGs
[2022-02-24 03:36:54,969] {logging_mixin.py:109} INFO - [2022-02-24 03:36:54,969] {dag.py:2935} INFO - Setting next_dagrun for tutorial_etl_dag to None
[2022-02-24 03:36:54,991] {processor.py:171} INFO - Processing /home/airflow/.local/lib/python3.7/site-packages/airflow/example_dags/tutorial_etl_dag.py took 0.172 seconds
[2022-02-24 03:37:25,808] {processor.py:163} INFO - Started process (PID=1624) to work on /home/airflow/.local/lib/python3.7/site-packages/airflow/example_dags/tutorial_etl_dag.py
[2022-02-24 03:37:25,818] {processor.py:642} INFO - Processing file /home/airflow/.local/lib/python3.7/site-packages/airflow/example_dags/tutorial_etl_dag.py for tasks to queue
[2022-02-24 03:37:25,825] {logging_mixin.py:109} INFO - [2022-02-24 03:37:25,824] {dagbag.py:500} INFO - Filling up the DagBag from /home/airflow/.local/lib/python3.7/site-packages/airflow/example_dags/tutorial_etl_dag.py
[2022-02-24 03:37:25,916] {processor.py:654} INFO - DAG(s) dict_keys(['tutorial_etl_dag']) retrieved from /home/airflow/.local/lib/python3.7/site-packages/airflow/example_dags/tutorial_etl_dag.py
[2022-02-24 03:37:25,963] {logging_mixin.py:109} INFO - [2022-02-24 03:37:25,963] {dag.py:2396} INFO - Sync 1 DAGs
[2022-02-24 03:37:26,029] {logging_mixin.py:109} INFO - [2022-02-24 03:37:26,028] {dag.py:2935} INFO - Setting next_dagrun for tutorial_etl_dag to None
[2022-02-24 03:37:26,081] {processor.py:171} INFO - Processing /home/airflow/.local/lib/python3.7/site-packages/airflow/example_dags/tutorial_etl_dag.py took 0.282 seconds
[2022-02-24 03:37:56,291] {processor.py:163} INFO - Started process (PID=1714) to work on /home/airflow/.local/lib/python3.7/site-packages/airflow/example_dags/tutorial_etl_dag.py
[2022-02-24 03:37:56,294] {processor.py:642} INFO - Processing file /home/airflow/.local/lib/python3.7/site-packages/airflow/example_dags/tutorial_etl_dag.py for tasks to queue
[2022-02-24 03:37:56,297] {logging_mixin.py:109} INFO - [2022-02-24 03:37:56,296] {dagbag.py:500} INFO - Filling up the DagBag from /home/airflow/.local/lib/python3.7/site-packages/airflow/example_dags/tutorial_etl_dag.py
[2022-02-24 03:37:56,372] {processor.py:654} INFO - DAG(s) dict_keys(['tutorial_etl_dag']) retrieved from /home/airflow/.local/lib/python3.7/site-packages/airflow/example_dags/tutorial_etl_dag.py
[2022-02-24 03:37:56,414] {logging_mixin.py:109} INFO - [2022-02-24 03:37:56,414] {dag.py:2396} INFO - Sync 1 DAGs
[2022-02-24 03:37:56,475] {logging_mixin.py:109} INFO - [2022-02-24 03:37:56,475] {dag.py:2935} INFO - Setting next_dagrun for tutorial_etl_dag to None
[2022-02-24 03:37:56,503] {processor.py:171} INFO - Processing /home/airflow/.local/lib/python3.7/site-packages/airflow/example_dags/tutorial_etl_dag.py took 0.218 seconds
