[2022-02-25 00:46:57,977] {processor.py:163} INFO - Started process (PID=332) to work on /home/airflow/.local/lib/python3.7/site-packages/airflow/example_dags/example_branch_python_dop_operator_3.py
[2022-02-25 00:46:58,008] {processor.py:642} INFO - Processing file /home/airflow/.local/lib/python3.7/site-packages/airflow/example_dags/example_branch_python_dop_operator_3.py for tasks to queue
[2022-02-25 00:46:58,042] {logging_mixin.py:109} INFO - [2022-02-25 00:46:58,029] {dagbag.py:500} INFO - Filling up the DagBag from /home/airflow/.local/lib/python3.7/site-packages/airflow/example_dags/example_branch_python_dop_operator_3.py
[2022-02-25 00:46:58,575] {processor.py:654} INFO - DAG(s) dict_keys(['example_branch_dop_operator_v3']) retrieved from /home/airflow/.local/lib/python3.7/site-packages/airflow/example_dags/example_branch_python_dop_operator_3.py
[2022-02-25 00:46:58,715] {logging_mixin.py:109} INFO - [2022-02-25 00:46:58,708] {dag.py:2396} INFO - Sync 1 DAGs
[2022-02-25 00:46:59,027] {logging_mixin.py:109} INFO - [2022-02-25 00:46:59,026] {dag.py:2935} INFO - Setting next_dagrun for example_branch_dop_operator_v3 to 2022-02-25T00:45:00+00:00
[2022-02-25 00:46:59,124] {processor.py:171} INFO - Processing /home/airflow/.local/lib/python3.7/site-packages/airflow/example_dags/example_branch_python_dop_operator_3.py took 1.203 seconds
[2022-02-25 00:47:53,297] {processor.py:163} INFO - Started process (PID=452) to work on /home/airflow/.local/lib/python3.7/site-packages/airflow/example_dags/example_branch_python_dop_operator_3.py
[2022-02-25 00:47:53,313] {processor.py:642} INFO - Processing file /home/airflow/.local/lib/python3.7/site-packages/airflow/example_dags/example_branch_python_dop_operator_3.py for tasks to queue
[2022-02-25 00:47:53,325] {logging_mixin.py:109} INFO - [2022-02-25 00:47:53,324] {dagbag.py:500} INFO - Filling up the DagBag from /home/airflow/.local/lib/python3.7/site-packages/airflow/example_dags/example_branch_python_dop_operator_3.py
[2022-02-25 00:47:53,603] {processor.py:654} INFO - DAG(s) dict_keys(['example_branch_dop_operator_v3']) retrieved from /home/airflow/.local/lib/python3.7/site-packages/airflow/example_dags/example_branch_python_dop_operator_3.py
[2022-02-25 00:47:53,749] {logging_mixin.py:109} INFO - [2022-02-25 00:47:53,748] {dag.py:2396} INFO - Sync 1 DAGs
[2022-02-25 00:47:54,013] {logging_mixin.py:109} INFO - [2022-02-25 00:47:54,012] {dag.py:2935} INFO - Setting next_dagrun for example_branch_dop_operator_v3 to 2022-02-25T00:46:00+00:00
[2022-02-25 00:47:54,098] {processor.py:171} INFO - Processing /home/airflow/.local/lib/python3.7/site-packages/airflow/example_dags/example_branch_python_dop_operator_3.py took 0.828 seconds
[2022-02-25 00:48:36,740] {processor.py:163} INFO - Started process (PID=559) to work on /home/airflow/.local/lib/python3.7/site-packages/airflow/example_dags/example_branch_python_dop_operator_3.py
[2022-02-25 00:48:36,755] {processor.py:642} INFO - Processing file /home/airflow/.local/lib/python3.7/site-packages/airflow/example_dags/example_branch_python_dop_operator_3.py for tasks to queue
[2022-02-25 00:48:36,767] {logging_mixin.py:109} INFO - [2022-02-25 00:48:36,766] {dagbag.py:500} INFO - Filling up the DagBag from /home/airflow/.local/lib/python3.7/site-packages/airflow/example_dags/example_branch_python_dop_operator_3.py
[2022-02-25 00:48:36,990] {processor.py:654} INFO - DAG(s) dict_keys(['example_branch_dop_operator_v3']) retrieved from /home/airflow/.local/lib/python3.7/site-packages/airflow/example_dags/example_branch_python_dop_operator_3.py
[2022-02-25 00:48:37,058] {logging_mixin.py:109} INFO - [2022-02-25 00:48:37,057] {dag.py:2396} INFO - Sync 1 DAGs
[2022-02-25 00:48:37,260] {logging_mixin.py:109} INFO - [2022-02-25 00:48:37,259] {dag.py:2935} INFO - Setting next_dagrun for example_branch_dop_operator_v3 to 2022-02-25T00:47:00+00:00
[2022-02-25 00:48:37,362] {processor.py:171} INFO - Processing /home/airflow/.local/lib/python3.7/site-packages/airflow/example_dags/example_branch_python_dop_operator_3.py took 0.636 seconds
[2022-02-25 00:49:07,665] {processor.py:163} INFO - Started process (PID=650) to work on /home/airflow/.local/lib/python3.7/site-packages/airflow/example_dags/example_branch_python_dop_operator_3.py
[2022-02-25 00:49:07,673] {processor.py:642} INFO - Processing file /home/airflow/.local/lib/python3.7/site-packages/airflow/example_dags/example_branch_python_dop_operator_3.py for tasks to queue
[2022-02-25 00:49:07,677] {logging_mixin.py:109} INFO - [2022-02-25 00:49:07,676] {dagbag.py:500} INFO - Filling up the DagBag from /home/airflow/.local/lib/python3.7/site-packages/airflow/example_dags/example_branch_python_dop_operator_3.py
[2022-02-25 00:49:07,770] {processor.py:654} INFO - DAG(s) dict_keys(['example_branch_dop_operator_v3']) retrieved from /home/airflow/.local/lib/python3.7/site-packages/airflow/example_dags/example_branch_python_dop_operator_3.py
[2022-02-25 00:49:07,812] {logging_mixin.py:109} INFO - [2022-02-25 00:49:07,812] {dag.py:2396} INFO - Sync 1 DAGs
[2022-02-25 00:49:07,919] {logging_mixin.py:109} INFO - [2022-02-25 00:49:07,918] {dag.py:2935} INFO - Setting next_dagrun for example_branch_dop_operator_v3 to 2022-02-25T00:48:00+00:00
[2022-02-25 00:49:07,961] {processor.py:171} INFO - Processing /home/airflow/.local/lib/python3.7/site-packages/airflow/example_dags/example_branch_python_dop_operator_3.py took 0.304 seconds
[2022-02-25 00:49:38,528] {processor.py:163} INFO - Started process (PID=757) to work on /home/airflow/.local/lib/python3.7/site-packages/airflow/example_dags/example_branch_python_dop_operator_3.py
[2022-02-25 00:49:38,533] {processor.py:642} INFO - Processing file /home/airflow/.local/lib/python3.7/site-packages/airflow/example_dags/example_branch_python_dop_operator_3.py for tasks to queue
[2022-02-25 00:49:38,538] {logging_mixin.py:109} INFO - [2022-02-25 00:49:38,537] {dagbag.py:500} INFO - Filling up the DagBag from /home/airflow/.local/lib/python3.7/site-packages/airflow/example_dags/example_branch_python_dop_operator_3.py
[2022-02-25 00:49:38,624] {processor.py:654} INFO - DAG(s) dict_keys(['example_branch_dop_operator_v3']) retrieved from /home/airflow/.local/lib/python3.7/site-packages/airflow/example_dags/example_branch_python_dop_operator_3.py
[2022-02-25 00:49:38,668] {logging_mixin.py:109} INFO - [2022-02-25 00:49:38,667] {dag.py:2396} INFO - Sync 1 DAGs
[2022-02-25 00:49:38,772] {logging_mixin.py:109} INFO - [2022-02-25 00:49:38,771] {dag.py:2935} INFO - Setting next_dagrun for example_branch_dop_operator_v3 to 2022-02-25T00:48:00+00:00
[2022-02-25 00:49:38,804] {processor.py:171} INFO - Processing /home/airflow/.local/lib/python3.7/site-packages/airflow/example_dags/example_branch_python_dop_operator_3.py took 0.283 seconds
[2022-02-25 00:50:09,393] {processor.py:163} INFO - Started process (PID=855) to work on /home/airflow/.local/lib/python3.7/site-packages/airflow/example_dags/example_branch_python_dop_operator_3.py
[2022-02-25 00:50:09,400] {processor.py:642} INFO - Processing file /home/airflow/.local/lib/python3.7/site-packages/airflow/example_dags/example_branch_python_dop_operator_3.py for tasks to queue
[2022-02-25 00:50:09,405] {logging_mixin.py:109} INFO - [2022-02-25 00:50:09,405] {dagbag.py:500} INFO - Filling up the DagBag from /home/airflow/.local/lib/python3.7/site-packages/airflow/example_dags/example_branch_python_dop_operator_3.py
[2022-02-25 00:50:09,509] {processor.py:654} INFO - DAG(s) dict_keys(['example_branch_dop_operator_v3']) retrieved from /home/airflow/.local/lib/python3.7/site-packages/airflow/example_dags/example_branch_python_dop_operator_3.py
[2022-02-25 00:50:09,556] {logging_mixin.py:109} INFO - [2022-02-25 00:50:09,555] {dag.py:2396} INFO - Sync 1 DAGs
[2022-02-25 00:50:09,682] {logging_mixin.py:109} INFO - [2022-02-25 00:50:09,681] {dag.py:2935} INFO - Setting next_dagrun for example_branch_dop_operator_v3 to 2022-02-25T00:49:00+00:00
[2022-02-25 00:50:09,718] {processor.py:171} INFO - Processing /home/airflow/.local/lib/python3.7/site-packages/airflow/example_dags/example_branch_python_dop_operator_3.py took 0.334 seconds
[2022-02-25 00:50:40,413] {processor.py:163} INFO - Started process (PID=952) to work on /home/airflow/.local/lib/python3.7/site-packages/airflow/example_dags/example_branch_python_dop_operator_3.py
[2022-02-25 00:50:40,421] {processor.py:642} INFO - Processing file /home/airflow/.local/lib/python3.7/site-packages/airflow/example_dags/example_branch_python_dop_operator_3.py for tasks to queue
[2022-02-25 00:50:40,426] {logging_mixin.py:109} INFO - [2022-02-25 00:50:40,426] {dagbag.py:500} INFO - Filling up the DagBag from /home/airflow/.local/lib/python3.7/site-packages/airflow/example_dags/example_branch_python_dop_operator_3.py
[2022-02-25 00:50:40,524] {processor.py:654} INFO - DAG(s) dict_keys(['example_branch_dop_operator_v3']) retrieved from /home/airflow/.local/lib/python3.7/site-packages/airflow/example_dags/example_branch_python_dop_operator_3.py
[2022-02-25 00:50:40,570] {logging_mixin.py:109} INFO - [2022-02-25 00:50:40,569] {dag.py:2396} INFO - Sync 1 DAGs
[2022-02-25 00:50:40,682] {logging_mixin.py:109} INFO - [2022-02-25 00:50:40,681] {dag.py:2935} INFO - Setting next_dagrun for example_branch_dop_operator_v3 to 2022-02-25T00:49:00+00:00
[2022-02-25 00:50:40,717] {processor.py:171} INFO - Processing /home/airflow/.local/lib/python3.7/site-packages/airflow/example_dags/example_branch_python_dop_operator_3.py took 0.313 seconds
[2022-02-25 00:51:10,979] {processor.py:163} INFO - Started process (PID=1057) to work on /home/airflow/.local/lib/python3.7/site-packages/airflow/example_dags/example_branch_python_dop_operator_3.py
[2022-02-25 00:51:10,985] {processor.py:642} INFO - Processing file /home/airflow/.local/lib/python3.7/site-packages/airflow/example_dags/example_branch_python_dop_operator_3.py for tasks to queue
[2022-02-25 00:51:10,989] {logging_mixin.py:109} INFO - [2022-02-25 00:51:10,988] {dagbag.py:500} INFO - Filling up the DagBag from /home/airflow/.local/lib/python3.7/site-packages/airflow/example_dags/example_branch_python_dop_operator_3.py
[2022-02-25 00:51:11,074] {processor.py:654} INFO - DAG(s) dict_keys(['example_branch_dop_operator_v3']) retrieved from /home/airflow/.local/lib/python3.7/site-packages/airflow/example_dags/example_branch_python_dop_operator_3.py
[2022-02-25 00:51:11,117] {logging_mixin.py:109} INFO - [2022-02-25 00:51:11,117] {dag.py:2396} INFO - Sync 1 DAGs
[2022-02-25 00:51:11,231] {logging_mixin.py:109} INFO - [2022-02-25 00:51:11,230] {dag.py:2935} INFO - Setting next_dagrun for example_branch_dop_operator_v3 to 2022-02-25T00:50:00+00:00
[2022-02-25 00:51:11,267] {processor.py:171} INFO - Processing /home/airflow/.local/lib/python3.7/site-packages/airflow/example_dags/example_branch_python_dop_operator_3.py took 0.295 seconds
[2022-02-25 00:51:42,276] {processor.py:163} INFO - Started process (PID=1146) to work on /home/airflow/.local/lib/python3.7/site-packages/airflow/example_dags/example_branch_python_dop_operator_3.py
[2022-02-25 00:51:42,281] {processor.py:642} INFO - Processing file /home/airflow/.local/lib/python3.7/site-packages/airflow/example_dags/example_branch_python_dop_operator_3.py for tasks to queue
[2022-02-25 00:51:42,285] {logging_mixin.py:109} INFO - [2022-02-25 00:51:42,284] {dagbag.py:500} INFO - Filling up the DagBag from /home/airflow/.local/lib/python3.7/site-packages/airflow/example_dags/example_branch_python_dop_operator_3.py
[2022-02-25 00:51:42,368] {processor.py:654} INFO - DAG(s) dict_keys(['example_branch_dop_operator_v3']) retrieved from /home/airflow/.local/lib/python3.7/site-packages/airflow/example_dags/example_branch_python_dop_operator_3.py
[2022-02-25 00:51:42,407] {logging_mixin.py:109} INFO - [2022-02-25 00:51:42,406] {dag.py:2396} INFO - Sync 1 DAGs
[2022-02-25 00:51:42,509] {logging_mixin.py:109} INFO - [2022-02-25 00:51:42,509] {dag.py:2935} INFO - Setting next_dagrun for example_branch_dop_operator_v3 to 2022-02-25T00:50:00+00:00
[2022-02-25 00:51:42,543] {processor.py:171} INFO - Processing /home/airflow/.local/lib/python3.7/site-packages/airflow/example_dags/example_branch_python_dop_operator_3.py took 0.274 seconds
[2022-02-25 00:52:13,212] {processor.py:163} INFO - Started process (PID=1253) to work on /home/airflow/.local/lib/python3.7/site-packages/airflow/example_dags/example_branch_python_dop_operator_3.py
[2022-02-25 00:52:13,219] {processor.py:642} INFO - Processing file /home/airflow/.local/lib/python3.7/site-packages/airflow/example_dags/example_branch_python_dop_operator_3.py for tasks to queue
[2022-02-25 00:52:13,222] {logging_mixin.py:109} INFO - [2022-02-25 00:52:13,221] {dagbag.py:500} INFO - Filling up the DagBag from /home/airflow/.local/lib/python3.7/site-packages/airflow/example_dags/example_branch_python_dop_operator_3.py
[2022-02-25 00:52:13,318] {processor.py:654} INFO - DAG(s) dict_keys(['example_branch_dop_operator_v3']) retrieved from /home/airflow/.local/lib/python3.7/site-packages/airflow/example_dags/example_branch_python_dop_operator_3.py
[2022-02-25 00:52:13,360] {logging_mixin.py:109} INFO - [2022-02-25 00:52:13,359] {dag.py:2396} INFO - Sync 1 DAGs
[2022-02-25 00:52:13,462] {logging_mixin.py:109} INFO - [2022-02-25 00:52:13,461] {dag.py:2935} INFO - Setting next_dagrun for example_branch_dop_operator_v3 to 2022-02-25T00:51:00+00:00
[2022-02-25 00:52:13,494] {processor.py:171} INFO - Processing /home/airflow/.local/lib/python3.7/site-packages/airflow/example_dags/example_branch_python_dop_operator_3.py took 0.289 seconds
[2022-02-25 00:52:43,613] {processor.py:163} INFO - Started process (PID=1342) to work on /home/airflow/.local/lib/python3.7/site-packages/airflow/example_dags/example_branch_python_dop_operator_3.py
[2022-02-25 00:52:43,625] {processor.py:642} INFO - Processing file /home/airflow/.local/lib/python3.7/site-packages/airflow/example_dags/example_branch_python_dop_operator_3.py for tasks to queue
[2022-02-25 00:52:43,630] {logging_mixin.py:109} INFO - [2022-02-25 00:52:43,629] {dagbag.py:500} INFO - Filling up the DagBag from /home/airflow/.local/lib/python3.7/site-packages/airflow/example_dags/example_branch_python_dop_operator_3.py
[2022-02-25 00:52:43,733] {processor.py:654} INFO - DAG(s) dict_keys(['example_branch_dop_operator_v3']) retrieved from /home/airflow/.local/lib/python3.7/site-packages/airflow/example_dags/example_branch_python_dop_operator_3.py
[2022-02-25 00:52:43,776] {logging_mixin.py:109} INFO - [2022-02-25 00:52:43,775] {dag.py:2396} INFO - Sync 1 DAGs
[2022-02-25 00:52:43,891] {logging_mixin.py:109} INFO - [2022-02-25 00:52:43,890] {dag.py:2935} INFO - Setting next_dagrun for example_branch_dop_operator_v3 to 2022-02-25T00:51:00+00:00
[2022-02-25 00:52:43,930] {processor.py:171} INFO - Processing /home/airflow/.local/lib/python3.7/site-packages/airflow/example_dags/example_branch_python_dop_operator_3.py took 0.326 seconds
[2022-02-25 00:53:14,160] {processor.py:163} INFO - Started process (PID=1450) to work on /home/airflow/.local/lib/python3.7/site-packages/airflow/example_dags/example_branch_python_dop_operator_3.py
[2022-02-25 00:53:14,166] {processor.py:642} INFO - Processing file /home/airflow/.local/lib/python3.7/site-packages/airflow/example_dags/example_branch_python_dop_operator_3.py for tasks to queue
[2022-02-25 00:53:14,170] {logging_mixin.py:109} INFO - [2022-02-25 00:53:14,170] {dagbag.py:500} INFO - Filling up the DagBag from /home/airflow/.local/lib/python3.7/site-packages/airflow/example_dags/example_branch_python_dop_operator_3.py
[2022-02-25 00:53:14,285] {processor.py:654} INFO - DAG(s) dict_keys(['example_branch_dop_operator_v3']) retrieved from /home/airflow/.local/lib/python3.7/site-packages/airflow/example_dags/example_branch_python_dop_operator_3.py
[2022-02-25 00:53:14,339] {logging_mixin.py:109} INFO - [2022-02-25 00:53:14,338] {dag.py:2396} INFO - Sync 1 DAGs
[2022-02-25 00:53:14,467] {logging_mixin.py:109} INFO - [2022-02-25 00:53:14,466] {dag.py:2935} INFO - Setting next_dagrun for example_branch_dop_operator_v3 to 2022-02-25T00:52:00+00:00
[2022-02-25 00:53:14,540] {processor.py:171} INFO - Processing /home/airflow/.local/lib/python3.7/site-packages/airflow/example_dags/example_branch_python_dop_operator_3.py took 0.387 seconds
[2022-02-25 00:53:45,505] {processor.py:163} INFO - Started process (PID=1539) to work on /home/airflow/.local/lib/python3.7/site-packages/airflow/example_dags/example_branch_python_dop_operator_3.py
[2022-02-25 00:53:45,512] {processor.py:642} INFO - Processing file /home/airflow/.local/lib/python3.7/site-packages/airflow/example_dags/example_branch_python_dop_operator_3.py for tasks to queue
[2022-02-25 00:53:45,516] {logging_mixin.py:109} INFO - [2022-02-25 00:53:45,515] {dagbag.py:500} INFO - Filling up the DagBag from /home/airflow/.local/lib/python3.7/site-packages/airflow/example_dags/example_branch_python_dop_operator_3.py
[2022-02-25 00:53:45,605] {processor.py:654} INFO - DAG(s) dict_keys(['example_branch_dop_operator_v3']) retrieved from /home/airflow/.local/lib/python3.7/site-packages/airflow/example_dags/example_branch_python_dop_operator_3.py
[2022-02-25 00:53:45,643] {logging_mixin.py:109} INFO - [2022-02-25 00:53:45,642] {dag.py:2396} INFO - Sync 1 DAGs
[2022-02-25 00:53:45,746] {logging_mixin.py:109} INFO - [2022-02-25 00:53:45,746] {dag.py:2935} INFO - Setting next_dagrun for example_branch_dop_operator_v3 to 2022-02-25T00:52:00+00:00
[2022-02-25 00:53:45,787] {processor.py:171} INFO - Processing /home/airflow/.local/lib/python3.7/site-packages/airflow/example_dags/example_branch_python_dop_operator_3.py took 0.290 seconds
[2022-02-25 00:54:16,011] {processor.py:163} INFO - Started process (PID=1647) to work on /home/airflow/.local/lib/python3.7/site-packages/airflow/example_dags/example_branch_python_dop_operator_3.py
[2022-02-25 00:54:16,020] {processor.py:642} INFO - Processing file /home/airflow/.local/lib/python3.7/site-packages/airflow/example_dags/example_branch_python_dop_operator_3.py for tasks to queue
[2022-02-25 00:54:16,026] {logging_mixin.py:109} INFO - [2022-02-25 00:54:16,026] {dagbag.py:500} INFO - Filling up the DagBag from /home/airflow/.local/lib/python3.7/site-packages/airflow/example_dags/example_branch_python_dop_operator_3.py
[2022-02-25 00:54:16,111] {processor.py:654} INFO - DAG(s) dict_keys(['example_branch_dop_operator_v3']) retrieved from /home/airflow/.local/lib/python3.7/site-packages/airflow/example_dags/example_branch_python_dop_operator_3.py
[2022-02-25 00:54:16,157] {logging_mixin.py:109} INFO - [2022-02-25 00:54:16,157] {dag.py:2396} INFO - Sync 1 DAGs
[2022-02-25 00:54:16,278] {logging_mixin.py:109} INFO - [2022-02-25 00:54:16,277] {dag.py:2935} INFO - Setting next_dagrun for example_branch_dop_operator_v3 to 2022-02-25T00:53:00+00:00
[2022-02-25 00:54:16,309] {processor.py:171} INFO - Processing /home/airflow/.local/lib/python3.7/site-packages/airflow/example_dags/example_branch_python_dop_operator_3.py took 0.307 seconds
[2022-02-25 00:54:47,262] {processor.py:163} INFO - Started process (PID=1736) to work on /home/airflow/.local/lib/python3.7/site-packages/airflow/example_dags/example_branch_python_dop_operator_3.py
[2022-02-25 00:54:47,266] {processor.py:642} INFO - Processing file /home/airflow/.local/lib/python3.7/site-packages/airflow/example_dags/example_branch_python_dop_operator_3.py for tasks to queue
[2022-02-25 00:54:47,269] {logging_mixin.py:109} INFO - [2022-02-25 00:54:47,269] {dagbag.py:500} INFO - Filling up the DagBag from /home/airflow/.local/lib/python3.7/site-packages/airflow/example_dags/example_branch_python_dop_operator_3.py
[2022-02-25 00:54:47,351] {processor.py:654} INFO - DAG(s) dict_keys(['example_branch_dop_operator_v3']) retrieved from /home/airflow/.local/lib/python3.7/site-packages/airflow/example_dags/example_branch_python_dop_operator_3.py
[2022-02-25 00:54:47,399] {logging_mixin.py:109} INFO - [2022-02-25 00:54:47,399] {dag.py:2396} INFO - Sync 1 DAGs
[2022-02-25 00:54:47,516] {logging_mixin.py:109} INFO - [2022-02-25 00:54:47,515] {dag.py:2935} INFO - Setting next_dagrun for example_branch_dop_operator_v3 to 2022-02-25T00:53:00+00:00
[2022-02-25 00:54:47,550] {processor.py:171} INFO - Processing /home/airflow/.local/lib/python3.7/site-packages/airflow/example_dags/example_branch_python_dop_operator_3.py took 0.295 seconds
[2022-02-25 00:55:18,103] {processor.py:163} INFO - Started process (PID=1840) to work on /home/airflow/.local/lib/python3.7/site-packages/airflow/example_dags/example_branch_python_dop_operator_3.py
[2022-02-25 00:55:18,114] {processor.py:642} INFO - Processing file /home/airflow/.local/lib/python3.7/site-packages/airflow/example_dags/example_branch_python_dop_operator_3.py for tasks to queue
[2022-02-25 00:55:18,121] {logging_mixin.py:109} INFO - [2022-02-25 00:55:18,120] {dagbag.py:500} INFO - Filling up the DagBag from /home/airflow/.local/lib/python3.7/site-packages/airflow/example_dags/example_branch_python_dop_operator_3.py
[2022-02-25 00:55:18,263] {processor.py:654} INFO - DAG(s) dict_keys(['example_branch_dop_operator_v3']) retrieved from /home/airflow/.local/lib/python3.7/site-packages/airflow/example_dags/example_branch_python_dop_operator_3.py
[2022-02-25 00:55:18,316] {logging_mixin.py:109} INFO - [2022-02-25 00:55:18,316] {dag.py:2396} INFO - Sync 1 DAGs
[2022-02-25 00:55:18,456] {logging_mixin.py:109} INFO - [2022-02-25 00:55:18,455] {dag.py:2935} INFO - Setting next_dagrun for example_branch_dop_operator_v3 to 2022-02-25T00:54:00+00:00
[2022-02-25 00:55:18,498] {processor.py:171} INFO - Processing /home/airflow/.local/lib/python3.7/site-packages/airflow/example_dags/example_branch_python_dop_operator_3.py took 0.408 seconds
[2022-02-25 00:55:48,788] {processor.py:163} INFO - Started process (PID=1942) to work on /home/airflow/.local/lib/python3.7/site-packages/airflow/example_dags/example_branch_python_dop_operator_3.py
[2022-02-25 00:55:48,794] {processor.py:642} INFO - Processing file /home/airflow/.local/lib/python3.7/site-packages/airflow/example_dags/example_branch_python_dop_operator_3.py for tasks to queue
[2022-02-25 00:55:48,798] {logging_mixin.py:109} INFO - [2022-02-25 00:55:48,797] {dagbag.py:500} INFO - Filling up the DagBag from /home/airflow/.local/lib/python3.7/site-packages/airflow/example_dags/example_branch_python_dop_operator_3.py
[2022-02-25 00:55:48,922] {processor.py:654} INFO - DAG(s) dict_keys(['example_branch_dop_operator_v3']) retrieved from /home/airflow/.local/lib/python3.7/site-packages/airflow/example_dags/example_branch_python_dop_operator_3.py
[2022-02-25 00:55:48,973] {logging_mixin.py:109} INFO - [2022-02-25 00:55:48,972] {dag.py:2396} INFO - Sync 1 DAGs
[2022-02-25 00:55:49,099] {logging_mixin.py:109} INFO - [2022-02-25 00:55:49,098] {dag.py:2935} INFO - Setting next_dagrun for example_branch_dop_operator_v3 to 2022-02-25T00:54:00+00:00
[2022-02-25 00:55:49,132] {processor.py:171} INFO - Processing /home/airflow/.local/lib/python3.7/site-packages/airflow/example_dags/example_branch_python_dop_operator_3.py took 0.352 seconds
[2022-02-25 00:56:19,907] {processor.py:163} INFO - Started process (PID=2037) to work on /home/airflow/.local/lib/python3.7/site-packages/airflow/example_dags/example_branch_python_dop_operator_3.py
[2022-02-25 00:56:19,912] {processor.py:642} INFO - Processing file /home/airflow/.local/lib/python3.7/site-packages/airflow/example_dags/example_branch_python_dop_operator_3.py for tasks to queue
[2022-02-25 00:56:19,915] {logging_mixin.py:109} INFO - [2022-02-25 00:56:19,915] {dagbag.py:500} INFO - Filling up the DagBag from /home/airflow/.local/lib/python3.7/site-packages/airflow/example_dags/example_branch_python_dop_operator_3.py
[2022-02-25 00:56:20,006] {processor.py:654} INFO - DAG(s) dict_keys(['example_branch_dop_operator_v3']) retrieved from /home/airflow/.local/lib/python3.7/site-packages/airflow/example_dags/example_branch_python_dop_operator_3.py
[2022-02-25 00:56:20,051] {logging_mixin.py:109} INFO - [2022-02-25 00:56:20,051] {dag.py:2396} INFO - Sync 1 DAGs
[2022-02-25 00:56:20,172] {logging_mixin.py:109} INFO - [2022-02-25 00:56:20,171] {dag.py:2935} INFO - Setting next_dagrun for example_branch_dop_operator_v3 to 2022-02-25T00:55:00+00:00
[2022-02-25 00:56:20,218] {processor.py:171} INFO - Processing /home/airflow/.local/lib/python3.7/site-packages/airflow/example_dags/example_branch_python_dop_operator_3.py took 0.319 seconds
[2022-02-25 00:56:50,562] {processor.py:163} INFO - Started process (PID=2141) to work on /home/airflow/.local/lib/python3.7/site-packages/airflow/example_dags/example_branch_python_dop_operator_3.py
[2022-02-25 00:56:50,571] {processor.py:642} INFO - Processing file /home/airflow/.local/lib/python3.7/site-packages/airflow/example_dags/example_branch_python_dop_operator_3.py for tasks to queue
[2022-02-25 00:56:50,576] {logging_mixin.py:109} INFO - [2022-02-25 00:56:50,576] {dagbag.py:500} INFO - Filling up the DagBag from /home/airflow/.local/lib/python3.7/site-packages/airflow/example_dags/example_branch_python_dop_operator_3.py
[2022-02-25 00:56:50,679] {processor.py:654} INFO - DAG(s) dict_keys(['example_branch_dop_operator_v3']) retrieved from /home/airflow/.local/lib/python3.7/site-packages/airflow/example_dags/example_branch_python_dop_operator_3.py
[2022-02-25 00:56:50,725] {logging_mixin.py:109} INFO - [2022-02-25 00:56:50,724] {dag.py:2396} INFO - Sync 1 DAGs
[2022-02-25 00:56:50,851] {logging_mixin.py:109} INFO - [2022-02-25 00:56:50,850] {dag.py:2935} INFO - Setting next_dagrun for example_branch_dop_operator_v3 to 2022-02-25T00:55:00+00:00
[2022-02-25 00:56:50,888] {processor.py:171} INFO - Processing /home/airflow/.local/lib/python3.7/site-packages/airflow/example_dags/example_branch_python_dop_operator_3.py took 0.336 seconds
[2022-02-25 00:57:21,043] {processor.py:163} INFO - Started process (PID=2230) to work on /home/airflow/.local/lib/python3.7/site-packages/airflow/example_dags/example_branch_python_dop_operator_3.py
[2022-02-25 00:57:21,049] {processor.py:642} INFO - Processing file /home/airflow/.local/lib/python3.7/site-packages/airflow/example_dags/example_branch_python_dop_operator_3.py for tasks to queue
[2022-02-25 00:57:21,053] {logging_mixin.py:109} INFO - [2022-02-25 00:57:21,053] {dagbag.py:500} INFO - Filling up the DagBag from /home/airflow/.local/lib/python3.7/site-packages/airflow/example_dags/example_branch_python_dop_operator_3.py
[2022-02-25 00:57:21,157] {processor.py:654} INFO - DAG(s) dict_keys(['example_branch_dop_operator_v3']) retrieved from /home/airflow/.local/lib/python3.7/site-packages/airflow/example_dags/example_branch_python_dop_operator_3.py
[2022-02-25 00:57:21,205] {logging_mixin.py:109} INFO - [2022-02-25 00:57:21,205] {dag.py:2396} INFO - Sync 1 DAGs
[2022-02-25 00:57:21,329] {logging_mixin.py:109} INFO - [2022-02-25 00:57:21,329] {dag.py:2935} INFO - Setting next_dagrun for example_branch_dop_operator_v3 to 2022-02-25T00:56:00+00:00
[2022-02-25 00:57:21,515] {processor.py:171} INFO - Processing /home/airflow/.local/lib/python3.7/site-packages/airflow/example_dags/example_branch_python_dop_operator_3.py took 0.483 seconds
[2022-02-25 00:57:52,789] {processor.py:163} INFO - Started process (PID=2340) to work on /home/airflow/.local/lib/python3.7/site-packages/airflow/example_dags/example_branch_python_dop_operator_3.py
[2022-02-25 00:57:52,794] {processor.py:642} INFO - Processing file /home/airflow/.local/lib/python3.7/site-packages/airflow/example_dags/example_branch_python_dop_operator_3.py for tasks to queue
[2022-02-25 00:57:52,798] {logging_mixin.py:109} INFO - [2022-02-25 00:57:52,798] {dagbag.py:500} INFO - Filling up the DagBag from /home/airflow/.local/lib/python3.7/site-packages/airflow/example_dags/example_branch_python_dop_operator_3.py
[2022-02-25 00:57:52,887] {processor.py:654} INFO - DAG(s) dict_keys(['example_branch_dop_operator_v3']) retrieved from /home/airflow/.local/lib/python3.7/site-packages/airflow/example_dags/example_branch_python_dop_operator_3.py
[2022-02-25 00:57:52,933] {logging_mixin.py:109} INFO - [2022-02-25 00:57:52,932] {dag.py:2396} INFO - Sync 1 DAGs
[2022-02-25 00:57:53,172] {logging_mixin.py:109} INFO - [2022-02-25 00:57:53,172] {dag.py:2935} INFO - Setting next_dagrun for example_branch_dop_operator_v3 to 2022-02-25T00:56:00+00:00
[2022-02-25 00:57:53,205] {processor.py:171} INFO - Processing /home/airflow/.local/lib/python3.7/site-packages/airflow/example_dags/example_branch_python_dop_operator_3.py took 0.425 seconds
[2022-02-25 00:58:23,329] {processor.py:163} INFO - Started process (PID=2431) to work on /home/airflow/.local/lib/python3.7/site-packages/airflow/example_dags/example_branch_python_dop_operator_3.py
[2022-02-25 00:58:23,336] {processor.py:642} INFO - Processing file /home/airflow/.local/lib/python3.7/site-packages/airflow/example_dags/example_branch_python_dop_operator_3.py for tasks to queue
[2022-02-25 00:58:23,340] {logging_mixin.py:109} INFO - [2022-02-25 00:58:23,340] {dagbag.py:500} INFO - Filling up the DagBag from /home/airflow/.local/lib/python3.7/site-packages/airflow/example_dags/example_branch_python_dop_operator_3.py
[2022-02-25 00:58:23,442] {processor.py:654} INFO - DAG(s) dict_keys(['example_branch_dop_operator_v3']) retrieved from /home/airflow/.local/lib/python3.7/site-packages/airflow/example_dags/example_branch_python_dop_operator_3.py
[2022-02-25 00:58:23,487] {logging_mixin.py:109} INFO - [2022-02-25 00:58:23,487] {dag.py:2396} INFO - Sync 1 DAGs
[2022-02-25 00:58:23,702] {logging_mixin.py:109} INFO - [2022-02-25 00:58:23,701] {dag.py:2935} INFO - Setting next_dagrun for example_branch_dop_operator_v3 to 2022-02-25T00:57:00+00:00
[2022-02-25 00:58:23,733] {processor.py:171} INFO - Processing /home/airflow/.local/lib/python3.7/site-packages/airflow/example_dags/example_branch_python_dop_operator_3.py took 0.412 seconds
[2022-02-25 00:58:53,863] {processor.py:163} INFO - Started process (PID=2538) to work on /home/airflow/.local/lib/python3.7/site-packages/airflow/example_dags/example_branch_python_dop_operator_3.py
[2022-02-25 00:58:53,868] {processor.py:642} INFO - Processing file /home/airflow/.local/lib/python3.7/site-packages/airflow/example_dags/example_branch_python_dop_operator_3.py for tasks to queue
[2022-02-25 00:58:53,872] {logging_mixin.py:109} INFO - [2022-02-25 00:58:53,871] {dagbag.py:500} INFO - Filling up the DagBag from /home/airflow/.local/lib/python3.7/site-packages/airflow/example_dags/example_branch_python_dop_operator_3.py
[2022-02-25 00:58:53,952] {processor.py:654} INFO - DAG(s) dict_keys(['example_branch_dop_operator_v3']) retrieved from /home/airflow/.local/lib/python3.7/site-packages/airflow/example_dags/example_branch_python_dop_operator_3.py
[2022-02-25 00:58:53,989] {logging_mixin.py:109} INFO - [2022-02-25 00:58:53,989] {dag.py:2396} INFO - Sync 1 DAGs
[2022-02-25 00:58:54,194] {logging_mixin.py:109} INFO - [2022-02-25 00:58:54,193] {dag.py:2935} INFO - Setting next_dagrun for example_branch_dop_operator_v3 to 2022-02-25T00:57:00+00:00
[2022-02-25 00:58:54,221] {processor.py:171} INFO - Processing /home/airflow/.local/lib/python3.7/site-packages/airflow/example_dags/example_branch_python_dop_operator_3.py took 0.364 seconds
[2022-02-25 00:59:24,288] {processor.py:163} INFO - Started process (PID=2627) to work on /home/airflow/.local/lib/python3.7/site-packages/airflow/example_dags/example_branch_python_dop_operator_3.py
[2022-02-25 00:59:24,293] {processor.py:642} INFO - Processing file /home/airflow/.local/lib/python3.7/site-packages/airflow/example_dags/example_branch_python_dop_operator_3.py for tasks to queue
[2022-02-25 00:59:24,296] {logging_mixin.py:109} INFO - [2022-02-25 00:59:24,295] {dagbag.py:500} INFO - Filling up the DagBag from /home/airflow/.local/lib/python3.7/site-packages/airflow/example_dags/example_branch_python_dop_operator_3.py
[2022-02-25 00:59:24,384] {processor.py:654} INFO - DAG(s) dict_keys(['example_branch_dop_operator_v3']) retrieved from /home/airflow/.local/lib/python3.7/site-packages/airflow/example_dags/example_branch_python_dop_operator_3.py
[2022-02-25 00:59:24,423] {logging_mixin.py:109} INFO - [2022-02-25 00:59:24,422] {dag.py:2396} INFO - Sync 1 DAGs
[2022-02-25 00:59:24,640] {logging_mixin.py:109} INFO - [2022-02-25 00:59:24,640] {dag.py:2935} INFO - Setting next_dagrun for example_branch_dop_operator_v3 to 2022-02-25T00:58:00+00:00
[2022-02-25 00:59:24,675] {processor.py:171} INFO - Processing /home/airflow/.local/lib/python3.7/site-packages/airflow/example_dags/example_branch_python_dop_operator_3.py took 0.395 seconds
[2022-02-25 00:59:54,744] {processor.py:163} INFO - Started process (PID=2734) to work on /home/airflow/.local/lib/python3.7/site-packages/airflow/example_dags/example_branch_python_dop_operator_3.py
[2022-02-25 00:59:54,751] {processor.py:642} INFO - Processing file /home/airflow/.local/lib/python3.7/site-packages/airflow/example_dags/example_branch_python_dop_operator_3.py for tasks to queue
[2022-02-25 00:59:54,755] {logging_mixin.py:109} INFO - [2022-02-25 00:59:54,755] {dagbag.py:500} INFO - Filling up the DagBag from /home/airflow/.local/lib/python3.7/site-packages/airflow/example_dags/example_branch_python_dop_operator_3.py
[2022-02-25 00:59:54,850] {processor.py:654} INFO - DAG(s) dict_keys(['example_branch_dop_operator_v3']) retrieved from /home/airflow/.local/lib/python3.7/site-packages/airflow/example_dags/example_branch_python_dop_operator_3.py
[2022-02-25 00:59:55,030] {logging_mixin.py:109} INFO - [2022-02-25 00:59:55,029] {dag.py:2396} INFO - Sync 1 DAGs
[2022-02-25 00:59:55,146] {logging_mixin.py:109} INFO - [2022-02-25 00:59:55,145] {dag.py:2935} INFO - Setting next_dagrun for example_branch_dop_operator_v3 to 2022-02-25T00:58:00+00:00
[2022-02-25 00:59:55,192] {processor.py:171} INFO - Processing /home/airflow/.local/lib/python3.7/site-packages/airflow/example_dags/example_branch_python_dop_operator_3.py took 0.455 seconds
[2022-02-25 01:00:25,767] {processor.py:163} INFO - Started process (PID=2823) to work on /home/airflow/.local/lib/python3.7/site-packages/airflow/example_dags/example_branch_python_dop_operator_3.py
[2022-02-25 01:00:25,772] {processor.py:642} INFO - Processing file /home/airflow/.local/lib/python3.7/site-packages/airflow/example_dags/example_branch_python_dop_operator_3.py for tasks to queue
[2022-02-25 01:00:25,776] {logging_mixin.py:109} INFO - [2022-02-25 01:00:25,776] {dagbag.py:500} INFO - Filling up the DagBag from /home/airflow/.local/lib/python3.7/site-packages/airflow/example_dags/example_branch_python_dop_operator_3.py
[2022-02-25 01:00:26,002] {processor.py:654} INFO - DAG(s) dict_keys(['example_branch_dop_operator_v3']) retrieved from /home/airflow/.local/lib/python3.7/site-packages/airflow/example_dags/example_branch_python_dop_operator_3.py
[2022-02-25 01:00:26,041] {logging_mixin.py:109} INFO - [2022-02-25 01:00:26,041] {dag.py:2396} INFO - Sync 1 DAGs
[2022-02-25 01:00:26,142] {logging_mixin.py:109} INFO - [2022-02-25 01:00:26,141] {dag.py:2935} INFO - Setting next_dagrun for example_branch_dop_operator_v3 to 2022-02-25T00:59:00+00:00
[2022-02-25 01:00:26,179] {processor.py:171} INFO - Processing /home/airflow/.local/lib/python3.7/site-packages/airflow/example_dags/example_branch_python_dop_operator_3.py took 0.420 seconds
[2022-02-25 01:00:57,267] {processor.py:163} INFO - Started process (PID=2929) to work on /home/airflow/.local/lib/python3.7/site-packages/airflow/example_dags/example_branch_python_dop_operator_3.py
[2022-02-25 01:00:57,272] {processor.py:642} INFO - Processing file /home/airflow/.local/lib/python3.7/site-packages/airflow/example_dags/example_branch_python_dop_operator_3.py for tasks to queue
[2022-02-25 01:00:57,275] {logging_mixin.py:109} INFO - [2022-02-25 01:00:57,275] {dagbag.py:500} INFO - Filling up the DagBag from /home/airflow/.local/lib/python3.7/site-packages/airflow/example_dags/example_branch_python_dop_operator_3.py
[2022-02-25 01:00:57,479] {processor.py:654} INFO - DAG(s) dict_keys(['example_branch_dop_operator_v3']) retrieved from /home/airflow/.local/lib/python3.7/site-packages/airflow/example_dags/example_branch_python_dop_operator_3.py
[2022-02-25 01:00:57,516] {logging_mixin.py:109} INFO - [2022-02-25 01:00:57,515] {dag.py:2396} INFO - Sync 1 DAGs
[2022-02-25 01:00:57,614] {logging_mixin.py:109} INFO - [2022-02-25 01:00:57,613] {dag.py:2935} INFO - Setting next_dagrun for example_branch_dop_operator_v3 to 2022-02-25T00:59:00+00:00
[2022-02-25 01:00:57,646] {processor.py:171} INFO - Processing /home/airflow/.local/lib/python3.7/site-packages/airflow/example_dags/example_branch_python_dop_operator_3.py took 0.387 seconds
[2022-02-25 01:01:28,144] {processor.py:163} INFO - Started process (PID=3018) to work on /home/airflow/.local/lib/python3.7/site-packages/airflow/example_dags/example_branch_python_dop_operator_3.py
[2022-02-25 01:01:28,158] {processor.py:642} INFO - Processing file /home/airflow/.local/lib/python3.7/site-packages/airflow/example_dags/example_branch_python_dop_operator_3.py for tasks to queue
[2022-02-25 01:01:28,162] {logging_mixin.py:109} INFO - [2022-02-25 01:01:28,161] {dagbag.py:500} INFO - Filling up the DagBag from /home/airflow/.local/lib/python3.7/site-packages/airflow/example_dags/example_branch_python_dop_operator_3.py
[2022-02-25 01:01:28,399] {processor.py:654} INFO - DAG(s) dict_keys(['example_branch_dop_operator_v3']) retrieved from /home/airflow/.local/lib/python3.7/site-packages/airflow/example_dags/example_branch_python_dop_operator_3.py
[2022-02-25 01:01:28,449] {logging_mixin.py:109} INFO - [2022-02-25 01:01:28,449] {dag.py:2396} INFO - Sync 1 DAGs
[2022-02-25 01:01:28,562] {logging_mixin.py:109} INFO - [2022-02-25 01:01:28,562] {dag.py:2935} INFO - Setting next_dagrun for example_branch_dop_operator_v3 to 2022-02-25T01:00:00+00:00
[2022-02-25 01:01:28,593] {processor.py:171} INFO - Processing /home/airflow/.local/lib/python3.7/site-packages/airflow/example_dags/example_branch_python_dop_operator_3.py took 0.457 seconds
[2022-02-25 01:01:58,730] {processor.py:163} INFO - Started process (PID=3122) to work on /home/airflow/.local/lib/python3.7/site-packages/airflow/example_dags/example_branch_python_dop_operator_3.py
[2022-02-25 01:01:58,735] {processor.py:642} INFO - Processing file /home/airflow/.local/lib/python3.7/site-packages/airflow/example_dags/example_branch_python_dop_operator_3.py for tasks to queue
[2022-02-25 01:01:58,738] {logging_mixin.py:109} INFO - [2022-02-25 01:01:58,738] {dagbag.py:500} INFO - Filling up the DagBag from /home/airflow/.local/lib/python3.7/site-packages/airflow/example_dags/example_branch_python_dop_operator_3.py
[2022-02-25 01:01:58,968] {processor.py:654} INFO - DAG(s) dict_keys(['example_branch_dop_operator_v3']) retrieved from /home/airflow/.local/lib/python3.7/site-packages/airflow/example_dags/example_branch_python_dop_operator_3.py
[2022-02-25 01:01:59,015] {logging_mixin.py:109} INFO - [2022-02-25 01:01:59,014] {dag.py:2396} INFO - Sync 1 DAGs
[2022-02-25 01:01:59,115] {logging_mixin.py:109} INFO - [2022-02-25 01:01:59,114] {dag.py:2935} INFO - Setting next_dagrun for example_branch_dop_operator_v3 to 2022-02-25T01:00:00+00:00
[2022-02-25 01:01:59,148] {processor.py:171} INFO - Processing /home/airflow/.local/lib/python3.7/site-packages/airflow/example_dags/example_branch_python_dop_operator_3.py took 0.427 seconds
[2022-02-25 01:02:29,646] {processor.py:163} INFO - Started process (PID=3221) to work on /home/airflow/.local/lib/python3.7/site-packages/airflow/example_dags/example_branch_python_dop_operator_3.py
[2022-02-25 01:02:29,652] {processor.py:642} INFO - Processing file /home/airflow/.local/lib/python3.7/site-packages/airflow/example_dags/example_branch_python_dop_operator_3.py for tasks to queue
[2022-02-25 01:02:29,655] {logging_mixin.py:109} INFO - [2022-02-25 01:02:29,655] {dagbag.py:500} INFO - Filling up the DagBag from /home/airflow/.local/lib/python3.7/site-packages/airflow/example_dags/example_branch_python_dop_operator_3.py
[2022-02-25 01:02:29,741] {processor.py:654} INFO - DAG(s) dict_keys(['example_branch_dop_operator_v3']) retrieved from /home/airflow/.local/lib/python3.7/site-packages/airflow/example_dags/example_branch_python_dop_operator_3.py
[2022-02-25 01:02:29,781] {logging_mixin.py:109} INFO - [2022-02-25 01:02:29,781] {dag.py:2396} INFO - Sync 1 DAGs
[2022-02-25 01:02:29,890] {logging_mixin.py:109} INFO - [2022-02-25 01:02:29,889] {dag.py:2935} INFO - Setting next_dagrun for example_branch_dop_operator_v3 to 2022-02-25T01:01:00+00:00
[2022-02-25 01:02:29,927] {processor.py:171} INFO - Processing /home/airflow/.local/lib/python3.7/site-packages/airflow/example_dags/example_branch_python_dop_operator_3.py took 0.290 seconds
[2022-02-25 01:03:00,312] {processor.py:163} INFO - Started process (PID=3316) to work on /home/airflow/.local/lib/python3.7/site-packages/airflow/example_dags/example_branch_python_dop_operator_3.py
[2022-02-25 01:03:00,321] {processor.py:642} INFO - Processing file /home/airflow/.local/lib/python3.7/site-packages/airflow/example_dags/example_branch_python_dop_operator_3.py for tasks to queue
[2022-02-25 01:03:00,325] {logging_mixin.py:109} INFO - [2022-02-25 01:03:00,325] {dagbag.py:500} INFO - Filling up the DagBag from /home/airflow/.local/lib/python3.7/site-packages/airflow/example_dags/example_branch_python_dop_operator_3.py
[2022-02-25 01:03:00,429] {processor.py:654} INFO - DAG(s) dict_keys(['example_branch_dop_operator_v3']) retrieved from /home/airflow/.local/lib/python3.7/site-packages/airflow/example_dags/example_branch_python_dop_operator_3.py
[2022-02-25 01:03:00,478] {logging_mixin.py:109} INFO - [2022-02-25 01:03:00,478] {dag.py:2396} INFO - Sync 1 DAGs
[2022-02-25 01:03:00,596] {logging_mixin.py:109} INFO - [2022-02-25 01:03:00,595] {dag.py:2935} INFO - Setting next_dagrun for example_branch_dop_operator_v3 to 2022-02-25T01:02:00+00:00
[2022-02-25 01:03:00,636] {processor.py:171} INFO - Processing /home/airflow/.local/lib/python3.7/site-packages/airflow/example_dags/example_branch_python_dop_operator_3.py took 0.334 seconds
[2022-02-25 01:03:31,198] {processor.py:163} INFO - Started process (PID=3422) to work on /home/airflow/.local/lib/python3.7/site-packages/airflow/example_dags/example_branch_python_dop_operator_3.py
[2022-02-25 01:03:31,203] {processor.py:642} INFO - Processing file /home/airflow/.local/lib/python3.7/site-packages/airflow/example_dags/example_branch_python_dop_operator_3.py for tasks to queue
[2022-02-25 01:03:31,206] {logging_mixin.py:109} INFO - [2022-02-25 01:03:31,206] {dagbag.py:500} INFO - Filling up the DagBag from /home/airflow/.local/lib/python3.7/site-packages/airflow/example_dags/example_branch_python_dop_operator_3.py
[2022-02-25 01:03:31,329] {processor.py:654} INFO - DAG(s) dict_keys(['example_branch_dop_operator_v3']) retrieved from /home/airflow/.local/lib/python3.7/site-packages/airflow/example_dags/example_branch_python_dop_operator_3.py
[2022-02-25 01:03:31,395] {logging_mixin.py:109} INFO - [2022-02-25 01:03:31,394] {dag.py:2396} INFO - Sync 1 DAGs
[2022-02-25 01:03:31,537] {logging_mixin.py:109} INFO - [2022-02-25 01:03:31,536] {dag.py:2935} INFO - Setting next_dagrun for example_branch_dop_operator_v3 to 2022-02-25T01:02:00+00:00
[2022-02-25 01:03:31,572] {processor.py:171} INFO - Processing /home/airflow/.local/lib/python3.7/site-packages/airflow/example_dags/example_branch_python_dop_operator_3.py took 0.385 seconds
[2022-02-25 01:04:01,868] {processor.py:163} INFO - Started process (PID=3510) to work on /home/airflow/.local/lib/python3.7/site-packages/airflow/example_dags/example_branch_python_dop_operator_3.py
[2022-02-25 01:04:01,874] {processor.py:642} INFO - Processing file /home/airflow/.local/lib/python3.7/site-packages/airflow/example_dags/example_branch_python_dop_operator_3.py for tasks to queue
[2022-02-25 01:04:01,879] {logging_mixin.py:109} INFO - [2022-02-25 01:04:01,878] {dagbag.py:500} INFO - Filling up the DagBag from /home/airflow/.local/lib/python3.7/site-packages/airflow/example_dags/example_branch_python_dop_operator_3.py
[2022-02-25 01:04:01,966] {processor.py:654} INFO - DAG(s) dict_keys(['example_branch_dop_operator_v3']) retrieved from /home/airflow/.local/lib/python3.7/site-packages/airflow/example_dags/example_branch_python_dop_operator_3.py
[2022-02-25 01:04:02,006] {logging_mixin.py:109} INFO - [2022-02-25 01:04:02,006] {dag.py:2396} INFO - Sync 1 DAGs
[2022-02-25 01:04:02,112] {logging_mixin.py:109} INFO - [2022-02-25 01:04:02,112] {dag.py:2935} INFO - Setting next_dagrun for example_branch_dop_operator_v3 to 2022-02-25T01:03:00+00:00
[2022-02-25 01:04:02,149] {processor.py:171} INFO - Processing /home/airflow/.local/lib/python3.7/site-packages/airflow/example_dags/example_branch_python_dop_operator_3.py took 0.291 seconds
[2022-02-25 01:04:32,916] {processor.py:163} INFO - Started process (PID=3616) to work on /home/airflow/.local/lib/python3.7/site-packages/airflow/example_dags/example_branch_python_dop_operator_3.py
[2022-02-25 01:04:32,930] {processor.py:642} INFO - Processing file /home/airflow/.local/lib/python3.7/site-packages/airflow/example_dags/example_branch_python_dop_operator_3.py for tasks to queue
[2022-02-25 01:04:32,942] {logging_mixin.py:109} INFO - [2022-02-25 01:04:32,942] {dagbag.py:500} INFO - Filling up the DagBag from /home/airflow/.local/lib/python3.7/site-packages/airflow/example_dags/example_branch_python_dop_operator_3.py
[2022-02-25 01:04:33,042] {processor.py:654} INFO - DAG(s) dict_keys(['example_branch_dop_operator_v3']) retrieved from /home/airflow/.local/lib/python3.7/site-packages/airflow/example_dags/example_branch_python_dop_operator_3.py
[2022-02-25 01:04:33,089] {logging_mixin.py:109} INFO - [2022-02-25 01:04:33,089] {dag.py:2396} INFO - Sync 1 DAGs
[2022-02-25 01:04:33,201] {logging_mixin.py:109} INFO - [2022-02-25 01:04:33,200] {dag.py:2935} INFO - Setting next_dagrun for example_branch_dop_operator_v3 to 2022-02-25T01:03:00+00:00
[2022-02-25 01:04:33,233] {processor.py:171} INFO - Processing /home/airflow/.local/lib/python3.7/site-packages/airflow/example_dags/example_branch_python_dop_operator_3.py took 0.325 seconds
[2022-02-25 01:05:03,900] {processor.py:163} INFO - Started process (PID=3705) to work on /home/airflow/.local/lib/python3.7/site-packages/airflow/example_dags/example_branch_python_dop_operator_3.py
[2022-02-25 01:05:03,905] {processor.py:642} INFO - Processing file /home/airflow/.local/lib/python3.7/site-packages/airflow/example_dags/example_branch_python_dop_operator_3.py for tasks to queue
[2022-02-25 01:05:03,908] {logging_mixin.py:109} INFO - [2022-02-25 01:05:03,907] {dagbag.py:500} INFO - Filling up the DagBag from /home/airflow/.local/lib/python3.7/site-packages/airflow/example_dags/example_branch_python_dop_operator_3.py
[2022-02-25 01:05:03,993] {processor.py:654} INFO - DAG(s) dict_keys(['example_branch_dop_operator_v3']) retrieved from /home/airflow/.local/lib/python3.7/site-packages/airflow/example_dags/example_branch_python_dop_operator_3.py
[2022-02-25 01:05:04,032] {logging_mixin.py:109} INFO - [2022-02-25 01:05:04,032] {dag.py:2396} INFO - Sync 1 DAGs
[2022-02-25 01:05:04,129] {logging_mixin.py:109} INFO - [2022-02-25 01:05:04,128] {dag.py:2935} INFO - Setting next_dagrun for example_branch_dop_operator_v3 to 2022-02-25T01:04:00+00:00
[2022-02-25 01:05:04,164] {processor.py:171} INFO - Processing /home/airflow/.local/lib/python3.7/site-packages/airflow/example_dags/example_branch_python_dop_operator_3.py took 0.271 seconds
[2022-02-25 01:05:34,422] {processor.py:163} INFO - Started process (PID=3811) to work on /home/airflow/.local/lib/python3.7/site-packages/airflow/example_dags/example_branch_python_dop_operator_3.py
[2022-02-25 01:05:34,426] {processor.py:642} INFO - Processing file /home/airflow/.local/lib/python3.7/site-packages/airflow/example_dags/example_branch_python_dop_operator_3.py for tasks to queue
[2022-02-25 01:05:34,429] {logging_mixin.py:109} INFO - [2022-02-25 01:05:34,429] {dagbag.py:500} INFO - Filling up the DagBag from /home/airflow/.local/lib/python3.7/site-packages/airflow/example_dags/example_branch_python_dop_operator_3.py
[2022-02-25 01:05:34,504] {processor.py:654} INFO - DAG(s) dict_keys(['example_branch_dop_operator_v3']) retrieved from /home/airflow/.local/lib/python3.7/site-packages/airflow/example_dags/example_branch_python_dop_operator_3.py
[2022-02-25 01:05:34,540] {logging_mixin.py:109} INFO - [2022-02-25 01:05:34,539] {dag.py:2396} INFO - Sync 1 DAGs
[2022-02-25 01:05:34,634] {logging_mixin.py:109} INFO - [2022-02-25 01:05:34,634] {dag.py:2935} INFO - Setting next_dagrun for example_branch_dop_operator_v3 to 2022-02-25T01:04:00+00:00
[2022-02-25 01:05:34,663] {processor.py:171} INFO - Processing /home/airflow/.local/lib/python3.7/site-packages/airflow/example_dags/example_branch_python_dop_operator_3.py took 0.247 seconds
[2022-02-25 01:06:05,324] {processor.py:163} INFO - Started process (PID=3898) to work on /home/airflow/.local/lib/python3.7/site-packages/airflow/example_dags/example_branch_python_dop_operator_3.py
[2022-02-25 01:06:05,330] {processor.py:642} INFO - Processing file /home/airflow/.local/lib/python3.7/site-packages/airflow/example_dags/example_branch_python_dop_operator_3.py for tasks to queue
[2022-02-25 01:06:05,334] {logging_mixin.py:109} INFO - [2022-02-25 01:06:05,334] {dagbag.py:500} INFO - Filling up the DagBag from /home/airflow/.local/lib/python3.7/site-packages/airflow/example_dags/example_branch_python_dop_operator_3.py
[2022-02-25 01:06:05,414] {processor.py:654} INFO - DAG(s) dict_keys(['example_branch_dop_operator_v3']) retrieved from /home/airflow/.local/lib/python3.7/site-packages/airflow/example_dags/example_branch_python_dop_operator_3.py
[2022-02-25 01:06:05,452] {logging_mixin.py:109} INFO - [2022-02-25 01:06:05,451] {dag.py:2396} INFO - Sync 1 DAGs
[2022-02-25 01:06:05,547] {logging_mixin.py:109} INFO - [2022-02-25 01:06:05,547] {dag.py:2935} INFO - Setting next_dagrun for example_branch_dop_operator_v3 to 2022-02-25T01:05:00+00:00
[2022-02-25 01:06:05,577] {processor.py:171} INFO - Processing /home/airflow/.local/lib/python3.7/site-packages/airflow/example_dags/example_branch_python_dop_operator_3.py took 0.260 seconds
[2022-02-25 01:06:35,625] {processor.py:163} INFO - Started process (PID=4004) to work on /home/airflow/.local/lib/python3.7/site-packages/airflow/example_dags/example_branch_python_dop_operator_3.py
[2022-02-25 01:06:35,630] {processor.py:642} INFO - Processing file /home/airflow/.local/lib/python3.7/site-packages/airflow/example_dags/example_branch_python_dop_operator_3.py for tasks to queue
[2022-02-25 01:06:35,633] {logging_mixin.py:109} INFO - [2022-02-25 01:06:35,633] {dagbag.py:500} INFO - Filling up the DagBag from /home/airflow/.local/lib/python3.7/site-packages/airflow/example_dags/example_branch_python_dop_operator_3.py
[2022-02-25 01:06:35,712] {processor.py:654} INFO - DAG(s) dict_keys(['example_branch_dop_operator_v3']) retrieved from /home/airflow/.local/lib/python3.7/site-packages/airflow/example_dags/example_branch_python_dop_operator_3.py
[2022-02-25 01:06:35,749] {logging_mixin.py:109} INFO - [2022-02-25 01:06:35,749] {dag.py:2396} INFO - Sync 1 DAGs
[2022-02-25 01:06:35,848] {logging_mixin.py:109} INFO - [2022-02-25 01:06:35,848] {dag.py:2935} INFO - Setting next_dagrun for example_branch_dop_operator_v3 to 2022-02-25T01:05:00+00:00
[2022-02-25 01:06:35,877] {processor.py:171} INFO - Processing /home/airflow/.local/lib/python3.7/site-packages/airflow/example_dags/example_branch_python_dop_operator_3.py took 0.260 seconds
[2022-02-25 01:07:06,315] {processor.py:163} INFO - Started process (PID=4093) to work on /home/airflow/.local/lib/python3.7/site-packages/airflow/example_dags/example_branch_python_dop_operator_3.py
[2022-02-25 01:07:06,320] {processor.py:642} INFO - Processing file /home/airflow/.local/lib/python3.7/site-packages/airflow/example_dags/example_branch_python_dop_operator_3.py for tasks to queue
[2022-02-25 01:07:06,324] {logging_mixin.py:109} INFO - [2022-02-25 01:07:06,324] {dagbag.py:500} INFO - Filling up the DagBag from /home/airflow/.local/lib/python3.7/site-packages/airflow/example_dags/example_branch_python_dop_operator_3.py
[2022-02-25 01:07:06,401] {processor.py:654} INFO - DAG(s) dict_keys(['example_branch_dop_operator_v3']) retrieved from /home/airflow/.local/lib/python3.7/site-packages/airflow/example_dags/example_branch_python_dop_operator_3.py
[2022-02-25 01:07:06,443] {logging_mixin.py:109} INFO - [2022-02-25 01:07:06,442] {dag.py:2396} INFO - Sync 1 DAGs
[2022-02-25 01:07:06,542] {logging_mixin.py:109} INFO - [2022-02-25 01:07:06,541] {dag.py:2935} INFO - Setting next_dagrun for example_branch_dop_operator_v3 to 2022-02-25T01:06:00+00:00
[2022-02-25 01:07:06,573] {processor.py:171} INFO - Processing /home/airflow/.local/lib/python3.7/site-packages/airflow/example_dags/example_branch_python_dop_operator_3.py took 0.264 seconds
[2022-02-25 01:07:36,673] {processor.py:163} INFO - Started process (PID=4197) to work on /home/airflow/.local/lib/python3.7/site-packages/airflow/example_dags/example_branch_python_dop_operator_3.py
[2022-02-25 01:07:36,679] {processor.py:642} INFO - Processing file /home/airflow/.local/lib/python3.7/site-packages/airflow/example_dags/example_branch_python_dop_operator_3.py for tasks to queue
[2022-02-25 01:07:36,683] {logging_mixin.py:109} INFO - [2022-02-25 01:07:36,683] {dagbag.py:500} INFO - Filling up the DagBag from /home/airflow/.local/lib/python3.7/site-packages/airflow/example_dags/example_branch_python_dop_operator_3.py
[2022-02-25 01:07:36,760] {processor.py:654} INFO - DAG(s) dict_keys(['example_branch_dop_operator_v3']) retrieved from /home/airflow/.local/lib/python3.7/site-packages/airflow/example_dags/example_branch_python_dop_operator_3.py
[2022-02-25 01:07:36,796] {logging_mixin.py:109} INFO - [2022-02-25 01:07:36,796] {dag.py:2396} INFO - Sync 1 DAGs
[2022-02-25 01:07:36,888] {logging_mixin.py:109} INFO - [2022-02-25 01:07:36,888] {dag.py:2935} INFO - Setting next_dagrun for example_branch_dop_operator_v3 to 2022-02-25T01:06:00+00:00
[2022-02-25 01:07:36,916] {processor.py:171} INFO - Processing /home/airflow/.local/lib/python3.7/site-packages/airflow/example_dags/example_branch_python_dop_operator_3.py took 0.250 seconds
[2022-02-25 01:08:07,263] {processor.py:163} INFO - Started process (PID=4287) to work on /home/airflow/.local/lib/python3.7/site-packages/airflow/example_dags/example_branch_python_dop_operator_3.py
[2022-02-25 01:08:07,268] {processor.py:642} INFO - Processing file /home/airflow/.local/lib/python3.7/site-packages/airflow/example_dags/example_branch_python_dop_operator_3.py for tasks to queue
[2022-02-25 01:08:07,271] {logging_mixin.py:109} INFO - [2022-02-25 01:08:07,271] {dagbag.py:500} INFO - Filling up the DagBag from /home/airflow/.local/lib/python3.7/site-packages/airflow/example_dags/example_branch_python_dop_operator_3.py
[2022-02-25 01:08:07,346] {processor.py:654} INFO - DAG(s) dict_keys(['example_branch_dop_operator_v3']) retrieved from /home/airflow/.local/lib/python3.7/site-packages/airflow/example_dags/example_branch_python_dop_operator_3.py
[2022-02-25 01:08:07,381] {logging_mixin.py:109} INFO - [2022-02-25 01:08:07,381] {dag.py:2396} INFO - Sync 1 DAGs
[2022-02-25 01:08:07,472] {logging_mixin.py:109} INFO - [2022-02-25 01:08:07,472] {dag.py:2935} INFO - Setting next_dagrun for example_branch_dop_operator_v3 to 2022-02-25T01:07:00+00:00
[2022-02-25 01:08:07,501] {processor.py:171} INFO - Processing /home/airflow/.local/lib/python3.7/site-packages/airflow/example_dags/example_branch_python_dop_operator_3.py took 0.245 seconds
[2022-02-25 01:08:37,558] {processor.py:163} INFO - Started process (PID=4395) to work on /home/airflow/.local/lib/python3.7/site-packages/airflow/example_dags/example_branch_python_dop_operator_3.py
[2022-02-25 01:08:37,563] {processor.py:642} INFO - Processing file /home/airflow/.local/lib/python3.7/site-packages/airflow/example_dags/example_branch_python_dop_operator_3.py for tasks to queue
[2022-02-25 01:08:37,566] {logging_mixin.py:109} INFO - [2022-02-25 01:08:37,566] {dagbag.py:500} INFO - Filling up the DagBag from /home/airflow/.local/lib/python3.7/site-packages/airflow/example_dags/example_branch_python_dop_operator_3.py
[2022-02-25 01:08:37,641] {processor.py:654} INFO - DAG(s) dict_keys(['example_branch_dop_operator_v3']) retrieved from /home/airflow/.local/lib/python3.7/site-packages/airflow/example_dags/example_branch_python_dop_operator_3.py
[2022-02-25 01:08:37,680] {logging_mixin.py:109} INFO - [2022-02-25 01:08:37,679] {dag.py:2396} INFO - Sync 1 DAGs
[2022-02-25 01:08:37,777] {logging_mixin.py:109} INFO - [2022-02-25 01:08:37,777] {dag.py:2935} INFO - Setting next_dagrun for example_branch_dop_operator_v3 to 2022-02-25T01:07:00+00:00
[2022-02-25 01:08:37,806] {processor.py:171} INFO - Processing /home/airflow/.local/lib/python3.7/site-packages/airflow/example_dags/example_branch_python_dop_operator_3.py took 0.255 seconds
[2022-02-25 01:09:07,861] {processor.py:163} INFO - Started process (PID=4484) to work on /home/airflow/.local/lib/python3.7/site-packages/airflow/example_dags/example_branch_python_dop_operator_3.py
[2022-02-25 01:09:07,868] {processor.py:642} INFO - Processing file /home/airflow/.local/lib/python3.7/site-packages/airflow/example_dags/example_branch_python_dop_operator_3.py for tasks to queue
[2022-02-25 01:09:07,872] {logging_mixin.py:109} INFO - [2022-02-25 01:09:07,871] {dagbag.py:500} INFO - Filling up the DagBag from /home/airflow/.local/lib/python3.7/site-packages/airflow/example_dags/example_branch_python_dop_operator_3.py
[2022-02-25 01:09:07,955] {processor.py:654} INFO - DAG(s) dict_keys(['example_branch_dop_operator_v3']) retrieved from /home/airflow/.local/lib/python3.7/site-packages/airflow/example_dags/example_branch_python_dop_operator_3.py
[2022-02-25 01:09:07,997] {logging_mixin.py:109} INFO - [2022-02-25 01:09:07,996] {dag.py:2396} INFO - Sync 1 DAGs
[2022-02-25 01:09:08,092] {logging_mixin.py:109} INFO - [2022-02-25 01:09:08,091] {dag.py:2935} INFO - Setting next_dagrun for example_branch_dop_operator_v3 to 2022-02-25T01:08:00+00:00
[2022-02-25 01:09:08,121] {processor.py:171} INFO - Processing /home/airflow/.local/lib/python3.7/site-packages/airflow/example_dags/example_branch_python_dop_operator_3.py took 0.267 seconds
[2022-02-25 01:09:38,285] {processor.py:163} INFO - Started process (PID=4590) to work on /home/airflow/.local/lib/python3.7/site-packages/airflow/example_dags/example_branch_python_dop_operator_3.py
[2022-02-25 01:09:38,290] {processor.py:642} INFO - Processing file /home/airflow/.local/lib/python3.7/site-packages/airflow/example_dags/example_branch_python_dop_operator_3.py for tasks to queue
[2022-02-25 01:09:38,293] {logging_mixin.py:109} INFO - [2022-02-25 01:09:38,293] {dagbag.py:500} INFO - Filling up the DagBag from /home/airflow/.local/lib/python3.7/site-packages/airflow/example_dags/example_branch_python_dop_operator_3.py
[2022-02-25 01:09:38,383] {processor.py:654} INFO - DAG(s) dict_keys(['example_branch_dop_operator_v3']) retrieved from /home/airflow/.local/lib/python3.7/site-packages/airflow/example_dags/example_branch_python_dop_operator_3.py
[2022-02-25 01:09:38,424] {logging_mixin.py:109} INFO - [2022-02-25 01:09:38,424] {dag.py:2396} INFO - Sync 1 DAGs
[2022-02-25 01:09:38,519] {logging_mixin.py:109} INFO - [2022-02-25 01:09:38,518] {dag.py:2935} INFO - Setting next_dagrun for example_branch_dop_operator_v3 to 2022-02-25T01:08:00+00:00
[2022-02-25 01:09:38,548] {processor.py:171} INFO - Processing /home/airflow/.local/lib/python3.7/site-packages/airflow/example_dags/example_branch_python_dop_operator_3.py took 0.272 seconds
[2022-02-25 01:10:09,284] {processor.py:163} INFO - Started process (PID=4691) to work on /home/airflow/.local/lib/python3.7/site-packages/airflow/example_dags/example_branch_python_dop_operator_3.py
[2022-02-25 01:10:09,289] {processor.py:642} INFO - Processing file /home/airflow/.local/lib/python3.7/site-packages/airflow/example_dags/example_branch_python_dop_operator_3.py for tasks to queue
[2022-02-25 01:10:09,292] {logging_mixin.py:109} INFO - [2022-02-25 01:10:09,292] {dagbag.py:500} INFO - Filling up the DagBag from /home/airflow/.local/lib/python3.7/site-packages/airflow/example_dags/example_branch_python_dop_operator_3.py
[2022-02-25 01:10:09,386] {processor.py:654} INFO - DAG(s) dict_keys(['example_branch_dop_operator_v3']) retrieved from /home/airflow/.local/lib/python3.7/site-packages/airflow/example_dags/example_branch_python_dop_operator_3.py
[2022-02-25 01:10:09,428] {logging_mixin.py:109} INFO - [2022-02-25 01:10:09,427] {dag.py:2396} INFO - Sync 1 DAGs
[2022-02-25 01:10:09,530] {logging_mixin.py:109} INFO - [2022-02-25 01:10:09,529] {dag.py:2935} INFO - Setting next_dagrun for example_branch_dop_operator_v3 to 2022-02-25T01:09:00+00:00
[2022-02-25 01:10:09,563] {processor.py:171} INFO - Processing /home/airflow/.local/lib/python3.7/site-packages/airflow/example_dags/example_branch_python_dop_operator_3.py took 0.288 seconds
[2022-02-25 01:10:39,678] {processor.py:163} INFO - Started process (PID=4784) to work on /home/airflow/.local/lib/python3.7/site-packages/airflow/example_dags/example_branch_python_dop_operator_3.py
[2022-02-25 01:10:39,687] {processor.py:642} INFO - Processing file /home/airflow/.local/lib/python3.7/site-packages/airflow/example_dags/example_branch_python_dop_operator_3.py for tasks to queue
[2022-02-25 01:10:39,691] {logging_mixin.py:109} INFO - [2022-02-25 01:10:39,690] {dagbag.py:500} INFO - Filling up the DagBag from /home/airflow/.local/lib/python3.7/site-packages/airflow/example_dags/example_branch_python_dop_operator_3.py
[2022-02-25 01:10:39,776] {processor.py:654} INFO - DAG(s) dict_keys(['example_branch_dop_operator_v3']) retrieved from /home/airflow/.local/lib/python3.7/site-packages/airflow/example_dags/example_branch_python_dop_operator_3.py
[2022-02-25 01:10:39,817] {logging_mixin.py:109} INFO - [2022-02-25 01:10:39,816] {dag.py:2396} INFO - Sync 1 DAGs
[2022-02-25 01:10:39,918] {logging_mixin.py:109} INFO - [2022-02-25 01:10:39,918] {dag.py:2935} INFO - Setting next_dagrun for example_branch_dop_operator_v3 to 2022-02-25T01:09:00+00:00
[2022-02-25 01:10:39,950] {processor.py:171} INFO - Processing /home/airflow/.local/lib/python3.7/site-packages/airflow/example_dags/example_branch_python_dop_operator_3.py took 0.279 seconds
[2022-02-25 01:11:10,249] {processor.py:163} INFO - Started process (PID=4884) to work on /home/airflow/.local/lib/python3.7/site-packages/airflow/example_dags/example_branch_python_dop_operator_3.py
[2022-02-25 01:11:10,255] {processor.py:642} INFO - Processing file /home/airflow/.local/lib/python3.7/site-packages/airflow/example_dags/example_branch_python_dop_operator_3.py for tasks to queue
[2022-02-25 01:11:10,260] {logging_mixin.py:109} INFO - [2022-02-25 01:11:10,259] {dagbag.py:500} INFO - Filling up the DagBag from /home/airflow/.local/lib/python3.7/site-packages/airflow/example_dags/example_branch_python_dop_operator_3.py
[2022-02-25 01:11:10,364] {processor.py:654} INFO - DAG(s) dict_keys(['example_branch_dop_operator_v3']) retrieved from /home/airflow/.local/lib/python3.7/site-packages/airflow/example_dags/example_branch_python_dop_operator_3.py
[2022-02-25 01:11:10,409] {logging_mixin.py:109} INFO - [2022-02-25 01:11:10,408] {dag.py:2396} INFO - Sync 1 DAGs
[2022-02-25 01:11:10,520] {logging_mixin.py:109} INFO - [2022-02-25 01:11:10,519] {dag.py:2935} INFO - Setting next_dagrun for example_branch_dop_operator_v3 to 2022-02-25T01:10:00+00:00
[2022-02-25 01:11:10,556] {processor.py:171} INFO - Processing /home/airflow/.local/lib/python3.7/site-packages/airflow/example_dags/example_branch_python_dop_operator_3.py took 0.315 seconds
[2022-02-25 01:11:40,718] {processor.py:163} INFO - Started process (PID=4980) to work on /home/airflow/.local/lib/python3.7/site-packages/airflow/example_dags/example_branch_python_dop_operator_3.py
[2022-02-25 01:11:40,724] {processor.py:642} INFO - Processing file /home/airflow/.local/lib/python3.7/site-packages/airflow/example_dags/example_branch_python_dop_operator_3.py for tasks to queue
[2022-02-25 01:11:40,730] {logging_mixin.py:109} INFO - [2022-02-25 01:11:40,729] {dagbag.py:500} INFO - Filling up the DagBag from /home/airflow/.local/lib/python3.7/site-packages/airflow/example_dags/example_branch_python_dop_operator_3.py
[2022-02-25 01:11:40,827] {processor.py:654} INFO - DAG(s) dict_keys(['example_branch_dop_operator_v3']) retrieved from /home/airflow/.local/lib/python3.7/site-packages/airflow/example_dags/example_branch_python_dop_operator_3.py
[2022-02-25 01:11:40,871] {logging_mixin.py:109} INFO - [2022-02-25 01:11:40,871] {dag.py:2396} INFO - Sync 1 DAGs
[2022-02-25 01:11:40,990] {logging_mixin.py:109} INFO - [2022-02-25 01:11:40,989] {dag.py:2935} INFO - Setting next_dagrun for example_branch_dop_operator_v3 to 2022-02-25T01:10:00+00:00
[2022-02-25 01:11:41,024] {processor.py:171} INFO - Processing /home/airflow/.local/lib/python3.7/site-packages/airflow/example_dags/example_branch_python_dop_operator_3.py took 0.317 seconds
[2022-02-25 01:12:11,172] {processor.py:163} INFO - Started process (PID=5086) to work on /home/airflow/.local/lib/python3.7/site-packages/airflow/example_dags/example_branch_python_dop_operator_3.py
[2022-02-25 01:12:11,180] {processor.py:642} INFO - Processing file /home/airflow/.local/lib/python3.7/site-packages/airflow/example_dags/example_branch_python_dop_operator_3.py for tasks to queue
[2022-02-25 01:12:11,183] {logging_mixin.py:109} INFO - [2022-02-25 01:12:11,183] {dagbag.py:500} INFO - Filling up the DagBag from /home/airflow/.local/lib/python3.7/site-packages/airflow/example_dags/example_branch_python_dop_operator_3.py
[2022-02-25 01:12:11,277] {processor.py:654} INFO - DAG(s) dict_keys(['example_branch_dop_operator_v3']) retrieved from /home/airflow/.local/lib/python3.7/site-packages/airflow/example_dags/example_branch_python_dop_operator_3.py
[2022-02-25 01:12:11,323] {logging_mixin.py:109} INFO - [2022-02-25 01:12:11,323] {dag.py:2396} INFO - Sync 1 DAGs
[2022-02-25 01:12:11,433] {logging_mixin.py:109} INFO - [2022-02-25 01:12:11,433] {dag.py:2935} INFO - Setting next_dagrun for example_branch_dop_operator_v3 to 2022-02-25T01:11:00+00:00
[2022-02-25 01:12:11,470] {processor.py:171} INFO - Processing /home/airflow/.local/lib/python3.7/site-packages/airflow/example_dags/example_branch_python_dop_operator_3.py took 0.305 seconds
[2022-02-25 01:12:42,108] {processor.py:163} INFO - Started process (PID=5175) to work on /home/airflow/.local/lib/python3.7/site-packages/airflow/example_dags/example_branch_python_dop_operator_3.py
[2022-02-25 01:12:42,113] {processor.py:642} INFO - Processing file /home/airflow/.local/lib/python3.7/site-packages/airflow/example_dags/example_branch_python_dop_operator_3.py for tasks to queue
[2022-02-25 01:12:42,117] {logging_mixin.py:109} INFO - [2022-02-25 01:12:42,117] {dagbag.py:500} INFO - Filling up the DagBag from /home/airflow/.local/lib/python3.7/site-packages/airflow/example_dags/example_branch_python_dop_operator_3.py
[2022-02-25 01:12:42,218] {processor.py:654} INFO - DAG(s) dict_keys(['example_branch_dop_operator_v3']) retrieved from /home/airflow/.local/lib/python3.7/site-packages/airflow/example_dags/example_branch_python_dop_operator_3.py
[2022-02-25 01:12:42,267] {logging_mixin.py:109} INFO - [2022-02-25 01:12:42,266] {dag.py:2396} INFO - Sync 1 DAGs
[2022-02-25 01:12:42,403] {logging_mixin.py:109} INFO - [2022-02-25 01:12:42,402] {dag.py:2935} INFO - Setting next_dagrun for example_branch_dop_operator_v3 to 2022-02-25T01:11:00+00:00
[2022-02-25 01:12:42,458] {processor.py:171} INFO - Processing /home/airflow/.local/lib/python3.7/site-packages/airflow/example_dags/example_branch_python_dop_operator_3.py took 0.359 seconds
[2022-02-25 01:13:12,977] {processor.py:163} INFO - Started process (PID=5277) to work on /home/airflow/.local/lib/python3.7/site-packages/airflow/example_dags/example_branch_python_dop_operator_3.py
[2022-02-25 01:13:12,982] {processor.py:642} INFO - Processing file /home/airflow/.local/lib/python3.7/site-packages/airflow/example_dags/example_branch_python_dop_operator_3.py for tasks to queue
[2022-02-25 01:13:12,988] {logging_mixin.py:109} INFO - [2022-02-25 01:13:12,987] {dagbag.py:500} INFO - Filling up the DagBag from /home/airflow/.local/lib/python3.7/site-packages/airflow/example_dags/example_branch_python_dop_operator_3.py
[2022-02-25 01:13:13,089] {processor.py:654} INFO - DAG(s) dict_keys(['example_branch_dop_operator_v3']) retrieved from /home/airflow/.local/lib/python3.7/site-packages/airflow/example_dags/example_branch_python_dop_operator_3.py
[2022-02-25 01:13:13,135] {logging_mixin.py:109} INFO - [2022-02-25 01:13:13,134] {dag.py:2396} INFO - Sync 1 DAGs
[2022-02-25 01:13:13,248] {logging_mixin.py:109} INFO - [2022-02-25 01:13:13,247] {dag.py:2935} INFO - Setting next_dagrun for example_branch_dop_operator_v3 to 2022-02-25T01:12:00+00:00
[2022-02-25 01:13:13,284] {processor.py:171} INFO - Processing /home/airflow/.local/lib/python3.7/site-packages/airflow/example_dags/example_branch_python_dop_operator_3.py took 0.315 seconds
[2022-02-25 01:13:44,535] {processor.py:163} INFO - Started process (PID=5369) to work on /home/airflow/.local/lib/python3.7/site-packages/airflow/example_dags/example_branch_python_dop_operator_3.py
[2022-02-25 01:13:44,543] {processor.py:642} INFO - Processing file /home/airflow/.local/lib/python3.7/site-packages/airflow/example_dags/example_branch_python_dop_operator_3.py for tasks to queue
[2022-02-25 01:13:44,548] {logging_mixin.py:109} INFO - [2022-02-25 01:13:44,547] {dagbag.py:500} INFO - Filling up the DagBag from /home/airflow/.local/lib/python3.7/site-packages/airflow/example_dags/example_branch_python_dop_operator_3.py
[2022-02-25 01:13:44,642] {processor.py:654} INFO - DAG(s) dict_keys(['example_branch_dop_operator_v3']) retrieved from /home/airflow/.local/lib/python3.7/site-packages/airflow/example_dags/example_branch_python_dop_operator_3.py
[2022-02-25 01:13:44,688] {logging_mixin.py:109} INFO - [2022-02-25 01:13:44,687] {dag.py:2396} INFO - Sync 1 DAGs
[2022-02-25 01:13:44,789] {logging_mixin.py:109} INFO - [2022-02-25 01:13:44,789] {dag.py:2935} INFO - Setting next_dagrun for example_branch_dop_operator_v3 to 2022-02-25T01:12:00+00:00
[2022-02-25 01:13:44,819] {processor.py:171} INFO - Processing /home/airflow/.local/lib/python3.7/site-packages/airflow/example_dags/example_branch_python_dop_operator_3.py took 0.293 seconds
[2022-02-25 01:14:15,090] {processor.py:163} INFO - Started process (PID=5478) to work on /home/airflow/.local/lib/python3.7/site-packages/airflow/example_dags/example_branch_python_dop_operator_3.py
[2022-02-25 01:14:15,096] {processor.py:642} INFO - Processing file /home/airflow/.local/lib/python3.7/site-packages/airflow/example_dags/example_branch_python_dop_operator_3.py for tasks to queue
[2022-02-25 01:14:15,100] {logging_mixin.py:109} INFO - [2022-02-25 01:14:15,100] {dagbag.py:500} INFO - Filling up the DagBag from /home/airflow/.local/lib/python3.7/site-packages/airflow/example_dags/example_branch_python_dop_operator_3.py
[2022-02-25 01:14:15,184] {processor.py:654} INFO - DAG(s) dict_keys(['example_branch_dop_operator_v3']) retrieved from /home/airflow/.local/lib/python3.7/site-packages/airflow/example_dags/example_branch_python_dop_operator_3.py
[2022-02-25 01:14:15,223] {logging_mixin.py:109} INFO - [2022-02-25 01:14:15,222] {dag.py:2396} INFO - Sync 1 DAGs
[2022-02-25 01:14:15,320] {logging_mixin.py:109} INFO - [2022-02-25 01:14:15,319] {dag.py:2935} INFO - Setting next_dagrun for example_branch_dop_operator_v3 to 2022-02-25T01:13:00+00:00
[2022-02-25 01:14:15,353] {processor.py:171} INFO - Processing /home/airflow/.local/lib/python3.7/site-packages/airflow/example_dags/example_branch_python_dop_operator_3.py took 0.270 seconds
[2022-02-25 01:14:46,654] {processor.py:163} INFO - Started process (PID=5567) to work on /home/airflow/.local/lib/python3.7/site-packages/airflow/example_dags/example_branch_python_dop_operator_3.py
[2022-02-25 01:14:46,660] {processor.py:642} INFO - Processing file /home/airflow/.local/lib/python3.7/site-packages/airflow/example_dags/example_branch_python_dop_operator_3.py for tasks to queue
[2022-02-25 01:14:46,663] {logging_mixin.py:109} INFO - [2022-02-25 01:14:46,663] {dagbag.py:500} INFO - Filling up the DagBag from /home/airflow/.local/lib/python3.7/site-packages/airflow/example_dags/example_branch_python_dop_operator_3.py
[2022-02-25 01:14:46,761] {processor.py:654} INFO - DAG(s) dict_keys(['example_branch_dop_operator_v3']) retrieved from /home/airflow/.local/lib/python3.7/site-packages/airflow/example_dags/example_branch_python_dop_operator_3.py
[2022-02-25 01:14:46,809] {logging_mixin.py:109} INFO - [2022-02-25 01:14:46,809] {dag.py:2396} INFO - Sync 1 DAGs
[2022-02-25 01:14:46,909] {logging_mixin.py:109} INFO - [2022-02-25 01:14:46,908] {dag.py:2935} INFO - Setting next_dagrun for example_branch_dop_operator_v3 to 2022-02-25T01:13:00+00:00
[2022-02-25 01:14:46,939] {processor.py:171} INFO - Processing /home/airflow/.local/lib/python3.7/site-packages/airflow/example_dags/example_branch_python_dop_operator_3.py took 0.292 seconds
[2022-02-25 01:15:17,123] {processor.py:163} INFO - Started process (PID=5672) to work on /home/airflow/.local/lib/python3.7/site-packages/airflow/example_dags/example_branch_python_dop_operator_3.py
[2022-02-25 01:15:17,130] {processor.py:642} INFO - Processing file /home/airflow/.local/lib/python3.7/site-packages/airflow/example_dags/example_branch_python_dop_operator_3.py for tasks to queue
[2022-02-25 01:15:17,133] {logging_mixin.py:109} INFO - [2022-02-25 01:15:17,132] {dagbag.py:500} INFO - Filling up the DagBag from /home/airflow/.local/lib/python3.7/site-packages/airflow/example_dags/example_branch_python_dop_operator_3.py
[2022-02-25 01:15:17,212] {processor.py:654} INFO - DAG(s) dict_keys(['example_branch_dop_operator_v3']) retrieved from /home/airflow/.local/lib/python3.7/site-packages/airflow/example_dags/example_branch_python_dop_operator_3.py
[2022-02-25 01:15:17,251] {logging_mixin.py:109} INFO - [2022-02-25 01:15:17,250] {dag.py:2396} INFO - Sync 1 DAGs
[2022-02-25 01:15:17,355] {logging_mixin.py:109} INFO - [2022-02-25 01:15:17,354] {dag.py:2935} INFO - Setting next_dagrun for example_branch_dop_operator_v3 to 2022-02-25T01:14:00+00:00
[2022-02-25 01:15:17,386] {processor.py:171} INFO - Processing /home/airflow/.local/lib/python3.7/site-packages/airflow/example_dags/example_branch_python_dop_operator_3.py took 0.271 seconds
[2022-02-25 01:15:47,496] {processor.py:163} INFO - Started process (PID=5759) to work on /home/airflow/.local/lib/python3.7/site-packages/airflow/example_dags/example_branch_python_dop_operator_3.py
[2022-02-25 01:15:47,501] {processor.py:642} INFO - Processing file /home/airflow/.local/lib/python3.7/site-packages/airflow/example_dags/example_branch_python_dop_operator_3.py for tasks to queue
[2022-02-25 01:15:47,504] {logging_mixin.py:109} INFO - [2022-02-25 01:15:47,504] {dagbag.py:500} INFO - Filling up the DagBag from /home/airflow/.local/lib/python3.7/site-packages/airflow/example_dags/example_branch_python_dop_operator_3.py
[2022-02-25 01:15:47,588] {processor.py:654} INFO - DAG(s) dict_keys(['example_branch_dop_operator_v3']) retrieved from /home/airflow/.local/lib/python3.7/site-packages/airflow/example_dags/example_branch_python_dop_operator_3.py
[2022-02-25 01:15:47,628] {logging_mixin.py:109} INFO - [2022-02-25 01:15:47,628] {dag.py:2396} INFO - Sync 1 DAGs
[2022-02-25 01:15:47,731] {logging_mixin.py:109} INFO - [2022-02-25 01:15:47,731] {dag.py:2935} INFO - Setting next_dagrun for example_branch_dop_operator_v3 to 2022-02-25T01:14:00+00:00
[2022-02-25 01:15:47,764] {processor.py:171} INFO - Processing /home/airflow/.local/lib/python3.7/site-packages/airflow/example_dags/example_branch_python_dop_operator_3.py took 0.275 seconds
[2022-02-25 01:16:18,305] {processor.py:163} INFO - Started process (PID=5862) to work on /home/airflow/.local/lib/python3.7/site-packages/airflow/example_dags/example_branch_python_dop_operator_3.py
[2022-02-25 01:16:18,312] {processor.py:642} INFO - Processing file /home/airflow/.local/lib/python3.7/site-packages/airflow/example_dags/example_branch_python_dop_operator_3.py for tasks to queue
[2022-02-25 01:16:18,316] {logging_mixin.py:109} INFO - [2022-02-25 01:16:18,315] {dagbag.py:500} INFO - Filling up the DagBag from /home/airflow/.local/lib/python3.7/site-packages/airflow/example_dags/example_branch_python_dop_operator_3.py
[2022-02-25 01:16:18,400] {processor.py:654} INFO - DAG(s) dict_keys(['example_branch_dop_operator_v3']) retrieved from /home/airflow/.local/lib/python3.7/site-packages/airflow/example_dags/example_branch_python_dop_operator_3.py
[2022-02-25 01:16:18,441] {logging_mixin.py:109} INFO - [2022-02-25 01:16:18,440] {dag.py:2396} INFO - Sync 1 DAGs
[2022-02-25 01:16:18,554] {logging_mixin.py:109} INFO - [2022-02-25 01:16:18,554] {dag.py:2935} INFO - Setting next_dagrun for example_branch_dop_operator_v3 to 2022-02-25T01:15:00+00:00
[2022-02-25 01:16:18,587] {processor.py:171} INFO - Processing /home/airflow/.local/lib/python3.7/site-packages/airflow/example_dags/example_branch_python_dop_operator_3.py took 0.289 seconds
[2022-02-25 01:16:48,811] {processor.py:163} INFO - Started process (PID=5960) to work on /home/airflow/.local/lib/python3.7/site-packages/airflow/example_dags/example_branch_python_dop_operator_3.py
[2022-02-25 01:16:48,819] {processor.py:642} INFO - Processing file /home/airflow/.local/lib/python3.7/site-packages/airflow/example_dags/example_branch_python_dop_operator_3.py for tasks to queue
[2022-02-25 01:16:48,824] {logging_mixin.py:109} INFO - [2022-02-25 01:16:48,824] {dagbag.py:500} INFO - Filling up the DagBag from /home/airflow/.local/lib/python3.7/site-packages/airflow/example_dags/example_branch_python_dop_operator_3.py
[2022-02-25 01:16:48,916] {processor.py:654} INFO - DAG(s) dict_keys(['example_branch_dop_operator_v3']) retrieved from /home/airflow/.local/lib/python3.7/site-packages/airflow/example_dags/example_branch_python_dop_operator_3.py
[2022-02-25 01:16:48,955] {logging_mixin.py:109} INFO - [2022-02-25 01:16:48,955] {dag.py:2396} INFO - Sync 1 DAGs
[2022-02-25 01:16:49,057] {logging_mixin.py:109} INFO - [2022-02-25 01:16:49,057] {dag.py:2935} INFO - Setting next_dagrun for example_branch_dop_operator_v3 to 2022-02-25T01:15:00+00:00
[2022-02-25 01:16:49,088] {processor.py:171} INFO - Processing /home/airflow/.local/lib/python3.7/site-packages/airflow/example_dags/example_branch_python_dop_operator_3.py took 0.284 seconds
[2022-02-25 01:17:19,634] {processor.py:163} INFO - Started process (PID=6060) to work on /home/airflow/.local/lib/python3.7/site-packages/airflow/example_dags/example_branch_python_dop_operator_3.py
[2022-02-25 01:17:19,641] {processor.py:642} INFO - Processing file /home/airflow/.local/lib/python3.7/site-packages/airflow/example_dags/example_branch_python_dop_operator_3.py for tasks to queue
[2022-02-25 01:17:19,645] {logging_mixin.py:109} INFO - [2022-02-25 01:17:19,645] {dagbag.py:500} INFO - Filling up the DagBag from /home/airflow/.local/lib/python3.7/site-packages/airflow/example_dags/example_branch_python_dop_operator_3.py
[2022-02-25 01:17:19,738] {processor.py:654} INFO - DAG(s) dict_keys(['example_branch_dop_operator_v3']) retrieved from /home/airflow/.local/lib/python3.7/site-packages/airflow/example_dags/example_branch_python_dop_operator_3.py
[2022-02-25 01:17:19,781] {logging_mixin.py:109} INFO - [2022-02-25 01:17:19,780] {dag.py:2396} INFO - Sync 1 DAGs
[2022-02-25 01:17:19,877] {logging_mixin.py:109} INFO - [2022-02-25 01:17:19,876] {dag.py:2935} INFO - Setting next_dagrun for example_branch_dop_operator_v3 to 2022-02-25T01:16:00+00:00
[2022-02-25 01:17:19,907] {processor.py:171} INFO - Processing /home/airflow/.local/lib/python3.7/site-packages/airflow/example_dags/example_branch_python_dop_operator_3.py took 0.281 seconds
[2022-02-25 01:17:50,028] {processor.py:163} INFO - Started process (PID=6160) to work on /home/airflow/.local/lib/python3.7/site-packages/airflow/example_dags/example_branch_python_dop_operator_3.py
[2022-02-25 01:17:50,033] {processor.py:642} INFO - Processing file /home/airflow/.local/lib/python3.7/site-packages/airflow/example_dags/example_branch_python_dop_operator_3.py for tasks to queue
[2022-02-25 01:17:50,037] {logging_mixin.py:109} INFO - [2022-02-25 01:17:50,036] {dagbag.py:500} INFO - Filling up the DagBag from /home/airflow/.local/lib/python3.7/site-packages/airflow/example_dags/example_branch_python_dop_operator_3.py
[2022-02-25 01:17:50,129] {processor.py:654} INFO - DAG(s) dict_keys(['example_branch_dop_operator_v3']) retrieved from /home/airflow/.local/lib/python3.7/site-packages/airflow/example_dags/example_branch_python_dop_operator_3.py
[2022-02-25 01:17:50,172] {logging_mixin.py:109} INFO - [2022-02-25 01:17:50,171] {dag.py:2396} INFO - Sync 1 DAGs
[2022-02-25 01:17:50,277] {logging_mixin.py:109} INFO - [2022-02-25 01:17:50,277] {dag.py:2935} INFO - Setting next_dagrun for example_branch_dop_operator_v3 to 2022-02-25T01:16:00+00:00
[2022-02-25 01:17:50,314] {processor.py:171} INFO - Processing /home/airflow/.local/lib/python3.7/site-packages/airflow/example_dags/example_branch_python_dop_operator_3.py took 0.295 seconds
[2022-02-25 01:18:20,513] {processor.py:163} INFO - Started process (PID=6253) to work on /home/airflow/.local/lib/python3.7/site-packages/airflow/example_dags/example_branch_python_dop_operator_3.py
[2022-02-25 01:18:20,521] {processor.py:642} INFO - Processing file /home/airflow/.local/lib/python3.7/site-packages/airflow/example_dags/example_branch_python_dop_operator_3.py for tasks to queue
[2022-02-25 01:18:20,525] {logging_mixin.py:109} INFO - [2022-02-25 01:18:20,525] {dagbag.py:500} INFO - Filling up the DagBag from /home/airflow/.local/lib/python3.7/site-packages/airflow/example_dags/example_branch_python_dop_operator_3.py
[2022-02-25 01:18:20,606] {processor.py:654} INFO - DAG(s) dict_keys(['example_branch_dop_operator_v3']) retrieved from /home/airflow/.local/lib/python3.7/site-packages/airflow/example_dags/example_branch_python_dop_operator_3.py
[2022-02-25 01:18:20,648] {logging_mixin.py:109} INFO - [2022-02-25 01:18:20,647] {dag.py:2396} INFO - Sync 1 DAGs
[2022-02-25 01:18:20,753] {logging_mixin.py:109} INFO - [2022-02-25 01:18:20,753] {dag.py:2935} INFO - Setting next_dagrun for example_branch_dop_operator_v3 to 2022-02-25T01:17:00+00:00
[2022-02-25 01:18:20,788] {processor.py:171} INFO - Processing /home/airflow/.local/lib/python3.7/site-packages/airflow/example_dags/example_branch_python_dop_operator_3.py took 0.282 seconds
[2022-02-25 01:18:50,865] {processor.py:163} INFO - Started process (PID=6357) to work on /home/airflow/.local/lib/python3.7/site-packages/airflow/example_dags/example_branch_python_dop_operator_3.py
[2022-02-25 01:18:50,871] {processor.py:642} INFO - Processing file /home/airflow/.local/lib/python3.7/site-packages/airflow/example_dags/example_branch_python_dop_operator_3.py for tasks to queue
[2022-02-25 01:18:50,874] {logging_mixin.py:109} INFO - [2022-02-25 01:18:50,874] {dagbag.py:500} INFO - Filling up the DagBag from /home/airflow/.local/lib/python3.7/site-packages/airflow/example_dags/example_branch_python_dop_operator_3.py
[2022-02-25 01:18:50,966] {processor.py:654} INFO - DAG(s) dict_keys(['example_branch_dop_operator_v3']) retrieved from /home/airflow/.local/lib/python3.7/site-packages/airflow/example_dags/example_branch_python_dop_operator_3.py
[2022-02-25 01:18:51,007] {logging_mixin.py:109} INFO - [2022-02-25 01:18:51,006] {dag.py:2396} INFO - Sync 1 DAGs
[2022-02-25 01:18:51,112] {logging_mixin.py:109} INFO - [2022-02-25 01:18:51,112] {dag.py:2935} INFO - Setting next_dagrun for example_branch_dop_operator_v3 to 2022-02-25T01:17:00+00:00
[2022-02-25 01:18:51,143] {processor.py:171} INFO - Processing /home/airflow/.local/lib/python3.7/site-packages/airflow/example_dags/example_branch_python_dop_operator_3.py took 0.288 seconds
[2022-02-25 01:19:21,205] {processor.py:163} INFO - Started process (PID=6448) to work on /home/airflow/.local/lib/python3.7/site-packages/airflow/example_dags/example_branch_python_dop_operator_3.py
[2022-02-25 01:19:21,210] {processor.py:642} INFO - Processing file /home/airflow/.local/lib/python3.7/site-packages/airflow/example_dags/example_branch_python_dop_operator_3.py for tasks to queue
[2022-02-25 01:19:21,213] {logging_mixin.py:109} INFO - [2022-02-25 01:19:21,213] {dagbag.py:500} INFO - Filling up the DagBag from /home/airflow/.local/lib/python3.7/site-packages/airflow/example_dags/example_branch_python_dop_operator_3.py
[2022-02-25 01:19:21,296] {processor.py:654} INFO - DAG(s) dict_keys(['example_branch_dop_operator_v3']) retrieved from /home/airflow/.local/lib/python3.7/site-packages/airflow/example_dags/example_branch_python_dop_operator_3.py
[2022-02-25 01:19:21,336] {logging_mixin.py:109} INFO - [2022-02-25 01:19:21,336] {dag.py:2396} INFO - Sync 1 DAGs
[2022-02-25 01:19:21,448] {logging_mixin.py:109} INFO - [2022-02-25 01:19:21,448] {dag.py:2935} INFO - Setting next_dagrun for example_branch_dop_operator_v3 to 2022-02-25T01:18:00+00:00
[2022-02-25 01:19:21,480] {processor.py:171} INFO - Processing /home/airflow/.local/lib/python3.7/site-packages/airflow/example_dags/example_branch_python_dop_operator_3.py took 0.283 seconds
[2022-02-25 01:19:51,624] {processor.py:163} INFO - Started process (PID=6553) to work on /home/airflow/.local/lib/python3.7/site-packages/airflow/example_dags/example_branch_python_dop_operator_3.py
[2022-02-25 01:19:51,632] {processor.py:642} INFO - Processing file /home/airflow/.local/lib/python3.7/site-packages/airflow/example_dags/example_branch_python_dop_operator_3.py for tasks to queue
[2022-02-25 01:19:51,637] {logging_mixin.py:109} INFO - [2022-02-25 01:19:51,637] {dagbag.py:500} INFO - Filling up the DagBag from /home/airflow/.local/lib/python3.7/site-packages/airflow/example_dags/example_branch_python_dop_operator_3.py
[2022-02-25 01:19:51,748] {processor.py:654} INFO - DAG(s) dict_keys(['example_branch_dop_operator_v3']) retrieved from /home/airflow/.local/lib/python3.7/site-packages/airflow/example_dags/example_branch_python_dop_operator_3.py
[2022-02-25 01:19:51,804] {logging_mixin.py:109} INFO - [2022-02-25 01:19:51,803] {dag.py:2396} INFO - Sync 1 DAGs
[2022-02-25 01:19:51,948] {logging_mixin.py:109} INFO - [2022-02-25 01:19:51,947] {dag.py:2935} INFO - Setting next_dagrun for example_branch_dop_operator_v3 to 2022-02-25T01:18:00+00:00
[2022-02-25 01:19:51,988] {processor.py:171} INFO - Processing /home/airflow/.local/lib/python3.7/site-packages/airflow/example_dags/example_branch_python_dop_operator_3.py took 0.374 seconds
[2022-02-25 01:20:22,344] {processor.py:163} INFO - Started process (PID=6643) to work on /home/airflow/.local/lib/python3.7/site-packages/airflow/example_dags/example_branch_python_dop_operator_3.py
[2022-02-25 01:20:22,350] {processor.py:642} INFO - Processing file /home/airflow/.local/lib/python3.7/site-packages/airflow/example_dags/example_branch_python_dop_operator_3.py for tasks to queue
[2022-02-25 01:20:22,357] {logging_mixin.py:109} INFO - [2022-02-25 01:20:22,356] {dagbag.py:500} INFO - Filling up the DagBag from /home/airflow/.local/lib/python3.7/site-packages/airflow/example_dags/example_branch_python_dop_operator_3.py
[2022-02-25 01:20:22,468] {processor.py:654} INFO - DAG(s) dict_keys(['example_branch_dop_operator_v3']) retrieved from /home/airflow/.local/lib/python3.7/site-packages/airflow/example_dags/example_branch_python_dop_operator_3.py
[2022-02-25 01:20:22,516] {logging_mixin.py:109} INFO - [2022-02-25 01:20:22,516] {dag.py:2396} INFO - Sync 1 DAGs
[2022-02-25 01:20:22,639] {logging_mixin.py:109} INFO - [2022-02-25 01:20:22,638] {dag.py:2935} INFO - Setting next_dagrun for example_branch_dop_operator_v3 to 2022-02-25T01:19:00+00:00
[2022-02-25 01:20:22,674] {processor.py:171} INFO - Processing /home/airflow/.local/lib/python3.7/site-packages/airflow/example_dags/example_branch_python_dop_operator_3.py took 0.342 seconds
[2022-02-25 01:20:52,974] {processor.py:163} INFO - Started process (PID=6749) to work on /home/airflow/.local/lib/python3.7/site-packages/airflow/example_dags/example_branch_python_dop_operator_3.py
[2022-02-25 01:20:52,980] {processor.py:642} INFO - Processing file /home/airflow/.local/lib/python3.7/site-packages/airflow/example_dags/example_branch_python_dop_operator_3.py for tasks to queue
[2022-02-25 01:20:52,984] {logging_mixin.py:109} INFO - [2022-02-25 01:20:52,984] {dagbag.py:500} INFO - Filling up the DagBag from /home/airflow/.local/lib/python3.7/site-packages/airflow/example_dags/example_branch_python_dop_operator_3.py
[2022-02-25 01:20:53,098] {processor.py:654} INFO - DAG(s) dict_keys(['example_branch_dop_operator_v3']) retrieved from /home/airflow/.local/lib/python3.7/site-packages/airflow/example_dags/example_branch_python_dop_operator_3.py
[2022-02-25 01:20:53,146] {logging_mixin.py:109} INFO - [2022-02-25 01:20:53,145] {dag.py:2396} INFO - Sync 1 DAGs
[2022-02-25 01:20:53,271] {logging_mixin.py:109} INFO - [2022-02-25 01:20:53,270] {dag.py:2935} INFO - Setting next_dagrun for example_branch_dop_operator_v3 to 2022-02-25T01:19:00+00:00
[2022-02-25 01:20:53,309] {processor.py:171} INFO - Processing /home/airflow/.local/lib/python3.7/site-packages/airflow/example_dags/example_branch_python_dop_operator_3.py took 0.344 seconds
[2022-02-25 01:21:23,483] {processor.py:163} INFO - Started process (PID=6838) to work on /home/airflow/.local/lib/python3.7/site-packages/airflow/example_dags/example_branch_python_dop_operator_3.py
[2022-02-25 01:21:23,491] {processor.py:642} INFO - Processing file /home/airflow/.local/lib/python3.7/site-packages/airflow/example_dags/example_branch_python_dop_operator_3.py for tasks to queue
[2022-02-25 01:21:23,495] {logging_mixin.py:109} INFO - [2022-02-25 01:21:23,495] {dagbag.py:500} INFO - Filling up the DagBag from /home/airflow/.local/lib/python3.7/site-packages/airflow/example_dags/example_branch_python_dop_operator_3.py
[2022-02-25 01:21:23,593] {processor.py:654} INFO - DAG(s) dict_keys(['example_branch_dop_operator_v3']) retrieved from /home/airflow/.local/lib/python3.7/site-packages/airflow/example_dags/example_branch_python_dop_operator_3.py
[2022-02-25 01:21:23,639] {logging_mixin.py:109} INFO - [2022-02-25 01:21:23,639] {dag.py:2396} INFO - Sync 1 DAGs
[2022-02-25 01:21:23,755] {logging_mixin.py:109} INFO - [2022-02-25 01:21:23,754] {dag.py:2935} INFO - Setting next_dagrun for example_branch_dop_operator_v3 to 2022-02-25T01:20:00+00:00
[2022-02-25 01:21:23,791] {processor.py:171} INFO - Processing /home/airflow/.local/lib/python3.7/site-packages/airflow/example_dags/example_branch_python_dop_operator_3.py took 0.316 seconds
