[2022-02-25 00:46:58,071] {processor.py:163} INFO - Started process (PID=334) to work on /home/airflow/.local/lib/python3.7/site-packages/airflow/example_dags/example_latest_only_with_trigger.py
[2022-02-25 00:46:58,101] {processor.py:642} INFO - Processing file /home/airflow/.local/lib/python3.7/site-packages/airflow/example_dags/example_latest_only_with_trigger.py for tasks to queue
[2022-02-25 00:46:58,113] {logging_mixin.py:109} INFO - [2022-02-25 00:46:58,112] {dagbag.py:500} INFO - Filling up the DagBag from /home/airflow/.local/lib/python3.7/site-packages/airflow/example_dags/example_latest_only_with_trigger.py
[2022-02-25 00:46:58,606] {processor.py:654} INFO - DAG(s) dict_keys(['latest_only_with_trigger']) retrieved from /home/airflow/.local/lib/python3.7/site-packages/airflow/example_dags/example_latest_only_with_trigger.py
[2022-02-25 00:46:58,907] {logging_mixin.py:109} INFO - [2022-02-25 00:46:58,907] {dag.py:2396} INFO - Sync 1 DAGs
[2022-02-25 00:46:59,468] {logging_mixin.py:109} INFO - [2022-02-25 00:46:59,467] {dag.py:2935} INFO - Setting next_dagrun for latest_only_with_trigger to 2022-02-24T20:46:59.442972+00:00
[2022-02-25 00:46:59,730] {processor.py:171} INFO - Processing /home/airflow/.local/lib/python3.7/site-packages/airflow/example_dags/example_latest_only_with_trigger.py took 1.671 seconds
[2022-02-25 00:47:53,532] {processor.py:163} INFO - Started process (PID=454) to work on /home/airflow/.local/lib/python3.7/site-packages/airflow/example_dags/example_latest_only_with_trigger.py
[2022-02-25 00:47:53,540] {processor.py:642} INFO - Processing file /home/airflow/.local/lib/python3.7/site-packages/airflow/example_dags/example_latest_only_with_trigger.py for tasks to queue
[2022-02-25 00:47:53,548] {logging_mixin.py:109} INFO - [2022-02-25 00:47:53,547] {dagbag.py:500} INFO - Filling up the DagBag from /home/airflow/.local/lib/python3.7/site-packages/airflow/example_dags/example_latest_only_with_trigger.py
[2022-02-25 00:47:53,891] {processor.py:654} INFO - DAG(s) dict_keys(['latest_only_with_trigger']) retrieved from /home/airflow/.local/lib/python3.7/site-packages/airflow/example_dags/example_latest_only_with_trigger.py
[2022-02-25 00:47:54,120] {logging_mixin.py:109} INFO - [2022-02-25 00:47:54,119] {dag.py:2396} INFO - Sync 1 DAGs
[2022-02-25 00:47:54,528] {logging_mixin.py:109} INFO - [2022-02-25 00:47:54,521] {dag.py:2935} INFO - Setting next_dagrun for latest_only_with_trigger to 2022-02-24T20:47:54.511746+00:00
[2022-02-25 00:47:54,657] {processor.py:171} INFO - Processing /home/airflow/.local/lib/python3.7/site-packages/airflow/example_dags/example_latest_only_with_trigger.py took 1.147 seconds
[2022-02-25 00:48:37,245] {processor.py:163} INFO - Started process (PID=564) to work on /home/airflow/.local/lib/python3.7/site-packages/airflow/example_dags/example_latest_only_with_trigger.py
[2022-02-25 00:48:37,254] {processor.py:642} INFO - Processing file /home/airflow/.local/lib/python3.7/site-packages/airflow/example_dags/example_latest_only_with_trigger.py for tasks to queue
[2022-02-25 00:48:37,262] {logging_mixin.py:109} INFO - [2022-02-25 00:48:37,262] {dagbag.py:500} INFO - Filling up the DagBag from /home/airflow/.local/lib/python3.7/site-packages/airflow/example_dags/example_latest_only_with_trigger.py
[2022-02-25 00:48:37,410] {processor.py:654} INFO - DAG(s) dict_keys(['latest_only_with_trigger']) retrieved from /home/airflow/.local/lib/python3.7/site-packages/airflow/example_dags/example_latest_only_with_trigger.py
[2022-02-25 00:48:37,544] {logging_mixin.py:109} INFO - [2022-02-25 00:48:37,544] {dag.py:2396} INFO - Sync 1 DAGs
[2022-02-25 00:48:37,780] {logging_mixin.py:109} INFO - [2022-02-25 00:48:37,779] {dag.py:2935} INFO - Setting next_dagrun for latest_only_with_trigger to 2022-02-24T20:48:37.773029+00:00
[2022-02-25 00:48:37,880] {processor.py:171} INFO - Processing /home/airflow/.local/lib/python3.7/site-packages/airflow/example_dags/example_latest_only_with_trigger.py took 0.674 seconds
[2022-02-25 00:49:08,024] {processor.py:163} INFO - Started process (PID=661) to work on /home/airflow/.local/lib/python3.7/site-packages/airflow/example_dags/example_latest_only_with_trigger.py
[2022-02-25 00:49:08,033] {processor.py:642} INFO - Processing file /home/airflow/.local/lib/python3.7/site-packages/airflow/example_dags/example_latest_only_with_trigger.py for tasks to queue
[2022-02-25 00:49:08,038] {logging_mixin.py:109} INFO - [2022-02-25 00:49:08,037] {dagbag.py:500} INFO - Filling up the DagBag from /home/airflow/.local/lib/python3.7/site-packages/airflow/example_dags/example_latest_only_with_trigger.py
[2022-02-25 00:49:08,126] {processor.py:654} INFO - DAG(s) dict_keys(['latest_only_with_trigger']) retrieved from /home/airflow/.local/lib/python3.7/site-packages/airflow/example_dags/example_latest_only_with_trigger.py
[2022-02-25 00:49:08,175] {logging_mixin.py:109} INFO - [2022-02-25 00:49:08,175] {dag.py:2396} INFO - Sync 1 DAGs
[2022-02-25 00:49:08,247] {logging_mixin.py:109} INFO - [2022-02-25 00:49:08,246] {dag.py:2935} INFO - Setting next_dagrun for latest_only_with_trigger to 2022-02-24T20:49:08.244222+00:00
[2022-02-25 00:49:08,286] {processor.py:171} INFO - Processing /home/airflow/.local/lib/python3.7/site-packages/airflow/example_dags/example_latest_only_with_trigger.py took 0.271 seconds
[2022-02-25 00:49:38,852] {processor.py:163} INFO - Started process (PID=759) to work on /home/airflow/.local/lib/python3.7/site-packages/airflow/example_dags/example_latest_only_with_trigger.py
[2022-02-25 00:49:38,858] {processor.py:642} INFO - Processing file /home/airflow/.local/lib/python3.7/site-packages/airflow/example_dags/example_latest_only_with_trigger.py for tasks to queue
[2022-02-25 00:49:38,862] {logging_mixin.py:109} INFO - [2022-02-25 00:49:38,861] {dagbag.py:500} INFO - Filling up the DagBag from /home/airflow/.local/lib/python3.7/site-packages/airflow/example_dags/example_latest_only_with_trigger.py
[2022-02-25 00:49:38,946] {processor.py:654} INFO - DAG(s) dict_keys(['latest_only_with_trigger']) retrieved from /home/airflow/.local/lib/python3.7/site-packages/airflow/example_dags/example_latest_only_with_trigger.py
[2022-02-25 00:49:38,995] {logging_mixin.py:109} INFO - [2022-02-25 00:49:38,994] {dag.py:2396} INFO - Sync 1 DAGs
[2022-02-25 00:49:39,079] {logging_mixin.py:109} INFO - [2022-02-25 00:49:39,078] {dag.py:2935} INFO - Setting next_dagrun for latest_only_with_trigger to 2022-02-24T20:49:39.076996+00:00
[2022-02-25 00:49:39,117] {processor.py:171} INFO - Processing /home/airflow/.local/lib/python3.7/site-packages/airflow/example_dags/example_latest_only_with_trigger.py took 0.273 seconds
[2022-02-25 00:50:09,770] {processor.py:163} INFO - Started process (PID=857) to work on /home/airflow/.local/lib/python3.7/site-packages/airflow/example_dags/example_latest_only_with_trigger.py
[2022-02-25 00:50:09,777] {processor.py:642} INFO - Processing file /home/airflow/.local/lib/python3.7/site-packages/airflow/example_dags/example_latest_only_with_trigger.py for tasks to queue
[2022-02-25 00:50:09,782] {logging_mixin.py:109} INFO - [2022-02-25 00:50:09,781] {dagbag.py:500} INFO - Filling up the DagBag from /home/airflow/.local/lib/python3.7/site-packages/airflow/example_dags/example_latest_only_with_trigger.py
[2022-02-25 00:50:09,867] {processor.py:654} INFO - DAG(s) dict_keys(['latest_only_with_trigger']) retrieved from /home/airflow/.local/lib/python3.7/site-packages/airflow/example_dags/example_latest_only_with_trigger.py
[2022-02-25 00:50:09,919] {logging_mixin.py:109} INFO - [2022-02-25 00:50:09,918] {dag.py:2396} INFO - Sync 1 DAGs
[2022-02-25 00:50:09,994] {logging_mixin.py:109} INFO - [2022-02-25 00:50:09,993] {dag.py:2935} INFO - Setting next_dagrun for latest_only_with_trigger to 2022-02-24T20:50:09.991676+00:00
[2022-02-25 00:50:10,034] {processor.py:171} INFO - Processing /home/airflow/.local/lib/python3.7/site-packages/airflow/example_dags/example_latest_only_with_trigger.py took 0.273 seconds
[2022-02-25 00:50:40,772] {processor.py:163} INFO - Started process (PID=954) to work on /home/airflow/.local/lib/python3.7/site-packages/airflow/example_dags/example_latest_only_with_trigger.py
[2022-02-25 00:50:40,779] {processor.py:642} INFO - Processing file /home/airflow/.local/lib/python3.7/site-packages/airflow/example_dags/example_latest_only_with_trigger.py for tasks to queue
[2022-02-25 00:50:40,784] {logging_mixin.py:109} INFO - [2022-02-25 00:50:40,783] {dagbag.py:500} INFO - Filling up the DagBag from /home/airflow/.local/lib/python3.7/site-packages/airflow/example_dags/example_latest_only_with_trigger.py
[2022-02-25 00:50:40,874] {processor.py:654} INFO - DAG(s) dict_keys(['latest_only_with_trigger']) retrieved from /home/airflow/.local/lib/python3.7/site-packages/airflow/example_dags/example_latest_only_with_trigger.py
[2022-02-25 00:50:40,930] {logging_mixin.py:109} INFO - [2022-02-25 00:50:40,929] {dag.py:2396} INFO - Sync 1 DAGs
[2022-02-25 00:50:41,006] {logging_mixin.py:109} INFO - [2022-02-25 00:50:41,005] {dag.py:2935} INFO - Setting next_dagrun for latest_only_with_trigger to 2022-02-24T20:50:41.003211+00:00
[2022-02-25 00:50:41,041] {processor.py:171} INFO - Processing /home/airflow/.local/lib/python3.7/site-packages/airflow/example_dags/example_latest_only_with_trigger.py took 0.277 seconds
[2022-02-25 00:51:11,195] {processor.py:163} INFO - Started process (PID=1059) to work on /home/airflow/.local/lib/python3.7/site-packages/airflow/example_dags/example_latest_only_with_trigger.py
[2022-02-25 00:51:11,202] {processor.py:642} INFO - Processing file /home/airflow/.local/lib/python3.7/site-packages/airflow/example_dags/example_latest_only_with_trigger.py for tasks to queue
[2022-02-25 00:51:11,205] {logging_mixin.py:109} INFO - [2022-02-25 00:51:11,205] {dagbag.py:500} INFO - Filling up the DagBag from /home/airflow/.local/lib/python3.7/site-packages/airflow/example_dags/example_latest_only_with_trigger.py
[2022-02-25 00:51:11,291] {processor.py:654} INFO - DAG(s) dict_keys(['latest_only_with_trigger']) retrieved from /home/airflow/.local/lib/python3.7/site-packages/airflow/example_dags/example_latest_only_with_trigger.py
[2022-02-25 00:51:11,336] {logging_mixin.py:109} INFO - [2022-02-25 00:51:11,335] {dag.py:2396} INFO - Sync 1 DAGs
[2022-02-25 00:51:11,400] {logging_mixin.py:109} INFO - [2022-02-25 00:51:11,400] {dag.py:2935} INFO - Setting next_dagrun for latest_only_with_trigger to 2022-02-24T20:51:11.398785+00:00
[2022-02-25 00:51:11,435] {processor.py:171} INFO - Processing /home/airflow/.local/lib/python3.7/site-packages/airflow/example_dags/example_latest_only_with_trigger.py took 0.248 seconds
[2022-02-25 00:51:42,280] {processor.py:163} INFO - Started process (PID=1148) to work on /home/airflow/.local/lib/python3.7/site-packages/airflow/example_dags/example_latest_only_with_trigger.py
[2022-02-25 00:51:42,285] {processor.py:642} INFO - Processing file /home/airflow/.local/lib/python3.7/site-packages/airflow/example_dags/example_latest_only_with_trigger.py for tasks to queue
[2022-02-25 00:51:42,289] {logging_mixin.py:109} INFO - [2022-02-25 00:51:42,288] {dagbag.py:500} INFO - Filling up the DagBag from /home/airflow/.local/lib/python3.7/site-packages/airflow/example_dags/example_latest_only_with_trigger.py
[2022-02-25 00:51:42,363] {processor.py:654} INFO - DAG(s) dict_keys(['latest_only_with_trigger']) retrieved from /home/airflow/.local/lib/python3.7/site-packages/airflow/example_dags/example_latest_only_with_trigger.py
[2022-02-25 00:51:42,407] {logging_mixin.py:109} INFO - [2022-02-25 00:51:42,407] {dag.py:2396} INFO - Sync 1 DAGs
[2022-02-25 00:51:42,468] {logging_mixin.py:109} INFO - [2022-02-25 00:51:42,467] {dag.py:2935} INFO - Setting next_dagrun for latest_only_with_trigger to 2022-02-24T20:51:42.466135+00:00
[2022-02-25 00:51:42,501] {processor.py:171} INFO - Processing /home/airflow/.local/lib/python3.7/site-packages/airflow/example_dags/example_latest_only_with_trigger.py took 0.230 seconds
[2022-02-25 00:52:13,314] {processor.py:163} INFO - Started process (PID=1255) to work on /home/airflow/.local/lib/python3.7/site-packages/airflow/example_dags/example_latest_only_with_trigger.py
[2022-02-25 00:52:13,320] {processor.py:642} INFO - Processing file /home/airflow/.local/lib/python3.7/site-packages/airflow/example_dags/example_latest_only_with_trigger.py for tasks to queue
[2022-02-25 00:52:13,324] {logging_mixin.py:109} INFO - [2022-02-25 00:52:13,324] {dagbag.py:500} INFO - Filling up the DagBag from /home/airflow/.local/lib/python3.7/site-packages/airflow/example_dags/example_latest_only_with_trigger.py
[2022-02-25 00:52:13,399] {processor.py:654} INFO - DAG(s) dict_keys(['latest_only_with_trigger']) retrieved from /home/airflow/.local/lib/python3.7/site-packages/airflow/example_dags/example_latest_only_with_trigger.py
[2022-02-25 00:52:13,442] {logging_mixin.py:109} INFO - [2022-02-25 00:52:13,441] {dag.py:2396} INFO - Sync 1 DAGs
[2022-02-25 00:52:13,504] {logging_mixin.py:109} INFO - [2022-02-25 00:52:13,504] {dag.py:2935} INFO - Setting next_dagrun for latest_only_with_trigger to 2022-02-24T20:52:13.502394+00:00
[2022-02-25 00:52:13,542] {processor.py:171} INFO - Processing /home/airflow/.local/lib/python3.7/site-packages/airflow/example_dags/example_latest_only_with_trigger.py took 0.235 seconds
[2022-02-25 00:52:43,728] {processor.py:163} INFO - Started process (PID=1344) to work on /home/airflow/.local/lib/python3.7/site-packages/airflow/example_dags/example_latest_only_with_trigger.py
[2022-02-25 00:52:43,734] {processor.py:642} INFO - Processing file /home/airflow/.local/lib/python3.7/site-packages/airflow/example_dags/example_latest_only_with_trigger.py for tasks to queue
[2022-02-25 00:52:43,739] {logging_mixin.py:109} INFO - [2022-02-25 00:52:43,739] {dagbag.py:500} INFO - Filling up the DagBag from /home/airflow/.local/lib/python3.7/site-packages/airflow/example_dags/example_latest_only_with_trigger.py
[2022-02-25 00:52:43,820] {processor.py:654} INFO - DAG(s) dict_keys(['latest_only_with_trigger']) retrieved from /home/airflow/.local/lib/python3.7/site-packages/airflow/example_dags/example_latest_only_with_trigger.py
[2022-02-25 00:52:43,868] {logging_mixin.py:109} INFO - [2022-02-25 00:52:43,867] {dag.py:2396} INFO - Sync 1 DAGs
[2022-02-25 00:52:43,952] {logging_mixin.py:109} INFO - [2022-02-25 00:52:43,950] {dag.py:2935} INFO - Setting next_dagrun for latest_only_with_trigger to 2022-02-24T20:52:43.948174+00:00
[2022-02-25 00:52:43,989] {processor.py:171} INFO - Processing /home/airflow/.local/lib/python3.7/site-packages/airflow/example_dags/example_latest_only_with_trigger.py took 0.270 seconds
[2022-02-25 00:53:14,284] {processor.py:163} INFO - Started process (PID=1452) to work on /home/airflow/.local/lib/python3.7/site-packages/airflow/example_dags/example_latest_only_with_trigger.py
[2022-02-25 00:53:14,294] {processor.py:642} INFO - Processing file /home/airflow/.local/lib/python3.7/site-packages/airflow/example_dags/example_latest_only_with_trigger.py for tasks to queue
[2022-02-25 00:53:14,299] {logging_mixin.py:109} INFO - [2022-02-25 00:53:14,298] {dagbag.py:500} INFO - Filling up the DagBag from /home/airflow/.local/lib/python3.7/site-packages/airflow/example_dags/example_latest_only_with_trigger.py
[2022-02-25 00:53:14,398] {processor.py:654} INFO - DAG(s) dict_keys(['latest_only_with_trigger']) retrieved from /home/airflow/.local/lib/python3.7/site-packages/airflow/example_dags/example_latest_only_with_trigger.py
[2022-02-25 00:53:14,457] {logging_mixin.py:109} INFO - [2022-02-25 00:53:14,457] {dag.py:2396} INFO - Sync 1 DAGs
[2022-02-25 00:53:14,555] {logging_mixin.py:109} INFO - [2022-02-25 00:53:14,554] {dag.py:2935} INFO - Setting next_dagrun for latest_only_with_trigger to 2022-02-24T20:53:14.551243+00:00
[2022-02-25 00:53:14,625] {processor.py:171} INFO - Processing /home/airflow/.local/lib/python3.7/site-packages/airflow/example_dags/example_latest_only_with_trigger.py took 0.349 seconds
[2022-02-25 00:53:45,506] {processor.py:163} INFO - Started process (PID=1541) to work on /home/airflow/.local/lib/python3.7/site-packages/airflow/example_dags/example_latest_only_with_trigger.py
[2022-02-25 00:53:45,512] {processor.py:642} INFO - Processing file /home/airflow/.local/lib/python3.7/site-packages/airflow/example_dags/example_latest_only_with_trigger.py for tasks to queue
[2022-02-25 00:53:45,517] {logging_mixin.py:109} INFO - [2022-02-25 00:53:45,517] {dagbag.py:500} INFO - Filling up the DagBag from /home/airflow/.local/lib/python3.7/site-packages/airflow/example_dags/example_latest_only_with_trigger.py
[2022-02-25 00:53:45,596] {processor.py:654} INFO - DAG(s) dict_keys(['latest_only_with_trigger']) retrieved from /home/airflow/.local/lib/python3.7/site-packages/airflow/example_dags/example_latest_only_with_trigger.py
[2022-02-25 00:53:45,640] {logging_mixin.py:109} INFO - [2022-02-25 00:53:45,640] {dag.py:2396} INFO - Sync 1 DAGs
[2022-02-25 00:53:45,701] {logging_mixin.py:109} INFO - [2022-02-25 00:53:45,700] {dag.py:2935} INFO - Setting next_dagrun for latest_only_with_trigger to 2022-02-24T20:53:45.698732+00:00
[2022-02-25 00:53:45,740] {processor.py:171} INFO - Processing /home/airflow/.local/lib/python3.7/site-packages/airflow/example_dags/example_latest_only_with_trigger.py took 0.241 seconds
[2022-02-25 00:54:16,354] {processor.py:163} INFO - Started process (PID=1649) to work on /home/airflow/.local/lib/python3.7/site-packages/airflow/example_dags/example_latest_only_with_trigger.py
[2022-02-25 00:54:16,360] {processor.py:642} INFO - Processing file /home/airflow/.local/lib/python3.7/site-packages/airflow/example_dags/example_latest_only_with_trigger.py for tasks to queue
[2022-02-25 00:54:16,363] {logging_mixin.py:109} INFO - [2022-02-25 00:54:16,363] {dagbag.py:500} INFO - Filling up the DagBag from /home/airflow/.local/lib/python3.7/site-packages/airflow/example_dags/example_latest_only_with_trigger.py
[2022-02-25 00:54:16,434] {processor.py:654} INFO - DAG(s) dict_keys(['latest_only_with_trigger']) retrieved from /home/airflow/.local/lib/python3.7/site-packages/airflow/example_dags/example_latest_only_with_trigger.py
[2022-02-25 00:54:16,473] {logging_mixin.py:109} INFO - [2022-02-25 00:54:16,473] {dag.py:2396} INFO - Sync 1 DAGs
[2022-02-25 00:54:16,531] {logging_mixin.py:109} INFO - [2022-02-25 00:54:16,531] {dag.py:2935} INFO - Setting next_dagrun for latest_only_with_trigger to 2022-02-24T20:54:16.529358+00:00
[2022-02-25 00:54:16,561] {processor.py:171} INFO - Processing /home/airflow/.local/lib/python3.7/site-packages/airflow/example_dags/example_latest_only_with_trigger.py took 0.215 seconds
[2022-02-25 00:54:47,597] {processor.py:163} INFO - Started process (PID=1738) to work on /home/airflow/.local/lib/python3.7/site-packages/airflow/example_dags/example_latest_only_with_trigger.py
[2022-02-25 00:54:47,602] {processor.py:642} INFO - Processing file /home/airflow/.local/lib/python3.7/site-packages/airflow/example_dags/example_latest_only_with_trigger.py for tasks to queue
[2022-02-25 00:54:47,605] {logging_mixin.py:109} INFO - [2022-02-25 00:54:47,604] {dagbag.py:500} INFO - Filling up the DagBag from /home/airflow/.local/lib/python3.7/site-packages/airflow/example_dags/example_latest_only_with_trigger.py
[2022-02-25 00:54:47,681] {processor.py:654} INFO - DAG(s) dict_keys(['latest_only_with_trigger']) retrieved from /home/airflow/.local/lib/python3.7/site-packages/airflow/example_dags/example_latest_only_with_trigger.py
[2022-02-25 00:54:47,726] {logging_mixin.py:109} INFO - [2022-02-25 00:54:47,725] {dag.py:2396} INFO - Sync 1 DAGs
[2022-02-25 00:54:47,787] {logging_mixin.py:109} INFO - [2022-02-25 00:54:47,787] {dag.py:2935} INFO - Setting next_dagrun for latest_only_with_trigger to 2022-02-24T20:54:47.785273+00:00
[2022-02-25 00:54:47,817] {processor.py:171} INFO - Processing /home/airflow/.local/lib/python3.7/site-packages/airflow/example_dags/example_latest_only_with_trigger.py took 0.227 seconds
[2022-02-25 00:55:18,107] {processor.py:163} INFO - Started process (PID=1842) to work on /home/airflow/.local/lib/python3.7/site-packages/airflow/example_dags/example_latest_only_with_trigger.py
[2022-02-25 00:55:18,114] {processor.py:642} INFO - Processing file /home/airflow/.local/lib/python3.7/site-packages/airflow/example_dags/example_latest_only_with_trigger.py for tasks to queue
[2022-02-25 00:55:18,120] {logging_mixin.py:109} INFO - [2022-02-25 00:55:18,120] {dagbag.py:500} INFO - Filling up the DagBag from /home/airflow/.local/lib/python3.7/site-packages/airflow/example_dags/example_latest_only_with_trigger.py
[2022-02-25 00:55:18,250] {processor.py:654} INFO - DAG(s) dict_keys(['latest_only_with_trigger']) retrieved from /home/airflow/.local/lib/python3.7/site-packages/airflow/example_dags/example_latest_only_with_trigger.py
[2022-02-25 00:55:18,307] {logging_mixin.py:109} INFO - [2022-02-25 00:55:18,306] {dag.py:2396} INFO - Sync 1 DAGs
[2022-02-25 00:55:18,389] {logging_mixin.py:109} INFO - [2022-02-25 00:55:18,388] {dag.py:2935} INFO - Setting next_dagrun for latest_only_with_trigger to 2022-02-24T20:55:18.385842+00:00
[2022-02-25 00:55:18,432] {processor.py:171} INFO - Processing /home/airflow/.local/lib/python3.7/site-packages/airflow/example_dags/example_latest_only_with_trigger.py took 0.337 seconds
[2022-02-25 00:55:48,490] {processor.py:163} INFO - Started process (PID=1940) to work on /home/airflow/.local/lib/python3.7/site-packages/airflow/example_dags/example_latest_only_with_trigger.py
[2022-02-25 00:55:48,495] {processor.py:642} INFO - Processing file /home/airflow/.local/lib/python3.7/site-packages/airflow/example_dags/example_latest_only_with_trigger.py for tasks to queue
[2022-02-25 00:55:48,499] {logging_mixin.py:109} INFO - [2022-02-25 00:55:48,499] {dagbag.py:500} INFO - Filling up the DagBag from /home/airflow/.local/lib/python3.7/site-packages/airflow/example_dags/example_latest_only_with_trigger.py
[2022-02-25 00:55:48,574] {processor.py:654} INFO - DAG(s) dict_keys(['latest_only_with_trigger']) retrieved from /home/airflow/.local/lib/python3.7/site-packages/airflow/example_dags/example_latest_only_with_trigger.py
[2022-02-25 00:55:48,620] {logging_mixin.py:109} INFO - [2022-02-25 00:55:48,619] {dag.py:2396} INFO - Sync 1 DAGs
[2022-02-25 00:55:48,693] {logging_mixin.py:109} INFO - [2022-02-25 00:55:48,693] {dag.py:2935} INFO - Setting next_dagrun for latest_only_with_trigger to 2022-02-24T20:55:48.690753+00:00
[2022-02-25 00:55:48,733] {processor.py:171} INFO - Processing /home/airflow/.local/lib/python3.7/site-packages/airflow/example_dags/example_latest_only_with_trigger.py took 0.251 seconds
[2022-02-25 00:56:20,280] {processor.py:163} INFO - Started process (PID=2039) to work on /home/airflow/.local/lib/python3.7/site-packages/airflow/example_dags/example_latest_only_with_trigger.py
[2022-02-25 00:56:20,287] {processor.py:642} INFO - Processing file /home/airflow/.local/lib/python3.7/site-packages/airflow/example_dags/example_latest_only_with_trigger.py for tasks to queue
[2022-02-25 00:56:20,291] {logging_mixin.py:109} INFO - [2022-02-25 00:56:20,290] {dagbag.py:500} INFO - Filling up the DagBag from /home/airflow/.local/lib/python3.7/site-packages/airflow/example_dags/example_latest_only_with_trigger.py
[2022-02-25 00:56:20,380] {processor.py:654} INFO - DAG(s) dict_keys(['latest_only_with_trigger']) retrieved from /home/airflow/.local/lib/python3.7/site-packages/airflow/example_dags/example_latest_only_with_trigger.py
[2022-02-25 00:56:20,437] {logging_mixin.py:109} INFO - [2022-02-25 00:56:20,436] {dag.py:2396} INFO - Sync 1 DAGs
[2022-02-25 00:56:20,511] {logging_mixin.py:109} INFO - [2022-02-25 00:56:20,510] {dag.py:2935} INFO - Setting next_dagrun for latest_only_with_trigger to 2022-02-24T20:56:20.508346+00:00
[2022-02-25 00:56:20,552] {processor.py:171} INFO - Processing /home/airflow/.local/lib/python3.7/site-packages/airflow/example_dags/example_latest_only_with_trigger.py took 0.281 seconds
[2022-02-25 00:56:50,959] {processor.py:163} INFO - Started process (PID=2145) to work on /home/airflow/.local/lib/python3.7/site-packages/airflow/example_dags/example_latest_only_with_trigger.py
[2022-02-25 00:56:50,965] {processor.py:642} INFO - Processing file /home/airflow/.local/lib/python3.7/site-packages/airflow/example_dags/example_latest_only_with_trigger.py for tasks to queue
[2022-02-25 00:56:50,971] {logging_mixin.py:109} INFO - [2022-02-25 00:56:50,970] {dagbag.py:500} INFO - Filling up the DagBag from /home/airflow/.local/lib/python3.7/site-packages/airflow/example_dags/example_latest_only_with_trigger.py
[2022-02-25 00:56:51,075] {processor.py:654} INFO - DAG(s) dict_keys(['latest_only_with_trigger']) retrieved from /home/airflow/.local/lib/python3.7/site-packages/airflow/example_dags/example_latest_only_with_trigger.py
[2022-02-25 00:56:51,135] {logging_mixin.py:109} INFO - [2022-02-25 00:56:51,134] {dag.py:2396} INFO - Sync 1 DAGs
[2022-02-25 00:56:51,217] {logging_mixin.py:109} INFO - [2022-02-25 00:56:51,216] {dag.py:2935} INFO - Setting next_dagrun for latest_only_with_trigger to 2022-02-24T20:56:51.214465+00:00
[2022-02-25 00:56:51,262] {processor.py:171} INFO - Processing /home/airflow/.local/lib/python3.7/site-packages/airflow/example_dags/example_latest_only_with_trigger.py took 0.314 seconds
[2022-02-25 00:57:21,580] {processor.py:163} INFO - Started process (PID=2234) to work on /home/airflow/.local/lib/python3.7/site-packages/airflow/example_dags/example_latest_only_with_trigger.py
[2022-02-25 00:57:21,587] {processor.py:642} INFO - Processing file /home/airflow/.local/lib/python3.7/site-packages/airflow/example_dags/example_latest_only_with_trigger.py for tasks to queue
[2022-02-25 00:57:21,592] {logging_mixin.py:109} INFO - [2022-02-25 00:57:21,591] {dagbag.py:500} INFO - Filling up the DagBag from /home/airflow/.local/lib/python3.7/site-packages/airflow/example_dags/example_latest_only_with_trigger.py
[2022-02-25 00:57:21,684] {processor.py:654} INFO - DAG(s) dict_keys(['latest_only_with_trigger']) retrieved from /home/airflow/.local/lib/python3.7/site-packages/airflow/example_dags/example_latest_only_with_trigger.py
[2022-02-25 00:57:21,736] {logging_mixin.py:109} INFO - [2022-02-25 00:57:21,736] {dag.py:2396} INFO - Sync 1 DAGs
[2022-02-25 00:57:21,817] {logging_mixin.py:109} INFO - [2022-02-25 00:57:21,816] {dag.py:2935} INFO - Setting next_dagrun for latest_only_with_trigger to 2022-02-24T20:57:21.814790+00:00
[2022-02-25 00:57:21,859] {processor.py:171} INFO - Processing /home/airflow/.local/lib/python3.7/site-packages/airflow/example_dags/example_latest_only_with_trigger.py took 0.290 seconds
[2022-02-25 00:57:53,277] {processor.py:163} INFO - Started process (PID=2342) to work on /home/airflow/.local/lib/python3.7/site-packages/airflow/example_dags/example_latest_only_with_trigger.py
[2022-02-25 00:57:53,283] {processor.py:642} INFO - Processing file /home/airflow/.local/lib/python3.7/site-packages/airflow/example_dags/example_latest_only_with_trigger.py for tasks to queue
[2022-02-25 00:57:53,287] {logging_mixin.py:109} INFO - [2022-02-25 00:57:53,286] {dagbag.py:500} INFO - Filling up the DagBag from /home/airflow/.local/lib/python3.7/site-packages/airflow/example_dags/example_latest_only_with_trigger.py
[2022-02-25 00:57:53,368] {processor.py:654} INFO - DAG(s) dict_keys(['latest_only_with_trigger']) retrieved from /home/airflow/.local/lib/python3.7/site-packages/airflow/example_dags/example_latest_only_with_trigger.py
[2022-02-25 00:57:53,415] {logging_mixin.py:109} INFO - [2022-02-25 00:57:53,414] {dag.py:2396} INFO - Sync 1 DAGs
[2022-02-25 00:57:53,483] {logging_mixin.py:109} INFO - [2022-02-25 00:57:53,482] {dag.py:2935} INFO - Setting next_dagrun for latest_only_with_trigger to 2022-02-24T20:57:53.481094+00:00
[2022-02-25 00:57:53,633] {processor.py:171} INFO - Processing /home/airflow/.local/lib/python3.7/site-packages/airflow/example_dags/example_latest_only_with_trigger.py took 0.368 seconds
[2022-02-25 00:58:23,801] {processor.py:163} INFO - Started process (PID=2433) to work on /home/airflow/.local/lib/python3.7/site-packages/airflow/example_dags/example_latest_only_with_trigger.py
[2022-02-25 00:58:23,808] {processor.py:642} INFO - Processing file /home/airflow/.local/lib/python3.7/site-packages/airflow/example_dags/example_latest_only_with_trigger.py for tasks to queue
[2022-02-25 00:58:23,812] {logging_mixin.py:109} INFO - [2022-02-25 00:58:23,812] {dagbag.py:500} INFO - Filling up the DagBag from /home/airflow/.local/lib/python3.7/site-packages/airflow/example_dags/example_latest_only_with_trigger.py
[2022-02-25 00:58:23,902] {processor.py:654} INFO - DAG(s) dict_keys(['latest_only_with_trigger']) retrieved from /home/airflow/.local/lib/python3.7/site-packages/airflow/example_dags/example_latest_only_with_trigger.py
[2022-02-25 00:58:23,957] {logging_mixin.py:109} INFO - [2022-02-25 00:58:23,956] {dag.py:2396} INFO - Sync 1 DAGs
[2022-02-25 00:58:24,161] {logging_mixin.py:109} INFO - [2022-02-25 00:58:24,161] {dag.py:2935} INFO - Setting next_dagrun for latest_only_with_trigger to 2022-02-24T20:58:24.159814+00:00
[2022-02-25 00:58:24,192] {processor.py:171} INFO - Processing /home/airflow/.local/lib/python3.7/site-packages/airflow/example_dags/example_latest_only_with_trigger.py took 0.400 seconds
[2022-02-25 00:58:54,272] {processor.py:163} INFO - Started process (PID=2540) to work on /home/airflow/.local/lib/python3.7/site-packages/airflow/example_dags/example_latest_only_with_trigger.py
[2022-02-25 00:58:54,277] {processor.py:642} INFO - Processing file /home/airflow/.local/lib/python3.7/site-packages/airflow/example_dags/example_latest_only_with_trigger.py for tasks to queue
[2022-02-25 00:58:54,280] {logging_mixin.py:109} INFO - [2022-02-25 00:58:54,280] {dagbag.py:500} INFO - Filling up the DagBag from /home/airflow/.local/lib/python3.7/site-packages/airflow/example_dags/example_latest_only_with_trigger.py
[2022-02-25 00:58:54,356] {processor.py:654} INFO - DAG(s) dict_keys(['latest_only_with_trigger']) retrieved from /home/airflow/.local/lib/python3.7/site-packages/airflow/example_dags/example_latest_only_with_trigger.py
[2022-02-25 00:58:54,406] {logging_mixin.py:109} INFO - [2022-02-25 00:58:54,405] {dag.py:2396} INFO - Sync 1 DAGs
[2022-02-25 00:58:54,592] {logging_mixin.py:109} INFO - [2022-02-25 00:58:54,592] {dag.py:2935} INFO - Setting next_dagrun for latest_only_with_trigger to 2022-02-24T20:58:54.590662+00:00
[2022-02-25 00:58:54,621] {processor.py:171} INFO - Processing /home/airflow/.local/lib/python3.7/site-packages/airflow/example_dags/example_latest_only_with_trigger.py took 0.357 seconds
[2022-02-25 00:59:24,737] {processor.py:163} INFO - Started process (PID=2629) to work on /home/airflow/.local/lib/python3.7/site-packages/airflow/example_dags/example_latest_only_with_trigger.py
[2022-02-25 00:59:24,742] {processor.py:642} INFO - Processing file /home/airflow/.local/lib/python3.7/site-packages/airflow/example_dags/example_latest_only_with_trigger.py for tasks to queue
[2022-02-25 00:59:24,746] {logging_mixin.py:109} INFO - [2022-02-25 00:59:24,745] {dagbag.py:500} INFO - Filling up the DagBag from /home/airflow/.local/lib/python3.7/site-packages/airflow/example_dags/example_latest_only_with_trigger.py
[2022-02-25 00:59:24,819] {processor.py:654} INFO - DAG(s) dict_keys(['latest_only_with_trigger']) retrieved from /home/airflow/.local/lib/python3.7/site-packages/airflow/example_dags/example_latest_only_with_trigger.py
[2022-02-25 00:59:24,860] {logging_mixin.py:109} INFO - [2022-02-25 00:59:24,860] {dag.py:2396} INFO - Sync 1 DAGs
[2022-02-25 00:59:25,033] {logging_mixin.py:109} INFO - [2022-02-25 00:59:25,032] {dag.py:2935} INFO - Setting next_dagrun for latest_only_with_trigger to 2022-02-24T20:59:25.031102+00:00
[2022-02-25 00:59:25,062] {processor.py:171} INFO - Processing /home/airflow/.local/lib/python3.7/site-packages/airflow/example_dags/example_latest_only_with_trigger.py took 0.334 seconds
[2022-02-25 00:59:55,273] {processor.py:163} INFO - Started process (PID=2736) to work on /home/airflow/.local/lib/python3.7/site-packages/airflow/example_dags/example_latest_only_with_trigger.py
[2022-02-25 00:59:55,279] {processor.py:642} INFO - Processing file /home/airflow/.local/lib/python3.7/site-packages/airflow/example_dags/example_latest_only_with_trigger.py for tasks to queue
[2022-02-25 00:59:55,284] {logging_mixin.py:109} INFO - [2022-02-25 00:59:55,284] {dagbag.py:500} INFO - Filling up the DagBag from /home/airflow/.local/lib/python3.7/site-packages/airflow/example_dags/example_latest_only_with_trigger.py
[2022-02-25 00:59:55,377] {processor.py:654} INFO - DAG(s) dict_keys(['latest_only_with_trigger']) retrieved from /home/airflow/.local/lib/python3.7/site-packages/airflow/example_dags/example_latest_only_with_trigger.py
[2022-02-25 00:59:55,564] {logging_mixin.py:109} INFO - [2022-02-25 00:59:55,564] {dag.py:2396} INFO - Sync 1 DAGs
[2022-02-25 00:59:55,636] {logging_mixin.py:109} INFO - [2022-02-25 00:59:55,635] {dag.py:2935} INFO - Setting next_dagrun for latest_only_with_trigger to 2022-02-24T20:59:55.634331+00:00
[2022-02-25 00:59:55,674] {processor.py:171} INFO - Processing /home/airflow/.local/lib/python3.7/site-packages/airflow/example_dags/example_latest_only_with_trigger.py took 0.411 seconds
[2022-02-25 01:00:25,777] {processor.py:163} INFO - Started process (PID=2825) to work on /home/airflow/.local/lib/python3.7/site-packages/airflow/example_dags/example_latest_only_with_trigger.py
[2022-02-25 01:00:25,782] {processor.py:642} INFO - Processing file /home/airflow/.local/lib/python3.7/site-packages/airflow/example_dags/example_latest_only_with_trigger.py for tasks to queue
[2022-02-25 01:00:25,786] {logging_mixin.py:109} INFO - [2022-02-25 01:00:25,786] {dagbag.py:500} INFO - Filling up the DagBag from /home/airflow/.local/lib/python3.7/site-packages/airflow/example_dags/example_latest_only_with_trigger.py
[2022-02-25 01:00:25,872] {processor.py:654} INFO - DAG(s) dict_keys(['latest_only_with_trigger']) retrieved from /home/airflow/.local/lib/python3.7/site-packages/airflow/example_dags/example_latest_only_with_trigger.py
[2022-02-25 01:00:26,045] {logging_mixin.py:109} INFO - [2022-02-25 01:00:26,045] {dag.py:2396} INFO - Sync 1 DAGs
[2022-02-25 01:00:26,106] {logging_mixin.py:109} INFO - [2022-02-25 01:00:26,106] {dag.py:2935} INFO - Setting next_dagrun for latest_only_with_trigger to 2022-02-24T21:00:26.104375+00:00
[2022-02-25 01:00:26,137] {processor.py:171} INFO - Processing /home/airflow/.local/lib/python3.7/site-packages/airflow/example_dags/example_latest_only_with_trigger.py took 0.368 seconds
[2022-02-25 01:00:57,271] {processor.py:163} INFO - Started process (PID=2931) to work on /home/airflow/.local/lib/python3.7/site-packages/airflow/example_dags/example_latest_only_with_trigger.py
[2022-02-25 01:00:57,275] {processor.py:642} INFO - Processing file /home/airflow/.local/lib/python3.7/site-packages/airflow/example_dags/example_latest_only_with_trigger.py for tasks to queue
[2022-02-25 01:00:57,278] {logging_mixin.py:109} INFO - [2022-02-25 01:00:57,278] {dagbag.py:500} INFO - Filling up the DagBag from /home/airflow/.local/lib/python3.7/site-packages/airflow/example_dags/example_latest_only_with_trigger.py
[2022-02-25 01:00:57,468] {processor.py:654} INFO - DAG(s) dict_keys(['latest_only_with_trigger']) retrieved from /home/airflow/.local/lib/python3.7/site-packages/airflow/example_dags/example_latest_only_with_trigger.py
[2022-02-25 01:00:57,508] {logging_mixin.py:109} INFO - [2022-02-25 01:00:57,508] {dag.py:2396} INFO - Sync 1 DAGs
[2022-02-25 01:00:57,566] {logging_mixin.py:109} INFO - [2022-02-25 01:00:57,566] {dag.py:2935} INFO - Setting next_dagrun for latest_only_with_trigger to 2022-02-24T21:00:57.564355+00:00
[2022-02-25 01:00:57,595] {processor.py:171} INFO - Processing /home/airflow/.local/lib/python3.7/site-packages/airflow/example_dags/example_latest_only_with_trigger.py took 0.332 seconds
[2022-02-25 01:01:28,248] {processor.py:163} INFO - Started process (PID=3020) to work on /home/airflow/.local/lib/python3.7/site-packages/airflow/example_dags/example_latest_only_with_trigger.py
[2022-02-25 01:01:28,272] {processor.py:642} INFO - Processing file /home/airflow/.local/lib/python3.7/site-packages/airflow/example_dags/example_latest_only_with_trigger.py for tasks to queue
[2022-02-25 01:01:28,277] {logging_mixin.py:109} INFO - [2022-02-25 01:01:28,277] {dagbag.py:500} INFO - Filling up the DagBag from /home/airflow/.local/lib/python3.7/site-packages/airflow/example_dags/example_latest_only_with_trigger.py
[2022-02-25 01:01:28,507] {processor.py:654} INFO - DAG(s) dict_keys(['latest_only_with_trigger']) retrieved from /home/airflow/.local/lib/python3.7/site-packages/airflow/example_dags/example_latest_only_with_trigger.py
[2022-02-25 01:01:28,551] {logging_mixin.py:109} INFO - [2022-02-25 01:01:28,551] {dag.py:2396} INFO - Sync 1 DAGs
[2022-02-25 01:01:28,619] {logging_mixin.py:109} INFO - [2022-02-25 01:01:28,619] {dag.py:2935} INFO - Setting next_dagrun for latest_only_with_trigger to 2022-02-24T21:01:28.617233+00:00
[2022-02-25 01:01:28,653] {processor.py:171} INFO - Processing /home/airflow/.local/lib/python3.7/site-packages/airflow/example_dags/example_latest_only_with_trigger.py took 0.414 seconds
[2022-02-25 01:01:58,734] {processor.py:163} INFO - Started process (PID=3124) to work on /home/airflow/.local/lib/python3.7/site-packages/airflow/example_dags/example_latest_only_with_trigger.py
[2022-02-25 01:01:58,739] {processor.py:642} INFO - Processing file /home/airflow/.local/lib/python3.7/site-packages/airflow/example_dags/example_latest_only_with_trigger.py for tasks to queue
[2022-02-25 01:01:58,742] {logging_mixin.py:109} INFO - [2022-02-25 01:01:58,742] {dagbag.py:500} INFO - Filling up the DagBag from /home/airflow/.local/lib/python3.7/site-packages/airflow/example_dags/example_latest_only_with_trigger.py
[2022-02-25 01:01:58,960] {processor.py:654} INFO - DAG(s) dict_keys(['latest_only_with_trigger']) retrieved from /home/airflow/.local/lib/python3.7/site-packages/airflow/example_dags/example_latest_only_with_trigger.py
[2022-02-25 01:01:59,014] {logging_mixin.py:109} INFO - [2022-02-25 01:01:59,014] {dag.py:2396} INFO - Sync 1 DAGs
[2022-02-25 01:01:59,076] {logging_mixin.py:109} INFO - [2022-02-25 01:01:59,076] {dag.py:2935} INFO - Setting next_dagrun for latest_only_with_trigger to 2022-02-24T21:01:59.074413+00:00
[2022-02-25 01:01:59,110] {processor.py:171} INFO - Processing /home/airflow/.local/lib/python3.7/site-packages/airflow/example_dags/example_latest_only_with_trigger.py took 0.383 seconds
[2022-02-25 01:02:29,650] {processor.py:163} INFO - Started process (PID=3223) to work on /home/airflow/.local/lib/python3.7/site-packages/airflow/example_dags/example_latest_only_with_trigger.py
[2022-02-25 01:02:29,654] {processor.py:642} INFO - Processing file /home/airflow/.local/lib/python3.7/site-packages/airflow/example_dags/example_latest_only_with_trigger.py for tasks to queue
[2022-02-25 01:02:29,658] {logging_mixin.py:109} INFO - [2022-02-25 01:02:29,658] {dagbag.py:500} INFO - Filling up the DagBag from /home/airflow/.local/lib/python3.7/site-packages/airflow/example_dags/example_latest_only_with_trigger.py
[2022-02-25 01:02:29,735] {processor.py:654} INFO - DAG(s) dict_keys(['latest_only_with_trigger']) retrieved from /home/airflow/.local/lib/python3.7/site-packages/airflow/example_dags/example_latest_only_with_trigger.py
[2022-02-25 01:02:29,781] {logging_mixin.py:109} INFO - [2022-02-25 01:02:29,780] {dag.py:2396} INFO - Sync 1 DAGs
[2022-02-25 01:02:29,844] {logging_mixin.py:109} INFO - [2022-02-25 01:02:29,844] {dag.py:2935} INFO - Setting next_dagrun for latest_only_with_trigger to 2022-02-24T21:02:29.842084+00:00
[2022-02-25 01:02:29,881] {processor.py:171} INFO - Processing /home/airflow/.local/lib/python3.7/site-packages/airflow/example_dags/example_latest_only_with_trigger.py took 0.239 seconds
[2022-02-25 01:03:00,317] {processor.py:163} INFO - Started process (PID=3318) to work on /home/airflow/.local/lib/python3.7/site-packages/airflow/example_dags/example_latest_only_with_trigger.py
[2022-02-25 01:03:00,325] {processor.py:642} INFO - Processing file /home/airflow/.local/lib/python3.7/site-packages/airflow/example_dags/example_latest_only_with_trigger.py for tasks to queue
[2022-02-25 01:03:00,329] {logging_mixin.py:109} INFO - [2022-02-25 01:03:00,328] {dagbag.py:500} INFO - Filling up the DagBag from /home/airflow/.local/lib/python3.7/site-packages/airflow/example_dags/example_latest_only_with_trigger.py
[2022-02-25 01:03:00,420] {processor.py:654} INFO - DAG(s) dict_keys(['latest_only_with_trigger']) retrieved from /home/airflow/.local/lib/python3.7/site-packages/airflow/example_dags/example_latest_only_with_trigger.py
[2022-02-25 01:03:00,475] {logging_mixin.py:109} INFO - [2022-02-25 01:03:00,474] {dag.py:2396} INFO - Sync 1 DAGs
[2022-02-25 01:03:00,546] {logging_mixin.py:109} INFO - [2022-02-25 01:03:00,546] {dag.py:2935} INFO - Setting next_dagrun for latest_only_with_trigger to 2022-02-24T21:03:00.543475+00:00
[2022-02-25 01:03:00,586] {processor.py:171} INFO - Processing /home/airflow/.local/lib/python3.7/site-packages/airflow/example_dags/example_latest_only_with_trigger.py took 0.278 seconds
[2022-02-25 01:03:31,201] {processor.py:163} INFO - Started process (PID=3424) to work on /home/airflow/.local/lib/python3.7/site-packages/airflow/example_dags/example_latest_only_with_trigger.py
[2022-02-25 01:03:31,206] {processor.py:642} INFO - Processing file /home/airflow/.local/lib/python3.7/site-packages/airflow/example_dags/example_latest_only_with_trigger.py for tasks to queue
[2022-02-25 01:03:31,210] {logging_mixin.py:109} INFO - [2022-02-25 01:03:31,210] {dagbag.py:500} INFO - Filling up the DagBag from /home/airflow/.local/lib/python3.7/site-packages/airflow/example_dags/example_latest_only_with_trigger.py
[2022-02-25 01:03:31,311] {processor.py:654} INFO - DAG(s) dict_keys(['latest_only_with_trigger']) retrieved from /home/airflow/.local/lib/python3.7/site-packages/airflow/example_dags/example_latest_only_with_trigger.py
[2022-02-25 01:03:31,377] {logging_mixin.py:109} INFO - [2022-02-25 01:03:31,377] {dag.py:2396} INFO - Sync 1 DAGs
[2022-02-25 01:03:31,472] {logging_mixin.py:109} INFO - [2022-02-25 01:03:31,471] {dag.py:2935} INFO - Setting next_dagrun for latest_only_with_trigger to 2022-02-24T21:03:31.468952+00:00
[2022-02-25 01:03:31,511] {processor.py:171} INFO - Processing /home/airflow/.local/lib/python3.7/site-packages/airflow/example_dags/example_latest_only_with_trigger.py took 0.320 seconds
[2022-02-25 01:04:01,871] {processor.py:163} INFO - Started process (PID=3512) to work on /home/airflow/.local/lib/python3.7/site-packages/airflow/example_dags/example_latest_only_with_trigger.py
[2022-02-25 01:04:01,876] {processor.py:642} INFO - Processing file /home/airflow/.local/lib/python3.7/site-packages/airflow/example_dags/example_latest_only_with_trigger.py for tasks to queue
[2022-02-25 01:04:01,880] {logging_mixin.py:109} INFO - [2022-02-25 01:04:01,879] {dagbag.py:500} INFO - Filling up the DagBag from /home/airflow/.local/lib/python3.7/site-packages/airflow/example_dags/example_latest_only_with_trigger.py
[2022-02-25 01:04:01,958] {processor.py:654} INFO - DAG(s) dict_keys(['latest_only_with_trigger']) retrieved from /home/airflow/.local/lib/python3.7/site-packages/airflow/example_dags/example_latest_only_with_trigger.py
[2022-02-25 01:04:02,005] {logging_mixin.py:109} INFO - [2022-02-25 01:04:02,005] {dag.py:2396} INFO - Sync 1 DAGs
[2022-02-25 01:04:02,071] {logging_mixin.py:109} INFO - [2022-02-25 01:04:02,071] {dag.py:2935} INFO - Setting next_dagrun for latest_only_with_trigger to 2022-02-24T21:04:02.069775+00:00
[2022-02-25 01:04:02,104] {processor.py:171} INFO - Processing /home/airflow/.local/lib/python3.7/site-packages/airflow/example_dags/example_latest_only_with_trigger.py took 0.242 seconds
[2022-02-25 01:04:32,920] {processor.py:163} INFO - Started process (PID=3618) to work on /home/airflow/.local/lib/python3.7/site-packages/airflow/example_dags/example_latest_only_with_trigger.py
[2022-02-25 01:04:32,931] {processor.py:642} INFO - Processing file /home/airflow/.local/lib/python3.7/site-packages/airflow/example_dags/example_latest_only_with_trigger.py for tasks to queue
[2022-02-25 01:04:32,944] {logging_mixin.py:109} INFO - [2022-02-25 01:04:32,943] {dagbag.py:500} INFO - Filling up the DagBag from /home/airflow/.local/lib/python3.7/site-packages/airflow/example_dags/example_latest_only_with_trigger.py
[2022-02-25 01:04:33,028] {processor.py:654} INFO - DAG(s) dict_keys(['latest_only_with_trigger']) retrieved from /home/airflow/.local/lib/python3.7/site-packages/airflow/example_dags/example_latest_only_with_trigger.py
[2022-02-25 01:04:33,077] {logging_mixin.py:109} INFO - [2022-02-25 01:04:33,077] {dag.py:2396} INFO - Sync 1 DAGs
[2022-02-25 01:04:33,149] {logging_mixin.py:109} INFO - [2022-02-25 01:04:33,149] {dag.py:2935} INFO - Setting next_dagrun for latest_only_with_trigger to 2022-02-24T21:04:33.147289+00:00
[2022-02-25 01:04:33,182] {processor.py:171} INFO - Processing /home/airflow/.local/lib/python3.7/site-packages/airflow/example_dags/example_latest_only_with_trigger.py took 0.270 seconds
[2022-02-25 01:05:04,171] {processor.py:163} INFO - Started process (PID=3707) to work on /home/airflow/.local/lib/python3.7/site-packages/airflow/example_dags/example_latest_only_with_trigger.py
[2022-02-25 01:05:04,176] {processor.py:642} INFO - Processing file /home/airflow/.local/lib/python3.7/site-packages/airflow/example_dags/example_latest_only_with_trigger.py for tasks to queue
[2022-02-25 01:05:04,180] {logging_mixin.py:109} INFO - [2022-02-25 01:05:04,179] {dagbag.py:500} INFO - Filling up the DagBag from /home/airflow/.local/lib/python3.7/site-packages/airflow/example_dags/example_latest_only_with_trigger.py
[2022-02-25 01:05:04,250] {processor.py:654} INFO - DAG(s) dict_keys(['latest_only_with_trigger']) retrieved from /home/airflow/.local/lib/python3.7/site-packages/airflow/example_dags/example_latest_only_with_trigger.py
[2022-02-25 01:05:04,290] {logging_mixin.py:109} INFO - [2022-02-25 01:05:04,289] {dag.py:2396} INFO - Sync 1 DAGs
[2022-02-25 01:05:04,351] {logging_mixin.py:109} INFO - [2022-02-25 01:05:04,350] {dag.py:2935} INFO - Setting next_dagrun for latest_only_with_trigger to 2022-02-24T21:05:04.349114+00:00
[2022-02-25 01:05:04,384] {processor.py:171} INFO - Processing /home/airflow/.local/lib/python3.7/site-packages/airflow/example_dags/example_latest_only_with_trigger.py took 0.221 seconds
[2022-02-25 01:05:35,436] {processor.py:163} INFO - Started process (PID=3813) to work on /home/airflow/.local/lib/python3.7/site-packages/airflow/example_dags/example_latest_only_with_trigger.py
[2022-02-25 01:05:35,441] {processor.py:642} INFO - Processing file /home/airflow/.local/lib/python3.7/site-packages/airflow/example_dags/example_latest_only_with_trigger.py for tasks to queue
[2022-02-25 01:05:35,445] {logging_mixin.py:109} INFO - [2022-02-25 01:05:35,444] {dagbag.py:500} INFO - Filling up the DagBag from /home/airflow/.local/lib/python3.7/site-packages/airflow/example_dags/example_latest_only_with_trigger.py
[2022-02-25 01:05:35,514] {processor.py:654} INFO - DAG(s) dict_keys(['latest_only_with_trigger']) retrieved from /home/airflow/.local/lib/python3.7/site-packages/airflow/example_dags/example_latest_only_with_trigger.py
[2022-02-25 01:05:35,557] {logging_mixin.py:109} INFO - [2022-02-25 01:05:35,556] {dag.py:2396} INFO - Sync 1 DAGs
[2022-02-25 01:05:35,624] {logging_mixin.py:109} INFO - [2022-02-25 01:05:35,623] {dag.py:2935} INFO - Setting next_dagrun for latest_only_with_trigger to 2022-02-24T21:05:35.621365+00:00
[2022-02-25 01:05:35,662] {processor.py:171} INFO - Processing /home/airflow/.local/lib/python3.7/site-packages/airflow/example_dags/example_latest_only_with_trigger.py took 0.234 seconds
[2022-02-25 01:06:06,748] {processor.py:163} INFO - Started process (PID=3904) to work on /home/airflow/.local/lib/python3.7/site-packages/airflow/example_dags/example_latest_only_with_trigger.py
[2022-02-25 01:06:06,753] {processor.py:642} INFO - Processing file /home/airflow/.local/lib/python3.7/site-packages/airflow/example_dags/example_latest_only_with_trigger.py for tasks to queue
[2022-02-25 01:06:06,756] {logging_mixin.py:109} INFO - [2022-02-25 01:06:06,756] {dagbag.py:500} INFO - Filling up the DagBag from /home/airflow/.local/lib/python3.7/site-packages/airflow/example_dags/example_latest_only_with_trigger.py
[2022-02-25 01:06:06,828] {processor.py:654} INFO - DAG(s) dict_keys(['latest_only_with_trigger']) retrieved from /home/airflow/.local/lib/python3.7/site-packages/airflow/example_dags/example_latest_only_with_trigger.py
[2022-02-25 01:06:06,869] {logging_mixin.py:109} INFO - [2022-02-25 01:06:06,869] {dag.py:2396} INFO - Sync 1 DAGs
[2022-02-25 01:06:06,931] {logging_mixin.py:109} INFO - [2022-02-25 01:06:06,931] {dag.py:2935} INFO - Setting next_dagrun for latest_only_with_trigger to 2022-02-24T21:06:06.929467+00:00
[2022-02-25 01:06:06,964] {processor.py:171} INFO - Processing /home/airflow/.local/lib/python3.7/site-packages/airflow/example_dags/example_latest_only_with_trigger.py took 0.224 seconds
[2022-02-25 01:06:37,237] {processor.py:163} INFO - Started process (PID=4008) to work on /home/airflow/.local/lib/python3.7/site-packages/airflow/example_dags/example_latest_only_with_trigger.py
[2022-02-25 01:06:37,242] {processor.py:642} INFO - Processing file /home/airflow/.local/lib/python3.7/site-packages/airflow/example_dags/example_latest_only_with_trigger.py for tasks to queue
[2022-02-25 01:06:37,247] {logging_mixin.py:109} INFO - [2022-02-25 01:06:37,246] {dagbag.py:500} INFO - Filling up the DagBag from /home/airflow/.local/lib/python3.7/site-packages/airflow/example_dags/example_latest_only_with_trigger.py
[2022-02-25 01:06:37,324] {processor.py:654} INFO - DAG(s) dict_keys(['latest_only_with_trigger']) retrieved from /home/airflow/.local/lib/python3.7/site-packages/airflow/example_dags/example_latest_only_with_trigger.py
[2022-02-25 01:06:37,367] {logging_mixin.py:109} INFO - [2022-02-25 01:06:37,367] {dag.py:2396} INFO - Sync 1 DAGs
[2022-02-25 01:06:37,425] {logging_mixin.py:109} INFO - [2022-02-25 01:06:37,425] {dag.py:2935} INFO - Setting next_dagrun for latest_only_with_trigger to 2022-02-24T21:06:37.423628+00:00
[2022-02-25 01:06:37,453] {processor.py:171} INFO - Processing /home/airflow/.local/lib/python3.7/site-packages/airflow/example_dags/example_latest_only_with_trigger.py took 0.225 seconds
[2022-02-25 01:07:07,635] {processor.py:163} INFO - Started process (PID=4097) to work on /home/airflow/.local/lib/python3.7/site-packages/airflow/example_dags/example_latest_only_with_trigger.py
[2022-02-25 01:07:07,640] {processor.py:642} INFO - Processing file /home/airflow/.local/lib/python3.7/site-packages/airflow/example_dags/example_latest_only_with_trigger.py for tasks to queue
[2022-02-25 01:07:07,644] {logging_mixin.py:109} INFO - [2022-02-25 01:07:07,643] {dagbag.py:500} INFO - Filling up the DagBag from /home/airflow/.local/lib/python3.7/site-packages/airflow/example_dags/example_latest_only_with_trigger.py
[2022-02-25 01:07:07,719] {processor.py:654} INFO - DAG(s) dict_keys(['latest_only_with_trigger']) retrieved from /home/airflow/.local/lib/python3.7/site-packages/airflow/example_dags/example_latest_only_with_trigger.py
[2022-02-25 01:07:07,766] {logging_mixin.py:109} INFO - [2022-02-25 01:07:07,765] {dag.py:2396} INFO - Sync 1 DAGs
[2022-02-25 01:07:07,839] {logging_mixin.py:109} INFO - [2022-02-25 01:07:07,838] {dag.py:2935} INFO - Setting next_dagrun for latest_only_with_trigger to 2022-02-24T21:07:07.836616+00:00
[2022-02-25 01:07:07,879] {processor.py:171} INFO - Processing /home/airflow/.local/lib/python3.7/site-packages/airflow/example_dags/example_latest_only_with_trigger.py took 0.250 seconds
[2022-02-25 01:07:38,240] {processor.py:163} INFO - Started process (PID=4203) to work on /home/airflow/.local/lib/python3.7/site-packages/airflow/example_dags/example_latest_only_with_trigger.py
[2022-02-25 01:07:38,246] {processor.py:642} INFO - Processing file /home/airflow/.local/lib/python3.7/site-packages/airflow/example_dags/example_latest_only_with_trigger.py for tasks to queue
[2022-02-25 01:07:38,250] {logging_mixin.py:109} INFO - [2022-02-25 01:07:38,249] {dagbag.py:500} INFO - Filling up the DagBag from /home/airflow/.local/lib/python3.7/site-packages/airflow/example_dags/example_latest_only_with_trigger.py
[2022-02-25 01:07:38,332] {processor.py:654} INFO - DAG(s) dict_keys(['latest_only_with_trigger']) retrieved from /home/airflow/.local/lib/python3.7/site-packages/airflow/example_dags/example_latest_only_with_trigger.py
[2022-02-25 01:07:38,376] {logging_mixin.py:109} INFO - [2022-02-25 01:07:38,376] {dag.py:2396} INFO - Sync 1 DAGs
[2022-02-25 01:07:38,454] {logging_mixin.py:109} INFO - [2022-02-25 01:07:38,453] {dag.py:2935} INFO - Setting next_dagrun for latest_only_with_trigger to 2022-02-24T21:07:38.451167+00:00
[2022-02-25 01:07:38,493] {processor.py:171} INFO - Processing /home/airflow/.local/lib/python3.7/site-packages/airflow/example_dags/example_latest_only_with_trigger.py took 0.262 seconds
[2022-02-25 01:08:08,560] {processor.py:163} INFO - Started process (PID=4297) to work on /home/airflow/.local/lib/python3.7/site-packages/airflow/example_dags/example_latest_only_with_trigger.py
[2022-02-25 01:08:08,567] {processor.py:642} INFO - Processing file /home/airflow/.local/lib/python3.7/site-packages/airflow/example_dags/example_latest_only_with_trigger.py for tasks to queue
[2022-02-25 01:08:08,570] {logging_mixin.py:109} INFO - [2022-02-25 01:08:08,570] {dagbag.py:500} INFO - Filling up the DagBag from /home/airflow/.local/lib/python3.7/site-packages/airflow/example_dags/example_latest_only_with_trigger.py
[2022-02-25 01:08:08,656] {processor.py:654} INFO - DAG(s) dict_keys(['latest_only_with_trigger']) retrieved from /home/airflow/.local/lib/python3.7/site-packages/airflow/example_dags/example_latest_only_with_trigger.py
[2022-02-25 01:08:08,700] {logging_mixin.py:109} INFO - [2022-02-25 01:08:08,700] {dag.py:2396} INFO - Sync 1 DAGs
[2022-02-25 01:08:08,768] {logging_mixin.py:109} INFO - [2022-02-25 01:08:08,768] {dag.py:2935} INFO - Setting next_dagrun for latest_only_with_trigger to 2022-02-24T21:08:08.766517+00:00
[2022-02-25 01:08:08,801] {processor.py:171} INFO - Processing /home/airflow/.local/lib/python3.7/site-packages/airflow/example_dags/example_latest_only_with_trigger.py took 0.249 seconds
[2022-02-25 01:08:38,863] {processor.py:163} INFO - Started process (PID=4399) to work on /home/airflow/.local/lib/python3.7/site-packages/airflow/example_dags/example_latest_only_with_trigger.py
[2022-02-25 01:08:38,867] {processor.py:642} INFO - Processing file /home/airflow/.local/lib/python3.7/site-packages/airflow/example_dags/example_latest_only_with_trigger.py for tasks to queue
[2022-02-25 01:08:38,870] {logging_mixin.py:109} INFO - [2022-02-25 01:08:38,869] {dagbag.py:500} INFO - Filling up the DagBag from /home/airflow/.local/lib/python3.7/site-packages/airflow/example_dags/example_latest_only_with_trigger.py
[2022-02-25 01:08:38,946] {processor.py:654} INFO - DAG(s) dict_keys(['latest_only_with_trigger']) retrieved from /home/airflow/.local/lib/python3.7/site-packages/airflow/example_dags/example_latest_only_with_trigger.py
[2022-02-25 01:08:38,995] {logging_mixin.py:109} INFO - [2022-02-25 01:08:38,995] {dag.py:2396} INFO - Sync 1 DAGs
[2022-02-25 01:08:39,066] {logging_mixin.py:109} INFO - [2022-02-25 01:08:39,066] {dag.py:2935} INFO - Setting next_dagrun for latest_only_with_trigger to 2022-02-24T21:08:39.063906+00:00
[2022-02-25 01:08:39,107] {processor.py:171} INFO - Processing /home/airflow/.local/lib/python3.7/site-packages/airflow/example_dags/example_latest_only_with_trigger.py took 0.252 seconds
[2022-02-25 01:09:09,191] {processor.py:163} INFO - Started process (PID=4499) to work on /home/airflow/.local/lib/python3.7/site-packages/airflow/example_dags/example_latest_only_with_trigger.py
[2022-02-25 01:09:09,196] {processor.py:642} INFO - Processing file /home/airflow/.local/lib/python3.7/site-packages/airflow/example_dags/example_latest_only_with_trigger.py for tasks to queue
[2022-02-25 01:09:09,201] {logging_mixin.py:109} INFO - [2022-02-25 01:09:09,201] {dagbag.py:500} INFO - Filling up the DagBag from /home/airflow/.local/lib/python3.7/site-packages/airflow/example_dags/example_latest_only_with_trigger.py
[2022-02-25 01:09:09,282] {processor.py:654} INFO - DAG(s) dict_keys(['latest_only_with_trigger']) retrieved from /home/airflow/.local/lib/python3.7/site-packages/airflow/example_dags/example_latest_only_with_trigger.py
[2022-02-25 01:09:09,331] {logging_mixin.py:109} INFO - [2022-02-25 01:09:09,330] {dag.py:2396} INFO - Sync 1 DAGs
[2022-02-25 01:09:09,397] {logging_mixin.py:109} INFO - [2022-02-25 01:09:09,397] {dag.py:2935} INFO - Setting next_dagrun for latest_only_with_trigger to 2022-02-24T21:09:09.395328+00:00
[2022-02-25 01:09:09,431] {processor.py:171} INFO - Processing /home/airflow/.local/lib/python3.7/site-packages/airflow/example_dags/example_latest_only_with_trigger.py took 0.248 seconds
[2022-02-25 01:09:39,618] {processor.py:163} INFO - Started process (PID=4594) to work on /home/airflow/.local/lib/python3.7/site-packages/airflow/example_dags/example_latest_only_with_trigger.py
[2022-02-25 01:09:39,624] {processor.py:642} INFO - Processing file /home/airflow/.local/lib/python3.7/site-packages/airflow/example_dags/example_latest_only_with_trigger.py for tasks to queue
[2022-02-25 01:09:39,628] {logging_mixin.py:109} INFO - [2022-02-25 01:09:39,627] {dagbag.py:500} INFO - Filling up the DagBag from /home/airflow/.local/lib/python3.7/site-packages/airflow/example_dags/example_latest_only_with_trigger.py
[2022-02-25 01:09:39,706] {processor.py:654} INFO - DAG(s) dict_keys(['latest_only_with_trigger']) retrieved from /home/airflow/.local/lib/python3.7/site-packages/airflow/example_dags/example_latest_only_with_trigger.py
[2022-02-25 01:09:39,750] {logging_mixin.py:109} INFO - [2022-02-25 01:09:39,749] {dag.py:2396} INFO - Sync 1 DAGs
[2022-02-25 01:09:39,813] {logging_mixin.py:109} INFO - [2022-02-25 01:09:39,813] {dag.py:2935} INFO - Setting next_dagrun for latest_only_with_trigger to 2022-02-24T21:09:39.811599+00:00
[2022-02-25 01:09:39,847] {processor.py:171} INFO - Processing /home/airflow/.local/lib/python3.7/site-packages/airflow/example_dags/example_latest_only_with_trigger.py took 0.239 seconds
[2022-02-25 01:10:10,242] {processor.py:163} INFO - Started process (PID=4695) to work on /home/airflow/.local/lib/python3.7/site-packages/airflow/example_dags/example_latest_only_with_trigger.py
[2022-02-25 01:10:10,248] {processor.py:642} INFO - Processing file /home/airflow/.local/lib/python3.7/site-packages/airflow/example_dags/example_latest_only_with_trigger.py for tasks to queue
[2022-02-25 01:10:10,251] {logging_mixin.py:109} INFO - [2022-02-25 01:10:10,251] {dagbag.py:500} INFO - Filling up the DagBag from /home/airflow/.local/lib/python3.7/site-packages/airflow/example_dags/example_latest_only_with_trigger.py
[2022-02-25 01:10:10,345] {processor.py:654} INFO - DAG(s) dict_keys(['latest_only_with_trigger']) retrieved from /home/airflow/.local/lib/python3.7/site-packages/airflow/example_dags/example_latest_only_with_trigger.py
[2022-02-25 01:10:10,403] {logging_mixin.py:109} INFO - [2022-02-25 01:10:10,403] {dag.py:2396} INFO - Sync 1 DAGs
[2022-02-25 01:10:10,479] {logging_mixin.py:109} INFO - [2022-02-25 01:10:10,478] {dag.py:2935} INFO - Setting next_dagrun for latest_only_with_trigger to 2022-02-24T21:10:10.476353+00:00
[2022-02-25 01:10:10,549] {processor.py:171} INFO - Processing /home/airflow/.local/lib/python3.7/site-packages/airflow/example_dags/example_latest_only_with_trigger.py took 0.314 seconds
[2022-02-25 01:10:41,238] {processor.py:163} INFO - Started process (PID=4790) to work on /home/airflow/.local/lib/python3.7/site-packages/airflow/example_dags/example_latest_only_with_trigger.py
[2022-02-25 01:10:41,245] {processor.py:642} INFO - Processing file /home/airflow/.local/lib/python3.7/site-packages/airflow/example_dags/example_latest_only_with_trigger.py for tasks to queue
[2022-02-25 01:10:41,249] {logging_mixin.py:109} INFO - [2022-02-25 01:10:41,248] {dagbag.py:500} INFO - Filling up the DagBag from /home/airflow/.local/lib/python3.7/site-packages/airflow/example_dags/example_latest_only_with_trigger.py
[2022-02-25 01:10:41,328] {processor.py:654} INFO - DAG(s) dict_keys(['latest_only_with_trigger']) retrieved from /home/airflow/.local/lib/python3.7/site-packages/airflow/example_dags/example_latest_only_with_trigger.py
[2022-02-25 01:10:41,377] {logging_mixin.py:109} INFO - [2022-02-25 01:10:41,377] {dag.py:2396} INFO - Sync 1 DAGs
[2022-02-25 01:10:41,453] {logging_mixin.py:109} INFO - [2022-02-25 01:10:41,452] {dag.py:2935} INFO - Setting next_dagrun for latest_only_with_trigger to 2022-02-24T21:10:41.450067+00:00
[2022-02-25 01:10:41,488] {processor.py:171} INFO - Processing /home/airflow/.local/lib/python3.7/site-packages/airflow/example_dags/example_latest_only_with_trigger.py took 0.258 seconds
[2022-02-25 01:11:11,619] {processor.py:163} INFO - Started process (PID=4894) to work on /home/airflow/.local/lib/python3.7/site-packages/airflow/example_dags/example_latest_only_with_trigger.py
[2022-02-25 01:11:11,626] {processor.py:642} INFO - Processing file /home/airflow/.local/lib/python3.7/site-packages/airflow/example_dags/example_latest_only_with_trigger.py for tasks to queue
[2022-02-25 01:11:11,631] {logging_mixin.py:109} INFO - [2022-02-25 01:11:11,631] {dagbag.py:500} INFO - Filling up the DagBag from /home/airflow/.local/lib/python3.7/site-packages/airflow/example_dags/example_latest_only_with_trigger.py
[2022-02-25 01:11:11,724] {processor.py:654} INFO - DAG(s) dict_keys(['latest_only_with_trigger']) retrieved from /home/airflow/.local/lib/python3.7/site-packages/airflow/example_dags/example_latest_only_with_trigger.py
[2022-02-25 01:11:11,777] {logging_mixin.py:109} INFO - [2022-02-25 01:11:11,776] {dag.py:2396} INFO - Sync 1 DAGs
[2022-02-25 01:11:11,862] {logging_mixin.py:109} INFO - [2022-02-25 01:11:11,862] {dag.py:2935} INFO - Setting next_dagrun for latest_only_with_trigger to 2022-02-24T21:11:11.860682+00:00
[2022-02-25 01:11:11,901] {processor.py:171} INFO - Processing /home/airflow/.local/lib/python3.7/site-packages/airflow/example_dags/example_latest_only_with_trigger.py took 0.291 seconds
[2022-02-25 01:11:42,107] {processor.py:163} INFO - Started process (PID=4984) to work on /home/airflow/.local/lib/python3.7/site-packages/airflow/example_dags/example_latest_only_with_trigger.py
[2022-02-25 01:11:42,116] {processor.py:642} INFO - Processing file /home/airflow/.local/lib/python3.7/site-packages/airflow/example_dags/example_latest_only_with_trigger.py for tasks to queue
[2022-02-25 01:11:42,124] {logging_mixin.py:109} INFO - [2022-02-25 01:11:42,123] {dagbag.py:500} INFO - Filling up the DagBag from /home/airflow/.local/lib/python3.7/site-packages/airflow/example_dags/example_latest_only_with_trigger.py
[2022-02-25 01:11:42,214] {processor.py:654} INFO - DAG(s) dict_keys(['latest_only_with_trigger']) retrieved from /home/airflow/.local/lib/python3.7/site-packages/airflow/example_dags/example_latest_only_with_trigger.py
[2022-02-25 01:11:42,264] {logging_mixin.py:109} INFO - [2022-02-25 01:11:42,263] {dag.py:2396} INFO - Sync 1 DAGs
[2022-02-25 01:11:42,340] {logging_mixin.py:109} INFO - [2022-02-25 01:11:42,340] {dag.py:2935} INFO - Setting next_dagrun for latest_only_with_trigger to 2022-02-24T21:11:42.338430+00:00
[2022-02-25 01:11:42,375] {processor.py:171} INFO - Processing /home/airflow/.local/lib/python3.7/site-packages/airflow/example_dags/example_latest_only_with_trigger.py took 0.285 seconds
[2022-02-25 01:12:12,516] {processor.py:163} INFO - Started process (PID=5090) to work on /home/airflow/.local/lib/python3.7/site-packages/airflow/example_dags/example_latest_only_with_trigger.py
[2022-02-25 01:12:12,523] {processor.py:642} INFO - Processing file /home/airflow/.local/lib/python3.7/site-packages/airflow/example_dags/example_latest_only_with_trigger.py for tasks to queue
[2022-02-25 01:12:12,526] {logging_mixin.py:109} INFO - [2022-02-25 01:12:12,526] {dagbag.py:500} INFO - Filling up the DagBag from /home/airflow/.local/lib/python3.7/site-packages/airflow/example_dags/example_latest_only_with_trigger.py
[2022-02-25 01:12:12,597] {processor.py:654} INFO - DAG(s) dict_keys(['latest_only_with_trigger']) retrieved from /home/airflow/.local/lib/python3.7/site-packages/airflow/example_dags/example_latest_only_with_trigger.py
[2022-02-25 01:12:12,639] {logging_mixin.py:109} INFO - [2022-02-25 01:12:12,639] {dag.py:2396} INFO - Sync 1 DAGs
[2022-02-25 01:12:12,701] {logging_mixin.py:109} INFO - [2022-02-25 01:12:12,700] {dag.py:2935} INFO - Setting next_dagrun for latest_only_with_trigger to 2022-02-24T21:12:12.699400+00:00
[2022-02-25 01:12:12,732] {processor.py:171} INFO - Processing /home/airflow/.local/lib/python3.7/site-packages/airflow/example_dags/example_latest_only_with_trigger.py took 0.223 seconds
[2022-02-25 01:12:43,193] {processor.py:163} INFO - Started process (PID=5179) to work on /home/airflow/.local/lib/python3.7/site-packages/airflow/example_dags/example_latest_only_with_trigger.py
[2022-02-25 01:12:43,199] {processor.py:642} INFO - Processing file /home/airflow/.local/lib/python3.7/site-packages/airflow/example_dags/example_latest_only_with_trigger.py for tasks to queue
[2022-02-25 01:12:43,203] {logging_mixin.py:109} INFO - [2022-02-25 01:12:43,203] {dagbag.py:500} INFO - Filling up the DagBag from /home/airflow/.local/lib/python3.7/site-packages/airflow/example_dags/example_latest_only_with_trigger.py
[2022-02-25 01:12:43,290] {processor.py:654} INFO - DAG(s) dict_keys(['latest_only_with_trigger']) retrieved from /home/airflow/.local/lib/python3.7/site-packages/airflow/example_dags/example_latest_only_with_trigger.py
[2022-02-25 01:12:43,342] {logging_mixin.py:109} INFO - [2022-02-25 01:12:43,341] {dag.py:2396} INFO - Sync 1 DAGs
[2022-02-25 01:12:43,418] {logging_mixin.py:109} INFO - [2022-02-25 01:12:43,418] {dag.py:2935} INFO - Setting next_dagrun for latest_only_with_trigger to 2022-02-24T21:12:43.416222+00:00
[2022-02-25 01:12:43,454] {processor.py:171} INFO - Processing /home/airflow/.local/lib/python3.7/site-packages/airflow/example_dags/example_latest_only_with_trigger.py took 0.272 seconds
[2022-02-25 01:13:13,614] {processor.py:163} INFO - Started process (PID=5283) to work on /home/airflow/.local/lib/python3.7/site-packages/airflow/example_dags/example_latest_only_with_trigger.py
[2022-02-25 01:13:13,618] {processor.py:642} INFO - Processing file /home/airflow/.local/lib/python3.7/site-packages/airflow/example_dags/example_latest_only_with_trigger.py for tasks to queue
[2022-02-25 01:13:13,621] {logging_mixin.py:109} INFO - [2022-02-25 01:13:13,621] {dagbag.py:500} INFO - Filling up the DagBag from /home/airflow/.local/lib/python3.7/site-packages/airflow/example_dags/example_latest_only_with_trigger.py
[2022-02-25 01:13:13,693] {processor.py:654} INFO - DAG(s) dict_keys(['latest_only_with_trigger']) retrieved from /home/airflow/.local/lib/python3.7/site-packages/airflow/example_dags/example_latest_only_with_trigger.py
[2022-02-25 01:13:13,738] {logging_mixin.py:109} INFO - [2022-02-25 01:13:13,737] {dag.py:2396} INFO - Sync 1 DAGs
[2022-02-25 01:13:13,805] {logging_mixin.py:109} INFO - [2022-02-25 01:13:13,804] {dag.py:2935} INFO - Setting next_dagrun for latest_only_with_trigger to 2022-02-24T21:13:13.803094+00:00
[2022-02-25 01:13:13,838] {processor.py:171} INFO - Processing /home/airflow/.local/lib/python3.7/site-packages/airflow/example_dags/example_latest_only_with_trigger.py took 0.231 seconds
[2022-02-25 01:13:44,583] {processor.py:163} INFO - Started process (PID=5371) to work on /home/airflow/.local/lib/python3.7/site-packages/airflow/example_dags/example_latest_only_with_trigger.py
[2022-02-25 01:13:44,589] {processor.py:642} INFO - Processing file /home/airflow/.local/lib/python3.7/site-packages/airflow/example_dags/example_latest_only_with_trigger.py for tasks to queue
[2022-02-25 01:13:44,592] {logging_mixin.py:109} INFO - [2022-02-25 01:13:44,592] {dagbag.py:500} INFO - Filling up the DagBag from /home/airflow/.local/lib/python3.7/site-packages/airflow/example_dags/example_latest_only_with_trigger.py
[2022-02-25 01:13:44,672] {processor.py:654} INFO - DAG(s) dict_keys(['latest_only_with_trigger']) retrieved from /home/airflow/.local/lib/python3.7/site-packages/airflow/example_dags/example_latest_only_with_trigger.py
[2022-02-25 01:13:44,719] {logging_mixin.py:109} INFO - [2022-02-25 01:13:44,718] {dag.py:2396} INFO - Sync 1 DAGs
[2022-02-25 01:13:44,781] {logging_mixin.py:109} INFO - [2022-02-25 01:13:44,780] {dag.py:2935} INFO - Setting next_dagrun for latest_only_with_trigger to 2022-02-24T21:13:44.779238+00:00
[2022-02-25 01:13:44,812] {processor.py:171} INFO - Processing /home/airflow/.local/lib/python3.7/site-packages/airflow/example_dags/example_latest_only_with_trigger.py took 0.237 seconds
[2022-02-25 01:14:15,358] {processor.py:163} INFO - Started process (PID=5480) to work on /home/airflow/.local/lib/python3.7/site-packages/airflow/example_dags/example_latest_only_with_trigger.py
[2022-02-25 01:14:15,365] {processor.py:642} INFO - Processing file /home/airflow/.local/lib/python3.7/site-packages/airflow/example_dags/example_latest_only_with_trigger.py for tasks to queue
[2022-02-25 01:14:15,369] {logging_mixin.py:109} INFO - [2022-02-25 01:14:15,369] {dagbag.py:500} INFO - Filling up the DagBag from /home/airflow/.local/lib/python3.7/site-packages/airflow/example_dags/example_latest_only_with_trigger.py
[2022-02-25 01:14:15,438] {processor.py:654} INFO - DAG(s) dict_keys(['latest_only_with_trigger']) retrieved from /home/airflow/.local/lib/python3.7/site-packages/airflow/example_dags/example_latest_only_with_trigger.py
[2022-02-25 01:14:15,475] {logging_mixin.py:109} INFO - [2022-02-25 01:14:15,474] {dag.py:2396} INFO - Sync 1 DAGs
[2022-02-25 01:14:15,535] {logging_mixin.py:109} INFO - [2022-02-25 01:14:15,535] {dag.py:2935} INFO - Setting next_dagrun for latest_only_with_trigger to 2022-02-24T21:14:15.533154+00:00
[2022-02-25 01:14:15,571] {processor.py:171} INFO - Processing /home/airflow/.local/lib/python3.7/site-packages/airflow/example_dags/example_latest_only_with_trigger.py took 0.220 seconds
[2022-02-25 01:14:46,722] {processor.py:163} INFO - Started process (PID=5569) to work on /home/airflow/.local/lib/python3.7/site-packages/airflow/example_dags/example_latest_only_with_trigger.py
[2022-02-25 01:14:46,728] {processor.py:642} INFO - Processing file /home/airflow/.local/lib/python3.7/site-packages/airflow/example_dags/example_latest_only_with_trigger.py for tasks to queue
[2022-02-25 01:14:46,732] {logging_mixin.py:109} INFO - [2022-02-25 01:14:46,732] {dagbag.py:500} INFO - Filling up the DagBag from /home/airflow/.local/lib/python3.7/site-packages/airflow/example_dags/example_latest_only_with_trigger.py
[2022-02-25 01:14:46,819] {processor.py:654} INFO - DAG(s) dict_keys(['latest_only_with_trigger']) retrieved from /home/airflow/.local/lib/python3.7/site-packages/airflow/example_dags/example_latest_only_with_trigger.py
[2022-02-25 01:14:46,861] {logging_mixin.py:109} INFO - [2022-02-25 01:14:46,860] {dag.py:2396} INFO - Sync 1 DAGs
[2022-02-25 01:14:46,923] {logging_mixin.py:109} INFO - [2022-02-25 01:14:46,923] {dag.py:2935} INFO - Setting next_dagrun for latest_only_with_trigger to 2022-02-24T21:14:46.921496+00:00
[2022-02-25 01:14:46,958] {processor.py:171} INFO - Processing /home/airflow/.local/lib/python3.7/site-packages/airflow/example_dags/example_latest_only_with_trigger.py took 0.244 seconds
[2022-02-25 01:15:17,433] {processor.py:163} INFO - Started process (PID=5674) to work on /home/airflow/.local/lib/python3.7/site-packages/airflow/example_dags/example_latest_only_with_trigger.py
[2022-02-25 01:15:17,437] {processor.py:642} INFO - Processing file /home/airflow/.local/lib/python3.7/site-packages/airflow/example_dags/example_latest_only_with_trigger.py for tasks to queue
[2022-02-25 01:15:17,441] {logging_mixin.py:109} INFO - [2022-02-25 01:15:17,440] {dagbag.py:500} INFO - Filling up the DagBag from /home/airflow/.local/lib/python3.7/site-packages/airflow/example_dags/example_latest_only_with_trigger.py
[2022-02-25 01:15:17,514] {processor.py:654} INFO - DAG(s) dict_keys(['latest_only_with_trigger']) retrieved from /home/airflow/.local/lib/python3.7/site-packages/airflow/example_dags/example_latest_only_with_trigger.py
[2022-02-25 01:15:17,558] {logging_mixin.py:109} INFO - [2022-02-25 01:15:17,558] {dag.py:2396} INFO - Sync 1 DAGs
[2022-02-25 01:15:17,626] {logging_mixin.py:109} INFO - [2022-02-25 01:15:17,625] {dag.py:2935} INFO - Setting next_dagrun for latest_only_with_trigger to 2022-02-24T21:15:17.624137+00:00
[2022-02-25 01:15:17,656] {processor.py:171} INFO - Processing /home/airflow/.local/lib/python3.7/site-packages/airflow/example_dags/example_latest_only_with_trigger.py took 0.230 seconds
[2022-02-25 01:15:47,817] {processor.py:163} INFO - Started process (PID=5761) to work on /home/airflow/.local/lib/python3.7/site-packages/airflow/example_dags/example_latest_only_with_trigger.py
[2022-02-25 01:15:47,822] {processor.py:642} INFO - Processing file /home/airflow/.local/lib/python3.7/site-packages/airflow/example_dags/example_latest_only_with_trigger.py for tasks to queue
[2022-02-25 01:15:47,825] {logging_mixin.py:109} INFO - [2022-02-25 01:15:47,825] {dagbag.py:500} INFO - Filling up the DagBag from /home/airflow/.local/lib/python3.7/site-packages/airflow/example_dags/example_latest_only_with_trigger.py
[2022-02-25 01:15:47,900] {processor.py:654} INFO - DAG(s) dict_keys(['latest_only_with_trigger']) retrieved from /home/airflow/.local/lib/python3.7/site-packages/airflow/example_dags/example_latest_only_with_trigger.py
[2022-02-25 01:15:47,939] {logging_mixin.py:109} INFO - [2022-02-25 01:15:47,939] {dag.py:2396} INFO - Sync 1 DAGs
[2022-02-25 01:15:47,999] {logging_mixin.py:109} INFO - [2022-02-25 01:15:47,999] {dag.py:2935} INFO - Setting next_dagrun for latest_only_with_trigger to 2022-02-24T21:15:47.997750+00:00
[2022-02-25 01:15:48,031] {processor.py:171} INFO - Processing /home/airflow/.local/lib/python3.7/site-packages/airflow/example_dags/example_latest_only_with_trigger.py took 0.221 seconds
[2022-02-25 01:16:18,637] {processor.py:163} INFO - Started process (PID=5866) to work on /home/airflow/.local/lib/python3.7/site-packages/airflow/example_dags/example_latest_only_with_trigger.py
[2022-02-25 01:16:18,644] {processor.py:642} INFO - Processing file /home/airflow/.local/lib/python3.7/site-packages/airflow/example_dags/example_latest_only_with_trigger.py for tasks to queue
[2022-02-25 01:16:18,648] {logging_mixin.py:109} INFO - [2022-02-25 01:16:18,647] {dagbag.py:500} INFO - Filling up the DagBag from /home/airflow/.local/lib/python3.7/site-packages/airflow/example_dags/example_latest_only_with_trigger.py
[2022-02-25 01:16:18,729] {processor.py:654} INFO - DAG(s) dict_keys(['latest_only_with_trigger']) retrieved from /home/airflow/.local/lib/python3.7/site-packages/airflow/example_dags/example_latest_only_with_trigger.py
[2022-02-25 01:16:18,774] {logging_mixin.py:109} INFO - [2022-02-25 01:16:18,773] {dag.py:2396} INFO - Sync 1 DAGs
[2022-02-25 01:16:18,839] {logging_mixin.py:109} INFO - [2022-02-25 01:16:18,839] {dag.py:2935} INFO - Setting next_dagrun for latest_only_with_trigger to 2022-02-24T21:16:18.837129+00:00
[2022-02-25 01:16:18,877] {processor.py:171} INFO - Processing /home/airflow/.local/lib/python3.7/site-packages/airflow/example_dags/example_latest_only_with_trigger.py took 0.248 seconds
[2022-02-25 01:16:49,139] {processor.py:163} INFO - Started process (PID=5966) to work on /home/airflow/.local/lib/python3.7/site-packages/airflow/example_dags/example_latest_only_with_trigger.py
[2022-02-25 01:16:49,145] {processor.py:642} INFO - Processing file /home/airflow/.local/lib/python3.7/site-packages/airflow/example_dags/example_latest_only_with_trigger.py for tasks to queue
[2022-02-25 01:16:49,148] {logging_mixin.py:109} INFO - [2022-02-25 01:16:49,148] {dagbag.py:500} INFO - Filling up the DagBag from /home/airflow/.local/lib/python3.7/site-packages/airflow/example_dags/example_latest_only_with_trigger.py
[2022-02-25 01:16:49,222] {processor.py:654} INFO - DAG(s) dict_keys(['latest_only_with_trigger']) retrieved from /home/airflow/.local/lib/python3.7/site-packages/airflow/example_dags/example_latest_only_with_trigger.py
[2022-02-25 01:16:49,264] {logging_mixin.py:109} INFO - [2022-02-25 01:16:49,263] {dag.py:2396} INFO - Sync 1 DAGs
[2022-02-25 01:16:49,326] {logging_mixin.py:109} INFO - [2022-02-25 01:16:49,326] {dag.py:2935} INFO - Setting next_dagrun for latest_only_with_trigger to 2022-02-24T21:16:49.324691+00:00
[2022-02-25 01:16:49,357] {processor.py:171} INFO - Processing /home/airflow/.local/lib/python3.7/site-packages/airflow/example_dags/example_latest_only_with_trigger.py took 0.225 seconds
[2022-02-25 01:17:19,685] {processor.py:163} INFO - Started process (PID=6062) to work on /home/airflow/.local/lib/python3.7/site-packages/airflow/example_dags/example_latest_only_with_trigger.py
[2022-02-25 01:17:19,691] {processor.py:642} INFO - Processing file /home/airflow/.local/lib/python3.7/site-packages/airflow/example_dags/example_latest_only_with_trigger.py for tasks to queue
[2022-02-25 01:17:19,698] {logging_mixin.py:109} INFO - [2022-02-25 01:17:19,697] {dagbag.py:500} INFO - Filling up the DagBag from /home/airflow/.local/lib/python3.7/site-packages/airflow/example_dags/example_latest_only_with_trigger.py
[2022-02-25 01:17:19,776] {processor.py:654} INFO - DAG(s) dict_keys(['latest_only_with_trigger']) retrieved from /home/airflow/.local/lib/python3.7/site-packages/airflow/example_dags/example_latest_only_with_trigger.py
[2022-02-25 01:17:19,819] {logging_mixin.py:109} INFO - [2022-02-25 01:17:19,819] {dag.py:2396} INFO - Sync 1 DAGs
[2022-02-25 01:17:19,880] {logging_mixin.py:109} INFO - [2022-02-25 01:17:19,879] {dag.py:2935} INFO - Setting next_dagrun for latest_only_with_trigger to 2022-02-24T21:17:19.877761+00:00
[2022-02-25 01:17:19,907] {processor.py:171} INFO - Processing /home/airflow/.local/lib/python3.7/site-packages/airflow/example_dags/example_latest_only_with_trigger.py took 0.230 seconds
[2022-02-25 01:17:50,361] {processor.py:163} INFO - Started process (PID=6162) to work on /home/airflow/.local/lib/python3.7/site-packages/airflow/example_dags/example_latest_only_with_trigger.py
[2022-02-25 01:17:50,367] {processor.py:642} INFO - Processing file /home/airflow/.local/lib/python3.7/site-packages/airflow/example_dags/example_latest_only_with_trigger.py for tasks to queue
[2022-02-25 01:17:50,371] {logging_mixin.py:109} INFO - [2022-02-25 01:17:50,371] {dagbag.py:500} INFO - Filling up the DagBag from /home/airflow/.local/lib/python3.7/site-packages/airflow/example_dags/example_latest_only_with_trigger.py
[2022-02-25 01:17:50,448] {processor.py:654} INFO - DAG(s) dict_keys(['latest_only_with_trigger']) retrieved from /home/airflow/.local/lib/python3.7/site-packages/airflow/example_dags/example_latest_only_with_trigger.py
[2022-02-25 01:17:50,498] {logging_mixin.py:109} INFO - [2022-02-25 01:17:50,497] {dag.py:2396} INFO - Sync 1 DAGs
[2022-02-25 01:17:50,566] {logging_mixin.py:109} INFO - [2022-02-25 01:17:50,565] {dag.py:2935} INFO - Setting next_dagrun for latest_only_with_trigger to 2022-02-24T21:17:50.563519+00:00
[2022-02-25 01:17:50,597] {processor.py:171} INFO - Processing /home/airflow/.local/lib/python3.7/site-packages/airflow/example_dags/example_latest_only_with_trigger.py took 0.243 seconds
[2022-02-25 01:18:20,839] {processor.py:163} INFO - Started process (PID=6255) to work on /home/airflow/.local/lib/python3.7/site-packages/airflow/example_dags/example_latest_only_with_trigger.py
[2022-02-25 01:18:20,845] {processor.py:642} INFO - Processing file /home/airflow/.local/lib/python3.7/site-packages/airflow/example_dags/example_latest_only_with_trigger.py for tasks to queue
[2022-02-25 01:18:20,849] {logging_mixin.py:109} INFO - [2022-02-25 01:18:20,849] {dagbag.py:500} INFO - Filling up the DagBag from /home/airflow/.local/lib/python3.7/site-packages/airflow/example_dags/example_latest_only_with_trigger.py
[2022-02-25 01:18:20,934] {processor.py:654} INFO - DAG(s) dict_keys(['latest_only_with_trigger']) retrieved from /home/airflow/.local/lib/python3.7/site-packages/airflow/example_dags/example_latest_only_with_trigger.py
[2022-02-25 01:18:20,986] {logging_mixin.py:109} INFO - [2022-02-25 01:18:20,985] {dag.py:2396} INFO - Sync 1 DAGs
[2022-02-25 01:18:21,050] {logging_mixin.py:109} INFO - [2022-02-25 01:18:21,050] {dag.py:2935} INFO - Setting next_dagrun for latest_only_with_trigger to 2022-02-24T21:18:21.048561+00:00
[2022-02-25 01:18:21,084] {processor.py:171} INFO - Processing /home/airflow/.local/lib/python3.7/site-packages/airflow/example_dags/example_latest_only_with_trigger.py took 0.252 seconds
[2022-02-25 01:18:51,200] {processor.py:163} INFO - Started process (PID=6359) to work on /home/airflow/.local/lib/python3.7/site-packages/airflow/example_dags/example_latest_only_with_trigger.py
[2022-02-25 01:18:51,206] {processor.py:642} INFO - Processing file /home/airflow/.local/lib/python3.7/site-packages/airflow/example_dags/example_latest_only_with_trigger.py for tasks to queue
[2022-02-25 01:18:51,210] {logging_mixin.py:109} INFO - [2022-02-25 01:18:51,210] {dagbag.py:500} INFO - Filling up the DagBag from /home/airflow/.local/lib/python3.7/site-packages/airflow/example_dags/example_latest_only_with_trigger.py
[2022-02-25 01:18:51,283] {processor.py:654} INFO - DAG(s) dict_keys(['latest_only_with_trigger']) retrieved from /home/airflow/.local/lib/python3.7/site-packages/airflow/example_dags/example_latest_only_with_trigger.py
[2022-02-25 01:18:51,329] {logging_mixin.py:109} INFO - [2022-02-25 01:18:51,328] {dag.py:2396} INFO - Sync 1 DAGs
[2022-02-25 01:18:51,392] {logging_mixin.py:109} INFO - [2022-02-25 01:18:51,391] {dag.py:2935} INFO - Setting next_dagrun for latest_only_with_trigger to 2022-02-24T21:18:51.390023+00:00
[2022-02-25 01:18:51,429] {processor.py:171} INFO - Processing /home/airflow/.local/lib/python3.7/site-packages/airflow/example_dags/example_latest_only_with_trigger.py took 0.236 seconds
[2022-02-25 01:19:21,533] {processor.py:163} INFO - Started process (PID=6450) to work on /home/airflow/.local/lib/python3.7/site-packages/airflow/example_dags/example_latest_only_with_trigger.py
[2022-02-25 01:19:21,538] {processor.py:642} INFO - Processing file /home/airflow/.local/lib/python3.7/site-packages/airflow/example_dags/example_latest_only_with_trigger.py for tasks to queue
[2022-02-25 01:19:21,543] {logging_mixin.py:109} INFO - [2022-02-25 01:19:21,543] {dagbag.py:500} INFO - Filling up the DagBag from /home/airflow/.local/lib/python3.7/site-packages/airflow/example_dags/example_latest_only_with_trigger.py
[2022-02-25 01:19:21,625] {processor.py:654} INFO - DAG(s) dict_keys(['latest_only_with_trigger']) retrieved from /home/airflow/.local/lib/python3.7/site-packages/airflow/example_dags/example_latest_only_with_trigger.py
[2022-02-25 01:19:21,667] {logging_mixin.py:109} INFO - [2022-02-25 01:19:21,667] {dag.py:2396} INFO - Sync 1 DAGs
[2022-02-25 01:19:21,732] {logging_mixin.py:109} INFO - [2022-02-25 01:19:21,731] {dag.py:2935} INFO - Setting next_dagrun for latest_only_with_trigger to 2022-02-24T21:19:21.730138+00:00
[2022-02-25 01:19:21,764] {processor.py:171} INFO - Processing /home/airflow/.local/lib/python3.7/site-packages/airflow/example_dags/example_latest_only_with_trigger.py took 0.239 seconds
[2022-02-25 01:19:51,896] {processor.py:163} INFO - Started process (PID=6555) to work on /home/airflow/.local/lib/python3.7/site-packages/airflow/example_dags/example_latest_only_with_trigger.py
[2022-02-25 01:19:51,902] {processor.py:642} INFO - Processing file /home/airflow/.local/lib/python3.7/site-packages/airflow/example_dags/example_latest_only_with_trigger.py for tasks to queue
[2022-02-25 01:19:51,908] {logging_mixin.py:109} INFO - [2022-02-25 01:19:51,908] {dagbag.py:500} INFO - Filling up the DagBag from /home/airflow/.local/lib/python3.7/site-packages/airflow/example_dags/example_latest_only_with_trigger.py
[2022-02-25 01:19:52,013] {processor.py:654} INFO - DAG(s) dict_keys(['latest_only_with_trigger']) retrieved from /home/airflow/.local/lib/python3.7/site-packages/airflow/example_dags/example_latest_only_with_trigger.py
[2022-02-25 01:19:52,069] {logging_mixin.py:109} INFO - [2022-02-25 01:19:52,069] {dag.py:2396} INFO - Sync 1 DAGs
[2022-02-25 01:19:52,143] {logging_mixin.py:109} INFO - [2022-02-25 01:19:52,142] {dag.py:2935} INFO - Setting next_dagrun for latest_only_with_trigger to 2022-02-24T21:19:52.140656+00:00
[2022-02-25 01:19:52,182] {processor.py:171} INFO - Processing /home/airflow/.local/lib/python3.7/site-packages/airflow/example_dags/example_latest_only_with_trigger.py took 0.297 seconds
[2022-02-25 01:20:22,348] {processor.py:163} INFO - Started process (PID=6645) to work on /home/airflow/.local/lib/python3.7/site-packages/airflow/example_dags/example_latest_only_with_trigger.py
[2022-02-25 01:20:22,354] {processor.py:642} INFO - Processing file /home/airflow/.local/lib/python3.7/site-packages/airflow/example_dags/example_latest_only_with_trigger.py for tasks to queue
[2022-02-25 01:20:22,358] {logging_mixin.py:109} INFO - [2022-02-25 01:20:22,358] {dagbag.py:500} INFO - Filling up the DagBag from /home/airflow/.local/lib/python3.7/site-packages/airflow/example_dags/example_latest_only_with_trigger.py
[2022-02-25 01:20:22,448] {processor.py:654} INFO - DAG(s) dict_keys(['latest_only_with_trigger']) retrieved from /home/airflow/.local/lib/python3.7/site-packages/airflow/example_dags/example_latest_only_with_trigger.py
[2022-02-25 01:20:22,503] {logging_mixin.py:109} INFO - [2022-02-25 01:20:22,502] {dag.py:2396} INFO - Sync 1 DAGs
[2022-02-25 01:20:22,578] {logging_mixin.py:109} INFO - [2022-02-25 01:20:22,577] {dag.py:2935} INFO - Setting next_dagrun for latest_only_with_trigger to 2022-02-24T21:20:22.575589+00:00
[2022-02-25 01:20:22,616] {processor.py:171} INFO - Processing /home/airflow/.local/lib/python3.7/site-packages/airflow/example_dags/example_latest_only_with_trigger.py took 0.277 seconds
[2022-02-25 01:20:53,365] {processor.py:163} INFO - Started process (PID=6751) to work on /home/airflow/.local/lib/python3.7/site-packages/airflow/example_dags/example_latest_only_with_trigger.py
[2022-02-25 01:20:53,371] {processor.py:642} INFO - Processing file /home/airflow/.local/lib/python3.7/site-packages/airflow/example_dags/example_latest_only_with_trigger.py for tasks to queue
[2022-02-25 01:20:53,376] {logging_mixin.py:109} INFO - [2022-02-25 01:20:53,376] {dagbag.py:500} INFO - Filling up the DagBag from /home/airflow/.local/lib/python3.7/site-packages/airflow/example_dags/example_latest_only_with_trigger.py
[2022-02-25 01:20:53,463] {processor.py:654} INFO - DAG(s) dict_keys(['latest_only_with_trigger']) retrieved from /home/airflow/.local/lib/python3.7/site-packages/airflow/example_dags/example_latest_only_with_trigger.py
[2022-02-25 01:20:53,513] {logging_mixin.py:109} INFO - [2022-02-25 01:20:53,513] {dag.py:2396} INFO - Sync 1 DAGs
[2022-02-25 01:20:53,589] {logging_mixin.py:109} INFO - [2022-02-25 01:20:53,588] {dag.py:2935} INFO - Setting next_dagrun for latest_only_with_trigger to 2022-02-24T21:20:53.586264+00:00
[2022-02-25 01:20:53,671] {processor.py:171} INFO - Processing /home/airflow/.local/lib/python3.7/site-packages/airflow/example_dags/example_latest_only_with_trigger.py took 0.315 seconds
[2022-02-25 01:21:23,854] {processor.py:163} INFO - Started process (PID=6840) to work on /home/airflow/.local/lib/python3.7/site-packages/airflow/example_dags/example_latest_only_with_trigger.py
[2022-02-25 01:21:23,860] {processor.py:642} INFO - Processing file /home/airflow/.local/lib/python3.7/site-packages/airflow/example_dags/example_latest_only_with_trigger.py for tasks to queue
[2022-02-25 01:21:23,865] {logging_mixin.py:109} INFO - [2022-02-25 01:21:23,865] {dagbag.py:500} INFO - Filling up the DagBag from /home/airflow/.local/lib/python3.7/site-packages/airflow/example_dags/example_latest_only_with_trigger.py
[2022-02-25 01:21:23,951] {processor.py:654} INFO - DAG(s) dict_keys(['latest_only_with_trigger']) retrieved from /home/airflow/.local/lib/python3.7/site-packages/airflow/example_dags/example_latest_only_with_trigger.py
[2022-02-25 01:21:23,999] {logging_mixin.py:109} INFO - [2022-02-25 01:21:23,998] {dag.py:2396} INFO - Sync 1 DAGs
[2022-02-25 01:21:24,079] {logging_mixin.py:109} INFO - [2022-02-25 01:21:24,078] {dag.py:2935} INFO - Setting next_dagrun for latest_only_with_trigger to 2022-02-24T21:21:24.076580+00:00
[2022-02-25 01:21:24,122] {processor.py:171} INFO - Processing /home/airflow/.local/lib/python3.7/site-packages/airflow/example_dags/example_latest_only_with_trigger.py took 0.276 seconds
