[2022-02-25 00:46:52,222] {processor.py:163} INFO - Started process (PID=326) to work on /home/airflow/.local/lib/python3.7/site-packages/airflow/example_dags/example_bash_operator.py
[2022-02-25 00:46:52,234] {processor.py:642} INFO - Processing file /home/airflow/.local/lib/python3.7/site-packages/airflow/example_dags/example_bash_operator.py for tasks to queue
[2022-02-25 00:46:52,247] {logging_mixin.py:109} INFO - [2022-02-25 00:46:52,247] {dagbag.py:500} INFO - Filling up the DagBag from /home/airflow/.local/lib/python3.7/site-packages/airflow/example_dags/example_bash_operator.py
[2022-02-25 00:46:52,919] {processor.py:654} INFO - DAG(s) dict_keys(['example_bash_operator']) retrieved from /home/airflow/.local/lib/python3.7/site-packages/airflow/example_dags/example_bash_operator.py
[2022-02-25 00:46:53,079] {logging_mixin.py:109} INFO - [2022-02-25 00:46:53,075] {dag.py:2396} INFO - Sync 1 DAGs
[2022-02-25 00:46:53,316] {logging_mixin.py:109} INFO - [2022-02-25 00:46:53,315] {dag.py:2935} INFO - Setting next_dagrun for example_bash_operator to 2022-02-24 00:00:00+00:00
[2022-02-25 00:46:53,423] {processor.py:171} INFO - Processing /home/airflow/.local/lib/python3.7/site-packages/airflow/example_dags/example_bash_operator.py took 1.230 seconds
[2022-02-25 00:47:43,714] {processor.py:163} INFO - Started process (PID=434) to work on /home/airflow/.local/lib/python3.7/site-packages/airflow/example_dags/example_bash_operator.py
[2022-02-25 00:47:43,736] {processor.py:642} INFO - Processing file /home/airflow/.local/lib/python3.7/site-packages/airflow/example_dags/example_bash_operator.py for tasks to queue
[2022-02-25 00:47:43,756] {logging_mixin.py:109} INFO - [2022-02-25 00:47:43,755] {dagbag.py:500} INFO - Filling up the DagBag from /home/airflow/.local/lib/python3.7/site-packages/airflow/example_dags/example_bash_operator.py
[2022-02-25 00:47:44,320] {processor.py:654} INFO - DAG(s) dict_keys(['example_bash_operator']) retrieved from /home/airflow/.local/lib/python3.7/site-packages/airflow/example_dags/example_bash_operator.py
[2022-02-25 00:47:44,456] {logging_mixin.py:109} INFO - [2022-02-25 00:47:44,456] {dag.py:2396} INFO - Sync 1 DAGs
[2022-02-25 00:47:44,782] {logging_mixin.py:109} INFO - [2022-02-25 00:47:44,774] {dag.py:2935} INFO - Setting next_dagrun for example_bash_operator to 2022-02-24 00:00:00+00:00
[2022-02-25 00:47:44,926] {processor.py:171} INFO - Processing /home/airflow/.local/lib/python3.7/site-packages/airflow/example_dags/example_bash_operator.py took 1.249 seconds
[2022-02-25 00:48:27,308] {processor.py:163} INFO - Started process (PID=536) to work on /home/airflow/.local/lib/python3.7/site-packages/airflow/example_dags/example_bash_operator.py
[2022-02-25 00:48:27,318] {processor.py:642} INFO - Processing file /home/airflow/.local/lib/python3.7/site-packages/airflow/example_dags/example_bash_operator.py for tasks to queue
[2022-02-25 00:48:27,331] {logging_mixin.py:109} INFO - [2022-02-25 00:48:27,331] {dagbag.py:500} INFO - Filling up the DagBag from /home/airflow/.local/lib/python3.7/site-packages/airflow/example_dags/example_bash_operator.py
[2022-02-25 00:48:27,759] {processor.py:654} INFO - DAG(s) dict_keys(['example_bash_operator']) retrieved from /home/airflow/.local/lib/python3.7/site-packages/airflow/example_dags/example_bash_operator.py
[2022-02-25 00:48:27,953] {logging_mixin.py:109} INFO - [2022-02-25 00:48:27,952] {dag.py:2396} INFO - Sync 1 DAGs
[2022-02-25 00:48:28,353] {logging_mixin.py:109} INFO - [2022-02-25 00:48:28,352] {dag.py:2935} INFO - Setting next_dagrun for example_bash_operator to 2022-02-24 00:00:00+00:00
[2022-02-25 00:48:28,499] {processor.py:171} INFO - Processing /home/airflow/.local/lib/python3.7/site-packages/airflow/example_dags/example_bash_operator.py took 1.228 seconds
[2022-02-25 00:48:58,584] {processor.py:163} INFO - Started process (PID=640) to work on /home/airflow/.local/lib/python3.7/site-packages/airflow/example_dags/example_bash_operator.py
[2022-02-25 00:48:58,590] {processor.py:642} INFO - Processing file /home/airflow/.local/lib/python3.7/site-packages/airflow/example_dags/example_bash_operator.py for tasks to queue
[2022-02-25 00:48:58,595] {logging_mixin.py:109} INFO - [2022-02-25 00:48:58,595] {dagbag.py:500} INFO - Filling up the DagBag from /home/airflow/.local/lib/python3.7/site-packages/airflow/example_dags/example_bash_operator.py
[2022-02-25 00:48:58,688] {processor.py:654} INFO - DAG(s) dict_keys(['example_bash_operator']) retrieved from /home/airflow/.local/lib/python3.7/site-packages/airflow/example_dags/example_bash_operator.py
[2022-02-25 00:48:58,742] {logging_mixin.py:109} INFO - [2022-02-25 00:48:58,742] {dag.py:2396} INFO - Sync 1 DAGs
[2022-02-25 00:48:58,826] {logging_mixin.py:109} INFO - [2022-02-25 00:48:58,826] {dag.py:2935} INFO - Setting next_dagrun for example_bash_operator to 2022-02-24 00:00:00+00:00
[2022-02-25 00:48:58,863] {processor.py:171} INFO - Processing /home/airflow/.local/lib/python3.7/site-packages/airflow/example_dags/example_bash_operator.py took 0.286 seconds
[2022-02-25 00:49:29,408] {processor.py:163} INFO - Started process (PID=739) to work on /home/airflow/.local/lib/python3.7/site-packages/airflow/example_dags/example_bash_operator.py
[2022-02-25 00:49:29,414] {processor.py:642} INFO - Processing file /home/airflow/.local/lib/python3.7/site-packages/airflow/example_dags/example_bash_operator.py for tasks to queue
[2022-02-25 00:49:29,418] {logging_mixin.py:109} INFO - [2022-02-25 00:49:29,417] {dagbag.py:500} INFO - Filling up the DagBag from /home/airflow/.local/lib/python3.7/site-packages/airflow/example_dags/example_bash_operator.py
[2022-02-25 00:49:29,514] {processor.py:654} INFO - DAG(s) dict_keys(['example_bash_operator']) retrieved from /home/airflow/.local/lib/python3.7/site-packages/airflow/example_dags/example_bash_operator.py
[2022-02-25 00:49:29,563] {logging_mixin.py:109} INFO - [2022-02-25 00:49:29,563] {dag.py:2396} INFO - Sync 1 DAGs
[2022-02-25 00:49:29,638] {logging_mixin.py:109} INFO - [2022-02-25 00:49:29,637] {dag.py:2935} INFO - Setting next_dagrun for example_bash_operator to 2022-02-24 00:00:00+00:00
[2022-02-25 00:49:29,671] {processor.py:171} INFO - Processing /home/airflow/.local/lib/python3.7/site-packages/airflow/example_dags/example_bash_operator.py took 0.271 seconds
[2022-02-25 00:50:00,223] {processor.py:163} INFO - Started process (PID=836) to work on /home/airflow/.local/lib/python3.7/site-packages/airflow/example_dags/example_bash_operator.py
[2022-02-25 00:50:00,230] {processor.py:642} INFO - Processing file /home/airflow/.local/lib/python3.7/site-packages/airflow/example_dags/example_bash_operator.py for tasks to queue
[2022-02-25 00:50:00,235] {logging_mixin.py:109} INFO - [2022-02-25 00:50:00,234] {dagbag.py:500} INFO - Filling up the DagBag from /home/airflow/.local/lib/python3.7/site-packages/airflow/example_dags/example_bash_operator.py
[2022-02-25 00:50:00,354] {processor.py:654} INFO - DAG(s) dict_keys(['example_bash_operator']) retrieved from /home/airflow/.local/lib/python3.7/site-packages/airflow/example_dags/example_bash_operator.py
[2022-02-25 00:50:00,412] {logging_mixin.py:109} INFO - [2022-02-25 00:50:00,411] {dag.py:2396} INFO - Sync 1 DAGs
[2022-02-25 00:50:00,498] {logging_mixin.py:109} INFO - [2022-02-25 00:50:00,498] {dag.py:2935} INFO - Setting next_dagrun for example_bash_operator to 2022-02-24 00:00:00+00:00
[2022-02-25 00:50:00,535] {processor.py:171} INFO - Processing /home/airflow/.local/lib/python3.7/site-packages/airflow/example_dags/example_bash_operator.py took 0.322 seconds
[2022-02-25 00:50:30,846] {processor.py:163} INFO - Started process (PID=942) to work on /home/airflow/.local/lib/python3.7/site-packages/airflow/example_dags/example_bash_operator.py
[2022-02-25 00:50:30,852] {processor.py:642} INFO - Processing file /home/airflow/.local/lib/python3.7/site-packages/airflow/example_dags/example_bash_operator.py for tasks to queue
[2022-02-25 00:50:30,857] {logging_mixin.py:109} INFO - [2022-02-25 00:50:30,856] {dagbag.py:500} INFO - Filling up the DagBag from /home/airflow/.local/lib/python3.7/site-packages/airflow/example_dags/example_bash_operator.py
[2022-02-25 00:50:30,960] {processor.py:654} INFO - DAG(s) dict_keys(['example_bash_operator']) retrieved from /home/airflow/.local/lib/python3.7/site-packages/airflow/example_dags/example_bash_operator.py
[2022-02-25 00:50:31,017] {logging_mixin.py:109} INFO - [2022-02-25 00:50:31,016] {dag.py:2396} INFO - Sync 1 DAGs
[2022-02-25 00:50:31,099] {logging_mixin.py:109} INFO - [2022-02-25 00:50:31,098] {dag.py:2935} INFO - Setting next_dagrun for example_bash_operator to 2022-02-24 00:00:00+00:00
[2022-02-25 00:50:31,133] {processor.py:171} INFO - Processing /home/airflow/.local/lib/python3.7/site-packages/airflow/example_dags/example_bash_operator.py took 0.295 seconds
[2022-02-25 00:51:01,302] {processor.py:163} INFO - Started process (PID=1031) to work on /home/airflow/.local/lib/python3.7/site-packages/airflow/example_dags/example_bash_operator.py
[2022-02-25 00:51:01,308] {processor.py:642} INFO - Processing file /home/airflow/.local/lib/python3.7/site-packages/airflow/example_dags/example_bash_operator.py for tasks to queue
[2022-02-25 00:51:01,313] {logging_mixin.py:109} INFO - [2022-02-25 00:51:01,312] {dagbag.py:500} INFO - Filling up the DagBag from /home/airflow/.local/lib/python3.7/site-packages/airflow/example_dags/example_bash_operator.py
[2022-02-25 00:51:01,404] {processor.py:654} INFO - DAG(s) dict_keys(['example_bash_operator']) retrieved from /home/airflow/.local/lib/python3.7/site-packages/airflow/example_dags/example_bash_operator.py
[2022-02-25 00:51:01,454] {logging_mixin.py:109} INFO - [2022-02-25 00:51:01,454] {dag.py:2396} INFO - Sync 1 DAGs
[2022-02-25 00:51:01,531] {logging_mixin.py:109} INFO - [2022-02-25 00:51:01,530] {dag.py:2935} INFO - Setting next_dagrun for example_bash_operator to 2022-02-24 00:00:00+00:00
[2022-02-25 00:51:01,566] {processor.py:171} INFO - Processing /home/airflow/.local/lib/python3.7/site-packages/airflow/example_dags/example_bash_operator.py took 0.271 seconds
[2022-02-25 00:51:32,288] {processor.py:163} INFO - Started process (PID=1136) to work on /home/airflow/.local/lib/python3.7/site-packages/airflow/example_dags/example_bash_operator.py
[2022-02-25 00:51:32,293] {processor.py:642} INFO - Processing file /home/airflow/.local/lib/python3.7/site-packages/airflow/example_dags/example_bash_operator.py for tasks to queue
[2022-02-25 00:51:32,297] {logging_mixin.py:109} INFO - [2022-02-25 00:51:32,297] {dagbag.py:500} INFO - Filling up the DagBag from /home/airflow/.local/lib/python3.7/site-packages/airflow/example_dags/example_bash_operator.py
[2022-02-25 00:51:32,389] {processor.py:654} INFO - DAG(s) dict_keys(['example_bash_operator']) retrieved from /home/airflow/.local/lib/python3.7/site-packages/airflow/example_dags/example_bash_operator.py
[2022-02-25 00:51:32,439] {logging_mixin.py:109} INFO - [2022-02-25 00:51:32,439] {dag.py:2396} INFO - Sync 1 DAGs
[2022-02-25 00:51:32,512] {logging_mixin.py:109} INFO - [2022-02-25 00:51:32,511] {dag.py:2935} INFO - Setting next_dagrun for example_bash_operator to 2022-02-24 00:00:00+00:00
[2022-02-25 00:51:32,540] {processor.py:171} INFO - Processing /home/airflow/.local/lib/python3.7/site-packages/airflow/example_dags/example_bash_operator.py took 0.259 seconds
[2022-02-25 00:52:03,269] {processor.py:163} INFO - Started process (PID=1222) to work on /home/airflow/.local/lib/python3.7/site-packages/airflow/example_dags/example_bash_operator.py
[2022-02-25 00:52:03,274] {processor.py:642} INFO - Processing file /home/airflow/.local/lib/python3.7/site-packages/airflow/example_dags/example_bash_operator.py for tasks to queue
[2022-02-25 00:52:03,277] {logging_mixin.py:109} INFO - [2022-02-25 00:52:03,277] {dagbag.py:500} INFO - Filling up the DagBag from /home/airflow/.local/lib/python3.7/site-packages/airflow/example_dags/example_bash_operator.py
[2022-02-25 00:52:03,379] {processor.py:654} INFO - DAG(s) dict_keys(['example_bash_operator']) retrieved from /home/airflow/.local/lib/python3.7/site-packages/airflow/example_dags/example_bash_operator.py
[2022-02-25 00:52:03,433] {logging_mixin.py:109} INFO - [2022-02-25 00:52:03,432] {dag.py:2396} INFO - Sync 1 DAGs
[2022-02-25 00:52:03,516] {logging_mixin.py:109} INFO - [2022-02-25 00:52:03,515] {dag.py:2935} INFO - Setting next_dagrun for example_bash_operator to 2022-02-24 00:00:00+00:00
[2022-02-25 00:52:03,552] {processor.py:171} INFO - Processing /home/airflow/.local/lib/python3.7/site-packages/airflow/example_dags/example_bash_operator.py took 0.292 seconds
[2022-02-25 00:52:33,986] {processor.py:163} INFO - Started process (PID=1328) to work on /home/airflow/.local/lib/python3.7/site-packages/airflow/example_dags/example_bash_operator.py
[2022-02-25 00:52:33,992] {processor.py:642} INFO - Processing file /home/airflow/.local/lib/python3.7/site-packages/airflow/example_dags/example_bash_operator.py for tasks to queue
[2022-02-25 00:52:33,997] {logging_mixin.py:109} INFO - [2022-02-25 00:52:33,996] {dagbag.py:500} INFO - Filling up the DagBag from /home/airflow/.local/lib/python3.7/site-packages/airflow/example_dags/example_bash_operator.py
[2022-02-25 00:52:34,086] {processor.py:654} INFO - DAG(s) dict_keys(['example_bash_operator']) retrieved from /home/airflow/.local/lib/python3.7/site-packages/airflow/example_dags/example_bash_operator.py
[2022-02-25 00:52:34,141] {logging_mixin.py:109} INFO - [2022-02-25 00:52:34,140] {dag.py:2396} INFO - Sync 1 DAGs
[2022-02-25 00:52:34,207] {logging_mixin.py:109} INFO - [2022-02-25 00:52:34,207] {dag.py:2935} INFO - Setting next_dagrun for example_bash_operator to 2022-02-24 00:00:00+00:00
[2022-02-25 00:52:34,233] {processor.py:171} INFO - Processing /home/airflow/.local/lib/python3.7/site-packages/airflow/example_dags/example_bash_operator.py took 0.256 seconds
[2022-02-25 00:53:04,793] {processor.py:163} INFO - Started process (PID=1419) to work on /home/airflow/.local/lib/python3.7/site-packages/airflow/example_dags/example_bash_operator.py
[2022-02-25 00:53:04,798] {processor.py:642} INFO - Processing file /home/airflow/.local/lib/python3.7/site-packages/airflow/example_dags/example_bash_operator.py for tasks to queue
[2022-02-25 00:53:04,802] {logging_mixin.py:109} INFO - [2022-02-25 00:53:04,801] {dagbag.py:500} INFO - Filling up the DagBag from /home/airflow/.local/lib/python3.7/site-packages/airflow/example_dags/example_bash_operator.py
[2022-02-25 00:53:04,895] {processor.py:654} INFO - DAG(s) dict_keys(['example_bash_operator']) retrieved from /home/airflow/.local/lib/python3.7/site-packages/airflow/example_dags/example_bash_operator.py
[2022-02-25 00:53:04,949] {logging_mixin.py:109} INFO - [2022-02-25 00:53:04,949] {dag.py:2396} INFO - Sync 1 DAGs
[2022-02-25 00:53:05,018] {logging_mixin.py:109} INFO - [2022-02-25 00:53:05,017] {dag.py:2935} INFO - Setting next_dagrun for example_bash_operator to 2022-02-24 00:00:00+00:00
[2022-02-25 00:53:05,046] {processor.py:171} INFO - Processing /home/airflow/.local/lib/python3.7/site-packages/airflow/example_dags/example_bash_operator.py took 0.260 seconds
[2022-02-25 00:53:35,444] {processor.py:163} INFO - Started process (PID=1525) to work on /home/airflow/.local/lib/python3.7/site-packages/airflow/example_dags/example_bash_operator.py
[2022-02-25 00:53:35,449] {processor.py:642} INFO - Processing file /home/airflow/.local/lib/python3.7/site-packages/airflow/example_dags/example_bash_operator.py for tasks to queue
[2022-02-25 00:53:35,452] {logging_mixin.py:109} INFO - [2022-02-25 00:53:35,452] {dagbag.py:500} INFO - Filling up the DagBag from /home/airflow/.local/lib/python3.7/site-packages/airflow/example_dags/example_bash_operator.py
[2022-02-25 00:53:35,539] {processor.py:654} INFO - DAG(s) dict_keys(['example_bash_operator']) retrieved from /home/airflow/.local/lib/python3.7/site-packages/airflow/example_dags/example_bash_operator.py
[2022-02-25 00:53:35,594] {logging_mixin.py:109} INFO - [2022-02-25 00:53:35,593] {dag.py:2396} INFO - Sync 1 DAGs
[2022-02-25 00:53:35,667] {logging_mixin.py:109} INFO - [2022-02-25 00:53:35,667] {dag.py:2935} INFO - Setting next_dagrun for example_bash_operator to 2022-02-24 00:00:00+00:00
[2022-02-25 00:53:35,694] {processor.py:171} INFO - Processing /home/airflow/.local/lib/python3.7/site-packages/airflow/example_dags/example_bash_operator.py took 0.257 seconds
[2022-02-25 00:54:05,996] {processor.py:163} INFO - Started process (PID=1615) to work on /home/airflow/.local/lib/python3.7/site-packages/airflow/example_dags/example_bash_operator.py
[2022-02-25 00:54:06,001] {processor.py:642} INFO - Processing file /home/airflow/.local/lib/python3.7/site-packages/airflow/example_dags/example_bash_operator.py for tasks to queue
[2022-02-25 00:54:06,004] {logging_mixin.py:109} INFO - [2022-02-25 00:54:06,004] {dagbag.py:500} INFO - Filling up the DagBag from /home/airflow/.local/lib/python3.7/site-packages/airflow/example_dags/example_bash_operator.py
[2022-02-25 00:54:06,103] {processor.py:654} INFO - DAG(s) dict_keys(['example_bash_operator']) retrieved from /home/airflow/.local/lib/python3.7/site-packages/airflow/example_dags/example_bash_operator.py
[2022-02-25 00:54:06,148] {logging_mixin.py:109} INFO - [2022-02-25 00:54:06,148] {dag.py:2396} INFO - Sync 1 DAGs
[2022-02-25 00:54:06,216] {logging_mixin.py:109} INFO - [2022-02-25 00:54:06,216] {dag.py:2935} INFO - Setting next_dagrun for example_bash_operator to 2022-02-24 00:00:00+00:00
[2022-02-25 00:54:06,243] {processor.py:171} INFO - Processing /home/airflow/.local/lib/python3.7/site-packages/airflow/example_dags/example_bash_operator.py took 0.254 seconds
[2022-02-25 00:54:36,572] {processor.py:163} INFO - Started process (PID=1722) to work on /home/airflow/.local/lib/python3.7/site-packages/airflow/example_dags/example_bash_operator.py
[2022-02-25 00:54:36,577] {processor.py:642} INFO - Processing file /home/airflow/.local/lib/python3.7/site-packages/airflow/example_dags/example_bash_operator.py for tasks to queue
[2022-02-25 00:54:36,582] {logging_mixin.py:109} INFO - [2022-02-25 00:54:36,581] {dagbag.py:500} INFO - Filling up the DagBag from /home/airflow/.local/lib/python3.7/site-packages/airflow/example_dags/example_bash_operator.py
[2022-02-25 00:54:36,672] {processor.py:654} INFO - DAG(s) dict_keys(['example_bash_operator']) retrieved from /home/airflow/.local/lib/python3.7/site-packages/airflow/example_dags/example_bash_operator.py
[2022-02-25 00:54:36,718] {logging_mixin.py:109} INFO - [2022-02-25 00:54:36,717] {dag.py:2396} INFO - Sync 1 DAGs
[2022-02-25 00:54:36,783] {logging_mixin.py:109} INFO - [2022-02-25 00:54:36,782] {dag.py:2935} INFO - Setting next_dagrun for example_bash_operator to 2022-02-24 00:00:00+00:00
[2022-02-25 00:54:36,810] {processor.py:171} INFO - Processing /home/airflow/.local/lib/python3.7/site-packages/airflow/example_dags/example_bash_operator.py took 0.247 seconds
[2022-02-25 00:55:07,036] {processor.py:163} INFO - Started process (PID=1811) to work on /home/airflow/.local/lib/python3.7/site-packages/airflow/example_dags/example_bash_operator.py
[2022-02-25 00:55:07,043] {processor.py:642} INFO - Processing file /home/airflow/.local/lib/python3.7/site-packages/airflow/example_dags/example_bash_operator.py for tasks to queue
[2022-02-25 00:55:07,051] {logging_mixin.py:109} INFO - [2022-02-25 00:55:07,049] {dagbag.py:500} INFO - Filling up the DagBag from /home/airflow/.local/lib/python3.7/site-packages/airflow/example_dags/example_bash_operator.py
[2022-02-25 00:55:07,162] {processor.py:654} INFO - DAG(s) dict_keys(['example_bash_operator']) retrieved from /home/airflow/.local/lib/python3.7/site-packages/airflow/example_dags/example_bash_operator.py
[2022-02-25 00:55:07,219] {logging_mixin.py:109} INFO - [2022-02-25 00:55:07,218] {dag.py:2396} INFO - Sync 1 DAGs
[2022-02-25 00:55:07,285] {logging_mixin.py:109} INFO - [2022-02-25 00:55:07,284] {dag.py:2935} INFO - Setting next_dagrun for example_bash_operator to 2022-02-24 00:00:00+00:00
[2022-02-25 00:55:07,311] {processor.py:171} INFO - Processing /home/airflow/.local/lib/python3.7/site-packages/airflow/example_dags/example_bash_operator.py took 0.284 seconds
[2022-02-25 00:55:37,440] {processor.py:163} INFO - Started process (PID=1915) to work on /home/airflow/.local/lib/python3.7/site-packages/airflow/example_dags/example_bash_operator.py
[2022-02-25 00:55:37,449] {processor.py:642} INFO - Processing file /home/airflow/.local/lib/python3.7/site-packages/airflow/example_dags/example_bash_operator.py for tasks to queue
[2022-02-25 00:55:37,452] {logging_mixin.py:109} INFO - [2022-02-25 00:55:37,452] {dagbag.py:500} INFO - Filling up the DagBag from /home/airflow/.local/lib/python3.7/site-packages/airflow/example_dags/example_bash_operator.py
[2022-02-25 00:55:37,558] {processor.py:654} INFO - DAG(s) dict_keys(['example_bash_operator']) retrieved from /home/airflow/.local/lib/python3.7/site-packages/airflow/example_dags/example_bash_operator.py
[2022-02-25 00:55:37,613] {logging_mixin.py:109} INFO - [2022-02-25 00:55:37,612] {dag.py:2396} INFO - Sync 1 DAGs
[2022-02-25 00:55:37,686] {logging_mixin.py:109} INFO - [2022-02-25 00:55:37,685] {dag.py:2935} INFO - Setting next_dagrun for example_bash_operator to 2022-02-24 00:00:00+00:00
[2022-02-25 00:55:37,722] {processor.py:171} INFO - Processing /home/airflow/.local/lib/python3.7/site-packages/airflow/example_dags/example_bash_operator.py took 0.290 seconds
[2022-02-25 00:56:07,804] {processor.py:163} INFO - Started process (PID=2004) to work on /home/airflow/.local/lib/python3.7/site-packages/airflow/example_dags/example_bash_operator.py
[2022-02-25 00:56:07,809] {processor.py:642} INFO - Processing file /home/airflow/.local/lib/python3.7/site-packages/airflow/example_dags/example_bash_operator.py for tasks to queue
[2022-02-25 00:56:07,812] {logging_mixin.py:109} INFO - [2022-02-25 00:56:07,812] {dagbag.py:500} INFO - Filling up the DagBag from /home/airflow/.local/lib/python3.7/site-packages/airflow/example_dags/example_bash_operator.py
[2022-02-25 00:56:07,895] {processor.py:654} INFO - DAG(s) dict_keys(['example_bash_operator']) retrieved from /home/airflow/.local/lib/python3.7/site-packages/airflow/example_dags/example_bash_operator.py
[2022-02-25 00:56:07,941] {logging_mixin.py:109} INFO - [2022-02-25 00:56:07,941] {dag.py:2396} INFO - Sync 1 DAGs
[2022-02-25 00:56:08,019] {logging_mixin.py:109} INFO - [2022-02-25 00:56:08,019] {dag.py:2935} INFO - Setting next_dagrun for example_bash_operator to 2022-02-24 00:00:00+00:00
[2022-02-25 00:56:08,058] {processor.py:171} INFO - Processing /home/airflow/.local/lib/python3.7/site-packages/airflow/example_dags/example_bash_operator.py took 0.262 seconds
[2022-02-25 00:56:38,831] {processor.py:163} INFO - Started process (PID=2110) to work on /home/airflow/.local/lib/python3.7/site-packages/airflow/example_dags/example_bash_operator.py
[2022-02-25 00:56:38,836] {processor.py:642} INFO - Processing file /home/airflow/.local/lib/python3.7/site-packages/airflow/example_dags/example_bash_operator.py for tasks to queue
[2022-02-25 00:56:38,839] {logging_mixin.py:109} INFO - [2022-02-25 00:56:38,839] {dagbag.py:500} INFO - Filling up the DagBag from /home/airflow/.local/lib/python3.7/site-packages/airflow/example_dags/example_bash_operator.py
[2022-02-25 00:56:38,924] {processor.py:654} INFO - DAG(s) dict_keys(['example_bash_operator']) retrieved from /home/airflow/.local/lib/python3.7/site-packages/airflow/example_dags/example_bash_operator.py
[2022-02-25 00:56:38,975] {logging_mixin.py:109} INFO - [2022-02-25 00:56:38,974] {dag.py:2396} INFO - Sync 1 DAGs
[2022-02-25 00:56:39,067] {logging_mixin.py:109} INFO - [2022-02-25 00:56:39,066] {dag.py:2935} INFO - Setting next_dagrun for example_bash_operator to 2022-02-24 00:00:00+00:00
[2022-02-25 00:56:39,097] {processor.py:171} INFO - Processing /home/airflow/.local/lib/python3.7/site-packages/airflow/example_dags/example_bash_operator.py took 0.273 seconds
[2022-02-25 00:57:10,013] {processor.py:163} INFO - Started process (PID=2210) to work on /home/airflow/.local/lib/python3.7/site-packages/airflow/example_dags/example_bash_operator.py
[2022-02-25 00:57:10,019] {processor.py:642} INFO - Processing file /home/airflow/.local/lib/python3.7/site-packages/airflow/example_dags/example_bash_operator.py for tasks to queue
[2022-02-25 00:57:10,027] {logging_mixin.py:109} INFO - [2022-02-25 00:57:10,026] {dagbag.py:500} INFO - Filling up the DagBag from /home/airflow/.local/lib/python3.7/site-packages/airflow/example_dags/example_bash_operator.py
[2022-02-25 00:57:10,140] {processor.py:654} INFO - DAG(s) dict_keys(['example_bash_operator']) retrieved from /home/airflow/.local/lib/python3.7/site-packages/airflow/example_dags/example_bash_operator.py
[2022-02-25 00:57:10,191] {logging_mixin.py:109} INFO - [2022-02-25 00:57:10,191] {dag.py:2396} INFO - Sync 1 DAGs
[2022-02-25 00:57:10,398] {logging_mixin.py:109} INFO - [2022-02-25 00:57:10,397] {dag.py:2935} INFO - Setting next_dagrun for example_bash_operator to 2022-02-24 00:00:00+00:00
[2022-02-25 00:57:10,439] {processor.py:171} INFO - Processing /home/airflow/.local/lib/python3.7/site-packages/airflow/example_dags/example_bash_operator.py took 0.434 seconds
[2022-02-25 00:57:40,864] {processor.py:163} INFO - Started process (PID=2307) to work on /home/airflow/.local/lib/python3.7/site-packages/airflow/example_dags/example_bash_operator.py
[2022-02-25 00:57:40,870] {processor.py:642} INFO - Processing file /home/airflow/.local/lib/python3.7/site-packages/airflow/example_dags/example_bash_operator.py for tasks to queue
[2022-02-25 00:57:40,875] {logging_mixin.py:109} INFO - [2022-02-25 00:57:40,875] {dagbag.py:500} INFO - Filling up the DagBag from /home/airflow/.local/lib/python3.7/site-packages/airflow/example_dags/example_bash_operator.py
[2022-02-25 00:57:40,994] {processor.py:654} INFO - DAG(s) dict_keys(['example_bash_operator']) retrieved from /home/airflow/.local/lib/python3.7/site-packages/airflow/example_dags/example_bash_operator.py
[2022-02-25 00:57:41,057] {logging_mixin.py:109} INFO - [2022-02-25 00:57:41,056] {dag.py:2396} INFO - Sync 1 DAGs
[2022-02-25 00:57:41,303] {logging_mixin.py:109} INFO - [2022-02-25 00:57:41,303] {dag.py:2935} INFO - Setting next_dagrun for example_bash_operator to 2022-02-24 00:00:00+00:00
[2022-02-25 00:57:41,339] {processor.py:171} INFO - Processing /home/airflow/.local/lib/python3.7/site-packages/airflow/example_dags/example_bash_operator.py took 0.485 seconds
[2022-02-25 00:58:11,424] {processor.py:163} INFO - Started process (PID=2415) to work on /home/airflow/.local/lib/python3.7/site-packages/airflow/example_dags/example_bash_operator.py
[2022-02-25 00:58:11,428] {processor.py:642} INFO - Processing file /home/airflow/.local/lib/python3.7/site-packages/airflow/example_dags/example_bash_operator.py for tasks to queue
[2022-02-25 00:58:11,432] {logging_mixin.py:109} INFO - [2022-02-25 00:58:11,432] {dagbag.py:500} INFO - Filling up the DagBag from /home/airflow/.local/lib/python3.7/site-packages/airflow/example_dags/example_bash_operator.py
[2022-02-25 00:58:11,520] {processor.py:654} INFO - DAG(s) dict_keys(['example_bash_operator']) retrieved from /home/airflow/.local/lib/python3.7/site-packages/airflow/example_dags/example_bash_operator.py
[2022-02-25 00:58:11,572] {logging_mixin.py:109} INFO - [2022-02-25 00:58:11,571] {dag.py:2396} INFO - Sync 1 DAGs
[2022-02-25 00:58:11,769] {logging_mixin.py:109} INFO - [2022-02-25 00:58:11,768] {dag.py:2935} INFO - Setting next_dagrun for example_bash_operator to 2022-02-24 00:00:00+00:00
[2022-02-25 00:58:11,806] {processor.py:171} INFO - Processing /home/airflow/.local/lib/python3.7/site-packages/airflow/example_dags/example_bash_operator.py took 0.390 seconds
[2022-02-25 00:58:41,916] {processor.py:163} INFO - Started process (PID=2507) to work on /home/airflow/.local/lib/python3.7/site-packages/airflow/example_dags/example_bash_operator.py
[2022-02-25 00:58:41,923] {processor.py:642} INFO - Processing file /home/airflow/.local/lib/python3.7/site-packages/airflow/example_dags/example_bash_operator.py for tasks to queue
[2022-02-25 00:58:41,928] {logging_mixin.py:109} INFO - [2022-02-25 00:58:41,927] {dagbag.py:500} INFO - Filling up the DagBag from /home/airflow/.local/lib/python3.7/site-packages/airflow/example_dags/example_bash_operator.py
[2022-02-25 00:58:42,052] {processor.py:654} INFO - DAG(s) dict_keys(['example_bash_operator']) retrieved from /home/airflow/.local/lib/python3.7/site-packages/airflow/example_dags/example_bash_operator.py
[2022-02-25 00:58:42,110] {logging_mixin.py:109} INFO - [2022-02-25 00:58:42,110] {dag.py:2396} INFO - Sync 1 DAGs
[2022-02-25 00:58:42,341] {logging_mixin.py:109} INFO - [2022-02-25 00:58:42,340] {dag.py:2935} INFO - Setting next_dagrun for example_bash_operator to 2022-02-24 00:00:00+00:00
[2022-02-25 00:58:42,390] {processor.py:171} INFO - Processing /home/airflow/.local/lib/python3.7/site-packages/airflow/example_dags/example_bash_operator.py took 0.484 seconds
[2022-02-25 00:59:13,136] {processor.py:163} INFO - Started process (PID=2613) to work on /home/airflow/.local/lib/python3.7/site-packages/airflow/example_dags/example_bash_operator.py
[2022-02-25 00:59:13,142] {processor.py:642} INFO - Processing file /home/airflow/.local/lib/python3.7/site-packages/airflow/example_dags/example_bash_operator.py for tasks to queue
[2022-02-25 00:59:13,146] {logging_mixin.py:109} INFO - [2022-02-25 00:59:13,145] {dagbag.py:500} INFO - Filling up the DagBag from /home/airflow/.local/lib/python3.7/site-packages/airflow/example_dags/example_bash_operator.py
[2022-02-25 00:59:13,244] {processor.py:654} INFO - DAG(s) dict_keys(['example_bash_operator']) retrieved from /home/airflow/.local/lib/python3.7/site-packages/airflow/example_dags/example_bash_operator.py
[2022-02-25 00:59:13,290] {logging_mixin.py:109} INFO - [2022-02-25 00:59:13,290] {dag.py:2396} INFO - Sync 1 DAGs
[2022-02-25 00:59:13,481] {logging_mixin.py:109} INFO - [2022-02-25 00:59:13,481] {dag.py:2935} INFO - Setting next_dagrun for example_bash_operator to 2022-02-24 00:00:00+00:00
[2022-02-25 00:59:13,509] {processor.py:171} INFO - Processing /home/airflow/.local/lib/python3.7/site-packages/airflow/example_dags/example_bash_operator.py took 0.382 seconds
[2022-02-25 00:59:43,789] {processor.py:163} INFO - Started process (PID=2701) to work on /home/airflow/.local/lib/python3.7/site-packages/airflow/example_dags/example_bash_operator.py
[2022-02-25 00:59:43,796] {processor.py:642} INFO - Processing file /home/airflow/.local/lib/python3.7/site-packages/airflow/example_dags/example_bash_operator.py for tasks to queue
[2022-02-25 00:59:43,800] {logging_mixin.py:109} INFO - [2022-02-25 00:59:43,800] {dagbag.py:500} INFO - Filling up the DagBag from /home/airflow/.local/lib/python3.7/site-packages/airflow/example_dags/example_bash_operator.py
[2022-02-25 00:59:43,908] {processor.py:654} INFO - DAG(s) dict_keys(['example_bash_operator']) retrieved from /home/airflow/.local/lib/python3.7/site-packages/airflow/example_dags/example_bash_operator.py
[2022-02-25 00:59:44,080] {logging_mixin.py:109} INFO - [2022-02-25 00:59:44,079] {dag.py:2396} INFO - Sync 1 DAGs
[2022-02-25 00:59:44,149] {logging_mixin.py:109} INFO - [2022-02-25 00:59:44,149] {dag.py:2935} INFO - Setting next_dagrun for example_bash_operator to 2022-02-24 00:00:00+00:00
[2022-02-25 00:59:44,179] {processor.py:171} INFO - Processing /home/airflow/.local/lib/python3.7/site-packages/airflow/example_dags/example_bash_operator.py took 0.403 seconds
[2022-02-25 01:00:14,734] {processor.py:163} INFO - Started process (PID=2807) to work on /home/airflow/.local/lib/python3.7/site-packages/airflow/example_dags/example_bash_operator.py
[2022-02-25 01:00:14,738] {processor.py:642} INFO - Processing file /home/airflow/.local/lib/python3.7/site-packages/airflow/example_dags/example_bash_operator.py for tasks to queue
[2022-02-25 01:00:14,742] {logging_mixin.py:109} INFO - [2022-02-25 01:00:14,741] {dagbag.py:500} INFO - Filling up the DagBag from /home/airflow/.local/lib/python3.7/site-packages/airflow/example_dags/example_bash_operator.py
[2022-02-25 01:00:14,956] {processor.py:654} INFO - DAG(s) dict_keys(['example_bash_operator']) retrieved from /home/airflow/.local/lib/python3.7/site-packages/airflow/example_dags/example_bash_operator.py
[2022-02-25 01:00:15,003] {logging_mixin.py:109} INFO - [2022-02-25 01:00:15,002] {dag.py:2396} INFO - Sync 1 DAGs
[2022-02-25 01:00:15,081] {logging_mixin.py:109} INFO - [2022-02-25 01:00:15,080] {dag.py:2935} INFO - Setting next_dagrun for example_bash_operator to 2022-02-24 00:00:00+00:00
[2022-02-25 01:00:15,118] {processor.py:171} INFO - Processing /home/airflow/.local/lib/python3.7/site-packages/airflow/example_dags/example_bash_operator.py took 0.391 seconds
[2022-02-25 01:00:45,325] {processor.py:163} INFO - Started process (PID=2894) to work on /home/airflow/.local/lib/python3.7/site-packages/airflow/example_dags/example_bash_operator.py
[2022-02-25 01:00:45,331] {processor.py:642} INFO - Processing file /home/airflow/.local/lib/python3.7/site-packages/airflow/example_dags/example_bash_operator.py for tasks to queue
[2022-02-25 01:00:45,335] {logging_mixin.py:109} INFO - [2022-02-25 01:00:45,334] {dagbag.py:500} INFO - Filling up the DagBag from /home/airflow/.local/lib/python3.7/site-packages/airflow/example_dags/example_bash_operator.py
[2022-02-25 01:00:45,546] {processor.py:654} INFO - DAG(s) dict_keys(['example_bash_operator']) retrieved from /home/airflow/.local/lib/python3.7/site-packages/airflow/example_dags/example_bash_operator.py
[2022-02-25 01:00:45,595] {logging_mixin.py:109} INFO - [2022-02-25 01:00:45,594] {dag.py:2396} INFO - Sync 1 DAGs
[2022-02-25 01:00:45,676] {logging_mixin.py:109} INFO - [2022-02-25 01:00:45,676] {dag.py:2935} INFO - Setting next_dagrun for example_bash_operator to 2022-02-24 00:00:00+00:00
[2022-02-25 01:00:45,705] {processor.py:171} INFO - Processing /home/airflow/.local/lib/python3.7/site-packages/airflow/example_dags/example_bash_operator.py took 0.388 seconds
[2022-02-25 01:01:15,882] {processor.py:163} INFO - Started process (PID=3000) to work on /home/airflow/.local/lib/python3.7/site-packages/airflow/example_dags/example_bash_operator.py
[2022-02-25 01:01:15,888] {processor.py:642} INFO - Processing file /home/airflow/.local/lib/python3.7/site-packages/airflow/example_dags/example_bash_operator.py for tasks to queue
[2022-02-25 01:01:15,893] {logging_mixin.py:109} INFO - [2022-02-25 01:01:15,892] {dagbag.py:500} INFO - Filling up the DagBag from /home/airflow/.local/lib/python3.7/site-packages/airflow/example_dags/example_bash_operator.py
[2022-02-25 01:01:16,109] {processor.py:654} INFO - DAG(s) dict_keys(['example_bash_operator']) retrieved from /home/airflow/.local/lib/python3.7/site-packages/airflow/example_dags/example_bash_operator.py
[2022-02-25 01:01:16,155] {logging_mixin.py:109} INFO - [2022-02-25 01:01:16,155] {dag.py:2396} INFO - Sync 1 DAGs
[2022-02-25 01:01:16,225] {logging_mixin.py:109} INFO - [2022-02-25 01:01:16,224] {dag.py:2935} INFO - Setting next_dagrun for example_bash_operator to 2022-02-24 00:00:00+00:00
[2022-02-25 01:01:16,252] {processor.py:171} INFO - Processing /home/airflow/.local/lib/python3.7/site-packages/airflow/example_dags/example_bash_operator.py took 0.380 seconds
[2022-02-25 01:01:46,469] {processor.py:163} INFO - Started process (PID=3087) to work on /home/airflow/.local/lib/python3.7/site-packages/airflow/example_dags/example_bash_operator.py
[2022-02-25 01:01:46,473] {processor.py:642} INFO - Processing file /home/airflow/.local/lib/python3.7/site-packages/airflow/example_dags/example_bash_operator.py for tasks to queue
[2022-02-25 01:01:46,477] {logging_mixin.py:109} INFO - [2022-02-25 01:01:46,476] {dagbag.py:500} INFO - Filling up the DagBag from /home/airflow/.local/lib/python3.7/site-packages/airflow/example_dags/example_bash_operator.py
[2022-02-25 01:01:46,673] {processor.py:654} INFO - DAG(s) dict_keys(['example_bash_operator']) retrieved from /home/airflow/.local/lib/python3.7/site-packages/airflow/example_dags/example_bash_operator.py
[2022-02-25 01:01:46,716] {logging_mixin.py:109} INFO - [2022-02-25 01:01:46,715] {dag.py:2396} INFO - Sync 1 DAGs
[2022-02-25 01:01:46,784] {logging_mixin.py:109} INFO - [2022-02-25 01:01:46,784] {dag.py:2935} INFO - Setting next_dagrun for example_bash_operator to 2022-02-24 00:00:00+00:00
[2022-02-25 01:01:46,813] {processor.py:171} INFO - Processing /home/airflow/.local/lib/python3.7/site-packages/airflow/example_dags/example_bash_operator.py took 0.352 seconds
[2022-02-25 01:02:17,071] {processor.py:163} INFO - Started process (PID=3191) to work on /home/airflow/.local/lib/python3.7/site-packages/airflow/example_dags/example_bash_operator.py
[2022-02-25 01:02:17,078] {processor.py:642} INFO - Processing file /home/airflow/.local/lib/python3.7/site-packages/airflow/example_dags/example_bash_operator.py for tasks to queue
[2022-02-25 01:02:17,083] {logging_mixin.py:109} INFO - [2022-02-25 01:02:17,082] {dagbag.py:500} INFO - Filling up the DagBag from /home/airflow/.local/lib/python3.7/site-packages/airflow/example_dags/example_bash_operator.py
[2022-02-25 01:02:17,182] {processor.py:654} INFO - DAG(s) dict_keys(['example_bash_operator']) retrieved from /home/airflow/.local/lib/python3.7/site-packages/airflow/example_dags/example_bash_operator.py
[2022-02-25 01:02:17,237] {logging_mixin.py:109} INFO - [2022-02-25 01:02:17,236] {dag.py:2396} INFO - Sync 1 DAGs
[2022-02-25 01:02:17,309] {logging_mixin.py:109} INFO - [2022-02-25 01:02:17,308] {dag.py:2935} INFO - Setting next_dagrun for example_bash_operator to 2022-02-24 00:00:00+00:00
[2022-02-25 01:02:17,341] {processor.py:171} INFO - Processing /home/airflow/.local/lib/python3.7/site-packages/airflow/example_dags/example_bash_operator.py took 0.278 seconds
[2022-02-25 01:02:47,963] {processor.py:163} INFO - Started process (PID=3279) to work on /home/airflow/.local/lib/python3.7/site-packages/airflow/example_dags/example_bash_operator.py
[2022-02-25 01:02:47,968] {processor.py:642} INFO - Processing file /home/airflow/.local/lib/python3.7/site-packages/airflow/example_dags/example_bash_operator.py for tasks to queue
[2022-02-25 01:02:47,971] {logging_mixin.py:109} INFO - [2022-02-25 01:02:47,971] {dagbag.py:500} INFO - Filling up the DagBag from /home/airflow/.local/lib/python3.7/site-packages/airflow/example_dags/example_bash_operator.py
[2022-02-25 01:02:48,063] {processor.py:654} INFO - DAG(s) dict_keys(['example_bash_operator']) retrieved from /home/airflow/.local/lib/python3.7/site-packages/airflow/example_dags/example_bash_operator.py
[2022-02-25 01:02:48,135] {logging_mixin.py:109} INFO - [2022-02-25 01:02:48,135] {dag.py:2396} INFO - Sync 1 DAGs
[2022-02-25 01:02:48,215] {logging_mixin.py:109} INFO - [2022-02-25 01:02:48,214] {dag.py:2935} INFO - Setting next_dagrun for example_bash_operator to 2022-02-24 00:00:00+00:00
[2022-02-25 01:02:48,246] {processor.py:171} INFO - Processing /home/airflow/.local/lib/python3.7/site-packages/airflow/example_dags/example_bash_operator.py took 0.289 seconds
[2022-02-25 01:03:19,039] {processor.py:163} INFO - Started process (PID=3385) to work on /home/airflow/.local/lib/python3.7/site-packages/airflow/example_dags/example_bash_operator.py
[2022-02-25 01:03:19,045] {processor.py:642} INFO - Processing file /home/airflow/.local/lib/python3.7/site-packages/airflow/example_dags/example_bash_operator.py for tasks to queue
[2022-02-25 01:03:19,049] {logging_mixin.py:109} INFO - [2022-02-25 01:03:19,048] {dagbag.py:500} INFO - Filling up the DagBag from /home/airflow/.local/lib/python3.7/site-packages/airflow/example_dags/example_bash_operator.py
[2022-02-25 01:03:19,137] {processor.py:654} INFO - DAG(s) dict_keys(['example_bash_operator']) retrieved from /home/airflow/.local/lib/python3.7/site-packages/airflow/example_dags/example_bash_operator.py
[2022-02-25 01:03:19,183] {logging_mixin.py:109} INFO - [2022-02-25 01:03:19,182] {dag.py:2396} INFO - Sync 1 DAGs
[2022-02-25 01:03:19,257] {logging_mixin.py:109} INFO - [2022-02-25 01:03:19,256] {dag.py:2935} INFO - Setting next_dagrun for example_bash_operator to 2022-02-24 00:00:00+00:00
[2022-02-25 01:03:19,292] {processor.py:171} INFO - Processing /home/airflow/.local/lib/python3.7/site-packages/airflow/example_dags/example_bash_operator.py took 0.262 seconds
[2022-02-25 01:03:49,633] {processor.py:163} INFO - Started process (PID=3484) to work on /home/airflow/.local/lib/python3.7/site-packages/airflow/example_dags/example_bash_operator.py
[2022-02-25 01:03:49,638] {processor.py:642} INFO - Processing file /home/airflow/.local/lib/python3.7/site-packages/airflow/example_dags/example_bash_operator.py for tasks to queue
[2022-02-25 01:03:49,644] {logging_mixin.py:109} INFO - [2022-02-25 01:03:49,643] {dagbag.py:500} INFO - Filling up the DagBag from /home/airflow/.local/lib/python3.7/site-packages/airflow/example_dags/example_bash_operator.py
[2022-02-25 01:03:49,738] {processor.py:654} INFO - DAG(s) dict_keys(['example_bash_operator']) retrieved from /home/airflow/.local/lib/python3.7/site-packages/airflow/example_dags/example_bash_operator.py
[2022-02-25 01:03:49,791] {logging_mixin.py:109} INFO - [2022-02-25 01:03:49,790] {dag.py:2396} INFO - Sync 1 DAGs
[2022-02-25 01:03:49,875] {logging_mixin.py:109} INFO - [2022-02-25 01:03:49,875] {dag.py:2935} INFO - Setting next_dagrun for example_bash_operator to 2022-02-24 00:00:00+00:00
[2022-02-25 01:03:49,909] {processor.py:171} INFO - Processing /home/airflow/.local/lib/python3.7/site-packages/airflow/example_dags/example_bash_operator.py took 0.283 seconds
[2022-02-25 01:04:20,263] {processor.py:163} INFO - Started process (PID=3577) to work on /home/airflow/.local/lib/python3.7/site-packages/airflow/example_dags/example_bash_operator.py
[2022-02-25 01:04:20,269] {processor.py:642} INFO - Processing file /home/airflow/.local/lib/python3.7/site-packages/airflow/example_dags/example_bash_operator.py for tasks to queue
[2022-02-25 01:04:20,271] {logging_mixin.py:109} INFO - [2022-02-25 01:04:20,271] {dagbag.py:500} INFO - Filling up the DagBag from /home/airflow/.local/lib/python3.7/site-packages/airflow/example_dags/example_bash_operator.py
[2022-02-25 01:04:20,360] {processor.py:654} INFO - DAG(s) dict_keys(['example_bash_operator']) retrieved from /home/airflow/.local/lib/python3.7/site-packages/airflow/example_dags/example_bash_operator.py
[2022-02-25 01:04:20,407] {logging_mixin.py:109} INFO - [2022-02-25 01:04:20,407] {dag.py:2396} INFO - Sync 1 DAGs
[2022-02-25 01:04:20,499] {logging_mixin.py:109} INFO - [2022-02-25 01:04:20,499] {dag.py:2935} INFO - Setting next_dagrun for example_bash_operator to 2022-02-24 00:00:00+00:00
[2022-02-25 01:04:20,531] {processor.py:171} INFO - Processing /home/airflow/.local/lib/python3.7/site-packages/airflow/example_dags/example_bash_operator.py took 0.276 seconds
[2022-02-25 01:04:50,632] {processor.py:163} INFO - Started process (PID=3683) to work on /home/airflow/.local/lib/python3.7/site-packages/airflow/example_dags/example_bash_operator.py
[2022-02-25 01:04:50,636] {processor.py:642} INFO - Processing file /home/airflow/.local/lib/python3.7/site-packages/airflow/example_dags/example_bash_operator.py for tasks to queue
[2022-02-25 01:04:50,640] {logging_mixin.py:109} INFO - [2022-02-25 01:04:50,640] {dagbag.py:500} INFO - Filling up the DagBag from /home/airflow/.local/lib/python3.7/site-packages/airflow/example_dags/example_bash_operator.py
[2022-02-25 01:04:50,745] {processor.py:654} INFO - DAG(s) dict_keys(['example_bash_operator']) retrieved from /home/airflow/.local/lib/python3.7/site-packages/airflow/example_dags/example_bash_operator.py
[2022-02-25 01:04:50,796] {logging_mixin.py:109} INFO - [2022-02-25 01:04:50,795] {dag.py:2396} INFO - Sync 1 DAGs
[2022-02-25 01:04:50,877] {logging_mixin.py:109} INFO - [2022-02-25 01:04:50,876] {dag.py:2935} INFO - Setting next_dagrun for example_bash_operator to 2022-02-24 00:00:00+00:00
[2022-02-25 01:04:50,910] {processor.py:171} INFO - Processing /home/airflow/.local/lib/python3.7/site-packages/airflow/example_dags/example_bash_operator.py took 0.288 seconds
[2022-02-25 01:05:21,418] {processor.py:163} INFO - Started process (PID=3772) to work on /home/airflow/.local/lib/python3.7/site-packages/airflow/example_dags/example_bash_operator.py
[2022-02-25 01:05:21,424] {processor.py:642} INFO - Processing file /home/airflow/.local/lib/python3.7/site-packages/airflow/example_dags/example_bash_operator.py for tasks to queue
[2022-02-25 01:05:21,427] {logging_mixin.py:109} INFO - [2022-02-25 01:05:21,426] {dagbag.py:500} INFO - Filling up the DagBag from /home/airflow/.local/lib/python3.7/site-packages/airflow/example_dags/example_bash_operator.py
[2022-02-25 01:05:21,525] {processor.py:654} INFO - DAG(s) dict_keys(['example_bash_operator']) retrieved from /home/airflow/.local/lib/python3.7/site-packages/airflow/example_dags/example_bash_operator.py
[2022-02-25 01:05:21,580] {logging_mixin.py:109} INFO - [2022-02-25 01:05:21,579] {dag.py:2396} INFO - Sync 1 DAGs
[2022-02-25 01:05:21,661] {logging_mixin.py:109} INFO - [2022-02-25 01:05:21,660] {dag.py:2935} INFO - Setting next_dagrun for example_bash_operator to 2022-02-24 00:00:00+00:00
[2022-02-25 01:05:21,694] {processor.py:171} INFO - Processing /home/airflow/.local/lib/python3.7/site-packages/airflow/example_dags/example_bash_operator.py took 0.285 seconds
[2022-02-25 01:05:51,870] {processor.py:163} INFO - Started process (PID=3878) to work on /home/airflow/.local/lib/python3.7/site-packages/airflow/example_dags/example_bash_operator.py
[2022-02-25 01:05:51,876] {processor.py:642} INFO - Processing file /home/airflow/.local/lib/python3.7/site-packages/airflow/example_dags/example_bash_operator.py for tasks to queue
[2022-02-25 01:05:51,880] {logging_mixin.py:109} INFO - [2022-02-25 01:05:51,880] {dagbag.py:500} INFO - Filling up the DagBag from /home/airflow/.local/lib/python3.7/site-packages/airflow/example_dags/example_bash_operator.py
[2022-02-25 01:05:51,980] {processor.py:654} INFO - DAG(s) dict_keys(['example_bash_operator']) retrieved from /home/airflow/.local/lib/python3.7/site-packages/airflow/example_dags/example_bash_operator.py
[2022-02-25 01:05:52,034] {logging_mixin.py:109} INFO - [2022-02-25 01:05:52,033] {dag.py:2396} INFO - Sync 1 DAGs
[2022-02-25 01:05:52,111] {logging_mixin.py:109} INFO - [2022-02-25 01:05:52,110] {dag.py:2935} INFO - Setting next_dagrun for example_bash_operator to 2022-02-24 00:00:00+00:00
[2022-02-25 01:05:52,144] {processor.py:171} INFO - Processing /home/airflow/.local/lib/python3.7/site-packages/airflow/example_dags/example_bash_operator.py took 0.281 seconds
[2022-02-25 01:06:22,253] {processor.py:163} INFO - Started process (PID=3967) to work on /home/airflow/.local/lib/python3.7/site-packages/airflow/example_dags/example_bash_operator.py
[2022-02-25 01:06:22,259] {processor.py:642} INFO - Processing file /home/airflow/.local/lib/python3.7/site-packages/airflow/example_dags/example_bash_operator.py for tasks to queue
[2022-02-25 01:06:22,263] {logging_mixin.py:109} INFO - [2022-02-25 01:06:22,263] {dagbag.py:500} INFO - Filling up the DagBag from /home/airflow/.local/lib/python3.7/site-packages/airflow/example_dags/example_bash_operator.py
[2022-02-25 01:06:22,367] {processor.py:654} INFO - DAG(s) dict_keys(['example_bash_operator']) retrieved from /home/airflow/.local/lib/python3.7/site-packages/airflow/example_dags/example_bash_operator.py
[2022-02-25 01:06:22,417] {logging_mixin.py:109} INFO - [2022-02-25 01:06:22,417] {dag.py:2396} INFO - Sync 1 DAGs
[2022-02-25 01:06:22,485] {logging_mixin.py:109} INFO - [2022-02-25 01:06:22,484] {dag.py:2935} INFO - Setting next_dagrun for example_bash_operator to 2022-02-24 00:00:00+00:00
[2022-02-25 01:06:22,517] {processor.py:171} INFO - Processing /home/airflow/.local/lib/python3.7/site-packages/airflow/example_dags/example_bash_operator.py took 0.272 seconds
[2022-02-25 01:06:53,339] {processor.py:163} INFO - Started process (PID=4073) to work on /home/airflow/.local/lib/python3.7/site-packages/airflow/example_dags/example_bash_operator.py
[2022-02-25 01:06:53,344] {processor.py:642} INFO - Processing file /home/airflow/.local/lib/python3.7/site-packages/airflow/example_dags/example_bash_operator.py for tasks to queue
[2022-02-25 01:06:53,347] {logging_mixin.py:109} INFO - [2022-02-25 01:06:53,346] {dagbag.py:500} INFO - Filling up the DagBag from /home/airflow/.local/lib/python3.7/site-packages/airflow/example_dags/example_bash_operator.py
[2022-02-25 01:06:53,441] {processor.py:654} INFO - DAG(s) dict_keys(['example_bash_operator']) retrieved from /home/airflow/.local/lib/python3.7/site-packages/airflow/example_dags/example_bash_operator.py
[2022-02-25 01:06:53,487] {logging_mixin.py:109} INFO - [2022-02-25 01:06:53,487] {dag.py:2396} INFO - Sync 1 DAGs
[2022-02-25 01:06:53,559] {logging_mixin.py:109} INFO - [2022-02-25 01:06:53,559] {dag.py:2935} INFO - Setting next_dagrun for example_bash_operator to 2022-02-24 00:00:00+00:00
[2022-02-25 01:06:53,588] {processor.py:171} INFO - Processing /home/airflow/.local/lib/python3.7/site-packages/airflow/example_dags/example_bash_operator.py took 0.256 seconds
[2022-02-25 01:07:24,049] {processor.py:163} INFO - Started process (PID=4162) to work on /home/airflow/.local/lib/python3.7/site-packages/airflow/example_dags/example_bash_operator.py
[2022-02-25 01:07:24,054] {processor.py:642} INFO - Processing file /home/airflow/.local/lib/python3.7/site-packages/airflow/example_dags/example_bash_operator.py for tasks to queue
[2022-02-25 01:07:24,058] {logging_mixin.py:109} INFO - [2022-02-25 01:07:24,057] {dagbag.py:500} INFO - Filling up the DagBag from /home/airflow/.local/lib/python3.7/site-packages/airflow/example_dags/example_bash_operator.py
[2022-02-25 01:07:24,145] {processor.py:654} INFO - DAG(s) dict_keys(['example_bash_operator']) retrieved from /home/airflow/.local/lib/python3.7/site-packages/airflow/example_dags/example_bash_operator.py
[2022-02-25 01:07:24,191] {logging_mixin.py:109} INFO - [2022-02-25 01:07:24,191] {dag.py:2396} INFO - Sync 1 DAGs
[2022-02-25 01:07:24,272] {logging_mixin.py:109} INFO - [2022-02-25 01:07:24,271] {dag.py:2935} INFO - Setting next_dagrun for example_bash_operator to 2022-02-24 00:00:00+00:00
[2022-02-25 01:07:24,309] {processor.py:171} INFO - Processing /home/airflow/.local/lib/python3.7/site-packages/airflow/example_dags/example_bash_operator.py took 0.270 seconds
[2022-02-25 01:07:55,066] {processor.py:163} INFO - Started process (PID=4269) to work on /home/airflow/.local/lib/python3.7/site-packages/airflow/example_dags/example_bash_operator.py
[2022-02-25 01:07:55,070] {processor.py:642} INFO - Processing file /home/airflow/.local/lib/python3.7/site-packages/airflow/example_dags/example_bash_operator.py for tasks to queue
[2022-02-25 01:07:55,074] {logging_mixin.py:109} INFO - [2022-02-25 01:07:55,073] {dagbag.py:500} INFO - Filling up the DagBag from /home/airflow/.local/lib/python3.7/site-packages/airflow/example_dags/example_bash_operator.py
[2022-02-25 01:07:55,162] {processor.py:654} INFO - DAG(s) dict_keys(['example_bash_operator']) retrieved from /home/airflow/.local/lib/python3.7/site-packages/airflow/example_dags/example_bash_operator.py
[2022-02-25 01:07:55,214] {logging_mixin.py:109} INFO - [2022-02-25 01:07:55,214] {dag.py:2396} INFO - Sync 1 DAGs
[2022-02-25 01:07:55,277] {logging_mixin.py:109} INFO - [2022-02-25 01:07:55,277] {dag.py:2935} INFO - Setting next_dagrun for example_bash_operator to 2022-02-24 00:00:00+00:00
[2022-02-25 01:07:55,301] {processor.py:171} INFO - Processing /home/airflow/.local/lib/python3.7/site-packages/airflow/example_dags/example_bash_operator.py took 0.243 seconds
[2022-02-25 01:08:26,126] {processor.py:163} INFO - Started process (PID=4358) to work on /home/airflow/.local/lib/python3.7/site-packages/airflow/example_dags/example_bash_operator.py
[2022-02-25 01:08:26,130] {processor.py:642} INFO - Processing file /home/airflow/.local/lib/python3.7/site-packages/airflow/example_dags/example_bash_operator.py for tasks to queue
[2022-02-25 01:08:26,134] {logging_mixin.py:109} INFO - [2022-02-25 01:08:26,134] {dagbag.py:500} INFO - Filling up the DagBag from /home/airflow/.local/lib/python3.7/site-packages/airflow/example_dags/example_bash_operator.py
[2022-02-25 01:08:26,221] {processor.py:654} INFO - DAG(s) dict_keys(['example_bash_operator']) retrieved from /home/airflow/.local/lib/python3.7/site-packages/airflow/example_dags/example_bash_operator.py
[2022-02-25 01:08:26,268] {logging_mixin.py:109} INFO - [2022-02-25 01:08:26,268] {dag.py:2396} INFO - Sync 1 DAGs
[2022-02-25 01:08:26,348] {logging_mixin.py:109} INFO - [2022-02-25 01:08:26,348] {dag.py:2935} INFO - Setting next_dagrun for example_bash_operator to 2022-02-24 00:00:00+00:00
[2022-02-25 01:08:26,377] {processor.py:171} INFO - Processing /home/airflow/.local/lib/python3.7/site-packages/airflow/example_dags/example_bash_operator.py took 0.259 seconds
[2022-02-25 01:08:56,488] {processor.py:163} INFO - Started process (PID=4462) to work on /home/airflow/.local/lib/python3.7/site-packages/airflow/example_dags/example_bash_operator.py
[2022-02-25 01:08:56,494] {processor.py:642} INFO - Processing file /home/airflow/.local/lib/python3.7/site-packages/airflow/example_dags/example_bash_operator.py for tasks to queue
[2022-02-25 01:08:56,497] {logging_mixin.py:109} INFO - [2022-02-25 01:08:56,497] {dagbag.py:500} INFO - Filling up the DagBag from /home/airflow/.local/lib/python3.7/site-packages/airflow/example_dags/example_bash_operator.py
[2022-02-25 01:08:56,592] {processor.py:654} INFO - DAG(s) dict_keys(['example_bash_operator']) retrieved from /home/airflow/.local/lib/python3.7/site-packages/airflow/example_dags/example_bash_operator.py
[2022-02-25 01:08:56,636] {logging_mixin.py:109} INFO - [2022-02-25 01:08:56,636] {dag.py:2396} INFO - Sync 1 DAGs
[2022-02-25 01:08:56,704] {logging_mixin.py:109} INFO - [2022-02-25 01:08:56,704] {dag.py:2935} INFO - Setting next_dagrun for example_bash_operator to 2022-02-24 00:00:00+00:00
[2022-02-25 01:08:56,732] {processor.py:171} INFO - Processing /home/airflow/.local/lib/python3.7/site-packages/airflow/example_dags/example_bash_operator.py took 0.252 seconds
[2022-02-25 01:09:27,017] {processor.py:163} INFO - Started process (PID=4551) to work on /home/airflow/.local/lib/python3.7/site-packages/airflow/example_dags/example_bash_operator.py
[2022-02-25 01:09:27,023] {processor.py:642} INFO - Processing file /home/airflow/.local/lib/python3.7/site-packages/airflow/example_dags/example_bash_operator.py for tasks to queue
[2022-02-25 01:09:27,026] {logging_mixin.py:109} INFO - [2022-02-25 01:09:27,026] {dagbag.py:500} INFO - Filling up the DagBag from /home/airflow/.local/lib/python3.7/site-packages/airflow/example_dags/example_bash_operator.py
[2022-02-25 01:09:27,113] {processor.py:654} INFO - DAG(s) dict_keys(['example_bash_operator']) retrieved from /home/airflow/.local/lib/python3.7/site-packages/airflow/example_dags/example_bash_operator.py
[2022-02-25 01:09:27,158] {logging_mixin.py:109} INFO - [2022-02-25 01:09:27,158] {dag.py:2396} INFO - Sync 1 DAGs
[2022-02-25 01:09:27,230] {logging_mixin.py:109} INFO - [2022-02-25 01:09:27,229] {dag.py:2935} INFO - Setting next_dagrun for example_bash_operator to 2022-02-24 00:00:00+00:00
[2022-02-25 01:09:27,265] {processor.py:171} INFO - Processing /home/airflow/.local/lib/python3.7/site-packages/airflow/example_dags/example_bash_operator.py took 0.256 seconds
[2022-02-25 01:09:57,373] {processor.py:163} INFO - Started process (PID=4658) to work on /home/airflow/.local/lib/python3.7/site-packages/airflow/example_dags/example_bash_operator.py
[2022-02-25 01:09:57,379] {processor.py:642} INFO - Processing file /home/airflow/.local/lib/python3.7/site-packages/airflow/example_dags/example_bash_operator.py for tasks to queue
[2022-02-25 01:09:57,383] {logging_mixin.py:109} INFO - [2022-02-25 01:09:57,382] {dagbag.py:500} INFO - Filling up the DagBag from /home/airflow/.local/lib/python3.7/site-packages/airflow/example_dags/example_bash_operator.py
[2022-02-25 01:09:57,474] {processor.py:654} INFO - DAG(s) dict_keys(['example_bash_operator']) retrieved from /home/airflow/.local/lib/python3.7/site-packages/airflow/example_dags/example_bash_operator.py
[2022-02-25 01:09:57,522] {logging_mixin.py:109} INFO - [2022-02-25 01:09:57,521] {dag.py:2396} INFO - Sync 1 DAGs
[2022-02-25 01:09:57,594] {logging_mixin.py:109} INFO - [2022-02-25 01:09:57,594] {dag.py:2935} INFO - Setting next_dagrun for example_bash_operator to 2022-02-24 00:00:00+00:00
[2022-02-25 01:09:57,626] {processor.py:171} INFO - Processing /home/airflow/.local/lib/python3.7/site-packages/airflow/example_dags/example_bash_operator.py took 0.261 seconds
[2022-02-25 01:10:27,699] {processor.py:163} INFO - Started process (PID=4747) to work on /home/airflow/.local/lib/python3.7/site-packages/airflow/example_dags/example_bash_operator.py
[2022-02-25 01:10:27,703] {processor.py:642} INFO - Processing file /home/airflow/.local/lib/python3.7/site-packages/airflow/example_dags/example_bash_operator.py for tasks to queue
[2022-02-25 01:10:27,707] {logging_mixin.py:109} INFO - [2022-02-25 01:10:27,707] {dagbag.py:500} INFO - Filling up the DagBag from /home/airflow/.local/lib/python3.7/site-packages/airflow/example_dags/example_bash_operator.py
[2022-02-25 01:10:27,790] {processor.py:654} INFO - DAG(s) dict_keys(['example_bash_operator']) retrieved from /home/airflow/.local/lib/python3.7/site-packages/airflow/example_dags/example_bash_operator.py
[2022-02-25 01:10:27,838] {logging_mixin.py:109} INFO - [2022-02-25 01:10:27,838] {dag.py:2396} INFO - Sync 1 DAGs
[2022-02-25 01:10:27,906] {logging_mixin.py:109} INFO - [2022-02-25 01:10:27,906] {dag.py:2935} INFO - Setting next_dagrun for example_bash_operator to 2022-02-24 00:00:00+00:00
[2022-02-25 01:10:27,936] {processor.py:171} INFO - Processing /home/airflow/.local/lib/python3.7/site-packages/airflow/example_dags/example_bash_operator.py took 0.244 seconds
[2022-02-25 01:10:58,017] {processor.py:163} INFO - Started process (PID=4853) to work on /home/airflow/.local/lib/python3.7/site-packages/airflow/example_dags/example_bash_operator.py
[2022-02-25 01:10:58,021] {processor.py:642} INFO - Processing file /home/airflow/.local/lib/python3.7/site-packages/airflow/example_dags/example_bash_operator.py for tasks to queue
[2022-02-25 01:10:58,025] {logging_mixin.py:109} INFO - [2022-02-25 01:10:58,024] {dagbag.py:500} INFO - Filling up the DagBag from /home/airflow/.local/lib/python3.7/site-packages/airflow/example_dags/example_bash_operator.py
[2022-02-25 01:10:58,119] {processor.py:654} INFO - DAG(s) dict_keys(['example_bash_operator']) retrieved from /home/airflow/.local/lib/python3.7/site-packages/airflow/example_dags/example_bash_operator.py
[2022-02-25 01:10:58,163] {logging_mixin.py:109} INFO - [2022-02-25 01:10:58,163] {dag.py:2396} INFO - Sync 1 DAGs
[2022-02-25 01:10:58,233] {logging_mixin.py:109} INFO - [2022-02-25 01:10:58,232] {dag.py:2935} INFO - Setting next_dagrun for example_bash_operator to 2022-02-24 00:00:00+00:00
[2022-02-25 01:10:58,265] {processor.py:171} INFO - Processing /home/airflow/.local/lib/python3.7/site-packages/airflow/example_dags/example_bash_operator.py took 0.255 seconds
[2022-02-25 01:11:28,490] {processor.py:163} INFO - Started process (PID=4940) to work on /home/airflow/.local/lib/python3.7/site-packages/airflow/example_dags/example_bash_operator.py
[2022-02-25 01:11:28,494] {processor.py:642} INFO - Processing file /home/airflow/.local/lib/python3.7/site-packages/airflow/example_dags/example_bash_operator.py for tasks to queue
[2022-02-25 01:11:28,499] {logging_mixin.py:109} INFO - [2022-02-25 01:11:28,499] {dagbag.py:500} INFO - Filling up the DagBag from /home/airflow/.local/lib/python3.7/site-packages/airflow/example_dags/example_bash_operator.py
[2022-02-25 01:11:28,599] {processor.py:654} INFO - DAG(s) dict_keys(['example_bash_operator']) retrieved from /home/airflow/.local/lib/python3.7/site-packages/airflow/example_dags/example_bash_operator.py
[2022-02-25 01:11:28,657] {logging_mixin.py:109} INFO - [2022-02-25 01:11:28,657] {dag.py:2396} INFO - Sync 1 DAGs
[2022-02-25 01:11:28,736] {logging_mixin.py:109} INFO - [2022-02-25 01:11:28,736] {dag.py:2935} INFO - Setting next_dagrun for example_bash_operator to 2022-02-24 00:00:00+00:00
[2022-02-25 01:11:28,775] {processor.py:171} INFO - Processing /home/airflow/.local/lib/python3.7/site-packages/airflow/example_dags/example_bash_operator.py took 0.292 seconds
[2022-02-25 01:11:58,986] {processor.py:163} INFO - Started process (PID=5047) to work on /home/airflow/.local/lib/python3.7/site-packages/airflow/example_dags/example_bash_operator.py
[2022-02-25 01:11:58,991] {processor.py:642} INFO - Processing file /home/airflow/.local/lib/python3.7/site-packages/airflow/example_dags/example_bash_operator.py for tasks to queue
[2022-02-25 01:11:58,995] {logging_mixin.py:109} INFO - [2022-02-25 01:11:58,995] {dagbag.py:500} INFO - Filling up the DagBag from /home/airflow/.local/lib/python3.7/site-packages/airflow/example_dags/example_bash_operator.py
[2022-02-25 01:11:59,087] {processor.py:654} INFO - DAG(s) dict_keys(['example_bash_operator']) retrieved from /home/airflow/.local/lib/python3.7/site-packages/airflow/example_dags/example_bash_operator.py
[2022-02-25 01:11:59,134] {logging_mixin.py:109} INFO - [2022-02-25 01:11:59,134] {dag.py:2396} INFO - Sync 1 DAGs
[2022-02-25 01:11:59,211] {logging_mixin.py:109} INFO - [2022-02-25 01:11:59,210] {dag.py:2935} INFO - Setting next_dagrun for example_bash_operator to 2022-02-24 00:00:00+00:00
[2022-02-25 01:11:59,249] {processor.py:171} INFO - Processing /home/airflow/.local/lib/python3.7/site-packages/airflow/example_dags/example_bash_operator.py took 0.270 seconds
[2022-02-25 01:12:29,389] {processor.py:163} INFO - Started process (PID=5147) to work on /home/airflow/.local/lib/python3.7/site-packages/airflow/example_dags/example_bash_operator.py
[2022-02-25 01:12:29,419] {processor.py:642} INFO - Processing file /home/airflow/.local/lib/python3.7/site-packages/airflow/example_dags/example_bash_operator.py for tasks to queue
[2022-02-25 01:12:29,427] {logging_mixin.py:109} INFO - [2022-02-25 01:12:29,426] {dagbag.py:500} INFO - Filling up the DagBag from /home/airflow/.local/lib/python3.7/site-packages/airflow/example_dags/example_bash_operator.py
[2022-02-25 01:12:29,575] {processor.py:654} INFO - DAG(s) dict_keys(['example_bash_operator']) retrieved from /home/airflow/.local/lib/python3.7/site-packages/airflow/example_dags/example_bash_operator.py
[2022-02-25 01:12:29,681] {logging_mixin.py:109} INFO - [2022-02-25 01:12:29,679] {dag.py:2396} INFO - Sync 1 DAGs
[2022-02-25 01:12:29,801] {logging_mixin.py:109} INFO - [2022-02-25 01:12:29,800] {dag.py:2935} INFO - Setting next_dagrun for example_bash_operator to 2022-02-24 00:00:00+00:00
[2022-02-25 01:12:29,869] {processor.py:171} INFO - Processing /home/airflow/.local/lib/python3.7/site-packages/airflow/example_dags/example_bash_operator.py took 0.493 seconds
[2022-02-25 01:13:00,612] {processor.py:163} INFO - Started process (PID=5240) to work on /home/airflow/.local/lib/python3.7/site-packages/airflow/example_dags/example_bash_operator.py
[2022-02-25 01:13:00,617] {processor.py:642} INFO - Processing file /home/airflow/.local/lib/python3.7/site-packages/airflow/example_dags/example_bash_operator.py for tasks to queue
[2022-02-25 01:13:00,620] {logging_mixin.py:109} INFO - [2022-02-25 01:13:00,620] {dagbag.py:500} INFO - Filling up the DagBag from /home/airflow/.local/lib/python3.7/site-packages/airflow/example_dags/example_bash_operator.py
[2022-02-25 01:13:00,732] {processor.py:654} INFO - DAG(s) dict_keys(['example_bash_operator']) retrieved from /home/airflow/.local/lib/python3.7/site-packages/airflow/example_dags/example_bash_operator.py
[2022-02-25 01:13:00,819] {logging_mixin.py:109} INFO - [2022-02-25 01:13:00,818] {dag.py:2396} INFO - Sync 1 DAGs
[2022-02-25 01:13:00,932] {logging_mixin.py:109} INFO - [2022-02-25 01:13:00,931] {dag.py:2935} INFO - Setting next_dagrun for example_bash_operator to 2022-02-24 00:00:00+00:00
[2022-02-25 01:13:00,984] {processor.py:171} INFO - Processing /home/airflow/.local/lib/python3.7/site-packages/airflow/example_dags/example_bash_operator.py took 0.381 seconds
[2022-02-25 01:13:31,166] {processor.py:163} INFO - Started process (PID=5347) to work on /home/airflow/.local/lib/python3.7/site-packages/airflow/example_dags/example_bash_operator.py
[2022-02-25 01:13:31,171] {processor.py:642} INFO - Processing file /home/airflow/.local/lib/python3.7/site-packages/airflow/example_dags/example_bash_operator.py for tasks to queue
[2022-02-25 01:13:31,174] {logging_mixin.py:109} INFO - [2022-02-25 01:13:31,174] {dagbag.py:500} INFO - Filling up the DagBag from /home/airflow/.local/lib/python3.7/site-packages/airflow/example_dags/example_bash_operator.py
[2022-02-25 01:13:31,278] {processor.py:654} INFO - DAG(s) dict_keys(['example_bash_operator']) retrieved from /home/airflow/.local/lib/python3.7/site-packages/airflow/example_dags/example_bash_operator.py
[2022-02-25 01:13:31,336] {logging_mixin.py:109} INFO - [2022-02-25 01:13:31,336] {dag.py:2396} INFO - Sync 1 DAGs
[2022-02-25 01:13:31,419] {logging_mixin.py:109} INFO - [2022-02-25 01:13:31,419] {dag.py:2935} INFO - Setting next_dagrun for example_bash_operator to 2022-02-24 00:00:00+00:00
[2022-02-25 01:13:31,462] {processor.py:171} INFO - Processing /home/airflow/.local/lib/python3.7/site-packages/airflow/example_dags/example_bash_operator.py took 0.305 seconds
[2022-02-25 01:14:01,847] {processor.py:163} INFO - Started process (PID=5437) to work on /home/airflow/.local/lib/python3.7/site-packages/airflow/example_dags/example_bash_operator.py
[2022-02-25 01:14:01,853] {processor.py:642} INFO - Processing file /home/airflow/.local/lib/python3.7/site-packages/airflow/example_dags/example_bash_operator.py for tasks to queue
[2022-02-25 01:14:01,856] {logging_mixin.py:109} INFO - [2022-02-25 01:14:01,855] {dagbag.py:500} INFO - Filling up the DagBag from /home/airflow/.local/lib/python3.7/site-packages/airflow/example_dags/example_bash_operator.py
[2022-02-25 01:14:01,954] {processor.py:654} INFO - DAG(s) dict_keys(['example_bash_operator']) retrieved from /home/airflow/.local/lib/python3.7/site-packages/airflow/example_dags/example_bash_operator.py
[2022-02-25 01:14:02,006] {logging_mixin.py:109} INFO - [2022-02-25 01:14:02,005] {dag.py:2396} INFO - Sync 1 DAGs
[2022-02-25 01:14:02,082] {logging_mixin.py:109} INFO - [2022-02-25 01:14:02,082] {dag.py:2935} INFO - Setting next_dagrun for example_bash_operator to 2022-02-24 00:00:00+00:00
[2022-02-25 01:14:02,118] {processor.py:171} INFO - Processing /home/airflow/.local/lib/python3.7/site-packages/airflow/example_dags/example_bash_operator.py took 0.280 seconds
[2022-02-25 01:14:32,645] {processor.py:163} INFO - Started process (PID=5545) to work on /home/airflow/.local/lib/python3.7/site-packages/airflow/example_dags/example_bash_operator.py
[2022-02-25 01:14:32,649] {processor.py:642} INFO - Processing file /home/airflow/.local/lib/python3.7/site-packages/airflow/example_dags/example_bash_operator.py for tasks to queue
[2022-02-25 01:14:32,653] {logging_mixin.py:109} INFO - [2022-02-25 01:14:32,652] {dagbag.py:500} INFO - Filling up the DagBag from /home/airflow/.local/lib/python3.7/site-packages/airflow/example_dags/example_bash_operator.py
[2022-02-25 01:14:32,743] {processor.py:654} INFO - DAG(s) dict_keys(['example_bash_operator']) retrieved from /home/airflow/.local/lib/python3.7/site-packages/airflow/example_dags/example_bash_operator.py
[2022-02-25 01:14:32,802] {logging_mixin.py:109} INFO - [2022-02-25 01:14:32,801] {dag.py:2396} INFO - Sync 1 DAGs
[2022-02-25 01:14:32,875] {logging_mixin.py:109} INFO - [2022-02-25 01:14:32,874] {dag.py:2935} INFO - Setting next_dagrun for example_bash_operator to 2022-02-24 00:00:00+00:00
[2022-02-25 01:14:32,904] {processor.py:171} INFO - Processing /home/airflow/.local/lib/python3.7/site-packages/airflow/example_dags/example_bash_operator.py took 0.267 seconds
[2022-02-25 01:15:03,351] {processor.py:163} INFO - Started process (PID=5633) to work on /home/airflow/.local/lib/python3.7/site-packages/airflow/example_dags/example_bash_operator.py
[2022-02-25 01:15:03,356] {processor.py:642} INFO - Processing file /home/airflow/.local/lib/python3.7/site-packages/airflow/example_dags/example_bash_operator.py for tasks to queue
[2022-02-25 01:15:03,360] {logging_mixin.py:109} INFO - [2022-02-25 01:15:03,360] {dagbag.py:500} INFO - Filling up the DagBag from /home/airflow/.local/lib/python3.7/site-packages/airflow/example_dags/example_bash_operator.py
[2022-02-25 01:15:03,450] {processor.py:654} INFO - DAG(s) dict_keys(['example_bash_operator']) retrieved from /home/airflow/.local/lib/python3.7/site-packages/airflow/example_dags/example_bash_operator.py
[2022-02-25 01:15:03,497] {logging_mixin.py:109} INFO - [2022-02-25 01:15:03,496] {dag.py:2396} INFO - Sync 1 DAGs
[2022-02-25 01:15:03,569] {logging_mixin.py:109} INFO - [2022-02-25 01:15:03,568] {dag.py:2935} INFO - Setting next_dagrun for example_bash_operator to 2022-02-24 00:00:00+00:00
[2022-02-25 01:15:03,600] {processor.py:171} INFO - Processing /home/airflow/.local/lib/python3.7/site-packages/airflow/example_dags/example_bash_operator.py took 0.256 seconds
[2022-02-25 01:15:33,694] {processor.py:163} INFO - Started process (PID=5737) to work on /home/airflow/.local/lib/python3.7/site-packages/airflow/example_dags/example_bash_operator.py
[2022-02-25 01:15:33,699] {processor.py:642} INFO - Processing file /home/airflow/.local/lib/python3.7/site-packages/airflow/example_dags/example_bash_operator.py for tasks to queue
[2022-02-25 01:15:33,703] {logging_mixin.py:109} INFO - [2022-02-25 01:15:33,702] {dagbag.py:500} INFO - Filling up the DagBag from /home/airflow/.local/lib/python3.7/site-packages/airflow/example_dags/example_bash_operator.py
[2022-02-25 01:15:33,786] {processor.py:654} INFO - DAG(s) dict_keys(['example_bash_operator']) retrieved from /home/airflow/.local/lib/python3.7/site-packages/airflow/example_dags/example_bash_operator.py
[2022-02-25 01:15:33,831] {logging_mixin.py:109} INFO - [2022-02-25 01:15:33,830] {dag.py:2396} INFO - Sync 1 DAGs
[2022-02-25 01:15:33,904] {logging_mixin.py:109} INFO - [2022-02-25 01:15:33,904] {dag.py:2935} INFO - Setting next_dagrun for example_bash_operator to 2022-02-24 00:00:00+00:00
[2022-02-25 01:15:33,933] {processor.py:171} INFO - Processing /home/airflow/.local/lib/python3.7/site-packages/airflow/example_dags/example_bash_operator.py took 0.245 seconds
[2022-02-25 01:16:04,164] {processor.py:163} INFO - Started process (PID=5826) to work on /home/airflow/.local/lib/python3.7/site-packages/airflow/example_dags/example_bash_operator.py
[2022-02-25 01:16:04,169] {processor.py:642} INFO - Processing file /home/airflow/.local/lib/python3.7/site-packages/airflow/example_dags/example_bash_operator.py for tasks to queue
[2022-02-25 01:16:04,172] {logging_mixin.py:109} INFO - [2022-02-25 01:16:04,172] {dagbag.py:500} INFO - Filling up the DagBag from /home/airflow/.local/lib/python3.7/site-packages/airflow/example_dags/example_bash_operator.py
[2022-02-25 01:16:04,256] {processor.py:654} INFO - DAG(s) dict_keys(['example_bash_operator']) retrieved from /home/airflow/.local/lib/python3.7/site-packages/airflow/example_dags/example_bash_operator.py
[2022-02-25 01:16:04,300] {logging_mixin.py:109} INFO - [2022-02-25 01:16:04,300] {dag.py:2396} INFO - Sync 1 DAGs
[2022-02-25 01:16:04,369] {logging_mixin.py:109} INFO - [2022-02-25 01:16:04,368] {dag.py:2935} INFO - Setting next_dagrun for example_bash_operator to 2022-02-24 00:00:00+00:00
[2022-02-25 01:16:04,398] {processor.py:171} INFO - Processing /home/airflow/.local/lib/python3.7/site-packages/airflow/example_dags/example_bash_operator.py took 0.243 seconds
[2022-02-25 01:16:35,262] {processor.py:163} INFO - Started process (PID=5933) to work on /home/airflow/.local/lib/python3.7/site-packages/airflow/example_dags/example_bash_operator.py
[2022-02-25 01:16:35,267] {processor.py:642} INFO - Processing file /home/airflow/.local/lib/python3.7/site-packages/airflow/example_dags/example_bash_operator.py for tasks to queue
[2022-02-25 01:16:35,271] {logging_mixin.py:109} INFO - [2022-02-25 01:16:35,270] {dagbag.py:500} INFO - Filling up the DagBag from /home/airflow/.local/lib/python3.7/site-packages/airflow/example_dags/example_bash_operator.py
[2022-02-25 01:16:35,357] {processor.py:654} INFO - DAG(s) dict_keys(['example_bash_operator']) retrieved from /home/airflow/.local/lib/python3.7/site-packages/airflow/example_dags/example_bash_operator.py
[2022-02-25 01:16:35,403] {logging_mixin.py:109} INFO - [2022-02-25 01:16:35,403] {dag.py:2396} INFO - Sync 1 DAGs
[2022-02-25 01:16:35,469] {logging_mixin.py:109} INFO - [2022-02-25 01:16:35,468] {dag.py:2935} INFO - Setting next_dagrun for example_bash_operator to 2022-02-24 00:00:00+00:00
[2022-02-25 01:16:35,497] {processor.py:171} INFO - Processing /home/airflow/.local/lib/python3.7/site-packages/airflow/example_dags/example_bash_operator.py took 0.241 seconds
[2022-02-25 01:17:05,611] {processor.py:163} INFO - Started process (PID=6020) to work on /home/airflow/.local/lib/python3.7/site-packages/airflow/example_dags/example_bash_operator.py
[2022-02-25 01:17:05,618] {processor.py:642} INFO - Processing file /home/airflow/.local/lib/python3.7/site-packages/airflow/example_dags/example_bash_operator.py for tasks to queue
[2022-02-25 01:17:05,622] {logging_mixin.py:109} INFO - [2022-02-25 01:17:05,621] {dagbag.py:500} INFO - Filling up the DagBag from /home/airflow/.local/lib/python3.7/site-packages/airflow/example_dags/example_bash_operator.py
[2022-02-25 01:17:05,728] {processor.py:654} INFO - DAG(s) dict_keys(['example_bash_operator']) retrieved from /home/airflow/.local/lib/python3.7/site-packages/airflow/example_dags/example_bash_operator.py
[2022-02-25 01:17:05,783] {logging_mixin.py:109} INFO - [2022-02-25 01:17:05,782] {dag.py:2396} INFO - Sync 1 DAGs
[2022-02-25 01:17:05,856] {logging_mixin.py:109} INFO - [2022-02-25 01:17:05,855] {dag.py:2935} INFO - Setting next_dagrun for example_bash_operator to 2022-02-24 00:00:00+00:00
[2022-02-25 01:17:05,884] {processor.py:171} INFO - Processing /home/airflow/.local/lib/python3.7/site-packages/airflow/example_dags/example_bash_operator.py took 0.279 seconds
[2022-02-25 01:17:36,001] {processor.py:163} INFO - Started process (PID=6127) to work on /home/airflow/.local/lib/python3.7/site-packages/airflow/example_dags/example_bash_operator.py
[2022-02-25 01:17:36,005] {processor.py:642} INFO - Processing file /home/airflow/.local/lib/python3.7/site-packages/airflow/example_dags/example_bash_operator.py for tasks to queue
[2022-02-25 01:17:36,009] {logging_mixin.py:109} INFO - [2022-02-25 01:17:36,008] {dagbag.py:500} INFO - Filling up the DagBag from /home/airflow/.local/lib/python3.7/site-packages/airflow/example_dags/example_bash_operator.py
[2022-02-25 01:17:36,107] {processor.py:654} INFO - DAG(s) dict_keys(['example_bash_operator']) retrieved from /home/airflow/.local/lib/python3.7/site-packages/airflow/example_dags/example_bash_operator.py
[2022-02-25 01:17:36,157] {logging_mixin.py:109} INFO - [2022-02-25 01:17:36,157] {dag.py:2396} INFO - Sync 1 DAGs
[2022-02-25 01:17:36,231] {logging_mixin.py:109} INFO - [2022-02-25 01:17:36,231] {dag.py:2935} INFO - Setting next_dagrun for example_bash_operator to 2022-02-24 00:00:00+00:00
[2022-02-25 01:17:36,263] {processor.py:171} INFO - Processing /home/airflow/.local/lib/python3.7/site-packages/airflow/example_dags/example_bash_operator.py took 0.270 seconds
[2022-02-25 01:18:06,825] {processor.py:163} INFO - Started process (PID=6216) to work on /home/airflow/.local/lib/python3.7/site-packages/airflow/example_dags/example_bash_operator.py
[2022-02-25 01:18:06,831] {processor.py:642} INFO - Processing file /home/airflow/.local/lib/python3.7/site-packages/airflow/example_dags/example_bash_operator.py for tasks to queue
[2022-02-25 01:18:06,834] {logging_mixin.py:109} INFO - [2022-02-25 01:18:06,834] {dagbag.py:500} INFO - Filling up the DagBag from /home/airflow/.local/lib/python3.7/site-packages/airflow/example_dags/example_bash_operator.py
[2022-02-25 01:18:06,930] {processor.py:654} INFO - DAG(s) dict_keys(['example_bash_operator']) retrieved from /home/airflow/.local/lib/python3.7/site-packages/airflow/example_dags/example_bash_operator.py
[2022-02-25 01:18:06,981] {logging_mixin.py:109} INFO - [2022-02-25 01:18:06,981] {dag.py:2396} INFO - Sync 1 DAGs
[2022-02-25 01:18:07,051] {logging_mixin.py:109} INFO - [2022-02-25 01:18:07,050] {dag.py:2935} INFO - Setting next_dagrun for example_bash_operator to 2022-02-24 00:00:00+00:00
[2022-02-25 01:18:07,083] {processor.py:171} INFO - Processing /home/airflow/.local/lib/python3.7/site-packages/airflow/example_dags/example_bash_operator.py took 0.266 seconds
[2022-02-25 01:18:37,876] {processor.py:163} INFO - Started process (PID=6322) to work on /home/airflow/.local/lib/python3.7/site-packages/airflow/example_dags/example_bash_operator.py
[2022-02-25 01:18:37,882] {processor.py:642} INFO - Processing file /home/airflow/.local/lib/python3.7/site-packages/airflow/example_dags/example_bash_operator.py for tasks to queue
[2022-02-25 01:18:37,887] {logging_mixin.py:109} INFO - [2022-02-25 01:18:37,887] {dagbag.py:500} INFO - Filling up the DagBag from /home/airflow/.local/lib/python3.7/site-packages/airflow/example_dags/example_bash_operator.py
[2022-02-25 01:18:37,976] {processor.py:654} INFO - DAG(s) dict_keys(['example_bash_operator']) retrieved from /home/airflow/.local/lib/python3.7/site-packages/airflow/example_dags/example_bash_operator.py
[2022-02-25 01:18:38,021] {logging_mixin.py:109} INFO - [2022-02-25 01:18:38,021] {dag.py:2396} INFO - Sync 1 DAGs
[2022-02-25 01:18:38,092] {logging_mixin.py:109} INFO - [2022-02-25 01:18:38,091] {dag.py:2935} INFO - Setting next_dagrun for example_bash_operator to 2022-02-24 00:00:00+00:00
[2022-02-25 01:18:38,125] {processor.py:171} INFO - Processing /home/airflow/.local/lib/python3.7/site-packages/airflow/example_dags/example_bash_operator.py took 0.257 seconds
[2022-02-25 01:19:08,392] {processor.py:163} INFO - Started process (PID=6411) to work on /home/airflow/.local/lib/python3.7/site-packages/airflow/example_dags/example_bash_operator.py
[2022-02-25 01:19:08,397] {processor.py:642} INFO - Processing file /home/airflow/.local/lib/python3.7/site-packages/airflow/example_dags/example_bash_operator.py for tasks to queue
[2022-02-25 01:19:08,401] {logging_mixin.py:109} INFO - [2022-02-25 01:19:08,401] {dagbag.py:500} INFO - Filling up the DagBag from /home/airflow/.local/lib/python3.7/site-packages/airflow/example_dags/example_bash_operator.py
[2022-02-25 01:19:08,506] {processor.py:654} INFO - DAG(s) dict_keys(['example_bash_operator']) retrieved from /home/airflow/.local/lib/python3.7/site-packages/airflow/example_dags/example_bash_operator.py
[2022-02-25 01:19:08,566] {logging_mixin.py:109} INFO - [2022-02-25 01:19:08,565] {dag.py:2396} INFO - Sync 1 DAGs
[2022-02-25 01:19:08,649] {logging_mixin.py:109} INFO - [2022-02-25 01:19:08,648] {dag.py:2935} INFO - Setting next_dagrun for example_bash_operator to 2022-02-24 00:00:00+00:00
[2022-02-25 01:19:08,688] {processor.py:171} INFO - Processing /home/airflow/.local/lib/python3.7/site-packages/airflow/example_dags/example_bash_operator.py took 0.303 seconds
[2022-02-25 01:19:38,767] {processor.py:163} INFO - Started process (PID=6519) to work on /home/airflow/.local/lib/python3.7/site-packages/airflow/example_dags/example_bash_operator.py
[2022-02-25 01:19:38,772] {processor.py:642} INFO - Processing file /home/airflow/.local/lib/python3.7/site-packages/airflow/example_dags/example_bash_operator.py for tasks to queue
[2022-02-25 01:19:38,776] {logging_mixin.py:109} INFO - [2022-02-25 01:19:38,775] {dagbag.py:500} INFO - Filling up the DagBag from /home/airflow/.local/lib/python3.7/site-packages/airflow/example_dags/example_bash_operator.py
[2022-02-25 01:19:38,870] {processor.py:654} INFO - DAG(s) dict_keys(['example_bash_operator']) retrieved from /home/airflow/.local/lib/python3.7/site-packages/airflow/example_dags/example_bash_operator.py
[2022-02-25 01:19:38,915] {logging_mixin.py:109} INFO - [2022-02-25 01:19:38,915] {dag.py:2396} INFO - Sync 1 DAGs
[2022-02-25 01:19:38,988] {logging_mixin.py:109} INFO - [2022-02-25 01:19:38,988] {dag.py:2935} INFO - Setting next_dagrun for example_bash_operator to 2022-02-24 00:00:00+00:00
[2022-02-25 01:19:39,021] {processor.py:171} INFO - Processing /home/airflow/.local/lib/python3.7/site-packages/airflow/example_dags/example_bash_operator.py took 0.262 seconds
[2022-02-25 01:20:09,271] {processor.py:163} INFO - Started process (PID=6619) to work on /home/airflow/.local/lib/python3.7/site-packages/airflow/example_dags/example_bash_operator.py
[2022-02-25 01:20:09,279] {processor.py:642} INFO - Processing file /home/airflow/.local/lib/python3.7/site-packages/airflow/example_dags/example_bash_operator.py for tasks to queue
[2022-02-25 01:20:09,288] {logging_mixin.py:109} INFO - [2022-02-25 01:20:09,287] {dagbag.py:500} INFO - Filling up the DagBag from /home/airflow/.local/lib/python3.7/site-packages/airflow/example_dags/example_bash_operator.py
[2022-02-25 01:20:09,435] {processor.py:654} INFO - DAG(s) dict_keys(['example_bash_operator']) retrieved from /home/airflow/.local/lib/python3.7/site-packages/airflow/example_dags/example_bash_operator.py
[2022-02-25 01:20:09,494] {logging_mixin.py:109} INFO - [2022-02-25 01:20:09,493] {dag.py:2396} INFO - Sync 1 DAGs
[2022-02-25 01:20:09,572] {logging_mixin.py:109} INFO - [2022-02-25 01:20:09,571] {dag.py:2935} INFO - Setting next_dagrun for example_bash_operator to 2022-02-24 00:00:00+00:00
[2022-02-25 01:20:09,608] {processor.py:171} INFO - Processing /home/airflow/.local/lib/python3.7/site-packages/airflow/example_dags/example_bash_operator.py took 0.352 seconds
[2022-02-25 01:20:40,289] {processor.py:163} INFO - Started process (PID=6714) to work on /home/airflow/.local/lib/python3.7/site-packages/airflow/example_dags/example_bash_operator.py
[2022-02-25 01:20:40,295] {processor.py:642} INFO - Processing file /home/airflow/.local/lib/python3.7/site-packages/airflow/example_dags/example_bash_operator.py for tasks to queue
[2022-02-25 01:20:40,299] {logging_mixin.py:109} INFO - [2022-02-25 01:20:40,298] {dagbag.py:500} INFO - Filling up the DagBag from /home/airflow/.local/lib/python3.7/site-packages/airflow/example_dags/example_bash_operator.py
[2022-02-25 01:20:40,416] {processor.py:654} INFO - DAG(s) dict_keys(['example_bash_operator']) retrieved from /home/airflow/.local/lib/python3.7/site-packages/airflow/example_dags/example_bash_operator.py
[2022-02-25 01:20:40,469] {logging_mixin.py:109} INFO - [2022-02-25 01:20:40,468] {dag.py:2396} INFO - Sync 1 DAGs
[2022-02-25 01:20:40,545] {logging_mixin.py:109} INFO - [2022-02-25 01:20:40,545] {dag.py:2935} INFO - Setting next_dagrun for example_bash_operator to 2022-02-24 00:00:00+00:00
[2022-02-25 01:20:40,577] {processor.py:171} INFO - Processing /home/airflow/.local/lib/python3.7/site-packages/airflow/example_dags/example_bash_operator.py took 0.296 seconds
[2022-02-25 01:21:10,723] {processor.py:163} INFO - Started process (PID=6815) to work on /home/airflow/.local/lib/python3.7/site-packages/airflow/example_dags/example_bash_operator.py
[2022-02-25 01:21:10,728] {processor.py:642} INFO - Processing file /home/airflow/.local/lib/python3.7/site-packages/airflow/example_dags/example_bash_operator.py for tasks to queue
[2022-02-25 01:21:10,733] {logging_mixin.py:109} INFO - [2022-02-25 01:21:10,733] {dagbag.py:500} INFO - Filling up the DagBag from /home/airflow/.local/lib/python3.7/site-packages/airflow/example_dags/example_bash_operator.py
[2022-02-25 01:21:10,846] {processor.py:654} INFO - DAG(s) dict_keys(['example_bash_operator']) retrieved from /home/airflow/.local/lib/python3.7/site-packages/airflow/example_dags/example_bash_operator.py
[2022-02-25 01:21:10,906] {logging_mixin.py:109} INFO - [2022-02-25 01:21:10,906] {dag.py:2396} INFO - Sync 1 DAGs
[2022-02-25 01:21:10,995] {logging_mixin.py:109} INFO - [2022-02-25 01:21:10,994] {dag.py:2935} INFO - Setting next_dagrun for example_bash_operator to 2022-02-24 00:00:00+00:00
[2022-02-25 01:21:11,034] {processor.py:171} INFO - Processing /home/airflow/.local/lib/python3.7/site-packages/airflow/example_dags/example_bash_operator.py took 0.318 seconds
[2022-02-25 01:21:41,788] {processor.py:163} INFO - Started process (PID=6907) to work on /home/airflow/.local/lib/python3.7/site-packages/airflow/example_dags/example_bash_operator.py
[2022-02-25 01:21:41,794] {processor.py:642} INFO - Processing file /home/airflow/.local/lib/python3.7/site-packages/airflow/example_dags/example_bash_operator.py for tasks to queue
[2022-02-25 01:21:41,798] {logging_mixin.py:109} INFO - [2022-02-25 01:21:41,797] {dagbag.py:500} INFO - Filling up the DagBag from /home/airflow/.local/lib/python3.7/site-packages/airflow/example_dags/example_bash_operator.py
[2022-02-25 01:21:41,891] {processor.py:654} INFO - DAG(s) dict_keys(['example_bash_operator']) retrieved from /home/airflow/.local/lib/python3.7/site-packages/airflow/example_dags/example_bash_operator.py
[2022-02-25 01:21:41,940] {logging_mixin.py:109} INFO - [2022-02-25 01:21:41,940] {dag.py:2396} INFO - Sync 1 DAGs
[2022-02-25 01:21:42,014] {logging_mixin.py:109} INFO - [2022-02-25 01:21:42,014] {dag.py:2935} INFO - Setting next_dagrun for example_bash_operator to 2022-02-24 00:00:00+00:00
[2022-02-25 01:21:42,054] {processor.py:171} INFO - Processing /home/airflow/.local/lib/python3.7/site-packages/airflow/example_dags/example_bash_operator.py took 0.274 seconds
