[2022-02-25 00:47:09,792] {processor.py:163} INFO - Started process (PID=366) to work on /home/airflow/.local/lib/python3.7/site-packages/airflow/example_dags/example_task_group.py
[2022-02-25 00:47:09,811] {processor.py:642} INFO - Processing file /home/airflow/.local/lib/python3.7/site-packages/airflow/example_dags/example_task_group.py for tasks to queue
[2022-02-25 00:47:09,820] {logging_mixin.py:109} INFO - [2022-02-25 00:47:09,820] {dagbag.py:500} INFO - Filling up the DagBag from /home/airflow/.local/lib/python3.7/site-packages/airflow/example_dags/example_task_group.py
[2022-02-25 00:47:10,366] {processor.py:654} INFO - DAG(s) dict_keys(['example_task_group']) retrieved from /home/airflow/.local/lib/python3.7/site-packages/airflow/example_dags/example_task_group.py
[2022-02-25 00:47:10,579] {logging_mixin.py:109} INFO - [2022-02-25 00:47:10,578] {dag.py:2396} INFO - Sync 1 DAGs
[2022-02-25 00:47:10,949] {logging_mixin.py:109} INFO - [2022-02-25 00:47:10,948] {dag.py:2935} INFO - Setting next_dagrun for example_task_group to 2022-02-24T00:47:10.940717+00:00
[2022-02-25 00:47:11,167] {processor.py:171} INFO - Processing /home/airflow/.local/lib/python3.7/site-packages/airflow/example_dags/example_task_group.py took 1.397 seconds
[2022-02-25 00:48:01,961] {processor.py:163} INFO - Started process (PID=476) to work on /home/airflow/.local/lib/python3.7/site-packages/airflow/example_dags/example_task_group.py
[2022-02-25 00:48:01,990] {processor.py:642} INFO - Processing file /home/airflow/.local/lib/python3.7/site-packages/airflow/example_dags/example_task_group.py for tasks to queue
[2022-02-25 00:48:02,001] {logging_mixin.py:109} INFO - [2022-02-25 00:48:02,000] {dagbag.py:500} INFO - Filling up the DagBag from /home/airflow/.local/lib/python3.7/site-packages/airflow/example_dags/example_task_group.py
[2022-02-25 00:48:02,511] {processor.py:654} INFO - DAG(s) dict_keys(['example_task_group']) retrieved from /home/airflow/.local/lib/python3.7/site-packages/airflow/example_dags/example_task_group.py
[2022-02-25 00:48:02,662] {logging_mixin.py:109} INFO - [2022-02-25 00:48:02,658] {dag.py:2396} INFO - Sync 1 DAGs
[2022-02-25 00:48:02,862] {logging_mixin.py:109} INFO - [2022-02-25 00:48:02,859] {dag.py:2935} INFO - Setting next_dagrun for example_task_group to 2022-02-24T00:48:02.851042+00:00
[2022-02-25 00:48:02,949] {processor.py:171} INFO - Processing /home/airflow/.local/lib/python3.7/site-packages/airflow/example_dags/example_task_group.py took 1.036 seconds
[2022-02-25 00:48:44,084] {processor.py:163} INFO - Started process (PID=588) to work on /home/airflow/.local/lib/python3.7/site-packages/airflow/example_dags/example_task_group.py
[2022-02-25 00:48:44,092] {processor.py:642} INFO - Processing file /home/airflow/.local/lib/python3.7/site-packages/airflow/example_dags/example_task_group.py for tasks to queue
[2022-02-25 00:48:44,101] {logging_mixin.py:109} INFO - [2022-02-25 00:48:44,100] {dagbag.py:500} INFO - Filling up the DagBag from /home/airflow/.local/lib/python3.7/site-packages/airflow/example_dags/example_task_group.py
[2022-02-25 00:48:44,499] {processor.py:654} INFO - DAG(s) dict_keys(['example_task_group']) retrieved from /home/airflow/.local/lib/python3.7/site-packages/airflow/example_dags/example_task_group.py
[2022-02-25 00:48:44,646] {logging_mixin.py:109} INFO - [2022-02-25 00:48:44,644] {dag.py:2396} INFO - Sync 1 DAGs
[2022-02-25 00:48:44,799] {logging_mixin.py:109} INFO - [2022-02-25 00:48:44,799] {dag.py:2935} INFO - Setting next_dagrun for example_task_group to 2022-02-24T00:48:44.796647+00:00
[2022-02-25 00:48:44,853] {processor.py:171} INFO - Processing /home/airflow/.local/lib/python3.7/site-packages/airflow/example_dags/example_task_group.py took 0.796 seconds
[2022-02-25 00:49:14,929] {processor.py:163} INFO - Started process (PID=692) to work on /home/airflow/.local/lib/python3.7/site-packages/airflow/example_dags/example_task_group.py
[2022-02-25 00:49:14,935] {processor.py:642} INFO - Processing file /home/airflow/.local/lib/python3.7/site-packages/airflow/example_dags/example_task_group.py for tasks to queue
[2022-02-25 00:49:14,940] {logging_mixin.py:109} INFO - [2022-02-25 00:49:14,940] {dagbag.py:500} INFO - Filling up the DagBag from /home/airflow/.local/lib/python3.7/site-packages/airflow/example_dags/example_task_group.py
[2022-02-25 00:49:15,048] {processor.py:654} INFO - DAG(s) dict_keys(['example_task_group']) retrieved from /home/airflow/.local/lib/python3.7/site-packages/airflow/example_dags/example_task_group.py
[2022-02-25 00:49:15,132] {logging_mixin.py:109} INFO - [2022-02-25 00:49:15,131] {dag.py:2396} INFO - Sync 1 DAGs
[2022-02-25 00:49:15,246] {logging_mixin.py:109} INFO - [2022-02-25 00:49:15,245] {dag.py:2935} INFO - Setting next_dagrun for example_task_group to 2022-02-24T00:49:15.242255+00:00
[2022-02-25 00:49:15,320] {processor.py:171} INFO - Processing /home/airflow/.local/lib/python3.7/site-packages/airflow/example_dags/example_task_group.py took 0.400 seconds
[2022-02-25 00:49:45,556] {processor.py:163} INFO - Started process (PID=781) to work on /home/airflow/.local/lib/python3.7/site-packages/airflow/example_dags/example_task_group.py
[2022-02-25 00:49:45,562] {processor.py:642} INFO - Processing file /home/airflow/.local/lib/python3.7/site-packages/airflow/example_dags/example_task_group.py for tasks to queue
[2022-02-25 00:49:45,567] {logging_mixin.py:109} INFO - [2022-02-25 00:49:45,566] {dagbag.py:500} INFO - Filling up the DagBag from /home/airflow/.local/lib/python3.7/site-packages/airflow/example_dags/example_task_group.py
[2022-02-25 00:49:45,654] {processor.py:654} INFO - DAG(s) dict_keys(['example_task_group']) retrieved from /home/airflow/.local/lib/python3.7/site-packages/airflow/example_dags/example_task_group.py
[2022-02-25 00:49:45,704] {logging_mixin.py:109} INFO - [2022-02-25 00:49:45,703] {dag.py:2396} INFO - Sync 1 DAGs
[2022-02-25 00:49:45,766] {logging_mixin.py:109} INFO - [2022-02-25 00:49:45,765] {dag.py:2935} INFO - Setting next_dagrun for example_task_group to 2022-02-24T00:49:45.763727+00:00
[2022-02-25 00:49:45,798] {processor.py:171} INFO - Processing /home/airflow/.local/lib/python3.7/site-packages/airflow/example_dags/example_task_group.py took 0.249 seconds
[2022-02-25 00:50:16,590] {processor.py:163} INFO - Started process (PID=887) to work on /home/airflow/.local/lib/python3.7/site-packages/airflow/example_dags/example_task_group.py
[2022-02-25 00:50:16,595] {processor.py:642} INFO - Processing file /home/airflow/.local/lib/python3.7/site-packages/airflow/example_dags/example_task_group.py for tasks to queue
[2022-02-25 00:50:16,599] {logging_mixin.py:109} INFO - [2022-02-25 00:50:16,598] {dagbag.py:500} INFO - Filling up the DagBag from /home/airflow/.local/lib/python3.7/site-packages/airflow/example_dags/example_task_group.py
[2022-02-25 00:50:16,695] {processor.py:654} INFO - DAG(s) dict_keys(['example_task_group']) retrieved from /home/airflow/.local/lib/python3.7/site-packages/airflow/example_dags/example_task_group.py
[2022-02-25 00:50:16,746] {logging_mixin.py:109} INFO - [2022-02-25 00:50:16,745] {dag.py:2396} INFO - Sync 1 DAGs
[2022-02-25 00:50:16,813] {logging_mixin.py:109} INFO - [2022-02-25 00:50:16,812] {dag.py:2935} INFO - Setting next_dagrun for example_task_group to 2022-02-24T00:50:16.810406+00:00
[2022-02-25 00:50:16,847] {processor.py:171} INFO - Processing /home/airflow/.local/lib/python3.7/site-packages/airflow/example_dags/example_task_group.py took 0.264 seconds
[2022-02-25 00:50:47,048] {processor.py:163} INFO - Started process (PID=978) to work on /home/airflow/.local/lib/python3.7/site-packages/airflow/example_dags/example_task_group.py
[2022-02-25 00:50:47,058] {processor.py:642} INFO - Processing file /home/airflow/.local/lib/python3.7/site-packages/airflow/example_dags/example_task_group.py for tasks to queue
[2022-02-25 00:50:47,064] {logging_mixin.py:109} INFO - [2022-02-25 00:50:47,063] {dagbag.py:500} INFO - Filling up the DagBag from /home/airflow/.local/lib/python3.7/site-packages/airflow/example_dags/example_task_group.py
[2022-02-25 00:50:47,180] {processor.py:654} INFO - DAG(s) dict_keys(['example_task_group']) retrieved from /home/airflow/.local/lib/python3.7/site-packages/airflow/example_dags/example_task_group.py
[2022-02-25 00:50:47,245] {logging_mixin.py:109} INFO - [2022-02-25 00:50:47,243] {dag.py:2396} INFO - Sync 1 DAGs
[2022-02-25 00:50:47,329] {logging_mixin.py:109} INFO - [2022-02-25 00:50:47,329] {dag.py:2935} INFO - Setting next_dagrun for example_task_group to 2022-02-24T00:50:47.326353+00:00
[2022-02-25 00:50:47,367] {processor.py:171} INFO - Processing /home/airflow/.local/lib/python3.7/site-packages/airflow/example_dags/example_task_group.py took 0.329 seconds
[2022-02-25 00:51:17,549] {processor.py:163} INFO - Started process (PID=1085) to work on /home/airflow/.local/lib/python3.7/site-packages/airflow/example_dags/example_task_group.py
[2022-02-25 00:51:17,556] {processor.py:642} INFO - Processing file /home/airflow/.local/lib/python3.7/site-packages/airflow/example_dags/example_task_group.py for tasks to queue
[2022-02-25 00:51:17,559] {logging_mixin.py:109} INFO - [2022-02-25 00:51:17,559] {dagbag.py:500} INFO - Filling up the DagBag from /home/airflow/.local/lib/python3.7/site-packages/airflow/example_dags/example_task_group.py
[2022-02-25 00:51:17,646] {processor.py:654} INFO - DAG(s) dict_keys(['example_task_group']) retrieved from /home/airflow/.local/lib/python3.7/site-packages/airflow/example_dags/example_task_group.py
[2022-02-25 00:51:17,694] {logging_mixin.py:109} INFO - [2022-02-25 00:51:17,694] {dag.py:2396} INFO - Sync 1 DAGs
[2022-02-25 00:51:17,756] {logging_mixin.py:109} INFO - [2022-02-25 00:51:17,756] {dag.py:2935} INFO - Setting next_dagrun for example_task_group to 2022-02-24T00:51:17.754223+00:00
[2022-02-25 00:51:17,789] {processor.py:171} INFO - Processing /home/airflow/.local/lib/python3.7/site-packages/airflow/example_dags/example_task_group.py took 0.248 seconds
[2022-02-25 00:51:47,960] {processor.py:163} INFO - Started process (PID=1174) to work on /home/airflow/.local/lib/python3.7/site-packages/airflow/example_dags/example_task_group.py
[2022-02-25 00:51:47,967] {processor.py:642} INFO - Processing file /home/airflow/.local/lib/python3.7/site-packages/airflow/example_dags/example_task_group.py for tasks to queue
[2022-02-25 00:51:47,971] {logging_mixin.py:109} INFO - [2022-02-25 00:51:47,971] {dagbag.py:500} INFO - Filling up the DagBag from /home/airflow/.local/lib/python3.7/site-packages/airflow/example_dags/example_task_group.py
[2022-02-25 00:51:48,073] {processor.py:654} INFO - DAG(s) dict_keys(['example_task_group']) retrieved from /home/airflow/.local/lib/python3.7/site-packages/airflow/example_dags/example_task_group.py
[2022-02-25 00:51:48,137] {logging_mixin.py:109} INFO - [2022-02-25 00:51:48,136] {dag.py:2396} INFO - Sync 1 DAGs
[2022-02-25 00:51:48,208] {logging_mixin.py:109} INFO - [2022-02-25 00:51:48,207] {dag.py:2935} INFO - Setting next_dagrun for example_task_group to 2022-02-24T00:51:48.205203+00:00
[2022-02-25 00:51:48,244] {processor.py:171} INFO - Processing /home/airflow/.local/lib/python3.7/site-packages/airflow/example_dags/example_task_group.py took 0.291 seconds
[2022-02-25 00:52:18,888] {processor.py:163} INFO - Started process (PID=1279) to work on /home/airflow/.local/lib/python3.7/site-packages/airflow/example_dags/example_task_group.py
[2022-02-25 00:52:18,893] {processor.py:642} INFO - Processing file /home/airflow/.local/lib/python3.7/site-packages/airflow/example_dags/example_task_group.py for tasks to queue
[2022-02-25 00:52:18,897] {logging_mixin.py:109} INFO - [2022-02-25 00:52:18,896] {dagbag.py:500} INFO - Filling up the DagBag from /home/airflow/.local/lib/python3.7/site-packages/airflow/example_dags/example_task_group.py
[2022-02-25 00:52:19,008] {processor.py:654} INFO - DAG(s) dict_keys(['example_task_group']) retrieved from /home/airflow/.local/lib/python3.7/site-packages/airflow/example_dags/example_task_group.py
[2022-02-25 00:52:19,057] {logging_mixin.py:109} INFO - [2022-02-25 00:52:19,056] {dag.py:2396} INFO - Sync 1 DAGs
[2022-02-25 00:52:19,127] {logging_mixin.py:109} INFO - [2022-02-25 00:52:19,126] {dag.py:2935} INFO - Setting next_dagrun for example_task_group to 2022-02-24T00:52:19.124634+00:00
[2022-02-25 00:52:19,161] {processor.py:171} INFO - Processing /home/airflow/.local/lib/python3.7/site-packages/airflow/example_dags/example_task_group.py took 0.281 seconds
[2022-02-25 00:52:49,775] {processor.py:163} INFO - Started process (PID=1381) to work on /home/airflow/.local/lib/python3.7/site-packages/airflow/example_dags/example_task_group.py
[2022-02-25 00:52:49,781] {processor.py:642} INFO - Processing file /home/airflow/.local/lib/python3.7/site-packages/airflow/example_dags/example_task_group.py for tasks to queue
[2022-02-25 00:52:49,784] {logging_mixin.py:109} INFO - [2022-02-25 00:52:49,783] {dagbag.py:500} INFO - Filling up the DagBag from /home/airflow/.local/lib/python3.7/site-packages/airflow/example_dags/example_task_group.py
[2022-02-25 00:52:49,873] {processor.py:654} INFO - DAG(s) dict_keys(['example_task_group']) retrieved from /home/airflow/.local/lib/python3.7/site-packages/airflow/example_dags/example_task_group.py
[2022-02-25 00:52:49,943] {logging_mixin.py:109} INFO - [2022-02-25 00:52:49,942] {dag.py:2396} INFO - Sync 1 DAGs
[2022-02-25 00:52:50,019] {logging_mixin.py:109} INFO - [2022-02-25 00:52:50,018] {dag.py:2935} INFO - Setting next_dagrun for example_task_group to 2022-02-24T00:52:50.015693+00:00
[2022-02-25 00:52:50,058] {processor.py:171} INFO - Processing /home/airflow/.local/lib/python3.7/site-packages/airflow/example_dags/example_task_group.py took 0.292 seconds
[2022-02-25 00:53:20,265] {processor.py:163} INFO - Started process (PID=1474) to work on /home/airflow/.local/lib/python3.7/site-packages/airflow/example_dags/example_task_group.py
[2022-02-25 00:53:20,272] {processor.py:642} INFO - Processing file /home/airflow/.local/lib/python3.7/site-packages/airflow/example_dags/example_task_group.py for tasks to queue
[2022-02-25 00:53:20,276] {logging_mixin.py:109} INFO - [2022-02-25 00:53:20,275] {dagbag.py:500} INFO - Filling up the DagBag from /home/airflow/.local/lib/python3.7/site-packages/airflow/example_dags/example_task_group.py
[2022-02-25 00:53:20,388] {processor.py:654} INFO - DAG(s) dict_keys(['example_task_group']) retrieved from /home/airflow/.local/lib/python3.7/site-packages/airflow/example_dags/example_task_group.py
[2022-02-25 00:53:20,448] {logging_mixin.py:109} INFO - [2022-02-25 00:53:20,447] {dag.py:2396} INFO - Sync 1 DAGs
[2022-02-25 00:53:20,519] {logging_mixin.py:109} INFO - [2022-02-25 00:53:20,518] {dag.py:2935} INFO - Setting next_dagrun for example_task_group to 2022-02-24T00:53:20.517021+00:00
[2022-02-25 00:53:20,560] {processor.py:171} INFO - Processing /home/airflow/.local/lib/python3.7/site-packages/airflow/example_dags/example_task_group.py took 0.303 seconds
[2022-02-25 00:53:50,744] {processor.py:163} INFO - Started process (PID=1579) to work on /home/airflow/.local/lib/python3.7/site-packages/airflow/example_dags/example_task_group.py
[2022-02-25 00:53:50,749] {processor.py:642} INFO - Processing file /home/airflow/.local/lib/python3.7/site-packages/airflow/example_dags/example_task_group.py for tasks to queue
[2022-02-25 00:53:50,752] {logging_mixin.py:109} INFO - [2022-02-25 00:53:50,752] {dagbag.py:500} INFO - Filling up the DagBag from /home/airflow/.local/lib/python3.7/site-packages/airflow/example_dags/example_task_group.py
[2022-02-25 00:53:50,856] {processor.py:654} INFO - DAG(s) dict_keys(['example_task_group']) retrieved from /home/airflow/.local/lib/python3.7/site-packages/airflow/example_dags/example_task_group.py
[2022-02-25 00:53:50,913] {logging_mixin.py:109} INFO - [2022-02-25 00:53:50,912] {dag.py:2396} INFO - Sync 1 DAGs
[2022-02-25 00:53:50,979] {logging_mixin.py:109} INFO - [2022-02-25 00:53:50,979] {dag.py:2935} INFO - Setting next_dagrun for example_task_group to 2022-02-24T00:53:50.977069+00:00
[2022-02-25 00:53:51,018] {processor.py:171} INFO - Processing /home/airflow/.local/lib/python3.7/site-packages/airflow/example_dags/example_task_group.py took 0.281 seconds
[2022-02-25 00:54:21,384] {processor.py:163} INFO - Started process (PID=1669) to work on /home/airflow/.local/lib/python3.7/site-packages/airflow/example_dags/example_task_group.py
[2022-02-25 00:54:21,392] {processor.py:642} INFO - Processing file /home/airflow/.local/lib/python3.7/site-packages/airflow/example_dags/example_task_group.py for tasks to queue
[2022-02-25 00:54:21,396] {logging_mixin.py:109} INFO - [2022-02-25 00:54:21,396] {dagbag.py:500} INFO - Filling up the DagBag from /home/airflow/.local/lib/python3.7/site-packages/airflow/example_dags/example_task_group.py
[2022-02-25 00:54:21,492] {processor.py:654} INFO - DAG(s) dict_keys(['example_task_group']) retrieved from /home/airflow/.local/lib/python3.7/site-packages/airflow/example_dags/example_task_group.py
[2022-02-25 00:54:21,556] {logging_mixin.py:109} INFO - [2022-02-25 00:54:21,554] {dag.py:2396} INFO - Sync 1 DAGs
[2022-02-25 00:54:21,632] {logging_mixin.py:109} INFO - [2022-02-25 00:54:21,632] {dag.py:2935} INFO - Setting next_dagrun for example_task_group to 2022-02-24T00:54:21.629987+00:00
[2022-02-25 00:54:21,668] {processor.py:171} INFO - Processing /home/airflow/.local/lib/python3.7/site-packages/airflow/example_dags/example_task_group.py took 0.292 seconds
[2022-02-25 00:54:52,328] {processor.py:163} INFO - Started process (PID=1775) to work on /home/airflow/.local/lib/python3.7/site-packages/airflow/example_dags/example_task_group.py
[2022-02-25 00:54:52,333] {processor.py:642} INFO - Processing file /home/airflow/.local/lib/python3.7/site-packages/airflow/example_dags/example_task_group.py for tasks to queue
[2022-02-25 00:54:52,337] {logging_mixin.py:109} INFO - [2022-02-25 00:54:52,336] {dagbag.py:500} INFO - Filling up the DagBag from /home/airflow/.local/lib/python3.7/site-packages/airflow/example_dags/example_task_group.py
[2022-02-25 00:54:52,422] {processor.py:654} INFO - DAG(s) dict_keys(['example_task_group']) retrieved from /home/airflow/.local/lib/python3.7/site-packages/airflow/example_dags/example_task_group.py
[2022-02-25 00:54:52,471] {logging_mixin.py:109} INFO - [2022-02-25 00:54:52,471] {dag.py:2396} INFO - Sync 1 DAGs
[2022-02-25 00:54:52,547] {logging_mixin.py:109} INFO - [2022-02-25 00:54:52,546] {dag.py:2935} INFO - Setting next_dagrun for example_task_group to 2022-02-24T00:54:52.544559+00:00
[2022-02-25 00:54:52,584] {processor.py:171} INFO - Processing /home/airflow/.local/lib/python3.7/site-packages/airflow/example_dags/example_task_group.py took 0.264 seconds
[2022-02-25 00:55:23,276] {processor.py:163} INFO - Started process (PID=1864) to work on /home/airflow/.local/lib/python3.7/site-packages/airflow/example_dags/example_task_group.py
[2022-02-25 00:55:23,283] {processor.py:642} INFO - Processing file /home/airflow/.local/lib/python3.7/site-packages/airflow/example_dags/example_task_group.py for tasks to queue
[2022-02-25 00:55:23,288] {logging_mixin.py:109} INFO - [2022-02-25 00:55:23,287] {dagbag.py:500} INFO - Filling up the DagBag from /home/airflow/.local/lib/python3.7/site-packages/airflow/example_dags/example_task_group.py
[2022-02-25 00:55:23,389] {processor.py:654} INFO - DAG(s) dict_keys(['example_task_group']) retrieved from /home/airflow/.local/lib/python3.7/site-packages/airflow/example_dags/example_task_group.py
[2022-02-25 00:55:23,445] {logging_mixin.py:109} INFO - [2022-02-25 00:55:23,444] {dag.py:2396} INFO - Sync 1 DAGs
[2022-02-25 00:55:23,519] {logging_mixin.py:109} INFO - [2022-02-25 00:55:23,518] {dag.py:2935} INFO - Setting next_dagrun for example_task_group to 2022-02-24T00:55:23.516765+00:00
[2022-02-25 00:55:23,568] {processor.py:171} INFO - Processing /home/airflow/.local/lib/python3.7/site-packages/airflow/example_dags/example_task_group.py took 0.301 seconds
[2022-02-25 00:55:54,155] {processor.py:163} INFO - Started process (PID=1970) to work on /home/airflow/.local/lib/python3.7/site-packages/airflow/example_dags/example_task_group.py
[2022-02-25 00:55:54,162] {processor.py:642} INFO - Processing file /home/airflow/.local/lib/python3.7/site-packages/airflow/example_dags/example_task_group.py for tasks to queue
[2022-02-25 00:55:54,165] {logging_mixin.py:109} INFO - [2022-02-25 00:55:54,165] {dagbag.py:500} INFO - Filling up the DagBag from /home/airflow/.local/lib/python3.7/site-packages/airflow/example_dags/example_task_group.py
[2022-02-25 00:55:54,255] {processor.py:654} INFO - DAG(s) dict_keys(['example_task_group']) retrieved from /home/airflow/.local/lib/python3.7/site-packages/airflow/example_dags/example_task_group.py
[2022-02-25 00:55:54,311] {logging_mixin.py:109} INFO - [2022-02-25 00:55:54,311] {dag.py:2396} INFO - Sync 1 DAGs
[2022-02-25 00:55:54,386] {logging_mixin.py:109} INFO - [2022-02-25 00:55:54,386] {dag.py:2935} INFO - Setting next_dagrun for example_task_group to 2022-02-24T00:55:54.384032+00:00
[2022-02-25 00:55:54,440] {processor.py:171} INFO - Processing /home/airflow/.local/lib/python3.7/site-packages/airflow/example_dags/example_task_group.py took 0.295 seconds
[2022-02-25 00:56:25,367] {processor.py:163} INFO - Started process (PID=2059) to work on /home/airflow/.local/lib/python3.7/site-packages/airflow/example_dags/example_task_group.py
[2022-02-25 00:56:25,371] {processor.py:642} INFO - Processing file /home/airflow/.local/lib/python3.7/site-packages/airflow/example_dags/example_task_group.py for tasks to queue
[2022-02-25 00:56:25,373] {logging_mixin.py:109} INFO - [2022-02-25 00:56:25,373] {dagbag.py:500} INFO - Filling up the DagBag from /home/airflow/.local/lib/python3.7/site-packages/airflow/example_dags/example_task_group.py
[2022-02-25 00:56:25,465] {processor.py:654} INFO - DAG(s) dict_keys(['example_task_group']) retrieved from /home/airflow/.local/lib/python3.7/site-packages/airflow/example_dags/example_task_group.py
[2022-02-25 00:56:25,513] {logging_mixin.py:109} INFO - [2022-02-25 00:56:25,512] {dag.py:2396} INFO - Sync 1 DAGs
[2022-02-25 00:56:25,578] {logging_mixin.py:109} INFO - [2022-02-25 00:56:25,577] {dag.py:2935} INFO - Setting next_dagrun for example_task_group to 2022-02-24T00:56:25.575671+00:00
[2022-02-25 00:56:25,620] {processor.py:171} INFO - Processing /home/airflow/.local/lib/python3.7/site-packages/airflow/example_dags/example_task_group.py took 0.262 seconds
[2022-02-25 00:56:56,161] {processor.py:163} INFO - Started process (PID=2165) to work on /home/airflow/.local/lib/python3.7/site-packages/airflow/example_dags/example_task_group.py
[2022-02-25 00:56:56,166] {processor.py:642} INFO - Processing file /home/airflow/.local/lib/python3.7/site-packages/airflow/example_dags/example_task_group.py for tasks to queue
[2022-02-25 00:56:56,171] {logging_mixin.py:109} INFO - [2022-02-25 00:56:56,170] {dagbag.py:500} INFO - Filling up the DagBag from /home/airflow/.local/lib/python3.7/site-packages/airflow/example_dags/example_task_group.py
[2022-02-25 00:56:56,264] {processor.py:654} INFO - DAG(s) dict_keys(['example_task_group']) retrieved from /home/airflow/.local/lib/python3.7/site-packages/airflow/example_dags/example_task_group.py
[2022-02-25 00:56:56,317] {logging_mixin.py:109} INFO - [2022-02-25 00:56:56,316] {dag.py:2396} INFO - Sync 1 DAGs
[2022-02-25 00:56:56,391] {logging_mixin.py:109} INFO - [2022-02-25 00:56:56,391] {dag.py:2935} INFO - Setting next_dagrun for example_task_group to 2022-02-24T00:56:56.388936+00:00
[2022-02-25 00:56:56,424] {processor.py:171} INFO - Processing /home/airflow/.local/lib/python3.7/site-packages/airflow/example_dags/example_task_group.py took 0.271 seconds
[2022-02-25 00:57:27,393] {processor.py:163} INFO - Started process (PID=2254) to work on /home/airflow/.local/lib/python3.7/site-packages/airflow/example_dags/example_task_group.py
[2022-02-25 00:57:27,400] {processor.py:642} INFO - Processing file /home/airflow/.local/lib/python3.7/site-packages/airflow/example_dags/example_task_group.py for tasks to queue
[2022-02-25 00:57:27,403] {logging_mixin.py:109} INFO - [2022-02-25 00:57:27,403] {dagbag.py:500} INFO - Filling up the DagBag from /home/airflow/.local/lib/python3.7/site-packages/airflow/example_dags/example_task_group.py
[2022-02-25 00:57:27,493] {processor.py:654} INFO - DAG(s) dict_keys(['example_task_group']) retrieved from /home/airflow/.local/lib/python3.7/site-packages/airflow/example_dags/example_task_group.py
[2022-02-25 00:57:27,548] {logging_mixin.py:109} INFO - [2022-02-25 00:57:27,548] {dag.py:2396} INFO - Sync 1 DAGs
[2022-02-25 00:57:27,619] {logging_mixin.py:109} INFO - [2022-02-25 00:57:27,618] {dag.py:2935} INFO - Setting next_dagrun for example_task_group to 2022-02-24T00:57:27.616677+00:00
[2022-02-25 00:57:27,785] {processor.py:171} INFO - Processing /home/airflow/.local/lib/python3.7/site-packages/airflow/example_dags/example_task_group.py took 0.399 seconds
[2022-02-25 00:57:58,915] {processor.py:163} INFO - Started process (PID=2364) to work on /home/airflow/.local/lib/python3.7/site-packages/airflow/example_dags/example_task_group.py
[2022-02-25 00:57:58,920] {processor.py:642} INFO - Processing file /home/airflow/.local/lib/python3.7/site-packages/airflow/example_dags/example_task_group.py for tasks to queue
[2022-02-25 00:57:58,924] {logging_mixin.py:109} INFO - [2022-02-25 00:57:58,923] {dagbag.py:500} INFO - Filling up the DagBag from /home/airflow/.local/lib/python3.7/site-packages/airflow/example_dags/example_task_group.py
[2022-02-25 00:57:59,014] {processor.py:654} INFO - DAG(s) dict_keys(['example_task_group']) retrieved from /home/airflow/.local/lib/python3.7/site-packages/airflow/example_dags/example_task_group.py
[2022-02-25 00:57:59,067] {logging_mixin.py:109} INFO - [2022-02-25 00:57:59,066] {dag.py:2396} INFO - Sync 1 DAGs
[2022-02-25 00:57:59,260] {logging_mixin.py:109} INFO - [2022-02-25 00:57:59,259] {dag.py:2935} INFO - Setting next_dagrun for example_task_group to 2022-02-24T00:57:59.257714+00:00
[2022-02-25 00:57:59,293] {processor.py:171} INFO - Processing /home/airflow/.local/lib/python3.7/site-packages/airflow/example_dags/example_task_group.py took 0.386 seconds
[2022-02-25 00:58:29,565] {processor.py:163} INFO - Started process (PID=2467) to work on /home/airflow/.local/lib/python3.7/site-packages/airflow/example_dags/example_task_group.py
[2022-02-25 00:58:29,573] {processor.py:642} INFO - Processing file /home/airflow/.local/lib/python3.7/site-packages/airflow/example_dags/example_task_group.py for tasks to queue
[2022-02-25 00:58:29,580] {logging_mixin.py:109} INFO - [2022-02-25 00:58:29,580] {dagbag.py:500} INFO - Filling up the DagBag from /home/airflow/.local/lib/python3.7/site-packages/airflow/example_dags/example_task_group.py
[2022-02-25 00:58:29,773] {processor.py:654} INFO - DAG(s) dict_keys(['example_task_group']) retrieved from /home/airflow/.local/lib/python3.7/site-packages/airflow/example_dags/example_task_group.py
[2022-02-25 00:58:29,864] {logging_mixin.py:109} INFO - [2022-02-25 00:58:29,863] {dag.py:2396} INFO - Sync 1 DAGs
[2022-02-25 00:58:30,092] {logging_mixin.py:109} INFO - [2022-02-25 00:58:30,091] {dag.py:2935} INFO - Setting next_dagrun for example_task_group to 2022-02-24T00:58:30.089795+00:00
[2022-02-25 00:58:30,159] {processor.py:171} INFO - Processing /home/airflow/.local/lib/python3.7/site-packages/airflow/example_dags/example_task_group.py took 0.606 seconds
[2022-02-25 00:59:00,623] {processor.py:163} INFO - Started process (PID=2562) to work on /home/airflow/.local/lib/python3.7/site-packages/airflow/example_dags/example_task_group.py
[2022-02-25 00:59:00,628] {processor.py:642} INFO - Processing file /home/airflow/.local/lib/python3.7/site-packages/airflow/example_dags/example_task_group.py for tasks to queue
[2022-02-25 00:59:00,631] {logging_mixin.py:109} INFO - [2022-02-25 00:59:00,631] {dagbag.py:500} INFO - Filling up the DagBag from /home/airflow/.local/lib/python3.7/site-packages/airflow/example_dags/example_task_group.py
[2022-02-25 00:59:00,721] {processor.py:654} INFO - DAG(s) dict_keys(['example_task_group']) retrieved from /home/airflow/.local/lib/python3.7/site-packages/airflow/example_dags/example_task_group.py
[2022-02-25 00:59:00,774] {logging_mixin.py:109} INFO - [2022-02-25 00:59:00,773] {dag.py:2396} INFO - Sync 1 DAGs
[2022-02-25 00:59:00,972] {logging_mixin.py:109} INFO - [2022-02-25 00:59:00,972] {dag.py:2935} INFO - Setting next_dagrun for example_task_group to 2022-02-24T00:59:00.970070+00:00
[2022-02-25 00:59:01,010] {processor.py:171} INFO - Processing /home/airflow/.local/lib/python3.7/site-packages/airflow/example_dags/example_task_group.py took 0.397 seconds
[2022-02-25 00:59:32,285] {processor.py:163} INFO - Started process (PID=2671) to work on /home/airflow/.local/lib/python3.7/site-packages/airflow/example_dags/example_task_group.py
[2022-02-25 00:59:32,290] {processor.py:642} INFO - Processing file /home/airflow/.local/lib/python3.7/site-packages/airflow/example_dags/example_task_group.py for tasks to queue
[2022-02-25 00:59:32,293] {logging_mixin.py:109} INFO - [2022-02-25 00:59:32,293] {dagbag.py:500} INFO - Filling up the DagBag from /home/airflow/.local/lib/python3.7/site-packages/airflow/example_dags/example_task_group.py
[2022-02-25 00:59:32,400] {processor.py:654} INFO - DAG(s) dict_keys(['example_task_group']) retrieved from /home/airflow/.local/lib/python3.7/site-packages/airflow/example_dags/example_task_group.py
[2022-02-25 00:59:32,465] {logging_mixin.py:109} INFO - [2022-02-25 00:59:32,464] {dag.py:2396} INFO - Sync 1 DAGs
[2022-02-25 00:59:32,670] {logging_mixin.py:109} INFO - [2022-02-25 00:59:32,669] {dag.py:2935} INFO - Setting next_dagrun for example_task_group to 2022-02-24T00:59:32.666700+00:00
[2022-02-25 00:59:32,716] {processor.py:171} INFO - Processing /home/airflow/.local/lib/python3.7/site-packages/airflow/example_dags/example_task_group.py took 0.439 seconds
[2022-02-25 01:00:03,257] {processor.py:163} INFO - Started process (PID=2762) to work on /home/airflow/.local/lib/python3.7/site-packages/airflow/example_dags/example_task_group.py
[2022-02-25 01:00:03,263] {processor.py:642} INFO - Processing file /home/airflow/.local/lib/python3.7/site-packages/airflow/example_dags/example_task_group.py for tasks to queue
[2022-02-25 01:00:03,267] {logging_mixin.py:109} INFO - [2022-02-25 01:00:03,266] {dagbag.py:500} INFO - Filling up the DagBag from /home/airflow/.local/lib/python3.7/site-packages/airflow/example_dags/example_task_group.py
[2022-02-25 01:00:03,518] {processor.py:654} INFO - DAG(s) dict_keys(['example_task_group']) retrieved from /home/airflow/.local/lib/python3.7/site-packages/airflow/example_dags/example_task_group.py
[2022-02-25 01:00:03,581] {logging_mixin.py:109} INFO - [2022-02-25 01:00:03,581] {dag.py:2396} INFO - Sync 1 DAGs
[2022-02-25 01:00:03,647] {logging_mixin.py:109} INFO - [2022-02-25 01:00:03,647] {dag.py:2935} INFO - Setting next_dagrun for example_task_group to 2022-02-24T01:00:03.645198+00:00
[2022-02-25 01:00:03,686] {processor.py:171} INFO - Processing /home/airflow/.local/lib/python3.7/site-packages/airflow/example_dags/example_task_group.py took 0.436 seconds
[2022-02-25 01:00:35,099] {processor.py:163} INFO - Started process (PID=2868) to work on /home/airflow/.local/lib/python3.7/site-packages/airflow/example_dags/example_task_group.py
[2022-02-25 01:00:35,105] {processor.py:642} INFO - Processing file /home/airflow/.local/lib/python3.7/site-packages/airflow/example_dags/example_task_group.py for tasks to queue
[2022-02-25 01:00:35,109] {logging_mixin.py:109} INFO - [2022-02-25 01:00:35,109] {dagbag.py:500} INFO - Filling up the DagBag from /home/airflow/.local/lib/python3.7/site-packages/airflow/example_dags/example_task_group.py
[2022-02-25 01:00:35,381] {processor.py:654} INFO - DAG(s) dict_keys(['example_task_group']) retrieved from /home/airflow/.local/lib/python3.7/site-packages/airflow/example_dags/example_task_group.py
[2022-02-25 01:00:35,440] {logging_mixin.py:109} INFO - [2022-02-25 01:00:35,440] {dag.py:2396} INFO - Sync 1 DAGs
[2022-02-25 01:00:35,516] {logging_mixin.py:109} INFO - [2022-02-25 01:00:35,515] {dag.py:2935} INFO - Setting next_dagrun for example_task_group to 2022-02-24T01:00:35.513181+00:00
[2022-02-25 01:00:35,571] {processor.py:171} INFO - Processing /home/airflow/.local/lib/python3.7/site-packages/airflow/example_dags/example_task_group.py took 0.481 seconds
[2022-02-25 01:01:05,704] {processor.py:163} INFO - Started process (PID=2957) to work on /home/airflow/.local/lib/python3.7/site-packages/airflow/example_dags/example_task_group.py
[2022-02-25 01:01:05,711] {processor.py:642} INFO - Processing file /home/airflow/.local/lib/python3.7/site-packages/airflow/example_dags/example_task_group.py for tasks to queue
[2022-02-25 01:01:05,715] {logging_mixin.py:109} INFO - [2022-02-25 01:01:05,715] {dagbag.py:500} INFO - Filling up the DagBag from /home/airflow/.local/lib/python3.7/site-packages/airflow/example_dags/example_task_group.py
[2022-02-25 01:01:05,912] {processor.py:654} INFO - DAG(s) dict_keys(['example_task_group']) retrieved from /home/airflow/.local/lib/python3.7/site-packages/airflow/example_dags/example_task_group.py
[2022-02-25 01:01:05,959] {logging_mixin.py:109} INFO - [2022-02-25 01:01:05,958] {dag.py:2396} INFO - Sync 1 DAGs
[2022-02-25 01:01:06,018] {logging_mixin.py:109} INFO - [2022-02-25 01:01:06,017] {dag.py:2935} INFO - Setting next_dagrun for example_task_group to 2022-02-24T01:01:06.016389+00:00
[2022-02-25 01:01:06,049] {processor.py:171} INFO - Processing /home/airflow/.local/lib/python3.7/site-packages/airflow/example_dags/example_task_group.py took 0.352 seconds
[2022-02-25 01:01:36,213] {processor.py:163} INFO - Started process (PID=3061) to work on /home/airflow/.local/lib/python3.7/site-packages/airflow/example_dags/example_task_group.py
[2022-02-25 01:01:36,220] {processor.py:642} INFO - Processing file /home/airflow/.local/lib/python3.7/site-packages/airflow/example_dags/example_task_group.py for tasks to queue
[2022-02-25 01:01:36,225] {logging_mixin.py:109} INFO - [2022-02-25 01:01:36,224] {dagbag.py:500} INFO - Filling up the DagBag from /home/airflow/.local/lib/python3.7/site-packages/airflow/example_dags/example_task_group.py
[2022-02-25 01:01:36,438] {processor.py:654} INFO - DAG(s) dict_keys(['example_task_group']) retrieved from /home/airflow/.local/lib/python3.7/site-packages/airflow/example_dags/example_task_group.py
[2022-02-25 01:01:36,483] {logging_mixin.py:109} INFO - [2022-02-25 01:01:36,483] {dag.py:2396} INFO - Sync 1 DAGs
[2022-02-25 01:01:36,541] {logging_mixin.py:109} INFO - [2022-02-25 01:01:36,540] {dag.py:2935} INFO - Setting next_dagrun for example_task_group to 2022-02-24T01:01:36.538947+00:00
[2022-02-25 01:01:36,568] {processor.py:171} INFO - Processing /home/airflow/.local/lib/python3.7/site-packages/airflow/example_dags/example_task_group.py took 0.364 seconds
[2022-02-25 01:02:06,874] {processor.py:163} INFO - Started process (PID=3150) to work on /home/airflow/.local/lib/python3.7/site-packages/airflow/example_dags/example_task_group.py
[2022-02-25 01:02:06,879] {processor.py:642} INFO - Processing file /home/airflow/.local/lib/python3.7/site-packages/airflow/example_dags/example_task_group.py for tasks to queue
[2022-02-25 01:02:06,882] {logging_mixin.py:109} INFO - [2022-02-25 01:02:06,882] {dagbag.py:500} INFO - Filling up the DagBag from /home/airflow/.local/lib/python3.7/site-packages/airflow/example_dags/example_task_group.py
[2022-02-25 01:02:06,962] {processor.py:654} INFO - DAG(s) dict_keys(['example_task_group']) retrieved from /home/airflow/.local/lib/python3.7/site-packages/airflow/example_dags/example_task_group.py
[2022-02-25 01:02:07,008] {logging_mixin.py:109} INFO - [2022-02-25 01:02:07,008] {dag.py:2396} INFO - Sync 1 DAGs
[2022-02-25 01:02:07,072] {logging_mixin.py:109} INFO - [2022-02-25 01:02:07,071] {dag.py:2935} INFO - Setting next_dagrun for example_task_group to 2022-02-24T01:02:07.069987+00:00
[2022-02-25 01:02:07,101] {processor.py:171} INFO - Processing /home/airflow/.local/lib/python3.7/site-packages/airflow/example_dags/example_task_group.py took 0.235 seconds
[2022-02-25 01:02:37,319] {processor.py:163} INFO - Started process (PID=3253) to work on /home/airflow/.local/lib/python3.7/site-packages/airflow/example_dags/example_task_group.py
[2022-02-25 01:02:37,325] {processor.py:642} INFO - Processing file /home/airflow/.local/lib/python3.7/site-packages/airflow/example_dags/example_task_group.py for tasks to queue
[2022-02-25 01:02:37,332] {logging_mixin.py:109} INFO - [2022-02-25 01:02:37,332] {dagbag.py:500} INFO - Filling up the DagBag from /home/airflow/.local/lib/python3.7/site-packages/airflow/example_dags/example_task_group.py
[2022-02-25 01:02:37,429] {processor.py:654} INFO - DAG(s) dict_keys(['example_task_group']) retrieved from /home/airflow/.local/lib/python3.7/site-packages/airflow/example_dags/example_task_group.py
[2022-02-25 01:02:37,474] {logging_mixin.py:109} INFO - [2022-02-25 01:02:37,474] {dag.py:2396} INFO - Sync 1 DAGs
[2022-02-25 01:02:37,533] {logging_mixin.py:109} INFO - [2022-02-25 01:02:37,532] {dag.py:2935} INFO - Setting next_dagrun for example_task_group to 2022-02-24T01:02:37.531098+00:00
[2022-02-25 01:02:37,562] {processor.py:171} INFO - Processing /home/airflow/.local/lib/python3.7/site-packages/airflow/example_dags/example_task_group.py took 0.251 seconds
[2022-02-25 01:03:07,765] {processor.py:163} INFO - Started process (PID=3342) to work on /home/airflow/.local/lib/python3.7/site-packages/airflow/example_dags/example_task_group.py
[2022-02-25 01:03:07,770] {processor.py:642} INFO - Processing file /home/airflow/.local/lib/python3.7/site-packages/airflow/example_dags/example_task_group.py for tasks to queue
[2022-02-25 01:03:07,774] {logging_mixin.py:109} INFO - [2022-02-25 01:03:07,773] {dagbag.py:500} INFO - Filling up the DagBag from /home/airflow/.local/lib/python3.7/site-packages/airflow/example_dags/example_task_group.py
[2022-02-25 01:03:07,857] {processor.py:654} INFO - DAG(s) dict_keys(['example_task_group']) retrieved from /home/airflow/.local/lib/python3.7/site-packages/airflow/example_dags/example_task_group.py
[2022-02-25 01:03:07,912] {logging_mixin.py:109} INFO - [2022-02-25 01:03:07,911] {dag.py:2396} INFO - Sync 1 DAGs
[2022-02-25 01:03:07,992] {logging_mixin.py:109} INFO - [2022-02-25 01:03:07,991] {dag.py:2935} INFO - Setting next_dagrun for example_task_group to 2022-02-24T01:03:07.989884+00:00
[2022-02-25 01:03:08,022] {processor.py:171} INFO - Processing /home/airflow/.local/lib/python3.7/site-packages/airflow/example_dags/example_task_group.py took 0.266 seconds
[2022-02-25 01:03:38,081] {processor.py:163} INFO - Started process (PID=3448) to work on /home/airflow/.local/lib/python3.7/site-packages/airflow/example_dags/example_task_group.py
[2022-02-25 01:03:38,086] {processor.py:642} INFO - Processing file /home/airflow/.local/lib/python3.7/site-packages/airflow/example_dags/example_task_group.py for tasks to queue
[2022-02-25 01:03:38,089] {logging_mixin.py:109} INFO - [2022-02-25 01:03:38,089] {dagbag.py:500} INFO - Filling up the DagBag from /home/airflow/.local/lib/python3.7/site-packages/airflow/example_dags/example_task_group.py
[2022-02-25 01:03:38,183] {processor.py:654} INFO - DAG(s) dict_keys(['example_task_group']) retrieved from /home/airflow/.local/lib/python3.7/site-packages/airflow/example_dags/example_task_group.py
[2022-02-25 01:03:38,240] {logging_mixin.py:109} INFO - [2022-02-25 01:03:38,240] {dag.py:2396} INFO - Sync 1 DAGs
[2022-02-25 01:03:38,302] {logging_mixin.py:109} INFO - [2022-02-25 01:03:38,302] {dag.py:2935} INFO - Setting next_dagrun for example_task_group to 2022-02-24T01:03:38.300292+00:00
[2022-02-25 01:03:38,347] {processor.py:171} INFO - Processing /home/airflow/.local/lib/python3.7/site-packages/airflow/example_dags/example_task_group.py took 0.274 seconds
[2022-02-25 01:04:08,488] {processor.py:163} INFO - Started process (PID=3544) to work on /home/airflow/.local/lib/python3.7/site-packages/airflow/example_dags/example_task_group.py
[2022-02-25 01:04:08,493] {processor.py:642} INFO - Processing file /home/airflow/.local/lib/python3.7/site-packages/airflow/example_dags/example_task_group.py for tasks to queue
[2022-02-25 01:04:08,496] {logging_mixin.py:109} INFO - [2022-02-25 01:04:08,496] {dagbag.py:500} INFO - Filling up the DagBag from /home/airflow/.local/lib/python3.7/site-packages/airflow/example_dags/example_task_group.py
[2022-02-25 01:04:08,581] {processor.py:654} INFO - DAG(s) dict_keys(['example_task_group']) retrieved from /home/airflow/.local/lib/python3.7/site-packages/airflow/example_dags/example_task_group.py
[2022-02-25 01:04:08,631] {logging_mixin.py:109} INFO - [2022-02-25 01:04:08,630] {dag.py:2396} INFO - Sync 1 DAGs
[2022-02-25 01:04:08,693] {logging_mixin.py:109} INFO - [2022-02-25 01:04:08,692] {dag.py:2935} INFO - Setting next_dagrun for example_task_group to 2022-02-24T01:04:08.690921+00:00
[2022-02-25 01:04:08,725] {processor.py:171} INFO - Processing /home/airflow/.local/lib/python3.7/site-packages/airflow/example_dags/example_task_group.py took 0.246 seconds
[2022-02-25 01:04:39,328] {processor.py:163} INFO - Started process (PID=3642) to work on /home/airflow/.local/lib/python3.7/site-packages/airflow/example_dags/example_task_group.py
[2022-02-25 01:04:39,333] {processor.py:642} INFO - Processing file /home/airflow/.local/lib/python3.7/site-packages/airflow/example_dags/example_task_group.py for tasks to queue
[2022-02-25 01:04:39,336] {logging_mixin.py:109} INFO - [2022-02-25 01:04:39,336] {dagbag.py:500} INFO - Filling up the DagBag from /home/airflow/.local/lib/python3.7/site-packages/airflow/example_dags/example_task_group.py
[2022-02-25 01:04:39,436] {processor.py:654} INFO - DAG(s) dict_keys(['example_task_group']) retrieved from /home/airflow/.local/lib/python3.7/site-packages/airflow/example_dags/example_task_group.py
[2022-02-25 01:04:39,494] {logging_mixin.py:109} INFO - [2022-02-25 01:04:39,493] {dag.py:2396} INFO - Sync 1 DAGs
[2022-02-25 01:04:39,563] {logging_mixin.py:109} INFO - [2022-02-25 01:04:39,563] {dag.py:2935} INFO - Setting next_dagrun for example_task_group to 2022-02-24T01:04:39.561539+00:00
[2022-02-25 01:04:39,600] {processor.py:171} INFO - Processing /home/airflow/.local/lib/python3.7/site-packages/airflow/example_dags/example_task_group.py took 0.280 seconds
[2022-02-25 01:05:09,860] {processor.py:163} INFO - Started process (PID=3742) to work on /home/airflow/.local/lib/python3.7/site-packages/airflow/example_dags/example_task_group.py
[2022-02-25 01:05:09,867] {processor.py:642} INFO - Processing file /home/airflow/.local/lib/python3.7/site-packages/airflow/example_dags/example_task_group.py for tasks to queue
[2022-02-25 01:05:09,870] {logging_mixin.py:109} INFO - [2022-02-25 01:05:09,870] {dagbag.py:500} INFO - Filling up the DagBag from /home/airflow/.local/lib/python3.7/site-packages/airflow/example_dags/example_task_group.py
[2022-02-25 01:05:09,962] {processor.py:654} INFO - DAG(s) dict_keys(['example_task_group']) retrieved from /home/airflow/.local/lib/python3.7/site-packages/airflow/example_dags/example_task_group.py
[2022-02-25 01:05:10,019] {logging_mixin.py:109} INFO - [2022-02-25 01:05:10,019] {dag.py:2396} INFO - Sync 1 DAGs
[2022-02-25 01:05:10,103] {logging_mixin.py:109} INFO - [2022-02-25 01:05:10,103] {dag.py:2935} INFO - Setting next_dagrun for example_task_group to 2022-02-24T01:05:10.101662+00:00
[2022-02-25 01:05:10,139] {processor.py:171} INFO - Processing /home/airflow/.local/lib/python3.7/site-packages/airflow/example_dags/example_task_group.py took 0.287 seconds
[2022-02-25 01:05:40,197] {processor.py:163} INFO - Started process (PID=3835) to work on /home/airflow/.local/lib/python3.7/site-packages/airflow/example_dags/example_task_group.py
[2022-02-25 01:05:40,202] {processor.py:642} INFO - Processing file /home/airflow/.local/lib/python3.7/site-packages/airflow/example_dags/example_task_group.py for tasks to queue
[2022-02-25 01:05:40,207] {logging_mixin.py:109} INFO - [2022-02-25 01:05:40,207] {dagbag.py:500} INFO - Filling up the DagBag from /home/airflow/.local/lib/python3.7/site-packages/airflow/example_dags/example_task_group.py
[2022-02-25 01:05:40,299] {processor.py:654} INFO - DAG(s) dict_keys(['example_task_group']) retrieved from /home/airflow/.local/lib/python3.7/site-packages/airflow/example_dags/example_task_group.py
[2022-02-25 01:05:40,346] {logging_mixin.py:109} INFO - [2022-02-25 01:05:40,345] {dag.py:2396} INFO - Sync 1 DAGs
[2022-02-25 01:05:40,406] {logging_mixin.py:109} INFO - [2022-02-25 01:05:40,406] {dag.py:2935} INFO - Setting next_dagrun for example_task_group to 2022-02-24T01:05:40.404764+00:00
[2022-02-25 01:05:40,438] {processor.py:171} INFO - Processing /home/airflow/.local/lib/python3.7/site-packages/airflow/example_dags/example_task_group.py took 0.250 seconds
[2022-02-25 01:06:10,773] {processor.py:163} INFO - Started process (PID=3941) to work on /home/airflow/.local/lib/python3.7/site-packages/airflow/example_dags/example_task_group.py
[2022-02-25 01:06:10,779] {processor.py:642} INFO - Processing file /home/airflow/.local/lib/python3.7/site-packages/airflow/example_dags/example_task_group.py for tasks to queue
[2022-02-25 01:06:10,783] {logging_mixin.py:109} INFO - [2022-02-25 01:06:10,783] {dagbag.py:500} INFO - Filling up the DagBag from /home/airflow/.local/lib/python3.7/site-packages/airflow/example_dags/example_task_group.py
[2022-02-25 01:06:10,883] {processor.py:654} INFO - DAG(s) dict_keys(['example_task_group']) retrieved from /home/airflow/.local/lib/python3.7/site-packages/airflow/example_dags/example_task_group.py
[2022-02-25 01:06:10,937] {logging_mixin.py:109} INFO - [2022-02-25 01:06:10,937] {dag.py:2396} INFO - Sync 1 DAGs
[2022-02-25 01:06:11,006] {logging_mixin.py:109} INFO - [2022-02-25 01:06:11,006] {dag.py:2935} INFO - Setting next_dagrun for example_task_group to 2022-02-24T01:06:11.004144+00:00
[2022-02-25 01:06:11,043] {processor.py:171} INFO - Processing /home/airflow/.local/lib/python3.7/site-packages/airflow/example_dags/example_task_group.py took 0.278 seconds
[2022-02-25 01:06:41,694] {processor.py:163} INFO - Started process (PID=4030) to work on /home/airflow/.local/lib/python3.7/site-packages/airflow/example_dags/example_task_group.py
[2022-02-25 01:06:41,699] {processor.py:642} INFO - Processing file /home/airflow/.local/lib/python3.7/site-packages/airflow/example_dags/example_task_group.py for tasks to queue
[2022-02-25 01:06:41,702] {logging_mixin.py:109} INFO - [2022-02-25 01:06:41,702] {dagbag.py:500} INFO - Filling up the DagBag from /home/airflow/.local/lib/python3.7/site-packages/airflow/example_dags/example_task_group.py
[2022-02-25 01:06:41,799] {processor.py:654} INFO - DAG(s) dict_keys(['example_task_group']) retrieved from /home/airflow/.local/lib/python3.7/site-packages/airflow/example_dags/example_task_group.py
[2022-02-25 01:06:41,852] {logging_mixin.py:109} INFO - [2022-02-25 01:06:41,852] {dag.py:2396} INFO - Sync 1 DAGs
[2022-02-25 01:06:41,928] {logging_mixin.py:109} INFO - [2022-02-25 01:06:41,927] {dag.py:2935} INFO - Setting next_dagrun for example_task_group to 2022-02-24T01:06:41.925084+00:00
[2022-02-25 01:06:41,969] {processor.py:171} INFO - Processing /home/airflow/.local/lib/python3.7/site-packages/airflow/example_dags/example_task_group.py took 0.284 seconds
[2022-02-25 01:07:12,177] {processor.py:163} INFO - Started process (PID=4136) to work on /home/airflow/.local/lib/python3.7/site-packages/airflow/example_dags/example_task_group.py
[2022-02-25 01:07:12,183] {processor.py:642} INFO - Processing file /home/airflow/.local/lib/python3.7/site-packages/airflow/example_dags/example_task_group.py for tasks to queue
[2022-02-25 01:07:12,187] {logging_mixin.py:109} INFO - [2022-02-25 01:07:12,186] {dagbag.py:500} INFO - Filling up the DagBag from /home/airflow/.local/lib/python3.7/site-packages/airflow/example_dags/example_task_group.py
[2022-02-25 01:07:12,286] {processor.py:654} INFO - DAG(s) dict_keys(['example_task_group']) retrieved from /home/airflow/.local/lib/python3.7/site-packages/airflow/example_dags/example_task_group.py
[2022-02-25 01:07:12,336] {logging_mixin.py:109} INFO - [2022-02-25 01:07:12,336] {dag.py:2396} INFO - Sync 1 DAGs
[2022-02-25 01:07:12,404] {logging_mixin.py:109} INFO - [2022-02-25 01:07:12,403] {dag.py:2935} INFO - Setting next_dagrun for example_task_group to 2022-02-24T01:07:12.401439+00:00
[2022-02-25 01:07:12,440] {processor.py:171} INFO - Processing /home/airflow/.local/lib/python3.7/site-packages/airflow/example_dags/example_task_group.py took 0.272 seconds
[2022-02-25 01:07:42,620] {processor.py:163} INFO - Started process (PID=4225) to work on /home/airflow/.local/lib/python3.7/site-packages/airflow/example_dags/example_task_group.py
[2022-02-25 01:07:42,627] {processor.py:642} INFO - Processing file /home/airflow/.local/lib/python3.7/site-packages/airflow/example_dags/example_task_group.py for tasks to queue
[2022-02-25 01:07:42,631] {logging_mixin.py:109} INFO - [2022-02-25 01:07:42,630] {dagbag.py:500} INFO - Filling up the DagBag from /home/airflow/.local/lib/python3.7/site-packages/airflow/example_dags/example_task_group.py
[2022-02-25 01:07:42,716] {processor.py:654} INFO - DAG(s) dict_keys(['example_task_group']) retrieved from /home/airflow/.local/lib/python3.7/site-packages/airflow/example_dags/example_task_group.py
[2022-02-25 01:07:42,764] {logging_mixin.py:109} INFO - [2022-02-25 01:07:42,764] {dag.py:2396} INFO - Sync 1 DAGs
[2022-02-25 01:07:42,827] {logging_mixin.py:109} INFO - [2022-02-25 01:07:42,826] {dag.py:2935} INFO - Setting next_dagrun for example_task_group to 2022-02-24T01:07:42.824901+00:00
[2022-02-25 01:07:42,858] {processor.py:171} INFO - Processing /home/airflow/.local/lib/python3.7/site-packages/airflow/example_dags/example_task_group.py took 0.247 seconds
[2022-02-25 01:08:13,359] {processor.py:163} INFO - Started process (PID=4334) to work on /home/airflow/.local/lib/python3.7/site-packages/airflow/example_dags/example_task_group.py
[2022-02-25 01:08:13,364] {processor.py:642} INFO - Processing file /home/airflow/.local/lib/python3.7/site-packages/airflow/example_dags/example_task_group.py for tasks to queue
[2022-02-25 01:08:13,367] {logging_mixin.py:109} INFO - [2022-02-25 01:08:13,366] {dagbag.py:500} INFO - Filling up the DagBag from /home/airflow/.local/lib/python3.7/site-packages/airflow/example_dags/example_task_group.py
[2022-02-25 01:08:13,449] {processor.py:654} INFO - DAG(s) dict_keys(['example_task_group']) retrieved from /home/airflow/.local/lib/python3.7/site-packages/airflow/example_dags/example_task_group.py
[2022-02-25 01:08:13,497] {logging_mixin.py:109} INFO - [2022-02-25 01:08:13,497] {dag.py:2396} INFO - Sync 1 DAGs
[2022-02-25 01:08:13,560] {logging_mixin.py:109} INFO - [2022-02-25 01:08:13,560] {dag.py:2935} INFO - Setting next_dagrun for example_task_group to 2022-02-24T01:08:13.558502+00:00
[2022-02-25 01:08:13,594] {processor.py:171} INFO - Processing /home/airflow/.local/lib/python3.7/site-packages/airflow/example_dags/example_task_group.py took 0.243 seconds
[2022-02-25 01:08:43,846] {processor.py:163} INFO - Started process (PID=4421) to work on /home/airflow/.local/lib/python3.7/site-packages/airflow/example_dags/example_task_group.py
[2022-02-25 01:08:43,851] {processor.py:642} INFO - Processing file /home/airflow/.local/lib/python3.7/site-packages/airflow/example_dags/example_task_group.py for tasks to queue
[2022-02-25 01:08:43,854] {logging_mixin.py:109} INFO - [2022-02-25 01:08:43,854] {dagbag.py:500} INFO - Filling up the DagBag from /home/airflow/.local/lib/python3.7/site-packages/airflow/example_dags/example_task_group.py
[2022-02-25 01:08:43,949] {processor.py:654} INFO - DAG(s) dict_keys(['example_task_group']) retrieved from /home/airflow/.local/lib/python3.7/site-packages/airflow/example_dags/example_task_group.py
[2022-02-25 01:08:43,999] {logging_mixin.py:109} INFO - [2022-02-25 01:08:43,998] {dag.py:2396} INFO - Sync 1 DAGs
[2022-02-25 01:08:44,063] {logging_mixin.py:109} INFO - [2022-02-25 01:08:44,063] {dag.py:2935} INFO - Setting next_dagrun for example_task_group to 2022-02-24T01:08:44.061104+00:00
[2022-02-25 01:08:44,097] {processor.py:171} INFO - Processing /home/airflow/.local/lib/python3.7/site-packages/airflow/example_dags/example_task_group.py took 0.259 seconds
[2022-02-25 01:09:14,500] {processor.py:163} INFO - Started process (PID=4527) to work on /home/airflow/.local/lib/python3.7/site-packages/airflow/example_dags/example_task_group.py
[2022-02-25 01:09:14,505] {processor.py:642} INFO - Processing file /home/airflow/.local/lib/python3.7/site-packages/airflow/example_dags/example_task_group.py for tasks to queue
[2022-02-25 01:09:14,508] {logging_mixin.py:109} INFO - [2022-02-25 01:09:14,508] {dagbag.py:500} INFO - Filling up the DagBag from /home/airflow/.local/lib/python3.7/site-packages/airflow/example_dags/example_task_group.py
[2022-02-25 01:09:14,596] {processor.py:654} INFO - DAG(s) dict_keys(['example_task_group']) retrieved from /home/airflow/.local/lib/python3.7/site-packages/airflow/example_dags/example_task_group.py
[2022-02-25 01:09:14,646] {logging_mixin.py:109} INFO - [2022-02-25 01:09:14,645] {dag.py:2396} INFO - Sync 1 DAGs
[2022-02-25 01:09:14,709] {logging_mixin.py:109} INFO - [2022-02-25 01:09:14,708] {dag.py:2935} INFO - Setting next_dagrun for example_task_group to 2022-02-24T01:09:14.706854+00:00
[2022-02-25 01:09:14,743] {processor.py:171} INFO - Processing /home/airflow/.local/lib/python3.7/site-packages/airflow/example_dags/example_task_group.py took 0.251 seconds
[2022-02-25 01:09:45,475] {processor.py:163} INFO - Started process (PID=4616) to work on /home/airflow/.local/lib/python3.7/site-packages/airflow/example_dags/example_task_group.py
[2022-02-25 01:09:45,481] {processor.py:642} INFO - Processing file /home/airflow/.local/lib/python3.7/site-packages/airflow/example_dags/example_task_group.py for tasks to queue
[2022-02-25 01:09:45,485] {logging_mixin.py:109} INFO - [2022-02-25 01:09:45,485] {dagbag.py:500} INFO - Filling up the DagBag from /home/airflow/.local/lib/python3.7/site-packages/airflow/example_dags/example_task_group.py
[2022-02-25 01:09:45,587] {processor.py:654} INFO - DAG(s) dict_keys(['example_task_group']) retrieved from /home/airflow/.local/lib/python3.7/site-packages/airflow/example_dags/example_task_group.py
[2022-02-25 01:09:45,668] {logging_mixin.py:109} INFO - [2022-02-25 01:09:45,668] {dag.py:2396} INFO - Sync 1 DAGs
[2022-02-25 01:09:45,756] {logging_mixin.py:109} INFO - [2022-02-25 01:09:45,755] {dag.py:2935} INFO - Setting next_dagrun for example_task_group to 2022-02-24T01:09:45.754165+00:00
[2022-02-25 01:09:45,794] {processor.py:171} INFO - Processing /home/airflow/.local/lib/python3.7/site-packages/airflow/example_dags/example_task_group.py took 0.330 seconds
[2022-02-25 01:10:16,314] {processor.py:163} INFO - Started process (PID=4723) to work on /home/airflow/.local/lib/python3.7/site-packages/airflow/example_dags/example_task_group.py
[2022-02-25 01:10:16,321] {processor.py:642} INFO - Processing file /home/airflow/.local/lib/python3.7/site-packages/airflow/example_dags/example_task_group.py for tasks to queue
[2022-02-25 01:10:16,324] {logging_mixin.py:109} INFO - [2022-02-25 01:10:16,323] {dagbag.py:500} INFO - Filling up the DagBag from /home/airflow/.local/lib/python3.7/site-packages/airflow/example_dags/example_task_group.py
[2022-02-25 01:10:16,420] {processor.py:654} INFO - DAG(s) dict_keys(['example_task_group']) retrieved from /home/airflow/.local/lib/python3.7/site-packages/airflow/example_dags/example_task_group.py
[2022-02-25 01:10:16,467] {logging_mixin.py:109} INFO - [2022-02-25 01:10:16,466] {dag.py:2396} INFO - Sync 1 DAGs
[2022-02-25 01:10:16,527] {logging_mixin.py:109} INFO - [2022-02-25 01:10:16,527] {dag.py:2935} INFO - Setting next_dagrun for example_task_group to 2022-02-24T01:10:16.525450+00:00
[2022-02-25 01:10:16,557] {processor.py:171} INFO - Processing /home/airflow/.local/lib/python3.7/site-packages/airflow/example_dags/example_task_group.py took 0.251 seconds
[2022-02-25 01:10:46,759] {processor.py:163} INFO - Started process (PID=4810) to work on /home/airflow/.local/lib/python3.7/site-packages/airflow/example_dags/example_task_group.py
[2022-02-25 01:10:46,766] {processor.py:642} INFO - Processing file /home/airflow/.local/lib/python3.7/site-packages/airflow/example_dags/example_task_group.py for tasks to queue
[2022-02-25 01:10:46,769] {logging_mixin.py:109} INFO - [2022-02-25 01:10:46,768] {dagbag.py:500} INFO - Filling up the DagBag from /home/airflow/.local/lib/python3.7/site-packages/airflow/example_dags/example_task_group.py
[2022-02-25 01:10:46,855] {processor.py:654} INFO - DAG(s) dict_keys(['example_task_group']) retrieved from /home/airflow/.local/lib/python3.7/site-packages/airflow/example_dags/example_task_group.py
[2022-02-25 01:10:46,913] {logging_mixin.py:109} INFO - [2022-02-25 01:10:46,912] {dag.py:2396} INFO - Sync 1 DAGs
[2022-02-25 01:10:46,978] {logging_mixin.py:109} INFO - [2022-02-25 01:10:46,978] {dag.py:2935} INFO - Setting next_dagrun for example_task_group to 2022-02-24T01:10:46.976319+00:00
[2022-02-25 01:10:47,012] {processor.py:171} INFO - Processing /home/airflow/.local/lib/python3.7/site-packages/airflow/example_dags/example_task_group.py took 0.261 seconds
[2022-02-25 01:11:17,194] {processor.py:163} INFO - Started process (PID=4916) to work on /home/airflow/.local/lib/python3.7/site-packages/airflow/example_dags/example_task_group.py
[2022-02-25 01:11:17,200] {processor.py:642} INFO - Processing file /home/airflow/.local/lib/python3.7/site-packages/airflow/example_dags/example_task_group.py for tasks to queue
[2022-02-25 01:11:17,203] {logging_mixin.py:109} INFO - [2022-02-25 01:11:17,203] {dagbag.py:500} INFO - Filling up the DagBag from /home/airflow/.local/lib/python3.7/site-packages/airflow/example_dags/example_task_group.py
[2022-02-25 01:11:17,284] {processor.py:654} INFO - DAG(s) dict_keys(['example_task_group']) retrieved from /home/airflow/.local/lib/python3.7/site-packages/airflow/example_dags/example_task_group.py
[2022-02-25 01:11:17,331] {logging_mixin.py:109} INFO - [2022-02-25 01:11:17,331] {dag.py:2396} INFO - Sync 1 DAGs
[2022-02-25 01:11:17,394] {logging_mixin.py:109} INFO - [2022-02-25 01:11:17,393] {dag.py:2935} INFO - Setting next_dagrun for example_task_group to 2022-02-24T01:11:17.392035+00:00
[2022-02-25 01:11:17,423] {processor.py:171} INFO - Processing /home/airflow/.local/lib/python3.7/site-packages/airflow/example_dags/example_task_group.py took 0.236 seconds
[2022-02-25 01:11:48,394] {processor.py:163} INFO - Started process (PID=5006) to work on /home/airflow/.local/lib/python3.7/site-packages/airflow/example_dags/example_task_group.py
[2022-02-25 01:11:48,399] {processor.py:642} INFO - Processing file /home/airflow/.local/lib/python3.7/site-packages/airflow/example_dags/example_task_group.py for tasks to queue
[2022-02-25 01:11:48,402] {logging_mixin.py:109} INFO - [2022-02-25 01:11:48,402] {dagbag.py:500} INFO - Filling up the DagBag from /home/airflow/.local/lib/python3.7/site-packages/airflow/example_dags/example_task_group.py
[2022-02-25 01:11:48,505] {processor.py:654} INFO - DAG(s) dict_keys(['example_task_group']) retrieved from /home/airflow/.local/lib/python3.7/site-packages/airflow/example_dags/example_task_group.py
[2022-02-25 01:11:48,574] {logging_mixin.py:109} INFO - [2022-02-25 01:11:48,573] {dag.py:2396} INFO - Sync 1 DAGs
[2022-02-25 01:11:48,654] {logging_mixin.py:109} INFO - [2022-02-25 01:11:48,653] {dag.py:2935} INFO - Setting next_dagrun for example_task_group to 2022-02-24T01:11:48.651999+00:00
[2022-02-25 01:11:48,696] {processor.py:171} INFO - Processing /home/airflow/.local/lib/python3.7/site-packages/airflow/example_dags/example_task_group.py took 0.309 seconds
[2022-02-25 01:12:19,440] {processor.py:163} INFO - Started process (PID=5112) to work on /home/airflow/.local/lib/python3.7/site-packages/airflow/example_dags/example_task_group.py
[2022-02-25 01:12:19,444] {processor.py:642} INFO - Processing file /home/airflow/.local/lib/python3.7/site-packages/airflow/example_dags/example_task_group.py for tasks to queue
[2022-02-25 01:12:19,448] {logging_mixin.py:109} INFO - [2022-02-25 01:12:19,448] {dagbag.py:500} INFO - Filling up the DagBag from /home/airflow/.local/lib/python3.7/site-packages/airflow/example_dags/example_task_group.py
[2022-02-25 01:12:19,534] {processor.py:654} INFO - DAG(s) dict_keys(['example_task_group']) retrieved from /home/airflow/.local/lib/python3.7/site-packages/airflow/example_dags/example_task_group.py
[2022-02-25 01:12:19,583] {logging_mixin.py:109} INFO - [2022-02-25 01:12:19,583] {dag.py:2396} INFO - Sync 1 DAGs
[2022-02-25 01:12:19,646] {logging_mixin.py:109} INFO - [2022-02-25 01:12:19,646] {dag.py:2935} INFO - Setting next_dagrun for example_task_group to 2022-02-24T01:12:19.644659+00:00
[2022-02-25 01:12:19,677] {processor.py:171} INFO - Processing /home/airflow/.local/lib/python3.7/site-packages/airflow/example_dags/example_task_group.py took 0.244 seconds
[2022-02-25 01:12:49,767] {processor.py:163} INFO - Started process (PID=5208) to work on /home/airflow/.local/lib/python3.7/site-packages/airflow/example_dags/example_task_group.py
[2022-02-25 01:12:49,776] {processor.py:642} INFO - Processing file /home/airflow/.local/lib/python3.7/site-packages/airflow/example_dags/example_task_group.py for tasks to queue
[2022-02-25 01:12:49,781] {logging_mixin.py:109} INFO - [2022-02-25 01:12:49,780] {dagbag.py:500} INFO - Filling up the DagBag from /home/airflow/.local/lib/python3.7/site-packages/airflow/example_dags/example_task_group.py
[2022-02-25 01:12:49,911] {processor.py:654} INFO - DAG(s) dict_keys(['example_task_group']) retrieved from /home/airflow/.local/lib/python3.7/site-packages/airflow/example_dags/example_task_group.py
[2022-02-25 01:12:49,971] {logging_mixin.py:109} INFO - [2022-02-25 01:12:49,970] {dag.py:2396} INFO - Sync 1 DAGs
[2022-02-25 01:12:50,056] {logging_mixin.py:109} INFO - [2022-02-25 01:12:50,056] {dag.py:2935} INFO - Setting next_dagrun for example_task_group to 2022-02-24T01:12:50.053984+00:00
[2022-02-25 01:12:50,091] {processor.py:171} INFO - Processing /home/airflow/.local/lib/python3.7/site-packages/airflow/example_dags/example_task_group.py took 0.333 seconds
[2022-02-25 01:13:20,187] {processor.py:163} INFO - Started process (PID=5303) to work on /home/airflow/.local/lib/python3.7/site-packages/airflow/example_dags/example_task_group.py
[2022-02-25 01:13:20,192] {processor.py:642} INFO - Processing file /home/airflow/.local/lib/python3.7/site-packages/airflow/example_dags/example_task_group.py for tasks to queue
[2022-02-25 01:13:20,197] {logging_mixin.py:109} INFO - [2022-02-25 01:13:20,196] {dagbag.py:500} INFO - Filling up the DagBag from /home/airflow/.local/lib/python3.7/site-packages/airflow/example_dags/example_task_group.py
[2022-02-25 01:13:20,281] {processor.py:654} INFO - DAG(s) dict_keys(['example_task_group']) retrieved from /home/airflow/.local/lib/python3.7/site-packages/airflow/example_dags/example_task_group.py
[2022-02-25 01:13:20,332] {logging_mixin.py:109} INFO - [2022-02-25 01:13:20,331] {dag.py:2396} INFO - Sync 1 DAGs
[2022-02-25 01:13:20,407] {logging_mixin.py:109} INFO - [2022-02-25 01:13:20,407] {dag.py:2935} INFO - Setting next_dagrun for example_task_group to 2022-02-24T01:13:20.405478+00:00
[2022-02-25 01:13:20,441] {processor.py:171} INFO - Processing /home/airflow/.local/lib/python3.7/site-packages/airflow/example_dags/example_task_group.py took 0.262 seconds
[2022-02-25 01:13:50,527] {processor.py:163} INFO - Started process (PID=5411) to work on /home/airflow/.local/lib/python3.7/site-packages/airflow/example_dags/example_task_group.py
[2022-02-25 01:13:50,533] {processor.py:642} INFO - Processing file /home/airflow/.local/lib/python3.7/site-packages/airflow/example_dags/example_task_group.py for tasks to queue
[2022-02-25 01:13:50,538] {logging_mixin.py:109} INFO - [2022-02-25 01:13:50,538] {dagbag.py:500} INFO - Filling up the DagBag from /home/airflow/.local/lib/python3.7/site-packages/airflow/example_dags/example_task_group.py
[2022-02-25 01:13:50,656] {processor.py:654} INFO - DAG(s) dict_keys(['example_task_group']) retrieved from /home/airflow/.local/lib/python3.7/site-packages/airflow/example_dags/example_task_group.py
[2022-02-25 01:13:50,723] {logging_mixin.py:109} INFO - [2022-02-25 01:13:50,722] {dag.py:2396} INFO - Sync 1 DAGs
[2022-02-25 01:13:50,803] {logging_mixin.py:109} INFO - [2022-02-25 01:13:50,802] {dag.py:2935} INFO - Setting next_dagrun for example_task_group to 2022-02-24T01:13:50.800320+00:00
[2022-02-25 01:13:50,842] {processor.py:171} INFO - Processing /home/airflow/.local/lib/python3.7/site-packages/airflow/example_dags/example_task_group.py took 0.326 seconds
[2022-02-25 01:14:20,978] {processor.py:163} INFO - Started process (PID=5500) to work on /home/airflow/.local/lib/python3.7/site-packages/airflow/example_dags/example_task_group.py
[2022-02-25 01:14:20,984] {processor.py:642} INFO - Processing file /home/airflow/.local/lib/python3.7/site-packages/airflow/example_dags/example_task_group.py for tasks to queue
[2022-02-25 01:14:20,988] {logging_mixin.py:109} INFO - [2022-02-25 01:14:20,988] {dagbag.py:500} INFO - Filling up the DagBag from /home/airflow/.local/lib/python3.7/site-packages/airflow/example_dags/example_task_group.py
[2022-02-25 01:14:21,086] {processor.py:654} INFO - DAG(s) dict_keys(['example_task_group']) retrieved from /home/airflow/.local/lib/python3.7/site-packages/airflow/example_dags/example_task_group.py
[2022-02-25 01:14:21,157] {logging_mixin.py:109} INFO - [2022-02-25 01:14:21,156] {dag.py:2396} INFO - Sync 1 DAGs
[2022-02-25 01:14:21,226] {logging_mixin.py:109} INFO - [2022-02-25 01:14:21,225] {dag.py:2935} INFO - Setting next_dagrun for example_task_group to 2022-02-24T01:14:21.223830+00:00
[2022-02-25 01:14:21,261] {processor.py:171} INFO - Processing /home/airflow/.local/lib/python3.7/site-packages/airflow/example_dags/example_task_group.py took 0.291 seconds
[2022-02-25 01:14:51,430] {processor.py:163} INFO - Started process (PID=5605) to work on /home/airflow/.local/lib/python3.7/site-packages/airflow/example_dags/example_task_group.py
[2022-02-25 01:14:51,435] {processor.py:642} INFO - Processing file /home/airflow/.local/lib/python3.7/site-packages/airflow/example_dags/example_task_group.py for tasks to queue
[2022-02-25 01:14:51,439] {logging_mixin.py:109} INFO - [2022-02-25 01:14:51,439] {dagbag.py:500} INFO - Filling up the DagBag from /home/airflow/.local/lib/python3.7/site-packages/airflow/example_dags/example_task_group.py
[2022-02-25 01:14:51,529] {processor.py:654} INFO - DAG(s) dict_keys(['example_task_group']) retrieved from /home/airflow/.local/lib/python3.7/site-packages/airflow/example_dags/example_task_group.py
[2022-02-25 01:14:51,587] {logging_mixin.py:109} INFO - [2022-02-25 01:14:51,586] {dag.py:2396} INFO - Sync 1 DAGs
[2022-02-25 01:14:51,669] {logging_mixin.py:109} INFO - [2022-02-25 01:14:51,669] {dag.py:2935} INFO - Setting next_dagrun for example_task_group to 2022-02-24T01:14:51.667651+00:00
[2022-02-25 01:14:51,704] {processor.py:171} INFO - Processing /home/airflow/.local/lib/python3.7/site-packages/airflow/example_dags/example_task_group.py took 0.281 seconds
[2022-02-25 01:15:21,962] {processor.py:163} INFO - Started process (PID=5694) to work on /home/airflow/.local/lib/python3.7/site-packages/airflow/example_dags/example_task_group.py
[2022-02-25 01:15:21,967] {processor.py:642} INFO - Processing file /home/airflow/.local/lib/python3.7/site-packages/airflow/example_dags/example_task_group.py for tasks to queue
[2022-02-25 01:15:21,972] {logging_mixin.py:109} INFO - [2022-02-25 01:15:21,971] {dagbag.py:500} INFO - Filling up the DagBag from /home/airflow/.local/lib/python3.7/site-packages/airflow/example_dags/example_task_group.py
[2022-02-25 01:15:22,064] {processor.py:654} INFO - DAG(s) dict_keys(['example_task_group']) retrieved from /home/airflow/.local/lib/python3.7/site-packages/airflow/example_dags/example_task_group.py
[2022-02-25 01:15:22,126] {logging_mixin.py:109} INFO - [2022-02-25 01:15:22,125] {dag.py:2396} INFO - Sync 1 DAGs
[2022-02-25 01:15:22,188] {logging_mixin.py:109} INFO - [2022-02-25 01:15:22,187] {dag.py:2935} INFO - Setting next_dagrun for example_task_group to 2022-02-24T01:15:22.185600+00:00
[2022-02-25 01:15:22,221] {processor.py:171} INFO - Processing /home/airflow/.local/lib/python3.7/site-packages/airflow/example_dags/example_task_group.py took 0.266 seconds
[2022-02-25 01:15:52,604] {processor.py:163} INFO - Started process (PID=5800) to work on /home/airflow/.local/lib/python3.7/site-packages/airflow/example_dags/example_task_group.py
[2022-02-25 01:15:52,609] {processor.py:642} INFO - Processing file /home/airflow/.local/lib/python3.7/site-packages/airflow/example_dags/example_task_group.py for tasks to queue
[2022-02-25 01:15:52,613] {logging_mixin.py:109} INFO - [2022-02-25 01:15:52,613] {dagbag.py:500} INFO - Filling up the DagBag from /home/airflow/.local/lib/python3.7/site-packages/airflow/example_dags/example_task_group.py
[2022-02-25 01:15:52,707] {processor.py:654} INFO - DAG(s) dict_keys(['example_task_group']) retrieved from /home/airflow/.local/lib/python3.7/site-packages/airflow/example_dags/example_task_group.py
[2022-02-25 01:15:52,758] {logging_mixin.py:109} INFO - [2022-02-25 01:15:52,758] {dag.py:2396} INFO - Sync 1 DAGs
[2022-02-25 01:15:52,821] {logging_mixin.py:109} INFO - [2022-02-25 01:15:52,821] {dag.py:2935} INFO - Setting next_dagrun for example_task_group to 2022-02-24T01:15:52.819255+00:00
[2022-02-25 01:15:52,853] {processor.py:171} INFO - Processing /home/airflow/.local/lib/python3.7/site-packages/airflow/example_dags/example_task_group.py took 0.256 seconds
[2022-02-25 01:16:23,339] {processor.py:163} INFO - Started process (PID=5888) to work on /home/airflow/.local/lib/python3.7/site-packages/airflow/example_dags/example_task_group.py
[2022-02-25 01:16:23,345] {processor.py:642} INFO - Processing file /home/airflow/.local/lib/python3.7/site-packages/airflow/example_dags/example_task_group.py for tasks to queue
[2022-02-25 01:16:23,348] {logging_mixin.py:109} INFO - [2022-02-25 01:16:23,348] {dagbag.py:500} INFO - Filling up the DagBag from /home/airflow/.local/lib/python3.7/site-packages/airflow/example_dags/example_task_group.py
[2022-02-25 01:16:23,429] {processor.py:654} INFO - DAG(s) dict_keys(['example_task_group']) retrieved from /home/airflow/.local/lib/python3.7/site-packages/airflow/example_dags/example_task_group.py
[2022-02-25 01:16:23,478] {logging_mixin.py:109} INFO - [2022-02-25 01:16:23,477] {dag.py:2396} INFO - Sync 1 DAGs
[2022-02-25 01:16:23,539] {logging_mixin.py:109} INFO - [2022-02-25 01:16:23,539] {dag.py:2935} INFO - Setting next_dagrun for example_task_group to 2022-02-24T01:16:23.537659+00:00
[2022-02-25 01:16:23,571] {processor.py:171} INFO - Processing /home/airflow/.local/lib/python3.7/site-packages/airflow/example_dags/example_task_group.py took 0.239 seconds
[2022-02-25 01:16:53,826] {processor.py:163} INFO - Started process (PID=5996) to work on /home/airflow/.local/lib/python3.7/site-packages/airflow/example_dags/example_task_group.py
[2022-02-25 01:16:53,831] {processor.py:642} INFO - Processing file /home/airflow/.local/lib/python3.7/site-packages/airflow/example_dags/example_task_group.py for tasks to queue
[2022-02-25 01:16:53,834] {logging_mixin.py:109} INFO - [2022-02-25 01:16:53,834] {dagbag.py:500} INFO - Filling up the DagBag from /home/airflow/.local/lib/python3.7/site-packages/airflow/example_dags/example_task_group.py
[2022-02-25 01:16:53,918] {processor.py:654} INFO - DAG(s) dict_keys(['example_task_group']) retrieved from /home/airflow/.local/lib/python3.7/site-packages/airflow/example_dags/example_task_group.py
[2022-02-25 01:16:53,966] {logging_mixin.py:109} INFO - [2022-02-25 01:16:53,965] {dag.py:2396} INFO - Sync 1 DAGs
[2022-02-25 01:16:54,027] {logging_mixin.py:109} INFO - [2022-02-25 01:16:54,026] {dag.py:2935} INFO - Setting next_dagrun for example_task_group to 2022-02-24T01:16:54.024684+00:00
[2022-02-25 01:16:54,060] {processor.py:171} INFO - Processing /home/airflow/.local/lib/python3.7/site-packages/airflow/example_dags/example_task_group.py took 0.242 seconds
[2022-02-25 01:17:24,683] {processor.py:163} INFO - Started process (PID=6086) to work on /home/airflow/.local/lib/python3.7/site-packages/airflow/example_dags/example_task_group.py
[2022-02-25 01:17:24,688] {processor.py:642} INFO - Processing file /home/airflow/.local/lib/python3.7/site-packages/airflow/example_dags/example_task_group.py for tasks to queue
[2022-02-25 01:17:24,691] {logging_mixin.py:109} INFO - [2022-02-25 01:17:24,690] {dagbag.py:500} INFO - Filling up the DagBag from /home/airflow/.local/lib/python3.7/site-packages/airflow/example_dags/example_task_group.py
[2022-02-25 01:17:24,775] {processor.py:654} INFO - DAG(s) dict_keys(['example_task_group']) retrieved from /home/airflow/.local/lib/python3.7/site-packages/airflow/example_dags/example_task_group.py
[2022-02-25 01:17:24,831] {logging_mixin.py:109} INFO - [2022-02-25 01:17:24,831] {dag.py:2396} INFO - Sync 1 DAGs
[2022-02-25 01:17:24,897] {logging_mixin.py:109} INFO - [2022-02-25 01:17:24,896] {dag.py:2935} INFO - Setting next_dagrun for example_task_group to 2022-02-24T01:17:24.894732+00:00
[2022-02-25 01:17:24,930] {processor.py:171} INFO - Processing /home/airflow/.local/lib/python3.7/site-packages/airflow/example_dags/example_task_group.py took 0.254 seconds
[2022-02-25 01:17:55,169] {processor.py:163} INFO - Started process (PID=6192) to work on /home/airflow/.local/lib/python3.7/site-packages/airflow/example_dags/example_task_group.py
[2022-02-25 01:17:55,175] {processor.py:642} INFO - Processing file /home/airflow/.local/lib/python3.7/site-packages/airflow/example_dags/example_task_group.py for tasks to queue
[2022-02-25 01:17:55,179] {logging_mixin.py:109} INFO - [2022-02-25 01:17:55,179] {dagbag.py:500} INFO - Filling up the DagBag from /home/airflow/.local/lib/python3.7/site-packages/airflow/example_dags/example_task_group.py
[2022-02-25 01:17:55,253] {processor.py:654} INFO - DAG(s) dict_keys(['example_task_group']) retrieved from /home/airflow/.local/lib/python3.7/site-packages/airflow/example_dags/example_task_group.py
[2022-02-25 01:17:55,297] {logging_mixin.py:109} INFO - [2022-02-25 01:17:55,297] {dag.py:2396} INFO - Sync 1 DAGs
[2022-02-25 01:17:55,354] {logging_mixin.py:109} INFO - [2022-02-25 01:17:55,354] {dag.py:2935} INFO - Setting next_dagrun for example_task_group to 2022-02-24T01:17:55.352715+00:00
[2022-02-25 01:17:55,381] {processor.py:171} INFO - Processing /home/airflow/.local/lib/python3.7/site-packages/airflow/example_dags/example_task_group.py took 0.219 seconds
[2022-02-25 01:18:25,601] {processor.py:163} INFO - Started process (PID=6279) to work on /home/airflow/.local/lib/python3.7/site-packages/airflow/example_dags/example_task_group.py
[2022-02-25 01:18:25,607] {processor.py:642} INFO - Processing file /home/airflow/.local/lib/python3.7/site-packages/airflow/example_dags/example_task_group.py for tasks to queue
[2022-02-25 01:18:25,610] {logging_mixin.py:109} INFO - [2022-02-25 01:18:25,610] {dagbag.py:500} INFO - Filling up the DagBag from /home/airflow/.local/lib/python3.7/site-packages/airflow/example_dags/example_task_group.py
[2022-02-25 01:18:25,696] {processor.py:654} INFO - DAG(s) dict_keys(['example_task_group']) retrieved from /home/airflow/.local/lib/python3.7/site-packages/airflow/example_dags/example_task_group.py
[2022-02-25 01:18:25,743] {logging_mixin.py:109} INFO - [2022-02-25 01:18:25,743] {dag.py:2396} INFO - Sync 1 DAGs
[2022-02-25 01:18:25,807] {logging_mixin.py:109} INFO - [2022-02-25 01:18:25,806] {dag.py:2935} INFO - Setting next_dagrun for example_task_group to 2022-02-24T01:18:25.804897+00:00
[2022-02-25 01:18:25,841] {processor.py:171} INFO - Processing /home/airflow/.local/lib/python3.7/site-packages/airflow/example_dags/example_task_group.py took 0.248 seconds
[2022-02-25 01:18:56,225] {processor.py:163} INFO - Started process (PID=6383) to work on /home/airflow/.local/lib/python3.7/site-packages/airflow/example_dags/example_task_group.py
[2022-02-25 01:18:56,231] {processor.py:642} INFO - Processing file /home/airflow/.local/lib/python3.7/site-packages/airflow/example_dags/example_task_group.py for tasks to queue
[2022-02-25 01:18:56,235] {logging_mixin.py:109} INFO - [2022-02-25 01:18:56,234] {dagbag.py:500} INFO - Filling up the DagBag from /home/airflow/.local/lib/python3.7/site-packages/airflow/example_dags/example_task_group.py
[2022-02-25 01:18:56,339] {processor.py:654} INFO - DAG(s) dict_keys(['example_task_group']) retrieved from /home/airflow/.local/lib/python3.7/site-packages/airflow/example_dags/example_task_group.py
[2022-02-25 01:18:56,390] {logging_mixin.py:109} INFO - [2022-02-25 01:18:56,390] {dag.py:2396} INFO - Sync 1 DAGs
[2022-02-25 01:18:56,486] {logging_mixin.py:109} INFO - [2022-02-25 01:18:56,485] {dag.py:2935} INFO - Setting next_dagrun for example_task_group to 2022-02-24T01:18:56.482428+00:00
[2022-02-25 01:18:56,525] {processor.py:171} INFO - Processing /home/airflow/.local/lib/python3.7/site-packages/airflow/example_dags/example_task_group.py took 0.308 seconds
[2022-02-25 01:19:26,621] {processor.py:163} INFO - Started process (PID=6474) to work on /home/airflow/.local/lib/python3.7/site-packages/airflow/example_dags/example_task_group.py
[2022-02-25 01:19:26,626] {processor.py:642} INFO - Processing file /home/airflow/.local/lib/python3.7/site-packages/airflow/example_dags/example_task_group.py for tasks to queue
[2022-02-25 01:19:26,630] {logging_mixin.py:109} INFO - [2022-02-25 01:19:26,630] {dagbag.py:500} INFO - Filling up the DagBag from /home/airflow/.local/lib/python3.7/site-packages/airflow/example_dags/example_task_group.py
[2022-02-25 01:19:26,717] {processor.py:654} INFO - DAG(s) dict_keys(['example_task_group']) retrieved from /home/airflow/.local/lib/python3.7/site-packages/airflow/example_dags/example_task_group.py
[2022-02-25 01:19:26,766] {logging_mixin.py:109} INFO - [2022-02-25 01:19:26,766] {dag.py:2396} INFO - Sync 1 DAGs
[2022-02-25 01:19:26,823] {logging_mixin.py:109} INFO - [2022-02-25 01:19:26,823] {dag.py:2935} INFO - Setting next_dagrun for example_task_group to 2022-02-24T01:19:26.821399+00:00
[2022-02-25 01:19:26,852] {processor.py:171} INFO - Processing /home/airflow/.local/lib/python3.7/site-packages/airflow/example_dags/example_task_group.py took 0.238 seconds
[2022-02-25 01:19:57,691] {processor.py:163} INFO - Started process (PID=6579) to work on /home/airflow/.local/lib/python3.7/site-packages/airflow/example_dags/example_task_group.py
[2022-02-25 01:19:57,697] {processor.py:642} INFO - Processing file /home/airflow/.local/lib/python3.7/site-packages/airflow/example_dags/example_task_group.py for tasks to queue
[2022-02-25 01:19:57,701] {logging_mixin.py:109} INFO - [2022-02-25 01:19:57,701] {dagbag.py:500} INFO - Filling up the DagBag from /home/airflow/.local/lib/python3.7/site-packages/airflow/example_dags/example_task_group.py
[2022-02-25 01:19:57,789] {processor.py:654} INFO - DAG(s) dict_keys(['example_task_group']) retrieved from /home/airflow/.local/lib/python3.7/site-packages/airflow/example_dags/example_task_group.py
[2022-02-25 01:19:57,854] {logging_mixin.py:109} INFO - [2022-02-25 01:19:57,854] {dag.py:2396} INFO - Sync 1 DAGs
[2022-02-25 01:19:57,922] {logging_mixin.py:109} INFO - [2022-02-25 01:19:57,922] {dag.py:2935} INFO - Setting next_dagrun for example_task_group to 2022-02-24T01:19:57.920060+00:00
[2022-02-25 01:19:57,956] {processor.py:171} INFO - Processing /home/airflow/.local/lib/python3.7/site-packages/airflow/example_dags/example_task_group.py took 0.273 seconds
[2022-02-25 01:20:28,105] {processor.py:163} INFO - Started process (PID=6667) to work on /home/airflow/.local/lib/python3.7/site-packages/airflow/example_dags/example_task_group.py
[2022-02-25 01:20:28,110] {processor.py:642} INFO - Processing file /home/airflow/.local/lib/python3.7/site-packages/airflow/example_dags/example_task_group.py for tasks to queue
[2022-02-25 01:20:28,113] {logging_mixin.py:109} INFO - [2022-02-25 01:20:28,113] {dagbag.py:500} INFO - Filling up the DagBag from /home/airflow/.local/lib/python3.7/site-packages/airflow/example_dags/example_task_group.py
[2022-02-25 01:20:28,202] {processor.py:654} INFO - DAG(s) dict_keys(['example_task_group']) retrieved from /home/airflow/.local/lib/python3.7/site-packages/airflow/example_dags/example_task_group.py
[2022-02-25 01:20:28,255] {logging_mixin.py:109} INFO - [2022-02-25 01:20:28,254] {dag.py:2396} INFO - Sync 1 DAGs
[2022-02-25 01:20:28,326] {logging_mixin.py:109} INFO - [2022-02-25 01:20:28,325] {dag.py:2935} INFO - Setting next_dagrun for example_task_group to 2022-02-24T01:20:28.323848+00:00
[2022-02-25 01:20:28,363] {processor.py:171} INFO - Processing /home/airflow/.local/lib/python3.7/site-packages/airflow/example_dags/example_task_group.py took 0.266 seconds
[2022-02-25 01:20:59,081] {processor.py:163} INFO - Started process (PID=6773) to work on /home/airflow/.local/lib/python3.7/site-packages/airflow/example_dags/example_task_group.py
[2022-02-25 01:20:59,086] {processor.py:642} INFO - Processing file /home/airflow/.local/lib/python3.7/site-packages/airflow/example_dags/example_task_group.py for tasks to queue
[2022-02-25 01:20:59,091] {logging_mixin.py:109} INFO - [2022-02-25 01:20:59,090] {dagbag.py:500} INFO - Filling up the DagBag from /home/airflow/.local/lib/python3.7/site-packages/airflow/example_dags/example_task_group.py
[2022-02-25 01:20:59,188] {processor.py:654} INFO - DAG(s) dict_keys(['example_task_group']) retrieved from /home/airflow/.local/lib/python3.7/site-packages/airflow/example_dags/example_task_group.py
[2022-02-25 01:20:59,249] {logging_mixin.py:109} INFO - [2022-02-25 01:20:59,249] {dag.py:2396} INFO - Sync 1 DAGs
[2022-02-25 01:20:59,335] {logging_mixin.py:109} INFO - [2022-02-25 01:20:59,334] {dag.py:2935} INFO - Setting next_dagrun for example_task_group to 2022-02-24T01:20:59.332968+00:00
[2022-02-25 01:20:59,410] {processor.py:171} INFO - Processing /home/airflow/.local/lib/python3.7/site-packages/airflow/example_dags/example_task_group.py took 0.336 seconds
[2022-02-25 01:21:29,509] {processor.py:163} INFO - Started process (PID=6873) to work on /home/airflow/.local/lib/python3.7/site-packages/airflow/example_dags/example_task_group.py
[2022-02-25 01:21:29,514] {processor.py:642} INFO - Processing file /home/airflow/.local/lib/python3.7/site-packages/airflow/example_dags/example_task_group.py for tasks to queue
[2022-02-25 01:21:29,517] {logging_mixin.py:109} INFO - [2022-02-25 01:21:29,517] {dagbag.py:500} INFO - Filling up the DagBag from /home/airflow/.local/lib/python3.7/site-packages/airflow/example_dags/example_task_group.py
[2022-02-25 01:21:29,605] {processor.py:654} INFO - DAG(s) dict_keys(['example_task_group']) retrieved from /home/airflow/.local/lib/python3.7/site-packages/airflow/example_dags/example_task_group.py
[2022-02-25 01:21:29,656] {logging_mixin.py:109} INFO - [2022-02-25 01:21:29,655] {dag.py:2396} INFO - Sync 1 DAGs
[2022-02-25 01:21:29,717] {logging_mixin.py:109} INFO - [2022-02-25 01:21:29,717] {dag.py:2935} INFO - Setting next_dagrun for example_task_group to 2022-02-24T01:21:29.715642+00:00
[2022-02-25 01:21:29,749] {processor.py:171} INFO - Processing /home/airflow/.local/lib/python3.7/site-packages/airflow/example_dags/example_task_group.py took 0.248 seconds
