[2022-02-25 00:46:40,298] {processor.py:163} INFO - Started process (PID=295) to work on /home/airflow/.local/lib/python3.7/site-packages/airflow/example_dags/example_task_group_decorator.py
[2022-02-25 00:46:40,324] {processor.py:642} INFO - Processing file /home/airflow/.local/lib/python3.7/site-packages/airflow/example_dags/example_task_group_decorator.py for tasks to queue
[2022-02-25 00:46:40,341] {logging_mixin.py:109} INFO - [2022-02-25 00:46:40,340] {dagbag.py:500} INFO - Filling up the DagBag from /home/airflow/.local/lib/python3.7/site-packages/airflow/example_dags/example_task_group_decorator.py
[2022-02-25 00:46:41,446] {processor.py:654} INFO - DAG(s) dict_keys(['example_task_group_decorator']) retrieved from /home/airflow/.local/lib/python3.7/site-packages/airflow/example_dags/example_task_group_decorator.py
[2022-02-25 00:46:50,724] {logging_mixin.py:109} INFO - [2022-02-25 00:46:50,722] {dag.py:2396} INFO - Sync 1 DAGs
[2022-02-25 00:46:51,433] {logging_mixin.py:109} INFO - [2022-02-25 00:46:51,424] {dag.py:2935} INFO - Setting next_dagrun for example_task_group_decorator to 2022-02-24T00:46:51.403135+00:00
[2022-02-25 00:46:51,767] {processor.py:171} INFO - Processing /home/airflow/.local/lib/python3.7/site-packages/airflow/example_dags/example_task_group_decorator.py took 11.531 seconds
[2022-02-25 00:47:43,487] {processor.py:163} INFO - Started process (PID=432) to work on /home/airflow/.local/lib/python3.7/site-packages/airflow/example_dags/example_task_group_decorator.py
[2022-02-25 00:47:43,519] {processor.py:642} INFO - Processing file /home/airflow/.local/lib/python3.7/site-packages/airflow/example_dags/example_task_group_decorator.py for tasks to queue
[2022-02-25 00:47:43,531] {logging_mixin.py:109} INFO - [2022-02-25 00:47:43,530] {dagbag.py:500} INFO - Filling up the DagBag from /home/airflow/.local/lib/python3.7/site-packages/airflow/example_dags/example_task_group_decorator.py
[2022-02-25 00:47:44,811] {processor.py:654} INFO - DAG(s) dict_keys(['example_task_group_decorator']) retrieved from /home/airflow/.local/lib/python3.7/site-packages/airflow/example_dags/example_task_group_decorator.py
[2022-02-25 00:47:51,443] {logging_mixin.py:109} INFO - [2022-02-25 00:47:51,441] {dag.py:2396} INFO - Sync 1 DAGs
[2022-02-25 00:47:51,555] {logging_mixin.py:109} INFO - [2022-02-25 00:47:51,555] {dag.py:2935} INFO - Setting next_dagrun for example_task_group_decorator to 2022-02-24T00:47:51.551963+00:00
[2022-02-25 00:47:51,671] {processor.py:171} INFO - Processing /home/airflow/.local/lib/python3.7/site-packages/airflow/example_dags/example_task_group_decorator.py took 8.218 seconds
[2022-02-25 00:48:27,824] {processor.py:163} INFO - Started process (PID=538) to work on /home/airflow/.local/lib/python3.7/site-packages/airflow/example_dags/example_task_group_decorator.py
[2022-02-25 00:48:27,845] {processor.py:642} INFO - Processing file /home/airflow/.local/lib/python3.7/site-packages/airflow/example_dags/example_task_group_decorator.py for tasks to queue
[2022-02-25 00:48:27,858] {logging_mixin.py:109} INFO - [2022-02-25 00:48:27,857] {dagbag.py:500} INFO - Filling up the DagBag from /home/airflow/.local/lib/python3.7/site-packages/airflow/example_dags/example_task_group_decorator.py
[2022-02-25 00:48:28,777] {processor.py:654} INFO - DAG(s) dict_keys(['example_task_group_decorator']) retrieved from /home/airflow/.local/lib/python3.7/site-packages/airflow/example_dags/example_task_group_decorator.py
[2022-02-25 00:48:35,219] {logging_mixin.py:109} INFO - [2022-02-25 00:48:35,219] {dag.py:2396} INFO - Sync 1 DAGs
[2022-02-25 00:48:35,455] {logging_mixin.py:109} INFO - [2022-02-25 00:48:35,454] {dag.py:2935} INFO - Setting next_dagrun for example_task_group_decorator to 2022-02-24T00:48:35.452505+00:00
[2022-02-25 00:48:35,635] {processor.py:171} INFO - Processing /home/airflow/.local/lib/python3.7/site-packages/airflow/example_dags/example_task_group_decorator.py took 7.829 seconds
[2022-02-25 00:49:06,678] {processor.py:163} INFO - Started process (PID=644) to work on /home/airflow/.local/lib/python3.7/site-packages/airflow/example_dags/example_task_group_decorator.py
[2022-02-25 00:49:06,685] {processor.py:642} INFO - Processing file /home/airflow/.local/lib/python3.7/site-packages/airflow/example_dags/example_task_group_decorator.py for tasks to queue
[2022-02-25 00:49:06,689] {logging_mixin.py:109} INFO - [2022-02-25 00:49:06,689] {dagbag.py:500} INFO - Filling up the DagBag from /home/airflow/.local/lib/python3.7/site-packages/airflow/example_dags/example_task_group_decorator.py
[2022-02-25 00:49:06,857] {processor.py:654} INFO - DAG(s) dict_keys(['example_task_group_decorator']) retrieved from /home/airflow/.local/lib/python3.7/site-packages/airflow/example_dags/example_task_group_decorator.py
[2022-02-25 00:49:08,128] {logging_mixin.py:109} INFO - [2022-02-25 00:49:08,128] {dag.py:2396} INFO - Sync 1 DAGs
[2022-02-25 00:49:08,197] {logging_mixin.py:109} INFO - [2022-02-25 00:49:08,197] {dag.py:2935} INFO - Setting next_dagrun for example_task_group_decorator to 2022-02-24T00:49:08.195430+00:00
[2022-02-25 00:49:08,243] {processor.py:171} INFO - Processing /home/airflow/.local/lib/python3.7/site-packages/airflow/example_dags/example_task_group_decorator.py took 1.573 seconds
[2022-02-25 00:49:38,478] {processor.py:163} INFO - Started process (PID=755) to work on /home/airflow/.local/lib/python3.7/site-packages/airflow/example_dags/example_task_group_decorator.py
[2022-02-25 00:49:38,483] {processor.py:642} INFO - Processing file /home/airflow/.local/lib/python3.7/site-packages/airflow/example_dags/example_task_group_decorator.py for tasks to queue
[2022-02-25 00:49:38,487] {logging_mixin.py:109} INFO - [2022-02-25 00:49:38,487] {dagbag.py:500} INFO - Filling up the DagBag from /home/airflow/.local/lib/python3.7/site-packages/airflow/example_dags/example_task_group_decorator.py
[2022-02-25 00:49:38,652] {processor.py:654} INFO - DAG(s) dict_keys(['example_task_group_decorator']) retrieved from /home/airflow/.local/lib/python3.7/site-packages/airflow/example_dags/example_task_group_decorator.py
[2022-02-25 00:49:39,831] {logging_mixin.py:109} INFO - [2022-02-25 00:49:39,831] {dag.py:2396} INFO - Sync 1 DAGs
[2022-02-25 00:49:39,901] {logging_mixin.py:109} INFO - [2022-02-25 00:49:39,901] {dag.py:2935} INFO - Setting next_dagrun for example_task_group_decorator to 2022-02-24T00:49:39.899692+00:00
[2022-02-25 00:49:39,947] {processor.py:171} INFO - Processing /home/airflow/.local/lib/python3.7/site-packages/airflow/example_dags/example_task_group_decorator.py took 1.476 seconds
[2022-02-25 00:50:10,093] {processor.py:163} INFO - Started process (PID=865) to work on /home/airflow/.local/lib/python3.7/site-packages/airflow/example_dags/example_task_group_decorator.py
[2022-02-25 00:50:10,099] {processor.py:642} INFO - Processing file /home/airflow/.local/lib/python3.7/site-packages/airflow/example_dags/example_task_group_decorator.py for tasks to queue
[2022-02-25 00:50:10,103] {logging_mixin.py:109} INFO - [2022-02-25 00:50:10,103] {dagbag.py:500} INFO - Filling up the DagBag from /home/airflow/.local/lib/python3.7/site-packages/airflow/example_dags/example_task_group_decorator.py
[2022-02-25 00:50:10,284] {processor.py:654} INFO - DAG(s) dict_keys(['example_task_group_decorator']) retrieved from /home/airflow/.local/lib/python3.7/site-packages/airflow/example_dags/example_task_group_decorator.py
[2022-02-25 00:50:11,689] {logging_mixin.py:109} INFO - [2022-02-25 00:50:11,689] {dag.py:2396} INFO - Sync 1 DAGs
[2022-02-25 00:50:11,774] {logging_mixin.py:109} INFO - [2022-02-25 00:50:11,774] {dag.py:2935} INFO - Setting next_dagrun for example_task_group_decorator to 2022-02-24T00:50:11.771692+00:00
[2022-02-25 00:50:11,827] {processor.py:171} INFO - Processing /home/airflow/.local/lib/python3.7/site-packages/airflow/example_dags/example_task_group_decorator.py took 1.743 seconds
[2022-02-25 00:50:42,209] {processor.py:163} INFO - Started process (PID=964) to work on /home/airflow/.local/lib/python3.7/site-packages/airflow/example_dags/example_task_group_decorator.py
[2022-02-25 00:50:42,215] {processor.py:642} INFO - Processing file /home/airflow/.local/lib/python3.7/site-packages/airflow/example_dags/example_task_group_decorator.py for tasks to queue
[2022-02-25 00:50:42,220] {logging_mixin.py:109} INFO - [2022-02-25 00:50:42,220] {dagbag.py:500} INFO - Filling up the DagBag from /home/airflow/.local/lib/python3.7/site-packages/airflow/example_dags/example_task_group_decorator.py
[2022-02-25 00:50:42,400] {processor.py:654} INFO - DAG(s) dict_keys(['example_task_group_decorator']) retrieved from /home/airflow/.local/lib/python3.7/site-packages/airflow/example_dags/example_task_group_decorator.py
[2022-02-25 00:50:43,724] {logging_mixin.py:109} INFO - [2022-02-25 00:50:43,724] {dag.py:2396} INFO - Sync 1 DAGs
[2022-02-25 00:50:43,790] {logging_mixin.py:109} INFO - [2022-02-25 00:50:43,789] {dag.py:2935} INFO - Setting next_dagrun for example_task_group_decorator to 2022-02-24T00:50:43.787997+00:00
[2022-02-25 00:50:43,833] {processor.py:171} INFO - Processing /home/airflow/.local/lib/python3.7/site-packages/airflow/example_dags/example_task_group_decorator.py took 1.632 seconds
[2022-02-25 00:51:13,898] {processor.py:163} INFO - Started process (PID=1075) to work on /home/airflow/.local/lib/python3.7/site-packages/airflow/example_dags/example_task_group_decorator.py
[2022-02-25 00:51:13,903] {processor.py:642} INFO - Processing file /home/airflow/.local/lib/python3.7/site-packages/airflow/example_dags/example_task_group_decorator.py for tasks to queue
[2022-02-25 00:51:13,907] {logging_mixin.py:109} INFO - [2022-02-25 00:51:13,907] {dagbag.py:500} INFO - Filling up the DagBag from /home/airflow/.local/lib/python3.7/site-packages/airflow/example_dags/example_task_group_decorator.py
[2022-02-25 00:51:14,069] {processor.py:654} INFO - DAG(s) dict_keys(['example_task_group_decorator']) retrieved from /home/airflow/.local/lib/python3.7/site-packages/airflow/example_dags/example_task_group_decorator.py
[2022-02-25 00:51:15,078] {logging_mixin.py:109} INFO - [2022-02-25 00:51:15,077] {dag.py:2396} INFO - Sync 1 DAGs
[2022-02-25 00:51:15,135] {logging_mixin.py:109} INFO - [2022-02-25 00:51:15,134] {dag.py:2935} INFO - Setting next_dagrun for example_task_group_decorator to 2022-02-24T00:51:15.133143+00:00
[2022-02-25 00:51:15,172] {processor.py:171} INFO - Processing /home/airflow/.local/lib/python3.7/site-packages/airflow/example_dags/example_task_group_decorator.py took 1.282 seconds
[2022-02-25 00:51:45,563] {processor.py:163} INFO - Started process (PID=1166) to work on /home/airflow/.local/lib/python3.7/site-packages/airflow/example_dags/example_task_group_decorator.py
[2022-02-25 00:51:45,568] {processor.py:642} INFO - Processing file /home/airflow/.local/lib/python3.7/site-packages/airflow/example_dags/example_task_group_decorator.py for tasks to queue
[2022-02-25 00:51:45,571] {logging_mixin.py:109} INFO - [2022-02-25 00:51:45,571] {dagbag.py:500} INFO - Filling up the DagBag from /home/airflow/.local/lib/python3.7/site-packages/airflow/example_dags/example_task_group_decorator.py
[2022-02-25 00:51:45,718] {processor.py:654} INFO - DAG(s) dict_keys(['example_task_group_decorator']) retrieved from /home/airflow/.local/lib/python3.7/site-packages/airflow/example_dags/example_task_group_decorator.py
[2022-02-25 00:51:46,777] {logging_mixin.py:109} INFO - [2022-02-25 00:51:46,776] {dag.py:2396} INFO - Sync 1 DAGs
[2022-02-25 00:51:46,846] {logging_mixin.py:109} INFO - [2022-02-25 00:51:46,846] {dag.py:2935} INFO - Setting next_dagrun for example_task_group_decorator to 2022-02-24T00:51:46.844422+00:00
[2022-02-25 00:51:46,891] {processor.py:171} INFO - Processing /home/airflow/.local/lib/python3.7/site-packages/airflow/example_dags/example_task_group_decorator.py took 1.335 seconds
[2022-02-25 00:52:17,452] {processor.py:163} INFO - Started process (PID=1271) to work on /home/airflow/.local/lib/python3.7/site-packages/airflow/example_dags/example_task_group_decorator.py
[2022-02-25 00:52:17,457] {processor.py:642} INFO - Processing file /home/airflow/.local/lib/python3.7/site-packages/airflow/example_dags/example_task_group_decorator.py for tasks to queue
[2022-02-25 00:52:17,462] {logging_mixin.py:109} INFO - [2022-02-25 00:52:17,462] {dagbag.py:500} INFO - Filling up the DagBag from /home/airflow/.local/lib/python3.7/site-packages/airflow/example_dags/example_task_group_decorator.py
[2022-02-25 00:52:17,609] {processor.py:654} INFO - DAG(s) dict_keys(['example_task_group_decorator']) retrieved from /home/airflow/.local/lib/python3.7/site-packages/airflow/example_dags/example_task_group_decorator.py
[2022-02-25 00:52:18,731] {logging_mixin.py:109} INFO - [2022-02-25 00:52:18,731] {dag.py:2396} INFO - Sync 1 DAGs
[2022-02-25 00:52:18,790] {logging_mixin.py:109} INFO - [2022-02-25 00:52:18,789] {dag.py:2935} INFO - Setting next_dagrun for example_task_group_decorator to 2022-02-24T00:52:18.787912+00:00
[2022-02-25 00:52:18,833] {processor.py:171} INFO - Processing /home/airflow/.local/lib/python3.7/site-packages/airflow/example_dags/example_task_group_decorator.py took 1.389 seconds
[2022-02-25 00:52:49,446] {processor.py:163} INFO - Started process (PID=1377) to work on /home/airflow/.local/lib/python3.7/site-packages/airflow/example_dags/example_task_group_decorator.py
[2022-02-25 00:52:49,452] {processor.py:642} INFO - Processing file /home/airflow/.local/lib/python3.7/site-packages/airflow/example_dags/example_task_group_decorator.py for tasks to queue
[2022-02-25 00:52:49,455] {logging_mixin.py:109} INFO - [2022-02-25 00:52:49,455] {dagbag.py:500} INFO - Filling up the DagBag from /home/airflow/.local/lib/python3.7/site-packages/airflow/example_dags/example_task_group_decorator.py
[2022-02-25 00:52:49,623] {processor.py:654} INFO - DAG(s) dict_keys(['example_task_group_decorator']) retrieved from /home/airflow/.local/lib/python3.7/site-packages/airflow/example_dags/example_task_group_decorator.py
[2022-02-25 00:52:50,848] {logging_mixin.py:109} INFO - [2022-02-25 00:52:50,847] {dag.py:2396} INFO - Sync 1 DAGs
[2022-02-25 00:52:50,929] {logging_mixin.py:109} INFO - [2022-02-25 00:52:50,928] {dag.py:2935} INFO - Setting next_dagrun for example_task_group_decorator to 2022-02-24T00:52:50.926433+00:00
[2022-02-25 00:52:50,988] {processor.py:171} INFO - Processing /home/airflow/.local/lib/python3.7/site-packages/airflow/example_dags/example_task_group_decorator.py took 1.549 seconds
[2022-02-25 00:53:21,342] {processor.py:163} INFO - Started process (PID=1476) to work on /home/airflow/.local/lib/python3.7/site-packages/airflow/example_dags/example_task_group_decorator.py
[2022-02-25 00:53:21,349] {processor.py:642} INFO - Processing file /home/airflow/.local/lib/python3.7/site-packages/airflow/example_dags/example_task_group_decorator.py for tasks to queue
[2022-02-25 00:53:21,354] {logging_mixin.py:109} INFO - [2022-02-25 00:53:21,354] {dagbag.py:500} INFO - Filling up the DagBag from /home/airflow/.local/lib/python3.7/site-packages/airflow/example_dags/example_task_group_decorator.py
[2022-02-25 00:53:21,563] {processor.py:654} INFO - DAG(s) dict_keys(['example_task_group_decorator']) retrieved from /home/airflow/.local/lib/python3.7/site-packages/airflow/example_dags/example_task_group_decorator.py
[2022-02-25 00:53:23,063] {logging_mixin.py:109} INFO - [2022-02-25 00:53:23,062] {dag.py:2396} INFO - Sync 1 DAGs
[2022-02-25 00:53:23,134] {logging_mixin.py:109} INFO - [2022-02-25 00:53:23,134] {dag.py:2935} INFO - Setting next_dagrun for example_task_group_decorator to 2022-02-24T00:53:23.131361+00:00
[2022-02-25 00:53:23,180] {processor.py:171} INFO - Processing /home/airflow/.local/lib/python3.7/site-packages/airflow/example_dags/example_task_group_decorator.py took 1.847 seconds
[2022-02-25 00:53:53,684] {processor.py:163} INFO - Started process (PID=1591) to work on /home/airflow/.local/lib/python3.7/site-packages/airflow/example_dags/example_task_group_decorator.py
[2022-02-25 00:53:53,689] {processor.py:642} INFO - Processing file /home/airflow/.local/lib/python3.7/site-packages/airflow/example_dags/example_task_group_decorator.py for tasks to queue
[2022-02-25 00:53:53,693] {logging_mixin.py:109} INFO - [2022-02-25 00:53:53,692] {dagbag.py:500} INFO - Filling up the DagBag from /home/airflow/.local/lib/python3.7/site-packages/airflow/example_dags/example_task_group_decorator.py
[2022-02-25 00:53:53,861] {processor.py:654} INFO - DAG(s) dict_keys(['example_task_group_decorator']) retrieved from /home/airflow/.local/lib/python3.7/site-packages/airflow/example_dags/example_task_group_decorator.py
[2022-02-25 00:53:54,911] {logging_mixin.py:109} INFO - [2022-02-25 00:53:54,910] {dag.py:2396} INFO - Sync 1 DAGs
[2022-02-25 00:53:54,966] {logging_mixin.py:109} INFO - [2022-02-25 00:53:54,965] {dag.py:2935} INFO - Setting next_dagrun for example_task_group_decorator to 2022-02-24T00:53:54.964478+00:00
[2022-02-25 00:53:55,013] {processor.py:171} INFO - Processing /home/airflow/.local/lib/python3.7/site-packages/airflow/example_dags/example_task_group_decorator.py took 1.338 seconds
[2022-02-25 00:54:25,167] {processor.py:163} INFO - Started process (PID=1685) to work on /home/airflow/.local/lib/python3.7/site-packages/airflow/example_dags/example_task_group_decorator.py
[2022-02-25 00:54:25,171] {processor.py:642} INFO - Processing file /home/airflow/.local/lib/python3.7/site-packages/airflow/example_dags/example_task_group_decorator.py for tasks to queue
[2022-02-25 00:54:25,174] {logging_mixin.py:109} INFO - [2022-02-25 00:54:25,174] {dagbag.py:500} INFO - Filling up the DagBag from /home/airflow/.local/lib/python3.7/site-packages/airflow/example_dags/example_task_group_decorator.py
[2022-02-25 00:54:25,347] {processor.py:654} INFO - DAG(s) dict_keys(['example_task_group_decorator']) retrieved from /home/airflow/.local/lib/python3.7/site-packages/airflow/example_dags/example_task_group_decorator.py
[2022-02-25 00:54:26,477] {logging_mixin.py:109} INFO - [2022-02-25 00:54:26,477] {dag.py:2396} INFO - Sync 1 DAGs
[2022-02-25 00:54:26,535] {logging_mixin.py:109} INFO - [2022-02-25 00:54:26,535] {dag.py:2935} INFO - Setting next_dagrun for example_task_group_decorator to 2022-02-24T00:54:26.533815+00:00
[2022-02-25 00:54:26,571] {processor.py:171} INFO - Processing /home/airflow/.local/lib/python3.7/site-packages/airflow/example_dags/example_task_group_decorator.py took 1.411 seconds
[2022-02-25 00:54:56,666] {processor.py:163} INFO - Started process (PID=1795) to work on /home/airflow/.local/lib/python3.7/site-packages/airflow/example_dags/example_task_group_decorator.py
[2022-02-25 00:54:56,671] {processor.py:642} INFO - Processing file /home/airflow/.local/lib/python3.7/site-packages/airflow/example_dags/example_task_group_decorator.py for tasks to queue
[2022-02-25 00:54:56,674] {logging_mixin.py:109} INFO - [2022-02-25 00:54:56,674] {dagbag.py:500} INFO - Filling up the DagBag from /home/airflow/.local/lib/python3.7/site-packages/airflow/example_dags/example_task_group_decorator.py
[2022-02-25 00:54:56,843] {processor.py:654} INFO - DAG(s) dict_keys(['example_task_group_decorator']) retrieved from /home/airflow/.local/lib/python3.7/site-packages/airflow/example_dags/example_task_group_decorator.py
[2022-02-25 00:54:57,952] {logging_mixin.py:109} INFO - [2022-02-25 00:54:57,951] {dag.py:2396} INFO - Sync 1 DAGs
[2022-02-25 00:54:58,010] {logging_mixin.py:109} INFO - [2022-02-25 00:54:58,009] {dag.py:2935} INFO - Setting next_dagrun for example_task_group_decorator to 2022-02-24T00:54:58.008296+00:00
[2022-02-25 00:54:58,046] {processor.py:171} INFO - Processing /home/airflow/.local/lib/python3.7/site-packages/airflow/example_dags/example_task_group_decorator.py took 1.390 seconds
[2022-02-25 00:55:28,619] {processor.py:163} INFO - Started process (PID=1897) to work on /home/airflow/.local/lib/python3.7/site-packages/airflow/example_dags/example_task_group_decorator.py
[2022-02-25 00:55:28,627] {processor.py:642} INFO - Processing file /home/airflow/.local/lib/python3.7/site-packages/airflow/example_dags/example_task_group_decorator.py for tasks to queue
[2022-02-25 00:55:28,632] {logging_mixin.py:109} INFO - [2022-02-25 00:55:28,631] {dagbag.py:500} INFO - Filling up the DagBag from /home/airflow/.local/lib/python3.7/site-packages/airflow/example_dags/example_task_group_decorator.py
[2022-02-25 00:55:28,790] {processor.py:654} INFO - DAG(s) dict_keys(['example_task_group_decorator']) retrieved from /home/airflow/.local/lib/python3.7/site-packages/airflow/example_dags/example_task_group_decorator.py
[2022-02-25 00:55:29,917] {logging_mixin.py:109} INFO - [2022-02-25 00:55:29,916] {dag.py:2396} INFO - Sync 1 DAGs
[2022-02-25 00:55:29,983] {logging_mixin.py:109} INFO - [2022-02-25 00:55:29,983] {dag.py:2935} INFO - Setting next_dagrun for example_task_group_decorator to 2022-02-24T00:55:29.981562+00:00
[2022-02-25 00:55:30,026] {processor.py:171} INFO - Processing /home/airflow/.local/lib/python3.7/site-packages/airflow/example_dags/example_task_group_decorator.py took 1.417 seconds
[2022-02-25 00:56:00,348] {processor.py:163} INFO - Started process (PID=1992) to work on /home/airflow/.local/lib/python3.7/site-packages/airflow/example_dags/example_task_group_decorator.py
[2022-02-25 00:56:00,353] {processor.py:642} INFO - Processing file /home/airflow/.local/lib/python3.7/site-packages/airflow/example_dags/example_task_group_decorator.py for tasks to queue
[2022-02-25 00:56:00,357] {logging_mixin.py:109} INFO - [2022-02-25 00:56:00,356] {dagbag.py:500} INFO - Filling up the DagBag from /home/airflow/.local/lib/python3.7/site-packages/airflow/example_dags/example_task_group_decorator.py
[2022-02-25 00:56:00,520] {processor.py:654} INFO - DAG(s) dict_keys(['example_task_group_decorator']) retrieved from /home/airflow/.local/lib/python3.7/site-packages/airflow/example_dags/example_task_group_decorator.py
[2022-02-25 00:56:01,811] {logging_mixin.py:109} INFO - [2022-02-25 00:56:01,810] {dag.py:2396} INFO - Sync 1 DAGs
[2022-02-25 00:56:01,887] {logging_mixin.py:109} INFO - [2022-02-25 00:56:01,887] {dag.py:2935} INFO - Setting next_dagrun for example_task_group_decorator to 2022-02-24T00:56:01.885722+00:00
[2022-02-25 00:56:01,937] {processor.py:171} INFO - Processing /home/airflow/.local/lib/python3.7/site-packages/airflow/example_dags/example_task_group_decorator.py took 1.597 seconds
[2022-02-25 00:56:32,257] {processor.py:163} INFO - Started process (PID=2098) to work on /home/airflow/.local/lib/python3.7/site-packages/airflow/example_dags/example_task_group_decorator.py
[2022-02-25 00:56:32,264] {processor.py:642} INFO - Processing file /home/airflow/.local/lib/python3.7/site-packages/airflow/example_dags/example_task_group_decorator.py for tasks to queue
[2022-02-25 00:56:32,268] {logging_mixin.py:109} INFO - [2022-02-25 00:56:32,267] {dagbag.py:500} INFO - Filling up the DagBag from /home/airflow/.local/lib/python3.7/site-packages/airflow/example_dags/example_task_group_decorator.py
[2022-02-25 00:56:32,431] {processor.py:654} INFO - DAG(s) dict_keys(['example_task_group_decorator']) retrieved from /home/airflow/.local/lib/python3.7/site-packages/airflow/example_dags/example_task_group_decorator.py
[2022-02-25 00:56:33,615] {logging_mixin.py:109} INFO - [2022-02-25 00:56:33,614] {dag.py:2396} INFO - Sync 1 DAGs
[2022-02-25 00:56:33,681] {logging_mixin.py:109} INFO - [2022-02-25 00:56:33,680] {dag.py:2935} INFO - Setting next_dagrun for example_task_group_decorator to 2022-02-24T00:56:33.679185+00:00
[2022-02-25 00:56:33,722] {processor.py:171} INFO - Processing /home/airflow/.local/lib/python3.7/site-packages/airflow/example_dags/example_task_group_decorator.py took 1.473 seconds
[2022-02-25 00:57:04,214] {processor.py:163} INFO - Started process (PID=2189) to work on /home/airflow/.local/lib/python3.7/site-packages/airflow/example_dags/example_task_group_decorator.py
[2022-02-25 00:57:04,221] {processor.py:642} INFO - Processing file /home/airflow/.local/lib/python3.7/site-packages/airflow/example_dags/example_task_group_decorator.py for tasks to queue
[2022-02-25 00:57:04,227] {logging_mixin.py:109} INFO - [2022-02-25 00:57:04,227] {dagbag.py:500} INFO - Filling up the DagBag from /home/airflow/.local/lib/python3.7/site-packages/airflow/example_dags/example_task_group_decorator.py
[2022-02-25 00:57:04,393] {processor.py:654} INFO - DAG(s) dict_keys(['example_task_group_decorator']) retrieved from /home/airflow/.local/lib/python3.7/site-packages/airflow/example_dags/example_task_group_decorator.py
[2022-02-25 00:57:05,732] {logging_mixin.py:109} INFO - [2022-02-25 00:57:05,731] {dag.py:2396} INFO - Sync 1 DAGs
[2022-02-25 00:57:05,817] {logging_mixin.py:109} INFO - [2022-02-25 00:57:05,816] {dag.py:2935} INFO - Setting next_dagrun for example_task_group_decorator to 2022-02-24T00:57:05.813904+00:00
[2022-02-25 00:57:05,864] {processor.py:171} INFO - Processing /home/airflow/.local/lib/python3.7/site-packages/airflow/example_dags/example_task_group_decorator.py took 1.659 seconds
[2022-02-25 00:57:36,854] {processor.py:163} INFO - Started process (PID=2301) to work on /home/airflow/.local/lib/python3.7/site-packages/airflow/example_dags/example_task_group_decorator.py
[2022-02-25 00:57:36,860] {processor.py:642} INFO - Processing file /home/airflow/.local/lib/python3.7/site-packages/airflow/example_dags/example_task_group_decorator.py for tasks to queue
[2022-02-25 00:57:36,865] {logging_mixin.py:109} INFO - [2022-02-25 00:57:36,864] {dagbag.py:500} INFO - Filling up the DagBag from /home/airflow/.local/lib/python3.7/site-packages/airflow/example_dags/example_task_group_decorator.py
[2022-02-25 00:57:37,051] {processor.py:654} INFO - DAG(s) dict_keys(['example_task_group_decorator']) retrieved from /home/airflow/.local/lib/python3.7/site-packages/airflow/example_dags/example_task_group_decorator.py
[2022-02-25 00:57:38,220] {logging_mixin.py:109} INFO - [2022-02-25 00:57:38,219] {dag.py:2396} INFO - Sync 1 DAGs
[2022-02-25 00:57:38,287] {logging_mixin.py:109} INFO - [2022-02-25 00:57:38,286] {dag.py:2935} INFO - Setting next_dagrun for example_task_group_decorator to 2022-02-24T00:57:38.285210+00:00
[2022-02-25 00:57:38,328] {processor.py:171} INFO - Processing /home/airflow/.local/lib/python3.7/site-packages/airflow/example_dags/example_task_group_decorator.py took 1.482 seconds
[2022-02-25 00:58:08,883] {processor.py:163} INFO - Started process (PID=2405) to work on /home/airflow/.local/lib/python3.7/site-packages/airflow/example_dags/example_task_group_decorator.py
[2022-02-25 00:58:08,889] {processor.py:642} INFO - Processing file /home/airflow/.local/lib/python3.7/site-packages/airflow/example_dags/example_task_group_decorator.py for tasks to queue
[2022-02-25 00:58:08,893] {logging_mixin.py:109} INFO - [2022-02-25 00:58:08,892] {dagbag.py:500} INFO - Filling up the DagBag from /home/airflow/.local/lib/python3.7/site-packages/airflow/example_dags/example_task_group_decorator.py
[2022-02-25 00:58:09,054] {processor.py:654} INFO - DAG(s) dict_keys(['example_task_group_decorator']) retrieved from /home/airflow/.local/lib/python3.7/site-packages/airflow/example_dags/example_task_group_decorator.py
[2022-02-25 00:58:10,309] {logging_mixin.py:109} INFO - [2022-02-25 00:58:10,309] {dag.py:2396} INFO - Sync 1 DAGs
[2022-02-25 00:58:10,385] {logging_mixin.py:109} INFO - [2022-02-25 00:58:10,385] {dag.py:2935} INFO - Setting next_dagrun for example_task_group_decorator to 2022-02-24T00:58:10.383568+00:00
[2022-02-25 00:58:10,428] {processor.py:171} INFO - Processing /home/airflow/.local/lib/python3.7/site-packages/airflow/example_dags/example_task_group_decorator.py took 1.552 seconds
[2022-02-25 00:58:40,898] {processor.py:163} INFO - Started process (PID=2505) to work on /home/airflow/.local/lib/python3.7/site-packages/airflow/example_dags/example_task_group_decorator.py
[2022-02-25 00:58:40,904] {processor.py:642} INFO - Processing file /home/airflow/.local/lib/python3.7/site-packages/airflow/example_dags/example_task_group_decorator.py for tasks to queue
[2022-02-25 00:58:40,908] {logging_mixin.py:109} INFO - [2022-02-25 00:58:40,908] {dagbag.py:500} INFO - Filling up the DagBag from /home/airflow/.local/lib/python3.7/site-packages/airflow/example_dags/example_task_group_decorator.py
[2022-02-25 00:58:41,205] {processor.py:654} INFO - DAG(s) dict_keys(['example_task_group_decorator']) retrieved from /home/airflow/.local/lib/python3.7/site-packages/airflow/example_dags/example_task_group_decorator.py
[2022-02-25 00:58:42,409] {logging_mixin.py:109} INFO - [2022-02-25 00:58:42,408] {dag.py:2396} INFO - Sync 1 DAGs
[2022-02-25 00:58:42,515] {logging_mixin.py:109} INFO - [2022-02-25 00:58:42,514] {dag.py:2935} INFO - Setting next_dagrun for example_task_group_decorator to 2022-02-24T00:58:42.512206+00:00
[2022-02-25 00:58:42,573] {processor.py:171} INFO - Processing /home/airflow/.local/lib/python3.7/site-packages/airflow/example_dags/example_task_group_decorator.py took 1.684 seconds
[2022-02-25 00:59:13,133] {processor.py:163} INFO - Started process (PID=2611) to work on /home/airflow/.local/lib/python3.7/site-packages/airflow/example_dags/example_task_group_decorator.py
[2022-02-25 00:59:13,140] {processor.py:642} INFO - Processing file /home/airflow/.local/lib/python3.7/site-packages/airflow/example_dags/example_task_group_decorator.py for tasks to queue
[2022-02-25 00:59:13,145] {logging_mixin.py:109} INFO - [2022-02-25 00:59:13,144] {dagbag.py:500} INFO - Filling up the DagBag from /home/airflow/.local/lib/python3.7/site-packages/airflow/example_dags/example_task_group_decorator.py
[2022-02-25 00:59:13,425] {processor.py:654} INFO - DAG(s) dict_keys(['example_task_group_decorator']) retrieved from /home/airflow/.local/lib/python3.7/site-packages/airflow/example_dags/example_task_group_decorator.py
[2022-02-25 00:59:14,378] {logging_mixin.py:109} INFO - [2022-02-25 00:59:14,377] {dag.py:2396} INFO - Sync 1 DAGs
[2022-02-25 00:59:14,434] {logging_mixin.py:109} INFO - [2022-02-25 00:59:14,434] {dag.py:2935} INFO - Setting next_dagrun for example_task_group_decorator to 2022-02-24T00:59:14.432677+00:00
[2022-02-25 00:59:14,473] {processor.py:171} INFO - Processing /home/airflow/.local/lib/python3.7/site-packages/airflow/example_dags/example_task_group_decorator.py took 1.351 seconds
[2022-02-25 00:59:45,035] {processor.py:163} INFO - Started process (PID=2703) to work on /home/airflow/.local/lib/python3.7/site-packages/airflow/example_dags/example_task_group_decorator.py
[2022-02-25 00:59:45,039] {processor.py:642} INFO - Processing file /home/airflow/.local/lib/python3.7/site-packages/airflow/example_dags/example_task_group_decorator.py for tasks to queue
[2022-02-25 00:59:45,043] {logging_mixin.py:109} INFO - [2022-02-25 00:59:45,042] {dagbag.py:500} INFO - Filling up the DagBag from /home/airflow/.local/lib/python3.7/site-packages/airflow/example_dags/example_task_group_decorator.py
[2022-02-25 00:59:45,313] {processor.py:654} INFO - DAG(s) dict_keys(['example_task_group_decorator']) retrieved from /home/airflow/.local/lib/python3.7/site-packages/airflow/example_dags/example_task_group_decorator.py
[2022-02-25 00:59:46,238] {logging_mixin.py:109} INFO - [2022-02-25 00:59:46,238] {dag.py:2396} INFO - Sync 1 DAGs
[2022-02-25 00:59:46,294] {logging_mixin.py:109} INFO - [2022-02-25 00:59:46,294] {dag.py:2935} INFO - Setting next_dagrun for example_task_group_decorator to 2022-02-24T00:59:46.292668+00:00
[2022-02-25 00:59:46,333] {processor.py:171} INFO - Processing /home/airflow/.local/lib/python3.7/site-packages/airflow/example_dags/example_task_group_decorator.py took 1.306 seconds
[2022-02-25 01:00:16,805] {processor.py:163} INFO - Started process (PID=2809) to work on /home/airflow/.local/lib/python3.7/site-packages/airflow/example_dags/example_task_group_decorator.py
[2022-02-25 01:00:16,809] {processor.py:642} INFO - Processing file /home/airflow/.local/lib/python3.7/site-packages/airflow/example_dags/example_task_group_decorator.py for tasks to queue
[2022-02-25 01:00:16,813] {logging_mixin.py:109} INFO - [2022-02-25 01:00:16,813] {dagbag.py:500} INFO - Filling up the DagBag from /home/airflow/.local/lib/python3.7/site-packages/airflow/example_dags/example_task_group_decorator.py
[2022-02-25 01:00:17,068] {processor.py:654} INFO - DAG(s) dict_keys(['example_task_group_decorator']) retrieved from /home/airflow/.local/lib/python3.7/site-packages/airflow/example_dags/example_task_group_decorator.py
[2022-02-25 01:00:18,060] {logging_mixin.py:109} INFO - [2022-02-25 01:00:18,060] {dag.py:2396} INFO - Sync 1 DAGs
[2022-02-25 01:00:18,119] {logging_mixin.py:109} INFO - [2022-02-25 01:00:18,119] {dag.py:2935} INFO - Setting next_dagrun for example_task_group_decorator to 2022-02-24T01:00:18.117421+00:00
[2022-02-25 01:00:18,158] {processor.py:171} INFO - Processing /home/airflow/.local/lib/python3.7/site-packages/airflow/example_dags/example_task_group_decorator.py took 1.361 seconds
[2022-02-25 01:00:48,462] {processor.py:163} INFO - Started process (PID=2909) to work on /home/airflow/.local/lib/python3.7/site-packages/airflow/example_dags/example_task_group_decorator.py
[2022-02-25 01:00:48,466] {processor.py:642} INFO - Processing file /home/airflow/.local/lib/python3.7/site-packages/airflow/example_dags/example_task_group_decorator.py for tasks to queue
[2022-02-25 01:00:48,470] {logging_mixin.py:109} INFO - [2022-02-25 01:00:48,470] {dagbag.py:500} INFO - Filling up the DagBag from /home/airflow/.local/lib/python3.7/site-packages/airflow/example_dags/example_task_group_decorator.py
[2022-02-25 01:00:48,744] {processor.py:654} INFO - DAG(s) dict_keys(['example_task_group_decorator']) retrieved from /home/airflow/.local/lib/python3.7/site-packages/airflow/example_dags/example_task_group_decorator.py
[2022-02-25 01:00:49,780] {logging_mixin.py:109} INFO - [2022-02-25 01:00:49,779] {dag.py:2396} INFO - Sync 1 DAGs
[2022-02-25 01:00:49,842] {logging_mixin.py:109} INFO - [2022-02-25 01:00:49,842] {dag.py:2935} INFO - Setting next_dagrun for example_task_group_decorator to 2022-02-24T01:00:49.840402+00:00
[2022-02-25 01:00:49,883] {processor.py:171} INFO - Processing /home/airflow/.local/lib/python3.7/site-packages/airflow/example_dags/example_task_group_decorator.py took 1.429 seconds
[2022-02-25 01:01:20,218] {processor.py:163} INFO - Started process (PID=3004) to work on /home/airflow/.local/lib/python3.7/site-packages/airflow/example_dags/example_task_group_decorator.py
[2022-02-25 01:01:20,223] {processor.py:642} INFO - Processing file /home/airflow/.local/lib/python3.7/site-packages/airflow/example_dags/example_task_group_decorator.py for tasks to queue
[2022-02-25 01:01:20,226] {logging_mixin.py:109} INFO - [2022-02-25 01:01:20,226] {dagbag.py:500} INFO - Filling up the DagBag from /home/airflow/.local/lib/python3.7/site-packages/airflow/example_dags/example_task_group_decorator.py
[2022-02-25 01:01:20,511] {processor.py:654} INFO - DAG(s) dict_keys(['example_task_group_decorator']) retrieved from /home/airflow/.local/lib/python3.7/site-packages/airflow/example_dags/example_task_group_decorator.py
[2022-02-25 01:01:21,533] {logging_mixin.py:109} INFO - [2022-02-25 01:01:21,533] {dag.py:2396} INFO - Sync 1 DAGs
[2022-02-25 01:01:21,597] {logging_mixin.py:109} INFO - [2022-02-25 01:01:21,596] {dag.py:2935} INFO - Setting next_dagrun for example_task_group_decorator to 2022-02-24T01:01:21.595147+00:00
[2022-02-25 01:01:21,637] {processor.py:171} INFO - Processing /home/airflow/.local/lib/python3.7/site-packages/airflow/example_dags/example_task_group_decorator.py took 1.426 seconds
[2022-02-25 01:01:51,867] {processor.py:163} INFO - Started process (PID=3110) to work on /home/airflow/.local/lib/python3.7/site-packages/airflow/example_dags/example_task_group_decorator.py
[2022-02-25 01:01:51,873] {processor.py:642} INFO - Processing file /home/airflow/.local/lib/python3.7/site-packages/airflow/example_dags/example_task_group_decorator.py for tasks to queue
[2022-02-25 01:01:51,876] {logging_mixin.py:109} INFO - [2022-02-25 01:01:51,876] {dagbag.py:500} INFO - Filling up the DagBag from /home/airflow/.local/lib/python3.7/site-packages/airflow/example_dags/example_task_group_decorator.py
[2022-02-25 01:01:52,162] {processor.py:654} INFO - DAG(s) dict_keys(['example_task_group_decorator']) retrieved from /home/airflow/.local/lib/python3.7/site-packages/airflow/example_dags/example_task_group_decorator.py
[2022-02-25 01:01:53,183] {logging_mixin.py:109} INFO - [2022-02-25 01:01:53,182] {dag.py:2396} INFO - Sync 1 DAGs
[2022-02-25 01:01:53,257] {logging_mixin.py:109} INFO - [2022-02-25 01:01:53,256] {dag.py:2935} INFO - Setting next_dagrun for example_task_group_decorator to 2022-02-24T01:01:53.255331+00:00
[2022-02-25 01:01:53,300] {processor.py:171} INFO - Processing /home/airflow/.local/lib/python3.7/site-packages/airflow/example_dags/example_task_group_decorator.py took 1.441 seconds
[2022-02-25 01:02:23,800] {processor.py:163} INFO - Started process (PID=3199) to work on /home/airflow/.local/lib/python3.7/site-packages/airflow/example_dags/example_task_group_decorator.py
[2022-02-25 01:02:23,805] {processor.py:642} INFO - Processing file /home/airflow/.local/lib/python3.7/site-packages/airflow/example_dags/example_task_group_decorator.py for tasks to queue
[2022-02-25 01:02:23,809] {logging_mixin.py:109} INFO - [2022-02-25 01:02:23,808] {dagbag.py:500} INFO - Filling up the DagBag from /home/airflow/.local/lib/python3.7/site-packages/airflow/example_dags/example_task_group_decorator.py
[2022-02-25 01:02:23,973] {processor.py:654} INFO - DAG(s) dict_keys(['example_task_group_decorator']) retrieved from /home/airflow/.local/lib/python3.7/site-packages/airflow/example_dags/example_task_group_decorator.py
[2022-02-25 01:02:25,181] {logging_mixin.py:109} INFO - [2022-02-25 01:02:25,180] {dag.py:2396} INFO - Sync 1 DAGs
[2022-02-25 01:02:25,258] {logging_mixin.py:109} INFO - [2022-02-25 01:02:25,258] {dag.py:2935} INFO - Setting next_dagrun for example_task_group_decorator to 2022-02-24T01:02:25.256380+00:00
[2022-02-25 01:02:25,302] {processor.py:171} INFO - Processing /home/airflow/.local/lib/python3.7/site-packages/airflow/example_dags/example_task_group_decorator.py took 1.510 seconds
[2022-02-25 01:02:55,687] {processor.py:163} INFO - Started process (PID=3306) to work on /home/airflow/.local/lib/python3.7/site-packages/airflow/example_dags/example_task_group_decorator.py
[2022-02-25 01:02:55,692] {processor.py:642} INFO - Processing file /home/airflow/.local/lib/python3.7/site-packages/airflow/example_dags/example_task_group_decorator.py for tasks to queue
[2022-02-25 01:02:55,696] {logging_mixin.py:109} INFO - [2022-02-25 01:02:55,695] {dagbag.py:500} INFO - Filling up the DagBag from /home/airflow/.local/lib/python3.7/site-packages/airflow/example_dags/example_task_group_decorator.py
[2022-02-25 01:02:55,867] {processor.py:654} INFO - DAG(s) dict_keys(['example_task_group_decorator']) retrieved from /home/airflow/.local/lib/python3.7/site-packages/airflow/example_dags/example_task_group_decorator.py
[2022-02-25 01:02:56,853] {logging_mixin.py:109} INFO - [2022-02-25 01:02:56,852] {dag.py:2396} INFO - Sync 1 DAGs
[2022-02-25 01:02:56,918] {logging_mixin.py:109} INFO - [2022-02-25 01:02:56,918] {dag.py:2935} INFO - Setting next_dagrun for example_task_group_decorator to 2022-02-24T01:02:56.916287+00:00
[2022-02-25 01:02:56,959] {processor.py:171} INFO - Processing /home/airflow/.local/lib/python3.7/site-packages/airflow/example_dags/example_task_group_decorator.py took 1.279 seconds
[2022-02-25 01:03:27,689] {processor.py:163} INFO - Started process (PID=3397) to work on /home/airflow/.local/lib/python3.7/site-packages/airflow/example_dags/example_task_group_decorator.py
[2022-02-25 01:03:27,695] {processor.py:642} INFO - Processing file /home/airflow/.local/lib/python3.7/site-packages/airflow/example_dags/example_task_group_decorator.py for tasks to queue
[2022-02-25 01:03:27,698] {logging_mixin.py:109} INFO - [2022-02-25 01:03:27,698] {dagbag.py:500} INFO - Filling up the DagBag from /home/airflow/.local/lib/python3.7/site-packages/airflow/example_dags/example_task_group_decorator.py
[2022-02-25 01:03:27,861] {processor.py:654} INFO - DAG(s) dict_keys(['example_task_group_decorator']) retrieved from /home/airflow/.local/lib/python3.7/site-packages/airflow/example_dags/example_task_group_decorator.py
[2022-02-25 01:03:28,980] {logging_mixin.py:109} INFO - [2022-02-25 01:03:28,979] {dag.py:2396} INFO - Sync 1 DAGs
[2022-02-25 01:03:29,053] {logging_mixin.py:109} INFO - [2022-02-25 01:03:29,053] {dag.py:2935} INFO - Setting next_dagrun for example_task_group_decorator to 2022-02-24T01:03:29.051128+00:00
[2022-02-25 01:03:29,096] {processor.py:171} INFO - Processing /home/airflow/.local/lib/python3.7/site-packages/airflow/example_dags/example_task_group_decorator.py took 1.416 seconds
[2022-02-25 01:03:59,195] {processor.py:163} INFO - Started process (PID=3506) to work on /home/airflow/.local/lib/python3.7/site-packages/airflow/example_dags/example_task_group_decorator.py
[2022-02-25 01:03:59,199] {processor.py:642} INFO - Processing file /home/airflow/.local/lib/python3.7/site-packages/airflow/example_dags/example_task_group_decorator.py for tasks to queue
[2022-02-25 01:03:59,202] {logging_mixin.py:109} INFO - [2022-02-25 01:03:59,202] {dagbag.py:500} INFO - Filling up the DagBag from /home/airflow/.local/lib/python3.7/site-packages/airflow/example_dags/example_task_group_decorator.py
[2022-02-25 01:03:59,357] {processor.py:654} INFO - DAG(s) dict_keys(['example_task_group_decorator']) retrieved from /home/airflow/.local/lib/python3.7/site-packages/airflow/example_dags/example_task_group_decorator.py
[2022-02-25 01:04:00,366] {logging_mixin.py:109} INFO - [2022-02-25 01:04:00,365] {dag.py:2396} INFO - Sync 1 DAGs
[2022-02-25 01:04:00,436] {logging_mixin.py:109} INFO - [2022-02-25 01:04:00,435] {dag.py:2935} INFO - Setting next_dagrun for example_task_group_decorator to 2022-02-24T01:04:00.433834+00:00
[2022-02-25 01:04:00,483] {processor.py:171} INFO - Processing /home/airflow/.local/lib/python3.7/site-packages/airflow/example_dags/example_task_group_decorator.py took 1.295 seconds
[2022-02-25 01:04:30,546] {processor.py:163} INFO - Started process (PID=3612) to work on /home/airflow/.local/lib/python3.7/site-packages/airflow/example_dags/example_task_group_decorator.py
[2022-02-25 01:04:30,551] {processor.py:642} INFO - Processing file /home/airflow/.local/lib/python3.7/site-packages/airflow/example_dags/example_task_group_decorator.py for tasks to queue
[2022-02-25 01:04:30,555] {logging_mixin.py:109} INFO - [2022-02-25 01:04:30,555] {dagbag.py:500} INFO - Filling up the DagBag from /home/airflow/.local/lib/python3.7/site-packages/airflow/example_dags/example_task_group_decorator.py
[2022-02-25 01:04:30,721] {processor.py:654} INFO - DAG(s) dict_keys(['example_task_group_decorator']) retrieved from /home/airflow/.local/lib/python3.7/site-packages/airflow/example_dags/example_task_group_decorator.py
[2022-02-25 01:04:31,820] {logging_mixin.py:109} INFO - [2022-02-25 01:04:31,820] {dag.py:2396} INFO - Sync 1 DAGs
[2022-02-25 01:04:31,893] {logging_mixin.py:109} INFO - [2022-02-25 01:04:31,892] {dag.py:2935} INFO - Setting next_dagrun for example_task_group_decorator to 2022-02-24T01:04:31.890925+00:00
[2022-02-25 01:04:31,935] {processor.py:171} INFO - Processing /home/airflow/.local/lib/python3.7/site-packages/airflow/example_dags/example_task_group_decorator.py took 1.398 seconds
[2022-02-25 01:05:02,879] {processor.py:163} INFO - Started process (PID=3703) to work on /home/airflow/.local/lib/python3.7/site-packages/airflow/example_dags/example_task_group_decorator.py
[2022-02-25 01:05:02,883] {processor.py:642} INFO - Processing file /home/airflow/.local/lib/python3.7/site-packages/airflow/example_dags/example_task_group_decorator.py for tasks to queue
[2022-02-25 01:05:02,887] {logging_mixin.py:109} INFO - [2022-02-25 01:05:02,886] {dagbag.py:500} INFO - Filling up the DagBag from /home/airflow/.local/lib/python3.7/site-packages/airflow/example_dags/example_task_group_decorator.py
[2022-02-25 01:05:03,038] {processor.py:654} INFO - DAG(s) dict_keys(['example_task_group_decorator']) retrieved from /home/airflow/.local/lib/python3.7/site-packages/airflow/example_dags/example_task_group_decorator.py
[2022-02-25 01:05:04,024] {logging_mixin.py:109} INFO - [2022-02-25 01:05:04,023] {dag.py:2396} INFO - Sync 1 DAGs
[2022-02-25 01:05:04,084] {logging_mixin.py:109} INFO - [2022-02-25 01:05:04,083] {dag.py:2935} INFO - Setting next_dagrun for example_task_group_decorator to 2022-02-24T01:05:04.082326+00:00
[2022-02-25 01:05:04,122] {processor.py:171} INFO - Processing /home/airflow/.local/lib/python3.7/site-packages/airflow/example_dags/example_task_group_decorator.py took 1.250 seconds
[2022-02-25 01:05:34,420] {processor.py:163} INFO - Started process (PID=3809) to work on /home/airflow/.local/lib/python3.7/site-packages/airflow/example_dags/example_task_group_decorator.py
[2022-02-25 01:05:34,424] {processor.py:642} INFO - Processing file /home/airflow/.local/lib/python3.7/site-packages/airflow/example_dags/example_task_group_decorator.py for tasks to queue
[2022-02-25 01:05:34,427] {logging_mixin.py:109} INFO - [2022-02-25 01:05:34,427] {dagbag.py:500} INFO - Filling up the DagBag from /home/airflow/.local/lib/python3.7/site-packages/airflow/example_dags/example_task_group_decorator.py
[2022-02-25 01:05:34,566] {processor.py:654} INFO - DAG(s) dict_keys(['example_task_group_decorator']) retrieved from /home/airflow/.local/lib/python3.7/site-packages/airflow/example_dags/example_task_group_decorator.py
[2022-02-25 01:05:35,503] {logging_mixin.py:109} INFO - [2022-02-25 01:05:35,503] {dag.py:2396} INFO - Sync 1 DAGs
[2022-02-25 01:05:35,566] {logging_mixin.py:109} INFO - [2022-02-25 01:05:35,565] {dag.py:2935} INFO - Setting next_dagrun for example_task_group_decorator to 2022-02-24T01:05:35.563570+00:00
[2022-02-25 01:05:35,602] {processor.py:171} INFO - Processing /home/airflow/.local/lib/python3.7/site-packages/airflow/example_dags/example_task_group_decorator.py took 1.190 seconds
[2022-02-25 01:06:06,444] {processor.py:163} INFO - Started process (PID=3902) to work on /home/airflow/.local/lib/python3.7/site-packages/airflow/example_dags/example_task_group_decorator.py
[2022-02-25 01:06:06,448] {processor.py:642} INFO - Processing file /home/airflow/.local/lib/python3.7/site-packages/airflow/example_dags/example_task_group_decorator.py for tasks to queue
[2022-02-25 01:06:06,451] {logging_mixin.py:109} INFO - [2022-02-25 01:06:06,451] {dagbag.py:500} INFO - Filling up the DagBag from /home/airflow/.local/lib/python3.7/site-packages/airflow/example_dags/example_task_group_decorator.py
[2022-02-25 01:06:06,615] {processor.py:654} INFO - DAG(s) dict_keys(['example_task_group_decorator']) retrieved from /home/airflow/.local/lib/python3.7/site-packages/airflow/example_dags/example_task_group_decorator.py
[2022-02-25 01:06:07,645] {logging_mixin.py:109} INFO - [2022-02-25 01:06:07,645] {dag.py:2396} INFO - Sync 1 DAGs
[2022-02-25 01:06:07,706] {logging_mixin.py:109} INFO - [2022-02-25 01:06:07,706] {dag.py:2935} INFO - Setting next_dagrun for example_task_group_decorator to 2022-02-24T01:06:07.704472+00:00
[2022-02-25 01:06:07,744] {processor.py:171} INFO - Processing /home/airflow/.local/lib/python3.7/site-packages/airflow/example_dags/example_task_group_decorator.py took 1.308 seconds
[2022-02-25 01:06:37,808] {processor.py:163} INFO - Started process (PID=4012) to work on /home/airflow/.local/lib/python3.7/site-packages/airflow/example_dags/example_task_group_decorator.py
[2022-02-25 01:06:37,814] {processor.py:642} INFO - Processing file /home/airflow/.local/lib/python3.7/site-packages/airflow/example_dags/example_task_group_decorator.py for tasks to queue
[2022-02-25 01:06:37,817] {logging_mixin.py:109} INFO - [2022-02-25 01:06:37,817] {dagbag.py:500} INFO - Filling up the DagBag from /home/airflow/.local/lib/python3.7/site-packages/airflow/example_dags/example_task_group_decorator.py
[2022-02-25 01:06:37,973] {processor.py:654} INFO - DAG(s) dict_keys(['example_task_group_decorator']) retrieved from /home/airflow/.local/lib/python3.7/site-packages/airflow/example_dags/example_task_group_decorator.py
[2022-02-25 01:06:39,085] {logging_mixin.py:109} INFO - [2022-02-25 01:06:39,085] {dag.py:2396} INFO - Sync 1 DAGs
[2022-02-25 01:06:39,149] {logging_mixin.py:109} INFO - [2022-02-25 01:06:39,148] {dag.py:2935} INFO - Setting next_dagrun for example_task_group_decorator to 2022-02-24T01:06:39.146983+00:00
[2022-02-25 01:06:39,190] {processor.py:171} INFO - Processing /home/airflow/.local/lib/python3.7/site-packages/airflow/example_dags/example_task_group_decorator.py took 1.389 seconds
[2022-02-25 01:07:09,479] {processor.py:163} INFO - Started process (PID=4122) to work on /home/airflow/.local/lib/python3.7/site-packages/airflow/example_dags/example_task_group_decorator.py
[2022-02-25 01:07:09,486] {processor.py:642} INFO - Processing file /home/airflow/.local/lib/python3.7/site-packages/airflow/example_dags/example_task_group_decorator.py for tasks to queue
[2022-02-25 01:07:09,490] {logging_mixin.py:109} INFO - [2022-02-25 01:07:09,490] {dagbag.py:500} INFO - Filling up the DagBag from /home/airflow/.local/lib/python3.7/site-packages/airflow/example_dags/example_task_group_decorator.py
[2022-02-25 01:07:09,660] {processor.py:654} INFO - DAG(s) dict_keys(['example_task_group_decorator']) retrieved from /home/airflow/.local/lib/python3.7/site-packages/airflow/example_dags/example_task_group_decorator.py
[2022-02-25 01:07:10,765] {logging_mixin.py:109} INFO - [2022-02-25 01:07:10,765] {dag.py:2396} INFO - Sync 1 DAGs
[2022-02-25 01:07:10,834] {logging_mixin.py:109} INFO - [2022-02-25 01:07:10,833] {dag.py:2935} INFO - Setting next_dagrun for example_task_group_decorator to 2022-02-24T01:07:10.831696+00:00
[2022-02-25 01:07:10,877] {processor.py:171} INFO - Processing /home/airflow/.local/lib/python3.7/site-packages/airflow/example_dags/example_task_group_decorator.py took 1.406 seconds
[2022-02-25 01:07:41,208] {processor.py:163} INFO - Started process (PID=4219) to work on /home/airflow/.local/lib/python3.7/site-packages/airflow/example_dags/example_task_group_decorator.py
[2022-02-25 01:07:41,216] {processor.py:642} INFO - Processing file /home/airflow/.local/lib/python3.7/site-packages/airflow/example_dags/example_task_group_decorator.py for tasks to queue
[2022-02-25 01:07:41,220] {logging_mixin.py:109} INFO - [2022-02-25 01:07:41,220] {dagbag.py:500} INFO - Filling up the DagBag from /home/airflow/.local/lib/python3.7/site-packages/airflow/example_dags/example_task_group_decorator.py
[2022-02-25 01:07:41,384] {processor.py:654} INFO - DAG(s) dict_keys(['example_task_group_decorator']) retrieved from /home/airflow/.local/lib/python3.7/site-packages/airflow/example_dags/example_task_group_decorator.py
[2022-02-25 01:07:42,432] {logging_mixin.py:109} INFO - [2022-02-25 01:07:42,431] {dag.py:2396} INFO - Sync 1 DAGs
[2022-02-25 01:07:42,508] {logging_mixin.py:109} INFO - [2022-02-25 01:07:42,508] {dag.py:2935} INFO - Setting next_dagrun for example_task_group_decorator to 2022-02-24T01:07:42.506175+00:00
[2022-02-25 01:07:42,559] {processor.py:171} INFO - Processing /home/airflow/.local/lib/python3.7/site-packages/airflow/example_dags/example_task_group_decorator.py took 1.359 seconds
[2022-02-25 01:08:12,694] {processor.py:163} INFO - Started process (PID=4330) to work on /home/airflow/.local/lib/python3.7/site-packages/airflow/example_dags/example_task_group_decorator.py
[2022-02-25 01:08:12,699] {processor.py:642} INFO - Processing file /home/airflow/.local/lib/python3.7/site-packages/airflow/example_dags/example_task_group_decorator.py for tasks to queue
[2022-02-25 01:08:12,704] {logging_mixin.py:109} INFO - [2022-02-25 01:08:12,703] {dagbag.py:500} INFO - Filling up the DagBag from /home/airflow/.local/lib/python3.7/site-packages/airflow/example_dags/example_task_group_decorator.py
[2022-02-25 01:08:12,857] {processor.py:654} INFO - DAG(s) dict_keys(['example_task_group_decorator']) retrieved from /home/airflow/.local/lib/python3.7/site-packages/airflow/example_dags/example_task_group_decorator.py
[2022-02-25 01:08:13,934] {logging_mixin.py:109} INFO - [2022-02-25 01:08:13,934] {dag.py:2396} INFO - Sync 1 DAGs
[2022-02-25 01:08:13,993] {logging_mixin.py:109} INFO - [2022-02-25 01:08:13,992] {dag.py:2935} INFO - Setting next_dagrun for example_task_group_decorator to 2022-02-24T01:08:13.991165+00:00
[2022-02-25 01:08:14,029] {processor.py:171} INFO - Processing /home/airflow/.local/lib/python3.7/site-packages/airflow/example_dags/example_task_group_decorator.py took 1.342 seconds
[2022-02-25 01:08:44,151] {processor.py:163} INFO - Started process (PID=4425) to work on /home/airflow/.local/lib/python3.7/site-packages/airflow/example_dags/example_task_group_decorator.py
[2022-02-25 01:08:44,157] {processor.py:642} INFO - Processing file /home/airflow/.local/lib/python3.7/site-packages/airflow/example_dags/example_task_group_decorator.py for tasks to queue
[2022-02-25 01:08:44,163] {logging_mixin.py:109} INFO - [2022-02-25 01:08:44,163] {dagbag.py:500} INFO - Filling up the DagBag from /home/airflow/.local/lib/python3.7/site-packages/airflow/example_dags/example_task_group_decorator.py
[2022-02-25 01:08:44,325] {processor.py:654} INFO - DAG(s) dict_keys(['example_task_group_decorator']) retrieved from /home/airflow/.local/lib/python3.7/site-packages/airflow/example_dags/example_task_group_decorator.py
[2022-02-25 01:08:45,361] {logging_mixin.py:109} INFO - [2022-02-25 01:08:45,360] {dag.py:2396} INFO - Sync 1 DAGs
[2022-02-25 01:08:45,428] {logging_mixin.py:109} INFO - [2022-02-25 01:08:45,428] {dag.py:2935} INFO - Setting next_dagrun for example_task_group_decorator to 2022-02-24T01:08:45.426471+00:00
[2022-02-25 01:08:45,470] {processor.py:171} INFO - Processing /home/airflow/.local/lib/python3.7/site-packages/airflow/example_dags/example_task_group_decorator.py took 1.326 seconds
[2022-02-25 01:09:15,846] {processor.py:163} INFO - Started process (PID=4531) to work on /home/airflow/.local/lib/python3.7/site-packages/airflow/example_dags/example_task_group_decorator.py
[2022-02-25 01:09:15,851] {processor.py:642} INFO - Processing file /home/airflow/.local/lib/python3.7/site-packages/airflow/example_dags/example_task_group_decorator.py for tasks to queue
[2022-02-25 01:09:15,856] {logging_mixin.py:109} INFO - [2022-02-25 01:09:15,856] {dagbag.py:500} INFO - Filling up the DagBag from /home/airflow/.local/lib/python3.7/site-packages/airflow/example_dags/example_task_group_decorator.py
[2022-02-25 01:09:16,007] {processor.py:654} INFO - DAG(s) dict_keys(['example_task_group_decorator']) retrieved from /home/airflow/.local/lib/python3.7/site-packages/airflow/example_dags/example_task_group_decorator.py
[2022-02-25 01:09:17,039] {logging_mixin.py:109} INFO - [2022-02-25 01:09:17,039] {dag.py:2396} INFO - Sync 1 DAGs
[2022-02-25 01:09:17,100] {logging_mixin.py:109} INFO - [2022-02-25 01:09:17,099] {dag.py:2935} INFO - Setting next_dagrun for example_task_group_decorator to 2022-02-24T01:09:17.098247+00:00
[2022-02-25 01:09:17,138] {processor.py:171} INFO - Processing /home/airflow/.local/lib/python3.7/site-packages/airflow/example_dags/example_task_group_decorator.py took 1.299 seconds
[2022-02-25 01:09:47,248] {processor.py:163} INFO - Started process (PID=4626) to work on /home/airflow/.local/lib/python3.7/site-packages/airflow/example_dags/example_task_group_decorator.py
[2022-02-25 01:09:47,253] {processor.py:642} INFO - Processing file /home/airflow/.local/lib/python3.7/site-packages/airflow/example_dags/example_task_group_decorator.py for tasks to queue
[2022-02-25 01:09:47,256] {logging_mixin.py:109} INFO - [2022-02-25 01:09:47,256] {dagbag.py:500} INFO - Filling up the DagBag from /home/airflow/.local/lib/python3.7/site-packages/airflow/example_dags/example_task_group_decorator.py
[2022-02-25 01:09:47,397] {processor.py:654} INFO - DAG(s) dict_keys(['example_task_group_decorator']) retrieved from /home/airflow/.local/lib/python3.7/site-packages/airflow/example_dags/example_task_group_decorator.py
[2022-02-25 01:09:48,408] {logging_mixin.py:109} INFO - [2022-02-25 01:09:48,407] {dag.py:2396} INFO - Sync 1 DAGs
[2022-02-25 01:09:48,491] {logging_mixin.py:109} INFO - [2022-02-25 01:09:48,490] {dag.py:2935} INFO - Setting next_dagrun for example_task_group_decorator to 2022-02-24T01:09:48.488566+00:00
[2022-02-25 01:09:48,545] {processor.py:171} INFO - Processing /home/airflow/.local/lib/python3.7/site-packages/airflow/example_dags/example_task_group_decorator.py took 1.305 seconds
[2022-02-25 01:10:18,631] {processor.py:163} INFO - Started process (PID=4735) to work on /home/airflow/.local/lib/python3.7/site-packages/airflow/example_dags/example_task_group_decorator.py
[2022-02-25 01:10:18,638] {processor.py:642} INFO - Processing file /home/airflow/.local/lib/python3.7/site-packages/airflow/example_dags/example_task_group_decorator.py for tasks to queue
[2022-02-25 01:10:18,643] {logging_mixin.py:109} INFO - [2022-02-25 01:10:18,642] {dagbag.py:500} INFO - Filling up the DagBag from /home/airflow/.local/lib/python3.7/site-packages/airflow/example_dags/example_task_group_decorator.py
[2022-02-25 01:10:18,794] {processor.py:654} INFO - DAG(s) dict_keys(['example_task_group_decorator']) retrieved from /home/airflow/.local/lib/python3.7/site-packages/airflow/example_dags/example_task_group_decorator.py
[2022-02-25 01:10:19,819] {logging_mixin.py:109} INFO - [2022-02-25 01:10:19,819] {dag.py:2396} INFO - Sync 1 DAGs
[2022-02-25 01:10:19,881] {logging_mixin.py:109} INFO - [2022-02-25 01:10:19,881] {dag.py:2935} INFO - Setting next_dagrun for example_task_group_decorator to 2022-02-24T01:10:19.879367+00:00
[2022-02-25 01:10:19,922] {processor.py:171} INFO - Processing /home/airflow/.local/lib/python3.7/site-packages/airflow/example_dags/example_task_group_decorator.py took 1.297 seconds
[2022-02-25 01:10:50,155] {processor.py:163} INFO - Started process (PID=4837) to work on /home/airflow/.local/lib/python3.7/site-packages/airflow/example_dags/example_task_group_decorator.py
[2022-02-25 01:10:50,162] {processor.py:642} INFO - Processing file /home/airflow/.local/lib/python3.7/site-packages/airflow/example_dags/example_task_group_decorator.py for tasks to queue
[2022-02-25 01:10:50,166] {logging_mixin.py:109} INFO - [2022-02-25 01:10:50,166] {dagbag.py:500} INFO - Filling up the DagBag from /home/airflow/.local/lib/python3.7/site-packages/airflow/example_dags/example_task_group_decorator.py
[2022-02-25 01:10:50,330] {processor.py:654} INFO - DAG(s) dict_keys(['example_task_group_decorator']) retrieved from /home/airflow/.local/lib/python3.7/site-packages/airflow/example_dags/example_task_group_decorator.py
[2022-02-25 01:10:51,477] {logging_mixin.py:109} INFO - [2022-02-25 01:10:51,476] {dag.py:2396} INFO - Sync 1 DAGs
[2022-02-25 01:10:51,543] {logging_mixin.py:109} INFO - [2022-02-25 01:10:51,542] {dag.py:2935} INFO - Setting next_dagrun for example_task_group_decorator to 2022-02-24T01:10:51.541030+00:00
[2022-02-25 01:10:51,594] {processor.py:171} INFO - Processing /home/airflow/.local/lib/python3.7/site-packages/airflow/example_dags/example_task_group_decorator.py took 1.447 seconds
[2022-02-25 01:11:22,082] {processor.py:163} INFO - Started process (PID=4936) to work on /home/airflow/.local/lib/python3.7/site-packages/airflow/example_dags/example_task_group_decorator.py
[2022-02-25 01:11:22,089] {processor.py:642} INFO - Processing file /home/airflow/.local/lib/python3.7/site-packages/airflow/example_dags/example_task_group_decorator.py for tasks to queue
[2022-02-25 01:11:22,092] {logging_mixin.py:109} INFO - [2022-02-25 01:11:22,092] {dagbag.py:500} INFO - Filling up the DagBag from /home/airflow/.local/lib/python3.7/site-packages/airflow/example_dags/example_task_group_decorator.py
[2022-02-25 01:11:22,250] {processor.py:654} INFO - DAG(s) dict_keys(['example_task_group_decorator']) retrieved from /home/airflow/.local/lib/python3.7/site-packages/airflow/example_dags/example_task_group_decorator.py
[2022-02-25 01:11:23,310] {logging_mixin.py:109} INFO - [2022-02-25 01:11:23,309] {dag.py:2396} INFO - Sync 1 DAGs
[2022-02-25 01:11:23,373] {logging_mixin.py:109} INFO - [2022-02-25 01:11:23,372] {dag.py:2935} INFO - Setting next_dagrun for example_task_group_decorator to 2022-02-24T01:11:23.370752+00:00
[2022-02-25 01:11:23,410] {processor.py:171} INFO - Processing /home/airflow/.local/lib/python3.7/site-packages/airflow/example_dags/example_task_group_decorator.py took 1.336 seconds
[2022-02-25 01:11:53,629] {processor.py:163} INFO - Started process (PID=5043) to work on /home/airflow/.local/lib/python3.7/site-packages/airflow/example_dags/example_task_group_decorator.py
[2022-02-25 01:11:53,637] {processor.py:642} INFO - Processing file /home/airflow/.local/lib/python3.7/site-packages/airflow/example_dags/example_task_group_decorator.py for tasks to queue
[2022-02-25 01:11:53,643] {logging_mixin.py:109} INFO - [2022-02-25 01:11:53,643] {dagbag.py:500} INFO - Filling up the DagBag from /home/airflow/.local/lib/python3.7/site-packages/airflow/example_dags/example_task_group_decorator.py
[2022-02-25 01:11:53,801] {processor.py:654} INFO - DAG(s) dict_keys(['example_task_group_decorator']) retrieved from /home/airflow/.local/lib/python3.7/site-packages/airflow/example_dags/example_task_group_decorator.py
[2022-02-25 01:11:54,767] {logging_mixin.py:109} INFO - [2022-02-25 01:11:54,766] {dag.py:2396} INFO - Sync 1 DAGs
[2022-02-25 01:11:54,831] {logging_mixin.py:109} INFO - [2022-02-25 01:11:54,831] {dag.py:2935} INFO - Setting next_dagrun for example_task_group_decorator to 2022-02-24T01:11:54.829596+00:00
[2022-02-25 01:11:54,869] {processor.py:171} INFO - Processing /home/airflow/.local/lib/python3.7/site-packages/airflow/example_dags/example_task_group_decorator.py took 1.250 seconds
[2022-02-25 01:12:24,998] {processor.py:163} INFO - Started process (PID=5132) to work on /home/airflow/.local/lib/python3.7/site-packages/airflow/example_dags/example_task_group_decorator.py
[2022-02-25 01:12:25,003] {processor.py:642} INFO - Processing file /home/airflow/.local/lib/python3.7/site-packages/airflow/example_dags/example_task_group_decorator.py for tasks to queue
[2022-02-25 01:12:25,006] {logging_mixin.py:109} INFO - [2022-02-25 01:12:25,006] {dagbag.py:500} INFO - Filling up the DagBag from /home/airflow/.local/lib/python3.7/site-packages/airflow/example_dags/example_task_group_decorator.py
[2022-02-25 01:12:25,150] {processor.py:654} INFO - DAG(s) dict_keys(['example_task_group_decorator']) retrieved from /home/airflow/.local/lib/python3.7/site-packages/airflow/example_dags/example_task_group_decorator.py
[2022-02-25 01:12:26,154] {logging_mixin.py:109} INFO - [2022-02-25 01:12:26,153] {dag.py:2396} INFO - Sync 1 DAGs
[2022-02-25 01:12:26,215] {logging_mixin.py:109} INFO - [2022-02-25 01:12:26,215] {dag.py:2935} INFO - Setting next_dagrun for example_task_group_decorator to 2022-02-24T01:12:26.213354+00:00
[2022-02-25 01:12:26,254] {processor.py:171} INFO - Processing /home/airflow/.local/lib/python3.7/site-packages/airflow/example_dags/example_task_group_decorator.py took 1.263 seconds
[2022-02-25 01:12:56,384] {processor.py:163} INFO - Started process (PID=5236) to work on /home/airflow/.local/lib/python3.7/site-packages/airflow/example_dags/example_task_group_decorator.py
[2022-02-25 01:12:56,390] {processor.py:642} INFO - Processing file /home/airflow/.local/lib/python3.7/site-packages/airflow/example_dags/example_task_group_decorator.py for tasks to queue
[2022-02-25 01:12:56,394] {logging_mixin.py:109} INFO - [2022-02-25 01:12:56,393] {dagbag.py:500} INFO - Filling up the DagBag from /home/airflow/.local/lib/python3.7/site-packages/airflow/example_dags/example_task_group_decorator.py
[2022-02-25 01:12:56,535] {processor.py:654} INFO - DAG(s) dict_keys(['example_task_group_decorator']) retrieved from /home/airflow/.local/lib/python3.7/site-packages/airflow/example_dags/example_task_group_decorator.py
[2022-02-25 01:12:57,528] {logging_mixin.py:109} INFO - [2022-02-25 01:12:57,527] {dag.py:2396} INFO - Sync 1 DAGs
[2022-02-25 01:12:57,598] {logging_mixin.py:109} INFO - [2022-02-25 01:12:57,598] {dag.py:2935} INFO - Setting next_dagrun for example_task_group_decorator to 2022-02-24T01:12:57.595963+00:00
[2022-02-25 01:12:57,678] {processor.py:171} INFO - Processing /home/airflow/.local/lib/python3.7/site-packages/airflow/example_dags/example_task_group_decorator.py took 1.301 seconds
[2022-02-25 01:13:27,945] {processor.py:163} INFO - Started process (PID=5325) to work on /home/airflow/.local/lib/python3.7/site-packages/airflow/example_dags/example_task_group_decorator.py
[2022-02-25 01:13:27,951] {processor.py:642} INFO - Processing file /home/airflow/.local/lib/python3.7/site-packages/airflow/example_dags/example_task_group_decorator.py for tasks to queue
[2022-02-25 01:13:27,954] {logging_mixin.py:109} INFO - [2022-02-25 01:13:27,954] {dagbag.py:500} INFO - Filling up the DagBag from /home/airflow/.local/lib/python3.7/site-packages/airflow/example_dags/example_task_group_decorator.py
[2022-02-25 01:13:28,108] {processor.py:654} INFO - DAG(s) dict_keys(['example_task_group_decorator']) retrieved from /home/airflow/.local/lib/python3.7/site-packages/airflow/example_dags/example_task_group_decorator.py
[2022-02-25 01:13:29,096] {logging_mixin.py:109} INFO - [2022-02-25 01:13:29,095] {dag.py:2396} INFO - Sync 1 DAGs
[2022-02-25 01:13:29,157] {logging_mixin.py:109} INFO - [2022-02-25 01:13:29,157] {dag.py:2935} INFO - Setting next_dagrun for example_task_group_decorator to 2022-02-24T01:13:29.156014+00:00
[2022-02-25 01:13:29,197] {processor.py:171} INFO - Processing /home/airflow/.local/lib/python3.7/site-packages/airflow/example_dags/example_task_group_decorator.py took 1.260 seconds
[2022-02-25 01:13:59,656] {processor.py:163} INFO - Started process (PID=5433) to work on /home/airflow/.local/lib/python3.7/site-packages/airflow/example_dags/example_task_group_decorator.py
[2022-02-25 01:13:59,662] {processor.py:642} INFO - Processing file /home/airflow/.local/lib/python3.7/site-packages/airflow/example_dags/example_task_group_decorator.py for tasks to queue
[2022-02-25 01:13:59,665] {logging_mixin.py:109} INFO - [2022-02-25 01:13:59,665] {dagbag.py:500} INFO - Filling up the DagBag from /home/airflow/.local/lib/python3.7/site-packages/airflow/example_dags/example_task_group_decorator.py
[2022-02-25 01:13:59,813] {processor.py:654} INFO - DAG(s) dict_keys(['example_task_group_decorator']) retrieved from /home/airflow/.local/lib/python3.7/site-packages/airflow/example_dags/example_task_group_decorator.py
[2022-02-25 01:14:00,870] {logging_mixin.py:109} INFO - [2022-02-25 01:14:00,869] {dag.py:2396} INFO - Sync 1 DAGs
[2022-02-25 01:14:00,936] {logging_mixin.py:109} INFO - [2022-02-25 01:14:00,936] {dag.py:2935} INFO - Setting next_dagrun for example_task_group_decorator to 2022-02-24T01:14:00.934282+00:00
[2022-02-25 01:14:00,978] {processor.py:171} INFO - Processing /home/airflow/.local/lib/python3.7/site-packages/airflow/example_dags/example_task_group_decorator.py took 1.329 seconds
[2022-02-25 01:14:31,352] {processor.py:163} INFO - Started process (PID=5541) to work on /home/airflow/.local/lib/python3.7/site-packages/airflow/example_dags/example_task_group_decorator.py
[2022-02-25 01:14:31,359] {processor.py:642} INFO - Processing file /home/airflow/.local/lib/python3.7/site-packages/airflow/example_dags/example_task_group_decorator.py for tasks to queue
[2022-02-25 01:14:31,363] {logging_mixin.py:109} INFO - [2022-02-25 01:14:31,362] {dagbag.py:500} INFO - Filling up the DagBag from /home/airflow/.local/lib/python3.7/site-packages/airflow/example_dags/example_task_group_decorator.py
[2022-02-25 01:14:31,536] {processor.py:654} INFO - DAG(s) dict_keys(['example_task_group_decorator']) retrieved from /home/airflow/.local/lib/python3.7/site-packages/airflow/example_dags/example_task_group_decorator.py
[2022-02-25 01:14:32,659] {logging_mixin.py:109} INFO - [2022-02-25 01:14:32,658] {dag.py:2396} INFO - Sync 1 DAGs
[2022-02-25 01:14:32,719] {logging_mixin.py:109} INFO - [2022-02-25 01:14:32,719] {dag.py:2935} INFO - Setting next_dagrun for example_task_group_decorator to 2022-02-24T01:14:32.717421+00:00
[2022-02-25 01:14:32,762] {processor.py:171} INFO - Processing /home/airflow/.local/lib/python3.7/site-packages/airflow/example_dags/example_task_group_decorator.py took 1.425 seconds
[2022-02-25 01:15:03,060] {processor.py:163} INFO - Started process (PID=5631) to work on /home/airflow/.local/lib/python3.7/site-packages/airflow/example_dags/example_task_group_decorator.py
[2022-02-25 01:15:03,065] {processor.py:642} INFO - Processing file /home/airflow/.local/lib/python3.7/site-packages/airflow/example_dags/example_task_group_decorator.py for tasks to queue
[2022-02-25 01:15:03,069] {logging_mixin.py:109} INFO - [2022-02-25 01:15:03,069] {dagbag.py:500} INFO - Filling up the DagBag from /home/airflow/.local/lib/python3.7/site-packages/airflow/example_dags/example_task_group_decorator.py
[2022-02-25 01:15:03,240] {processor.py:654} INFO - DAG(s) dict_keys(['example_task_group_decorator']) retrieved from /home/airflow/.local/lib/python3.7/site-packages/airflow/example_dags/example_task_group_decorator.py
[2022-02-25 01:15:04,230] {logging_mixin.py:109} INFO - [2022-02-25 01:15:04,229] {dag.py:2396} INFO - Sync 1 DAGs
[2022-02-25 01:15:04,290] {logging_mixin.py:109} INFO - [2022-02-25 01:15:04,290] {dag.py:2935} INFO - Setting next_dagrun for example_task_group_decorator to 2022-02-24T01:15:04.288454+00:00
[2022-02-25 01:15:04,329] {processor.py:171} INFO - Processing /home/airflow/.local/lib/python3.7/site-packages/airflow/example_dags/example_task_group_decorator.py took 1.276 seconds
[2022-02-25 01:15:34,709] {processor.py:163} INFO - Started process (PID=5739) to work on /home/airflow/.local/lib/python3.7/site-packages/airflow/example_dags/example_task_group_decorator.py
[2022-02-25 01:15:34,713] {processor.py:642} INFO - Processing file /home/airflow/.local/lib/python3.7/site-packages/airflow/example_dags/example_task_group_decorator.py for tasks to queue
[2022-02-25 01:15:34,717] {logging_mixin.py:109} INFO - [2022-02-25 01:15:34,716] {dagbag.py:500} INFO - Filling up the DagBag from /home/airflow/.local/lib/python3.7/site-packages/airflow/example_dags/example_task_group_decorator.py
[2022-02-25 01:15:34,868] {processor.py:654} INFO - DAG(s) dict_keys(['example_task_group_decorator']) retrieved from /home/airflow/.local/lib/python3.7/site-packages/airflow/example_dags/example_task_group_decorator.py
[2022-02-25 01:15:35,793] {logging_mixin.py:109} INFO - [2022-02-25 01:15:35,793] {dag.py:2396} INFO - Sync 1 DAGs
[2022-02-25 01:15:35,853] {logging_mixin.py:109} INFO - [2022-02-25 01:15:35,852] {dag.py:2935} INFO - Setting next_dagrun for example_task_group_decorator to 2022-02-24T01:15:35.850950+00:00
[2022-02-25 01:15:35,890] {processor.py:171} INFO - Processing /home/airflow/.local/lib/python3.7/site-packages/airflow/example_dags/example_task_group_decorator.py took 1.188 seconds
[2022-02-25 01:16:06,212] {processor.py:163} INFO - Started process (PID=5828) to work on /home/airflow/.local/lib/python3.7/site-packages/airflow/example_dags/example_task_group_decorator.py
[2022-02-25 01:16:06,217] {processor.py:642} INFO - Processing file /home/airflow/.local/lib/python3.7/site-packages/airflow/example_dags/example_task_group_decorator.py for tasks to queue
[2022-02-25 01:16:06,221] {logging_mixin.py:109} INFO - [2022-02-25 01:16:06,220] {dagbag.py:500} INFO - Filling up the DagBag from /home/airflow/.local/lib/python3.7/site-packages/airflow/example_dags/example_task_group_decorator.py
[2022-02-25 01:16:06,367] {processor.py:654} INFO - DAG(s) dict_keys(['example_task_group_decorator']) retrieved from /home/airflow/.local/lib/python3.7/site-packages/airflow/example_dags/example_task_group_decorator.py
[2022-02-25 01:16:07,306] {logging_mixin.py:109} INFO - [2022-02-25 01:16:07,306] {dag.py:2396} INFO - Sync 1 DAGs
[2022-02-25 01:16:07,363] {logging_mixin.py:109} INFO - [2022-02-25 01:16:07,363] {dag.py:2935} INFO - Setting next_dagrun for example_task_group_decorator to 2022-02-24T01:16:07.361485+00:00
[2022-02-25 01:16:07,400] {processor.py:171} INFO - Processing /home/airflow/.local/lib/python3.7/site-packages/airflow/example_dags/example_task_group_decorator.py took 1.195 seconds
[2022-02-25 01:16:37,565] {processor.py:163} INFO - Started process (PID=5935) to work on /home/airflow/.local/lib/python3.7/site-packages/airflow/example_dags/example_task_group_decorator.py
[2022-02-25 01:16:37,570] {processor.py:642} INFO - Processing file /home/airflow/.local/lib/python3.7/site-packages/airflow/example_dags/example_task_group_decorator.py for tasks to queue
[2022-02-25 01:16:37,574] {logging_mixin.py:109} INFO - [2022-02-25 01:16:37,574] {dagbag.py:500} INFO - Filling up the DagBag from /home/airflow/.local/lib/python3.7/site-packages/airflow/example_dags/example_task_group_decorator.py
[2022-02-25 01:16:37,718] {processor.py:654} INFO - DAG(s) dict_keys(['example_task_group_decorator']) retrieved from /home/airflow/.local/lib/python3.7/site-packages/airflow/example_dags/example_task_group_decorator.py
[2022-02-25 01:16:38,746] {logging_mixin.py:109} INFO - [2022-02-25 01:16:38,745] {dag.py:2396} INFO - Sync 1 DAGs
[2022-02-25 01:16:38,812] {logging_mixin.py:109} INFO - [2022-02-25 01:16:38,811] {dag.py:2935} INFO - Setting next_dagrun for example_task_group_decorator to 2022-02-24T01:16:38.809983+00:00
[2022-02-25 01:16:38,853] {processor.py:171} INFO - Processing /home/airflow/.local/lib/python3.7/site-packages/airflow/example_dags/example_task_group_decorator.py took 1.296 seconds
[2022-02-25 01:17:08,977] {processor.py:163} INFO - Started process (PID=6038) to work on /home/airflow/.local/lib/python3.7/site-packages/airflow/example_dags/example_task_group_decorator.py
[2022-02-25 01:17:08,982] {processor.py:642} INFO - Processing file /home/airflow/.local/lib/python3.7/site-packages/airflow/example_dags/example_task_group_decorator.py for tasks to queue
[2022-02-25 01:17:08,986] {logging_mixin.py:109} INFO - [2022-02-25 01:17:08,986] {dagbag.py:500} INFO - Filling up the DagBag from /home/airflow/.local/lib/python3.7/site-packages/airflow/example_dags/example_task_group_decorator.py
[2022-02-25 01:17:09,158] {processor.py:654} INFO - DAG(s) dict_keys(['example_task_group_decorator']) retrieved from /home/airflow/.local/lib/python3.7/site-packages/airflow/example_dags/example_task_group_decorator.py
[2022-02-25 01:17:10,226] {logging_mixin.py:109} INFO - [2022-02-25 01:17:10,225] {dag.py:2396} INFO - Sync 1 DAGs
[2022-02-25 01:17:10,304] {logging_mixin.py:109} INFO - [2022-02-25 01:17:10,304] {dag.py:2935} INFO - Setting next_dagrun for example_task_group_decorator to 2022-02-24T01:17:10.302287+00:00
[2022-02-25 01:17:10,347] {processor.py:171} INFO - Processing /home/airflow/.local/lib/python3.7/site-packages/airflow/example_dags/example_task_group_decorator.py took 1.379 seconds
[2022-02-25 01:17:40,459] {processor.py:163} INFO - Started process (PID=6133) to work on /home/airflow/.local/lib/python3.7/site-packages/airflow/example_dags/example_task_group_decorator.py
[2022-02-25 01:17:40,465] {processor.py:642} INFO - Processing file /home/airflow/.local/lib/python3.7/site-packages/airflow/example_dags/example_task_group_decorator.py for tasks to queue
[2022-02-25 01:17:40,469] {logging_mixin.py:109} INFO - [2022-02-25 01:17:40,469] {dagbag.py:500} INFO - Filling up the DagBag from /home/airflow/.local/lib/python3.7/site-packages/airflow/example_dags/example_task_group_decorator.py
[2022-02-25 01:17:40,615] {processor.py:654} INFO - DAG(s) dict_keys(['example_task_group_decorator']) retrieved from /home/airflow/.local/lib/python3.7/site-packages/airflow/example_dags/example_task_group_decorator.py
[2022-02-25 01:17:41,649] {logging_mixin.py:109} INFO - [2022-02-25 01:17:41,648] {dag.py:2396} INFO - Sync 1 DAGs
[2022-02-25 01:17:41,720] {logging_mixin.py:109} INFO - [2022-02-25 01:17:41,720] {dag.py:2935} INFO - Setting next_dagrun for example_task_group_decorator to 2022-02-24T01:17:41.717718+00:00
[2022-02-25 01:17:41,764] {processor.py:171} INFO - Processing /home/airflow/.local/lib/python3.7/site-packages/airflow/example_dags/example_task_group_decorator.py took 1.312 seconds
[2022-02-25 01:18:12,285] {processor.py:163} INFO - Started process (PID=6239) to work on /home/airflow/.local/lib/python3.7/site-packages/airflow/example_dags/example_task_group_decorator.py
[2022-02-25 01:18:12,291] {processor.py:642} INFO - Processing file /home/airflow/.local/lib/python3.7/site-packages/airflow/example_dags/example_task_group_decorator.py for tasks to queue
[2022-02-25 01:18:12,295] {logging_mixin.py:109} INFO - [2022-02-25 01:18:12,294] {dagbag.py:500} INFO - Filling up the DagBag from /home/airflow/.local/lib/python3.7/site-packages/airflow/example_dags/example_task_group_decorator.py
[2022-02-25 01:18:12,450] {processor.py:654} INFO - DAG(s) dict_keys(['example_task_group_decorator']) retrieved from /home/airflow/.local/lib/python3.7/site-packages/airflow/example_dags/example_task_group_decorator.py
[2022-02-25 01:18:13,492] {logging_mixin.py:109} INFO - [2022-02-25 01:18:13,491] {dag.py:2396} INFO - Sync 1 DAGs
[2022-02-25 01:18:13,558] {logging_mixin.py:109} INFO - [2022-02-25 01:18:13,557] {dag.py:2935} INFO - Setting next_dagrun for example_task_group_decorator to 2022-02-24T01:18:13.556137+00:00
[2022-02-25 01:18:13,600] {processor.py:171} INFO - Processing /home/airflow/.local/lib/python3.7/site-packages/airflow/example_dags/example_task_group_decorator.py took 1.330 seconds
[2022-02-25 01:18:44,512] {processor.py:163} INFO - Started process (PID=6330) to work on /home/airflow/.local/lib/python3.7/site-packages/airflow/example_dags/example_task_group_decorator.py
[2022-02-25 01:18:44,518] {processor.py:642} INFO - Processing file /home/airflow/.local/lib/python3.7/site-packages/airflow/example_dags/example_task_group_decorator.py for tasks to queue
[2022-02-25 01:18:44,522] {logging_mixin.py:109} INFO - [2022-02-25 01:18:44,521] {dagbag.py:500} INFO - Filling up the DagBag from /home/airflow/.local/lib/python3.7/site-packages/airflow/example_dags/example_task_group_decorator.py
[2022-02-25 01:18:44,670] {processor.py:654} INFO - DAG(s) dict_keys(['example_task_group_decorator']) retrieved from /home/airflow/.local/lib/python3.7/site-packages/airflow/example_dags/example_task_group_decorator.py
[2022-02-25 01:18:45,707] {logging_mixin.py:109} INFO - [2022-02-25 01:18:45,706] {dag.py:2396} INFO - Sync 1 DAGs
[2022-02-25 01:18:45,767] {logging_mixin.py:109} INFO - [2022-02-25 01:18:45,766] {dag.py:2935} INFO - Setting next_dagrun for example_task_group_decorator to 2022-02-24T01:18:45.764963+00:00
[2022-02-25 01:18:45,807] {processor.py:171} INFO - Processing /home/airflow/.local/lib/python3.7/site-packages/airflow/example_dags/example_task_group_decorator.py took 1.302 seconds
[2022-02-25 01:19:16,165] {processor.py:163} INFO - Started process (PID=6438) to work on /home/airflow/.local/lib/python3.7/site-packages/airflow/example_dags/example_task_group_decorator.py
[2022-02-25 01:19:16,170] {processor.py:642} INFO - Processing file /home/airflow/.local/lib/python3.7/site-packages/airflow/example_dags/example_task_group_decorator.py for tasks to queue
[2022-02-25 01:19:16,175] {logging_mixin.py:109} INFO - [2022-02-25 01:19:16,175] {dagbag.py:500} INFO - Filling up the DagBag from /home/airflow/.local/lib/python3.7/site-packages/airflow/example_dags/example_task_group_decorator.py
[2022-02-25 01:19:16,323] {processor.py:654} INFO - DAG(s) dict_keys(['example_task_group_decorator']) retrieved from /home/airflow/.local/lib/python3.7/site-packages/airflow/example_dags/example_task_group_decorator.py
[2022-02-25 01:19:17,266] {logging_mixin.py:109} INFO - [2022-02-25 01:19:17,265] {dag.py:2396} INFO - Sync 1 DAGs
[2022-02-25 01:19:17,323] {logging_mixin.py:109} INFO - [2022-02-25 01:19:17,322] {dag.py:2935} INFO - Setting next_dagrun for example_task_group_decorator to 2022-02-24T01:19:17.320972+00:00
[2022-02-25 01:19:17,361] {processor.py:171} INFO - Processing /home/airflow/.local/lib/python3.7/site-packages/airflow/example_dags/example_task_group_decorator.py took 1.204 seconds
[2022-02-25 01:19:47,620] {processor.py:163} INFO - Started process (PID=6527) to work on /home/airflow/.local/lib/python3.7/site-packages/airflow/example_dags/example_task_group_decorator.py
[2022-02-25 01:19:47,626] {processor.py:642} INFO - Processing file /home/airflow/.local/lib/python3.7/site-packages/airflow/example_dags/example_task_group_decorator.py for tasks to queue
[2022-02-25 01:19:47,630] {logging_mixin.py:109} INFO - [2022-02-25 01:19:47,629] {dagbag.py:500} INFO - Filling up the DagBag from /home/airflow/.local/lib/python3.7/site-packages/airflow/example_dags/example_task_group_decorator.py
[2022-02-25 01:19:47,828] {processor.py:654} INFO - DAG(s) dict_keys(['example_task_group_decorator']) retrieved from /home/airflow/.local/lib/python3.7/site-packages/airflow/example_dags/example_task_group_decorator.py
[2022-02-25 01:19:49,014] {logging_mixin.py:109} INFO - [2022-02-25 01:19:49,014] {dag.py:2396} INFO - Sync 1 DAGs
[2022-02-25 01:19:49,123] {logging_mixin.py:109} INFO - [2022-02-25 01:19:49,122] {dag.py:2935} INFO - Setting next_dagrun for example_task_group_decorator to 2022-02-24T01:19:49.120018+00:00
[2022-02-25 01:19:49,185] {processor.py:171} INFO - Processing /home/airflow/.local/lib/python3.7/site-packages/airflow/example_dags/example_task_group_decorator.py took 1.574 seconds
[2022-02-25 01:20:19,417] {processor.py:163} INFO - Started process (PID=6635) to work on /home/airflow/.local/lib/python3.7/site-packages/airflow/example_dags/example_task_group_decorator.py
[2022-02-25 01:20:19,424] {processor.py:642} INFO - Processing file /home/airflow/.local/lib/python3.7/site-packages/airflow/example_dags/example_task_group_decorator.py for tasks to queue
[2022-02-25 01:20:19,430] {logging_mixin.py:109} INFO - [2022-02-25 01:20:19,429] {dagbag.py:500} INFO - Filling up the DagBag from /home/airflow/.local/lib/python3.7/site-packages/airflow/example_dags/example_task_group_decorator.py
[2022-02-25 01:20:19,619] {processor.py:654} INFO - DAG(s) dict_keys(['example_task_group_decorator']) retrieved from /home/airflow/.local/lib/python3.7/site-packages/airflow/example_dags/example_task_group_decorator.py
[2022-02-25 01:20:20,815] {logging_mixin.py:109} INFO - [2022-02-25 01:20:20,812] {dag.py:2396} INFO - Sync 1 DAGs
[2022-02-25 01:20:20,887] {logging_mixin.py:109} INFO - [2022-02-25 01:20:20,886] {dag.py:2935} INFO - Setting next_dagrun for example_task_group_decorator to 2022-02-24T01:20:20.884705+00:00
[2022-02-25 01:20:20,940] {processor.py:171} INFO - Processing /home/airflow/.local/lib/python3.7/site-packages/airflow/example_dags/example_task_group_decorator.py took 1.534 seconds
[2022-02-25 01:20:51,069] {processor.py:163} INFO - Started process (PID=6743) to work on /home/airflow/.local/lib/python3.7/site-packages/airflow/example_dags/example_task_group_decorator.py
[2022-02-25 01:20:51,076] {processor.py:642} INFO - Processing file /home/airflow/.local/lib/python3.7/site-packages/airflow/example_dags/example_task_group_decorator.py for tasks to queue
[2022-02-25 01:20:51,083] {logging_mixin.py:109} INFO - [2022-02-25 01:20:51,082] {dagbag.py:500} INFO - Filling up the DagBag from /home/airflow/.local/lib/python3.7/site-packages/airflow/example_dags/example_task_group_decorator.py
[2022-02-25 01:20:51,339] {processor.py:654} INFO - DAG(s) dict_keys(['example_task_group_decorator']) retrieved from /home/airflow/.local/lib/python3.7/site-packages/airflow/example_dags/example_task_group_decorator.py
[2022-02-25 01:20:52,739] {logging_mixin.py:109} INFO - [2022-02-25 01:20:52,738] {dag.py:2396} INFO - Sync 1 DAGs
[2022-02-25 01:20:52,840] {logging_mixin.py:109} INFO - [2022-02-25 01:20:52,839] {dag.py:2935} INFO - Setting next_dagrun for example_task_group_decorator to 2022-02-24T01:20:52.836994+00:00
[2022-02-25 01:20:52,908] {processor.py:171} INFO - Processing /home/airflow/.local/lib/python3.7/site-packages/airflow/example_dags/example_task_group_decorator.py took 1.848 seconds
[2022-02-25 01:21:23,145] {processor.py:163} INFO - Started process (PID=6836) to work on /home/airflow/.local/lib/python3.7/site-packages/airflow/example_dags/example_task_group_decorator.py
[2022-02-25 01:21:23,151] {processor.py:642} INFO - Processing file /home/airflow/.local/lib/python3.7/site-packages/airflow/example_dags/example_task_group_decorator.py for tasks to queue
[2022-02-25 01:21:23,155] {logging_mixin.py:109} INFO - [2022-02-25 01:21:23,155] {dagbag.py:500} INFO - Filling up the DagBag from /home/airflow/.local/lib/python3.7/site-packages/airflow/example_dags/example_task_group_decorator.py
[2022-02-25 01:21:23,333] {processor.py:654} INFO - DAG(s) dict_keys(['example_task_group_decorator']) retrieved from /home/airflow/.local/lib/python3.7/site-packages/airflow/example_dags/example_task_group_decorator.py
[2022-02-25 01:21:24,545] {logging_mixin.py:109} INFO - [2022-02-25 01:21:24,544] {dag.py:2396} INFO - Sync 1 DAGs
[2022-02-25 01:21:24,612] {logging_mixin.py:109} INFO - [2022-02-25 01:21:24,611] {dag.py:2935} INFO - Setting next_dagrun for example_task_group_decorator to 2022-02-24T01:21:24.609885+00:00
[2022-02-25 01:21:24,658] {processor.py:171} INFO - Processing /home/airflow/.local/lib/python3.7/site-packages/airflow/example_dags/example_task_group_decorator.py took 1.521 seconds
