[2022-02-25 00:47:14,210] {processor.py:163} INFO - Started process (PID=376) to work on /home/airflow/.local/lib/python3.7/site-packages/airflow/example_dags/example_xcomargs.py
[2022-02-25 00:47:14,236] {processor.py:642} INFO - Processing file /home/airflow/.local/lib/python3.7/site-packages/airflow/example_dags/example_xcomargs.py for tasks to queue
[2022-02-25 00:47:14,249] {logging_mixin.py:109} INFO - [2022-02-25 00:47:14,248] {dagbag.py:500} INFO - Filling up the DagBag from /home/airflow/.local/lib/python3.7/site-packages/airflow/example_dags/example_xcomargs.py
[2022-02-25 00:47:14,966] {processor.py:654} INFO - DAG(s) dict_keys(['example_xcom_args', 'example_xcom_args_with_operators']) retrieved from /home/airflow/.local/lib/python3.7/site-packages/airflow/example_dags/example_xcomargs.py
[2022-02-25 00:47:23,832] {logging_mixin.py:109} INFO - [2022-02-25 00:47:23,832] {dag.py:2396} INFO - Sync 2 DAGs
[2022-02-25 00:47:24,389] {logging_mixin.py:109} INFO - [2022-02-25 00:47:24,373] {dag.py:2935} INFO - Setting next_dagrun for example_xcom_args to None
[2022-02-25 00:47:24,404] {logging_mixin.py:109} INFO - [2022-02-25 00:47:24,403] {dag.py:2935} INFO - Setting next_dagrun for example_xcom_args_with_operators to None
[2022-02-25 00:47:24,673] {processor.py:171} INFO - Processing /home/airflow/.local/lib/python3.7/site-packages/airflow/example_dags/example_xcomargs.py took 10.509 seconds
[2022-02-25 00:48:12,887] {processor.py:163} INFO - Started process (PID=512) to work on /home/airflow/.local/lib/python3.7/site-packages/airflow/example_dags/example_xcomargs.py
[2022-02-25 00:48:12,895] {processor.py:642} INFO - Processing file /home/airflow/.local/lib/python3.7/site-packages/airflow/example_dags/example_xcomargs.py for tasks to queue
[2022-02-25 00:48:12,917] {logging_mixin.py:109} INFO - [2022-02-25 00:48:12,915] {dagbag.py:500} INFO - Filling up the DagBag from /home/airflow/.local/lib/python3.7/site-packages/airflow/example_dags/example_xcomargs.py
[2022-02-25 00:48:13,454] {processor.py:654} INFO - DAG(s) dict_keys(['example_xcom_args', 'example_xcom_args_with_operators']) retrieved from /home/airflow/.local/lib/python3.7/site-packages/airflow/example_dags/example_xcomargs.py
[2022-02-25 00:48:19,574] {logging_mixin.py:109} INFO - [2022-02-25 00:48:19,572] {dag.py:2396} INFO - Sync 2 DAGs
[2022-02-25 00:48:19,777] {logging_mixin.py:109} INFO - [2022-02-25 00:48:19,777] {dag.py:2935} INFO - Setting next_dagrun for example_xcom_args to None
[2022-02-25 00:48:19,790] {logging_mixin.py:109} INFO - [2022-02-25 00:48:19,788] {dag.py:2935} INFO - Setting next_dagrun for example_xcom_args_with_operators to None
[2022-02-25 00:48:19,916] {processor.py:171} INFO - Processing /home/airflow/.local/lib/python3.7/site-packages/airflow/example_dags/example_xcomargs.py took 7.075 seconds
[2022-02-25 00:48:50,372] {processor.py:163} INFO - Started process (PID=628) to work on /home/airflow/.local/lib/python3.7/site-packages/airflow/example_dags/example_xcomargs.py
[2022-02-25 00:48:50,378] {processor.py:642} INFO - Processing file /home/airflow/.local/lib/python3.7/site-packages/airflow/example_dags/example_xcomargs.py for tasks to queue
[2022-02-25 00:48:50,383] {logging_mixin.py:109} INFO - [2022-02-25 00:48:50,382] {dagbag.py:500} INFO - Filling up the DagBag from /home/airflow/.local/lib/python3.7/site-packages/airflow/example_dags/example_xcomargs.py
[2022-02-25 00:48:50,534] {processor.py:654} INFO - DAG(s) dict_keys(['example_xcom_args', 'example_xcom_args_with_operators']) retrieved from /home/airflow/.local/lib/python3.7/site-packages/airflow/example_dags/example_xcomargs.py
[2022-02-25 00:48:51,959] {logging_mixin.py:109} INFO - [2022-02-25 00:48:51,958] {dag.py:2396} INFO - Sync 2 DAGs
[2022-02-25 00:48:52,035] {logging_mixin.py:109} INFO - [2022-02-25 00:48:52,035] {dag.py:2935} INFO - Setting next_dagrun for example_xcom_args to None
[2022-02-25 00:48:52,040] {logging_mixin.py:109} INFO - [2022-02-25 00:48:52,039] {dag.py:2935} INFO - Setting next_dagrun for example_xcom_args_with_operators to None
[2022-02-25 00:48:52,091] {processor.py:171} INFO - Processing /home/airflow/.local/lib/python3.7/site-packages/airflow/example_dags/example_xcomargs.py took 1.731 seconds
[2022-02-25 00:49:22,676] {processor.py:163} INFO - Started process (PID=718) to work on /home/airflow/.local/lib/python3.7/site-packages/airflow/example_dags/example_xcomargs.py
[2022-02-25 00:49:22,682] {processor.py:642} INFO - Processing file /home/airflow/.local/lib/python3.7/site-packages/airflow/example_dags/example_xcomargs.py for tasks to queue
[2022-02-25 00:49:22,687] {logging_mixin.py:109} INFO - [2022-02-25 00:49:22,687] {dagbag.py:500} INFO - Filling up the DagBag from /home/airflow/.local/lib/python3.7/site-packages/airflow/example_dags/example_xcomargs.py
[2022-02-25 00:49:22,819] {processor.py:654} INFO - DAG(s) dict_keys(['example_xcom_args', 'example_xcom_args_with_operators']) retrieved from /home/airflow/.local/lib/python3.7/site-packages/airflow/example_dags/example_xcomargs.py
[2022-02-25 00:49:24,099] {logging_mixin.py:109} INFO - [2022-02-25 00:49:24,099] {dag.py:2396} INFO - Sync 2 DAGs
[2022-02-25 00:49:24,168] {logging_mixin.py:109} INFO - [2022-02-25 00:49:24,168] {dag.py:2935} INFO - Setting next_dagrun for example_xcom_args to None
[2022-02-25 00:49:24,172] {logging_mixin.py:109} INFO - [2022-02-25 00:49:24,171] {dag.py:2935} INFO - Setting next_dagrun for example_xcom_args_with_operators to None
[2022-02-25 00:49:24,215] {processor.py:171} INFO - Processing /home/airflow/.local/lib/python3.7/site-packages/airflow/example_dags/example_xcomargs.py took 1.549 seconds
[2022-02-25 00:49:54,523] {processor.py:163} INFO - Started process (PID=824) to work on /home/airflow/.local/lib/python3.7/site-packages/airflow/example_dags/example_xcomargs.py
[2022-02-25 00:49:54,530] {processor.py:642} INFO - Processing file /home/airflow/.local/lib/python3.7/site-packages/airflow/example_dags/example_xcomargs.py for tasks to queue
[2022-02-25 00:49:54,534] {logging_mixin.py:109} INFO - [2022-02-25 00:49:54,533] {dagbag.py:500} INFO - Filling up the DagBag from /home/airflow/.local/lib/python3.7/site-packages/airflow/example_dags/example_xcomargs.py
[2022-02-25 00:49:54,655] {processor.py:654} INFO - DAG(s) dict_keys(['example_xcom_args', 'example_xcom_args_with_operators']) retrieved from /home/airflow/.local/lib/python3.7/site-packages/airflow/example_dags/example_xcomargs.py
[2022-02-25 00:49:55,822] {logging_mixin.py:109} INFO - [2022-02-25 00:49:55,821] {dag.py:2396} INFO - Sync 2 DAGs
[2022-02-25 00:49:55,882] {logging_mixin.py:109} INFO - [2022-02-25 00:49:55,882] {dag.py:2935} INFO - Setting next_dagrun for example_xcom_args to None
[2022-02-25 00:49:55,886] {logging_mixin.py:109} INFO - [2022-02-25 00:49:55,885] {dag.py:2935} INFO - Setting next_dagrun for example_xcom_args_with_operators to None
[2022-02-25 00:49:55,924] {processor.py:171} INFO - Processing /home/airflow/.local/lib/python3.7/site-packages/airflow/example_dags/example_xcomargs.py took 1.409 seconds
[2022-02-25 00:50:26,807] {processor.py:163} INFO - Started process (PID=913) to work on /home/airflow/.local/lib/python3.7/site-packages/airflow/example_dags/example_xcomargs.py
[2022-02-25 00:50:26,812] {processor.py:642} INFO - Processing file /home/airflow/.local/lib/python3.7/site-packages/airflow/example_dags/example_xcomargs.py for tasks to queue
[2022-02-25 00:50:26,815] {logging_mixin.py:109} INFO - [2022-02-25 00:50:26,815] {dagbag.py:500} INFO - Filling up the DagBag from /home/airflow/.local/lib/python3.7/site-packages/airflow/example_dags/example_xcomargs.py
[2022-02-25 00:50:26,929] {processor.py:654} INFO - DAG(s) dict_keys(['example_xcom_args', 'example_xcom_args_with_operators']) retrieved from /home/airflow/.local/lib/python3.7/site-packages/airflow/example_dags/example_xcomargs.py
[2022-02-25 00:50:28,146] {logging_mixin.py:109} INFO - [2022-02-25 00:50:28,145] {dag.py:2396} INFO - Sync 2 DAGs
[2022-02-25 00:50:28,212] {logging_mixin.py:109} INFO - [2022-02-25 00:50:28,212] {dag.py:2935} INFO - Setting next_dagrun for example_xcom_args to None
[2022-02-25 00:50:28,215] {logging_mixin.py:109} INFO - [2022-02-25 00:50:28,215] {dag.py:2935} INFO - Setting next_dagrun for example_xcom_args_with_operators to None
[2022-02-25 00:50:28,259] {processor.py:171} INFO - Processing /home/airflow/.local/lib/python3.7/site-packages/airflow/example_dags/example_xcomargs.py took 1.460 seconds
[2022-02-25 00:50:58,959] {processor.py:163} INFO - Started process (PID=1025) to work on /home/airflow/.local/lib/python3.7/site-packages/airflow/example_dags/example_xcomargs.py
[2022-02-25 00:50:58,964] {processor.py:642} INFO - Processing file /home/airflow/.local/lib/python3.7/site-packages/airflow/example_dags/example_xcomargs.py for tasks to queue
[2022-02-25 00:50:58,967] {logging_mixin.py:109} INFO - [2022-02-25 00:50:58,967] {dagbag.py:500} INFO - Filling up the DagBag from /home/airflow/.local/lib/python3.7/site-packages/airflow/example_dags/example_xcomargs.py
[2022-02-25 00:50:59,066] {processor.py:654} INFO - DAG(s) dict_keys(['example_xcom_args', 'example_xcom_args_with_operators']) retrieved from /home/airflow/.local/lib/python3.7/site-packages/airflow/example_dags/example_xcomargs.py
[2022-02-25 00:51:00,162] {logging_mixin.py:109} INFO - [2022-02-25 00:51:00,162] {dag.py:2396} INFO - Sync 2 DAGs
[2022-02-25 00:51:00,228] {logging_mixin.py:109} INFO - [2022-02-25 00:51:00,228] {dag.py:2935} INFO - Setting next_dagrun for example_xcom_args to None
[2022-02-25 00:51:00,232] {logging_mixin.py:109} INFO - [2022-02-25 00:51:00,232] {dag.py:2935} INFO - Setting next_dagrun for example_xcom_args_with_operators to None
[2022-02-25 00:51:00,276] {processor.py:171} INFO - Processing /home/airflow/.local/lib/python3.7/site-packages/airflow/example_dags/example_xcomargs.py took 1.324 seconds
[2022-02-25 00:51:31,260] {processor.py:163} INFO - Started process (PID=1134) to work on /home/airflow/.local/lib/python3.7/site-packages/airflow/example_dags/example_xcomargs.py
[2022-02-25 00:51:31,265] {processor.py:642} INFO - Processing file /home/airflow/.local/lib/python3.7/site-packages/airflow/example_dags/example_xcomargs.py for tasks to queue
[2022-02-25 00:51:31,268] {logging_mixin.py:109} INFO - [2022-02-25 00:51:31,268] {dagbag.py:500} INFO - Filling up the DagBag from /home/airflow/.local/lib/python3.7/site-packages/airflow/example_dags/example_xcomargs.py
[2022-02-25 00:51:31,389] {processor.py:654} INFO - DAG(s) dict_keys(['example_xcom_args', 'example_xcom_args_with_operators']) retrieved from /home/airflow/.local/lib/python3.7/site-packages/airflow/example_dags/example_xcomargs.py
[2022-02-25 00:51:32,491] {logging_mixin.py:109} INFO - [2022-02-25 00:51:32,491] {dag.py:2396} INFO - Sync 2 DAGs
[2022-02-25 00:51:32,550] {logging_mixin.py:109} INFO - [2022-02-25 00:51:32,549] {dag.py:2935} INFO - Setting next_dagrun for example_xcom_args to None
[2022-02-25 00:51:32,553] {logging_mixin.py:109} INFO - [2022-02-25 00:51:32,553] {dag.py:2935} INFO - Setting next_dagrun for example_xcom_args_with_operators to None
[2022-02-25 00:51:32,589] {processor.py:171} INFO - Processing /home/airflow/.local/lib/python3.7/site-packages/airflow/example_dags/example_xcomargs.py took 1.338 seconds
[2022-02-25 00:52:03,272] {processor.py:163} INFO - Started process (PID=1224) to work on /home/airflow/.local/lib/python3.7/site-packages/airflow/example_dags/example_xcomargs.py
[2022-02-25 00:52:03,279] {processor.py:642} INFO - Processing file /home/airflow/.local/lib/python3.7/site-packages/airflow/example_dags/example_xcomargs.py for tasks to queue
[2022-02-25 00:52:03,282] {logging_mixin.py:109} INFO - [2022-02-25 00:52:03,281] {dagbag.py:500} INFO - Filling up the DagBag from /home/airflow/.local/lib/python3.7/site-packages/airflow/example_dags/example_xcomargs.py
[2022-02-25 00:52:03,396] {processor.py:654} INFO - DAG(s) dict_keys(['example_xcom_args', 'example_xcom_args_with_operators']) retrieved from /home/airflow/.local/lib/python3.7/site-packages/airflow/example_dags/example_xcomargs.py
[2022-02-25 00:52:04,510] {logging_mixin.py:109} INFO - [2022-02-25 00:52:04,509] {dag.py:2396} INFO - Sync 2 DAGs
[2022-02-25 00:52:04,567] {logging_mixin.py:109} INFO - [2022-02-25 00:52:04,567] {dag.py:2935} INFO - Setting next_dagrun for example_xcom_args to None
[2022-02-25 00:52:04,572] {logging_mixin.py:109} INFO - [2022-02-25 00:52:04,571] {dag.py:2935} INFO - Setting next_dagrun for example_xcom_args_with_operators to None
[2022-02-25 00:52:04,606] {processor.py:171} INFO - Processing /home/airflow/.local/lib/python3.7/site-packages/airflow/example_dags/example_xcomargs.py took 1.341 seconds
[2022-02-25 00:52:35,246] {processor.py:163} INFO - Started process (PID=1330) to work on /home/airflow/.local/lib/python3.7/site-packages/airflow/example_dags/example_xcomargs.py
[2022-02-25 00:52:35,252] {processor.py:642} INFO - Processing file /home/airflow/.local/lib/python3.7/site-packages/airflow/example_dags/example_xcomargs.py for tasks to queue
[2022-02-25 00:52:35,255] {logging_mixin.py:109} INFO - [2022-02-25 00:52:35,255] {dagbag.py:500} INFO - Filling up the DagBag from /home/airflow/.local/lib/python3.7/site-packages/airflow/example_dags/example_xcomargs.py
[2022-02-25 00:52:35,357] {processor.py:654} INFO - DAG(s) dict_keys(['example_xcom_args', 'example_xcom_args_with_operators']) retrieved from /home/airflow/.local/lib/python3.7/site-packages/airflow/example_dags/example_xcomargs.py
[2022-02-25 00:52:36,399] {logging_mixin.py:109} INFO - [2022-02-25 00:52:36,398] {dag.py:2396} INFO - Sync 2 DAGs
[2022-02-25 00:52:36,456] {logging_mixin.py:109} INFO - [2022-02-25 00:52:36,456] {dag.py:2935} INFO - Setting next_dagrun for example_xcom_args to None
[2022-02-25 00:52:36,459] {logging_mixin.py:109} INFO - [2022-02-25 00:52:36,458] {dag.py:2935} INFO - Setting next_dagrun for example_xcom_args_with_operators to None
[2022-02-25 00:52:36,492] {processor.py:171} INFO - Processing /home/airflow/.local/lib/python3.7/site-packages/airflow/example_dags/example_xcomargs.py took 1.254 seconds
[2022-02-25 00:53:06,891] {processor.py:163} INFO - Started process (PID=1421) to work on /home/airflow/.local/lib/python3.7/site-packages/airflow/example_dags/example_xcomargs.py
[2022-02-25 00:53:06,896] {processor.py:642} INFO - Processing file /home/airflow/.local/lib/python3.7/site-packages/airflow/example_dags/example_xcomargs.py for tasks to queue
[2022-02-25 00:53:06,899] {logging_mixin.py:109} INFO - [2022-02-25 00:53:06,899] {dagbag.py:500} INFO - Filling up the DagBag from /home/airflow/.local/lib/python3.7/site-packages/airflow/example_dags/example_xcomargs.py
[2022-02-25 00:53:07,008] {processor.py:654} INFO - DAG(s) dict_keys(['example_xcom_args', 'example_xcom_args_with_operators']) retrieved from /home/airflow/.local/lib/python3.7/site-packages/airflow/example_dags/example_xcomargs.py
[2022-02-25 00:53:08,152] {logging_mixin.py:109} INFO - [2022-02-25 00:53:08,151] {dag.py:2396} INFO - Sync 2 DAGs
[2022-02-25 00:53:08,218] {logging_mixin.py:109} INFO - [2022-02-25 00:53:08,218] {dag.py:2935} INFO - Setting next_dagrun for example_xcom_args to None
[2022-02-25 00:53:08,222] {logging_mixin.py:109} INFO - [2022-02-25 00:53:08,221] {dag.py:2935} INFO - Setting next_dagrun for example_xcom_args_with_operators to None
[2022-02-25 00:53:08,259] {processor.py:171} INFO - Processing /home/airflow/.local/lib/python3.7/site-packages/airflow/example_dags/example_xcomargs.py took 1.375 seconds
[2022-02-25 00:53:38,757] {processor.py:163} INFO - Started process (PID=1527) to work on /home/airflow/.local/lib/python3.7/site-packages/airflow/example_dags/example_xcomargs.py
[2022-02-25 00:53:38,762] {processor.py:642} INFO - Processing file /home/airflow/.local/lib/python3.7/site-packages/airflow/example_dags/example_xcomargs.py for tasks to queue
[2022-02-25 00:53:38,765] {logging_mixin.py:109} INFO - [2022-02-25 00:53:38,765] {dagbag.py:500} INFO - Filling up the DagBag from /home/airflow/.local/lib/python3.7/site-packages/airflow/example_dags/example_xcomargs.py
[2022-02-25 00:53:38,863] {processor.py:654} INFO - DAG(s) dict_keys(['example_xcom_args', 'example_xcom_args_with_operators']) retrieved from /home/airflow/.local/lib/python3.7/site-packages/airflow/example_dags/example_xcomargs.py
[2022-02-25 00:53:39,973] {logging_mixin.py:109} INFO - [2022-02-25 00:53:39,973] {dag.py:2396} INFO - Sync 2 DAGs
[2022-02-25 00:53:40,036] {logging_mixin.py:109} INFO - [2022-02-25 00:53:40,036] {dag.py:2935} INFO - Setting next_dagrun for example_xcom_args to None
[2022-02-25 00:53:40,039] {logging_mixin.py:109} INFO - [2022-02-25 00:53:40,039] {dag.py:2935} INFO - Setting next_dagrun for example_xcom_args_with_operators to None
[2022-02-25 00:53:40,083] {processor.py:171} INFO - Processing /home/airflow/.local/lib/python3.7/site-packages/airflow/example_dags/example_xcomargs.py took 1.333 seconds
[2022-02-25 00:54:10,302] {processor.py:163} INFO - Started process (PID=1635) to work on /home/airflow/.local/lib/python3.7/site-packages/airflow/example_dags/example_xcomargs.py
[2022-02-25 00:54:10,307] {processor.py:642} INFO - Processing file /home/airflow/.local/lib/python3.7/site-packages/airflow/example_dags/example_xcomargs.py for tasks to queue
[2022-02-25 00:54:10,311] {logging_mixin.py:109} INFO - [2022-02-25 00:54:10,311] {dagbag.py:500} INFO - Filling up the DagBag from /home/airflow/.local/lib/python3.7/site-packages/airflow/example_dags/example_xcomargs.py
[2022-02-25 00:54:10,427] {processor.py:654} INFO - DAG(s) dict_keys(['example_xcom_args', 'example_xcom_args_with_operators']) retrieved from /home/airflow/.local/lib/python3.7/site-packages/airflow/example_dags/example_xcomargs.py
[2022-02-25 00:54:11,630] {logging_mixin.py:109} INFO - [2022-02-25 00:54:11,630] {dag.py:2396} INFO - Sync 2 DAGs
[2022-02-25 00:54:11,694] {logging_mixin.py:109} INFO - [2022-02-25 00:54:11,694] {dag.py:2935} INFO - Setting next_dagrun for example_xcom_args to None
[2022-02-25 00:54:11,699] {logging_mixin.py:109} INFO - [2022-02-25 00:54:11,699] {dag.py:2935} INFO - Setting next_dagrun for example_xcom_args_with_operators to None
[2022-02-25 00:54:11,744] {processor.py:171} INFO - Processing /home/airflow/.local/lib/python3.7/site-packages/airflow/example_dags/example_xcomargs.py took 1.449 seconds
[2022-02-25 00:54:41,905] {processor.py:163} INFO - Started process (PID=1724) to work on /home/airflow/.local/lib/python3.7/site-packages/airflow/example_dags/example_xcomargs.py
[2022-02-25 00:54:41,910] {processor.py:642} INFO - Processing file /home/airflow/.local/lib/python3.7/site-packages/airflow/example_dags/example_xcomargs.py for tasks to queue
[2022-02-25 00:54:41,914] {logging_mixin.py:109} INFO - [2022-02-25 00:54:41,913] {dagbag.py:500} INFO - Filling up the DagBag from /home/airflow/.local/lib/python3.7/site-packages/airflow/example_dags/example_xcomargs.py
[2022-02-25 00:54:42,013] {processor.py:654} INFO - DAG(s) dict_keys(['example_xcom_args', 'example_xcom_args_with_operators']) retrieved from /home/airflow/.local/lib/python3.7/site-packages/airflow/example_dags/example_xcomargs.py
[2022-02-25 00:54:43,099] {logging_mixin.py:109} INFO - [2022-02-25 00:54:43,098] {dag.py:2396} INFO - Sync 2 DAGs
[2022-02-25 00:54:43,161] {logging_mixin.py:109} INFO - [2022-02-25 00:54:43,160] {dag.py:2935} INFO - Setting next_dagrun for example_xcom_args to None
[2022-02-25 00:54:43,165] {logging_mixin.py:109} INFO - [2022-02-25 00:54:43,164] {dag.py:2935} INFO - Setting next_dagrun for example_xcom_args_with_operators to None
[2022-02-25 00:54:43,200] {processor.py:171} INFO - Processing /home/airflow/.local/lib/python3.7/site-packages/airflow/example_dags/example_xcomargs.py took 1.303 seconds
[2022-02-25 00:55:13,288] {processor.py:163} INFO - Started process (PID=1830) to work on /home/airflow/.local/lib/python3.7/site-packages/airflow/example_dags/example_xcomargs.py
[2022-02-25 00:55:13,294] {processor.py:642} INFO - Processing file /home/airflow/.local/lib/python3.7/site-packages/airflow/example_dags/example_xcomargs.py for tasks to queue
[2022-02-25 00:55:13,299] {logging_mixin.py:109} INFO - [2022-02-25 00:55:13,298] {dagbag.py:500} INFO - Filling up the DagBag from /home/airflow/.local/lib/python3.7/site-packages/airflow/example_dags/example_xcomargs.py
[2022-02-25 00:55:13,411] {processor.py:654} INFO - DAG(s) dict_keys(['example_xcom_args', 'example_xcom_args_with_operators']) retrieved from /home/airflow/.local/lib/python3.7/site-packages/airflow/example_dags/example_xcomargs.py
[2022-02-25 00:55:14,731] {logging_mixin.py:109} INFO - [2022-02-25 00:55:14,730] {dag.py:2396} INFO - Sync 2 DAGs
[2022-02-25 00:55:14,807] {logging_mixin.py:109} INFO - [2022-02-25 00:55:14,807] {dag.py:2935} INFO - Setting next_dagrun for example_xcom_args to None
[2022-02-25 00:55:14,814] {logging_mixin.py:109} INFO - [2022-02-25 00:55:14,813] {dag.py:2935} INFO - Setting next_dagrun for example_xcom_args_with_operators to None
[2022-02-25 00:55:14,858] {processor.py:171} INFO - Processing /home/airflow/.local/lib/python3.7/site-packages/airflow/example_dags/example_xcomargs.py took 1.579 seconds
[2022-02-25 00:55:44,964] {processor.py:163} INFO - Started process (PID=1919) to work on /home/airflow/.local/lib/python3.7/site-packages/airflow/example_dags/example_xcomargs.py
[2022-02-25 00:55:44,970] {processor.py:642} INFO - Processing file /home/airflow/.local/lib/python3.7/site-packages/airflow/example_dags/example_xcomargs.py for tasks to queue
[2022-02-25 00:55:44,973] {logging_mixin.py:109} INFO - [2022-02-25 00:55:44,973] {dagbag.py:500} INFO - Filling up the DagBag from /home/airflow/.local/lib/python3.7/site-packages/airflow/example_dags/example_xcomargs.py
[2022-02-25 00:55:45,087] {processor.py:654} INFO - DAG(s) dict_keys(['example_xcom_args', 'example_xcom_args_with_operators']) retrieved from /home/airflow/.local/lib/python3.7/site-packages/airflow/example_dags/example_xcomargs.py
[2022-02-25 00:55:45,146] {logging_mixin.py:109} INFO - [2022-02-25 00:55:45,145] {dag.py:2396} INFO - Sync 2 DAGs
[2022-02-25 00:55:45,212] {logging_mixin.py:109} INFO - [2022-02-25 00:55:45,212] {dag.py:2935} INFO - Setting next_dagrun for example_xcom_args to None
[2022-02-25 00:55:45,215] {logging_mixin.py:109} INFO - [2022-02-25 00:55:45,214] {dag.py:2935} INFO - Setting next_dagrun for example_xcom_args_with_operators to None
[2022-02-25 00:55:45,248] {processor.py:171} INFO - Processing /home/airflow/.local/lib/python3.7/site-packages/airflow/example_dags/example_xcomargs.py took 0.291 seconds
[2022-02-25 00:56:15,779] {processor.py:163} INFO - Started process (PID=2025) to work on /home/airflow/.local/lib/python3.7/site-packages/airflow/example_dags/example_xcomargs.py
[2022-02-25 00:56:15,785] {processor.py:642} INFO - Processing file /home/airflow/.local/lib/python3.7/site-packages/airflow/example_dags/example_xcomargs.py for tasks to queue
[2022-02-25 00:56:15,789] {logging_mixin.py:109} INFO - [2022-02-25 00:56:15,788] {dagbag.py:500} INFO - Filling up the DagBag from /home/airflow/.local/lib/python3.7/site-packages/airflow/example_dags/example_xcomargs.py
[2022-02-25 00:56:15,910] {processor.py:654} INFO - DAG(s) dict_keys(['example_xcom_args', 'example_xcom_args_with_operators']) retrieved from /home/airflow/.local/lib/python3.7/site-packages/airflow/example_dags/example_xcomargs.py
[2022-02-25 00:56:17,101] {logging_mixin.py:109} INFO - [2022-02-25 00:56:17,100] {dag.py:2396} INFO - Sync 2 DAGs
[2022-02-25 00:56:17,172] {logging_mixin.py:109} INFO - [2022-02-25 00:56:17,171] {dag.py:2935} INFO - Setting next_dagrun for example_xcom_args to None
[2022-02-25 00:56:17,177] {logging_mixin.py:109} INFO - [2022-02-25 00:56:17,177] {dag.py:2935} INFO - Setting next_dagrun for example_xcom_args_with_operators to None
[2022-02-25 00:56:17,221] {processor.py:171} INFO - Processing /home/airflow/.local/lib/python3.7/site-packages/airflow/example_dags/example_xcomargs.py took 1.451 seconds
[2022-02-25 00:56:47,531] {processor.py:163} INFO - Started process (PID=2118) to work on /home/airflow/.local/lib/python3.7/site-packages/airflow/example_dags/example_xcomargs.py
[2022-02-25 00:56:47,536] {processor.py:642} INFO - Processing file /home/airflow/.local/lib/python3.7/site-packages/airflow/example_dags/example_xcomargs.py for tasks to queue
[2022-02-25 00:56:47,539] {logging_mixin.py:109} INFO - [2022-02-25 00:56:47,539] {dagbag.py:500} INFO - Filling up the DagBag from /home/airflow/.local/lib/python3.7/site-packages/airflow/example_dags/example_xcomargs.py
[2022-02-25 00:56:47,657] {processor.py:654} INFO - DAG(s) dict_keys(['example_xcom_args', 'example_xcom_args_with_operators']) retrieved from /home/airflow/.local/lib/python3.7/site-packages/airflow/example_dags/example_xcomargs.py
[2022-02-25 00:56:48,806] {logging_mixin.py:109} INFO - [2022-02-25 00:56:48,805] {dag.py:2396} INFO - Sync 2 DAGs
[2022-02-25 00:56:48,872] {logging_mixin.py:109} INFO - [2022-02-25 00:56:48,872] {dag.py:2935} INFO - Setting next_dagrun for example_xcom_args to None
[2022-02-25 00:56:48,875] {logging_mixin.py:109} INFO - [2022-02-25 00:56:48,875] {dag.py:2935} INFO - Setting next_dagrun for example_xcom_args_with_operators to None
[2022-02-25 00:56:48,916] {processor.py:171} INFO - Processing /home/airflow/.local/lib/python3.7/site-packages/airflow/example_dags/example_xcomargs.py took 1.392 seconds
[2022-02-25 00:57:19,407] {processor.py:163} INFO - Started process (PID=2226) to work on /home/airflow/.local/lib/python3.7/site-packages/airflow/example_dags/example_xcomargs.py
[2022-02-25 00:57:19,412] {processor.py:642} INFO - Processing file /home/airflow/.local/lib/python3.7/site-packages/airflow/example_dags/example_xcomargs.py for tasks to queue
[2022-02-25 00:57:19,417] {logging_mixin.py:109} INFO - [2022-02-25 00:57:19,416] {dagbag.py:500} INFO - Filling up the DagBag from /home/airflow/.local/lib/python3.7/site-packages/airflow/example_dags/example_xcomargs.py
[2022-02-25 00:57:19,538] {processor.py:654} INFO - DAG(s) dict_keys(['example_xcom_args', 'example_xcom_args_with_operators']) retrieved from /home/airflow/.local/lib/python3.7/site-packages/airflow/example_dags/example_xcomargs.py
[2022-02-25 00:57:20,848] {logging_mixin.py:109} INFO - [2022-02-25 00:57:20,847] {dag.py:2396} INFO - Sync 2 DAGs
[2022-02-25 00:57:20,920] {logging_mixin.py:109} INFO - [2022-02-25 00:57:20,919] {dag.py:2935} INFO - Setting next_dagrun for example_xcom_args to None
[2022-02-25 00:57:20,924] {logging_mixin.py:109} INFO - [2022-02-25 00:57:20,924] {dag.py:2935} INFO - Setting next_dagrun for example_xcom_args_with_operators to None
[2022-02-25 00:57:20,967] {processor.py:171} INFO - Processing /home/airflow/.local/lib/python3.7/site-packages/airflow/example_dags/example_xcomargs.py took 1.566 seconds
[2022-02-25 00:57:51,057] {processor.py:163} INFO - Started process (PID=2334) to work on /home/airflow/.local/lib/python3.7/site-packages/airflow/example_dags/example_xcomargs.py
[2022-02-25 00:57:51,062] {processor.py:642} INFO - Processing file /home/airflow/.local/lib/python3.7/site-packages/airflow/example_dags/example_xcomargs.py for tasks to queue
[2022-02-25 00:57:51,066] {logging_mixin.py:109} INFO - [2022-02-25 00:57:51,066] {dagbag.py:500} INFO - Filling up the DagBag from /home/airflow/.local/lib/python3.7/site-packages/airflow/example_dags/example_xcomargs.py
[2022-02-25 00:57:51,186] {processor.py:654} INFO - DAG(s) dict_keys(['example_xcom_args', 'example_xcom_args_with_operators']) retrieved from /home/airflow/.local/lib/python3.7/site-packages/airflow/example_dags/example_xcomargs.py
[2022-02-25 00:57:52,609] {logging_mixin.py:109} INFO - [2022-02-25 00:57:52,608] {dag.py:2396} INFO - Sync 2 DAGs
[2022-02-25 00:57:52,691] {logging_mixin.py:109} INFO - [2022-02-25 00:57:52,690] {dag.py:2935} INFO - Setting next_dagrun for example_xcom_args to None
[2022-02-25 00:57:52,694] {logging_mixin.py:109} INFO - [2022-02-25 00:57:52,693] {dag.py:2935} INFO - Setting next_dagrun for example_xcom_args_with_operators to None
[2022-02-25 00:57:52,736] {processor.py:171} INFO - Processing /home/airflow/.local/lib/python3.7/site-packages/airflow/example_dags/example_xcomargs.py took 1.687 seconds
[2022-02-25 00:58:23,143] {processor.py:163} INFO - Started process (PID=2429) to work on /home/airflow/.local/lib/python3.7/site-packages/airflow/example_dags/example_xcomargs.py
[2022-02-25 00:58:23,149] {processor.py:642} INFO - Processing file /home/airflow/.local/lib/python3.7/site-packages/airflow/example_dags/example_xcomargs.py for tasks to queue
[2022-02-25 00:58:23,154] {logging_mixin.py:109} INFO - [2022-02-25 00:58:23,154] {dagbag.py:500} INFO - Filling up the DagBag from /home/airflow/.local/lib/python3.7/site-packages/airflow/example_dags/example_xcomargs.py
[2022-02-25 00:58:23,274] {processor.py:654} INFO - DAG(s) dict_keys(['example_xcom_args', 'example_xcom_args_with_operators']) retrieved from /home/airflow/.local/lib/python3.7/site-packages/airflow/example_dags/example_xcomargs.py
[2022-02-25 00:58:24,574] {logging_mixin.py:109} INFO - [2022-02-25 00:58:24,573] {dag.py:2396} INFO - Sync 2 DAGs
[2022-02-25 00:58:24,678] {logging_mixin.py:109} INFO - [2022-02-25 00:58:24,678] {dag.py:2935} INFO - Setting next_dagrun for example_xcom_args to None
[2022-02-25 00:58:24,682] {logging_mixin.py:109} INFO - [2022-02-25 00:58:24,681] {dag.py:2935} INFO - Setting next_dagrun for example_xcom_args_with_operators to None
[2022-02-25 00:58:24,727] {processor.py:171} INFO - Processing /home/airflow/.local/lib/python3.7/site-packages/airflow/example_dags/example_xcomargs.py took 1.592 seconds
[2022-02-25 00:58:55,294] {processor.py:163} INFO - Started process (PID=2544) to work on /home/airflow/.local/lib/python3.7/site-packages/airflow/example_dags/example_xcomargs.py
[2022-02-25 00:58:55,300] {processor.py:642} INFO - Processing file /home/airflow/.local/lib/python3.7/site-packages/airflow/example_dags/example_xcomargs.py for tasks to queue
[2022-02-25 00:58:55,305] {logging_mixin.py:109} INFO - [2022-02-25 00:58:55,304] {dagbag.py:500} INFO - Filling up the DagBag from /home/airflow/.local/lib/python3.7/site-packages/airflow/example_dags/example_xcomargs.py
[2022-02-25 00:58:55,403] {processor.py:654} INFO - DAG(s) dict_keys(['example_xcom_args', 'example_xcom_args_with_operators']) retrieved from /home/airflow/.local/lib/python3.7/site-packages/airflow/example_dags/example_xcomargs.py
[2022-02-25 00:58:56,533] {logging_mixin.py:109} INFO - [2022-02-25 00:58:56,533] {dag.py:2396} INFO - Sync 2 DAGs
[2022-02-25 00:58:56,601] {logging_mixin.py:109} INFO - [2022-02-25 00:58:56,600] {dag.py:2935} INFO - Setting next_dagrun for example_xcom_args to None
[2022-02-25 00:58:56,604] {logging_mixin.py:109} INFO - [2022-02-25 00:58:56,604] {dag.py:2935} INFO - Setting next_dagrun for example_xcom_args_with_operators to None
[2022-02-25 00:58:56,645] {processor.py:171} INFO - Processing /home/airflow/.local/lib/python3.7/site-packages/airflow/example_dags/example_xcomargs.py took 1.358 seconds
[2022-02-25 00:59:27,218] {processor.py:163} INFO - Started process (PID=2637) to work on /home/airflow/.local/lib/python3.7/site-packages/airflow/example_dags/example_xcomargs.py
[2022-02-25 00:59:27,242] {processor.py:642} INFO - Processing file /home/airflow/.local/lib/python3.7/site-packages/airflow/example_dags/example_xcomargs.py for tasks to queue
[2022-02-25 00:59:27,263] {logging_mixin.py:109} INFO - [2022-02-25 00:59:27,262] {dagbag.py:500} INFO - Filling up the DagBag from /home/airflow/.local/lib/python3.7/site-packages/airflow/example_dags/example_xcomargs.py
[2022-02-25 00:59:27,551] {processor.py:654} INFO - DAG(s) dict_keys(['example_xcom_args', 'example_xcom_args_with_operators']) retrieved from /home/airflow/.local/lib/python3.7/site-packages/airflow/example_dags/example_xcomargs.py
[2022-02-25 00:59:28,747] {logging_mixin.py:109} INFO - [2022-02-25 00:59:28,746] {dag.py:2396} INFO - Sync 2 DAGs
[2022-02-25 00:59:28,828] {logging_mixin.py:109} INFO - [2022-02-25 00:59:28,827] {dag.py:2935} INFO - Setting next_dagrun for example_xcom_args to None
[2022-02-25 00:59:28,832] {logging_mixin.py:109} INFO - [2022-02-25 00:59:28,831] {dag.py:2935} INFO - Setting next_dagrun for example_xcom_args_with_operators to None
[2022-02-25 00:59:28,875] {processor.py:171} INFO - Processing /home/airflow/.local/lib/python3.7/site-packages/airflow/example_dags/example_xcomargs.py took 1.665 seconds
[2022-02-25 00:59:59,275] {processor.py:163} INFO - Started process (PID=2746) to work on /home/airflow/.local/lib/python3.7/site-packages/airflow/example_dags/example_xcomargs.py
[2022-02-25 00:59:59,281] {processor.py:642} INFO - Processing file /home/airflow/.local/lib/python3.7/site-packages/airflow/example_dags/example_xcomargs.py for tasks to queue
[2022-02-25 00:59:59,285] {logging_mixin.py:109} INFO - [2022-02-25 00:59:59,285] {dagbag.py:500} INFO - Filling up the DagBag from /home/airflow/.local/lib/python3.7/site-packages/airflow/example_dags/example_xcomargs.py
[2022-02-25 00:59:59,517] {processor.py:654} INFO - DAG(s) dict_keys(['example_xcom_args', 'example_xcom_args_with_operators']) retrieved from /home/airflow/.local/lib/python3.7/site-packages/airflow/example_dags/example_xcomargs.py
[2022-02-25 01:00:00,565] {logging_mixin.py:109} INFO - [2022-02-25 01:00:00,564] {dag.py:2396} INFO - Sync 2 DAGs
[2022-02-25 01:00:00,628] {logging_mixin.py:109} INFO - [2022-02-25 01:00:00,628] {dag.py:2935} INFO - Setting next_dagrun for example_xcom_args to None
[2022-02-25 01:00:00,631] {logging_mixin.py:109} INFO - [2022-02-25 01:00:00,631] {dag.py:2935} INFO - Setting next_dagrun for example_xcom_args_with_operators to None
[2022-02-25 01:00:00,670] {processor.py:171} INFO - Processing /home/airflow/.local/lib/python3.7/site-packages/airflow/example_dags/example_xcomargs.py took 1.404 seconds
[2022-02-25 01:00:31,157] {processor.py:163} INFO - Started process (PID=2852) to work on /home/airflow/.local/lib/python3.7/site-packages/airflow/example_dags/example_xcomargs.py
[2022-02-25 01:00:31,163] {processor.py:642} INFO - Processing file /home/airflow/.local/lib/python3.7/site-packages/airflow/example_dags/example_xcomargs.py for tasks to queue
[2022-02-25 01:00:31,168] {logging_mixin.py:109} INFO - [2022-02-25 01:00:31,167] {dagbag.py:500} INFO - Filling up the DagBag from /home/airflow/.local/lib/python3.7/site-packages/airflow/example_dags/example_xcomargs.py
[2022-02-25 01:00:31,452] {processor.py:654} INFO - DAG(s) dict_keys(['example_xcom_args', 'example_xcom_args_with_operators']) retrieved from /home/airflow/.local/lib/python3.7/site-packages/airflow/example_dags/example_xcomargs.py
[2022-02-25 01:00:32,768] {logging_mixin.py:109} INFO - [2022-02-25 01:00:32,768] {dag.py:2396} INFO - Sync 2 DAGs
[2022-02-25 01:00:32,853] {logging_mixin.py:109} INFO - [2022-02-25 01:00:32,852] {dag.py:2935} INFO - Setting next_dagrun for example_xcom_args to None
[2022-02-25 01:00:32,858] {logging_mixin.py:109} INFO - [2022-02-25 01:00:32,858] {dag.py:2935} INFO - Setting next_dagrun for example_xcom_args_with_operators to None
[2022-02-25 01:00:32,908] {processor.py:171} INFO - Processing /home/airflow/.local/lib/python3.7/site-packages/airflow/example_dags/example_xcomargs.py took 1.760 seconds
[2022-02-25 01:01:03,362] {processor.py:163} INFO - Started process (PID=2947) to work on /home/airflow/.local/lib/python3.7/site-packages/airflow/example_dags/example_xcomargs.py
[2022-02-25 01:01:03,367] {processor.py:642} INFO - Processing file /home/airflow/.local/lib/python3.7/site-packages/airflow/example_dags/example_xcomargs.py for tasks to queue
[2022-02-25 01:01:03,371] {logging_mixin.py:109} INFO - [2022-02-25 01:01:03,371] {dagbag.py:500} INFO - Filling up the DagBag from /home/airflow/.local/lib/python3.7/site-packages/airflow/example_dags/example_xcomargs.py
[2022-02-25 01:01:03,598] {processor.py:654} INFO - DAG(s) dict_keys(['example_xcom_args', 'example_xcom_args_with_operators']) retrieved from /home/airflow/.local/lib/python3.7/site-packages/airflow/example_dags/example_xcomargs.py
[2022-02-25 01:01:04,610] {logging_mixin.py:109} INFO - [2022-02-25 01:01:04,609] {dag.py:2396} INFO - Sync 2 DAGs
[2022-02-25 01:01:04,669] {logging_mixin.py:109} INFO - [2022-02-25 01:01:04,669] {dag.py:2935} INFO - Setting next_dagrun for example_xcom_args to None
[2022-02-25 01:01:04,672] {logging_mixin.py:109} INFO - [2022-02-25 01:01:04,672] {dag.py:2935} INFO - Setting next_dagrun for example_xcom_args_with_operators to None
[2022-02-25 01:01:04,708] {processor.py:171} INFO - Processing /home/airflow/.local/lib/python3.7/site-packages/airflow/example_dags/example_xcomargs.py took 1.354 seconds
[2022-02-25 01:01:34,806] {processor.py:163} INFO - Started process (PID=3055) to work on /home/airflow/.local/lib/python3.7/site-packages/airflow/example_dags/example_xcomargs.py
[2022-02-25 01:01:34,810] {processor.py:642} INFO - Processing file /home/airflow/.local/lib/python3.7/site-packages/airflow/example_dags/example_xcomargs.py for tasks to queue
[2022-02-25 01:01:34,813] {logging_mixin.py:109} INFO - [2022-02-25 01:01:34,812] {dagbag.py:500} INFO - Filling up the DagBag from /home/airflow/.local/lib/python3.7/site-packages/airflow/example_dags/example_xcomargs.py
[2022-02-25 01:01:35,017] {processor.py:654} INFO - DAG(s) dict_keys(['example_xcom_args', 'example_xcom_args_with_operators']) retrieved from /home/airflow/.local/lib/python3.7/site-packages/airflow/example_dags/example_xcomargs.py
[2022-02-25 01:01:36,025] {logging_mixin.py:109} INFO - [2022-02-25 01:01:36,024] {dag.py:2396} INFO - Sync 2 DAGs
[2022-02-25 01:01:36,087] {logging_mixin.py:109} INFO - [2022-02-25 01:01:36,086] {dag.py:2935} INFO - Setting next_dagrun for example_xcom_args to None
[2022-02-25 01:01:36,090] {logging_mixin.py:109} INFO - [2022-02-25 01:01:36,090] {dag.py:2935} INFO - Setting next_dagrun for example_xcom_args_with_operators to None
[2022-02-25 01:01:36,143] {processor.py:171} INFO - Processing /home/airflow/.local/lib/python3.7/site-packages/airflow/example_dags/example_xcomargs.py took 1.344 seconds
[2022-02-25 01:02:06,573] {processor.py:163} INFO - Started process (PID=3148) to work on /home/airflow/.local/lib/python3.7/site-packages/airflow/example_dags/example_xcomargs.py
[2022-02-25 01:02:06,578] {processor.py:642} INFO - Processing file /home/airflow/.local/lib/python3.7/site-packages/airflow/example_dags/example_xcomargs.py for tasks to queue
[2022-02-25 01:02:06,581] {logging_mixin.py:109} INFO - [2022-02-25 01:02:06,581] {dagbag.py:500} INFO - Filling up the DagBag from /home/airflow/.local/lib/python3.7/site-packages/airflow/example_dags/example_xcomargs.py
[2022-02-25 01:02:06,684] {processor.py:654} INFO - DAG(s) dict_keys(['example_xcom_args', 'example_xcom_args_with_operators']) retrieved from /home/airflow/.local/lib/python3.7/site-packages/airflow/example_dags/example_xcomargs.py
[2022-02-25 01:02:07,683] {logging_mixin.py:109} INFO - [2022-02-25 01:02:07,682] {dag.py:2396} INFO - Sync 2 DAGs
[2022-02-25 01:02:07,739] {logging_mixin.py:109} INFO - [2022-02-25 01:02:07,739] {dag.py:2935} INFO - Setting next_dagrun for example_xcom_args to None
[2022-02-25 01:02:07,742] {logging_mixin.py:109} INFO - [2022-02-25 01:02:07,742] {dag.py:2935} INFO - Setting next_dagrun for example_xcom_args_with_operators to None
[2022-02-25 01:02:07,775] {processor.py:171} INFO - Processing /home/airflow/.local/lib/python3.7/site-packages/airflow/example_dags/example_xcomargs.py took 1.210 seconds
[2022-02-25 01:02:37,863] {processor.py:163} INFO - Started process (PID=3257) to work on /home/airflow/.local/lib/python3.7/site-packages/airflow/example_dags/example_xcomargs.py
[2022-02-25 01:02:37,868] {processor.py:642} INFO - Processing file /home/airflow/.local/lib/python3.7/site-packages/airflow/example_dags/example_xcomargs.py for tasks to queue
[2022-02-25 01:02:37,871] {logging_mixin.py:109} INFO - [2022-02-25 01:02:37,871] {dagbag.py:500} INFO - Filling up the DagBag from /home/airflow/.local/lib/python3.7/site-packages/airflow/example_dags/example_xcomargs.py
[2022-02-25 01:02:37,966] {processor.py:654} INFO - DAG(s) dict_keys(['example_xcom_args', 'example_xcom_args_with_operators']) retrieved from /home/airflow/.local/lib/python3.7/site-packages/airflow/example_dags/example_xcomargs.py
[2022-02-25 01:02:38,959] {logging_mixin.py:109} INFO - [2022-02-25 01:02:38,958] {dag.py:2396} INFO - Sync 2 DAGs
[2022-02-25 01:02:39,022] {logging_mixin.py:109} INFO - [2022-02-25 01:02:39,021] {dag.py:2935} INFO - Setting next_dagrun for example_xcom_args to None
[2022-02-25 01:02:39,025] {logging_mixin.py:109} INFO - [2022-02-25 01:02:39,025] {dag.py:2935} INFO - Setting next_dagrun for example_xcom_args_with_operators to None
[2022-02-25 01:02:39,067] {processor.py:171} INFO - Processing /home/airflow/.local/lib/python3.7/site-packages/airflow/example_dags/example_xcomargs.py took 1.211 seconds
[2022-02-25 01:03:09,444] {processor.py:163} INFO - Started process (PID=3361) to work on /home/airflow/.local/lib/python3.7/site-packages/airflow/example_dags/example_xcomargs.py
[2022-02-25 01:03:09,452] {processor.py:642} INFO - Processing file /home/airflow/.local/lib/python3.7/site-packages/airflow/example_dags/example_xcomargs.py for tasks to queue
[2022-02-25 01:03:09,458] {logging_mixin.py:109} INFO - [2022-02-25 01:03:09,457] {dagbag.py:500} INFO - Filling up the DagBag from /home/airflow/.local/lib/python3.7/site-packages/airflow/example_dags/example_xcomargs.py
[2022-02-25 01:03:09,580] {processor.py:654} INFO - DAG(s) dict_keys(['example_xcom_args', 'example_xcom_args_with_operators']) retrieved from /home/airflow/.local/lib/python3.7/site-packages/airflow/example_dags/example_xcomargs.py
[2022-02-25 01:03:10,866] {logging_mixin.py:109} INFO - [2022-02-25 01:03:10,865] {dag.py:2396} INFO - Sync 2 DAGs
[2022-02-25 01:03:10,974] {logging_mixin.py:109} INFO - [2022-02-25 01:03:10,973] {dag.py:2935} INFO - Setting next_dagrun for example_xcom_args to None
[2022-02-25 01:03:10,977] {logging_mixin.py:109} INFO - [2022-02-25 01:03:10,977] {dag.py:2935} INFO - Setting next_dagrun for example_xcom_args_with_operators to None
[2022-02-25 01:03:11,025] {processor.py:171} INFO - Processing /home/airflow/.local/lib/python3.7/site-packages/airflow/example_dags/example_xcomargs.py took 1.592 seconds
[2022-02-25 01:03:41,116] {processor.py:163} INFO - Started process (PID=3458) to work on /home/airflow/.local/lib/python3.7/site-packages/airflow/example_dags/example_xcomargs.py
[2022-02-25 01:03:41,122] {processor.py:642} INFO - Processing file /home/airflow/.local/lib/python3.7/site-packages/airflow/example_dags/example_xcomargs.py for tasks to queue
[2022-02-25 01:03:41,126] {logging_mixin.py:109} INFO - [2022-02-25 01:03:41,125] {dagbag.py:500} INFO - Filling up the DagBag from /home/airflow/.local/lib/python3.7/site-packages/airflow/example_dags/example_xcomargs.py
[2022-02-25 01:03:41,230] {processor.py:654} INFO - DAG(s) dict_keys(['example_xcom_args', 'example_xcom_args_with_operators']) retrieved from /home/airflow/.local/lib/python3.7/site-packages/airflow/example_dags/example_xcomargs.py
[2022-02-25 01:03:42,294] {logging_mixin.py:109} INFO - [2022-02-25 01:03:42,294] {dag.py:2396} INFO - Sync 2 DAGs
[2022-02-25 01:03:42,357] {logging_mixin.py:109} INFO - [2022-02-25 01:03:42,357] {dag.py:2935} INFO - Setting next_dagrun for example_xcom_args to None
[2022-02-25 01:03:42,361] {logging_mixin.py:109} INFO - [2022-02-25 01:03:42,360] {dag.py:2935} INFO - Setting next_dagrun for example_xcom_args_with_operators to None
[2022-02-25 01:03:42,398] {processor.py:171} INFO - Processing /home/airflow/.local/lib/python3.7/site-packages/airflow/example_dags/example_xcomargs.py took 1.289 seconds
[2022-02-25 01:04:12,911] {processor.py:163} INFO - Started process (PID=3567) to work on /home/airflow/.local/lib/python3.7/site-packages/airflow/example_dags/example_xcomargs.py
[2022-02-25 01:04:12,915] {processor.py:642} INFO - Processing file /home/airflow/.local/lib/python3.7/site-packages/airflow/example_dags/example_xcomargs.py for tasks to queue
[2022-02-25 01:04:12,918] {logging_mixin.py:109} INFO - [2022-02-25 01:04:12,917] {dagbag.py:500} INFO - Filling up the DagBag from /home/airflow/.local/lib/python3.7/site-packages/airflow/example_dags/example_xcomargs.py
[2022-02-25 01:04:13,021] {processor.py:654} INFO - DAG(s) dict_keys(['example_xcom_args', 'example_xcom_args_with_operators']) retrieved from /home/airflow/.local/lib/python3.7/site-packages/airflow/example_dags/example_xcomargs.py
[2022-02-25 01:04:13,978] {logging_mixin.py:109} INFO - [2022-02-25 01:04:13,978] {dag.py:2396} INFO - Sync 2 DAGs
[2022-02-25 01:04:14,044] {logging_mixin.py:109} INFO - [2022-02-25 01:04:14,044] {dag.py:2935} INFO - Setting next_dagrun for example_xcom_args to None
[2022-02-25 01:04:14,050] {logging_mixin.py:109} INFO - [2022-02-25 01:04:14,049] {dag.py:2935} INFO - Setting next_dagrun for example_xcom_args_with_operators to None
[2022-02-25 01:04:14,090] {processor.py:171} INFO - Processing /home/airflow/.local/lib/python3.7/site-packages/airflow/example_dags/example_xcomargs.py took 1.186 seconds
[2022-02-25 01:04:44,143] {processor.py:163} INFO - Started process (PID=3656) to work on /home/airflow/.local/lib/python3.7/site-packages/airflow/example_dags/example_xcomargs.py
[2022-02-25 01:04:44,148] {processor.py:642} INFO - Processing file /home/airflow/.local/lib/python3.7/site-packages/airflow/example_dags/example_xcomargs.py for tasks to queue
[2022-02-25 01:04:44,151] {logging_mixin.py:109} INFO - [2022-02-25 01:04:44,150] {dagbag.py:500} INFO - Filling up the DagBag from /home/airflow/.local/lib/python3.7/site-packages/airflow/example_dags/example_xcomargs.py
[2022-02-25 01:04:44,245] {processor.py:654} INFO - DAG(s) dict_keys(['example_xcom_args', 'example_xcom_args_with_operators']) retrieved from /home/airflow/.local/lib/python3.7/site-packages/airflow/example_dags/example_xcomargs.py
[2022-02-25 01:04:45,290] {logging_mixin.py:109} INFO - [2022-02-25 01:04:45,290] {dag.py:2396} INFO - Sync 2 DAGs
[2022-02-25 01:04:45,350] {logging_mixin.py:109} INFO - [2022-02-25 01:04:45,349] {dag.py:2935} INFO - Setting next_dagrun for example_xcom_args to None
[2022-02-25 01:04:45,353] {logging_mixin.py:109} INFO - [2022-02-25 01:04:45,352] {dag.py:2935} INFO - Setting next_dagrun for example_xcom_args_with_operators to None
[2022-02-25 01:04:45,390] {processor.py:171} INFO - Processing /home/airflow/.local/lib/python3.7/site-packages/airflow/example_dags/example_xcomargs.py took 1.255 seconds
[2022-02-25 01:05:16,112] {processor.py:163} INFO - Started process (PID=3766) to work on /home/airflow/.local/lib/python3.7/site-packages/airflow/example_dags/example_xcomargs.py
[2022-02-25 01:05:16,117] {processor.py:642} INFO - Processing file /home/airflow/.local/lib/python3.7/site-packages/airflow/example_dags/example_xcomargs.py for tasks to queue
[2022-02-25 01:05:16,120] {logging_mixin.py:109} INFO - [2022-02-25 01:05:16,120] {dagbag.py:500} INFO - Filling up the DagBag from /home/airflow/.local/lib/python3.7/site-packages/airflow/example_dags/example_xcomargs.py
[2022-02-25 01:05:16,216] {processor.py:654} INFO - DAG(s) dict_keys(['example_xcom_args', 'example_xcom_args_with_operators']) retrieved from /home/airflow/.local/lib/python3.7/site-packages/airflow/example_dags/example_xcomargs.py
[2022-02-25 01:05:17,147] {logging_mixin.py:109} INFO - [2022-02-25 01:05:17,146] {dag.py:2396} INFO - Sync 2 DAGs
[2022-02-25 01:05:17,215] {logging_mixin.py:109} INFO - [2022-02-25 01:05:17,215] {dag.py:2935} INFO - Setting next_dagrun for example_xcom_args to None
[2022-02-25 01:05:17,219] {logging_mixin.py:109} INFO - [2022-02-25 01:05:17,218] {dag.py:2935} INFO - Setting next_dagrun for example_xcom_args_with_operators to None
[2022-02-25 01:05:17,267] {processor.py:171} INFO - Processing /home/airflow/.local/lib/python3.7/site-packages/airflow/example_dags/example_xcomargs.py took 1.162 seconds
[2022-02-25 01:05:47,559] {processor.py:163} INFO - Started process (PID=3855) to work on /home/airflow/.local/lib/python3.7/site-packages/airflow/example_dags/example_xcomargs.py
[2022-02-25 01:05:47,564] {processor.py:642} INFO - Processing file /home/airflow/.local/lib/python3.7/site-packages/airflow/example_dags/example_xcomargs.py for tasks to queue
[2022-02-25 01:05:47,568] {logging_mixin.py:109} INFO - [2022-02-25 01:05:47,567] {dagbag.py:500} INFO - Filling up the DagBag from /home/airflow/.local/lib/python3.7/site-packages/airflow/example_dags/example_xcomargs.py
[2022-02-25 01:05:47,683] {processor.py:654} INFO - DAG(s) dict_keys(['example_xcom_args', 'example_xcom_args_with_operators']) retrieved from /home/airflow/.local/lib/python3.7/site-packages/airflow/example_dags/example_xcomargs.py
[2022-02-25 01:05:48,707] {logging_mixin.py:109} INFO - [2022-02-25 01:05:48,706] {dag.py:2396} INFO - Sync 2 DAGs
[2022-02-25 01:05:48,776] {logging_mixin.py:109} INFO - [2022-02-25 01:05:48,775] {dag.py:2935} INFO - Setting next_dagrun for example_xcom_args to None
[2022-02-25 01:05:48,779] {logging_mixin.py:109} INFO - [2022-02-25 01:05:48,779] {dag.py:2935} INFO - Setting next_dagrun for example_xcom_args_with_operators to None
[2022-02-25 01:05:48,818] {processor.py:171} INFO - Processing /home/airflow/.local/lib/python3.7/site-packages/airflow/example_dags/example_xcomargs.py took 1.268 seconds
[2022-02-25 01:06:19,018] {processor.py:163} INFO - Started process (PID=3961) to work on /home/airflow/.local/lib/python3.7/site-packages/airflow/example_dags/example_xcomargs.py
[2022-02-25 01:06:19,024] {processor.py:642} INFO - Processing file /home/airflow/.local/lib/python3.7/site-packages/airflow/example_dags/example_xcomargs.py for tasks to queue
[2022-02-25 01:06:19,028] {logging_mixin.py:109} INFO - [2022-02-25 01:06:19,027] {dagbag.py:500} INFO - Filling up the DagBag from /home/airflow/.local/lib/python3.7/site-packages/airflow/example_dags/example_xcomargs.py
[2022-02-25 01:06:19,155] {processor.py:654} INFO - DAG(s) dict_keys(['example_xcom_args', 'example_xcom_args_with_operators']) retrieved from /home/airflow/.local/lib/python3.7/site-packages/airflow/example_dags/example_xcomargs.py
[2022-02-25 01:06:20,136] {logging_mixin.py:109} INFO - [2022-02-25 01:06:20,136] {dag.py:2396} INFO - Sync 2 DAGs
[2022-02-25 01:06:20,198] {logging_mixin.py:109} INFO - [2022-02-25 01:06:20,197] {dag.py:2935} INFO - Setting next_dagrun for example_xcom_args to None
[2022-02-25 01:06:20,201] {logging_mixin.py:109} INFO - [2022-02-25 01:06:20,201] {dag.py:2935} INFO - Setting next_dagrun for example_xcom_args_with_operators to None
[2022-02-25 01:06:20,239] {processor.py:171} INFO - Processing /home/airflow/.local/lib/python3.7/site-packages/airflow/example_dags/example_xcomargs.py took 1.229 seconds
[2022-02-25 01:06:51,036] {processor.py:163} INFO - Started process (PID=4067) to work on /home/airflow/.local/lib/python3.7/site-packages/airflow/example_dags/example_xcomargs.py
[2022-02-25 01:06:51,043] {processor.py:642} INFO - Processing file /home/airflow/.local/lib/python3.7/site-packages/airflow/example_dags/example_xcomargs.py for tasks to queue
[2022-02-25 01:06:51,046] {logging_mixin.py:109} INFO - [2022-02-25 01:06:51,046] {dagbag.py:500} INFO - Filling up the DagBag from /home/airflow/.local/lib/python3.7/site-packages/airflow/example_dags/example_xcomargs.py
[2022-02-25 01:06:51,155] {processor.py:654} INFO - DAG(s) dict_keys(['example_xcom_args', 'example_xcom_args_with_operators']) retrieved from /home/airflow/.local/lib/python3.7/site-packages/airflow/example_dags/example_xcomargs.py
[2022-02-25 01:06:52,233] {logging_mixin.py:109} INFO - [2022-02-25 01:06:52,233] {dag.py:2396} INFO - Sync 2 DAGs
[2022-02-25 01:06:52,305] {logging_mixin.py:109} INFO - [2022-02-25 01:06:52,305] {dag.py:2935} INFO - Setting next_dagrun for example_xcom_args to None
[2022-02-25 01:06:52,309] {logging_mixin.py:109} INFO - [2022-02-25 01:06:52,308] {dag.py:2935} INFO - Setting next_dagrun for example_xcom_args_with_operators to None
[2022-02-25 01:06:52,346] {processor.py:171} INFO - Processing /home/airflow/.local/lib/python3.7/site-packages/airflow/example_dags/example_xcomargs.py took 1.318 seconds
[2022-02-25 01:07:22,463] {processor.py:163} INFO - Started process (PID=4156) to work on /home/airflow/.local/lib/python3.7/site-packages/airflow/example_dags/example_xcomargs.py
[2022-02-25 01:07:22,468] {processor.py:642} INFO - Processing file /home/airflow/.local/lib/python3.7/site-packages/airflow/example_dags/example_xcomargs.py for tasks to queue
[2022-02-25 01:07:22,472] {logging_mixin.py:109} INFO - [2022-02-25 01:07:22,472] {dagbag.py:500} INFO - Filling up the DagBag from /home/airflow/.local/lib/python3.7/site-packages/airflow/example_dags/example_xcomargs.py
[2022-02-25 01:07:22,578] {processor.py:654} INFO - DAG(s) dict_keys(['example_xcom_args', 'example_xcom_args_with_operators']) retrieved from /home/airflow/.local/lib/python3.7/site-packages/airflow/example_dags/example_xcomargs.py
[2022-02-25 01:07:23,606] {logging_mixin.py:109} INFO - [2022-02-25 01:07:23,605] {dag.py:2396} INFO - Sync 2 DAGs
[2022-02-25 01:07:23,669] {logging_mixin.py:109} INFO - [2022-02-25 01:07:23,668] {dag.py:2935} INFO - Setting next_dagrun for example_xcom_args to None
[2022-02-25 01:07:23,672] {logging_mixin.py:109} INFO - [2022-02-25 01:07:23,672] {dag.py:2935} INFO - Setting next_dagrun for example_xcom_args_with_operators to None
[2022-02-25 01:07:23,709] {processor.py:171} INFO - Processing /home/airflow/.local/lib/python3.7/site-packages/airflow/example_dags/example_xcomargs.py took 1.255 seconds
[2022-02-25 01:07:53,787] {processor.py:163} INFO - Started process (PID=4263) to work on /home/airflow/.local/lib/python3.7/site-packages/airflow/example_dags/example_xcomargs.py
[2022-02-25 01:07:53,794] {processor.py:642} INFO - Processing file /home/airflow/.local/lib/python3.7/site-packages/airflow/example_dags/example_xcomargs.py for tasks to queue
[2022-02-25 01:07:53,799] {logging_mixin.py:109} INFO - [2022-02-25 01:07:53,799] {dagbag.py:500} INFO - Filling up the DagBag from /home/airflow/.local/lib/python3.7/site-packages/airflow/example_dags/example_xcomargs.py
[2022-02-25 01:07:53,908] {processor.py:654} INFO - DAG(s) dict_keys(['example_xcom_args', 'example_xcom_args_with_operators']) retrieved from /home/airflow/.local/lib/python3.7/site-packages/airflow/example_dags/example_xcomargs.py
[2022-02-25 01:07:54,832] {logging_mixin.py:109} INFO - [2022-02-25 01:07:54,832] {dag.py:2396} INFO - Sync 2 DAGs
[2022-02-25 01:07:54,889] {logging_mixin.py:109} INFO - [2022-02-25 01:07:54,889] {dag.py:2935} INFO - Setting next_dagrun for example_xcom_args to None
[2022-02-25 01:07:54,892] {logging_mixin.py:109} INFO - [2022-02-25 01:07:54,892] {dag.py:2935} INFO - Setting next_dagrun for example_xcom_args_with_operators to None
[2022-02-25 01:07:54,927] {processor.py:171} INFO - Processing /home/airflow/.local/lib/python3.7/site-packages/airflow/example_dags/example_xcomargs.py took 1.150 seconds
[2022-02-25 01:08:26,426] {processor.py:163} INFO - Started process (PID=4360) to work on /home/airflow/.local/lib/python3.7/site-packages/airflow/example_dags/example_xcomargs.py
[2022-02-25 01:08:26,432] {processor.py:642} INFO - Processing file /home/airflow/.local/lib/python3.7/site-packages/airflow/example_dags/example_xcomargs.py for tasks to queue
[2022-02-25 01:08:26,435] {logging_mixin.py:109} INFO - [2022-02-25 01:08:26,434] {dagbag.py:500} INFO - Filling up the DagBag from /home/airflow/.local/lib/python3.7/site-packages/airflow/example_dags/example_xcomargs.py
[2022-02-25 01:08:26,538] {processor.py:654} INFO - DAG(s) dict_keys(['example_xcom_args', 'example_xcom_args_with_operators']) retrieved from /home/airflow/.local/lib/python3.7/site-packages/airflow/example_dags/example_xcomargs.py
[2022-02-25 01:08:27,501] {logging_mixin.py:109} INFO - [2022-02-25 01:08:27,501] {dag.py:2396} INFO - Sync 2 DAGs
[2022-02-25 01:08:27,558] {logging_mixin.py:109} INFO - [2022-02-25 01:08:27,558] {dag.py:2935} INFO - Setting next_dagrun for example_xcom_args to None
[2022-02-25 01:08:27,561] {logging_mixin.py:109} INFO - [2022-02-25 01:08:27,560] {dag.py:2935} INFO - Setting next_dagrun for example_xcom_args_with_operators to None
[2022-02-25 01:08:27,598] {processor.py:171} INFO - Processing /home/airflow/.local/lib/python3.7/site-packages/airflow/example_dags/example_xcomargs.py took 1.181 seconds
[2022-02-25 01:08:57,791] {processor.py:163} INFO - Started process (PID=4466) to work on /home/airflow/.local/lib/python3.7/site-packages/airflow/example_dags/example_xcomargs.py
[2022-02-25 01:08:57,797] {processor.py:642} INFO - Processing file /home/airflow/.local/lib/python3.7/site-packages/airflow/example_dags/example_xcomargs.py for tasks to queue
[2022-02-25 01:08:57,801] {logging_mixin.py:109} INFO - [2022-02-25 01:08:57,801] {dagbag.py:500} INFO - Filling up the DagBag from /home/airflow/.local/lib/python3.7/site-packages/airflow/example_dags/example_xcomargs.py
[2022-02-25 01:08:57,904] {processor.py:654} INFO - DAG(s) dict_keys(['example_xcom_args', 'example_xcom_args_with_operators']) retrieved from /home/airflow/.local/lib/python3.7/site-packages/airflow/example_dags/example_xcomargs.py
[2022-02-25 01:08:58,890] {logging_mixin.py:109} INFO - [2022-02-25 01:08:58,890] {dag.py:2396} INFO - Sync 2 DAGs
[2022-02-25 01:08:58,952] {logging_mixin.py:109} INFO - [2022-02-25 01:08:58,951] {dag.py:2935} INFO - Setting next_dagrun for example_xcom_args to None
[2022-02-25 01:08:58,955] {logging_mixin.py:109} INFO - [2022-02-25 01:08:58,955] {dag.py:2935} INFO - Setting next_dagrun for example_xcom_args_with_operators to None
[2022-02-25 01:08:58,992] {processor.py:171} INFO - Processing /home/airflow/.local/lib/python3.7/site-packages/airflow/example_dags/example_xcomargs.py took 1.209 seconds
[2022-02-25 01:09:29,092] {processor.py:163} INFO - Started process (PID=4566) to work on /home/airflow/.local/lib/python3.7/site-packages/airflow/example_dags/example_xcomargs.py
[2022-02-25 01:09:29,098] {processor.py:642} INFO - Processing file /home/airflow/.local/lib/python3.7/site-packages/airflow/example_dags/example_xcomargs.py for tasks to queue
[2022-02-25 01:09:29,108] {logging_mixin.py:109} INFO - [2022-02-25 01:09:29,107] {dagbag.py:500} INFO - Filling up the DagBag from /home/airflow/.local/lib/python3.7/site-packages/airflow/example_dags/example_xcomargs.py
[2022-02-25 01:09:29,226] {processor.py:654} INFO - DAG(s) dict_keys(['example_xcom_args', 'example_xcom_args_with_operators']) retrieved from /home/airflow/.local/lib/python3.7/site-packages/airflow/example_dags/example_xcomargs.py
[2022-02-25 01:09:30,322] {logging_mixin.py:109} INFO - [2022-02-25 01:09:30,321] {dag.py:2396} INFO - Sync 2 DAGs
[2022-02-25 01:09:30,389] {logging_mixin.py:109} INFO - [2022-02-25 01:09:30,389] {dag.py:2935} INFO - Setting next_dagrun for example_xcom_args to None
[2022-02-25 01:09:30,393] {logging_mixin.py:109} INFO - [2022-02-25 01:09:30,392] {dag.py:2935} INFO - Setting next_dagrun for example_xcom_args_with_operators to None
[2022-02-25 01:09:30,437] {processor.py:171} INFO - Processing /home/airflow/.local/lib/python3.7/site-packages/airflow/example_dags/example_xcomargs.py took 1.355 seconds
[2022-02-25 01:10:00,713] {processor.py:163} INFO - Started process (PID=4662) to work on /home/airflow/.local/lib/python3.7/site-packages/airflow/example_dags/example_xcomargs.py
[2022-02-25 01:10:00,719] {processor.py:642} INFO - Processing file /home/airflow/.local/lib/python3.7/site-packages/airflow/example_dags/example_xcomargs.py for tasks to queue
[2022-02-25 01:10:00,722] {logging_mixin.py:109} INFO - [2022-02-25 01:10:00,722] {dagbag.py:500} INFO - Filling up the DagBag from /home/airflow/.local/lib/python3.7/site-packages/airflow/example_dags/example_xcomargs.py
[2022-02-25 01:10:00,843] {processor.py:654} INFO - DAG(s) dict_keys(['example_xcom_args', 'example_xcom_args_with_operators']) retrieved from /home/airflow/.local/lib/python3.7/site-packages/airflow/example_dags/example_xcomargs.py
[2022-02-25 01:10:02,045] {logging_mixin.py:109} INFO - [2022-02-25 01:10:02,045] {dag.py:2396} INFO - Sync 2 DAGs
[2022-02-25 01:10:02,115] {logging_mixin.py:109} INFO - [2022-02-25 01:10:02,115] {dag.py:2935} INFO - Setting next_dagrun for example_xcom_args to None
[2022-02-25 01:10:02,120] {logging_mixin.py:109} INFO - [2022-02-25 01:10:02,119] {dag.py:2935} INFO - Setting next_dagrun for example_xcom_args_with_operators to None
[2022-02-25 01:10:02,169] {processor.py:171} INFO - Processing /home/airflow/.local/lib/python3.7/site-packages/airflow/example_dags/example_xcomargs.py took 1.467 seconds
[2022-02-25 01:10:32,858] {processor.py:163} INFO - Started process (PID=4770) to work on /home/airflow/.local/lib/python3.7/site-packages/airflow/example_dags/example_xcomargs.py
[2022-02-25 01:10:32,863] {processor.py:642} INFO - Processing file /home/airflow/.local/lib/python3.7/site-packages/airflow/example_dags/example_xcomargs.py for tasks to queue
[2022-02-25 01:10:32,867] {logging_mixin.py:109} INFO - [2022-02-25 01:10:32,866] {dagbag.py:500} INFO - Filling up the DagBag from /home/airflow/.local/lib/python3.7/site-packages/airflow/example_dags/example_xcomargs.py
[2022-02-25 01:10:32,971] {processor.py:654} INFO - DAG(s) dict_keys(['example_xcom_args', 'example_xcom_args_with_operators']) retrieved from /home/airflow/.local/lib/python3.7/site-packages/airflow/example_dags/example_xcomargs.py
[2022-02-25 01:10:33,938] {logging_mixin.py:109} INFO - [2022-02-25 01:10:33,937] {dag.py:2396} INFO - Sync 2 DAGs
[2022-02-25 01:10:34,001] {logging_mixin.py:109} INFO - [2022-02-25 01:10:34,000] {dag.py:2935} INFO - Setting next_dagrun for example_xcom_args to None
[2022-02-25 01:10:34,004] {logging_mixin.py:109} INFO - [2022-02-25 01:10:34,003] {dag.py:2935} INFO - Setting next_dagrun for example_xcom_args_with_operators to None
[2022-02-25 01:10:34,042] {processor.py:171} INFO - Processing /home/airflow/.local/lib/python3.7/site-packages/airflow/example_dags/example_xcomargs.py took 1.191 seconds
[2022-02-25 01:11:04,456] {processor.py:163} INFO - Started process (PID=4859) to work on /home/airflow/.local/lib/python3.7/site-packages/airflow/example_dags/example_xcomargs.py
[2022-02-25 01:11:04,460] {processor.py:642} INFO - Processing file /home/airflow/.local/lib/python3.7/site-packages/airflow/example_dags/example_xcomargs.py for tasks to queue
[2022-02-25 01:11:04,463] {logging_mixin.py:109} INFO - [2022-02-25 01:11:04,463] {dagbag.py:500} INFO - Filling up the DagBag from /home/airflow/.local/lib/python3.7/site-packages/airflow/example_dags/example_xcomargs.py
[2022-02-25 01:11:04,569] {processor.py:654} INFO - DAG(s) dict_keys(['example_xcom_args', 'example_xcom_args_with_operators']) retrieved from /home/airflow/.local/lib/python3.7/site-packages/airflow/example_dags/example_xcomargs.py
[2022-02-25 01:11:05,510] {logging_mixin.py:109} INFO - [2022-02-25 01:11:05,509] {dag.py:2396} INFO - Sync 2 DAGs
[2022-02-25 01:11:05,575] {logging_mixin.py:109} INFO - [2022-02-25 01:11:05,574] {dag.py:2935} INFO - Setting next_dagrun for example_xcom_args to None
[2022-02-25 01:11:05,578] {logging_mixin.py:109} INFO - [2022-02-25 01:11:05,578] {dag.py:2935} INFO - Setting next_dagrun for example_xcom_args_with_operators to None
[2022-02-25 01:11:05,622] {processor.py:171} INFO - Processing /home/airflow/.local/lib/python3.7/site-packages/airflow/example_dags/example_xcomargs.py took 1.175 seconds
[2022-02-25 01:11:36,194] {processor.py:163} INFO - Started process (PID=4968) to work on /home/airflow/.local/lib/python3.7/site-packages/airflow/example_dags/example_xcomargs.py
[2022-02-25 01:11:36,200] {processor.py:642} INFO - Processing file /home/airflow/.local/lib/python3.7/site-packages/airflow/example_dags/example_xcomargs.py for tasks to queue
[2022-02-25 01:11:36,203] {logging_mixin.py:109} INFO - [2022-02-25 01:11:36,202] {dagbag.py:500} INFO - Filling up the DagBag from /home/airflow/.local/lib/python3.7/site-packages/airflow/example_dags/example_xcomargs.py
[2022-02-25 01:11:36,301] {processor.py:654} INFO - DAG(s) dict_keys(['example_xcom_args', 'example_xcom_args_with_operators']) retrieved from /home/airflow/.local/lib/python3.7/site-packages/airflow/example_dags/example_xcomargs.py
[2022-02-25 01:11:37,290] {logging_mixin.py:109} INFO - [2022-02-25 01:11:37,289] {dag.py:2396} INFO - Sync 2 DAGs
[2022-02-25 01:11:37,349] {logging_mixin.py:109} INFO - [2022-02-25 01:11:37,349] {dag.py:2935} INFO - Setting next_dagrun for example_xcom_args to None
[2022-02-25 01:11:37,352] {logging_mixin.py:109} INFO - [2022-02-25 01:11:37,352] {dag.py:2935} INFO - Setting next_dagrun for example_xcom_args_with_operators to None
[2022-02-25 01:11:37,392] {processor.py:171} INFO - Processing /home/airflow/.local/lib/python3.7/site-packages/airflow/example_dags/example_xcomargs.py took 1.205 seconds
[2022-02-25 01:12:07,526] {processor.py:163} INFO - Started process (PID=5057) to work on /home/airflow/.local/lib/python3.7/site-packages/airflow/example_dags/example_xcomargs.py
[2022-02-25 01:12:07,530] {processor.py:642} INFO - Processing file /home/airflow/.local/lib/python3.7/site-packages/airflow/example_dags/example_xcomargs.py for tasks to queue
[2022-02-25 01:12:07,534] {logging_mixin.py:109} INFO - [2022-02-25 01:12:07,534] {dagbag.py:500} INFO - Filling up the DagBag from /home/airflow/.local/lib/python3.7/site-packages/airflow/example_dags/example_xcomargs.py
[2022-02-25 01:12:07,641] {processor.py:654} INFO - DAG(s) dict_keys(['example_xcom_args', 'example_xcom_args_with_operators']) retrieved from /home/airflow/.local/lib/python3.7/site-packages/airflow/example_dags/example_xcomargs.py
[2022-02-25 01:12:08,645] {logging_mixin.py:109} INFO - [2022-02-25 01:12:08,644] {dag.py:2396} INFO - Sync 2 DAGs
[2022-02-25 01:12:08,735] {logging_mixin.py:109} INFO - [2022-02-25 01:12:08,735] {dag.py:2935} INFO - Setting next_dagrun for example_xcom_args to None
[2022-02-25 01:12:08,742] {logging_mixin.py:109} INFO - [2022-02-25 01:12:08,742] {dag.py:2935} INFO - Setting next_dagrun for example_xcom_args_with_operators to None
[2022-02-25 01:12:08,794] {processor.py:171} INFO - Processing /home/airflow/.local/lib/python3.7/site-packages/airflow/example_dags/example_xcomargs.py took 1.278 seconds
[2022-02-25 01:12:38,967] {processor.py:163} INFO - Started process (PID=5163) to work on /home/airflow/.local/lib/python3.7/site-packages/airflow/example_dags/example_xcomargs.py
[2022-02-25 01:12:38,972] {processor.py:642} INFO - Processing file /home/airflow/.local/lib/python3.7/site-packages/airflow/example_dags/example_xcomargs.py for tasks to queue
[2022-02-25 01:12:38,976] {logging_mixin.py:109} INFO - [2022-02-25 01:12:38,976] {dagbag.py:500} INFO - Filling up the DagBag from /home/airflow/.local/lib/python3.7/site-packages/airflow/example_dags/example_xcomargs.py
[2022-02-25 01:12:39,082] {processor.py:654} INFO - DAG(s) dict_keys(['example_xcom_args', 'example_xcom_args_with_operators']) retrieved from /home/airflow/.local/lib/python3.7/site-packages/airflow/example_dags/example_xcomargs.py
[2022-02-25 01:12:40,248] {logging_mixin.py:109} INFO - [2022-02-25 01:12:40,247] {dag.py:2396} INFO - Sync 2 DAGs
[2022-02-25 01:12:40,316] {logging_mixin.py:109} INFO - [2022-02-25 01:12:40,315] {dag.py:2935} INFO - Setting next_dagrun for example_xcom_args to None
[2022-02-25 01:12:40,319] {logging_mixin.py:109} INFO - [2022-02-25 01:12:40,318] {dag.py:2935} INFO - Setting next_dagrun for example_xcom_args_with_operators to None
[2022-02-25 01:12:40,367] {processor.py:171} INFO - Processing /home/airflow/.local/lib/python3.7/site-packages/airflow/example_dags/example_xcomargs.py took 1.407 seconds
[2022-02-25 01:13:10,513] {processor.py:163} INFO - Started process (PID=5261) to work on /home/airflow/.local/lib/python3.7/site-packages/airflow/example_dags/example_xcomargs.py
[2022-02-25 01:13:10,537] {processor.py:642} INFO - Processing file /home/airflow/.local/lib/python3.7/site-packages/airflow/example_dags/example_xcomargs.py for tasks to queue
[2022-02-25 01:13:10,540] {logging_mixin.py:109} INFO - [2022-02-25 01:13:10,540] {dagbag.py:500} INFO - Filling up the DagBag from /home/airflow/.local/lib/python3.7/site-packages/airflow/example_dags/example_xcomargs.py
[2022-02-25 01:13:10,683] {processor.py:654} INFO - DAG(s) dict_keys(['example_xcom_args', 'example_xcom_args_with_operators']) retrieved from /home/airflow/.local/lib/python3.7/site-packages/airflow/example_dags/example_xcomargs.py
[2022-02-25 01:13:11,784] {logging_mixin.py:109} INFO - [2022-02-25 01:13:11,783] {dag.py:2396} INFO - Sync 2 DAGs
[2022-02-25 01:13:11,852] {logging_mixin.py:109} INFO - [2022-02-25 01:13:11,852] {dag.py:2935} INFO - Setting next_dagrun for example_xcom_args to None
[2022-02-25 01:13:11,856] {logging_mixin.py:109} INFO - [2022-02-25 01:13:11,856] {dag.py:2935} INFO - Setting next_dagrun for example_xcom_args_with_operators to None
[2022-02-25 01:13:11,906] {processor.py:171} INFO - Processing /home/airflow/.local/lib/python3.7/site-packages/airflow/example_dags/example_xcomargs.py took 1.402 seconds
[2022-02-25 01:13:42,075] {processor.py:163} INFO - Started process (PID=5357) to work on /home/airflow/.local/lib/python3.7/site-packages/airflow/example_dags/example_xcomargs.py
[2022-02-25 01:13:42,091] {processor.py:642} INFO - Processing file /home/airflow/.local/lib/python3.7/site-packages/airflow/example_dags/example_xcomargs.py for tasks to queue
[2022-02-25 01:13:42,096] {logging_mixin.py:109} INFO - [2022-02-25 01:13:42,095] {dagbag.py:500} INFO - Filling up the DagBag from /home/airflow/.local/lib/python3.7/site-packages/airflow/example_dags/example_xcomargs.py
[2022-02-25 01:13:42,224] {processor.py:654} INFO - DAG(s) dict_keys(['example_xcom_args', 'example_xcom_args_with_operators']) retrieved from /home/airflow/.local/lib/python3.7/site-packages/airflow/example_dags/example_xcomargs.py
[2022-02-25 01:13:43,328] {logging_mixin.py:109} INFO - [2022-02-25 01:13:43,327] {dag.py:2396} INFO - Sync 2 DAGs
[2022-02-25 01:13:43,412] {logging_mixin.py:109} INFO - [2022-02-25 01:13:43,411] {dag.py:2935} INFO - Setting next_dagrun for example_xcom_args to None
[2022-02-25 01:13:43,422] {logging_mixin.py:109} INFO - [2022-02-25 01:13:43,421] {dag.py:2935} INFO - Setting next_dagrun for example_xcom_args_with_operators to None
[2022-02-25 01:13:43,480] {processor.py:171} INFO - Processing /home/airflow/.local/lib/python3.7/site-packages/airflow/example_dags/example_xcomargs.py took 1.413 seconds
[2022-02-25 01:14:13,592] {processor.py:163} INFO - Started process (PID=5466) to work on /home/airflow/.local/lib/python3.7/site-packages/airflow/example_dags/example_xcomargs.py
[2022-02-25 01:14:13,597] {processor.py:642} INFO - Processing file /home/airflow/.local/lib/python3.7/site-packages/airflow/example_dags/example_xcomargs.py for tasks to queue
[2022-02-25 01:14:13,601] {logging_mixin.py:109} INFO - [2022-02-25 01:14:13,600] {dagbag.py:500} INFO - Filling up the DagBag from /home/airflow/.local/lib/python3.7/site-packages/airflow/example_dags/example_xcomargs.py
[2022-02-25 01:14:13,702] {processor.py:654} INFO - DAG(s) dict_keys(['example_xcom_args', 'example_xcom_args_with_operators']) retrieved from /home/airflow/.local/lib/python3.7/site-packages/airflow/example_dags/example_xcomargs.py
[2022-02-25 01:14:14,857] {logging_mixin.py:109} INFO - [2022-02-25 01:14:14,857] {dag.py:2396} INFO - Sync 2 DAGs
[2022-02-25 01:14:14,919] {logging_mixin.py:109} INFO - [2022-02-25 01:14:14,918] {dag.py:2935} INFO - Setting next_dagrun for example_xcom_args to None
[2022-02-25 01:14:14,934] {logging_mixin.py:109} INFO - [2022-02-25 01:14:14,934] {dag.py:2935} INFO - Setting next_dagrun for example_xcom_args_with_operators to None
[2022-02-25 01:14:14,971] {processor.py:171} INFO - Processing /home/airflow/.local/lib/python3.7/site-packages/airflow/example_dags/example_xcomargs.py took 1.389 seconds
[2022-02-25 01:14:45,388] {processor.py:163} INFO - Started process (PID=5563) to work on /home/airflow/.local/lib/python3.7/site-packages/airflow/example_dags/example_xcomargs.py
[2022-02-25 01:14:45,393] {processor.py:642} INFO - Processing file /home/airflow/.local/lib/python3.7/site-packages/airflow/example_dags/example_xcomargs.py for tasks to queue
[2022-02-25 01:14:45,397] {logging_mixin.py:109} INFO - [2022-02-25 01:14:45,396] {dagbag.py:500} INFO - Filling up the DagBag from /home/airflow/.local/lib/python3.7/site-packages/airflow/example_dags/example_xcomargs.py
[2022-02-25 01:14:45,500] {processor.py:654} INFO - DAG(s) dict_keys(['example_xcom_args', 'example_xcom_args_with_operators']) retrieved from /home/airflow/.local/lib/python3.7/site-packages/airflow/example_dags/example_xcomargs.py
[2022-02-25 01:14:46,485] {logging_mixin.py:109} INFO - [2022-02-25 01:14:46,484] {dag.py:2396} INFO - Sync 2 DAGs
[2022-02-25 01:14:46,562] {logging_mixin.py:109} INFO - [2022-02-25 01:14:46,561] {dag.py:2935} INFO - Setting next_dagrun for example_xcom_args to None
[2022-02-25 01:14:46,564] {logging_mixin.py:109} INFO - [2022-02-25 01:14:46,564] {dag.py:2935} INFO - Setting next_dagrun for example_xcom_args_with_operators to None
[2022-02-25 01:14:46,599] {processor.py:171} INFO - Processing /home/airflow/.local/lib/python3.7/site-packages/airflow/example_dags/example_xcomargs.py took 1.219 seconds
[2022-02-25 01:15:16,713] {processor.py:163} INFO - Started process (PID=5668) to work on /home/airflow/.local/lib/python3.7/site-packages/airflow/example_dags/example_xcomargs.py
[2022-02-25 01:15:16,718] {processor.py:642} INFO - Processing file /home/airflow/.local/lib/python3.7/site-packages/airflow/example_dags/example_xcomargs.py for tasks to queue
[2022-02-25 01:15:16,722] {logging_mixin.py:109} INFO - [2022-02-25 01:15:16,721] {dagbag.py:500} INFO - Filling up the DagBag from /home/airflow/.local/lib/python3.7/site-packages/airflow/example_dags/example_xcomargs.py
[2022-02-25 01:15:16,837] {processor.py:654} INFO - DAG(s) dict_keys(['example_xcom_args', 'example_xcom_args_with_operators']) retrieved from /home/airflow/.local/lib/python3.7/site-packages/airflow/example_dags/example_xcomargs.py
[2022-02-25 01:15:17,856] {logging_mixin.py:109} INFO - [2022-02-25 01:15:17,855] {dag.py:2396} INFO - Sync 2 DAGs
[2022-02-25 01:15:17,927] {logging_mixin.py:109} INFO - [2022-02-25 01:15:17,926] {dag.py:2935} INFO - Setting next_dagrun for example_xcom_args to None
[2022-02-25 01:15:17,932] {logging_mixin.py:109} INFO - [2022-02-25 01:15:17,931] {dag.py:2935} INFO - Setting next_dagrun for example_xcom_args_with_operators to None
[2022-02-25 01:15:17,982] {processor.py:171} INFO - Processing /home/airflow/.local/lib/python3.7/site-packages/airflow/example_dags/example_xcomargs.py took 1.277 seconds
[2022-02-25 01:15:48,082] {processor.py:163} INFO - Started process (PID=5763) to work on /home/airflow/.local/lib/python3.7/site-packages/airflow/example_dags/example_xcomargs.py
[2022-02-25 01:15:48,087] {processor.py:642} INFO - Processing file /home/airflow/.local/lib/python3.7/site-packages/airflow/example_dags/example_xcomargs.py for tasks to queue
[2022-02-25 01:15:48,091] {logging_mixin.py:109} INFO - [2022-02-25 01:15:48,091] {dagbag.py:500} INFO - Filling up the DagBag from /home/airflow/.local/lib/python3.7/site-packages/airflow/example_dags/example_xcomargs.py
[2022-02-25 01:15:48,212] {processor.py:654} INFO - DAG(s) dict_keys(['example_xcom_args', 'example_xcom_args_with_operators']) retrieved from /home/airflow/.local/lib/python3.7/site-packages/airflow/example_dags/example_xcomargs.py
[2022-02-25 01:15:48,295] {logging_mixin.py:109} INFO - [2022-02-25 01:15:48,294] {dag.py:2396} INFO - Sync 2 DAGs
[2022-02-25 01:15:48,355] {logging_mixin.py:109} INFO - [2022-02-25 01:15:48,354] {dag.py:2935} INFO - Setting next_dagrun for example_xcom_args to None
[2022-02-25 01:15:48,358] {logging_mixin.py:109} INFO - [2022-02-25 01:15:48,357] {dag.py:2935} INFO - Setting next_dagrun for example_xcom_args_with_operators to None
[2022-02-25 01:15:48,386] {processor.py:171} INFO - Processing /home/airflow/.local/lib/python3.7/site-packages/airflow/example_dags/example_xcomargs.py took 0.311 seconds
[2022-02-25 01:16:18,921] {processor.py:163} INFO - Started process (PID=5868) to work on /home/airflow/.local/lib/python3.7/site-packages/airflow/example_dags/example_xcomargs.py
[2022-02-25 01:16:18,927] {processor.py:642} INFO - Processing file /home/airflow/.local/lib/python3.7/site-packages/airflow/example_dags/example_xcomargs.py for tasks to queue
[2022-02-25 01:16:18,929] {logging_mixin.py:109} INFO - [2022-02-25 01:16:18,929] {dagbag.py:500} INFO - Filling up the DagBag from /home/airflow/.local/lib/python3.7/site-packages/airflow/example_dags/example_xcomargs.py
[2022-02-25 01:16:19,035] {processor.py:654} INFO - DAG(s) dict_keys(['example_xcom_args', 'example_xcom_args_with_operators']) retrieved from /home/airflow/.local/lib/python3.7/site-packages/airflow/example_dags/example_xcomargs.py
[2022-02-25 01:16:20,058] {logging_mixin.py:109} INFO - [2022-02-25 01:16:20,058] {dag.py:2396} INFO - Sync 2 DAGs
[2022-02-25 01:16:20,120] {logging_mixin.py:109} INFO - [2022-02-25 01:16:20,120] {dag.py:2935} INFO - Setting next_dagrun for example_xcom_args to None
[2022-02-25 01:16:20,124] {logging_mixin.py:109} INFO - [2022-02-25 01:16:20,124] {dag.py:2935} INFO - Setting next_dagrun for example_xcom_args_with_operators to None
[2022-02-25 01:16:20,163] {processor.py:171} INFO - Processing /home/airflow/.local/lib/python3.7/site-packages/airflow/example_dags/example_xcomargs.py took 1.249 seconds
[2022-02-25 01:16:51,507] {processor.py:163} INFO - Started process (PID=5980) to work on /home/airflow/.local/lib/python3.7/site-packages/airflow/example_dags/example_xcomargs.py
[2022-02-25 01:16:51,513] {processor.py:642} INFO - Processing file /home/airflow/.local/lib/python3.7/site-packages/airflow/example_dags/example_xcomargs.py for tasks to queue
[2022-02-25 01:16:51,517] {logging_mixin.py:109} INFO - [2022-02-25 01:16:51,517] {dagbag.py:500} INFO - Filling up the DagBag from /home/airflow/.local/lib/python3.7/site-packages/airflow/example_dags/example_xcomargs.py
[2022-02-25 01:16:51,635] {processor.py:654} INFO - DAG(s) dict_keys(['example_xcom_args', 'example_xcom_args_with_operators']) retrieved from /home/airflow/.local/lib/python3.7/site-packages/airflow/example_dags/example_xcomargs.py
[2022-02-25 01:16:52,794] {logging_mixin.py:109} INFO - [2022-02-25 01:16:52,794] {dag.py:2396} INFO - Sync 2 DAGs
[2022-02-25 01:16:52,866] {logging_mixin.py:109} INFO - [2022-02-25 01:16:52,866] {dag.py:2935} INFO - Setting next_dagrun for example_xcom_args to None
[2022-02-25 01:16:52,869] {logging_mixin.py:109} INFO - [2022-02-25 01:16:52,869] {dag.py:2935} INFO - Setting next_dagrun for example_xcom_args_with_operators to None
[2022-02-25 01:16:52,909] {processor.py:171} INFO - Processing /home/airflow/.local/lib/python3.7/site-packages/airflow/example_dags/example_xcomargs.py took 1.410 seconds
[2022-02-25 01:17:23,309] {processor.py:163} INFO - Started process (PID=6076) to work on /home/airflow/.local/lib/python3.7/site-packages/airflow/example_dags/example_xcomargs.py
[2022-02-25 01:17:23,315] {processor.py:642} INFO - Processing file /home/airflow/.local/lib/python3.7/site-packages/airflow/example_dags/example_xcomargs.py for tasks to queue
[2022-02-25 01:17:23,319] {logging_mixin.py:109} INFO - [2022-02-25 01:17:23,318] {dagbag.py:500} INFO - Filling up the DagBag from /home/airflow/.local/lib/python3.7/site-packages/airflow/example_dags/example_xcomargs.py
[2022-02-25 01:17:23,439] {processor.py:654} INFO - DAG(s) dict_keys(['example_xcom_args', 'example_xcom_args_with_operators']) retrieved from /home/airflow/.local/lib/python3.7/site-packages/airflow/example_dags/example_xcomargs.py
[2022-02-25 01:17:24,532] {logging_mixin.py:109} INFO - [2022-02-25 01:17:24,532] {dag.py:2396} INFO - Sync 2 DAGs
[2022-02-25 01:17:24,594] {logging_mixin.py:109} INFO - [2022-02-25 01:17:24,594] {dag.py:2935} INFO - Setting next_dagrun for example_xcom_args to None
[2022-02-25 01:17:24,598] {logging_mixin.py:109} INFO - [2022-02-25 01:17:24,597] {dag.py:2935} INFO - Setting next_dagrun for example_xcom_args_with_operators to None
[2022-02-25 01:17:24,637] {processor.py:171} INFO - Processing /home/airflow/.local/lib/python3.7/site-packages/airflow/example_dags/example_xcomargs.py took 1.336 seconds
[2022-02-25 01:17:54,999] {processor.py:163} INFO - Started process (PID=6190) to work on /home/airflow/.local/lib/python3.7/site-packages/airflow/example_dags/example_xcomargs.py
[2022-02-25 01:17:55,004] {processor.py:642} INFO - Processing file /home/airflow/.local/lib/python3.7/site-packages/airflow/example_dags/example_xcomargs.py for tasks to queue
[2022-02-25 01:17:55,007] {logging_mixin.py:109} INFO - [2022-02-25 01:17:55,006] {dagbag.py:500} INFO - Filling up the DagBag from /home/airflow/.local/lib/python3.7/site-packages/airflow/example_dags/example_xcomargs.py
[2022-02-25 01:17:55,116] {processor.py:654} INFO - DAG(s) dict_keys(['example_xcom_args', 'example_xcom_args_with_operators']) retrieved from /home/airflow/.local/lib/python3.7/site-packages/airflow/example_dags/example_xcomargs.py
[2022-02-25 01:17:56,063] {logging_mixin.py:109} INFO - [2022-02-25 01:17:56,062] {dag.py:2396} INFO - Sync 2 DAGs
[2022-02-25 01:17:56,120] {logging_mixin.py:109} INFO - [2022-02-25 01:17:56,120] {dag.py:2935} INFO - Setting next_dagrun for example_xcom_args to None
[2022-02-25 01:17:56,124] {logging_mixin.py:109} INFO - [2022-02-25 01:17:56,124] {dag.py:2935} INFO - Setting next_dagrun for example_xcom_args_with_operators to None
[2022-02-25 01:17:56,170] {processor.py:171} INFO - Processing /home/airflow/.local/lib/python3.7/site-packages/airflow/example_dags/example_xcomargs.py took 1.179 seconds
[2022-02-25 01:18:26,301] {processor.py:163} INFO - Started process (PID=6281) to work on /home/airflow/.local/lib/python3.7/site-packages/airflow/example_dags/example_xcomargs.py
[2022-02-25 01:18:26,307] {processor.py:642} INFO - Processing file /home/airflow/.local/lib/python3.7/site-packages/airflow/example_dags/example_xcomargs.py for tasks to queue
[2022-02-25 01:18:26,311] {logging_mixin.py:109} INFO - [2022-02-25 01:18:26,311] {dagbag.py:500} INFO - Filling up the DagBag from /home/airflow/.local/lib/python3.7/site-packages/airflow/example_dags/example_xcomargs.py
[2022-02-25 01:18:26,407] {processor.py:654} INFO - DAG(s) dict_keys(['example_xcom_args', 'example_xcom_args_with_operators']) retrieved from /home/airflow/.local/lib/python3.7/site-packages/airflow/example_dags/example_xcomargs.py
[2022-02-25 01:18:27,515] {logging_mixin.py:109} INFO - [2022-02-25 01:18:27,514] {dag.py:2396} INFO - Sync 2 DAGs
[2022-02-25 01:18:27,581] {logging_mixin.py:109} INFO - [2022-02-25 01:18:27,581] {dag.py:2935} INFO - Setting next_dagrun for example_xcom_args to None
[2022-02-25 01:18:27,585] {logging_mixin.py:109} INFO - [2022-02-25 01:18:27,585] {dag.py:2935} INFO - Setting next_dagrun for example_xcom_args_with_operators to None
[2022-02-25 01:18:27,655] {processor.py:171} INFO - Processing /home/airflow/.local/lib/python3.7/site-packages/airflow/example_dags/example_xcomargs.py took 1.361 seconds
[2022-02-25 01:18:58,687] {processor.py:163} INFO - Started process (PID=6395) to work on /home/airflow/.local/lib/python3.7/site-packages/airflow/example_dags/example_xcomargs.py
[2022-02-25 01:18:58,692] {processor.py:642} INFO - Processing file /home/airflow/.local/lib/python3.7/site-packages/airflow/example_dags/example_xcomargs.py for tasks to queue
[2022-02-25 01:18:58,696] {logging_mixin.py:109} INFO - [2022-02-25 01:18:58,696] {dagbag.py:500} INFO - Filling up the DagBag from /home/airflow/.local/lib/python3.7/site-packages/airflow/example_dags/example_xcomargs.py
[2022-02-25 01:18:58,816] {processor.py:654} INFO - DAG(s) dict_keys(['example_xcom_args', 'example_xcom_args_with_operators']) retrieved from /home/airflow/.local/lib/python3.7/site-packages/airflow/example_dags/example_xcomargs.py
[2022-02-25 01:18:59,939] {logging_mixin.py:109} INFO - [2022-02-25 01:18:59,939] {dag.py:2396} INFO - Sync 2 DAGs
[2022-02-25 01:19:00,004] {logging_mixin.py:109} INFO - [2022-02-25 01:19:00,004] {dag.py:2935} INFO - Setting next_dagrun for example_xcom_args to None
[2022-02-25 01:19:00,009] {logging_mixin.py:109} INFO - [2022-02-25 01:19:00,008] {dag.py:2935} INFO - Setting next_dagrun for example_xcom_args_with_operators to None
[2022-02-25 01:19:00,053] {processor.py:171} INFO - Processing /home/airflow/.local/lib/python3.7/site-packages/airflow/example_dags/example_xcomargs.py took 1.374 seconds
[2022-02-25 01:19:30,150] {processor.py:163} INFO - Started process (PID=6507) to work on /home/airflow/.local/lib/python3.7/site-packages/airflow/example_dags/example_xcomargs.py
[2022-02-25 01:19:30,156] {processor.py:642} INFO - Processing file /home/airflow/.local/lib/python3.7/site-packages/airflow/example_dags/example_xcomargs.py for tasks to queue
[2022-02-25 01:19:30,159] {logging_mixin.py:109} INFO - [2022-02-25 01:19:30,159] {dagbag.py:500} INFO - Filling up the DagBag from /home/airflow/.local/lib/python3.7/site-packages/airflow/example_dags/example_xcomargs.py
[2022-02-25 01:19:30,280] {processor.py:654} INFO - DAG(s) dict_keys(['example_xcom_args', 'example_xcom_args_with_operators']) retrieved from /home/airflow/.local/lib/python3.7/site-packages/airflow/example_dags/example_xcomargs.py
[2022-02-25 01:19:31,341] {logging_mixin.py:109} INFO - [2022-02-25 01:19:31,341] {dag.py:2396} INFO - Sync 2 DAGs
[2022-02-25 01:19:31,403] {logging_mixin.py:109} INFO - [2022-02-25 01:19:31,403] {dag.py:2935} INFO - Setting next_dagrun for example_xcom_args to None
[2022-02-25 01:19:31,407] {logging_mixin.py:109} INFO - [2022-02-25 01:19:31,406] {dag.py:2935} INFO - Setting next_dagrun for example_xcom_args_with_operators to None
[2022-02-25 01:19:31,445] {processor.py:171} INFO - Processing /home/airflow/.local/lib/python3.7/site-packages/airflow/example_dags/example_xcomargs.py took 1.303 seconds
[2022-02-25 01:20:02,234] {processor.py:163} INFO - Started process (PID=6601) to work on /home/airflow/.local/lib/python3.7/site-packages/airflow/example_dags/example_xcomargs.py
[2022-02-25 01:20:02,241] {processor.py:642} INFO - Processing file /home/airflow/.local/lib/python3.7/site-packages/airflow/example_dags/example_xcomargs.py for tasks to queue
[2022-02-25 01:20:02,246] {logging_mixin.py:109} INFO - [2022-02-25 01:20:02,246] {dagbag.py:500} INFO - Filling up the DagBag from /home/airflow/.local/lib/python3.7/site-packages/airflow/example_dags/example_xcomargs.py
[2022-02-25 01:20:02,444] {processor.py:654} INFO - DAG(s) dict_keys(['example_xcom_args', 'example_xcom_args_with_operators']) retrieved from /home/airflow/.local/lib/python3.7/site-packages/airflow/example_dags/example_xcomargs.py
[2022-02-25 01:20:03,679] {logging_mixin.py:109} INFO - [2022-02-25 01:20:03,678] {dag.py:2396} INFO - Sync 2 DAGs
[2022-02-25 01:20:03,755] {logging_mixin.py:109} INFO - [2022-02-25 01:20:03,754] {dag.py:2935} INFO - Setting next_dagrun for example_xcom_args to None
[2022-02-25 01:20:03,759] {logging_mixin.py:109} INFO - [2022-02-25 01:20:03,758] {dag.py:2935} INFO - Setting next_dagrun for example_xcom_args_with_operators to None
[2022-02-25 01:20:03,817] {processor.py:171} INFO - Processing /home/airflow/.local/lib/python3.7/site-packages/airflow/example_dags/example_xcomargs.py took 1.592 seconds
[2022-02-25 01:20:34,505] {processor.py:163} INFO - Started process (PID=6708) to work on /home/airflow/.local/lib/python3.7/site-packages/airflow/example_dags/example_xcomargs.py
[2022-02-25 01:20:34,511] {processor.py:642} INFO - Processing file /home/airflow/.local/lib/python3.7/site-packages/airflow/example_dags/example_xcomargs.py for tasks to queue
[2022-02-25 01:20:34,516] {logging_mixin.py:109} INFO - [2022-02-25 01:20:34,515] {dagbag.py:500} INFO - Filling up the DagBag from /home/airflow/.local/lib/python3.7/site-packages/airflow/example_dags/example_xcomargs.py
[2022-02-25 01:20:34,651] {processor.py:654} INFO - DAG(s) dict_keys(['example_xcom_args', 'example_xcom_args_with_operators']) retrieved from /home/airflow/.local/lib/python3.7/site-packages/airflow/example_dags/example_xcomargs.py
[2022-02-25 01:20:35,730] {logging_mixin.py:109} INFO - [2022-02-25 01:20:35,729] {dag.py:2396} INFO - Sync 2 DAGs
[2022-02-25 01:20:35,807] {logging_mixin.py:109} INFO - [2022-02-25 01:20:35,807] {dag.py:2935} INFO - Setting next_dagrun for example_xcom_args to None
[2022-02-25 01:20:35,814] {logging_mixin.py:109} INFO - [2022-02-25 01:20:35,813] {dag.py:2935} INFO - Setting next_dagrun for example_xcom_args_with_operators to None
[2022-02-25 01:20:35,865] {processor.py:171} INFO - Processing /home/airflow/.local/lib/python3.7/site-packages/airflow/example_dags/example_xcomargs.py took 1.371 seconds
[2022-02-25 01:21:06,250] {processor.py:163} INFO - Started process (PID=6797) to work on /home/airflow/.local/lib/python3.7/site-packages/airflow/example_dags/example_xcomargs.py
[2022-02-25 01:21:06,257] {processor.py:642} INFO - Processing file /home/airflow/.local/lib/python3.7/site-packages/airflow/example_dags/example_xcomargs.py for tasks to queue
[2022-02-25 01:21:06,262] {logging_mixin.py:109} INFO - [2022-02-25 01:21:06,261] {dagbag.py:500} INFO - Filling up the DagBag from /home/airflow/.local/lib/python3.7/site-packages/airflow/example_dags/example_xcomargs.py
[2022-02-25 01:21:06,422] {processor.py:654} INFO - DAG(s) dict_keys(['example_xcom_args', 'example_xcom_args_with_operators']) retrieved from /home/airflow/.local/lib/python3.7/site-packages/airflow/example_dags/example_xcomargs.py
[2022-02-25 01:21:07,454] {logging_mixin.py:109} INFO - [2022-02-25 01:21:07,454] {dag.py:2396} INFO - Sync 2 DAGs
[2022-02-25 01:21:07,515] {logging_mixin.py:109} INFO - [2022-02-25 01:21:07,515] {dag.py:2935} INFO - Setting next_dagrun for example_xcom_args to None
[2022-02-25 01:21:07,518] {logging_mixin.py:109} INFO - [2022-02-25 01:21:07,518] {dag.py:2935} INFO - Setting next_dagrun for example_xcom_args_with_operators to None
[2022-02-25 01:21:07,555] {processor.py:171} INFO - Processing /home/airflow/.local/lib/python3.7/site-packages/airflow/example_dags/example_xcomargs.py took 1.315 seconds
[2022-02-25 01:21:37,687] {processor.py:163} INFO - Started process (PID=6903) to work on /home/airflow/.local/lib/python3.7/site-packages/airflow/example_dags/example_xcomargs.py
[2022-02-25 01:21:37,692] {processor.py:642} INFO - Processing file /home/airflow/.local/lib/python3.7/site-packages/airflow/example_dags/example_xcomargs.py for tasks to queue
[2022-02-25 01:21:37,695] {logging_mixin.py:109} INFO - [2022-02-25 01:21:37,695] {dagbag.py:500} INFO - Filling up the DagBag from /home/airflow/.local/lib/python3.7/site-packages/airflow/example_dags/example_xcomargs.py
[2022-02-25 01:21:37,791] {processor.py:654} INFO - DAG(s) dict_keys(['example_xcom_args', 'example_xcom_args_with_operators']) retrieved from /home/airflow/.local/lib/python3.7/site-packages/airflow/example_dags/example_xcomargs.py
[2022-02-25 01:21:37,847] {logging_mixin.py:109} INFO - [2022-02-25 01:21:37,847] {dag.py:2396} INFO - Sync 2 DAGs
[2022-02-25 01:21:37,907] {logging_mixin.py:109} INFO - [2022-02-25 01:21:37,906] {dag.py:2935} INFO - Setting next_dagrun for example_xcom_args to None
[2022-02-25 01:21:37,909] {logging_mixin.py:109} INFO - [2022-02-25 01:21:37,909] {dag.py:2935} INFO - Setting next_dagrun for example_xcom_args_with_operators to None
[2022-02-25 01:21:37,937] {processor.py:171} INFO - Processing /home/airflow/.local/lib/python3.7/site-packages/airflow/example_dags/example_xcomargs.py took 0.257 seconds
