[2022-02-25 00:46:55,908] {processor.py:163} INFO - Started process (PID=330) to work on /home/airflow/.local/lib/python3.7/site-packages/airflow/example_dags/tutorial_etl_dag.py
[2022-02-25 00:46:55,929] {processor.py:642} INFO - Processing file /home/airflow/.local/lib/python3.7/site-packages/airflow/example_dags/tutorial_etl_dag.py for tasks to queue
[2022-02-25 00:46:55,937] {logging_mixin.py:109} INFO - [2022-02-25 00:46:55,936] {dagbag.py:500} INFO - Filling up the DagBag from /home/airflow/.local/lib/python3.7/site-packages/airflow/example_dags/tutorial_etl_dag.py
[2022-02-25 00:46:56,499] {processor.py:654} INFO - DAG(s) dict_keys(['tutorial_etl_dag']) retrieved from /home/airflow/.local/lib/python3.7/site-packages/airflow/example_dags/tutorial_etl_dag.py
[2022-02-25 00:46:56,790] {logging_mixin.py:109} INFO - [2022-02-25 00:46:56,789] {dag.py:2396} INFO - Sync 1 DAGs
[2022-02-25 00:46:57,437] {logging_mixin.py:109} INFO - [2022-02-25 00:46:57,410] {dag.py:2935} INFO - Setting next_dagrun for tutorial_etl_dag to None
[2022-02-25 00:46:57,717] {processor.py:171} INFO - Processing /home/airflow/.local/lib/python3.7/site-packages/airflow/example_dags/tutorial_etl_dag.py took 1.846 seconds
[2022-02-25 00:47:52,023] {processor.py:163} INFO - Started process (PID=450) to work on /home/airflow/.local/lib/python3.7/site-packages/airflow/example_dags/tutorial_etl_dag.py
[2022-02-25 00:47:52,043] {processor.py:642} INFO - Processing file /home/airflow/.local/lib/python3.7/site-packages/airflow/example_dags/tutorial_etl_dag.py for tasks to queue
[2022-02-25 00:47:52,066] {logging_mixin.py:109} INFO - [2022-02-25 00:47:52,057] {dagbag.py:500} INFO - Filling up the DagBag from /home/airflow/.local/lib/python3.7/site-packages/airflow/example_dags/tutorial_etl_dag.py
[2022-02-25 00:47:52,518] {processor.py:654} INFO - DAG(s) dict_keys(['tutorial_etl_dag']) retrieved from /home/airflow/.local/lib/python3.7/site-packages/airflow/example_dags/tutorial_etl_dag.py
[2022-02-25 00:47:52,757] {logging_mixin.py:109} INFO - [2022-02-25 00:47:52,757] {dag.py:2396} INFO - Sync 1 DAGs
[2022-02-25 00:47:53,165] {logging_mixin.py:109} INFO - [2022-02-25 00:47:53,164] {dag.py:2935} INFO - Setting next_dagrun for tutorial_etl_dag to None
[2022-02-25 00:47:53,366] {processor.py:171} INFO - Processing /home/airflow/.local/lib/python3.7/site-packages/airflow/example_dags/tutorial_etl_dag.py took 1.422 seconds
[2022-02-25 00:48:35,995] {processor.py:163} INFO - Started process (PID=554) to work on /home/airflow/.local/lib/python3.7/site-packages/airflow/example_dags/tutorial_etl_dag.py
[2022-02-25 00:48:36,032] {processor.py:642} INFO - Processing file /home/airflow/.local/lib/python3.7/site-packages/airflow/example_dags/tutorial_etl_dag.py for tasks to queue
[2022-02-25 00:48:36,046] {logging_mixin.py:109} INFO - [2022-02-25 00:48:36,043] {dagbag.py:500} INFO - Filling up the DagBag from /home/airflow/.local/lib/python3.7/site-packages/airflow/example_dags/tutorial_etl_dag.py
[2022-02-25 00:48:36,372] {processor.py:654} INFO - DAG(s) dict_keys(['tutorial_etl_dag']) retrieved from /home/airflow/.local/lib/python3.7/site-packages/airflow/example_dags/tutorial_etl_dag.py
[2022-02-25 00:48:36,458] {logging_mixin.py:109} INFO - [2022-02-25 00:48:36,457] {dag.py:2396} INFO - Sync 1 DAGs
[2022-02-25 00:48:36,562] {logging_mixin.py:109} INFO - [2022-02-25 00:48:36,561] {dag.py:2935} INFO - Setting next_dagrun for tutorial_etl_dag to None
[2022-02-25 00:48:36,635] {processor.py:171} INFO - Processing /home/airflow/.local/lib/python3.7/site-packages/airflow/example_dags/tutorial_etl_dag.py took 0.669 seconds
[2022-02-25 00:49:07,067] {processor.py:163} INFO - Started process (PID=646) to work on /home/airflow/.local/lib/python3.7/site-packages/airflow/example_dags/tutorial_etl_dag.py
[2022-02-25 00:49:07,073] {processor.py:642} INFO - Processing file /home/airflow/.local/lib/python3.7/site-packages/airflow/example_dags/tutorial_etl_dag.py for tasks to queue
[2022-02-25 00:49:07,080] {logging_mixin.py:109} INFO - [2022-02-25 00:49:07,079] {dagbag.py:500} INFO - Filling up the DagBag from /home/airflow/.local/lib/python3.7/site-packages/airflow/example_dags/tutorial_etl_dag.py
[2022-02-25 00:49:07,168] {processor.py:654} INFO - DAG(s) dict_keys(['tutorial_etl_dag']) retrieved from /home/airflow/.local/lib/python3.7/site-packages/airflow/example_dags/tutorial_etl_dag.py
[2022-02-25 00:49:07,210] {logging_mixin.py:109} INFO - [2022-02-25 00:49:07,210] {dag.py:2396} INFO - Sync 1 DAGs
[2022-02-25 00:49:07,278] {logging_mixin.py:109} INFO - [2022-02-25 00:49:07,277] {dag.py:2935} INFO - Setting next_dagrun for tutorial_etl_dag to None
[2022-02-25 00:49:07,313] {processor.py:171} INFO - Processing /home/airflow/.local/lib/python3.7/site-packages/airflow/example_dags/tutorial_etl_dag.py took 0.255 seconds
[2022-02-25 00:49:38,205] {processor.py:163} INFO - Started process (PID=753) to work on /home/airflow/.local/lib/python3.7/site-packages/airflow/example_dags/tutorial_etl_dag.py
[2022-02-25 00:49:38,210] {processor.py:642} INFO - Processing file /home/airflow/.local/lib/python3.7/site-packages/airflow/example_dags/tutorial_etl_dag.py for tasks to queue
[2022-02-25 00:49:38,214] {logging_mixin.py:109} INFO - [2022-02-25 00:49:38,213] {dagbag.py:500} INFO - Filling up the DagBag from /home/airflow/.local/lib/python3.7/site-packages/airflow/example_dags/tutorial_etl_dag.py
[2022-02-25 00:49:38,290] {processor.py:654} INFO - DAG(s) dict_keys(['tutorial_etl_dag']) retrieved from /home/airflow/.local/lib/python3.7/site-packages/airflow/example_dags/tutorial_etl_dag.py
[2022-02-25 00:49:38,331] {logging_mixin.py:109} INFO - [2022-02-25 00:49:38,331] {dag.py:2396} INFO - Sync 1 DAGs
[2022-02-25 00:49:38,395] {logging_mixin.py:109} INFO - [2022-02-25 00:49:38,395] {dag.py:2935} INFO - Setting next_dagrun for tutorial_etl_dag to None
[2022-02-25 00:49:38,427] {processor.py:171} INFO - Processing /home/airflow/.local/lib/python3.7/site-packages/airflow/example_dags/tutorial_etl_dag.py took 0.229 seconds
[2022-02-25 00:50:09,082] {processor.py:163} INFO - Started process (PID=853) to work on /home/airflow/.local/lib/python3.7/site-packages/airflow/example_dags/tutorial_etl_dag.py
[2022-02-25 00:50:09,088] {processor.py:642} INFO - Processing file /home/airflow/.local/lib/python3.7/site-packages/airflow/example_dags/tutorial_etl_dag.py for tasks to queue
[2022-02-25 00:50:09,092] {logging_mixin.py:109} INFO - [2022-02-25 00:50:09,091] {dagbag.py:500} INFO - Filling up the DagBag from /home/airflow/.local/lib/python3.7/site-packages/airflow/example_dags/tutorial_etl_dag.py
[2022-02-25 00:50:09,171] {processor.py:654} INFO - DAG(s) dict_keys(['tutorial_etl_dag']) retrieved from /home/airflow/.local/lib/python3.7/site-packages/airflow/example_dags/tutorial_etl_dag.py
[2022-02-25 00:50:09,218] {logging_mixin.py:109} INFO - [2022-02-25 00:50:09,217] {dag.py:2396} INFO - Sync 1 DAGs
[2022-02-25 00:50:09,295] {logging_mixin.py:109} INFO - [2022-02-25 00:50:09,295] {dag.py:2935} INFO - Setting next_dagrun for tutorial_etl_dag to None
[2022-02-25 00:50:09,335] {processor.py:171} INFO - Processing /home/airflow/.local/lib/python3.7/site-packages/airflow/example_dags/tutorial_etl_dag.py took 0.262 seconds
[2022-02-25 00:50:39,395] {processor.py:163} INFO - Started process (PID=948) to work on /home/airflow/.local/lib/python3.7/site-packages/airflow/example_dags/tutorial_etl_dag.py
[2022-02-25 00:50:39,400] {processor.py:642} INFO - Processing file /home/airflow/.local/lib/python3.7/site-packages/airflow/example_dags/tutorial_etl_dag.py for tasks to queue
[2022-02-25 00:50:39,404] {logging_mixin.py:109} INFO - [2022-02-25 00:50:39,404] {dagbag.py:500} INFO - Filling up the DagBag from /home/airflow/.local/lib/python3.7/site-packages/airflow/example_dags/tutorial_etl_dag.py
[2022-02-25 00:50:39,485] {processor.py:654} INFO - DAG(s) dict_keys(['tutorial_etl_dag']) retrieved from /home/airflow/.local/lib/python3.7/site-packages/airflow/example_dags/tutorial_etl_dag.py
[2022-02-25 00:50:39,527] {logging_mixin.py:109} INFO - [2022-02-25 00:50:39,527] {dag.py:2396} INFO - Sync 1 DAGs
[2022-02-25 00:50:39,592] {logging_mixin.py:109} INFO - [2022-02-25 00:50:39,591] {dag.py:2935} INFO - Setting next_dagrun for tutorial_etl_dag to None
[2022-02-25 00:50:39,626] {processor.py:171} INFO - Processing /home/airflow/.local/lib/python3.7/site-packages/airflow/example_dags/tutorial_etl_dag.py took 0.240 seconds
[2022-02-25 00:51:09,896] {processor.py:163} INFO - Started process (PID=1055) to work on /home/airflow/.local/lib/python3.7/site-packages/airflow/example_dags/tutorial_etl_dag.py
[2022-02-25 00:51:09,903] {processor.py:642} INFO - Processing file /home/airflow/.local/lib/python3.7/site-packages/airflow/example_dags/tutorial_etl_dag.py for tasks to queue
[2022-02-25 00:51:09,906] {logging_mixin.py:109} INFO - [2022-02-25 00:51:09,906] {dagbag.py:500} INFO - Filling up the DagBag from /home/airflow/.local/lib/python3.7/site-packages/airflow/example_dags/tutorial_etl_dag.py
[2022-02-25 00:51:09,983] {processor.py:654} INFO - DAG(s) dict_keys(['tutorial_etl_dag']) retrieved from /home/airflow/.local/lib/python3.7/site-packages/airflow/example_dags/tutorial_etl_dag.py
[2022-02-25 00:51:10,032] {logging_mixin.py:109} INFO - [2022-02-25 00:51:10,031] {dag.py:2396} INFO - Sync 1 DAGs
[2022-02-25 00:51:10,096] {logging_mixin.py:109} INFO - [2022-02-25 00:51:10,096] {dag.py:2935} INFO - Setting next_dagrun for tutorial_etl_dag to None
[2022-02-25 00:51:10,131] {processor.py:171} INFO - Processing /home/airflow/.local/lib/python3.7/site-packages/airflow/example_dags/tutorial_etl_dag.py took 0.242 seconds
[2022-02-25 00:51:40,989] {processor.py:163} INFO - Started process (PID=1144) to work on /home/airflow/.local/lib/python3.7/site-packages/airflow/example_dags/tutorial_etl_dag.py
[2022-02-25 00:51:40,994] {processor.py:642} INFO - Processing file /home/airflow/.local/lib/python3.7/site-packages/airflow/example_dags/tutorial_etl_dag.py for tasks to queue
[2022-02-25 00:51:40,998] {logging_mixin.py:109} INFO - [2022-02-25 00:51:40,997] {dagbag.py:500} INFO - Filling up the DagBag from /home/airflow/.local/lib/python3.7/site-packages/airflow/example_dags/tutorial_etl_dag.py
[2022-02-25 00:51:41,075] {processor.py:654} INFO - DAG(s) dict_keys(['tutorial_etl_dag']) retrieved from /home/airflow/.local/lib/python3.7/site-packages/airflow/example_dags/tutorial_etl_dag.py
[2022-02-25 00:51:41,117] {logging_mixin.py:109} INFO - [2022-02-25 00:51:41,116] {dag.py:2396} INFO - Sync 1 DAGs
[2022-02-25 00:51:41,181] {logging_mixin.py:109} INFO - [2022-02-25 00:51:41,181] {dag.py:2935} INFO - Setting next_dagrun for tutorial_etl_dag to None
[2022-02-25 00:51:41,214] {processor.py:171} INFO - Processing /home/airflow/.local/lib/python3.7/site-packages/airflow/example_dags/tutorial_etl_dag.py took 0.232 seconds
[2022-02-25 00:52:11,937] {processor.py:163} INFO - Started process (PID=1249) to work on /home/airflow/.local/lib/python3.7/site-packages/airflow/example_dags/tutorial_etl_dag.py
[2022-02-25 00:52:11,941] {processor.py:642} INFO - Processing file /home/airflow/.local/lib/python3.7/site-packages/airflow/example_dags/tutorial_etl_dag.py for tasks to queue
[2022-02-25 00:52:11,945] {logging_mixin.py:109} INFO - [2022-02-25 00:52:11,945] {dagbag.py:500} INFO - Filling up the DagBag from /home/airflow/.local/lib/python3.7/site-packages/airflow/example_dags/tutorial_etl_dag.py
[2022-02-25 00:52:12,014] {processor.py:654} INFO - DAG(s) dict_keys(['tutorial_etl_dag']) retrieved from /home/airflow/.local/lib/python3.7/site-packages/airflow/example_dags/tutorial_etl_dag.py
[2022-02-25 00:52:12,056] {logging_mixin.py:109} INFO - [2022-02-25 00:52:12,055] {dag.py:2396} INFO - Sync 1 DAGs
[2022-02-25 00:52:12,115] {logging_mixin.py:109} INFO - [2022-02-25 00:52:12,114] {dag.py:2935} INFO - Setting next_dagrun for tutorial_etl_dag to None
[2022-02-25 00:52:12,146] {processor.py:171} INFO - Processing /home/airflow/.local/lib/python3.7/site-packages/airflow/example_dags/tutorial_etl_dag.py took 0.216 seconds
[2022-02-25 00:52:42,286] {processor.py:163} INFO - Started process (PID=1338) to work on /home/airflow/.local/lib/python3.7/site-packages/airflow/example_dags/tutorial_etl_dag.py
[2022-02-25 00:52:42,294] {processor.py:642} INFO - Processing file /home/airflow/.local/lib/python3.7/site-packages/airflow/example_dags/tutorial_etl_dag.py for tasks to queue
[2022-02-25 00:52:42,298] {logging_mixin.py:109} INFO - [2022-02-25 00:52:42,297] {dagbag.py:500} INFO - Filling up the DagBag from /home/airflow/.local/lib/python3.7/site-packages/airflow/example_dags/tutorial_etl_dag.py
[2022-02-25 00:52:42,385] {processor.py:654} INFO - DAG(s) dict_keys(['tutorial_etl_dag']) retrieved from /home/airflow/.local/lib/python3.7/site-packages/airflow/example_dags/tutorial_etl_dag.py
[2022-02-25 00:52:42,432] {logging_mixin.py:109} INFO - [2022-02-25 00:52:42,432] {dag.py:2396} INFO - Sync 1 DAGs
[2022-02-25 00:52:42,504] {logging_mixin.py:109} INFO - [2022-02-25 00:52:42,503] {dag.py:2935} INFO - Setting next_dagrun for tutorial_etl_dag to None
[2022-02-25 00:52:42,538] {processor.py:171} INFO - Processing /home/airflow/.local/lib/python3.7/site-packages/airflow/example_dags/tutorial_etl_dag.py took 0.261 seconds
[2022-02-25 00:53:12,828] {processor.py:163} INFO - Started process (PID=1446) to work on /home/airflow/.local/lib/python3.7/site-packages/airflow/example_dags/tutorial_etl_dag.py
[2022-02-25 00:53:12,850] {processor.py:642} INFO - Processing file /home/airflow/.local/lib/python3.7/site-packages/airflow/example_dags/tutorial_etl_dag.py for tasks to queue
[2022-02-25 00:53:12,855] {logging_mixin.py:109} INFO - [2022-02-25 00:53:12,854] {dagbag.py:500} INFO - Filling up the DagBag from /home/airflow/.local/lib/python3.7/site-packages/airflow/example_dags/tutorial_etl_dag.py
[2022-02-25 00:53:12,954] {processor.py:654} INFO - DAG(s) dict_keys(['tutorial_etl_dag']) retrieved from /home/airflow/.local/lib/python3.7/site-packages/airflow/example_dags/tutorial_etl_dag.py
[2022-02-25 00:53:13,022] {logging_mixin.py:109} INFO - [2022-02-25 00:53:13,021] {dag.py:2396} INFO - Sync 1 DAGs
[2022-02-25 00:53:13,112] {logging_mixin.py:109} INFO - [2022-02-25 00:53:13,111] {dag.py:2935} INFO - Setting next_dagrun for tutorial_etl_dag to None
[2022-02-25 00:53:13,193] {processor.py:171} INFO - Processing /home/airflow/.local/lib/python3.7/site-packages/airflow/example_dags/tutorial_etl_dag.py took 0.373 seconds
[2022-02-25 00:53:43,458] {processor.py:163} INFO - Started process (PID=1535) to work on /home/airflow/.local/lib/python3.7/site-packages/airflow/example_dags/tutorial_etl_dag.py
[2022-02-25 00:53:43,463] {processor.py:642} INFO - Processing file /home/airflow/.local/lib/python3.7/site-packages/airflow/example_dags/tutorial_etl_dag.py for tasks to queue
[2022-02-25 00:53:43,466] {logging_mixin.py:109} INFO - [2022-02-25 00:53:43,466] {dagbag.py:500} INFO - Filling up the DagBag from /home/airflow/.local/lib/python3.7/site-packages/airflow/example_dags/tutorial_etl_dag.py
[2022-02-25 00:53:43,541] {processor.py:654} INFO - DAG(s) dict_keys(['tutorial_etl_dag']) retrieved from /home/airflow/.local/lib/python3.7/site-packages/airflow/example_dags/tutorial_etl_dag.py
[2022-02-25 00:53:43,581] {logging_mixin.py:109} INFO - [2022-02-25 00:53:43,580] {dag.py:2396} INFO - Sync 1 DAGs
[2022-02-25 00:53:43,645] {logging_mixin.py:109} INFO - [2022-02-25 00:53:43,645] {dag.py:2935} INFO - Setting next_dagrun for tutorial_etl_dag to None
[2022-02-25 00:53:43,674] {processor.py:171} INFO - Processing /home/airflow/.local/lib/python3.7/site-packages/airflow/example_dags/tutorial_etl_dag.py took 0.222 seconds
[2022-02-25 00:54:13,977] {processor.py:163} INFO - Started process (PID=1641) to work on /home/airflow/.local/lib/python3.7/site-packages/airflow/example_dags/tutorial_etl_dag.py
[2022-02-25 00:54:13,982] {processor.py:642} INFO - Processing file /home/airflow/.local/lib/python3.7/site-packages/airflow/example_dags/tutorial_etl_dag.py for tasks to queue
[2022-02-25 00:54:13,985] {logging_mixin.py:109} INFO - [2022-02-25 00:54:13,985] {dagbag.py:500} INFO - Filling up the DagBag from /home/airflow/.local/lib/python3.7/site-packages/airflow/example_dags/tutorial_etl_dag.py
[2022-02-25 00:54:14,061] {processor.py:654} INFO - DAG(s) dict_keys(['tutorial_etl_dag']) retrieved from /home/airflow/.local/lib/python3.7/site-packages/airflow/example_dags/tutorial_etl_dag.py
[2022-02-25 00:54:14,096] {logging_mixin.py:109} INFO - [2022-02-25 00:54:14,096] {dag.py:2396} INFO - Sync 1 DAGs
[2022-02-25 00:54:14,150] {logging_mixin.py:109} INFO - [2022-02-25 00:54:14,149] {dag.py:2935} INFO - Setting next_dagrun for tutorial_etl_dag to None
[2022-02-25 00:54:14,175] {processor.py:171} INFO - Processing /home/airflow/.local/lib/python3.7/site-packages/airflow/example_dags/tutorial_etl_dag.py took 0.206 seconds
[2022-02-25 00:54:44,578] {processor.py:163} INFO - Started process (PID=1730) to work on /home/airflow/.local/lib/python3.7/site-packages/airflow/example_dags/tutorial_etl_dag.py
[2022-02-25 00:54:44,584] {processor.py:642} INFO - Processing file /home/airflow/.local/lib/python3.7/site-packages/airflow/example_dags/tutorial_etl_dag.py for tasks to queue
[2022-02-25 00:54:44,588] {logging_mixin.py:109} INFO - [2022-02-25 00:54:44,587] {dagbag.py:500} INFO - Filling up the DagBag from /home/airflow/.local/lib/python3.7/site-packages/airflow/example_dags/tutorial_etl_dag.py
[2022-02-25 00:54:44,664] {processor.py:654} INFO - DAG(s) dict_keys(['tutorial_etl_dag']) retrieved from /home/airflow/.local/lib/python3.7/site-packages/airflow/example_dags/tutorial_etl_dag.py
[2022-02-25 00:54:44,706] {logging_mixin.py:109} INFO - [2022-02-25 00:54:44,705] {dag.py:2396} INFO - Sync 1 DAGs
[2022-02-25 00:54:44,766] {logging_mixin.py:109} INFO - [2022-02-25 00:54:44,766] {dag.py:2935} INFO - Setting next_dagrun for tutorial_etl_dag to None
[2022-02-25 00:54:44,795] {processor.py:171} INFO - Processing /home/airflow/.local/lib/python3.7/site-packages/airflow/example_dags/tutorial_etl_dag.py took 0.224 seconds
[2022-02-25 00:55:14,978] {processor.py:163} INFO - Started process (PID=1834) to work on /home/airflow/.local/lib/python3.7/site-packages/airflow/example_dags/tutorial_etl_dag.py
[2022-02-25 00:55:14,983] {processor.py:642} INFO - Processing file /home/airflow/.local/lib/python3.7/site-packages/airflow/example_dags/tutorial_etl_dag.py for tasks to queue
[2022-02-25 00:55:14,987] {logging_mixin.py:109} INFO - [2022-02-25 00:55:14,987] {dagbag.py:500} INFO - Filling up the DagBag from /home/airflow/.local/lib/python3.7/site-packages/airflow/example_dags/tutorial_etl_dag.py
[2022-02-25 00:55:15,090] {processor.py:654} INFO - DAG(s) dict_keys(['tutorial_etl_dag']) retrieved from /home/airflow/.local/lib/python3.7/site-packages/airflow/example_dags/tutorial_etl_dag.py
[2022-02-25 00:55:15,140] {logging_mixin.py:109} INFO - [2022-02-25 00:55:15,140] {dag.py:2396} INFO - Sync 1 DAGs
[2022-02-25 00:55:15,211] {logging_mixin.py:109} INFO - [2022-02-25 00:55:15,210] {dag.py:2935} INFO - Setting next_dagrun for tutorial_etl_dag to None
[2022-02-25 00:55:15,250] {processor.py:171} INFO - Processing /home/airflow/.local/lib/python3.7/site-packages/airflow/example_dags/tutorial_etl_dag.py took 0.282 seconds
[2022-02-25 00:55:45,999] {processor.py:163} INFO - Started process (PID=1923) to work on /home/airflow/.local/lib/python3.7/site-packages/airflow/example_dags/tutorial_etl_dag.py
[2022-02-25 00:55:46,006] {processor.py:642} INFO - Processing file /home/airflow/.local/lib/python3.7/site-packages/airflow/example_dags/tutorial_etl_dag.py for tasks to queue
[2022-02-25 00:55:46,011] {logging_mixin.py:109} INFO - [2022-02-25 00:55:46,010] {dagbag.py:500} INFO - Filling up the DagBag from /home/airflow/.local/lib/python3.7/site-packages/airflow/example_dags/tutorial_etl_dag.py
[2022-02-25 00:55:46,112] {processor.py:654} INFO - DAG(s) dict_keys(['tutorial_etl_dag']) retrieved from /home/airflow/.local/lib/python3.7/site-packages/airflow/example_dags/tutorial_etl_dag.py
[2022-02-25 00:55:46,157] {logging_mixin.py:109} INFO - [2022-02-25 00:55:46,157] {dag.py:2396} INFO - Sync 1 DAGs
[2022-02-25 00:55:46,229] {logging_mixin.py:109} INFO - [2022-02-25 00:55:46,229] {dag.py:2935} INFO - Setting next_dagrun for tutorial_etl_dag to None
[2022-02-25 00:55:46,260] {processor.py:171} INFO - Processing /home/airflow/.local/lib/python3.7/site-packages/airflow/example_dags/tutorial_etl_dag.py took 0.271 seconds
[2022-02-25 00:56:17,110] {processor.py:163} INFO - Started process (PID=2029) to work on /home/airflow/.local/lib/python3.7/site-packages/airflow/example_dags/tutorial_etl_dag.py
[2022-02-25 00:56:17,117] {processor.py:642} INFO - Processing file /home/airflow/.local/lib/python3.7/site-packages/airflow/example_dags/tutorial_etl_dag.py for tasks to queue
[2022-02-25 00:56:17,121] {logging_mixin.py:109} INFO - [2022-02-25 00:56:17,120] {dagbag.py:500} INFO - Filling up the DagBag from /home/airflow/.local/lib/python3.7/site-packages/airflow/example_dags/tutorial_etl_dag.py
[2022-02-25 00:56:17,204] {processor.py:654} INFO - DAG(s) dict_keys(['tutorial_etl_dag']) retrieved from /home/airflow/.local/lib/python3.7/site-packages/airflow/example_dags/tutorial_etl_dag.py
[2022-02-25 00:56:17,253] {logging_mixin.py:109} INFO - [2022-02-25 00:56:17,252] {dag.py:2396} INFO - Sync 1 DAGs
[2022-02-25 00:56:17,318] {logging_mixin.py:109} INFO - [2022-02-25 00:56:17,318] {dag.py:2935} INFO - Setting next_dagrun for tutorial_etl_dag to None
[2022-02-25 00:56:17,353] {processor.py:171} INFO - Processing /home/airflow/.local/lib/python3.7/site-packages/airflow/example_dags/tutorial_etl_dag.py took 0.252 seconds
[2022-02-25 00:56:47,526] {processor.py:163} INFO - Started process (PID=2116) to work on /home/airflow/.local/lib/python3.7/site-packages/airflow/example_dags/tutorial_etl_dag.py
[2022-02-25 00:56:47,531] {processor.py:642} INFO - Processing file /home/airflow/.local/lib/python3.7/site-packages/airflow/example_dags/tutorial_etl_dag.py for tasks to queue
[2022-02-25 00:56:47,535] {logging_mixin.py:109} INFO - [2022-02-25 00:56:47,534] {dagbag.py:500} INFO - Filling up the DagBag from /home/airflow/.local/lib/python3.7/site-packages/airflow/example_dags/tutorial_etl_dag.py
[2022-02-25 00:56:47,613] {processor.py:654} INFO - DAG(s) dict_keys(['tutorial_etl_dag']) retrieved from /home/airflow/.local/lib/python3.7/site-packages/airflow/example_dags/tutorial_etl_dag.py
[2022-02-25 00:56:47,655] {logging_mixin.py:109} INFO - [2022-02-25 00:56:47,654] {dag.py:2396} INFO - Sync 1 DAGs
[2022-02-25 00:56:47,716] {logging_mixin.py:109} INFO - [2022-02-25 00:56:47,715] {dag.py:2935} INFO - Setting next_dagrun for tutorial_etl_dag to None
[2022-02-25 00:56:47,747] {processor.py:171} INFO - Processing /home/airflow/.local/lib/python3.7/site-packages/airflow/example_dags/tutorial_etl_dag.py took 0.231 seconds
[2022-02-25 00:57:18,102] {processor.py:163} INFO - Started process (PID=2222) to work on /home/airflow/.local/lib/python3.7/site-packages/airflow/example_dags/tutorial_etl_dag.py
[2022-02-25 00:57:18,107] {processor.py:642} INFO - Processing file /home/airflow/.local/lib/python3.7/site-packages/airflow/example_dags/tutorial_etl_dag.py for tasks to queue
[2022-02-25 00:57:18,111] {logging_mixin.py:109} INFO - [2022-02-25 00:57:18,111] {dagbag.py:500} INFO - Filling up the DagBag from /home/airflow/.local/lib/python3.7/site-packages/airflow/example_dags/tutorial_etl_dag.py
[2022-02-25 00:57:18,195] {processor.py:654} INFO - DAG(s) dict_keys(['tutorial_etl_dag']) retrieved from /home/airflow/.local/lib/python3.7/site-packages/airflow/example_dags/tutorial_etl_dag.py
[2022-02-25 00:57:18,237] {logging_mixin.py:109} INFO - [2022-02-25 00:57:18,236] {dag.py:2396} INFO - Sync 1 DAGs
[2022-02-25 00:57:18,304] {logging_mixin.py:109} INFO - [2022-02-25 00:57:18,304] {dag.py:2935} INFO - Setting next_dagrun for tutorial_etl_dag to None
[2022-02-25 00:57:18,340] {processor.py:171} INFO - Processing /home/airflow/.local/lib/python3.7/site-packages/airflow/example_dags/tutorial_etl_dag.py took 0.246 seconds
[2022-02-25 00:57:48,475] {processor.py:163} INFO - Started process (PID=2322) to work on /home/airflow/.local/lib/python3.7/site-packages/airflow/example_dags/tutorial_etl_dag.py
[2022-02-25 00:57:48,480] {processor.py:642} INFO - Processing file /home/airflow/.local/lib/python3.7/site-packages/airflow/example_dags/tutorial_etl_dag.py for tasks to queue
[2022-02-25 00:57:48,486] {logging_mixin.py:109} INFO - [2022-02-25 00:57:48,486] {dagbag.py:500} INFO - Filling up the DagBag from /home/airflow/.local/lib/python3.7/site-packages/airflow/example_dags/tutorial_etl_dag.py
[2022-02-25 00:57:48,574] {processor.py:654} INFO - DAG(s) dict_keys(['tutorial_etl_dag']) retrieved from /home/airflow/.local/lib/python3.7/site-packages/airflow/example_dags/tutorial_etl_dag.py
[2022-02-25 00:57:48,617] {logging_mixin.py:109} INFO - [2022-02-25 00:57:48,617] {dag.py:2396} INFO - Sync 1 DAGs
[2022-02-25 00:57:48,694] {logging_mixin.py:109} INFO - [2022-02-25 00:57:48,694] {dag.py:2935} INFO - Setting next_dagrun for tutorial_etl_dag to None
[2022-02-25 00:57:48,851] {processor.py:171} INFO - Processing /home/airflow/.local/lib/python3.7/site-packages/airflow/example_dags/tutorial_etl_dag.py took 0.385 seconds
[2022-02-25 00:58:18,927] {processor.py:163} INFO - Started process (PID=2419) to work on /home/airflow/.local/lib/python3.7/site-packages/airflow/example_dags/tutorial_etl_dag.py
[2022-02-25 00:58:18,934] {processor.py:642} INFO - Processing file /home/airflow/.local/lib/python3.7/site-packages/airflow/example_dags/tutorial_etl_dag.py for tasks to queue
[2022-02-25 00:58:18,938] {logging_mixin.py:109} INFO - [2022-02-25 00:58:18,937] {dagbag.py:500} INFO - Filling up the DagBag from /home/airflow/.local/lib/python3.7/site-packages/airflow/example_dags/tutorial_etl_dag.py
[2022-02-25 00:58:19,018] {processor.py:654} INFO - DAG(s) dict_keys(['tutorial_etl_dag']) retrieved from /home/airflow/.local/lib/python3.7/site-packages/airflow/example_dags/tutorial_etl_dag.py
[2022-02-25 00:58:19,057] {logging_mixin.py:109} INFO - [2022-02-25 00:58:19,056] {dag.py:2396} INFO - Sync 1 DAGs
[2022-02-25 00:58:19,240] {logging_mixin.py:109} INFO - [2022-02-25 00:58:19,240] {dag.py:2935} INFO - Setting next_dagrun for tutorial_etl_dag to None
[2022-02-25 00:58:19,270] {processor.py:171} INFO - Processing /home/airflow/.local/lib/python3.7/site-packages/airflow/example_dags/tutorial_etl_dag.py took 0.351 seconds
[2022-02-25 00:58:49,573] {processor.py:163} INFO - Started process (PID=2522) to work on /home/airflow/.local/lib/python3.7/site-packages/airflow/example_dags/tutorial_etl_dag.py
[2022-02-25 00:58:49,578] {processor.py:642} INFO - Processing file /home/airflow/.local/lib/python3.7/site-packages/airflow/example_dags/tutorial_etl_dag.py for tasks to queue
[2022-02-25 00:58:49,581] {logging_mixin.py:109} INFO - [2022-02-25 00:58:49,581] {dagbag.py:500} INFO - Filling up the DagBag from /home/airflow/.local/lib/python3.7/site-packages/airflow/example_dags/tutorial_etl_dag.py
[2022-02-25 00:58:49,658] {processor.py:654} INFO - DAG(s) dict_keys(['tutorial_etl_dag']) retrieved from /home/airflow/.local/lib/python3.7/site-packages/airflow/example_dags/tutorial_etl_dag.py
[2022-02-25 00:58:49,700] {logging_mixin.py:109} INFO - [2022-02-25 00:58:49,700] {dag.py:2396} INFO - Sync 1 DAGs
[2022-02-25 00:58:49,883] {logging_mixin.py:109} INFO - [2022-02-25 00:58:49,882] {dag.py:2935} INFO - Setting next_dagrun for tutorial_etl_dag to None
[2022-02-25 00:58:49,915] {processor.py:171} INFO - Processing /home/airflow/.local/lib/python3.7/site-packages/airflow/example_dags/tutorial_etl_dag.py took 0.350 seconds
[2022-02-25 00:59:20,279] {processor.py:163} INFO - Started process (PID=2615) to work on /home/airflow/.local/lib/python3.7/site-packages/airflow/example_dags/tutorial_etl_dag.py
[2022-02-25 00:59:20,286] {processor.py:642} INFO - Processing file /home/airflow/.local/lib/python3.7/site-packages/airflow/example_dags/tutorial_etl_dag.py for tasks to queue
[2022-02-25 00:59:20,289] {logging_mixin.py:109} INFO - [2022-02-25 00:59:20,289] {dagbag.py:500} INFO - Filling up the DagBag from /home/airflow/.local/lib/python3.7/site-packages/airflow/example_dags/tutorial_etl_dag.py
[2022-02-25 00:59:20,376] {processor.py:654} INFO - DAG(s) dict_keys(['tutorial_etl_dag']) retrieved from /home/airflow/.local/lib/python3.7/site-packages/airflow/example_dags/tutorial_etl_dag.py
[2022-02-25 00:59:20,421] {logging_mixin.py:109} INFO - [2022-02-25 00:59:20,421] {dag.py:2396} INFO - Sync 1 DAGs
[2022-02-25 00:59:20,617] {logging_mixin.py:109} INFO - [2022-02-25 00:59:20,616] {dag.py:2935} INFO - Setting next_dagrun for tutorial_etl_dag to None
[2022-02-25 00:59:20,648] {processor.py:171} INFO - Processing /home/airflow/.local/lib/python3.7/site-packages/airflow/example_dags/tutorial_etl_dag.py took 0.379 seconds
[2022-02-25 00:59:51,359] {processor.py:163} INFO - Started process (PID=2722) to work on /home/airflow/.local/lib/python3.7/site-packages/airflow/example_dags/tutorial_etl_dag.py
[2022-02-25 00:59:51,365] {processor.py:642} INFO - Processing file /home/airflow/.local/lib/python3.7/site-packages/airflow/example_dags/tutorial_etl_dag.py for tasks to queue
[2022-02-25 00:59:51,370] {logging_mixin.py:109} INFO - [2022-02-25 00:59:51,369] {dagbag.py:500} INFO - Filling up the DagBag from /home/airflow/.local/lib/python3.7/site-packages/airflow/example_dags/tutorial_etl_dag.py
[2022-02-25 00:59:51,459] {processor.py:654} INFO - DAG(s) dict_keys(['tutorial_etl_dag']) retrieved from /home/airflow/.local/lib/python3.7/site-packages/airflow/example_dags/tutorial_etl_dag.py
[2022-02-25 00:59:51,506] {logging_mixin.py:109} INFO - [2022-02-25 00:59:51,505] {dag.py:2396} INFO - Sync 1 DAGs
[2022-02-25 00:59:51,706] {logging_mixin.py:109} INFO - [2022-02-25 00:59:51,706] {dag.py:2935} INFO - Setting next_dagrun for tutorial_etl_dag to None
[2022-02-25 00:59:51,744] {processor.py:171} INFO - Processing /home/airflow/.local/lib/python3.7/site-packages/airflow/example_dags/tutorial_etl_dag.py took 0.393 seconds
[2022-02-25 01:00:22,196] {processor.py:163} INFO - Started process (PID=2813) to work on /home/airflow/.local/lib/python3.7/site-packages/airflow/example_dags/tutorial_etl_dag.py
[2022-02-25 01:00:22,201] {processor.py:642} INFO - Processing file /home/airflow/.local/lib/python3.7/site-packages/airflow/example_dags/tutorial_etl_dag.py for tasks to queue
[2022-02-25 01:00:22,205] {logging_mixin.py:109} INFO - [2022-02-25 01:00:22,205] {dagbag.py:500} INFO - Filling up the DagBag from /home/airflow/.local/lib/python3.7/site-packages/airflow/example_dags/tutorial_etl_dag.py
[2022-02-25 01:00:22,294] {processor.py:654} INFO - DAG(s) dict_keys(['tutorial_etl_dag']) retrieved from /home/airflow/.local/lib/python3.7/site-packages/airflow/example_dags/tutorial_etl_dag.py
[2022-02-25 01:00:22,471] {logging_mixin.py:109} INFO - [2022-02-25 01:00:22,470] {dag.py:2396} INFO - Sync 1 DAGs
[2022-02-25 01:00:22,534] {logging_mixin.py:109} INFO - [2022-02-25 01:00:22,534] {dag.py:2935} INFO - Setting next_dagrun for tutorial_etl_dag to None
[2022-02-25 01:00:22,567] {processor.py:171} INFO - Processing /home/airflow/.local/lib/python3.7/site-packages/airflow/example_dags/tutorial_etl_dag.py took 0.378 seconds
[2022-02-25 01:00:52,706] {processor.py:163} INFO - Started process (PID=2919) to work on /home/airflow/.local/lib/python3.7/site-packages/airflow/example_dags/tutorial_etl_dag.py
[2022-02-25 01:00:52,712] {processor.py:642} INFO - Processing file /home/airflow/.local/lib/python3.7/site-packages/airflow/example_dags/tutorial_etl_dag.py for tasks to queue
[2022-02-25 01:00:52,716] {logging_mixin.py:109} INFO - [2022-02-25 01:00:52,715] {dagbag.py:500} INFO - Filling up the DagBag from /home/airflow/.local/lib/python3.7/site-packages/airflow/example_dags/tutorial_etl_dag.py
[2022-02-25 01:00:52,950] {processor.py:654} INFO - DAG(s) dict_keys(['tutorial_etl_dag']) retrieved from /home/airflow/.local/lib/python3.7/site-packages/airflow/example_dags/tutorial_etl_dag.py
[2022-02-25 01:00:52,997] {logging_mixin.py:109} INFO - [2022-02-25 01:00:52,996] {dag.py:2396} INFO - Sync 1 DAGs
[2022-02-25 01:00:53,065] {logging_mixin.py:109} INFO - [2022-02-25 01:00:53,064] {dag.py:2935} INFO - Setting next_dagrun for tutorial_etl_dag to None
[2022-02-25 01:00:53,099] {processor.py:171} INFO - Processing /home/airflow/.local/lib/python3.7/site-packages/airflow/example_dags/tutorial_etl_dag.py took 0.400 seconds
[2022-02-25 01:01:23,262] {processor.py:163} INFO - Started process (PID=3008) to work on /home/airflow/.local/lib/python3.7/site-packages/airflow/example_dags/tutorial_etl_dag.py
[2022-02-25 01:01:23,266] {processor.py:642} INFO - Processing file /home/airflow/.local/lib/python3.7/site-packages/airflow/example_dags/tutorial_etl_dag.py for tasks to queue
[2022-02-25 01:01:23,271] {logging_mixin.py:109} INFO - [2022-02-25 01:01:23,270] {dagbag.py:500} INFO - Filling up the DagBag from /home/airflow/.local/lib/python3.7/site-packages/airflow/example_dags/tutorial_etl_dag.py
[2022-02-25 01:01:23,491] {processor.py:654} INFO - DAG(s) dict_keys(['tutorial_etl_dag']) retrieved from /home/airflow/.local/lib/python3.7/site-packages/airflow/example_dags/tutorial_etl_dag.py
[2022-02-25 01:01:23,532] {logging_mixin.py:109} INFO - [2022-02-25 01:01:23,532] {dag.py:2396} INFO - Sync 1 DAGs
[2022-02-25 01:01:23,592] {logging_mixin.py:109} INFO - [2022-02-25 01:01:23,591] {dag.py:2935} INFO - Setting next_dagrun for tutorial_etl_dag to None
[2022-02-25 01:01:23,623] {processor.py:171} INFO - Processing /home/airflow/.local/lib/python3.7/site-packages/airflow/example_dags/tutorial_etl_dag.py took 0.370 seconds
[2022-02-25 01:01:53,905] {processor.py:163} INFO - Started process (PID=3114) to work on /home/airflow/.local/lib/python3.7/site-packages/airflow/example_dags/tutorial_etl_dag.py
[2022-02-25 01:01:53,912] {processor.py:642} INFO - Processing file /home/airflow/.local/lib/python3.7/site-packages/airflow/example_dags/tutorial_etl_dag.py for tasks to queue
[2022-02-25 01:01:53,916] {logging_mixin.py:109} INFO - [2022-02-25 01:01:53,916] {dagbag.py:500} INFO - Filling up the DagBag from /home/airflow/.local/lib/python3.7/site-packages/airflow/example_dags/tutorial_etl_dag.py
[2022-02-25 01:01:54,126] {processor.py:654} INFO - DAG(s) dict_keys(['tutorial_etl_dag']) retrieved from /home/airflow/.local/lib/python3.7/site-packages/airflow/example_dags/tutorial_etl_dag.py
[2022-02-25 01:01:54,163] {logging_mixin.py:109} INFO - [2022-02-25 01:01:54,163] {dag.py:2396} INFO - Sync 1 DAGs
[2022-02-25 01:01:54,220] {logging_mixin.py:109} INFO - [2022-02-25 01:01:54,220] {dag.py:2935} INFO - Setting next_dagrun for tutorial_etl_dag to None
[2022-02-25 01:01:54,247] {processor.py:171} INFO - Processing /home/airflow/.local/lib/python3.7/site-packages/airflow/example_dags/tutorial_etl_dag.py took 0.351 seconds
[2022-02-25 01:02:24,964] {processor.py:163} INFO - Started process (PID=3203) to work on /home/airflow/.local/lib/python3.7/site-packages/airflow/example_dags/tutorial_etl_dag.py
[2022-02-25 01:02:24,970] {processor.py:642} INFO - Processing file /home/airflow/.local/lib/python3.7/site-packages/airflow/example_dags/tutorial_etl_dag.py for tasks to queue
[2022-02-25 01:02:24,974] {logging_mixin.py:109} INFO - [2022-02-25 01:02:24,973] {dagbag.py:500} INFO - Filling up the DagBag from /home/airflow/.local/lib/python3.7/site-packages/airflow/example_dags/tutorial_etl_dag.py
[2022-02-25 01:02:25,070] {processor.py:654} INFO - DAG(s) dict_keys(['tutorial_etl_dag']) retrieved from /home/airflow/.local/lib/python3.7/site-packages/airflow/example_dags/tutorial_etl_dag.py
[2022-02-25 01:02:25,119] {logging_mixin.py:109} INFO - [2022-02-25 01:02:25,118] {dag.py:2396} INFO - Sync 1 DAGs
[2022-02-25 01:02:25,192] {logging_mixin.py:109} INFO - [2022-02-25 01:02:25,192] {dag.py:2935} INFO - Setting next_dagrun for tutorial_etl_dag to None
[2022-02-25 01:02:25,229] {processor.py:171} INFO - Processing /home/airflow/.local/lib/python3.7/site-packages/airflow/example_dags/tutorial_etl_dag.py took 0.272 seconds
[2022-02-25 01:02:55,793] {processor.py:163} INFO - Started process (PID=3308) to work on /home/airflow/.local/lib/python3.7/site-packages/airflow/example_dags/tutorial_etl_dag.py
[2022-02-25 01:02:55,799] {processor.py:642} INFO - Processing file /home/airflow/.local/lib/python3.7/site-packages/airflow/example_dags/tutorial_etl_dag.py for tasks to queue
[2022-02-25 01:02:55,802] {logging_mixin.py:109} INFO - [2022-02-25 01:02:55,802] {dagbag.py:500} INFO - Filling up the DagBag from /home/airflow/.local/lib/python3.7/site-packages/airflow/example_dags/tutorial_etl_dag.py
[2022-02-25 01:02:55,882] {processor.py:654} INFO - DAG(s) dict_keys(['tutorial_etl_dag']) retrieved from /home/airflow/.local/lib/python3.7/site-packages/airflow/example_dags/tutorial_etl_dag.py
[2022-02-25 01:02:55,921] {logging_mixin.py:109} INFO - [2022-02-25 01:02:55,921] {dag.py:2396} INFO - Sync 1 DAGs
[2022-02-25 01:02:55,989] {logging_mixin.py:109} INFO - [2022-02-25 01:02:55,989] {dag.py:2935} INFO - Setting next_dagrun for tutorial_etl_dag to None
[2022-02-25 01:02:56,024] {processor.py:171} INFO - Processing /home/airflow/.local/lib/python3.7/site-packages/airflow/example_dags/tutorial_etl_dag.py took 0.239 seconds
[2022-02-25 01:03:26,586] {processor.py:163} INFO - Started process (PID=3395) to work on /home/airflow/.local/lib/python3.7/site-packages/airflow/example_dags/tutorial_etl_dag.py
[2022-02-25 01:03:26,591] {processor.py:642} INFO - Processing file /home/airflow/.local/lib/python3.7/site-packages/airflow/example_dags/tutorial_etl_dag.py for tasks to queue
[2022-02-25 01:03:26,594] {logging_mixin.py:109} INFO - [2022-02-25 01:03:26,594] {dagbag.py:500} INFO - Filling up the DagBag from /home/airflow/.local/lib/python3.7/site-packages/airflow/example_dags/tutorial_etl_dag.py
[2022-02-25 01:03:26,668] {processor.py:654} INFO - DAG(s) dict_keys(['tutorial_etl_dag']) retrieved from /home/airflow/.local/lib/python3.7/site-packages/airflow/example_dags/tutorial_etl_dag.py
[2022-02-25 01:03:26,705] {logging_mixin.py:109} INFO - [2022-02-25 01:03:26,705] {dag.py:2396} INFO - Sync 1 DAGs
[2022-02-25 01:03:26,768] {logging_mixin.py:109} INFO - [2022-02-25 01:03:26,768] {dag.py:2935} INFO - Setting next_dagrun for tutorial_etl_dag to None
[2022-02-25 01:03:26,795] {processor.py:171} INFO - Processing /home/airflow/.local/lib/python3.7/site-packages/airflow/example_dags/tutorial_etl_dag.py took 0.217 seconds
[2022-02-25 01:03:56,873] {processor.py:163} INFO - Started process (PID=3500) to work on /home/airflow/.local/lib/python3.7/site-packages/airflow/example_dags/tutorial_etl_dag.py
[2022-02-25 01:03:56,878] {processor.py:642} INFO - Processing file /home/airflow/.local/lib/python3.7/site-packages/airflow/example_dags/tutorial_etl_dag.py for tasks to queue
[2022-02-25 01:03:56,882] {logging_mixin.py:109} INFO - [2022-02-25 01:03:56,881] {dagbag.py:500} INFO - Filling up the DagBag from /home/airflow/.local/lib/python3.7/site-packages/airflow/example_dags/tutorial_etl_dag.py
[2022-02-25 01:03:56,952] {processor.py:654} INFO - DAG(s) dict_keys(['tutorial_etl_dag']) retrieved from /home/airflow/.local/lib/python3.7/site-packages/airflow/example_dags/tutorial_etl_dag.py
[2022-02-25 01:03:56,993] {logging_mixin.py:109} INFO - [2022-02-25 01:03:56,993] {dag.py:2396} INFO - Sync 1 DAGs
[2022-02-25 01:03:57,053] {logging_mixin.py:109} INFO - [2022-02-25 01:03:57,053] {dag.py:2935} INFO - Setting next_dagrun for tutorial_etl_dag to None
[2022-02-25 01:03:57,088] {processor.py:171} INFO - Processing /home/airflow/.local/lib/python3.7/site-packages/airflow/example_dags/tutorial_etl_dag.py took 0.224 seconds
[2022-02-25 01:04:27,922] {processor.py:163} INFO - Started process (PID=3587) to work on /home/airflow/.local/lib/python3.7/site-packages/airflow/example_dags/tutorial_etl_dag.py
[2022-02-25 01:04:27,927] {processor.py:642} INFO - Processing file /home/airflow/.local/lib/python3.7/site-packages/airflow/example_dags/tutorial_etl_dag.py for tasks to queue
[2022-02-25 01:04:27,930] {logging_mixin.py:109} INFO - [2022-02-25 01:04:27,930] {dagbag.py:500} INFO - Filling up the DagBag from /home/airflow/.local/lib/python3.7/site-packages/airflow/example_dags/tutorial_etl_dag.py
[2022-02-25 01:04:27,995] {processor.py:654} INFO - DAG(s) dict_keys(['tutorial_etl_dag']) retrieved from /home/airflow/.local/lib/python3.7/site-packages/airflow/example_dags/tutorial_etl_dag.py
[2022-02-25 01:04:28,044] {logging_mixin.py:109} INFO - [2022-02-25 01:04:28,043] {dag.py:2396} INFO - Sync 1 DAGs
[2022-02-25 01:04:28,114] {logging_mixin.py:109} INFO - [2022-02-25 01:04:28,113] {dag.py:2935} INFO - Setting next_dagrun for tutorial_etl_dag to None
[2022-02-25 01:04:28,147] {processor.py:171} INFO - Processing /home/airflow/.local/lib/python3.7/site-packages/airflow/example_dags/tutorial_etl_dag.py took 0.232 seconds
[2022-02-25 01:04:58,252] {processor.py:163} INFO - Started process (PID=3693) to work on /home/airflow/.local/lib/python3.7/site-packages/airflow/example_dags/tutorial_etl_dag.py
[2022-02-25 01:04:58,256] {processor.py:642} INFO - Processing file /home/airflow/.local/lib/python3.7/site-packages/airflow/example_dags/tutorial_etl_dag.py for tasks to queue
[2022-02-25 01:04:58,260] {logging_mixin.py:109} INFO - [2022-02-25 01:04:58,259] {dagbag.py:500} INFO - Filling up the DagBag from /home/airflow/.local/lib/python3.7/site-packages/airflow/example_dags/tutorial_etl_dag.py
[2022-02-25 01:04:58,330] {processor.py:654} INFO - DAG(s) dict_keys(['tutorial_etl_dag']) retrieved from /home/airflow/.local/lib/python3.7/site-packages/airflow/example_dags/tutorial_etl_dag.py
[2022-02-25 01:04:58,368] {logging_mixin.py:109} INFO - [2022-02-25 01:04:58,367] {dag.py:2396} INFO - Sync 1 DAGs
[2022-02-25 01:04:58,429] {logging_mixin.py:109} INFO - [2022-02-25 01:04:58,429] {dag.py:2935} INFO - Setting next_dagrun for tutorial_etl_dag to None
[2022-02-25 01:04:58,456] {processor.py:171} INFO - Processing /home/airflow/.local/lib/python3.7/site-packages/airflow/example_dags/tutorial_etl_dag.py took 0.211 seconds
[2022-02-25 01:05:28,973] {processor.py:163} INFO - Started process (PID=3793) to work on /home/airflow/.local/lib/python3.7/site-packages/airflow/example_dags/tutorial_etl_dag.py
[2022-02-25 01:05:28,978] {processor.py:642} INFO - Processing file /home/airflow/.local/lib/python3.7/site-packages/airflow/example_dags/tutorial_etl_dag.py for tasks to queue
[2022-02-25 01:05:28,981] {logging_mixin.py:109} INFO - [2022-02-25 01:05:28,981] {dagbag.py:500} INFO - Filling up the DagBag from /home/airflow/.local/lib/python3.7/site-packages/airflow/example_dags/tutorial_etl_dag.py
[2022-02-25 01:05:29,054] {processor.py:654} INFO - DAG(s) dict_keys(['tutorial_etl_dag']) retrieved from /home/airflow/.local/lib/python3.7/site-packages/airflow/example_dags/tutorial_etl_dag.py
[2022-02-25 01:05:29,095] {logging_mixin.py:109} INFO - [2022-02-25 01:05:29,094] {dag.py:2396} INFO - Sync 1 DAGs
[2022-02-25 01:05:29,160] {logging_mixin.py:109} INFO - [2022-02-25 01:05:29,159] {dag.py:2935} INFO - Setting next_dagrun for tutorial_etl_dag to None
[2022-02-25 01:05:29,190] {processor.py:171} INFO - Processing /home/airflow/.local/lib/python3.7/site-packages/airflow/example_dags/tutorial_etl_dag.py took 0.224 seconds
[2022-02-25 01:05:59,753] {processor.py:163} INFO - Started process (PID=3888) to work on /home/airflow/.local/lib/python3.7/site-packages/airflow/example_dags/tutorial_etl_dag.py
[2022-02-25 01:05:59,757] {processor.py:642} INFO - Processing file /home/airflow/.local/lib/python3.7/site-packages/airflow/example_dags/tutorial_etl_dag.py for tasks to queue
[2022-02-25 01:05:59,760] {logging_mixin.py:109} INFO - [2022-02-25 01:05:59,760] {dagbag.py:500} INFO - Filling up the DagBag from /home/airflow/.local/lib/python3.7/site-packages/airflow/example_dags/tutorial_etl_dag.py
[2022-02-25 01:05:59,831] {processor.py:654} INFO - DAG(s) dict_keys(['tutorial_etl_dag']) retrieved from /home/airflow/.local/lib/python3.7/site-packages/airflow/example_dags/tutorial_etl_dag.py
[2022-02-25 01:05:59,869] {logging_mixin.py:109} INFO - [2022-02-25 01:05:59,868] {dag.py:2396} INFO - Sync 1 DAGs
[2022-02-25 01:05:59,928] {logging_mixin.py:109} INFO - [2022-02-25 01:05:59,927] {dag.py:2935} INFO - Setting next_dagrun for tutorial_etl_dag to None
[2022-02-25 01:05:59,959] {processor.py:171} INFO - Processing /home/airflow/.local/lib/python3.7/site-packages/airflow/example_dags/tutorial_etl_dag.py took 0.214 seconds
[2022-02-25 01:06:30,173] {processor.py:163} INFO - Started process (PID=3988) to work on /home/airflow/.local/lib/python3.7/site-packages/airflow/example_dags/tutorial_etl_dag.py
[2022-02-25 01:06:30,179] {processor.py:642} INFO - Processing file /home/airflow/.local/lib/python3.7/site-packages/airflow/example_dags/tutorial_etl_dag.py for tasks to queue
[2022-02-25 01:06:30,183] {logging_mixin.py:109} INFO - [2022-02-25 01:06:30,183] {dagbag.py:500} INFO - Filling up the DagBag from /home/airflow/.local/lib/python3.7/site-packages/airflow/example_dags/tutorial_etl_dag.py
[2022-02-25 01:06:30,266] {processor.py:654} INFO - DAG(s) dict_keys(['tutorial_etl_dag']) retrieved from /home/airflow/.local/lib/python3.7/site-packages/airflow/example_dags/tutorial_etl_dag.py
[2022-02-25 01:06:30,312] {logging_mixin.py:109} INFO - [2022-02-25 01:06:30,312] {dag.py:2396} INFO - Sync 1 DAGs
[2022-02-25 01:06:30,378] {logging_mixin.py:109} INFO - [2022-02-25 01:06:30,378] {dag.py:2935} INFO - Setting next_dagrun for tutorial_etl_dag to None
[2022-02-25 01:06:30,409] {processor.py:171} INFO - Processing /home/airflow/.local/lib/python3.7/site-packages/airflow/example_dags/tutorial_etl_dag.py took 0.243 seconds
[2022-02-25 01:07:00,749] {processor.py:163} INFO - Started process (PID=4083) to work on /home/airflow/.local/lib/python3.7/site-packages/airflow/example_dags/tutorial_etl_dag.py
[2022-02-25 01:07:00,754] {processor.py:642} INFO - Processing file /home/airflow/.local/lib/python3.7/site-packages/airflow/example_dags/tutorial_etl_dag.py for tasks to queue
[2022-02-25 01:07:00,757] {logging_mixin.py:109} INFO - [2022-02-25 01:07:00,757] {dagbag.py:500} INFO - Filling up the DagBag from /home/airflow/.local/lib/python3.7/site-packages/airflow/example_dags/tutorial_etl_dag.py
[2022-02-25 01:07:00,832] {processor.py:654} INFO - DAG(s) dict_keys(['tutorial_etl_dag']) retrieved from /home/airflow/.local/lib/python3.7/site-packages/airflow/example_dags/tutorial_etl_dag.py
[2022-02-25 01:07:00,873] {logging_mixin.py:109} INFO - [2022-02-25 01:07:00,872] {dag.py:2396} INFO - Sync 1 DAGs
[2022-02-25 01:07:00,940] {logging_mixin.py:109} INFO - [2022-02-25 01:07:00,940] {dag.py:2935} INFO - Setting next_dagrun for tutorial_etl_dag to None
[2022-02-25 01:07:00,974] {processor.py:171} INFO - Processing /home/airflow/.local/lib/python3.7/site-packages/airflow/example_dags/tutorial_etl_dag.py took 0.233 seconds
[2022-02-25 01:07:31,381] {processor.py:163} INFO - Started process (PID=4189) to work on /home/airflow/.local/lib/python3.7/site-packages/airflow/example_dags/tutorial_etl_dag.py
[2022-02-25 01:07:31,386] {processor.py:642} INFO - Processing file /home/airflow/.local/lib/python3.7/site-packages/airflow/example_dags/tutorial_etl_dag.py for tasks to queue
[2022-02-25 01:07:31,390] {logging_mixin.py:109} INFO - [2022-02-25 01:07:31,390] {dagbag.py:500} INFO - Filling up the DagBag from /home/airflow/.local/lib/python3.7/site-packages/airflow/example_dags/tutorial_etl_dag.py
[2022-02-25 01:07:31,471] {processor.py:654} INFO - DAG(s) dict_keys(['tutorial_etl_dag']) retrieved from /home/airflow/.local/lib/python3.7/site-packages/airflow/example_dags/tutorial_etl_dag.py
[2022-02-25 01:07:31,516] {logging_mixin.py:109} INFO - [2022-02-25 01:07:31,516] {dag.py:2396} INFO - Sync 1 DAGs
[2022-02-25 01:07:31,586] {logging_mixin.py:109} INFO - [2022-02-25 01:07:31,585] {dag.py:2935} INFO - Setting next_dagrun for tutorial_etl_dag to None
[2022-02-25 01:07:31,616] {processor.py:171} INFO - Processing /home/airflow/.local/lib/python3.7/site-packages/airflow/example_dags/tutorial_etl_dag.py took 0.244 seconds
[2022-02-25 01:08:01,690] {processor.py:163} INFO - Started process (PID=4277) to work on /home/airflow/.local/lib/python3.7/site-packages/airflow/example_dags/tutorial_etl_dag.py
[2022-02-25 01:08:01,695] {processor.py:642} INFO - Processing file /home/airflow/.local/lib/python3.7/site-packages/airflow/example_dags/tutorial_etl_dag.py for tasks to queue
[2022-02-25 01:08:01,699] {logging_mixin.py:109} INFO - [2022-02-25 01:08:01,699] {dagbag.py:500} INFO - Filling up the DagBag from /home/airflow/.local/lib/python3.7/site-packages/airflow/example_dags/tutorial_etl_dag.py
[2022-02-25 01:08:01,783] {processor.py:654} INFO - DAG(s) dict_keys(['tutorial_etl_dag']) retrieved from /home/airflow/.local/lib/python3.7/site-packages/airflow/example_dags/tutorial_etl_dag.py
[2022-02-25 01:08:01,826] {logging_mixin.py:109} INFO - [2022-02-25 01:08:01,826] {dag.py:2396} INFO - Sync 1 DAGs
[2022-02-25 01:08:01,890] {logging_mixin.py:109} INFO - [2022-02-25 01:08:01,889] {dag.py:2935} INFO - Setting next_dagrun for tutorial_etl_dag to None
[2022-02-25 01:08:01,921] {processor.py:171} INFO - Processing /home/airflow/.local/lib/python3.7/site-packages/airflow/example_dags/tutorial_etl_dag.py took 0.239 seconds
[2022-02-25 01:08:32,614] {processor.py:163} INFO - Started process (PID=4385) to work on /home/airflow/.local/lib/python3.7/site-packages/airflow/example_dags/tutorial_etl_dag.py
[2022-02-25 01:08:32,621] {processor.py:642} INFO - Processing file /home/airflow/.local/lib/python3.7/site-packages/airflow/example_dags/tutorial_etl_dag.py for tasks to queue
[2022-02-25 01:08:32,625] {logging_mixin.py:109} INFO - [2022-02-25 01:08:32,624] {dagbag.py:500} INFO - Filling up the DagBag from /home/airflow/.local/lib/python3.7/site-packages/airflow/example_dags/tutorial_etl_dag.py
[2022-02-25 01:08:32,701] {processor.py:654} INFO - DAG(s) dict_keys(['tutorial_etl_dag']) retrieved from /home/airflow/.local/lib/python3.7/site-packages/airflow/example_dags/tutorial_etl_dag.py
[2022-02-25 01:08:32,747] {logging_mixin.py:109} INFO - [2022-02-25 01:08:32,746] {dag.py:2396} INFO - Sync 1 DAGs
[2022-02-25 01:08:32,808] {logging_mixin.py:109} INFO - [2022-02-25 01:08:32,808] {dag.py:2935} INFO - Setting next_dagrun for tutorial_etl_dag to None
[2022-02-25 01:08:32,840] {processor.py:171} INFO - Processing /home/airflow/.local/lib/python3.7/site-packages/airflow/example_dags/tutorial_etl_dag.py took 0.235 seconds
[2022-02-25 01:09:02,956] {processor.py:163} INFO - Started process (PID=4472) to work on /home/airflow/.local/lib/python3.7/site-packages/airflow/example_dags/tutorial_etl_dag.py
[2022-02-25 01:09:02,962] {processor.py:642} INFO - Processing file /home/airflow/.local/lib/python3.7/site-packages/airflow/example_dags/tutorial_etl_dag.py for tasks to queue
[2022-02-25 01:09:02,966] {logging_mixin.py:109} INFO - [2022-02-25 01:09:02,966] {dagbag.py:500} INFO - Filling up the DagBag from /home/airflow/.local/lib/python3.7/site-packages/airflow/example_dags/tutorial_etl_dag.py
[2022-02-25 01:09:03,040] {processor.py:654} INFO - DAG(s) dict_keys(['tutorial_etl_dag']) retrieved from /home/airflow/.local/lib/python3.7/site-packages/airflow/example_dags/tutorial_etl_dag.py
[2022-02-25 01:09:03,087] {logging_mixin.py:109} INFO - [2022-02-25 01:09:03,087] {dag.py:2396} INFO - Sync 1 DAGs
[2022-02-25 01:09:03,161] {logging_mixin.py:109} INFO - [2022-02-25 01:09:03,161] {dag.py:2935} INFO - Setting next_dagrun for tutorial_etl_dag to None
[2022-02-25 01:09:03,199] {processor.py:171} INFO - Processing /home/airflow/.local/lib/python3.7/site-packages/airflow/example_dags/tutorial_etl_dag.py took 0.250 seconds
[2022-02-25 01:09:33,521] {processor.py:163} INFO - Started process (PID=4578) to work on /home/airflow/.local/lib/python3.7/site-packages/airflow/example_dags/tutorial_etl_dag.py
[2022-02-25 01:09:33,525] {processor.py:642} INFO - Processing file /home/airflow/.local/lib/python3.7/site-packages/airflow/example_dags/tutorial_etl_dag.py for tasks to queue
[2022-02-25 01:09:33,529] {logging_mixin.py:109} INFO - [2022-02-25 01:09:33,528] {dagbag.py:500} INFO - Filling up the DagBag from /home/airflow/.local/lib/python3.7/site-packages/airflow/example_dags/tutorial_etl_dag.py
[2022-02-25 01:09:33,606] {processor.py:654} INFO - DAG(s) dict_keys(['tutorial_etl_dag']) retrieved from /home/airflow/.local/lib/python3.7/site-packages/airflow/example_dags/tutorial_etl_dag.py
[2022-02-25 01:09:33,644] {logging_mixin.py:109} INFO - [2022-02-25 01:09:33,644] {dag.py:2396} INFO - Sync 1 DAGs
[2022-02-25 01:09:33,708] {logging_mixin.py:109} INFO - [2022-02-25 01:09:33,707] {dag.py:2935} INFO - Setting next_dagrun for tutorial_etl_dag to None
[2022-02-25 01:09:33,740] {processor.py:171} INFO - Processing /home/airflow/.local/lib/python3.7/site-packages/airflow/example_dags/tutorial_etl_dag.py took 0.227 seconds
[2022-02-25 01:10:04,258] {processor.py:163} INFO - Started process (PID=4668) to work on /home/airflow/.local/lib/python3.7/site-packages/airflow/example_dags/tutorial_etl_dag.py
[2022-02-25 01:10:04,265] {processor.py:642} INFO - Processing file /home/airflow/.local/lib/python3.7/site-packages/airflow/example_dags/tutorial_etl_dag.py for tasks to queue
[2022-02-25 01:10:04,268] {logging_mixin.py:109} INFO - [2022-02-25 01:10:04,268] {dagbag.py:500} INFO - Filling up the DagBag from /home/airflow/.local/lib/python3.7/site-packages/airflow/example_dags/tutorial_etl_dag.py
[2022-02-25 01:10:04,350] {processor.py:654} INFO - DAG(s) dict_keys(['tutorial_etl_dag']) retrieved from /home/airflow/.local/lib/python3.7/site-packages/airflow/example_dags/tutorial_etl_dag.py
[2022-02-25 01:10:04,395] {logging_mixin.py:109} INFO - [2022-02-25 01:10:04,394] {dag.py:2396} INFO - Sync 1 DAGs
[2022-02-25 01:10:04,460] {logging_mixin.py:109} INFO - [2022-02-25 01:10:04,460] {dag.py:2935} INFO - Setting next_dagrun for tutorial_etl_dag to None
[2022-02-25 01:10:04,493] {processor.py:171} INFO - Processing /home/airflow/.local/lib/python3.7/site-packages/airflow/example_dags/tutorial_etl_dag.py took 0.243 seconds
[2022-02-25 01:10:34,991] {processor.py:163} INFO - Started process (PID=4772) to work on /home/airflow/.local/lib/python3.7/site-packages/airflow/example_dags/tutorial_etl_dag.py
[2022-02-25 01:10:34,997] {processor.py:642} INFO - Processing file /home/airflow/.local/lib/python3.7/site-packages/airflow/example_dags/tutorial_etl_dag.py for tasks to queue
[2022-02-25 01:10:35,001] {logging_mixin.py:109} INFO - [2022-02-25 01:10:35,001] {dagbag.py:500} INFO - Filling up the DagBag from /home/airflow/.local/lib/python3.7/site-packages/airflow/example_dags/tutorial_etl_dag.py
[2022-02-25 01:10:35,067] {processor.py:654} INFO - DAG(s) dict_keys(['tutorial_etl_dag']) retrieved from /home/airflow/.local/lib/python3.7/site-packages/airflow/example_dags/tutorial_etl_dag.py
[2022-02-25 01:10:35,105] {logging_mixin.py:109} INFO - [2022-02-25 01:10:35,104] {dag.py:2396} INFO - Sync 1 DAGs
[2022-02-25 01:10:35,165] {logging_mixin.py:109} INFO - [2022-02-25 01:10:35,165] {dag.py:2935} INFO - Setting next_dagrun for tutorial_etl_dag to None
[2022-02-25 01:10:35,191] {processor.py:171} INFO - Processing /home/airflow/.local/lib/python3.7/site-packages/airflow/example_dags/tutorial_etl_dag.py took 0.208 seconds
[2022-02-25 01:11:05,641] {processor.py:163} INFO - Started process (PID=4861) to work on /home/airflow/.local/lib/python3.7/site-packages/airflow/example_dags/tutorial_etl_dag.py
[2022-02-25 01:11:05,646] {processor.py:642} INFO - Processing file /home/airflow/.local/lib/python3.7/site-packages/airflow/example_dags/tutorial_etl_dag.py for tasks to queue
[2022-02-25 01:11:05,649] {logging_mixin.py:109} INFO - [2022-02-25 01:11:05,649] {dagbag.py:500} INFO - Filling up the DagBag from /home/airflow/.local/lib/python3.7/site-packages/airflow/example_dags/tutorial_etl_dag.py
[2022-02-25 01:11:05,719] {processor.py:654} INFO - DAG(s) dict_keys(['tutorial_etl_dag']) retrieved from /home/airflow/.local/lib/python3.7/site-packages/airflow/example_dags/tutorial_etl_dag.py
[2022-02-25 01:11:05,758] {logging_mixin.py:109} INFO - [2022-02-25 01:11:05,757] {dag.py:2396} INFO - Sync 1 DAGs
[2022-02-25 01:11:05,817] {logging_mixin.py:109} INFO - [2022-02-25 01:11:05,817] {dag.py:2935} INFO - Setting next_dagrun for tutorial_etl_dag to None
[2022-02-25 01:11:05,849] {processor.py:171} INFO - Processing /home/airflow/.local/lib/python3.7/site-packages/airflow/example_dags/tutorial_etl_dag.py took 0.218 seconds
[2022-02-25 01:11:35,924] {processor.py:163} INFO - Started process (PID=4966) to work on /home/airflow/.local/lib/python3.7/site-packages/airflow/example_dags/tutorial_etl_dag.py
[2022-02-25 01:11:35,930] {processor.py:642} INFO - Processing file /home/airflow/.local/lib/python3.7/site-packages/airflow/example_dags/tutorial_etl_dag.py for tasks to queue
[2022-02-25 01:11:35,936] {logging_mixin.py:109} INFO - [2022-02-25 01:11:35,936] {dagbag.py:500} INFO - Filling up the DagBag from /home/airflow/.local/lib/python3.7/site-packages/airflow/example_dags/tutorial_etl_dag.py
[2022-02-25 01:11:36,013] {processor.py:654} INFO - DAG(s) dict_keys(['tutorial_etl_dag']) retrieved from /home/airflow/.local/lib/python3.7/site-packages/airflow/example_dags/tutorial_etl_dag.py
[2022-02-25 01:11:36,055] {logging_mixin.py:109} INFO - [2022-02-25 01:11:36,054] {dag.py:2396} INFO - Sync 1 DAGs
[2022-02-25 01:11:36,117] {logging_mixin.py:109} INFO - [2022-02-25 01:11:36,117] {dag.py:2935} INFO - Setting next_dagrun for tutorial_etl_dag to None
[2022-02-25 01:11:36,148] {processor.py:171} INFO - Processing /home/airflow/.local/lib/python3.7/site-packages/airflow/example_dags/tutorial_etl_dag.py took 0.231 seconds
[2022-02-25 01:12:06,398] {processor.py:163} INFO - Started process (PID=5053) to work on /home/airflow/.local/lib/python3.7/site-packages/airflow/example_dags/tutorial_etl_dag.py
[2022-02-25 01:12:06,403] {processor.py:642} INFO - Processing file /home/airflow/.local/lib/python3.7/site-packages/airflow/example_dags/tutorial_etl_dag.py for tasks to queue
[2022-02-25 01:12:06,407] {logging_mixin.py:109} INFO - [2022-02-25 01:12:06,406] {dagbag.py:500} INFO - Filling up the DagBag from /home/airflow/.local/lib/python3.7/site-packages/airflow/example_dags/tutorial_etl_dag.py
[2022-02-25 01:12:06,475] {processor.py:654} INFO - DAG(s) dict_keys(['tutorial_etl_dag']) retrieved from /home/airflow/.local/lib/python3.7/site-packages/airflow/example_dags/tutorial_etl_dag.py
[2022-02-25 01:12:06,512] {logging_mixin.py:109} INFO - [2022-02-25 01:12:06,511] {dag.py:2396} INFO - Sync 1 DAGs
[2022-02-25 01:12:06,572] {logging_mixin.py:109} INFO - [2022-02-25 01:12:06,571] {dag.py:2935} INFO - Setting next_dagrun for tutorial_etl_dag to None
[2022-02-25 01:12:06,605] {processor.py:171} INFO - Processing /home/airflow/.local/lib/python3.7/site-packages/airflow/example_dags/tutorial_etl_dag.py took 0.214 seconds
[2022-02-25 01:12:36,688] {processor.py:163} INFO - Started process (PID=5159) to work on /home/airflow/.local/lib/python3.7/site-packages/airflow/example_dags/tutorial_etl_dag.py
[2022-02-25 01:12:36,693] {processor.py:642} INFO - Processing file /home/airflow/.local/lib/python3.7/site-packages/airflow/example_dags/tutorial_etl_dag.py for tasks to queue
[2022-02-25 01:12:36,697] {logging_mixin.py:109} INFO - [2022-02-25 01:12:36,696] {dagbag.py:500} INFO - Filling up the DagBag from /home/airflow/.local/lib/python3.7/site-packages/airflow/example_dags/tutorial_etl_dag.py
[2022-02-25 01:12:36,766] {processor.py:654} INFO - DAG(s) dict_keys(['tutorial_etl_dag']) retrieved from /home/airflow/.local/lib/python3.7/site-packages/airflow/example_dags/tutorial_etl_dag.py
[2022-02-25 01:12:36,804] {logging_mixin.py:109} INFO - [2022-02-25 01:12:36,804] {dag.py:2396} INFO - Sync 1 DAGs
[2022-02-25 01:12:36,864] {logging_mixin.py:109} INFO - [2022-02-25 01:12:36,864] {dag.py:2935} INFO - Setting next_dagrun for tutorial_etl_dag to None
[2022-02-25 01:12:36,891] {processor.py:171} INFO - Processing /home/airflow/.local/lib/python3.7/site-packages/airflow/example_dags/tutorial_etl_dag.py took 0.211 seconds
[2022-02-25 01:13:07,277] {processor.py:163} INFO - Started process (PID=5246) to work on /home/airflow/.local/lib/python3.7/site-packages/airflow/example_dags/tutorial_etl_dag.py
[2022-02-25 01:13:07,292] {processor.py:642} INFO - Processing file /home/airflow/.local/lib/python3.7/site-packages/airflow/example_dags/tutorial_etl_dag.py for tasks to queue
[2022-02-25 01:13:07,300] {logging_mixin.py:109} INFO - [2022-02-25 01:13:07,299] {dagbag.py:500} INFO - Filling up the DagBag from /home/airflow/.local/lib/python3.7/site-packages/airflow/example_dags/tutorial_etl_dag.py
[2022-02-25 01:13:07,381] {processor.py:654} INFO - DAG(s) dict_keys(['tutorial_etl_dag']) retrieved from /home/airflow/.local/lib/python3.7/site-packages/airflow/example_dags/tutorial_etl_dag.py
[2022-02-25 01:13:07,425] {logging_mixin.py:109} INFO - [2022-02-25 01:13:07,424] {dag.py:2396} INFO - Sync 1 DAGs
[2022-02-25 01:13:07,486] {logging_mixin.py:109} INFO - [2022-02-25 01:13:07,486] {dag.py:2935} INFO - Setting next_dagrun for tutorial_etl_dag to None
[2022-02-25 01:13:07,517] {processor.py:171} INFO - Processing /home/airflow/.local/lib/python3.7/site-packages/airflow/example_dags/tutorial_etl_dag.py took 0.249 seconds
[2022-02-25 01:13:37,779] {processor.py:163} INFO - Started process (PID=5353) to work on /home/airflow/.local/lib/python3.7/site-packages/airflow/example_dags/tutorial_etl_dag.py
[2022-02-25 01:13:37,792] {processor.py:642} INFO - Processing file /home/airflow/.local/lib/python3.7/site-packages/airflow/example_dags/tutorial_etl_dag.py for tasks to queue
[2022-02-25 01:13:37,797] {logging_mixin.py:109} INFO - [2022-02-25 01:13:37,797] {dagbag.py:500} INFO - Filling up the DagBag from /home/airflow/.local/lib/python3.7/site-packages/airflow/example_dags/tutorial_etl_dag.py
[2022-02-25 01:13:37,881] {processor.py:654} INFO - DAG(s) dict_keys(['tutorial_etl_dag']) retrieved from /home/airflow/.local/lib/python3.7/site-packages/airflow/example_dags/tutorial_etl_dag.py
[2022-02-25 01:13:37,929] {logging_mixin.py:109} INFO - [2022-02-25 01:13:37,929] {dag.py:2396} INFO - Sync 1 DAGs
[2022-02-25 01:13:37,999] {logging_mixin.py:109} INFO - [2022-02-25 01:13:37,998] {dag.py:2935} INFO - Setting next_dagrun for tutorial_etl_dag to None
[2022-02-25 01:13:38,031] {processor.py:171} INFO - Processing /home/airflow/.local/lib/python3.7/site-packages/airflow/example_dags/tutorial_etl_dag.py took 0.260 seconds
[2022-02-25 01:14:08,260] {processor.py:163} INFO - Started process (PID=5443) to work on /home/airflow/.local/lib/python3.7/site-packages/airflow/example_dags/tutorial_etl_dag.py
[2022-02-25 01:14:08,265] {processor.py:642} INFO - Processing file /home/airflow/.local/lib/python3.7/site-packages/airflow/example_dags/tutorial_etl_dag.py for tasks to queue
[2022-02-25 01:14:08,268] {logging_mixin.py:109} INFO - [2022-02-25 01:14:08,268] {dagbag.py:500} INFO - Filling up the DagBag from /home/airflow/.local/lib/python3.7/site-packages/airflow/example_dags/tutorial_etl_dag.py
[2022-02-25 01:14:08,339] {processor.py:654} INFO - DAG(s) dict_keys(['tutorial_etl_dag']) retrieved from /home/airflow/.local/lib/python3.7/site-packages/airflow/example_dags/tutorial_etl_dag.py
[2022-02-25 01:14:08,379] {logging_mixin.py:109} INFO - [2022-02-25 01:14:08,379] {dag.py:2396} INFO - Sync 1 DAGs
[2022-02-25 01:14:08,443] {logging_mixin.py:109} INFO - [2022-02-25 01:14:08,442] {dag.py:2935} INFO - Setting next_dagrun for tutorial_etl_dag to None
[2022-02-25 01:14:08,495] {processor.py:171} INFO - Processing /home/airflow/.local/lib/python3.7/site-packages/airflow/example_dags/tutorial_etl_dag.py took 0.243 seconds
[2022-02-25 01:14:39,011] {processor.py:163} INFO - Started process (PID=5549) to work on /home/airflow/.local/lib/python3.7/site-packages/airflow/example_dags/tutorial_etl_dag.py
[2022-02-25 01:14:39,016] {processor.py:642} INFO - Processing file /home/airflow/.local/lib/python3.7/site-packages/airflow/example_dags/tutorial_etl_dag.py for tasks to queue
[2022-02-25 01:14:39,019] {logging_mixin.py:109} INFO - [2022-02-25 01:14:39,019] {dagbag.py:500} INFO - Filling up the DagBag from /home/airflow/.local/lib/python3.7/site-packages/airflow/example_dags/tutorial_etl_dag.py
[2022-02-25 01:14:39,095] {processor.py:654} INFO - DAG(s) dict_keys(['tutorial_etl_dag']) retrieved from /home/airflow/.local/lib/python3.7/site-packages/airflow/example_dags/tutorial_etl_dag.py
[2022-02-25 01:14:39,137] {logging_mixin.py:109} INFO - [2022-02-25 01:14:39,137] {dag.py:2396} INFO - Sync 1 DAGs
[2022-02-25 01:14:39,199] {logging_mixin.py:109} INFO - [2022-02-25 01:14:39,199] {dag.py:2935} INFO - Setting next_dagrun for tutorial_etl_dag to None
[2022-02-25 01:14:39,230] {processor.py:171} INFO - Processing /home/airflow/.local/lib/python3.7/site-packages/airflow/example_dags/tutorial_etl_dag.py took 0.228 seconds
[2022-02-25 01:15:09,464] {processor.py:163} INFO - Started process (PID=5648) to work on /home/airflow/.local/lib/python3.7/site-packages/airflow/example_dags/tutorial_etl_dag.py
[2022-02-25 01:15:09,469] {processor.py:642} INFO - Processing file /home/airflow/.local/lib/python3.7/site-packages/airflow/example_dags/tutorial_etl_dag.py for tasks to queue
[2022-02-25 01:15:09,473] {logging_mixin.py:109} INFO - [2022-02-25 01:15:09,472] {dagbag.py:500} INFO - Filling up the DagBag from /home/airflow/.local/lib/python3.7/site-packages/airflow/example_dags/tutorial_etl_dag.py
[2022-02-25 01:15:09,545] {processor.py:654} INFO - DAG(s) dict_keys(['tutorial_etl_dag']) retrieved from /home/airflow/.local/lib/python3.7/site-packages/airflow/example_dags/tutorial_etl_dag.py
[2022-02-25 01:15:09,585] {logging_mixin.py:109} INFO - [2022-02-25 01:15:09,585] {dag.py:2396} INFO - Sync 1 DAGs
[2022-02-25 01:15:09,647] {logging_mixin.py:109} INFO - [2022-02-25 01:15:09,646] {dag.py:2935} INFO - Setting next_dagrun for tutorial_etl_dag to None
[2022-02-25 01:15:09,677] {processor.py:171} INFO - Processing /home/airflow/.local/lib/python3.7/site-packages/airflow/example_dags/tutorial_etl_dag.py took 0.221 seconds
[2022-02-25 01:15:39,811] {processor.py:163} INFO - Started process (PID=5743) to work on /home/airflow/.local/lib/python3.7/site-packages/airflow/example_dags/tutorial_etl_dag.py
[2022-02-25 01:15:39,816] {processor.py:642} INFO - Processing file /home/airflow/.local/lib/python3.7/site-packages/airflow/example_dags/tutorial_etl_dag.py for tasks to queue
[2022-02-25 01:15:39,819] {logging_mixin.py:109} INFO - [2022-02-25 01:15:39,819] {dagbag.py:500} INFO - Filling up the DagBag from /home/airflow/.local/lib/python3.7/site-packages/airflow/example_dags/tutorial_etl_dag.py
[2022-02-25 01:15:39,888] {processor.py:654} INFO - DAG(s) dict_keys(['tutorial_etl_dag']) retrieved from /home/airflow/.local/lib/python3.7/site-packages/airflow/example_dags/tutorial_etl_dag.py
[2022-02-25 01:15:39,928] {logging_mixin.py:109} INFO - [2022-02-25 01:15:39,927] {dag.py:2396} INFO - Sync 1 DAGs
[2022-02-25 01:15:39,989] {logging_mixin.py:109} INFO - [2022-02-25 01:15:39,989] {dag.py:2935} INFO - Setting next_dagrun for tutorial_etl_dag to None
[2022-02-25 01:15:40,019] {processor.py:171} INFO - Processing /home/airflow/.local/lib/python3.7/site-packages/airflow/example_dags/tutorial_etl_dag.py took 0.216 seconds
[2022-02-25 01:16:10,267] {processor.py:163} INFO - Started process (PID=5842) to work on /home/airflow/.local/lib/python3.7/site-packages/airflow/example_dags/tutorial_etl_dag.py
[2022-02-25 01:16:10,274] {processor.py:642} INFO - Processing file /home/airflow/.local/lib/python3.7/site-packages/airflow/example_dags/tutorial_etl_dag.py for tasks to queue
[2022-02-25 01:16:10,278] {logging_mixin.py:109} INFO - [2022-02-25 01:16:10,277] {dagbag.py:500} INFO - Filling up the DagBag from /home/airflow/.local/lib/python3.7/site-packages/airflow/example_dags/tutorial_etl_dag.py
[2022-02-25 01:16:10,351] {processor.py:654} INFO - DAG(s) dict_keys(['tutorial_etl_dag']) retrieved from /home/airflow/.local/lib/python3.7/site-packages/airflow/example_dags/tutorial_etl_dag.py
[2022-02-25 01:16:10,391] {logging_mixin.py:109} INFO - [2022-02-25 01:16:10,390] {dag.py:2396} INFO - Sync 1 DAGs
[2022-02-25 01:16:10,455] {logging_mixin.py:109} INFO - [2022-02-25 01:16:10,454] {dag.py:2935} INFO - Setting next_dagrun for tutorial_etl_dag to None
[2022-02-25 01:16:10,491] {processor.py:171} INFO - Processing /home/airflow/.local/lib/python3.7/site-packages/airflow/example_dags/tutorial_etl_dag.py took 0.230 seconds
[2022-02-25 01:16:40,707] {processor.py:163} INFO - Started process (PID=5939) to work on /home/airflow/.local/lib/python3.7/site-packages/airflow/example_dags/tutorial_etl_dag.py
[2022-02-25 01:16:40,712] {processor.py:642} INFO - Processing file /home/airflow/.local/lib/python3.7/site-packages/airflow/example_dags/tutorial_etl_dag.py for tasks to queue
[2022-02-25 01:16:40,715] {logging_mixin.py:109} INFO - [2022-02-25 01:16:40,715] {dagbag.py:500} INFO - Filling up the DagBag from /home/airflow/.local/lib/python3.7/site-packages/airflow/example_dags/tutorial_etl_dag.py
[2022-02-25 01:16:40,816] {processor.py:654} INFO - DAG(s) dict_keys(['tutorial_etl_dag']) retrieved from /home/airflow/.local/lib/python3.7/site-packages/airflow/example_dags/tutorial_etl_dag.py
[2022-02-25 01:16:40,882] {logging_mixin.py:109} INFO - [2022-02-25 01:16:40,881] {dag.py:2396} INFO - Sync 1 DAGs
[2022-02-25 01:16:41,005] {logging_mixin.py:109} INFO - [2022-02-25 01:16:41,005] {dag.py:2935} INFO - Setting next_dagrun for tutorial_etl_dag to None
[2022-02-25 01:16:41,049] {processor.py:171} INFO - Processing /home/airflow/.local/lib/python3.7/site-packages/airflow/example_dags/tutorial_etl_dag.py took 0.349 seconds
[2022-02-25 01:17:11,100] {processor.py:163} INFO - Started process (PID=6046) to work on /home/airflow/.local/lib/python3.7/site-packages/airflow/example_dags/tutorial_etl_dag.py
[2022-02-25 01:17:11,106] {processor.py:642} INFO - Processing file /home/airflow/.local/lib/python3.7/site-packages/airflow/example_dags/tutorial_etl_dag.py for tasks to queue
[2022-02-25 01:17:11,109] {logging_mixin.py:109} INFO - [2022-02-25 01:17:11,109] {dagbag.py:500} INFO - Filling up the DagBag from /home/airflow/.local/lib/python3.7/site-packages/airflow/example_dags/tutorial_etl_dag.py
[2022-02-25 01:17:11,185] {processor.py:654} INFO - DAG(s) dict_keys(['tutorial_etl_dag']) retrieved from /home/airflow/.local/lib/python3.7/site-packages/airflow/example_dags/tutorial_etl_dag.py
[2022-02-25 01:17:11,227] {logging_mixin.py:109} INFO - [2022-02-25 01:17:11,226] {dag.py:2396} INFO - Sync 1 DAGs
[2022-02-25 01:17:11,293] {logging_mixin.py:109} INFO - [2022-02-25 01:17:11,292] {dag.py:2935} INFO - Setting next_dagrun for tutorial_etl_dag to None
[2022-02-25 01:17:11,324] {processor.py:171} INFO - Processing /home/airflow/.local/lib/python3.7/site-packages/airflow/example_dags/tutorial_etl_dag.py took 0.232 seconds
[2022-02-25 01:17:41,470] {processor.py:163} INFO - Started process (PID=6135) to work on /home/airflow/.local/lib/python3.7/site-packages/airflow/example_dags/tutorial_etl_dag.py
[2022-02-25 01:17:41,476] {processor.py:642} INFO - Processing file /home/airflow/.local/lib/python3.7/site-packages/airflow/example_dags/tutorial_etl_dag.py for tasks to queue
[2022-02-25 01:17:41,481] {logging_mixin.py:109} INFO - [2022-02-25 01:17:41,480] {dagbag.py:500} INFO - Filling up the DagBag from /home/airflow/.local/lib/python3.7/site-packages/airflow/example_dags/tutorial_etl_dag.py
[2022-02-25 01:17:41,562] {processor.py:654} INFO - DAG(s) dict_keys(['tutorial_etl_dag']) retrieved from /home/airflow/.local/lib/python3.7/site-packages/airflow/example_dags/tutorial_etl_dag.py
[2022-02-25 01:17:41,608] {logging_mixin.py:109} INFO - [2022-02-25 01:17:41,608] {dag.py:2396} INFO - Sync 1 DAGs
[2022-02-25 01:17:41,681] {logging_mixin.py:109} INFO - [2022-02-25 01:17:41,680] {dag.py:2935} INFO - Setting next_dagrun for tutorial_etl_dag to None
[2022-02-25 01:17:41,714] {processor.py:171} INFO - Processing /home/airflow/.local/lib/python3.7/site-packages/airflow/example_dags/tutorial_etl_dag.py took 0.252 seconds
[2022-02-25 01:18:12,282] {processor.py:163} INFO - Started process (PID=6241) to work on /home/airflow/.local/lib/python3.7/site-packages/airflow/example_dags/tutorial_etl_dag.py
[2022-02-25 01:18:12,290] {processor.py:642} INFO - Processing file /home/airflow/.local/lib/python3.7/site-packages/airflow/example_dags/tutorial_etl_dag.py for tasks to queue
[2022-02-25 01:18:12,293] {logging_mixin.py:109} INFO - [2022-02-25 01:18:12,293] {dagbag.py:500} INFO - Filling up the DagBag from /home/airflow/.local/lib/python3.7/site-packages/airflow/example_dags/tutorial_etl_dag.py
[2022-02-25 01:18:12,364] {processor.py:654} INFO - DAG(s) dict_keys(['tutorial_etl_dag']) retrieved from /home/airflow/.local/lib/python3.7/site-packages/airflow/example_dags/tutorial_etl_dag.py
[2022-02-25 01:18:12,403] {logging_mixin.py:109} INFO - [2022-02-25 01:18:12,402] {dag.py:2396} INFO - Sync 1 DAGs
[2022-02-25 01:18:12,464] {logging_mixin.py:109} INFO - [2022-02-25 01:18:12,464] {dag.py:2935} INFO - Setting next_dagrun for tutorial_etl_dag to None
[2022-02-25 01:18:12,500] {processor.py:171} INFO - Processing /home/airflow/.local/lib/python3.7/site-packages/airflow/example_dags/tutorial_etl_dag.py took 0.226 seconds
[2022-02-25 01:18:43,224] {processor.py:163} INFO - Started process (PID=6328) to work on /home/airflow/.local/lib/python3.7/site-packages/airflow/example_dags/tutorial_etl_dag.py
[2022-02-25 01:18:43,229] {processor.py:642} INFO - Processing file /home/airflow/.local/lib/python3.7/site-packages/airflow/example_dags/tutorial_etl_dag.py for tasks to queue
[2022-02-25 01:18:43,232] {logging_mixin.py:109} INFO - [2022-02-25 01:18:43,232] {dagbag.py:500} INFO - Filling up the DagBag from /home/airflow/.local/lib/python3.7/site-packages/airflow/example_dags/tutorial_etl_dag.py
[2022-02-25 01:18:43,308] {processor.py:654} INFO - DAG(s) dict_keys(['tutorial_etl_dag']) retrieved from /home/airflow/.local/lib/python3.7/site-packages/airflow/example_dags/tutorial_etl_dag.py
[2022-02-25 01:18:43,350] {logging_mixin.py:109} INFO - [2022-02-25 01:18:43,349] {dag.py:2396} INFO - Sync 1 DAGs
[2022-02-25 01:18:43,414] {logging_mixin.py:109} INFO - [2022-02-25 01:18:43,414] {dag.py:2935} INFO - Setting next_dagrun for tutorial_etl_dag to None
[2022-02-25 01:18:43,447] {processor.py:171} INFO - Processing /home/airflow/.local/lib/python3.7/site-packages/airflow/example_dags/tutorial_etl_dag.py took 0.231 seconds
[2022-02-25 01:19:13,845] {processor.py:163} INFO - Started process (PID=6434) to work on /home/airflow/.local/lib/python3.7/site-packages/airflow/example_dags/tutorial_etl_dag.py
[2022-02-25 01:19:13,851] {processor.py:642} INFO - Processing file /home/airflow/.local/lib/python3.7/site-packages/airflow/example_dags/tutorial_etl_dag.py for tasks to queue
[2022-02-25 01:19:13,855] {logging_mixin.py:109} INFO - [2022-02-25 01:19:13,855] {dagbag.py:500} INFO - Filling up the DagBag from /home/airflow/.local/lib/python3.7/site-packages/airflow/example_dags/tutorial_etl_dag.py
[2022-02-25 01:19:13,935] {processor.py:654} INFO - DAG(s) dict_keys(['tutorial_etl_dag']) retrieved from /home/airflow/.local/lib/python3.7/site-packages/airflow/example_dags/tutorial_etl_dag.py
[2022-02-25 01:19:13,979] {logging_mixin.py:109} INFO - [2022-02-25 01:19:13,978] {dag.py:2396} INFO - Sync 1 DAGs
[2022-02-25 01:19:14,047] {logging_mixin.py:109} INFO - [2022-02-25 01:19:14,047] {dag.py:2935} INFO - Setting next_dagrun for tutorial_etl_dag to None
[2022-02-25 01:19:14,079] {processor.py:171} INFO - Processing /home/airflow/.local/lib/python3.7/site-packages/airflow/example_dags/tutorial_etl_dag.py took 0.244 seconds
[2022-02-25 01:19:45,099] {processor.py:163} INFO - Started process (PID=6521) to work on /home/airflow/.local/lib/python3.7/site-packages/airflow/example_dags/tutorial_etl_dag.py
[2022-02-25 01:19:45,104] {processor.py:642} INFO - Processing file /home/airflow/.local/lib/python3.7/site-packages/airflow/example_dags/tutorial_etl_dag.py for tasks to queue
[2022-02-25 01:19:45,111] {logging_mixin.py:109} INFO - [2022-02-25 01:19:45,111] {dagbag.py:500} INFO - Filling up the DagBag from /home/airflow/.local/lib/python3.7/site-packages/airflow/example_dags/tutorial_etl_dag.py
[2022-02-25 01:19:45,199] {processor.py:654} INFO - DAG(s) dict_keys(['tutorial_etl_dag']) retrieved from /home/airflow/.local/lib/python3.7/site-packages/airflow/example_dags/tutorial_etl_dag.py
[2022-02-25 01:19:45,253] {logging_mixin.py:109} INFO - [2022-02-25 01:19:45,252] {dag.py:2396} INFO - Sync 1 DAGs
[2022-02-25 01:19:45,328] {logging_mixin.py:109} INFO - [2022-02-25 01:19:45,327] {dag.py:2935} INFO - Setting next_dagrun for tutorial_etl_dag to None
[2022-02-25 01:19:45,365] {processor.py:171} INFO - Processing /home/airflow/.local/lib/python3.7/site-packages/airflow/example_dags/tutorial_etl_dag.py took 0.275 seconds
[2022-02-25 01:20:15,721] {processor.py:163} INFO - Started process (PID=6628) to work on /home/airflow/.local/lib/python3.7/site-packages/airflow/example_dags/tutorial_etl_dag.py
[2022-02-25 01:20:15,732] {processor.py:642} INFO - Processing file /home/airflow/.local/lib/python3.7/site-packages/airflow/example_dags/tutorial_etl_dag.py for tasks to queue
[2022-02-25 01:20:15,737] {logging_mixin.py:109} INFO - [2022-02-25 01:20:15,737] {dagbag.py:500} INFO - Filling up the DagBag from /home/airflow/.local/lib/python3.7/site-packages/airflow/example_dags/tutorial_etl_dag.py
[2022-02-25 01:20:15,847] {processor.py:654} INFO - DAG(s) dict_keys(['tutorial_etl_dag']) retrieved from /home/airflow/.local/lib/python3.7/site-packages/airflow/example_dags/tutorial_etl_dag.py
[2022-02-25 01:20:15,892] {logging_mixin.py:109} INFO - [2022-02-25 01:20:15,891] {dag.py:2396} INFO - Sync 1 DAGs
[2022-02-25 01:20:15,957] {logging_mixin.py:109} INFO - [2022-02-25 01:20:15,956] {dag.py:2935} INFO - Setting next_dagrun for tutorial_etl_dag to None
[2022-02-25 01:20:15,989] {processor.py:171} INFO - Processing /home/airflow/.local/lib/python3.7/site-packages/airflow/example_dags/tutorial_etl_dag.py took 0.278 seconds
[2022-02-25 01:20:46,186] {processor.py:163} INFO - Started process (PID=6718) to work on /home/airflow/.local/lib/python3.7/site-packages/airflow/example_dags/tutorial_etl_dag.py
[2022-02-25 01:20:46,193] {processor.py:642} INFO - Processing file /home/airflow/.local/lib/python3.7/site-packages/airflow/example_dags/tutorial_etl_dag.py for tasks to queue
[2022-02-25 01:20:46,197] {logging_mixin.py:109} INFO - [2022-02-25 01:20:46,196] {dagbag.py:500} INFO - Filling up the DagBag from /home/airflow/.local/lib/python3.7/site-packages/airflow/example_dags/tutorial_etl_dag.py
[2022-02-25 01:20:46,296] {processor.py:654} INFO - DAG(s) dict_keys(['tutorial_etl_dag']) retrieved from /home/airflow/.local/lib/python3.7/site-packages/airflow/example_dags/tutorial_etl_dag.py
[2022-02-25 01:20:46,352] {logging_mixin.py:109} INFO - [2022-02-25 01:20:46,351] {dag.py:2396} INFO - Sync 1 DAGs
[2022-02-25 01:20:46,422] {logging_mixin.py:109} INFO - [2022-02-25 01:20:46,421] {dag.py:2935} INFO - Setting next_dagrun for tutorial_etl_dag to None
[2022-02-25 01:20:46,456] {processor.py:171} INFO - Processing /home/airflow/.local/lib/python3.7/site-packages/airflow/example_dags/tutorial_etl_dag.py took 0.278 seconds
[2022-02-25 01:21:16,622] {processor.py:163} INFO - Started process (PID=6823) to work on /home/airflow/.local/lib/python3.7/site-packages/airflow/example_dags/tutorial_etl_dag.py
[2022-02-25 01:21:16,634] {processor.py:642} INFO - Processing file /home/airflow/.local/lib/python3.7/site-packages/airflow/example_dags/tutorial_etl_dag.py for tasks to queue
[2022-02-25 01:21:16,649] {logging_mixin.py:109} INFO - [2022-02-25 01:21:16,648] {dagbag.py:500} INFO - Filling up the DagBag from /home/airflow/.local/lib/python3.7/site-packages/airflow/example_dags/tutorial_etl_dag.py
[2022-02-25 01:21:16,744] {processor.py:654} INFO - DAG(s) dict_keys(['tutorial_etl_dag']) retrieved from /home/airflow/.local/lib/python3.7/site-packages/airflow/example_dags/tutorial_etl_dag.py
[2022-02-25 01:21:16,791] {logging_mixin.py:109} INFO - [2022-02-25 01:21:16,790] {dag.py:2396} INFO - Sync 1 DAGs
[2022-02-25 01:21:16,871] {logging_mixin.py:109} INFO - [2022-02-25 01:21:16,870] {dag.py:2935} INFO - Setting next_dagrun for tutorial_etl_dag to None
[2022-02-25 01:21:16,906] {processor.py:171} INFO - Processing /home/airflow/.local/lib/python3.7/site-packages/airflow/example_dags/tutorial_etl_dag.py took 0.295 seconds
