[2022-02-24 20:00:54,775] {taskinstance.py:1032} INFO - Dependencies all met for <TaskInstance: Project_Mapping.get_reddit_data scheduled__2022-02-24T06:00:00+00:00 [queued]>
[2022-02-24 20:00:55,114] {taskinstance.py:1032} INFO - Dependencies all met for <TaskInstance: Project_Mapping.get_reddit_data scheduled__2022-02-24T06:00:00+00:00 [queued]>
[2022-02-24 20:00:55,122] {taskinstance.py:1238} INFO - 
--------------------------------------------------------------------------------
[2022-02-24 20:00:55,126] {taskinstance.py:1239} INFO - Starting attempt 1 of 1
[2022-02-24 20:00:55,127] {taskinstance.py:1240} INFO - 
--------------------------------------------------------------------------------
[2022-02-24 20:00:55,388] {taskinstance.py:1259} INFO - Executing <Task(_PythonDecoratedOperator): get_reddit_data> on 2022-02-24 06:00:00+00:00
[2022-02-24 20:00:55,418] {standard_task_runner.py:52} INFO - Started process 602 to run task
[2022-02-24 20:00:55,477] {standard_task_runner.py:76} INFO - Running: ['***', 'tasks', 'run', 'Project_Mapping', 'get_reddit_data', 'scheduled__2022-02-24T06:00:00+00:00', '--job-id', '40', '--raw', '--subdir', 'DAGS_FOLDER/mydag.py', '--cfg-path', '/tmp/tmpu6u26w56', '--error-file', '/tmp/tmps0rr2a6e']
[2022-02-24 20:00:55,482] {standard_task_runner.py:77} INFO - Job 40: Subtask get_reddit_data
[2022-02-24 20:00:56,206] {logging_mixin.py:109} INFO - Running <TaskInstance: Project_Mapping.get_reddit_data scheduled__2022-02-24T06:00:00+00:00 [running]> on host 717d92cd82bb
[2022-02-24 20:00:56,636] {taskinstance.py:1426} INFO - Exporting the following env vars:
AIRFLOW_CTX_DAG_OWNER=***
AIRFLOW_CTX_DAG_ID=Project_Mapping
AIRFLOW_CTX_TASK_ID=get_reddit_data
AIRFLOW_CTX_EXECUTION_DATE=2022-02-24T06:00:00+00:00
AIRFLOW_CTX_DAG_RUN_ID=scheduled__2022-02-24T06:00:00+00:00
[2022-02-24 20:24:09,231] {logging_mixin.py:109} INFO - Negative
[2022-02-24 20:58:50,255] {local_task_job.py:154} INFO - Task exited with return code Negsignal.SIGKILL
[2022-02-24 20:59:19,623] {taskinstance.py:1277} INFO - Marking task as FAILED. dag_id=Project_Mapping, task_id=get_reddit_data, execution_date=20220224T060000, start_date=20220224T200054, end_date=20220224T205916
[2022-02-24 21:04:09,435] {dagrun.py:628} WARNING - Failed to get task '<TaskInstance: Project_Mapping.loading_data scheduled__2022-02-24T06:00:00+00:00 [None]>' for dag 'Project_Mapping'. Marking it as removed.
[2022-02-24 21:04:27,803] {local_task_job.py:264} INFO - 0 downstream tasks scheduled from follow-on schedule check
