[2022-02-20 23:44:47,325] {taskinstance.py:1032} INFO - Dependencies all met for <TaskInstance: tutorial.print_date scheduled__2022-02-19T23:44:26.343144+00:00 [queued]>
[2022-02-20 23:44:47,378] {taskinstance.py:1032} INFO - Dependencies all met for <TaskInstance: tutorial.print_date scheduled__2022-02-19T23:44:26.343144+00:00 [queued]>
[2022-02-20 23:44:47,380] {taskinstance.py:1238} INFO - 
--------------------------------------------------------------------------------
[2022-02-20 23:44:47,382] {taskinstance.py:1239} INFO - Starting attempt 1 of 2
[2022-02-20 23:44:47,383] {taskinstance.py:1240} INFO - 
--------------------------------------------------------------------------------
[2022-02-20 23:44:47,437] {taskinstance.py:1259} INFO - Executing <Task(BashOperator): print_date> on 2022-02-19 23:44:26.343144+00:00
[2022-02-20 23:44:47,445] {standard_task_runner.py:52} INFO - Started process 1795 to run task
[2022-02-20 23:44:47,454] {standard_task_runner.py:76} INFO - Running: ['***', 'tasks', 'run', 'tutorial', 'print_date', 'scheduled__2022-02-19T23:44:26.343144+00:00', '--job-id', '3', '--raw', '--subdir', '/home/***/.local/lib/python3.7/site-packages/***/example_dags/tutorial.py', '--cfg-path', '/tmp/tmp5ihm0ugy', '--error-file', '/tmp/tmpz10cyf5_']
[2022-02-20 23:44:47,457] {standard_task_runner.py:77} INFO - Job 3: Subtask print_date
[2022-02-20 23:44:47,629] {logging_mixin.py:109} INFO - Running <TaskInstance: tutorial.print_date scheduled__2022-02-19T23:44:26.343144+00:00 [running]> on host da09adaafd13
[2022-02-20 23:44:47,833] {taskinstance.py:1426} INFO - Exporting the following env vars:
AIRFLOW_CTX_DAG_EMAIL=***@example.com
AIRFLOW_CTX_DAG_OWNER=***
AIRFLOW_CTX_DAG_ID=tutorial
AIRFLOW_CTX_TASK_ID=print_date
AIRFLOW_CTX_EXECUTION_DATE=2022-02-19T23:44:26.343144+00:00
AIRFLOW_CTX_DAG_RUN_ID=scheduled__2022-02-19T23:44:26.343144+00:00
[2022-02-20 23:44:47,838] {subprocess.py:62} INFO - Tmp dir root location: 
 /tmp
[2022-02-20 23:44:47,841] {subprocess.py:74} INFO - Running command: ['bash', '-c', 'date']
[2022-02-20 23:44:47,869] {subprocess.py:85} INFO - Output:
[2022-02-20 23:44:47,967] {subprocess.py:89} INFO - Sun Feb 20 23:44:47 UTC 2022
[2022-02-20 23:44:47,972] {subprocess.py:93} INFO - Command exited with return code 0
[2022-02-20 23:44:48,105] {taskinstance.py:1277} INFO - Marking task as SUCCESS. dag_id=tutorial, task_id=print_date, execution_date=20220219T234426, start_date=20220220T234447, end_date=20220220T234448
[2022-02-20 23:44:48,239] {local_task_job.py:154} INFO - Task exited with return code 0
[2022-02-20 23:44:48,385] {local_task_job.py:264} INFO - 2 downstream tasks scheduled from follow-on schedule check
