[2022-02-22 00:00:29,346] {processor.py:163} INFO - Started process (PID=6535) to work on /home/airflow/.local/lib/python3.7/site-packages/airflow/example_dags/example_kubernetes_executor.py
[2022-02-22 00:00:29,351] {processor.py:642} INFO - Processing file /home/airflow/.local/lib/python3.7/site-packages/airflow/example_dags/example_kubernetes_executor.py for tasks to queue
[2022-02-22 00:00:29,354] {logging_mixin.py:109} INFO - [2022-02-22 00:00:29,354] {dagbag.py:500} INFO - Filling up the DagBag from /home/airflow/.local/lib/python3.7/site-packages/airflow/example_dags/example_kubernetes_executor.py
[2022-02-22 00:00:29,467] {processor.py:654} INFO - DAG(s) dict_keys(['example_kubernetes_executor']) retrieved from /home/airflow/.local/lib/python3.7/site-packages/airflow/example_dags/example_kubernetes_executor.py
[2022-02-22 00:00:29,524] {logging_mixin.py:109} INFO - [2022-02-22 00:00:29,523] {dag.py:2396} INFO - Sync 1 DAGs
[2022-02-22 00:00:29,591] {logging_mixin.py:109} INFO - [2022-02-22 00:00:29,591] {dag.py:2935} INFO - Setting next_dagrun for example_kubernetes_executor to None
[2022-02-22 00:00:29,629] {processor.py:171} INFO - Processing /home/airflow/.local/lib/python3.7/site-packages/airflow/example_dags/example_kubernetes_executor.py took 0.292 seconds
[2022-02-22 00:00:59,959] {processor.py:163} INFO - Started process (PID=6620) to work on /home/airflow/.local/lib/python3.7/site-packages/airflow/example_dags/example_kubernetes_executor.py
[2022-02-22 00:00:59,964] {processor.py:642} INFO - Processing file /home/airflow/.local/lib/python3.7/site-packages/airflow/example_dags/example_kubernetes_executor.py for tasks to queue
[2022-02-22 00:00:59,967] {logging_mixin.py:109} INFO - [2022-02-22 00:00:59,967] {dagbag.py:500} INFO - Filling up the DagBag from /home/airflow/.local/lib/python3.7/site-packages/airflow/example_dags/example_kubernetes_executor.py
[2022-02-22 00:01:00,060] {processor.py:654} INFO - DAG(s) dict_keys(['example_kubernetes_executor']) retrieved from /home/airflow/.local/lib/python3.7/site-packages/airflow/example_dags/example_kubernetes_executor.py
[2022-02-22 00:01:00,109] {logging_mixin.py:109} INFO - [2022-02-22 00:01:00,108] {dag.py:2396} INFO - Sync 1 DAGs
[2022-02-22 00:01:00,164] {logging_mixin.py:109} INFO - [2022-02-22 00:01:00,163] {dag.py:2935} INFO - Setting next_dagrun for example_kubernetes_executor to None
[2022-02-22 00:01:00,193] {processor.py:171} INFO - Processing /home/airflow/.local/lib/python3.7/site-packages/airflow/example_dags/example_kubernetes_executor.py took 0.240 seconds
[2022-02-22 00:01:30,794] {processor.py:163} INFO - Started process (PID=6724) to work on /home/airflow/.local/lib/python3.7/site-packages/airflow/example_dags/example_kubernetes_executor.py
[2022-02-22 00:01:30,798] {processor.py:642} INFO - Processing file /home/airflow/.local/lib/python3.7/site-packages/airflow/example_dags/example_kubernetes_executor.py for tasks to queue
[2022-02-22 00:01:30,802] {logging_mixin.py:109} INFO - [2022-02-22 00:01:30,801] {dagbag.py:500} INFO - Filling up the DagBag from /home/airflow/.local/lib/python3.7/site-packages/airflow/example_dags/example_kubernetes_executor.py
[2022-02-22 00:01:30,907] {processor.py:654} INFO - DAG(s) dict_keys(['example_kubernetes_executor']) retrieved from /home/airflow/.local/lib/python3.7/site-packages/airflow/example_dags/example_kubernetes_executor.py
[2022-02-22 00:01:30,961] {logging_mixin.py:109} INFO - [2022-02-22 00:01:30,960] {dag.py:2396} INFO - Sync 1 DAGs
[2022-02-22 00:01:31,031] {logging_mixin.py:109} INFO - [2022-02-22 00:01:31,031] {dag.py:2935} INFO - Setting next_dagrun for example_kubernetes_executor to None
[2022-02-22 00:01:31,059] {processor.py:171} INFO - Processing /home/airflow/.local/lib/python3.7/site-packages/airflow/example_dags/example_kubernetes_executor.py took 0.272 seconds
[2022-02-22 00:02:01,178] {processor.py:163} INFO - Started process (PID=6811) to work on /home/airflow/.local/lib/python3.7/site-packages/airflow/example_dags/example_kubernetes_executor.py
[2022-02-22 00:02:01,181] {processor.py:642} INFO - Processing file /home/airflow/.local/lib/python3.7/site-packages/airflow/example_dags/example_kubernetes_executor.py for tasks to queue
[2022-02-22 00:02:01,186] {logging_mixin.py:109} INFO - [2022-02-22 00:02:01,185] {dagbag.py:500} INFO - Filling up the DagBag from /home/airflow/.local/lib/python3.7/site-packages/airflow/example_dags/example_kubernetes_executor.py
[2022-02-22 00:02:01,279] {processor.py:654} INFO - DAG(s) dict_keys(['example_kubernetes_executor']) retrieved from /home/airflow/.local/lib/python3.7/site-packages/airflow/example_dags/example_kubernetes_executor.py
[2022-02-22 00:02:01,326] {logging_mixin.py:109} INFO - [2022-02-22 00:02:01,326] {dag.py:2396} INFO - Sync 1 DAGs
[2022-02-22 00:02:01,382] {logging_mixin.py:109} INFO - [2022-02-22 00:02:01,381] {dag.py:2935} INFO - Setting next_dagrun for example_kubernetes_executor to None
[2022-02-22 00:02:01,412] {processor.py:171} INFO - Processing /home/airflow/.local/lib/python3.7/site-packages/airflow/example_dags/example_kubernetes_executor.py took 0.240 seconds
[2022-02-22 00:02:32,165] {processor.py:163} INFO - Started process (PID=6914) to work on /home/airflow/.local/lib/python3.7/site-packages/airflow/example_dags/example_kubernetes_executor.py
[2022-02-22 00:02:32,169] {processor.py:642} INFO - Processing file /home/airflow/.local/lib/python3.7/site-packages/airflow/example_dags/example_kubernetes_executor.py for tasks to queue
[2022-02-22 00:02:32,173] {logging_mixin.py:109} INFO - [2022-02-22 00:02:32,172] {dagbag.py:500} INFO - Filling up the DagBag from /home/airflow/.local/lib/python3.7/site-packages/airflow/example_dags/example_kubernetes_executor.py
[2022-02-22 00:02:32,278] {processor.py:654} INFO - DAG(s) dict_keys(['example_kubernetes_executor']) retrieved from /home/airflow/.local/lib/python3.7/site-packages/airflow/example_dags/example_kubernetes_executor.py
[2022-02-22 00:02:32,333] {logging_mixin.py:109} INFO - [2022-02-22 00:02:32,333] {dag.py:2396} INFO - Sync 1 DAGs
[2022-02-22 00:02:32,397] {logging_mixin.py:109} INFO - [2022-02-22 00:02:32,397] {dag.py:2935} INFO - Setting next_dagrun for example_kubernetes_executor to None
[2022-02-22 00:02:32,430] {processor.py:171} INFO - Processing /home/airflow/.local/lib/python3.7/site-packages/airflow/example_dags/example_kubernetes_executor.py took 0.272 seconds
[2022-02-22 00:03:03,321] {processor.py:163} INFO - Started process (PID=7012) to work on /home/airflow/.local/lib/python3.7/site-packages/airflow/example_dags/example_kubernetes_executor.py
[2022-02-22 00:03:03,327] {processor.py:642} INFO - Processing file /home/airflow/.local/lib/python3.7/site-packages/airflow/example_dags/example_kubernetes_executor.py for tasks to queue
[2022-02-22 00:03:03,330] {logging_mixin.py:109} INFO - [2022-02-22 00:03:03,330] {dagbag.py:500} INFO - Filling up the DagBag from /home/airflow/.local/lib/python3.7/site-packages/airflow/example_dags/example_kubernetes_executor.py
[2022-02-22 00:03:03,472] {processor.py:654} INFO - DAG(s) dict_keys(['example_kubernetes_executor']) retrieved from /home/airflow/.local/lib/python3.7/site-packages/airflow/example_dags/example_kubernetes_executor.py
[2022-02-22 00:03:03,529] {logging_mixin.py:109} INFO - [2022-02-22 00:03:03,529] {dag.py:2396} INFO - Sync 1 DAGs
[2022-02-22 00:03:03,597] {logging_mixin.py:109} INFO - [2022-02-22 00:03:03,597] {dag.py:2935} INFO - Setting next_dagrun for example_kubernetes_executor to None
[2022-02-22 00:03:03,632] {processor.py:171} INFO - Processing /home/airflow/.local/lib/python3.7/site-packages/airflow/example_dags/example_kubernetes_executor.py took 0.320 seconds
[2022-02-22 00:03:33,915] {processor.py:163} INFO - Started process (PID=7105) to work on /home/airflow/.local/lib/python3.7/site-packages/airflow/example_dags/example_kubernetes_executor.py
[2022-02-22 00:03:33,922] {processor.py:642} INFO - Processing file /home/airflow/.local/lib/python3.7/site-packages/airflow/example_dags/example_kubernetes_executor.py for tasks to queue
[2022-02-22 00:03:33,926] {logging_mixin.py:109} INFO - [2022-02-22 00:03:33,925] {dagbag.py:500} INFO - Filling up the DagBag from /home/airflow/.local/lib/python3.7/site-packages/airflow/example_dags/example_kubernetes_executor.py
[2022-02-22 00:03:34,044] {processor.py:654} INFO - DAG(s) dict_keys(['example_kubernetes_executor']) retrieved from /home/airflow/.local/lib/python3.7/site-packages/airflow/example_dags/example_kubernetes_executor.py
[2022-02-22 00:03:34,105] {logging_mixin.py:109} INFO - [2022-02-22 00:03:34,104] {dag.py:2396} INFO - Sync 1 DAGs
[2022-02-22 00:03:34,176] {logging_mixin.py:109} INFO - [2022-02-22 00:03:34,176] {dag.py:2935} INFO - Setting next_dagrun for example_kubernetes_executor to None
[2022-02-22 00:03:34,209] {processor.py:171} INFO - Processing /home/airflow/.local/lib/python3.7/site-packages/airflow/example_dags/example_kubernetes_executor.py took 0.302 seconds
[2022-02-22 00:04:04,400] {processor.py:163} INFO - Started process (PID=7208) to work on /home/airflow/.local/lib/python3.7/site-packages/airflow/example_dags/example_kubernetes_executor.py
[2022-02-22 00:04:04,405] {processor.py:642} INFO - Processing file /home/airflow/.local/lib/python3.7/site-packages/airflow/example_dags/example_kubernetes_executor.py for tasks to queue
[2022-02-22 00:04:04,409] {logging_mixin.py:109} INFO - [2022-02-22 00:04:04,409] {dagbag.py:500} INFO - Filling up the DagBag from /home/airflow/.local/lib/python3.7/site-packages/airflow/example_dags/example_kubernetes_executor.py
[2022-02-22 00:04:04,521] {processor.py:654} INFO - DAG(s) dict_keys(['example_kubernetes_executor']) retrieved from /home/airflow/.local/lib/python3.7/site-packages/airflow/example_dags/example_kubernetes_executor.py
[2022-02-22 00:04:04,578] {logging_mixin.py:109} INFO - [2022-02-22 00:04:04,578] {dag.py:2396} INFO - Sync 1 DAGs
[2022-02-22 00:04:04,645] {logging_mixin.py:109} INFO - [2022-02-22 00:04:04,645] {dag.py:2935} INFO - Setting next_dagrun for example_kubernetes_executor to None
[2022-02-22 00:04:04,683] {processor.py:171} INFO - Processing /home/airflow/.local/lib/python3.7/site-packages/airflow/example_dags/example_kubernetes_executor.py took 0.291 seconds
[2022-02-22 00:04:35,449] {processor.py:163} INFO - Started process (PID=7294) to work on /home/airflow/.local/lib/python3.7/site-packages/airflow/example_dags/example_kubernetes_executor.py
[2022-02-22 00:04:35,454] {processor.py:642} INFO - Processing file /home/airflow/.local/lib/python3.7/site-packages/airflow/example_dags/example_kubernetes_executor.py for tasks to queue
[2022-02-22 00:04:35,457] {logging_mixin.py:109} INFO - [2022-02-22 00:04:35,457] {dagbag.py:500} INFO - Filling up the DagBag from /home/airflow/.local/lib/python3.7/site-packages/airflow/example_dags/example_kubernetes_executor.py
[2022-02-22 00:04:35,560] {processor.py:654} INFO - DAG(s) dict_keys(['example_kubernetes_executor']) retrieved from /home/airflow/.local/lib/python3.7/site-packages/airflow/example_dags/example_kubernetes_executor.py
[2022-02-22 00:04:35,612] {logging_mixin.py:109} INFO - [2022-02-22 00:04:35,611] {dag.py:2396} INFO - Sync 1 DAGs
[2022-02-22 00:04:35,676] {logging_mixin.py:109} INFO - [2022-02-22 00:04:35,675] {dag.py:2935} INFO - Setting next_dagrun for example_kubernetes_executor to None
[2022-02-22 00:04:35,706] {processor.py:171} INFO - Processing /home/airflow/.local/lib/python3.7/site-packages/airflow/example_dags/example_kubernetes_executor.py took 0.264 seconds
[2022-02-22 00:05:06,143] {processor.py:163} INFO - Started process (PID=7398) to work on /home/airflow/.local/lib/python3.7/site-packages/airflow/example_dags/example_kubernetes_executor.py
[2022-02-22 00:05:06,148] {processor.py:642} INFO - Processing file /home/airflow/.local/lib/python3.7/site-packages/airflow/example_dags/example_kubernetes_executor.py for tasks to queue
[2022-02-22 00:05:06,151] {logging_mixin.py:109} INFO - [2022-02-22 00:05:06,151] {dagbag.py:500} INFO - Filling up the DagBag from /home/airflow/.local/lib/python3.7/site-packages/airflow/example_dags/example_kubernetes_executor.py
[2022-02-22 00:05:06,250] {processor.py:654} INFO - DAG(s) dict_keys(['example_kubernetes_executor']) retrieved from /home/airflow/.local/lib/python3.7/site-packages/airflow/example_dags/example_kubernetes_executor.py
[2022-02-22 00:05:06,301] {logging_mixin.py:109} INFO - [2022-02-22 00:05:06,300] {dag.py:2396} INFO - Sync 1 DAGs
[2022-02-22 00:05:06,361] {logging_mixin.py:109} INFO - [2022-02-22 00:05:06,361] {dag.py:2935} INFO - Setting next_dagrun for example_kubernetes_executor to None
[2022-02-22 00:05:06,391] {processor.py:171} INFO - Processing /home/airflow/.local/lib/python3.7/site-packages/airflow/example_dags/example_kubernetes_executor.py took 0.256 seconds
[2022-02-22 00:05:36,693] {processor.py:163} INFO - Started process (PID=7485) to work on /home/airflow/.local/lib/python3.7/site-packages/airflow/example_dags/example_kubernetes_executor.py
[2022-02-22 00:05:36,697] {processor.py:642} INFO - Processing file /home/airflow/.local/lib/python3.7/site-packages/airflow/example_dags/example_kubernetes_executor.py for tasks to queue
[2022-02-22 00:05:36,700] {logging_mixin.py:109} INFO - [2022-02-22 00:05:36,700] {dagbag.py:500} INFO - Filling up the DagBag from /home/airflow/.local/lib/python3.7/site-packages/airflow/example_dags/example_kubernetes_executor.py
[2022-02-22 00:05:36,801] {processor.py:654} INFO - DAG(s) dict_keys(['example_kubernetes_executor']) retrieved from /home/airflow/.local/lib/python3.7/site-packages/airflow/example_dags/example_kubernetes_executor.py
[2022-02-22 00:05:36,850] {logging_mixin.py:109} INFO - [2022-02-22 00:05:36,850] {dag.py:2396} INFO - Sync 1 DAGs
[2022-02-22 00:05:36,908] {logging_mixin.py:109} INFO - [2022-02-22 00:05:36,908] {dag.py:2935} INFO - Setting next_dagrun for example_kubernetes_executor to None
[2022-02-22 00:05:36,936] {processor.py:171} INFO - Processing /home/airflow/.local/lib/python3.7/site-packages/airflow/example_dags/example_kubernetes_executor.py took 0.251 seconds
[2022-02-22 00:06:07,325] {processor.py:163} INFO - Started process (PID=7587) to work on /home/airflow/.local/lib/python3.7/site-packages/airflow/example_dags/example_kubernetes_executor.py
[2022-02-22 00:06:07,331] {processor.py:642} INFO - Processing file /home/airflow/.local/lib/python3.7/site-packages/airflow/example_dags/example_kubernetes_executor.py for tasks to queue
[2022-02-22 00:06:07,334] {logging_mixin.py:109} INFO - [2022-02-22 00:06:07,333] {dagbag.py:500} INFO - Filling up the DagBag from /home/airflow/.local/lib/python3.7/site-packages/airflow/example_dags/example_kubernetes_executor.py
[2022-02-22 00:06:07,441] {processor.py:654} INFO - DAG(s) dict_keys(['example_kubernetes_executor']) retrieved from /home/airflow/.local/lib/python3.7/site-packages/airflow/example_dags/example_kubernetes_executor.py
[2022-02-22 00:06:07,502] {logging_mixin.py:109} INFO - [2022-02-22 00:06:07,502] {dag.py:2396} INFO - Sync 1 DAGs
[2022-02-22 00:06:07,579] {logging_mixin.py:109} INFO - [2022-02-22 00:06:07,578] {dag.py:2935} INFO - Setting next_dagrun for example_kubernetes_executor to None
[2022-02-22 00:06:07,609] {processor.py:171} INFO - Processing /home/airflow/.local/lib/python3.7/site-packages/airflow/example_dags/example_kubernetes_executor.py took 0.293 seconds
[2022-02-22 00:06:37,762] {processor.py:163} INFO - Started process (PID=7674) to work on /home/airflow/.local/lib/python3.7/site-packages/airflow/example_dags/example_kubernetes_executor.py
[2022-02-22 00:06:37,767] {processor.py:642} INFO - Processing file /home/airflow/.local/lib/python3.7/site-packages/airflow/example_dags/example_kubernetes_executor.py for tasks to queue
[2022-02-22 00:06:37,770] {logging_mixin.py:109} INFO - [2022-02-22 00:06:37,770] {dagbag.py:500} INFO - Filling up the DagBag from /home/airflow/.local/lib/python3.7/site-packages/airflow/example_dags/example_kubernetes_executor.py
[2022-02-22 00:06:37,854] {processor.py:654} INFO - DAG(s) dict_keys(['example_kubernetes_executor']) retrieved from /home/airflow/.local/lib/python3.7/site-packages/airflow/example_dags/example_kubernetes_executor.py
[2022-02-22 00:06:37,896] {logging_mixin.py:109} INFO - [2022-02-22 00:06:37,896] {dag.py:2396} INFO - Sync 1 DAGs
[2022-02-22 00:06:37,958] {logging_mixin.py:109} INFO - [2022-02-22 00:06:37,957] {dag.py:2935} INFO - Setting next_dagrun for example_kubernetes_executor to None
[2022-02-22 00:06:37,990] {processor.py:171} INFO - Processing /home/airflow/.local/lib/python3.7/site-packages/airflow/example_dags/example_kubernetes_executor.py took 0.235 seconds
[2022-02-22 00:07:08,180] {processor.py:163} INFO - Started process (PID=7777) to work on /home/airflow/.local/lib/python3.7/site-packages/airflow/example_dags/example_kubernetes_executor.py
[2022-02-22 00:07:08,186] {processor.py:642} INFO - Processing file /home/airflow/.local/lib/python3.7/site-packages/airflow/example_dags/example_kubernetes_executor.py for tasks to queue
[2022-02-22 00:07:08,189] {logging_mixin.py:109} INFO - [2022-02-22 00:07:08,189] {dagbag.py:500} INFO - Filling up the DagBag from /home/airflow/.local/lib/python3.7/site-packages/airflow/example_dags/example_kubernetes_executor.py
[2022-02-22 00:07:08,288] {processor.py:654} INFO - DAG(s) dict_keys(['example_kubernetes_executor']) retrieved from /home/airflow/.local/lib/python3.7/site-packages/airflow/example_dags/example_kubernetes_executor.py
[2022-02-22 00:07:08,337] {logging_mixin.py:109} INFO - [2022-02-22 00:07:08,337] {dag.py:2396} INFO - Sync 1 DAGs
[2022-02-22 00:07:08,403] {logging_mixin.py:109} INFO - [2022-02-22 00:07:08,403] {dag.py:2935} INFO - Setting next_dagrun for example_kubernetes_executor to None
[2022-02-22 00:07:08,455] {processor.py:171} INFO - Processing /home/airflow/.local/lib/python3.7/site-packages/airflow/example_dags/example_kubernetes_executor.py took 0.282 seconds
[2022-02-22 00:07:39,111] {processor.py:163} INFO - Started process (PID=7864) to work on /home/airflow/.local/lib/python3.7/site-packages/airflow/example_dags/example_kubernetes_executor.py
[2022-02-22 00:07:39,116] {processor.py:642} INFO - Processing file /home/airflow/.local/lib/python3.7/site-packages/airflow/example_dags/example_kubernetes_executor.py for tasks to queue
[2022-02-22 00:07:39,119] {logging_mixin.py:109} INFO - [2022-02-22 00:07:39,119] {dagbag.py:500} INFO - Filling up the DagBag from /home/airflow/.local/lib/python3.7/site-packages/airflow/example_dags/example_kubernetes_executor.py
[2022-02-22 00:07:39,210] {processor.py:654} INFO - DAG(s) dict_keys(['example_kubernetes_executor']) retrieved from /home/airflow/.local/lib/python3.7/site-packages/airflow/example_dags/example_kubernetes_executor.py
[2022-02-22 00:07:39,261] {logging_mixin.py:109} INFO - [2022-02-22 00:07:39,261] {dag.py:2396} INFO - Sync 1 DAGs
[2022-02-22 00:07:39,316] {logging_mixin.py:109} INFO - [2022-02-22 00:07:39,315] {dag.py:2935} INFO - Setting next_dagrun for example_kubernetes_executor to None
[2022-02-22 00:07:39,345] {processor.py:171} INFO - Processing /home/airflow/.local/lib/python3.7/site-packages/airflow/example_dags/example_kubernetes_executor.py took 0.241 seconds
[2022-02-22 00:08:09,604] {processor.py:163} INFO - Started process (PID=7969) to work on /home/airflow/.local/lib/python3.7/site-packages/airflow/example_dags/example_kubernetes_executor.py
[2022-02-22 00:08:09,609] {processor.py:642} INFO - Processing file /home/airflow/.local/lib/python3.7/site-packages/airflow/example_dags/example_kubernetes_executor.py for tasks to queue
[2022-02-22 00:08:09,612] {logging_mixin.py:109} INFO - [2022-02-22 00:08:09,612] {dagbag.py:500} INFO - Filling up the DagBag from /home/airflow/.local/lib/python3.7/site-packages/airflow/example_dags/example_kubernetes_executor.py
[2022-02-22 00:08:09,712] {processor.py:654} INFO - DAG(s) dict_keys(['example_kubernetes_executor']) retrieved from /home/airflow/.local/lib/python3.7/site-packages/airflow/example_dags/example_kubernetes_executor.py
[2022-02-22 00:08:09,762] {logging_mixin.py:109} INFO - [2022-02-22 00:08:09,762] {dag.py:2396} INFO - Sync 1 DAGs
[2022-02-22 00:08:09,824] {logging_mixin.py:109} INFO - [2022-02-22 00:08:09,823] {dag.py:2935} INFO - Setting next_dagrun for example_kubernetes_executor to None
[2022-02-22 00:08:09,854] {processor.py:171} INFO - Processing /home/airflow/.local/lib/python3.7/site-packages/airflow/example_dags/example_kubernetes_executor.py took 0.258 seconds
[2022-02-22 00:08:39,991] {processor.py:163} INFO - Started process (PID=8056) to work on /home/airflow/.local/lib/python3.7/site-packages/airflow/example_dags/example_kubernetes_executor.py
[2022-02-22 00:08:39,995] {processor.py:642} INFO - Processing file /home/airflow/.local/lib/python3.7/site-packages/airflow/example_dags/example_kubernetes_executor.py for tasks to queue
[2022-02-22 00:08:39,998] {logging_mixin.py:109} INFO - [2022-02-22 00:08:39,997] {dagbag.py:500} INFO - Filling up the DagBag from /home/airflow/.local/lib/python3.7/site-packages/airflow/example_dags/example_kubernetes_executor.py
[2022-02-22 00:08:40,076] {processor.py:654} INFO - DAG(s) dict_keys(['example_kubernetes_executor']) retrieved from /home/airflow/.local/lib/python3.7/site-packages/airflow/example_dags/example_kubernetes_executor.py
[2022-02-22 00:08:40,118] {logging_mixin.py:109} INFO - [2022-02-22 00:08:40,118] {dag.py:2396} INFO - Sync 1 DAGs
[2022-02-22 00:08:40,173] {logging_mixin.py:109} INFO - [2022-02-22 00:08:40,172] {dag.py:2935} INFO - Setting next_dagrun for example_kubernetes_executor to None
[2022-02-22 00:08:40,198] {processor.py:171} INFO - Processing /home/airflow/.local/lib/python3.7/site-packages/airflow/example_dags/example_kubernetes_executor.py took 0.214 seconds
[2022-02-22 00:09:10,867] {processor.py:163} INFO - Started process (PID=8160) to work on /home/airflow/.local/lib/python3.7/site-packages/airflow/example_dags/example_kubernetes_executor.py
[2022-02-22 00:09:10,872] {processor.py:642} INFO - Processing file /home/airflow/.local/lib/python3.7/site-packages/airflow/example_dags/example_kubernetes_executor.py for tasks to queue
[2022-02-22 00:09:10,875] {logging_mixin.py:109} INFO - [2022-02-22 00:09:10,874] {dagbag.py:500} INFO - Filling up the DagBag from /home/airflow/.local/lib/python3.7/site-packages/airflow/example_dags/example_kubernetes_executor.py
[2022-02-22 00:09:10,974] {processor.py:654} INFO - DAG(s) dict_keys(['example_kubernetes_executor']) retrieved from /home/airflow/.local/lib/python3.7/site-packages/airflow/example_dags/example_kubernetes_executor.py
[2022-02-22 00:09:11,028] {logging_mixin.py:109} INFO - [2022-02-22 00:09:11,028] {dag.py:2396} INFO - Sync 1 DAGs
[2022-02-22 00:09:11,097] {logging_mixin.py:109} INFO - [2022-02-22 00:09:11,097] {dag.py:2935} INFO - Setting next_dagrun for example_kubernetes_executor to None
[2022-02-22 00:09:11,128] {processor.py:171} INFO - Processing /home/airflow/.local/lib/python3.7/site-packages/airflow/example_dags/example_kubernetes_executor.py took 0.268 seconds
[2022-02-22 00:09:41,862] {processor.py:163} INFO - Started process (PID=8247) to work on /home/airflow/.local/lib/python3.7/site-packages/airflow/example_dags/example_kubernetes_executor.py
[2022-02-22 00:09:41,867] {processor.py:642} INFO - Processing file /home/airflow/.local/lib/python3.7/site-packages/airflow/example_dags/example_kubernetes_executor.py for tasks to queue
[2022-02-22 00:09:41,870] {logging_mixin.py:109} INFO - [2022-02-22 00:09:41,870] {dagbag.py:500} INFO - Filling up the DagBag from /home/airflow/.local/lib/python3.7/site-packages/airflow/example_dags/example_kubernetes_executor.py
[2022-02-22 00:09:41,963] {processor.py:654} INFO - DAG(s) dict_keys(['example_kubernetes_executor']) retrieved from /home/airflow/.local/lib/python3.7/site-packages/airflow/example_dags/example_kubernetes_executor.py
[2022-02-22 00:09:42,027] {logging_mixin.py:109} INFO - [2022-02-22 00:09:42,026] {dag.py:2396} INFO - Sync 1 DAGs
[2022-02-22 00:09:42,092] {logging_mixin.py:109} INFO - [2022-02-22 00:09:42,092] {dag.py:2935} INFO - Setting next_dagrun for example_kubernetes_executor to None
[2022-02-22 00:09:42,123] {processor.py:171} INFO - Processing /home/airflow/.local/lib/python3.7/site-packages/airflow/example_dags/example_kubernetes_executor.py took 0.268 seconds
[2022-02-22 00:10:12,933] {processor.py:163} INFO - Started process (PID=8350) to work on /home/airflow/.local/lib/python3.7/site-packages/airflow/example_dags/example_kubernetes_executor.py
[2022-02-22 00:10:12,939] {processor.py:642} INFO - Processing file /home/airflow/.local/lib/python3.7/site-packages/airflow/example_dags/example_kubernetes_executor.py for tasks to queue
[2022-02-22 00:10:12,943] {logging_mixin.py:109} INFO - [2022-02-22 00:10:12,942] {dagbag.py:500} INFO - Filling up the DagBag from /home/airflow/.local/lib/python3.7/site-packages/airflow/example_dags/example_kubernetes_executor.py
[2022-02-22 00:10:13,062] {processor.py:654} INFO - DAG(s) dict_keys(['example_kubernetes_executor']) retrieved from /home/airflow/.local/lib/python3.7/site-packages/airflow/example_dags/example_kubernetes_executor.py
[2022-02-22 00:10:13,118] {logging_mixin.py:109} INFO - [2022-02-22 00:10:13,118] {dag.py:2396} INFO - Sync 1 DAGs
[2022-02-22 00:10:13,189] {logging_mixin.py:109} INFO - [2022-02-22 00:10:13,189] {dag.py:2935} INFO - Setting next_dagrun for example_kubernetes_executor to None
[2022-02-22 00:10:13,220] {processor.py:171} INFO - Processing /home/airflow/.local/lib/python3.7/site-packages/airflow/example_dags/example_kubernetes_executor.py took 0.295 seconds
[2022-02-22 00:10:43,699] {processor.py:163} INFO - Started process (PID=8454) to work on /home/airflow/.local/lib/python3.7/site-packages/airflow/example_dags/example_kubernetes_executor.py
[2022-02-22 00:10:43,704] {processor.py:642} INFO - Processing file /home/airflow/.local/lib/python3.7/site-packages/airflow/example_dags/example_kubernetes_executor.py for tasks to queue
[2022-02-22 00:10:43,714] {logging_mixin.py:109} INFO - [2022-02-22 00:10:43,713] {dagbag.py:500} INFO - Filling up the DagBag from /home/airflow/.local/lib/python3.7/site-packages/airflow/example_dags/example_kubernetes_executor.py
[2022-02-22 00:10:43,831] {processor.py:654} INFO - DAG(s) dict_keys(['example_kubernetes_executor']) retrieved from /home/airflow/.local/lib/python3.7/site-packages/airflow/example_dags/example_kubernetes_executor.py
[2022-02-22 00:10:43,884] {logging_mixin.py:109} INFO - [2022-02-22 00:10:43,883] {dag.py:2396} INFO - Sync 1 DAGs
[2022-02-22 00:10:43,946] {logging_mixin.py:109} INFO - [2022-02-22 00:10:43,946] {dag.py:2935} INFO - Setting next_dagrun for example_kubernetes_executor to None
[2022-02-22 00:10:43,978] {processor.py:171} INFO - Processing /home/airflow/.local/lib/python3.7/site-packages/airflow/example_dags/example_kubernetes_executor.py took 0.287 seconds
[2022-02-22 00:11:14,785] {processor.py:163} INFO - Started process (PID=8541) to work on /home/airflow/.local/lib/python3.7/site-packages/airflow/example_dags/example_kubernetes_executor.py
[2022-02-22 00:11:14,790] {processor.py:642} INFO - Processing file /home/airflow/.local/lib/python3.7/site-packages/airflow/example_dags/example_kubernetes_executor.py for tasks to queue
[2022-02-22 00:11:14,793] {logging_mixin.py:109} INFO - [2022-02-22 00:11:14,793] {dagbag.py:500} INFO - Filling up the DagBag from /home/airflow/.local/lib/python3.7/site-packages/airflow/example_dags/example_kubernetes_executor.py
[2022-02-22 00:11:14,897] {processor.py:654} INFO - DAG(s) dict_keys(['example_kubernetes_executor']) retrieved from /home/airflow/.local/lib/python3.7/site-packages/airflow/example_dags/example_kubernetes_executor.py
[2022-02-22 00:11:14,950] {logging_mixin.py:109} INFO - [2022-02-22 00:11:14,949] {dag.py:2396} INFO - Sync 1 DAGs
[2022-02-22 00:11:15,012] {logging_mixin.py:109} INFO - [2022-02-22 00:11:15,011] {dag.py:2935} INFO - Setting next_dagrun for example_kubernetes_executor to None
[2022-02-22 00:11:15,042] {processor.py:171} INFO - Processing /home/airflow/.local/lib/python3.7/site-packages/airflow/example_dags/example_kubernetes_executor.py took 0.264 seconds
[2022-02-22 00:11:46,021] {processor.py:163} INFO - Started process (PID=8645) to work on /home/airflow/.local/lib/python3.7/site-packages/airflow/example_dags/example_kubernetes_executor.py
[2022-02-22 00:11:46,028] {processor.py:642} INFO - Processing file /home/airflow/.local/lib/python3.7/site-packages/airflow/example_dags/example_kubernetes_executor.py for tasks to queue
[2022-02-22 00:11:46,032] {logging_mixin.py:109} INFO - [2022-02-22 00:11:46,032] {dagbag.py:500} INFO - Filling up the DagBag from /home/airflow/.local/lib/python3.7/site-packages/airflow/example_dags/example_kubernetes_executor.py
[2022-02-22 00:11:46,144] {processor.py:654} INFO - DAG(s) dict_keys(['example_kubernetes_executor']) retrieved from /home/airflow/.local/lib/python3.7/site-packages/airflow/example_dags/example_kubernetes_executor.py
[2022-02-22 00:11:46,200] {logging_mixin.py:109} INFO - [2022-02-22 00:11:46,200] {dag.py:2396} INFO - Sync 1 DAGs
[2022-02-22 00:11:46,269] {logging_mixin.py:109} INFO - [2022-02-22 00:11:46,268] {dag.py:2935} INFO - Setting next_dagrun for example_kubernetes_executor to None
[2022-02-22 00:11:46,302] {processor.py:171} INFO - Processing /home/airflow/.local/lib/python3.7/site-packages/airflow/example_dags/example_kubernetes_executor.py took 0.288 seconds
[2022-02-22 00:12:16,986] {processor.py:163} INFO - Started process (PID=8732) to work on /home/airflow/.local/lib/python3.7/site-packages/airflow/example_dags/example_kubernetes_executor.py
[2022-02-22 00:12:16,991] {processor.py:642} INFO - Processing file /home/airflow/.local/lib/python3.7/site-packages/airflow/example_dags/example_kubernetes_executor.py for tasks to queue
[2022-02-22 00:12:16,995] {logging_mixin.py:109} INFO - [2022-02-22 00:12:16,994] {dagbag.py:500} INFO - Filling up the DagBag from /home/airflow/.local/lib/python3.7/site-packages/airflow/example_dags/example_kubernetes_executor.py
[2022-02-22 00:12:17,091] {processor.py:654} INFO - DAG(s) dict_keys(['example_kubernetes_executor']) retrieved from /home/airflow/.local/lib/python3.7/site-packages/airflow/example_dags/example_kubernetes_executor.py
[2022-02-22 00:12:17,141] {logging_mixin.py:109} INFO - [2022-02-22 00:12:17,141] {dag.py:2396} INFO - Sync 1 DAGs
[2022-02-22 00:12:17,203] {logging_mixin.py:109} INFO - [2022-02-22 00:12:17,203] {dag.py:2935} INFO - Setting next_dagrun for example_kubernetes_executor to None
[2022-02-22 00:12:17,232] {processor.py:171} INFO - Processing /home/airflow/.local/lib/python3.7/site-packages/airflow/example_dags/example_kubernetes_executor.py took 0.252 seconds
[2022-02-22 00:12:48,299] {processor.py:163} INFO - Started process (PID=8836) to work on /home/airflow/.local/lib/python3.7/site-packages/airflow/example_dags/example_kubernetes_executor.py
[2022-02-22 00:12:48,304] {processor.py:642} INFO - Processing file /home/airflow/.local/lib/python3.7/site-packages/airflow/example_dags/example_kubernetes_executor.py for tasks to queue
[2022-02-22 00:12:48,307] {logging_mixin.py:109} INFO - [2022-02-22 00:12:48,307] {dagbag.py:500} INFO - Filling up the DagBag from /home/airflow/.local/lib/python3.7/site-packages/airflow/example_dags/example_kubernetes_executor.py
[2022-02-22 00:12:48,408] {processor.py:654} INFO - DAG(s) dict_keys(['example_kubernetes_executor']) retrieved from /home/airflow/.local/lib/python3.7/site-packages/airflow/example_dags/example_kubernetes_executor.py
[2022-02-22 00:12:48,463] {logging_mixin.py:109} INFO - [2022-02-22 00:12:48,462] {dag.py:2396} INFO - Sync 1 DAGs
[2022-02-22 00:12:48,529] {logging_mixin.py:109} INFO - [2022-02-22 00:12:48,529] {dag.py:2935} INFO - Setting next_dagrun for example_kubernetes_executor to None
[2022-02-22 00:12:48,561] {processor.py:171} INFO - Processing /home/airflow/.local/lib/python3.7/site-packages/airflow/example_dags/example_kubernetes_executor.py took 0.270 seconds
[2022-02-22 00:13:19,073] {processor.py:163} INFO - Started process (PID=8919) to work on /home/airflow/.local/lib/python3.7/site-packages/airflow/example_dags/example_kubernetes_executor.py
[2022-02-22 00:13:19,077] {processor.py:642} INFO - Processing file /home/airflow/.local/lib/python3.7/site-packages/airflow/example_dags/example_kubernetes_executor.py for tasks to queue
[2022-02-22 00:13:19,079] {logging_mixin.py:109} INFO - [2022-02-22 00:13:19,079] {dagbag.py:500} INFO - Filling up the DagBag from /home/airflow/.local/lib/python3.7/site-packages/airflow/example_dags/example_kubernetes_executor.py
[2022-02-22 00:13:19,180] {processor.py:654} INFO - DAG(s) dict_keys(['example_kubernetes_executor']) retrieved from /home/airflow/.local/lib/python3.7/site-packages/airflow/example_dags/example_kubernetes_executor.py
[2022-02-22 00:13:19,230] {logging_mixin.py:109} INFO - [2022-02-22 00:13:19,230] {dag.py:2396} INFO - Sync 1 DAGs
[2022-02-22 00:13:19,289] {logging_mixin.py:109} INFO - [2022-02-22 00:13:19,289] {dag.py:2935} INFO - Setting next_dagrun for example_kubernetes_executor to None
[2022-02-22 00:13:19,319] {processor.py:171} INFO - Processing /home/airflow/.local/lib/python3.7/site-packages/airflow/example_dags/example_kubernetes_executor.py took 0.253 seconds
[2022-02-22 00:13:51,010] {processor.py:163} INFO - Started process (PID=9021) to work on /home/airflow/.local/lib/python3.7/site-packages/airflow/example_dags/example_kubernetes_executor.py
[2022-02-22 00:13:51,015] {processor.py:642} INFO - Processing file /home/airflow/.local/lib/python3.7/site-packages/airflow/example_dags/example_kubernetes_executor.py for tasks to queue
[2022-02-22 00:13:51,018] {logging_mixin.py:109} INFO - [2022-02-22 00:13:51,018] {dagbag.py:500} INFO - Filling up the DagBag from /home/airflow/.local/lib/python3.7/site-packages/airflow/example_dags/example_kubernetes_executor.py
[2022-02-22 00:13:51,130] {processor.py:654} INFO - DAG(s) dict_keys(['example_kubernetes_executor']) retrieved from /home/airflow/.local/lib/python3.7/site-packages/airflow/example_dags/example_kubernetes_executor.py
[2022-02-22 00:13:51,197] {logging_mixin.py:109} INFO - [2022-02-22 00:13:51,197] {dag.py:2396} INFO - Sync 1 DAGs
[2022-02-22 00:13:51,270] {logging_mixin.py:109} INFO - [2022-02-22 00:13:51,269] {dag.py:2935} INFO - Setting next_dagrun for example_kubernetes_executor to None
[2022-02-22 00:13:51,305] {processor.py:171} INFO - Processing /home/airflow/.local/lib/python3.7/site-packages/airflow/example_dags/example_kubernetes_executor.py took 0.303 seconds
[2022-02-22 00:14:21,774] {processor.py:163} INFO - Started process (PID=9108) to work on /home/airflow/.local/lib/python3.7/site-packages/airflow/example_dags/example_kubernetes_executor.py
[2022-02-22 00:14:21,778] {processor.py:642} INFO - Processing file /home/airflow/.local/lib/python3.7/site-packages/airflow/example_dags/example_kubernetes_executor.py for tasks to queue
[2022-02-22 00:14:21,780] {logging_mixin.py:109} INFO - [2022-02-22 00:14:21,780] {dagbag.py:500} INFO - Filling up the DagBag from /home/airflow/.local/lib/python3.7/site-packages/airflow/example_dags/example_kubernetes_executor.py
[2022-02-22 00:14:21,866] {processor.py:654} INFO - DAG(s) dict_keys(['example_kubernetes_executor']) retrieved from /home/airflow/.local/lib/python3.7/site-packages/airflow/example_dags/example_kubernetes_executor.py
[2022-02-22 00:14:21,910] {logging_mixin.py:109} INFO - [2022-02-22 00:14:21,909] {dag.py:2396} INFO - Sync 1 DAGs
[2022-02-22 00:14:21,969] {logging_mixin.py:109} INFO - [2022-02-22 00:14:21,969] {dag.py:2935} INFO - Setting next_dagrun for example_kubernetes_executor to None
[2022-02-22 00:14:21,998] {processor.py:171} INFO - Processing /home/airflow/.local/lib/python3.7/site-packages/airflow/example_dags/example_kubernetes_executor.py took 0.230 seconds
[2022-02-22 00:14:54,049] {processor.py:163} INFO - Started process (PID=9214) to work on /home/airflow/.local/lib/python3.7/site-packages/airflow/example_dags/example_kubernetes_executor.py
[2022-02-22 00:14:54,053] {processor.py:642} INFO - Processing file /home/airflow/.local/lib/python3.7/site-packages/airflow/example_dags/example_kubernetes_executor.py for tasks to queue
[2022-02-22 00:14:54,056] {logging_mixin.py:109} INFO - [2022-02-22 00:14:54,056] {dagbag.py:500} INFO - Filling up the DagBag from /home/airflow/.local/lib/python3.7/site-packages/airflow/example_dags/example_kubernetes_executor.py
[2022-02-22 00:14:54,160] {processor.py:654} INFO - DAG(s) dict_keys(['example_kubernetes_executor']) retrieved from /home/airflow/.local/lib/python3.7/site-packages/airflow/example_dags/example_kubernetes_executor.py
[2022-02-22 00:14:54,217] {logging_mixin.py:109} INFO - [2022-02-22 00:14:54,216] {dag.py:2396} INFO - Sync 1 DAGs
[2022-02-22 00:14:54,284] {logging_mixin.py:109} INFO - [2022-02-22 00:14:54,284] {dag.py:2935} INFO - Setting next_dagrun for example_kubernetes_executor to None
[2022-02-22 00:14:54,318] {processor.py:171} INFO - Processing /home/airflow/.local/lib/python3.7/site-packages/airflow/example_dags/example_kubernetes_executor.py took 0.276 seconds
[2022-02-22 00:15:25,731] {processor.py:163} INFO - Started process (PID=9321) to work on /home/airflow/.local/lib/python3.7/site-packages/airflow/example_dags/example_kubernetes_executor.py
[2022-02-22 00:15:25,736] {processor.py:642} INFO - Processing file /home/airflow/.local/lib/python3.7/site-packages/airflow/example_dags/example_kubernetes_executor.py for tasks to queue
[2022-02-22 00:15:25,739] {logging_mixin.py:109} INFO - [2022-02-22 00:15:25,739] {dagbag.py:500} INFO - Filling up the DagBag from /home/airflow/.local/lib/python3.7/site-packages/airflow/example_dags/example_kubernetes_executor.py
[2022-02-22 00:15:25,849] {processor.py:654} INFO - DAG(s) dict_keys(['example_kubernetes_executor']) retrieved from /home/airflow/.local/lib/python3.7/site-packages/airflow/example_dags/example_kubernetes_executor.py
[2022-02-22 00:15:25,908] {logging_mixin.py:109} INFO - [2022-02-22 00:15:25,908] {dag.py:2396} INFO - Sync 1 DAGs
[2022-02-22 00:15:25,973] {logging_mixin.py:109} INFO - [2022-02-22 00:15:25,973] {dag.py:2935} INFO - Setting next_dagrun for example_kubernetes_executor to None
[2022-02-22 00:15:26,003] {processor.py:171} INFO - Processing /home/airflow/.local/lib/python3.7/site-packages/airflow/example_dags/example_kubernetes_executor.py took 0.280 seconds
[2022-02-22 00:15:57,220] {processor.py:163} INFO - Started process (PID=9407) to work on /home/airflow/.local/lib/python3.7/site-packages/airflow/example_dags/example_kubernetes_executor.py
[2022-02-22 00:15:57,224] {processor.py:642} INFO - Processing file /home/airflow/.local/lib/python3.7/site-packages/airflow/example_dags/example_kubernetes_executor.py for tasks to queue
[2022-02-22 00:15:57,227] {logging_mixin.py:109} INFO - [2022-02-22 00:15:57,227] {dagbag.py:500} INFO - Filling up the DagBag from /home/airflow/.local/lib/python3.7/site-packages/airflow/example_dags/example_kubernetes_executor.py
[2022-02-22 00:15:57,321] {processor.py:654} INFO - DAG(s) dict_keys(['example_kubernetes_executor']) retrieved from /home/airflow/.local/lib/python3.7/site-packages/airflow/example_dags/example_kubernetes_executor.py
[2022-02-22 00:15:57,375] {logging_mixin.py:109} INFO - [2022-02-22 00:15:57,374] {dag.py:2396} INFO - Sync 1 DAGs
[2022-02-22 00:15:57,440] {logging_mixin.py:109} INFO - [2022-02-22 00:15:57,440] {dag.py:2935} INFO - Setting next_dagrun for example_kubernetes_executor to None
[2022-02-22 00:15:57,473] {processor.py:171} INFO - Processing /home/airflow/.local/lib/python3.7/site-packages/airflow/example_dags/example_kubernetes_executor.py took 0.260 seconds
[2022-02-22 00:16:30,290] {processor.py:163} INFO - Started process (PID=9515) to work on /home/airflow/.local/lib/python3.7/site-packages/airflow/example_dags/example_kubernetes_executor.py
[2022-02-22 00:16:30,295] {processor.py:642} INFO - Processing file /home/airflow/.local/lib/python3.7/site-packages/airflow/example_dags/example_kubernetes_executor.py for tasks to queue
[2022-02-22 00:16:30,299] {logging_mixin.py:109} INFO - [2022-02-22 00:16:30,299] {dagbag.py:500} INFO - Filling up the DagBag from /home/airflow/.local/lib/python3.7/site-packages/airflow/example_dags/example_kubernetes_executor.py
[2022-02-22 00:16:30,426] {processor.py:654} INFO - DAG(s) dict_keys(['example_kubernetes_executor']) retrieved from /home/airflow/.local/lib/python3.7/site-packages/airflow/example_dags/example_kubernetes_executor.py
[2022-02-22 00:16:30,494] {logging_mixin.py:109} INFO - [2022-02-22 00:16:30,493] {dag.py:2396} INFO - Sync 1 DAGs
[2022-02-22 00:16:30,566] {logging_mixin.py:109} INFO - [2022-02-22 00:16:30,566] {dag.py:2935} INFO - Setting next_dagrun for example_kubernetes_executor to None
[2022-02-22 00:16:30,597] {processor.py:171} INFO - Processing /home/airflow/.local/lib/python3.7/site-packages/airflow/example_dags/example_kubernetes_executor.py took 0.315 seconds
[2022-02-22 00:17:01,081] {processor.py:163} INFO - Started process (PID=9602) to work on /home/airflow/.local/lib/python3.7/site-packages/airflow/example_dags/example_kubernetes_executor.py
[2022-02-22 00:17:01,085] {processor.py:642} INFO - Processing file /home/airflow/.local/lib/python3.7/site-packages/airflow/example_dags/example_kubernetes_executor.py for tasks to queue
[2022-02-22 00:17:01,088] {logging_mixin.py:109} INFO - [2022-02-22 00:17:01,087] {dagbag.py:500} INFO - Filling up the DagBag from /home/airflow/.local/lib/python3.7/site-packages/airflow/example_dags/example_kubernetes_executor.py
[2022-02-22 00:17:01,181] {processor.py:654} INFO - DAG(s) dict_keys(['example_kubernetes_executor']) retrieved from /home/airflow/.local/lib/python3.7/site-packages/airflow/example_dags/example_kubernetes_executor.py
[2022-02-22 00:17:01,232] {logging_mixin.py:109} INFO - [2022-02-22 00:17:01,231] {dag.py:2396} INFO - Sync 1 DAGs
[2022-02-22 00:17:01,288] {logging_mixin.py:109} INFO - [2022-02-22 00:17:01,288] {dag.py:2935} INFO - Setting next_dagrun for example_kubernetes_executor to None
[2022-02-22 00:17:01,313] {processor.py:171} INFO - Processing /home/airflow/.local/lib/python3.7/site-packages/airflow/example_dags/example_kubernetes_executor.py took 0.240 seconds
