[2022-02-22 00:00:08,609] {processor.py:163} INFO - Started process (PID=6473) to work on /home/airflow/.local/lib/python3.7/site-packages/airflow/example_dags/example_task_group.py
[2022-02-22 00:00:08,614] {processor.py:642} INFO - Processing file /home/airflow/.local/lib/python3.7/site-packages/airflow/example_dags/example_task_group.py for tasks to queue
[2022-02-22 00:00:08,618] {logging_mixin.py:109} INFO - [2022-02-22 00:00:08,617] {dagbag.py:500} INFO - Filling up the DagBag from /home/airflow/.local/lib/python3.7/site-packages/airflow/example_dags/example_task_group.py
[2022-02-22 00:00:08,708] {processor.py:654} INFO - DAG(s) dict_keys(['example_task_group']) retrieved from /home/airflow/.local/lib/python3.7/site-packages/airflow/example_dags/example_task_group.py
[2022-02-22 00:00:08,760] {logging_mixin.py:109} INFO - [2022-02-22 00:00:08,760] {dag.py:2396} INFO - Sync 1 DAGs
[2022-02-22 00:00:08,824] {logging_mixin.py:109} INFO - [2022-02-22 00:00:08,824] {dag.py:2935} INFO - Setting next_dagrun for example_task_group to 2022-02-21T00:00:08.822298+00:00
[2022-02-22 00:00:08,855] {processor.py:171} INFO - Processing /home/airflow/.local/lib/python3.7/site-packages/airflow/example_dags/example_task_group.py took 0.253 seconds
[2022-02-22 00:00:40,250] {processor.py:163} INFO - Started process (PID=6561) to work on /home/airflow/.local/lib/python3.7/site-packages/airflow/example_dags/example_task_group.py
[2022-02-22 00:00:40,254] {processor.py:642} INFO - Processing file /home/airflow/.local/lib/python3.7/site-packages/airflow/example_dags/example_task_group.py for tasks to queue
[2022-02-22 00:00:40,257] {logging_mixin.py:109} INFO - [2022-02-22 00:00:40,257] {dagbag.py:500} INFO - Filling up the DagBag from /home/airflow/.local/lib/python3.7/site-packages/airflow/example_dags/example_task_group.py
[2022-02-22 00:00:40,331] {processor.py:654} INFO - DAG(s) dict_keys(['example_task_group']) retrieved from /home/airflow/.local/lib/python3.7/site-packages/airflow/example_dags/example_task_group.py
[2022-02-22 00:00:40,373] {logging_mixin.py:109} INFO - [2022-02-22 00:00:40,373] {dag.py:2396} INFO - Sync 1 DAGs
[2022-02-22 00:00:40,427] {logging_mixin.py:109} INFO - [2022-02-22 00:00:40,427] {dag.py:2935} INFO - Setting next_dagrun for example_task_group to 2022-02-21T00:00:40.425671+00:00
[2022-02-22 00:00:40,455] {processor.py:171} INFO - Processing /home/airflow/.local/lib/python3.7/site-packages/airflow/example_dags/example_task_group.py took 0.212 seconds
[2022-02-22 00:01:12,597] {processor.py:163} INFO - Started process (PID=6665) to work on /home/airflow/.local/lib/python3.7/site-packages/airflow/example_dags/example_task_group.py
[2022-02-22 00:01:12,601] {processor.py:642} INFO - Processing file /home/airflow/.local/lib/python3.7/site-packages/airflow/example_dags/example_task_group.py for tasks to queue
[2022-02-22 00:01:12,605] {logging_mixin.py:109} INFO - [2022-02-22 00:01:12,605] {dagbag.py:500} INFO - Filling up the DagBag from /home/airflow/.local/lib/python3.7/site-packages/airflow/example_dags/example_task_group.py
[2022-02-22 00:01:12,702] {processor.py:654} INFO - DAG(s) dict_keys(['example_task_group']) retrieved from /home/airflow/.local/lib/python3.7/site-packages/airflow/example_dags/example_task_group.py
[2022-02-22 00:01:12,768] {logging_mixin.py:109} INFO - [2022-02-22 00:01:12,767] {dag.py:2396} INFO - Sync 1 DAGs
[2022-02-22 00:01:12,845] {logging_mixin.py:109} INFO - [2022-02-22 00:01:12,844] {dag.py:2935} INFO - Setting next_dagrun for example_task_group to 2022-02-21T00:01:12.842280+00:00
[2022-02-22 00:01:12,902] {processor.py:171} INFO - Processing /home/airflow/.local/lib/python3.7/site-packages/airflow/example_dags/example_task_group.py took 0.314 seconds
[2022-02-22 00:01:44,124] {processor.py:163} INFO - Started process (PID=6769) to work on /home/airflow/.local/lib/python3.7/site-packages/airflow/example_dags/example_task_group.py
[2022-02-22 00:01:44,129] {processor.py:642} INFO - Processing file /home/airflow/.local/lib/python3.7/site-packages/airflow/example_dags/example_task_group.py for tasks to queue
[2022-02-22 00:01:44,134] {logging_mixin.py:109} INFO - [2022-02-22 00:01:44,134] {dagbag.py:500} INFO - Filling up the DagBag from /home/airflow/.local/lib/python3.7/site-packages/airflow/example_dags/example_task_group.py
[2022-02-22 00:01:44,224] {processor.py:654} INFO - DAG(s) dict_keys(['example_task_group']) retrieved from /home/airflow/.local/lib/python3.7/site-packages/airflow/example_dags/example_task_group.py
[2022-02-22 00:01:44,279] {logging_mixin.py:109} INFO - [2022-02-22 00:01:44,279] {dag.py:2396} INFO - Sync 1 DAGs
[2022-02-22 00:01:44,349] {logging_mixin.py:109} INFO - [2022-02-22 00:01:44,349] {dag.py:2935} INFO - Setting next_dagrun for example_task_group to 2022-02-21T00:01:44.347597+00:00
[2022-02-22 00:01:44,381] {processor.py:171} INFO - Processing /home/airflow/.local/lib/python3.7/site-packages/airflow/example_dags/example_task_group.py took 0.266 seconds
[2022-02-22 00:02:15,989] {processor.py:163} INFO - Started process (PID=6855) to work on /home/airflow/.local/lib/python3.7/site-packages/airflow/example_dags/example_task_group.py
[2022-02-22 00:02:16,003] {processor.py:642} INFO - Processing file /home/airflow/.local/lib/python3.7/site-packages/airflow/example_dags/example_task_group.py for tasks to queue
[2022-02-22 00:02:16,007] {logging_mixin.py:109} INFO - [2022-02-22 00:02:16,007] {dagbag.py:500} INFO - Filling up the DagBag from /home/airflow/.local/lib/python3.7/site-packages/airflow/example_dags/example_task_group.py
[2022-02-22 00:02:16,122] {processor.py:654} INFO - DAG(s) dict_keys(['example_task_group']) retrieved from /home/airflow/.local/lib/python3.7/site-packages/airflow/example_dags/example_task_group.py
[2022-02-22 00:02:16,179] {logging_mixin.py:109} INFO - [2022-02-22 00:02:16,178] {dag.py:2396} INFO - Sync 1 DAGs
[2022-02-22 00:02:16,251] {logging_mixin.py:109} INFO - [2022-02-22 00:02:16,251] {dag.py:2935} INFO - Setting next_dagrun for example_task_group to 2022-02-21T00:02:16.249247+00:00
[2022-02-22 00:02:16,286] {processor.py:171} INFO - Processing /home/airflow/.local/lib/python3.7/site-packages/airflow/example_dags/example_task_group.py took 0.305 seconds
[2022-02-22 00:02:47,195] {processor.py:163} INFO - Started process (PID=6959) to work on /home/airflow/.local/lib/python3.7/site-packages/airflow/example_dags/example_task_group.py
[2022-02-22 00:02:47,199] {processor.py:642} INFO - Processing file /home/airflow/.local/lib/python3.7/site-packages/airflow/example_dags/example_task_group.py for tasks to queue
[2022-02-22 00:02:47,204] {logging_mixin.py:109} INFO - [2022-02-22 00:02:47,203] {dagbag.py:500} INFO - Filling up the DagBag from /home/airflow/.local/lib/python3.7/site-packages/airflow/example_dags/example_task_group.py
[2022-02-22 00:02:47,305] {processor.py:654} INFO - DAG(s) dict_keys(['example_task_group']) retrieved from /home/airflow/.local/lib/python3.7/site-packages/airflow/example_dags/example_task_group.py
[2022-02-22 00:02:47,362] {logging_mixin.py:109} INFO - [2022-02-22 00:02:47,361] {dag.py:2396} INFO - Sync 1 DAGs
[2022-02-22 00:02:47,439] {logging_mixin.py:109} INFO - [2022-02-22 00:02:47,438] {dag.py:2935} INFO - Setting next_dagrun for example_task_group to 2022-02-21T00:02:47.436660+00:00
[2022-02-22 00:02:47,478] {processor.py:171} INFO - Processing /home/airflow/.local/lib/python3.7/site-packages/airflow/example_dags/example_task_group.py took 0.292 seconds
[2022-02-22 00:03:18,868] {processor.py:163} INFO - Started process (PID=7046) to work on /home/airflow/.local/lib/python3.7/site-packages/airflow/example_dags/example_task_group.py
[2022-02-22 00:03:18,873] {processor.py:642} INFO - Processing file /home/airflow/.local/lib/python3.7/site-packages/airflow/example_dags/example_task_group.py for tasks to queue
[2022-02-22 00:03:18,876] {logging_mixin.py:109} INFO - [2022-02-22 00:03:18,876] {dagbag.py:500} INFO - Filling up the DagBag from /home/airflow/.local/lib/python3.7/site-packages/airflow/example_dags/example_task_group.py
[2022-02-22 00:03:18,963] {processor.py:654} INFO - DAG(s) dict_keys(['example_task_group']) retrieved from /home/airflow/.local/lib/python3.7/site-packages/airflow/example_dags/example_task_group.py
[2022-02-22 00:03:19,016] {logging_mixin.py:109} INFO - [2022-02-22 00:03:19,015] {dag.py:2396} INFO - Sync 1 DAGs
[2022-02-22 00:03:19,085] {logging_mixin.py:109} INFO - [2022-02-22 00:03:19,084] {dag.py:2935} INFO - Setting next_dagrun for example_task_group to 2022-02-21T00:03:19.082136+00:00
[2022-02-22 00:03:19,117] {processor.py:171} INFO - Processing /home/airflow/.local/lib/python3.7/site-packages/airflow/example_dags/example_task_group.py took 0.257 seconds
[2022-02-22 00:03:50,052] {processor.py:163} INFO - Started process (PID=7150) to work on /home/airflow/.local/lib/python3.7/site-packages/airflow/example_dags/example_task_group.py
[2022-02-22 00:03:50,057] {processor.py:642} INFO - Processing file /home/airflow/.local/lib/python3.7/site-packages/airflow/example_dags/example_task_group.py for tasks to queue
[2022-02-22 00:03:50,061] {logging_mixin.py:109} INFO - [2022-02-22 00:03:50,061] {dagbag.py:500} INFO - Filling up the DagBag from /home/airflow/.local/lib/python3.7/site-packages/airflow/example_dags/example_task_group.py
[2022-02-22 00:03:50,152] {processor.py:654} INFO - DAG(s) dict_keys(['example_task_group']) retrieved from /home/airflow/.local/lib/python3.7/site-packages/airflow/example_dags/example_task_group.py
[2022-02-22 00:03:50,206] {logging_mixin.py:109} INFO - [2022-02-22 00:03:50,206] {dag.py:2396} INFO - Sync 1 DAGs
[2022-02-22 00:03:50,286] {logging_mixin.py:109} INFO - [2022-02-22 00:03:50,285] {dag.py:2935} INFO - Setting next_dagrun for example_task_group to 2022-02-21T00:03:50.283781+00:00
[2022-02-22 00:03:50,320] {processor.py:171} INFO - Processing /home/airflow/.local/lib/python3.7/site-packages/airflow/example_dags/example_task_group.py took 0.277 seconds
[2022-02-22 00:04:21,389] {processor.py:163} INFO - Started process (PID=7238) to work on /home/airflow/.local/lib/python3.7/site-packages/airflow/example_dags/example_task_group.py
[2022-02-22 00:04:21,393] {processor.py:642} INFO - Processing file /home/airflow/.local/lib/python3.7/site-packages/airflow/example_dags/example_task_group.py for tasks to queue
[2022-02-22 00:04:21,396] {logging_mixin.py:109} INFO - [2022-02-22 00:04:21,395] {dagbag.py:500} INFO - Filling up the DagBag from /home/airflow/.local/lib/python3.7/site-packages/airflow/example_dags/example_task_group.py
[2022-02-22 00:04:21,469] {processor.py:654} INFO - DAG(s) dict_keys(['example_task_group']) retrieved from /home/airflow/.local/lib/python3.7/site-packages/airflow/example_dags/example_task_group.py
[2022-02-22 00:04:21,516] {logging_mixin.py:109} INFO - [2022-02-22 00:04:21,515] {dag.py:2396} INFO - Sync 1 DAGs
[2022-02-22 00:04:21,573] {logging_mixin.py:109} INFO - [2022-02-22 00:04:21,573] {dag.py:2935} INFO - Setting next_dagrun for example_task_group to 2022-02-21T00:04:21.571738+00:00
[2022-02-22 00:04:21,603] {processor.py:171} INFO - Processing /home/airflow/.local/lib/python3.7/site-packages/airflow/example_dags/example_task_group.py took 0.220 seconds
[2022-02-22 00:04:53,669] {processor.py:163} INFO - Started process (PID=7341) to work on /home/airflow/.local/lib/python3.7/site-packages/airflow/example_dags/example_task_group.py
[2022-02-22 00:04:53,674] {processor.py:642} INFO - Processing file /home/airflow/.local/lib/python3.7/site-packages/airflow/example_dags/example_task_group.py for tasks to queue
[2022-02-22 00:04:53,678] {logging_mixin.py:109} INFO - [2022-02-22 00:04:53,677] {dagbag.py:500} INFO - Filling up the DagBag from /home/airflow/.local/lib/python3.7/site-packages/airflow/example_dags/example_task_group.py
[2022-02-22 00:04:53,767] {processor.py:654} INFO - DAG(s) dict_keys(['example_task_group']) retrieved from /home/airflow/.local/lib/python3.7/site-packages/airflow/example_dags/example_task_group.py
[2022-02-22 00:04:53,826] {logging_mixin.py:109} INFO - [2022-02-22 00:04:53,826] {dag.py:2396} INFO - Sync 1 DAGs
[2022-02-22 00:04:53,907] {logging_mixin.py:109} INFO - [2022-02-22 00:04:53,907] {dag.py:2935} INFO - Setting next_dagrun for example_task_group to 2022-02-21T00:04:53.905214+00:00
[2022-02-22 00:04:53,944] {processor.py:171} INFO - Processing /home/airflow/.local/lib/python3.7/site-packages/airflow/example_dags/example_task_group.py took 0.283 seconds
[2022-02-22 00:05:25,174] {processor.py:163} INFO - Started process (PID=7445) to work on /home/airflow/.local/lib/python3.7/site-packages/airflow/example_dags/example_task_group.py
[2022-02-22 00:05:25,179] {processor.py:642} INFO - Processing file /home/airflow/.local/lib/python3.7/site-packages/airflow/example_dags/example_task_group.py for tasks to queue
[2022-02-22 00:05:25,183] {logging_mixin.py:109} INFO - [2022-02-22 00:05:25,183] {dagbag.py:500} INFO - Filling up the DagBag from /home/airflow/.local/lib/python3.7/site-packages/airflow/example_dags/example_task_group.py
[2022-02-22 00:05:25,278] {processor.py:654} INFO - DAG(s) dict_keys(['example_task_group']) retrieved from /home/airflow/.local/lib/python3.7/site-packages/airflow/example_dags/example_task_group.py
[2022-02-22 00:05:25,334] {logging_mixin.py:109} INFO - [2022-02-22 00:05:25,333] {dag.py:2396} INFO - Sync 1 DAGs
[2022-02-22 00:05:25,422] {logging_mixin.py:109} INFO - [2022-02-22 00:05:25,421] {dag.py:2935} INFO - Setting next_dagrun for example_task_group to 2022-02-21T00:05:25.419646+00:00
[2022-02-22 00:05:25,456] {processor.py:171} INFO - Processing /home/airflow/.local/lib/python3.7/site-packages/airflow/example_dags/example_task_group.py took 0.291 seconds
[2022-02-22 00:05:56,813] {processor.py:163} INFO - Started process (PID=7532) to work on /home/airflow/.local/lib/python3.7/site-packages/airflow/example_dags/example_task_group.py
[2022-02-22 00:05:56,818] {processor.py:642} INFO - Processing file /home/airflow/.local/lib/python3.7/site-packages/airflow/example_dags/example_task_group.py for tasks to queue
[2022-02-22 00:05:56,821] {logging_mixin.py:109} INFO - [2022-02-22 00:05:56,821] {dagbag.py:500} INFO - Filling up the DagBag from /home/airflow/.local/lib/python3.7/site-packages/airflow/example_dags/example_task_group.py
[2022-02-22 00:05:56,903] {processor.py:654} INFO - DAG(s) dict_keys(['example_task_group']) retrieved from /home/airflow/.local/lib/python3.7/site-packages/airflow/example_dags/example_task_group.py
[2022-02-22 00:05:56,962] {logging_mixin.py:109} INFO - [2022-02-22 00:05:56,961] {dag.py:2396} INFO - Sync 1 DAGs
[2022-02-22 00:05:57,042] {logging_mixin.py:109} INFO - [2022-02-22 00:05:57,041] {dag.py:2935} INFO - Setting next_dagrun for example_task_group to 2022-02-21T00:05:57.039255+00:00
[2022-02-22 00:05:57,072] {processor.py:171} INFO - Processing /home/airflow/.local/lib/python3.7/site-packages/airflow/example_dags/example_task_group.py took 0.267 seconds
[2022-02-22 00:06:28,980] {processor.py:163} INFO - Started process (PID=7638) to work on /home/airflow/.local/lib/python3.7/site-packages/airflow/example_dags/example_task_group.py
[2022-02-22 00:06:28,984] {processor.py:642} INFO - Processing file /home/airflow/.local/lib/python3.7/site-packages/airflow/example_dags/example_task_group.py for tasks to queue
[2022-02-22 00:06:28,987] {logging_mixin.py:109} INFO - [2022-02-22 00:06:28,987] {dagbag.py:500} INFO - Filling up the DagBag from /home/airflow/.local/lib/python3.7/site-packages/airflow/example_dags/example_task_group.py
[2022-02-22 00:06:29,069] {processor.py:654} INFO - DAG(s) dict_keys(['example_task_group']) retrieved from /home/airflow/.local/lib/python3.7/site-packages/airflow/example_dags/example_task_group.py
[2022-02-22 00:06:29,118] {logging_mixin.py:109} INFO - [2022-02-22 00:06:29,117] {dag.py:2396} INFO - Sync 1 DAGs
[2022-02-22 00:06:29,181] {logging_mixin.py:109} INFO - [2022-02-22 00:06:29,181] {dag.py:2935} INFO - Setting next_dagrun for example_task_group to 2022-02-21T00:06:29.179775+00:00
[2022-02-22 00:06:29,210] {processor.py:171} INFO - Processing /home/airflow/.local/lib/python3.7/site-packages/airflow/example_dags/example_task_group.py took 0.246 seconds
[2022-02-22 00:06:59,994] {processor.py:163} INFO - Started process (PID=7724) to work on /home/airflow/.local/lib/python3.7/site-packages/airflow/example_dags/example_task_group.py
[2022-02-22 00:07:00,000] {processor.py:642} INFO - Processing file /home/airflow/.local/lib/python3.7/site-packages/airflow/example_dags/example_task_group.py for tasks to queue
[2022-02-22 00:07:00,003] {logging_mixin.py:109} INFO - [2022-02-22 00:07:00,002] {dagbag.py:500} INFO - Filling up the DagBag from /home/airflow/.local/lib/python3.7/site-packages/airflow/example_dags/example_task_group.py
[2022-02-22 00:07:00,073] {processor.py:654} INFO - DAG(s) dict_keys(['example_task_group']) retrieved from /home/airflow/.local/lib/python3.7/site-packages/airflow/example_dags/example_task_group.py
[2022-02-22 00:07:00,118] {logging_mixin.py:109} INFO - [2022-02-22 00:07:00,118] {dag.py:2396} INFO - Sync 1 DAGs
[2022-02-22 00:07:00,175] {logging_mixin.py:109} INFO - [2022-02-22 00:07:00,174] {dag.py:2935} INFO - Setting next_dagrun for example_task_group to 2022-02-21T00:07:00.173117+00:00
[2022-02-22 00:07:00,200] {processor.py:171} INFO - Processing /home/airflow/.local/lib/python3.7/site-packages/airflow/example_dags/example_task_group.py took 0.213 seconds
[2022-02-22 00:07:32,107] {processor.py:163} INFO - Started process (PID=7832) to work on /home/airflow/.local/lib/python3.7/site-packages/airflow/example_dags/example_task_group.py
[2022-02-22 00:07:32,112] {processor.py:642} INFO - Processing file /home/airflow/.local/lib/python3.7/site-packages/airflow/example_dags/example_task_group.py for tasks to queue
[2022-02-22 00:07:32,115] {logging_mixin.py:109} INFO - [2022-02-22 00:07:32,115] {dagbag.py:500} INFO - Filling up the DagBag from /home/airflow/.local/lib/python3.7/site-packages/airflow/example_dags/example_task_group.py
[2022-02-22 00:07:32,203] {processor.py:654} INFO - DAG(s) dict_keys(['example_task_group']) retrieved from /home/airflow/.local/lib/python3.7/site-packages/airflow/example_dags/example_task_group.py
[2022-02-22 00:07:32,257] {logging_mixin.py:109} INFO - [2022-02-22 00:07:32,257] {dag.py:2396} INFO - Sync 1 DAGs
[2022-02-22 00:07:32,324] {logging_mixin.py:109} INFO - [2022-02-22 00:07:32,324] {dag.py:2935} INFO - Setting next_dagrun for example_task_group to 2022-02-21T00:07:32.322241+00:00
[2022-02-22 00:07:32,356] {processor.py:171} INFO - Processing /home/airflow/.local/lib/python3.7/site-packages/airflow/example_dags/example_task_group.py took 0.257 seconds
[2022-02-22 00:08:03,088] {processor.py:163} INFO - Started process (PID=7931) to work on /home/airflow/.local/lib/python3.7/site-packages/airflow/example_dags/example_task_group.py
[2022-02-22 00:08:03,094] {processor.py:642} INFO - Processing file /home/airflow/.local/lib/python3.7/site-packages/airflow/example_dags/example_task_group.py for tasks to queue
[2022-02-22 00:08:03,097] {logging_mixin.py:109} INFO - [2022-02-22 00:08:03,097] {dagbag.py:500} INFO - Filling up the DagBag from /home/airflow/.local/lib/python3.7/site-packages/airflow/example_dags/example_task_group.py
[2022-02-22 00:08:03,190] {processor.py:654} INFO - DAG(s) dict_keys(['example_task_group']) retrieved from /home/airflow/.local/lib/python3.7/site-packages/airflow/example_dags/example_task_group.py
[2022-02-22 00:08:03,244] {logging_mixin.py:109} INFO - [2022-02-22 00:08:03,243] {dag.py:2396} INFO - Sync 1 DAGs
[2022-02-22 00:08:03,316] {logging_mixin.py:109} INFO - [2022-02-22 00:08:03,315] {dag.py:2935} INFO - Setting next_dagrun for example_task_group to 2022-02-21T00:08:03.313440+00:00
[2022-02-22 00:08:03,349] {processor.py:171} INFO - Processing /home/airflow/.local/lib/python3.7/site-packages/airflow/example_dags/example_task_group.py took 0.269 seconds
[2022-02-22 00:08:34,136] {processor.py:163} INFO - Started process (PID=8026) to work on /home/airflow/.local/lib/python3.7/site-packages/airflow/example_dags/example_task_group.py
[2022-02-22 00:08:34,142] {processor.py:642} INFO - Processing file /home/airflow/.local/lib/python3.7/site-packages/airflow/example_dags/example_task_group.py for tasks to queue
[2022-02-22 00:08:34,147] {logging_mixin.py:109} INFO - [2022-02-22 00:08:34,147] {dagbag.py:500} INFO - Filling up the DagBag from /home/airflow/.local/lib/python3.7/site-packages/airflow/example_dags/example_task_group.py
[2022-02-22 00:08:34,254] {processor.py:654} INFO - DAG(s) dict_keys(['example_task_group']) retrieved from /home/airflow/.local/lib/python3.7/site-packages/airflow/example_dags/example_task_group.py
[2022-02-22 00:08:34,313] {logging_mixin.py:109} INFO - [2022-02-22 00:08:34,312] {dag.py:2396} INFO - Sync 1 DAGs
[2022-02-22 00:08:34,387] {logging_mixin.py:109} INFO - [2022-02-22 00:08:34,386] {dag.py:2935} INFO - Setting next_dagrun for example_task_group to 2022-02-21T00:08:34.384445+00:00
[2022-02-22 00:08:34,420] {processor.py:171} INFO - Processing /home/airflow/.local/lib/python3.7/site-packages/airflow/example_dags/example_task_group.py took 0.293 seconds
[2022-02-22 00:09:05,155] {processor.py:163} INFO - Started process (PID=8130) to work on /home/airflow/.local/lib/python3.7/site-packages/airflow/example_dags/example_task_group.py
[2022-02-22 00:09:05,161] {processor.py:642} INFO - Processing file /home/airflow/.local/lib/python3.7/site-packages/airflow/example_dags/example_task_group.py for tasks to queue
[2022-02-22 00:09:05,174] {logging_mixin.py:109} INFO - [2022-02-22 00:09:05,174] {dagbag.py:500} INFO - Filling up the DagBag from /home/airflow/.local/lib/python3.7/site-packages/airflow/example_dags/example_task_group.py
[2022-02-22 00:09:05,274] {processor.py:654} INFO - DAG(s) dict_keys(['example_task_group']) retrieved from /home/airflow/.local/lib/python3.7/site-packages/airflow/example_dags/example_task_group.py
[2022-02-22 00:09:05,337] {logging_mixin.py:109} INFO - [2022-02-22 00:09:05,336] {dag.py:2396} INFO - Sync 1 DAGs
[2022-02-22 00:09:05,406] {logging_mixin.py:109} INFO - [2022-02-22 00:09:05,405] {dag.py:2935} INFO - Setting next_dagrun for example_task_group to 2022-02-21T00:09:05.403575+00:00
[2022-02-22 00:09:05,439] {processor.py:171} INFO - Processing /home/airflow/.local/lib/python3.7/site-packages/airflow/example_dags/example_task_group.py took 0.292 seconds
[2022-02-22 00:09:37,001] {processor.py:163} INFO - Started process (PID=8221) to work on /home/airflow/.local/lib/python3.7/site-packages/airflow/example_dags/example_task_group.py
[2022-02-22 00:09:37,006] {processor.py:642} INFO - Processing file /home/airflow/.local/lib/python3.7/site-packages/airflow/example_dags/example_task_group.py for tasks to queue
[2022-02-22 00:09:37,009] {logging_mixin.py:109} INFO - [2022-02-22 00:09:37,009] {dagbag.py:500} INFO - Filling up the DagBag from /home/airflow/.local/lib/python3.7/site-packages/airflow/example_dags/example_task_group.py
[2022-02-22 00:09:37,089] {processor.py:654} INFO - DAG(s) dict_keys(['example_task_group']) retrieved from /home/airflow/.local/lib/python3.7/site-packages/airflow/example_dags/example_task_group.py
[2022-02-22 00:09:37,137] {logging_mixin.py:109} INFO - [2022-02-22 00:09:37,137] {dag.py:2396} INFO - Sync 1 DAGs
[2022-02-22 00:09:37,196] {logging_mixin.py:109} INFO - [2022-02-22 00:09:37,196] {dag.py:2935} INFO - Setting next_dagrun for example_task_group to 2022-02-21T00:09:37.194500+00:00
[2022-02-22 00:09:37,228] {processor.py:171} INFO - Processing /home/airflow/.local/lib/python3.7/site-packages/airflow/example_dags/example_task_group.py took 0.234 seconds
[2022-02-22 00:10:08,777] {processor.py:163} INFO - Started process (PID=8326) to work on /home/airflow/.local/lib/python3.7/site-packages/airflow/example_dags/example_task_group.py
[2022-02-22 00:10:08,783] {processor.py:642} INFO - Processing file /home/airflow/.local/lib/python3.7/site-packages/airflow/example_dags/example_task_group.py for tasks to queue
[2022-02-22 00:10:08,786] {logging_mixin.py:109} INFO - [2022-02-22 00:10:08,786] {dagbag.py:500} INFO - Filling up the DagBag from /home/airflow/.local/lib/python3.7/site-packages/airflow/example_dags/example_task_group.py
[2022-02-22 00:10:08,875] {processor.py:654} INFO - DAG(s) dict_keys(['example_task_group']) retrieved from /home/airflow/.local/lib/python3.7/site-packages/airflow/example_dags/example_task_group.py
[2022-02-22 00:10:08,929] {logging_mixin.py:109} INFO - [2022-02-22 00:10:08,929] {dag.py:2396} INFO - Sync 1 DAGs
[2022-02-22 00:10:09,003] {logging_mixin.py:109} INFO - [2022-02-22 00:10:09,003] {dag.py:2935} INFO - Setting next_dagrun for example_task_group to 2022-02-21T00:10:09.001333+00:00
[2022-02-22 00:10:09,038] {processor.py:171} INFO - Processing /home/airflow/.local/lib/python3.7/site-packages/airflow/example_dags/example_task_group.py took 0.268 seconds
[2022-02-22 00:10:39,727] {processor.py:163} INFO - Started process (PID=8411) to work on /home/airflow/.local/lib/python3.7/site-packages/airflow/example_dags/example_task_group.py
[2022-02-22 00:10:39,732] {processor.py:642} INFO - Processing file /home/airflow/.local/lib/python3.7/site-packages/airflow/example_dags/example_task_group.py for tasks to queue
[2022-02-22 00:10:39,734] {logging_mixin.py:109} INFO - [2022-02-22 00:10:39,734] {dagbag.py:500} INFO - Filling up the DagBag from /home/airflow/.local/lib/python3.7/site-packages/airflow/example_dags/example_task_group.py
[2022-02-22 00:10:39,813] {processor.py:654} INFO - DAG(s) dict_keys(['example_task_group']) retrieved from /home/airflow/.local/lib/python3.7/site-packages/airflow/example_dags/example_task_group.py
[2022-02-22 00:10:39,862] {logging_mixin.py:109} INFO - [2022-02-22 00:10:39,861] {dag.py:2396} INFO - Sync 1 DAGs
[2022-02-22 00:10:39,918] {logging_mixin.py:109} INFO - [2022-02-22 00:10:39,918] {dag.py:2935} INFO - Setting next_dagrun for example_task_group to 2022-02-21T00:10:39.916521+00:00
[2022-02-22 00:10:39,948] {processor.py:171} INFO - Processing /home/airflow/.local/lib/python3.7/site-packages/airflow/example_dags/example_task_group.py took 0.228 seconds
[2022-02-22 00:11:10,794] {processor.py:163} INFO - Started process (PID=8515) to work on /home/airflow/.local/lib/python3.7/site-packages/airflow/example_dags/example_task_group.py
[2022-02-22 00:11:10,798] {processor.py:642} INFO - Processing file /home/airflow/.local/lib/python3.7/site-packages/airflow/example_dags/example_task_group.py for tasks to queue
[2022-02-22 00:11:10,801] {logging_mixin.py:109} INFO - [2022-02-22 00:11:10,801] {dagbag.py:500} INFO - Filling up the DagBag from /home/airflow/.local/lib/python3.7/site-packages/airflow/example_dags/example_task_group.py
[2022-02-22 00:11:10,884] {processor.py:654} INFO - DAG(s) dict_keys(['example_task_group']) retrieved from /home/airflow/.local/lib/python3.7/site-packages/airflow/example_dags/example_task_group.py
[2022-02-22 00:11:10,935] {logging_mixin.py:109} INFO - [2022-02-22 00:11:10,934] {dag.py:2396} INFO - Sync 1 DAGs
[2022-02-22 00:11:10,999] {logging_mixin.py:109} INFO - [2022-02-22 00:11:10,998] {dag.py:2935} INFO - Setting next_dagrun for example_task_group to 2022-02-21T00:11:10.996829+00:00
[2022-02-22 00:11:11,032] {processor.py:171} INFO - Processing /home/airflow/.local/lib/python3.7/site-packages/airflow/example_dags/example_task_group.py took 0.245 seconds
[2022-02-22 00:11:42,567] {processor.py:163} INFO - Started process (PID=8613) to work on /home/airflow/.local/lib/python3.7/site-packages/airflow/example_dags/example_task_group.py
[2022-02-22 00:11:42,572] {processor.py:642} INFO - Processing file /home/airflow/.local/lib/python3.7/site-packages/airflow/example_dags/example_task_group.py for tasks to queue
[2022-02-22 00:11:42,575] {logging_mixin.py:109} INFO - [2022-02-22 00:11:42,575] {dagbag.py:500} INFO - Filling up the DagBag from /home/airflow/.local/lib/python3.7/site-packages/airflow/example_dags/example_task_group.py
[2022-02-22 00:11:42,667] {processor.py:654} INFO - DAG(s) dict_keys(['example_task_group']) retrieved from /home/airflow/.local/lib/python3.7/site-packages/airflow/example_dags/example_task_group.py
[2022-02-22 00:11:42,730] {logging_mixin.py:109} INFO - [2022-02-22 00:11:42,730] {dag.py:2396} INFO - Sync 1 DAGs
[2022-02-22 00:11:42,812] {logging_mixin.py:109} INFO - [2022-02-22 00:11:42,812] {dag.py:2935} INFO - Setting next_dagrun for example_task_group to 2022-02-21T00:11:42.810266+00:00
[2022-02-22 00:11:42,844] {processor.py:171} INFO - Processing /home/airflow/.local/lib/python3.7/site-packages/airflow/example_dags/example_task_group.py took 0.284 seconds
[2022-02-22 00:12:14,725] {processor.py:163} INFO - Started process (PID=8712) to work on /home/airflow/.local/lib/python3.7/site-packages/airflow/example_dags/example_task_group.py
[2022-02-22 00:12:14,736] {processor.py:642} INFO - Processing file /home/airflow/.local/lib/python3.7/site-packages/airflow/example_dags/example_task_group.py for tasks to queue
[2022-02-22 00:12:14,740] {logging_mixin.py:109} INFO - [2022-02-22 00:12:14,739] {dagbag.py:500} INFO - Filling up the DagBag from /home/airflow/.local/lib/python3.7/site-packages/airflow/example_dags/example_task_group.py
[2022-02-22 00:12:14,832] {processor.py:654} INFO - DAG(s) dict_keys(['example_task_group']) retrieved from /home/airflow/.local/lib/python3.7/site-packages/airflow/example_dags/example_task_group.py
[2022-02-22 00:12:14,904] {logging_mixin.py:109} INFO - [2022-02-22 00:12:14,904] {dag.py:2396} INFO - Sync 1 DAGs
[2022-02-22 00:12:14,971] {logging_mixin.py:109} INFO - [2022-02-22 00:12:14,971] {dag.py:2935} INFO - Setting next_dagrun for example_task_group to 2022-02-21T00:12:14.969471+00:00
[2022-02-22 00:12:15,005] {processor.py:171} INFO - Processing /home/airflow/.local/lib/python3.7/site-packages/airflow/example_dags/example_task_group.py took 0.287 seconds
[2022-02-22 00:12:46,216] {processor.py:163} INFO - Started process (PID=8816) to work on /home/airflow/.local/lib/python3.7/site-packages/airflow/example_dags/example_task_group.py
[2022-02-22 00:12:46,221] {processor.py:642} INFO - Processing file /home/airflow/.local/lib/python3.7/site-packages/airflow/example_dags/example_task_group.py for tasks to queue
[2022-02-22 00:12:46,224] {logging_mixin.py:109} INFO - [2022-02-22 00:12:46,223] {dagbag.py:500} INFO - Filling up the DagBag from /home/airflow/.local/lib/python3.7/site-packages/airflow/example_dags/example_task_group.py
[2022-02-22 00:12:46,308] {processor.py:654} INFO - DAG(s) dict_keys(['example_task_group']) retrieved from /home/airflow/.local/lib/python3.7/site-packages/airflow/example_dags/example_task_group.py
[2022-02-22 00:12:46,381] {logging_mixin.py:109} INFO - [2022-02-22 00:12:46,380] {dag.py:2396} INFO - Sync 1 DAGs
[2022-02-22 00:12:46,455] {logging_mixin.py:109} INFO - [2022-02-22 00:12:46,454] {dag.py:2935} INFO - Setting next_dagrun for example_task_group to 2022-02-21T00:12:46.452891+00:00
[2022-02-22 00:12:46,493] {processor.py:171} INFO - Processing /home/airflow/.local/lib/python3.7/site-packages/airflow/example_dags/example_task_group.py took 0.284 seconds
[2022-02-22 00:13:17,960] {processor.py:163} INFO - Started process (PID=8905) to work on /home/airflow/.local/lib/python3.7/site-packages/airflow/example_dags/example_task_group.py
[2022-02-22 00:13:17,964] {processor.py:642} INFO - Processing file /home/airflow/.local/lib/python3.7/site-packages/airflow/example_dags/example_task_group.py for tasks to queue
[2022-02-22 00:13:17,967] {logging_mixin.py:109} INFO - [2022-02-22 00:13:17,966] {dagbag.py:500} INFO - Filling up the DagBag from /home/airflow/.local/lib/python3.7/site-packages/airflow/example_dags/example_task_group.py
[2022-02-22 00:13:18,044] {processor.py:654} INFO - DAG(s) dict_keys(['example_task_group']) retrieved from /home/airflow/.local/lib/python3.7/site-packages/airflow/example_dags/example_task_group.py
[2022-02-22 00:13:18,091] {logging_mixin.py:109} INFO - [2022-02-22 00:13:18,090] {dag.py:2396} INFO - Sync 1 DAGs
[2022-02-22 00:13:18,149] {logging_mixin.py:109} INFO - [2022-02-22 00:13:18,148] {dag.py:2935} INFO - Setting next_dagrun for example_task_group to 2022-02-21T00:13:18.146943+00:00
[2022-02-22 00:13:18,178] {processor.py:171} INFO - Processing /home/airflow/.local/lib/python3.7/site-packages/airflow/example_dags/example_task_group.py took 0.225 seconds
[2022-02-22 00:13:50,135] {processor.py:163} INFO - Started process (PID=9011) to work on /home/airflow/.local/lib/python3.7/site-packages/airflow/example_dags/example_task_group.py
[2022-02-22 00:13:50,143] {processor.py:642} INFO - Processing file /home/airflow/.local/lib/python3.7/site-packages/airflow/example_dags/example_task_group.py for tasks to queue
[2022-02-22 00:13:50,147] {logging_mixin.py:109} INFO - [2022-02-22 00:13:50,147] {dagbag.py:500} INFO - Filling up the DagBag from /home/airflow/.local/lib/python3.7/site-packages/airflow/example_dags/example_task_group.py
[2022-02-22 00:13:50,233] {processor.py:654} INFO - DAG(s) dict_keys(['example_task_group']) retrieved from /home/airflow/.local/lib/python3.7/site-packages/airflow/example_dags/example_task_group.py
[2022-02-22 00:13:50,284] {logging_mixin.py:109} INFO - [2022-02-22 00:13:50,284] {dag.py:2396} INFO - Sync 1 DAGs
[2022-02-22 00:13:50,360] {logging_mixin.py:109} INFO - [2022-02-22 00:13:50,359] {dag.py:2935} INFO - Setting next_dagrun for example_task_group to 2022-02-21T00:13:50.357840+00:00
[2022-02-22 00:13:50,400] {processor.py:171} INFO - Processing /home/airflow/.local/lib/python3.7/site-packages/airflow/example_dags/example_task_group.py took 0.277 seconds
[2022-02-22 00:14:21,180] {processor.py:163} INFO - Started process (PID=9098) to work on /home/airflow/.local/lib/python3.7/site-packages/airflow/example_dags/example_task_group.py
[2022-02-22 00:14:21,185] {processor.py:642} INFO - Processing file /home/airflow/.local/lib/python3.7/site-packages/airflow/example_dags/example_task_group.py for tasks to queue
[2022-02-22 00:14:21,187] {logging_mixin.py:109} INFO - [2022-02-22 00:14:21,187] {dagbag.py:500} INFO - Filling up the DagBag from /home/airflow/.local/lib/python3.7/site-packages/airflow/example_dags/example_task_group.py
[2022-02-22 00:14:21,271] {processor.py:654} INFO - DAG(s) dict_keys(['example_task_group']) retrieved from /home/airflow/.local/lib/python3.7/site-packages/airflow/example_dags/example_task_group.py
[2022-02-22 00:14:21,321] {logging_mixin.py:109} INFO - [2022-02-22 00:14:21,320] {dag.py:2396} INFO - Sync 1 DAGs
[2022-02-22 00:14:21,377] {logging_mixin.py:109} INFO - [2022-02-22 00:14:21,377] {dag.py:2935} INFO - Setting next_dagrun for example_task_group to 2022-02-21T00:14:21.375993+00:00
[2022-02-22 00:14:21,403] {processor.py:171} INFO - Processing /home/airflow/.local/lib/python3.7/site-packages/airflow/example_dags/example_task_group.py took 0.230 seconds
[2022-02-22 00:14:53,432] {processor.py:163} INFO - Started process (PID=9206) to work on /home/airflow/.local/lib/python3.7/site-packages/airflow/example_dags/example_task_group.py
[2022-02-22 00:14:53,437] {processor.py:642} INFO - Processing file /home/airflow/.local/lib/python3.7/site-packages/airflow/example_dags/example_task_group.py for tasks to queue
[2022-02-22 00:14:53,441] {logging_mixin.py:109} INFO - [2022-02-22 00:14:53,441] {dagbag.py:500} INFO - Filling up the DagBag from /home/airflow/.local/lib/python3.7/site-packages/airflow/example_dags/example_task_group.py
[2022-02-22 00:14:53,531] {processor.py:654} INFO - DAG(s) dict_keys(['example_task_group']) retrieved from /home/airflow/.local/lib/python3.7/site-packages/airflow/example_dags/example_task_group.py
[2022-02-22 00:14:53,591] {logging_mixin.py:109} INFO - [2022-02-22 00:14:53,591] {dag.py:2396} INFO - Sync 1 DAGs
[2022-02-22 00:14:53,658] {logging_mixin.py:109} INFO - [2022-02-22 00:14:53,658] {dag.py:2935} INFO - Setting next_dagrun for example_task_group to 2022-02-21T00:14:53.656487+00:00
[2022-02-22 00:14:53,695] {processor.py:171} INFO - Processing /home/airflow/.local/lib/python3.7/site-packages/airflow/example_dags/example_task_group.py took 0.271 seconds
[2022-02-22 00:15:25,129] {processor.py:163} INFO - Started process (PID=9313) to work on /home/airflow/.local/lib/python3.7/site-packages/airflow/example_dags/example_task_group.py
[2022-02-22 00:15:25,133] {processor.py:642} INFO - Processing file /home/airflow/.local/lib/python3.7/site-packages/airflow/example_dags/example_task_group.py for tasks to queue
[2022-02-22 00:15:25,137] {logging_mixin.py:109} INFO - [2022-02-22 00:15:25,137] {dagbag.py:500} INFO - Filling up the DagBag from /home/airflow/.local/lib/python3.7/site-packages/airflow/example_dags/example_task_group.py
[2022-02-22 00:15:25,224] {processor.py:654} INFO - DAG(s) dict_keys(['example_task_group']) retrieved from /home/airflow/.local/lib/python3.7/site-packages/airflow/example_dags/example_task_group.py
[2022-02-22 00:15:25,273] {logging_mixin.py:109} INFO - [2022-02-22 00:15:25,272] {dag.py:2396} INFO - Sync 1 DAGs
[2022-02-22 00:15:25,341] {logging_mixin.py:109} INFO - [2022-02-22 00:15:25,341] {dag.py:2935} INFO - Setting next_dagrun for example_task_group to 2022-02-21T00:15:25.339519+00:00
[2022-02-22 00:15:25,373] {processor.py:171} INFO - Processing /home/airflow/.local/lib/python3.7/site-packages/airflow/example_dags/example_task_group.py took 0.253 seconds
[2022-02-22 00:15:56,665] {processor.py:163} INFO - Started process (PID=9399) to work on /home/airflow/.local/lib/python3.7/site-packages/airflow/example_dags/example_task_group.py
[2022-02-22 00:15:56,669] {processor.py:642} INFO - Processing file /home/airflow/.local/lib/python3.7/site-packages/airflow/example_dags/example_task_group.py for tasks to queue
[2022-02-22 00:15:56,672] {logging_mixin.py:109} INFO - [2022-02-22 00:15:56,672] {dagbag.py:500} INFO - Filling up the DagBag from /home/airflow/.local/lib/python3.7/site-packages/airflow/example_dags/example_task_group.py
[2022-02-22 00:15:56,760] {processor.py:654} INFO - DAG(s) dict_keys(['example_task_group']) retrieved from /home/airflow/.local/lib/python3.7/site-packages/airflow/example_dags/example_task_group.py
[2022-02-22 00:15:56,811] {logging_mixin.py:109} INFO - [2022-02-22 00:15:56,811] {dag.py:2396} INFO - Sync 1 DAGs
[2022-02-22 00:15:56,874] {logging_mixin.py:109} INFO - [2022-02-22 00:15:56,873] {dag.py:2935} INFO - Setting next_dagrun for example_task_group to 2022-02-21T00:15:56.871725+00:00
[2022-02-22 00:15:56,904] {processor.py:171} INFO - Processing /home/airflow/.local/lib/python3.7/site-packages/airflow/example_dags/example_task_group.py took 0.248 seconds
[2022-02-22 00:16:29,732] {processor.py:163} INFO - Started process (PID=9507) to work on /home/airflow/.local/lib/python3.7/site-packages/airflow/example_dags/example_task_group.py
[2022-02-22 00:16:29,736] {processor.py:642} INFO - Processing file /home/airflow/.local/lib/python3.7/site-packages/airflow/example_dags/example_task_group.py for tasks to queue
[2022-02-22 00:16:29,739] {logging_mixin.py:109} INFO - [2022-02-22 00:16:29,739] {dagbag.py:500} INFO - Filling up the DagBag from /home/airflow/.local/lib/python3.7/site-packages/airflow/example_dags/example_task_group.py
[2022-02-22 00:16:29,824] {processor.py:654} INFO - DAG(s) dict_keys(['example_task_group']) retrieved from /home/airflow/.local/lib/python3.7/site-packages/airflow/example_dags/example_task_group.py
[2022-02-22 00:16:29,873] {logging_mixin.py:109} INFO - [2022-02-22 00:16:29,873] {dag.py:2396} INFO - Sync 1 DAGs
[2022-02-22 00:16:29,940] {logging_mixin.py:109} INFO - [2022-02-22 00:16:29,940] {dag.py:2935} INFO - Setting next_dagrun for example_task_group to 2022-02-21T00:16:29.938632+00:00
[2022-02-22 00:16:29,971] {processor.py:171} INFO - Processing /home/airflow/.local/lib/python3.7/site-packages/airflow/example_dags/example_task_group.py took 0.246 seconds
[2022-02-22 00:17:00,580] {processor.py:163} INFO - Started process (PID=9594) to work on /home/airflow/.local/lib/python3.7/site-packages/airflow/example_dags/example_task_group.py
[2022-02-22 00:17:00,584] {processor.py:642} INFO - Processing file /home/airflow/.local/lib/python3.7/site-packages/airflow/example_dags/example_task_group.py for tasks to queue
[2022-02-22 00:17:00,587] {logging_mixin.py:109} INFO - [2022-02-22 00:17:00,587] {dagbag.py:500} INFO - Filling up the DagBag from /home/airflow/.local/lib/python3.7/site-packages/airflow/example_dags/example_task_group.py
[2022-02-22 00:17:00,665] {processor.py:654} INFO - DAG(s) dict_keys(['example_task_group']) retrieved from /home/airflow/.local/lib/python3.7/site-packages/airflow/example_dags/example_task_group.py
[2022-02-22 00:17:00,707] {logging_mixin.py:109} INFO - [2022-02-22 00:17:00,707] {dag.py:2396} INFO - Sync 1 DAGs
[2022-02-22 00:17:00,759] {logging_mixin.py:109} INFO - [2022-02-22 00:17:00,759] {dag.py:2935} INFO - Setting next_dagrun for example_task_group to 2022-02-21T00:17:00.757606+00:00
[2022-02-22 00:17:00,786] {processor.py:171} INFO - Processing /home/airflow/.local/lib/python3.7/site-packages/airflow/example_dags/example_task_group.py took 0.213 seconds
