[2022-02-22 00:00:01,876] {processor.py:163} INFO - Started process (PID=6443) to work on /home/airflow/.local/lib/python3.7/site-packages/airflow/example_dags/example_external_task_marker_dag.py
[2022-02-22 00:00:01,881] {processor.py:642} INFO - Processing file /home/airflow/.local/lib/python3.7/site-packages/airflow/example_dags/example_external_task_marker_dag.py for tasks to queue
[2022-02-22 00:00:01,885] {logging_mixin.py:109} INFO - [2022-02-22 00:00:01,884] {dagbag.py:500} INFO - Filling up the DagBag from /home/airflow/.local/lib/python3.7/site-packages/airflow/example_dags/example_external_task_marker_dag.py
[2022-02-22 00:00:01,959] {processor.py:654} INFO - DAG(s) dict_keys(['example_external_task_marker_parent', 'example_external_task_marker_child']) retrieved from /home/airflow/.local/lib/python3.7/site-packages/airflow/example_dags/example_external_task_marker_dag.py
[2022-02-22 00:00:02,019] {logging_mixin.py:109} INFO - [2022-02-22 00:00:02,018] {dag.py:2396} INFO - Sync 2 DAGs
[2022-02-22 00:00:02,090] {logging_mixin.py:109} INFO - [2022-02-22 00:00:02,089] {dag.py:2935} INFO - Setting next_dagrun for example_external_task_marker_child to None
[2022-02-22 00:00:02,093] {logging_mixin.py:109} INFO - [2022-02-22 00:00:02,093] {dag.py:2935} INFO - Setting next_dagrun for example_external_task_marker_parent to None
[2022-02-22 00:00:02,129] {processor.py:171} INFO - Processing /home/airflow/.local/lib/python3.7/site-packages/airflow/example_dags/example_external_task_marker_dag.py took 0.260 seconds
[2022-02-22 00:00:32,381] {processor.py:163} INFO - Started process (PID=6537) to work on /home/airflow/.local/lib/python3.7/site-packages/airflow/example_dags/example_external_task_marker_dag.py
[2022-02-22 00:00:32,386] {processor.py:642} INFO - Processing file /home/airflow/.local/lib/python3.7/site-packages/airflow/example_dags/example_external_task_marker_dag.py for tasks to queue
[2022-02-22 00:00:32,390] {logging_mixin.py:109} INFO - [2022-02-22 00:00:32,390] {dagbag.py:500} INFO - Filling up the DagBag from /home/airflow/.local/lib/python3.7/site-packages/airflow/example_dags/example_external_task_marker_dag.py
[2022-02-22 00:00:32,469] {processor.py:654} INFO - DAG(s) dict_keys(['example_external_task_marker_parent', 'example_external_task_marker_child']) retrieved from /home/airflow/.local/lib/python3.7/site-packages/airflow/example_dags/example_external_task_marker_dag.py
[2022-02-22 00:00:32,545] {logging_mixin.py:109} INFO - [2022-02-22 00:00:32,544] {dag.py:2396} INFO - Sync 2 DAGs
[2022-02-22 00:00:32,616] {logging_mixin.py:109} INFO - [2022-02-22 00:00:32,615] {dag.py:2935} INFO - Setting next_dagrun for example_external_task_marker_child to None
[2022-02-22 00:00:32,619] {logging_mixin.py:109} INFO - [2022-02-22 00:00:32,619] {dag.py:2935} INFO - Setting next_dagrun for example_external_task_marker_parent to None
[2022-02-22 00:00:32,651] {processor.py:171} INFO - Processing /home/airflow/.local/lib/python3.7/site-packages/airflow/example_dags/example_external_task_marker_dag.py took 0.278 seconds
[2022-02-22 00:01:03,258] {processor.py:163} INFO - Started process (PID=6635) to work on /home/airflow/.local/lib/python3.7/site-packages/airflow/example_dags/example_external_task_marker_dag.py
[2022-02-22 00:01:03,264] {processor.py:642} INFO - Processing file /home/airflow/.local/lib/python3.7/site-packages/airflow/example_dags/example_external_task_marker_dag.py for tasks to queue
[2022-02-22 00:01:03,267] {logging_mixin.py:109} INFO - [2022-02-22 00:01:03,266] {dagbag.py:500} INFO - Filling up the DagBag from /home/airflow/.local/lib/python3.7/site-packages/airflow/example_dags/example_external_task_marker_dag.py
[2022-02-22 00:01:03,339] {processor.py:654} INFO - DAG(s) dict_keys(['example_external_task_marker_parent', 'example_external_task_marker_child']) retrieved from /home/airflow/.local/lib/python3.7/site-packages/airflow/example_dags/example_external_task_marker_dag.py
[2022-02-22 00:01:03,394] {logging_mixin.py:109} INFO - [2022-02-22 00:01:03,394] {dag.py:2396} INFO - Sync 2 DAGs
[2022-02-22 00:01:03,457] {logging_mixin.py:109} INFO - [2022-02-22 00:01:03,456] {dag.py:2935} INFO - Setting next_dagrun for example_external_task_marker_child to None
[2022-02-22 00:01:03,461] {logging_mixin.py:109} INFO - [2022-02-22 00:01:03,461] {dag.py:2935} INFO - Setting next_dagrun for example_external_task_marker_parent to None
[2022-02-22 00:01:03,494] {processor.py:171} INFO - Processing /home/airflow/.local/lib/python3.7/site-packages/airflow/example_dags/example_external_task_marker_dag.py took 0.244 seconds
[2022-02-22 00:01:34,093] {processor.py:163} INFO - Started process (PID=6728) to work on /home/airflow/.local/lib/python3.7/site-packages/airflow/example_dags/example_external_task_marker_dag.py
[2022-02-22 00:01:34,099] {processor.py:642} INFO - Processing file /home/airflow/.local/lib/python3.7/site-packages/airflow/example_dags/example_external_task_marker_dag.py for tasks to queue
[2022-02-22 00:01:34,104] {logging_mixin.py:109} INFO - [2022-02-22 00:01:34,103] {dagbag.py:500} INFO - Filling up the DagBag from /home/airflow/.local/lib/python3.7/site-packages/airflow/example_dags/example_external_task_marker_dag.py
[2022-02-22 00:01:34,180] {processor.py:654} INFO - DAG(s) dict_keys(['example_external_task_marker_parent', 'example_external_task_marker_child']) retrieved from /home/airflow/.local/lib/python3.7/site-packages/airflow/example_dags/example_external_task_marker_dag.py
[2022-02-22 00:01:34,239] {logging_mixin.py:109} INFO - [2022-02-22 00:01:34,238] {dag.py:2396} INFO - Sync 2 DAGs
[2022-02-22 00:01:34,308] {logging_mixin.py:109} INFO - [2022-02-22 00:01:34,308] {dag.py:2935} INFO - Setting next_dagrun for example_external_task_marker_child to None
[2022-02-22 00:01:34,311] {logging_mixin.py:109} INFO - [2022-02-22 00:01:34,310] {dag.py:2935} INFO - Setting next_dagrun for example_external_task_marker_parent to None
[2022-02-22 00:01:34,349] {processor.py:171} INFO - Processing /home/airflow/.local/lib/python3.7/site-packages/airflow/example_dags/example_external_task_marker_dag.py took 0.263 seconds
[2022-02-22 00:02:04,486] {processor.py:163} INFO - Started process (PID=6831) to work on /home/airflow/.local/lib/python3.7/site-packages/airflow/example_dags/example_external_task_marker_dag.py
[2022-02-22 00:02:04,491] {processor.py:642} INFO - Processing file /home/airflow/.local/lib/python3.7/site-packages/airflow/example_dags/example_external_task_marker_dag.py for tasks to queue
[2022-02-22 00:02:04,495] {logging_mixin.py:109} INFO - [2022-02-22 00:02:04,494] {dagbag.py:500} INFO - Filling up the DagBag from /home/airflow/.local/lib/python3.7/site-packages/airflow/example_dags/example_external_task_marker_dag.py
[2022-02-22 00:02:04,578] {processor.py:654} INFO - DAG(s) dict_keys(['example_external_task_marker_parent', 'example_external_task_marker_child']) retrieved from /home/airflow/.local/lib/python3.7/site-packages/airflow/example_dags/example_external_task_marker_dag.py
[2022-02-22 00:02:04,638] {logging_mixin.py:109} INFO - [2022-02-22 00:02:04,637] {dag.py:2396} INFO - Sync 2 DAGs
[2022-02-22 00:02:04,711] {logging_mixin.py:109} INFO - [2022-02-22 00:02:04,711] {dag.py:2935} INFO - Setting next_dagrun for example_external_task_marker_child to None
[2022-02-22 00:02:04,714] {logging_mixin.py:109} INFO - [2022-02-22 00:02:04,714] {dag.py:2935} INFO - Setting next_dagrun for example_external_task_marker_parent to None
[2022-02-22 00:02:04,751] {processor.py:171} INFO - Processing /home/airflow/.local/lib/python3.7/site-packages/airflow/example_dags/example_external_task_marker_dag.py took 0.275 seconds
[2022-02-22 00:02:35,467] {processor.py:163} INFO - Started process (PID=6916) to work on /home/airflow/.local/lib/python3.7/site-packages/airflow/example_dags/example_external_task_marker_dag.py
[2022-02-22 00:02:35,473] {processor.py:642} INFO - Processing file /home/airflow/.local/lib/python3.7/site-packages/airflow/example_dags/example_external_task_marker_dag.py for tasks to queue
[2022-02-22 00:02:35,476] {logging_mixin.py:109} INFO - [2022-02-22 00:02:35,476] {dagbag.py:500} INFO - Filling up the DagBag from /home/airflow/.local/lib/python3.7/site-packages/airflow/example_dags/example_external_task_marker_dag.py
[2022-02-22 00:02:35,550] {processor.py:654} INFO - DAG(s) dict_keys(['example_external_task_marker_parent', 'example_external_task_marker_child']) retrieved from /home/airflow/.local/lib/python3.7/site-packages/airflow/example_dags/example_external_task_marker_dag.py
[2022-02-22 00:02:35,604] {logging_mixin.py:109} INFO - [2022-02-22 00:02:35,604] {dag.py:2396} INFO - Sync 2 DAGs
[2022-02-22 00:02:35,665] {logging_mixin.py:109} INFO - [2022-02-22 00:02:35,665] {dag.py:2935} INFO - Setting next_dagrun for example_external_task_marker_child to None
[2022-02-22 00:02:35,668] {logging_mixin.py:109} INFO - [2022-02-22 00:02:35,667] {dag.py:2935} INFO - Setting next_dagrun for example_external_task_marker_parent to None
[2022-02-22 00:02:35,698] {processor.py:171} INFO - Processing /home/airflow/.local/lib/python3.7/site-packages/airflow/example_dags/example_external_task_marker_dag.py took 0.238 seconds
[2022-02-22 00:03:06,492] {processor.py:163} INFO - Started process (PID=7020) to work on /home/airflow/.local/lib/python3.7/site-packages/airflow/example_dags/example_external_task_marker_dag.py
[2022-02-22 00:03:06,497] {processor.py:642} INFO - Processing file /home/airflow/.local/lib/python3.7/site-packages/airflow/example_dags/example_external_task_marker_dag.py for tasks to queue
[2022-02-22 00:03:06,501] {logging_mixin.py:109} INFO - [2022-02-22 00:03:06,500] {dagbag.py:500} INFO - Filling up the DagBag from /home/airflow/.local/lib/python3.7/site-packages/airflow/example_dags/example_external_task_marker_dag.py
[2022-02-22 00:03:06,581] {processor.py:654} INFO - DAG(s) dict_keys(['example_external_task_marker_parent', 'example_external_task_marker_child']) retrieved from /home/airflow/.local/lib/python3.7/site-packages/airflow/example_dags/example_external_task_marker_dag.py
[2022-02-22 00:03:06,643] {logging_mixin.py:109} INFO - [2022-02-22 00:03:06,643] {dag.py:2396} INFO - Sync 2 DAGs
[2022-02-22 00:03:06,715] {logging_mixin.py:109} INFO - [2022-02-22 00:03:06,714] {dag.py:2935} INFO - Setting next_dagrun for example_external_task_marker_child to None
[2022-02-22 00:03:06,718] {logging_mixin.py:109} INFO - [2022-02-22 00:03:06,718] {dag.py:2935} INFO - Setting next_dagrun for example_external_task_marker_parent to None
[2022-02-22 00:03:06,755] {processor.py:171} INFO - Processing /home/airflow/.local/lib/python3.7/site-packages/airflow/example_dags/example_external_task_marker_dag.py took 0.271 seconds
[2022-02-22 00:03:36,944] {processor.py:163} INFO - Started process (PID=7107) to work on /home/airflow/.local/lib/python3.7/site-packages/airflow/example_dags/example_external_task_marker_dag.py
[2022-02-22 00:03:36,950] {processor.py:642} INFO - Processing file /home/airflow/.local/lib/python3.7/site-packages/airflow/example_dags/example_external_task_marker_dag.py for tasks to queue
[2022-02-22 00:03:36,954] {logging_mixin.py:109} INFO - [2022-02-22 00:03:36,954] {dagbag.py:500} INFO - Filling up the DagBag from /home/airflow/.local/lib/python3.7/site-packages/airflow/example_dags/example_external_task_marker_dag.py
[2022-02-22 00:03:37,038] {processor.py:654} INFO - DAG(s) dict_keys(['example_external_task_marker_parent', 'example_external_task_marker_child']) retrieved from /home/airflow/.local/lib/python3.7/site-packages/airflow/example_dags/example_external_task_marker_dag.py
[2022-02-22 00:03:37,090] {logging_mixin.py:109} INFO - [2022-02-22 00:03:37,089] {dag.py:2396} INFO - Sync 2 DAGs
[2022-02-22 00:03:37,151] {logging_mixin.py:109} INFO - [2022-02-22 00:03:37,150] {dag.py:2935} INFO - Setting next_dagrun for example_external_task_marker_child to None
[2022-02-22 00:03:37,154] {logging_mixin.py:109} INFO - [2022-02-22 00:03:37,154] {dag.py:2935} INFO - Setting next_dagrun for example_external_task_marker_parent to None
[2022-02-22 00:03:37,186] {processor.py:171} INFO - Processing /home/airflow/.local/lib/python3.7/site-packages/airflow/example_dags/example_external_task_marker_dag.py took 0.251 seconds
[2022-02-22 00:04:07,757] {processor.py:163} INFO - Started process (PID=7212) to work on /home/airflow/.local/lib/python3.7/site-packages/airflow/example_dags/example_external_task_marker_dag.py
[2022-02-22 00:04:07,764] {processor.py:642} INFO - Processing file /home/airflow/.local/lib/python3.7/site-packages/airflow/example_dags/example_external_task_marker_dag.py for tasks to queue
[2022-02-22 00:04:07,768] {logging_mixin.py:109} INFO - [2022-02-22 00:04:07,768] {dagbag.py:500} INFO - Filling up the DagBag from /home/airflow/.local/lib/python3.7/site-packages/airflow/example_dags/example_external_task_marker_dag.py
[2022-02-22 00:04:07,850] {processor.py:654} INFO - DAG(s) dict_keys(['example_external_task_marker_parent', 'example_external_task_marker_child']) retrieved from /home/airflow/.local/lib/python3.7/site-packages/airflow/example_dags/example_external_task_marker_dag.py
[2022-02-22 00:04:07,917] {logging_mixin.py:109} INFO - [2022-02-22 00:04:07,916] {dag.py:2396} INFO - Sync 2 DAGs
[2022-02-22 00:04:07,983] {logging_mixin.py:109} INFO - [2022-02-22 00:04:07,983] {dag.py:2935} INFO - Setting next_dagrun for example_external_task_marker_child to None
[2022-02-22 00:04:07,987] {logging_mixin.py:109} INFO - [2022-02-22 00:04:07,986] {dag.py:2935} INFO - Setting next_dagrun for example_external_task_marker_parent to None
[2022-02-22 00:04:08,019] {processor.py:171} INFO - Processing /home/airflow/.local/lib/python3.7/site-packages/airflow/example_dags/example_external_task_marker_dag.py took 0.270 seconds
[2022-02-22 00:04:38,745] {processor.py:163} INFO - Started process (PID=7298) to work on /home/airflow/.local/lib/python3.7/site-packages/airflow/example_dags/example_external_task_marker_dag.py
[2022-02-22 00:04:38,750] {processor.py:642} INFO - Processing file /home/airflow/.local/lib/python3.7/site-packages/airflow/example_dags/example_external_task_marker_dag.py for tasks to queue
[2022-02-22 00:04:38,753] {logging_mixin.py:109} INFO - [2022-02-22 00:04:38,753] {dagbag.py:500} INFO - Filling up the DagBag from /home/airflow/.local/lib/python3.7/site-packages/airflow/example_dags/example_external_task_marker_dag.py
[2022-02-22 00:04:38,822] {processor.py:654} INFO - DAG(s) dict_keys(['example_external_task_marker_parent', 'example_external_task_marker_child']) retrieved from /home/airflow/.local/lib/python3.7/site-packages/airflow/example_dags/example_external_task_marker_dag.py
[2022-02-22 00:04:38,874] {logging_mixin.py:109} INFO - [2022-02-22 00:04:38,874] {dag.py:2396} INFO - Sync 2 DAGs
[2022-02-22 00:04:38,935] {logging_mixin.py:109} INFO - [2022-02-22 00:04:38,934] {dag.py:2935} INFO - Setting next_dagrun for example_external_task_marker_child to None
[2022-02-22 00:04:38,937] {logging_mixin.py:109} INFO - [2022-02-22 00:04:38,937] {dag.py:2935} INFO - Setting next_dagrun for example_external_task_marker_parent to None
[2022-02-22 00:04:38,970] {processor.py:171} INFO - Processing /home/airflow/.local/lib/python3.7/site-packages/airflow/example_dags/example_external_task_marker_dag.py took 0.233 seconds
[2022-02-22 00:05:09,170] {processor.py:163} INFO - Started process (PID=7402) to work on /home/airflow/.local/lib/python3.7/site-packages/airflow/example_dags/example_external_task_marker_dag.py
[2022-02-22 00:05:09,174] {processor.py:642} INFO - Processing file /home/airflow/.local/lib/python3.7/site-packages/airflow/example_dags/example_external_task_marker_dag.py for tasks to queue
[2022-02-22 00:05:09,178] {logging_mixin.py:109} INFO - [2022-02-22 00:05:09,177] {dagbag.py:500} INFO - Filling up the DagBag from /home/airflow/.local/lib/python3.7/site-packages/airflow/example_dags/example_external_task_marker_dag.py
[2022-02-22 00:05:09,248] {processor.py:654} INFO - DAG(s) dict_keys(['example_external_task_marker_parent', 'example_external_task_marker_child']) retrieved from /home/airflow/.local/lib/python3.7/site-packages/airflow/example_dags/example_external_task_marker_dag.py
[2022-02-22 00:05:09,303] {logging_mixin.py:109} INFO - [2022-02-22 00:05:09,303] {dag.py:2396} INFO - Sync 2 DAGs
[2022-02-22 00:05:09,374] {logging_mixin.py:109} INFO - [2022-02-22 00:05:09,374] {dag.py:2935} INFO - Setting next_dagrun for example_external_task_marker_child to None
[2022-02-22 00:05:09,378] {logging_mixin.py:109} INFO - [2022-02-22 00:05:09,378] {dag.py:2935} INFO - Setting next_dagrun for example_external_task_marker_parent to None
[2022-02-22 00:05:09,411] {processor.py:171} INFO - Processing /home/airflow/.local/lib/python3.7/site-packages/airflow/example_dags/example_external_task_marker_dag.py took 0.248 seconds
[2022-02-22 00:05:39,808] {processor.py:163} INFO - Started process (PID=7487) to work on /home/airflow/.local/lib/python3.7/site-packages/airflow/example_dags/example_external_task_marker_dag.py
[2022-02-22 00:05:39,813] {processor.py:642} INFO - Processing file /home/airflow/.local/lib/python3.7/site-packages/airflow/example_dags/example_external_task_marker_dag.py for tasks to queue
[2022-02-22 00:05:39,815] {logging_mixin.py:109} INFO - [2022-02-22 00:05:39,815] {dagbag.py:500} INFO - Filling up the DagBag from /home/airflow/.local/lib/python3.7/site-packages/airflow/example_dags/example_external_task_marker_dag.py
[2022-02-22 00:05:39,874] {processor.py:654} INFO - DAG(s) dict_keys(['example_external_task_marker_parent', 'example_external_task_marker_child']) retrieved from /home/airflow/.local/lib/python3.7/site-packages/airflow/example_dags/example_external_task_marker_dag.py
[2022-02-22 00:05:39,924] {logging_mixin.py:109} INFO - [2022-02-22 00:05:39,923] {dag.py:2396} INFO - Sync 2 DAGs
[2022-02-22 00:05:39,975] {logging_mixin.py:109} INFO - [2022-02-22 00:05:39,975] {dag.py:2935} INFO - Setting next_dagrun for example_external_task_marker_child to None
[2022-02-22 00:05:39,978] {logging_mixin.py:109} INFO - [2022-02-22 00:05:39,978] {dag.py:2935} INFO - Setting next_dagrun for example_external_task_marker_parent to None
[2022-02-22 00:05:40,006] {processor.py:171} INFO - Processing /home/airflow/.local/lib/python3.7/site-packages/airflow/example_dags/example_external_task_marker_dag.py took 0.205 seconds
[2022-02-22 00:06:10,676] {processor.py:163} INFO - Started process (PID=7591) to work on /home/airflow/.local/lib/python3.7/site-packages/airflow/example_dags/example_external_task_marker_dag.py
[2022-02-22 00:06:10,681] {processor.py:642} INFO - Processing file /home/airflow/.local/lib/python3.7/site-packages/airflow/example_dags/example_external_task_marker_dag.py for tasks to queue
[2022-02-22 00:06:10,685] {logging_mixin.py:109} INFO - [2022-02-22 00:06:10,684] {dagbag.py:500} INFO - Filling up the DagBag from /home/airflow/.local/lib/python3.7/site-packages/airflow/example_dags/example_external_task_marker_dag.py
[2022-02-22 00:06:10,756] {processor.py:654} INFO - DAG(s) dict_keys(['example_external_task_marker_parent', 'example_external_task_marker_child']) retrieved from /home/airflow/.local/lib/python3.7/site-packages/airflow/example_dags/example_external_task_marker_dag.py
[2022-02-22 00:06:10,808] {logging_mixin.py:109} INFO - [2022-02-22 00:06:10,807] {dag.py:2396} INFO - Sync 2 DAGs
[2022-02-22 00:06:10,871] {logging_mixin.py:109} INFO - [2022-02-22 00:06:10,871] {dag.py:2935} INFO - Setting next_dagrun for example_external_task_marker_child to None
[2022-02-22 00:06:10,874] {logging_mixin.py:109} INFO - [2022-02-22 00:06:10,874] {dag.py:2935} INFO - Setting next_dagrun for example_external_task_marker_parent to None
[2022-02-22 00:06:10,905] {processor.py:171} INFO - Processing /home/airflow/.local/lib/python3.7/site-packages/airflow/example_dags/example_external_task_marker_dag.py took 0.236 seconds
[2022-02-22 00:06:41,062] {processor.py:163} INFO - Started process (PID=7678) to work on /home/airflow/.local/lib/python3.7/site-packages/airflow/example_dags/example_external_task_marker_dag.py
[2022-02-22 00:06:41,066] {processor.py:642} INFO - Processing file /home/airflow/.local/lib/python3.7/site-packages/airflow/example_dags/example_external_task_marker_dag.py for tasks to queue
[2022-02-22 00:06:41,069] {logging_mixin.py:109} INFO - [2022-02-22 00:06:41,068] {dagbag.py:500} INFO - Filling up the DagBag from /home/airflow/.local/lib/python3.7/site-packages/airflow/example_dags/example_external_task_marker_dag.py
[2022-02-22 00:06:41,125] {processor.py:654} INFO - DAG(s) dict_keys(['example_external_task_marker_parent', 'example_external_task_marker_child']) retrieved from /home/airflow/.local/lib/python3.7/site-packages/airflow/example_dags/example_external_task_marker_dag.py
[2022-02-22 00:06:41,167] {logging_mixin.py:109} INFO - [2022-02-22 00:06:41,166] {dag.py:2396} INFO - Sync 2 DAGs
[2022-02-22 00:06:41,214] {logging_mixin.py:109} INFO - [2022-02-22 00:06:41,214] {dag.py:2935} INFO - Setting next_dagrun for example_external_task_marker_child to None
[2022-02-22 00:06:41,217] {logging_mixin.py:109} INFO - [2022-02-22 00:06:41,217] {dag.py:2935} INFO - Setting next_dagrun for example_external_task_marker_parent to None
[2022-02-22 00:06:41,240] {processor.py:171} INFO - Processing /home/airflow/.local/lib/python3.7/site-packages/airflow/example_dags/example_external_task_marker_dag.py took 0.184 seconds
[2022-02-22 00:07:11,565] {processor.py:163} INFO - Started process (PID=7781) to work on /home/airflow/.local/lib/python3.7/site-packages/airflow/example_dags/example_external_task_marker_dag.py
[2022-02-22 00:07:11,571] {processor.py:642} INFO - Processing file /home/airflow/.local/lib/python3.7/site-packages/airflow/example_dags/example_external_task_marker_dag.py for tasks to queue
[2022-02-22 00:07:11,574] {logging_mixin.py:109} INFO - [2022-02-22 00:07:11,574] {dagbag.py:500} INFO - Filling up the DagBag from /home/airflow/.local/lib/python3.7/site-packages/airflow/example_dags/example_external_task_marker_dag.py
[2022-02-22 00:07:11,652] {processor.py:654} INFO - DAG(s) dict_keys(['example_external_task_marker_parent', 'example_external_task_marker_child']) retrieved from /home/airflow/.local/lib/python3.7/site-packages/airflow/example_dags/example_external_task_marker_dag.py
[2022-02-22 00:07:11,707] {logging_mixin.py:109} INFO - [2022-02-22 00:07:11,707] {dag.py:2396} INFO - Sync 2 DAGs
[2022-02-22 00:07:11,774] {logging_mixin.py:109} INFO - [2022-02-22 00:07:11,773] {dag.py:2935} INFO - Setting next_dagrun for example_external_task_marker_child to None
[2022-02-22 00:07:11,777] {logging_mixin.py:109} INFO - [2022-02-22 00:07:11,777] {dag.py:2935} INFO - Setting next_dagrun for example_external_task_marker_parent to None
[2022-02-22 00:07:11,807] {processor.py:171} INFO - Processing /home/airflow/.local/lib/python3.7/site-packages/airflow/example_dags/example_external_task_marker_dag.py took 0.249 seconds
[2022-02-22 00:07:42,245] {processor.py:163} INFO - Started process (PID=7877) to work on /home/airflow/.local/lib/python3.7/site-packages/airflow/example_dags/example_external_task_marker_dag.py
[2022-02-22 00:07:42,251] {processor.py:642} INFO - Processing file /home/airflow/.local/lib/python3.7/site-packages/airflow/example_dags/example_external_task_marker_dag.py for tasks to queue
[2022-02-22 00:07:42,257] {logging_mixin.py:109} INFO - [2022-02-22 00:07:42,256] {dagbag.py:500} INFO - Filling up the DagBag from /home/airflow/.local/lib/python3.7/site-packages/airflow/example_dags/example_external_task_marker_dag.py
[2022-02-22 00:07:42,340] {processor.py:654} INFO - DAG(s) dict_keys(['example_external_task_marker_parent', 'example_external_task_marker_child']) retrieved from /home/airflow/.local/lib/python3.7/site-packages/airflow/example_dags/example_external_task_marker_dag.py
[2022-02-22 00:07:42,404] {logging_mixin.py:109} INFO - [2022-02-22 00:07:42,404] {dag.py:2396} INFO - Sync 2 DAGs
[2022-02-22 00:07:42,472] {logging_mixin.py:109} INFO - [2022-02-22 00:07:42,472] {dag.py:2935} INFO - Setting next_dagrun for example_external_task_marker_child to None
[2022-02-22 00:07:42,475] {logging_mixin.py:109} INFO - [2022-02-22 00:07:42,475] {dag.py:2935} INFO - Setting next_dagrun for example_external_task_marker_parent to None
[2022-02-22 00:07:42,510] {processor.py:171} INFO - Processing /home/airflow/.local/lib/python3.7/site-packages/airflow/example_dags/example_external_task_marker_dag.py took 0.274 seconds
[2022-02-22 00:08:12,705] {processor.py:163} INFO - Started process (PID=7971) to work on /home/airflow/.local/lib/python3.7/site-packages/airflow/example_dags/example_external_task_marker_dag.py
[2022-02-22 00:08:12,710] {processor.py:642} INFO - Processing file /home/airflow/.local/lib/python3.7/site-packages/airflow/example_dags/example_external_task_marker_dag.py for tasks to queue
[2022-02-22 00:08:12,712] {logging_mixin.py:109} INFO - [2022-02-22 00:08:12,712] {dagbag.py:500} INFO - Filling up the DagBag from /home/airflow/.local/lib/python3.7/site-packages/airflow/example_dags/example_external_task_marker_dag.py
[2022-02-22 00:08:12,790] {processor.py:654} INFO - DAG(s) dict_keys(['example_external_task_marker_parent', 'example_external_task_marker_child']) retrieved from /home/airflow/.local/lib/python3.7/site-packages/airflow/example_dags/example_external_task_marker_dag.py
[2022-02-22 00:08:12,849] {logging_mixin.py:109} INFO - [2022-02-22 00:08:12,848] {dag.py:2396} INFO - Sync 2 DAGs
[2022-02-22 00:08:12,920] {logging_mixin.py:109} INFO - [2022-02-22 00:08:12,919] {dag.py:2935} INFO - Setting next_dagrun for example_external_task_marker_child to None
[2022-02-22 00:08:12,923] {logging_mixin.py:109} INFO - [2022-02-22 00:08:12,922] {dag.py:2935} INFO - Setting next_dagrun for example_external_task_marker_parent to None
[2022-02-22 00:08:12,954] {processor.py:171} INFO - Processing /home/airflow/.local/lib/python3.7/site-packages/airflow/example_dags/example_external_task_marker_dag.py took 0.257 seconds
[2022-02-22 00:08:43,088] {processor.py:163} INFO - Started process (PID=8069) to work on /home/airflow/.local/lib/python3.7/site-packages/airflow/example_dags/example_external_task_marker_dag.py
[2022-02-22 00:08:43,093] {processor.py:642} INFO - Processing file /home/airflow/.local/lib/python3.7/site-packages/airflow/example_dags/example_external_task_marker_dag.py for tasks to queue
[2022-02-22 00:08:43,096] {logging_mixin.py:109} INFO - [2022-02-22 00:08:43,096] {dagbag.py:500} INFO - Filling up the DagBag from /home/airflow/.local/lib/python3.7/site-packages/airflow/example_dags/example_external_task_marker_dag.py
[2022-02-22 00:08:43,175] {processor.py:654} INFO - DAG(s) dict_keys(['example_external_task_marker_parent', 'example_external_task_marker_child']) retrieved from /home/airflow/.local/lib/python3.7/site-packages/airflow/example_dags/example_external_task_marker_dag.py
[2022-02-22 00:08:43,231] {logging_mixin.py:109} INFO - [2022-02-22 00:08:43,230] {dag.py:2396} INFO - Sync 2 DAGs
[2022-02-22 00:08:43,299] {logging_mixin.py:109} INFO - [2022-02-22 00:08:43,298] {dag.py:2935} INFO - Setting next_dagrun for example_external_task_marker_child to None
[2022-02-22 00:08:43,302] {logging_mixin.py:109} INFO - [2022-02-22 00:08:43,302] {dag.py:2935} INFO - Setting next_dagrun for example_external_task_marker_parent to None
[2022-02-22 00:08:43,336] {processor.py:171} INFO - Processing /home/airflow/.local/lib/python3.7/site-packages/airflow/example_dags/example_external_task_marker_dag.py took 0.257 seconds
[2022-02-22 00:09:13,458] {processor.py:163} INFO - Started process (PID=8162) to work on /home/airflow/.local/lib/python3.7/site-packages/airflow/example_dags/example_external_task_marker_dag.py
[2022-02-22 00:09:13,464] {processor.py:642} INFO - Processing file /home/airflow/.local/lib/python3.7/site-packages/airflow/example_dags/example_external_task_marker_dag.py for tasks to queue
[2022-02-22 00:09:13,467] {logging_mixin.py:109} INFO - [2022-02-22 00:09:13,467] {dagbag.py:500} INFO - Filling up the DagBag from /home/airflow/.local/lib/python3.7/site-packages/airflow/example_dags/example_external_task_marker_dag.py
[2022-02-22 00:09:13,545] {processor.py:654} INFO - DAG(s) dict_keys(['example_external_task_marker_parent', 'example_external_task_marker_child']) retrieved from /home/airflow/.local/lib/python3.7/site-packages/airflow/example_dags/example_external_task_marker_dag.py
[2022-02-22 00:09:13,603] {logging_mixin.py:109} INFO - [2022-02-22 00:09:13,603] {dag.py:2396} INFO - Sync 2 DAGs
[2022-02-22 00:09:13,675] {logging_mixin.py:109} INFO - [2022-02-22 00:09:13,674] {dag.py:2935} INFO - Setting next_dagrun for example_external_task_marker_child to None
[2022-02-22 00:09:13,678] {logging_mixin.py:109} INFO - [2022-02-22 00:09:13,678] {dag.py:2935} INFO - Setting next_dagrun for example_external_task_marker_parent to None
[2022-02-22 00:09:13,713] {processor.py:171} INFO - Processing /home/airflow/.local/lib/python3.7/site-packages/airflow/example_dags/example_external_task_marker_dag.py took 0.265 seconds
[2022-02-22 00:09:44,190] {processor.py:163} INFO - Started process (PID=8267) to work on /home/airflow/.local/lib/python3.7/site-packages/airflow/example_dags/example_external_task_marker_dag.py
[2022-02-22 00:09:44,195] {processor.py:642} INFO - Processing file /home/airflow/.local/lib/python3.7/site-packages/airflow/example_dags/example_external_task_marker_dag.py for tasks to queue
[2022-02-22 00:09:44,199] {logging_mixin.py:109} INFO - [2022-02-22 00:09:44,198] {dagbag.py:500} INFO - Filling up the DagBag from /home/airflow/.local/lib/python3.7/site-packages/airflow/example_dags/example_external_task_marker_dag.py
[2022-02-22 00:09:44,271] {processor.py:654} INFO - DAG(s) dict_keys(['example_external_task_marker_parent', 'example_external_task_marker_child']) retrieved from /home/airflow/.local/lib/python3.7/site-packages/airflow/example_dags/example_external_task_marker_dag.py
[2022-02-22 00:09:44,331] {logging_mixin.py:109} INFO - [2022-02-22 00:09:44,330] {dag.py:2396} INFO - Sync 2 DAGs
[2022-02-22 00:09:44,399] {logging_mixin.py:109} INFO - [2022-02-22 00:09:44,398] {dag.py:2935} INFO - Setting next_dagrun for example_external_task_marker_child to None
[2022-02-22 00:09:44,402] {logging_mixin.py:109} INFO - [2022-02-22 00:09:44,401] {dag.py:2935} INFO - Setting next_dagrun for example_external_task_marker_parent to None
[2022-02-22 00:09:44,433] {processor.py:171} INFO - Processing /home/airflow/.local/lib/python3.7/site-packages/airflow/example_dags/example_external_task_marker_dag.py took 0.251 seconds
[2022-02-22 00:10:14,563] {processor.py:163} INFO - Started process (PID=8354) to work on /home/airflow/.local/lib/python3.7/site-packages/airflow/example_dags/example_external_task_marker_dag.py
[2022-02-22 00:10:14,568] {processor.py:642} INFO - Processing file /home/airflow/.local/lib/python3.7/site-packages/airflow/example_dags/example_external_task_marker_dag.py for tasks to queue
[2022-02-22 00:10:14,571] {logging_mixin.py:109} INFO - [2022-02-22 00:10:14,571] {dagbag.py:500} INFO - Filling up the DagBag from /home/airflow/.local/lib/python3.7/site-packages/airflow/example_dags/example_external_task_marker_dag.py
[2022-02-22 00:10:14,646] {processor.py:654} INFO - DAG(s) dict_keys(['example_external_task_marker_parent', 'example_external_task_marker_child']) retrieved from /home/airflow/.local/lib/python3.7/site-packages/airflow/example_dags/example_external_task_marker_dag.py
[2022-02-22 00:10:14,708] {logging_mixin.py:109} INFO - [2022-02-22 00:10:14,707] {dag.py:2396} INFO - Sync 2 DAGs
[2022-02-22 00:10:14,999] {logging_mixin.py:109} INFO - [2022-02-22 00:10:14,999] {dag.py:2935} INFO - Setting next_dagrun for example_external_task_marker_child to None
[2022-02-22 00:10:15,003] {logging_mixin.py:109} INFO - [2022-02-22 00:10:15,002] {dag.py:2935} INFO - Setting next_dagrun for example_external_task_marker_parent to None
[2022-02-22 00:10:15,038] {processor.py:171} INFO - Processing /home/airflow/.local/lib/python3.7/site-packages/airflow/example_dags/example_external_task_marker_dag.py took 0.482 seconds
[2022-02-22 00:10:45,760] {processor.py:163} INFO - Started process (PID=8458) to work on /home/airflow/.local/lib/python3.7/site-packages/airflow/example_dags/example_external_task_marker_dag.py
[2022-02-22 00:10:45,764] {processor.py:642} INFO - Processing file /home/airflow/.local/lib/python3.7/site-packages/airflow/example_dags/example_external_task_marker_dag.py for tasks to queue
[2022-02-22 00:10:45,767] {logging_mixin.py:109} INFO - [2022-02-22 00:10:45,766] {dagbag.py:500} INFO - Filling up the DagBag from /home/airflow/.local/lib/python3.7/site-packages/airflow/example_dags/example_external_task_marker_dag.py
[2022-02-22 00:10:45,842] {processor.py:654} INFO - DAG(s) dict_keys(['example_external_task_marker_parent', 'example_external_task_marker_child']) retrieved from /home/airflow/.local/lib/python3.7/site-packages/airflow/example_dags/example_external_task_marker_dag.py
[2022-02-22 00:10:45,901] {logging_mixin.py:109} INFO - [2022-02-22 00:10:45,900] {dag.py:2396} INFO - Sync 2 DAGs
[2022-02-22 00:10:45,969] {logging_mixin.py:109} INFO - [2022-02-22 00:10:45,969] {dag.py:2935} INFO - Setting next_dagrun for example_external_task_marker_child to None
[2022-02-22 00:10:45,973] {logging_mixin.py:109} INFO - [2022-02-22 00:10:45,972] {dag.py:2935} INFO - Setting next_dagrun for example_external_task_marker_parent to None
[2022-02-22 00:10:46,006] {processor.py:171} INFO - Processing /home/airflow/.local/lib/python3.7/site-packages/airflow/example_dags/example_external_task_marker_dag.py took 0.254 seconds
[2022-02-22 00:11:16,094] {processor.py:163} INFO - Started process (PID=8543) to work on /home/airflow/.local/lib/python3.7/site-packages/airflow/example_dags/example_external_task_marker_dag.py
[2022-02-22 00:11:16,098] {processor.py:642} INFO - Processing file /home/airflow/.local/lib/python3.7/site-packages/airflow/example_dags/example_external_task_marker_dag.py for tasks to queue
[2022-02-22 00:11:16,101] {logging_mixin.py:109} INFO - [2022-02-22 00:11:16,101] {dagbag.py:500} INFO - Filling up the DagBag from /home/airflow/.local/lib/python3.7/site-packages/airflow/example_dags/example_external_task_marker_dag.py
[2022-02-22 00:11:16,176] {processor.py:654} INFO - DAG(s) dict_keys(['example_external_task_marker_parent', 'example_external_task_marker_child']) retrieved from /home/airflow/.local/lib/python3.7/site-packages/airflow/example_dags/example_external_task_marker_dag.py
[2022-02-22 00:11:16,232] {logging_mixin.py:109} INFO - [2022-02-22 00:11:16,232] {dag.py:2396} INFO - Sync 2 DAGs
[2022-02-22 00:11:16,304] {logging_mixin.py:109} INFO - [2022-02-22 00:11:16,304] {dag.py:2935} INFO - Setting next_dagrun for example_external_task_marker_child to None
[2022-02-22 00:11:16,307] {logging_mixin.py:109} INFO - [2022-02-22 00:11:16,307] {dag.py:2935} INFO - Setting next_dagrun for example_external_task_marker_parent to None
[2022-02-22 00:11:16,340] {processor.py:171} INFO - Processing /home/airflow/.local/lib/python3.7/site-packages/airflow/example_dags/example_external_task_marker_dag.py took 0.254 seconds
[2022-02-22 00:11:47,070] {processor.py:163} INFO - Started process (PID=8647) to work on /home/airflow/.local/lib/python3.7/site-packages/airflow/example_dags/example_external_task_marker_dag.py
[2022-02-22 00:11:47,075] {processor.py:642} INFO - Processing file /home/airflow/.local/lib/python3.7/site-packages/airflow/example_dags/example_external_task_marker_dag.py for tasks to queue
[2022-02-22 00:11:47,079] {logging_mixin.py:109} INFO - [2022-02-22 00:11:47,078] {dagbag.py:500} INFO - Filling up the DagBag from /home/airflow/.local/lib/python3.7/site-packages/airflow/example_dags/example_external_task_marker_dag.py
[2022-02-22 00:11:47,156] {processor.py:654} INFO - DAG(s) dict_keys(['example_external_task_marker_parent', 'example_external_task_marker_child']) retrieved from /home/airflow/.local/lib/python3.7/site-packages/airflow/example_dags/example_external_task_marker_dag.py
[2022-02-22 00:11:47,217] {logging_mixin.py:109} INFO - [2022-02-22 00:11:47,216] {dag.py:2396} INFO - Sync 2 DAGs
[2022-02-22 00:11:47,288] {logging_mixin.py:109} INFO - [2022-02-22 00:11:47,287] {dag.py:2935} INFO - Setting next_dagrun for example_external_task_marker_child to None
[2022-02-22 00:11:47,291] {logging_mixin.py:109} INFO - [2022-02-22 00:11:47,290] {dag.py:2935} INFO - Setting next_dagrun for example_external_task_marker_parent to None
[2022-02-22 00:11:47,322] {processor.py:171} INFO - Processing /home/airflow/.local/lib/python3.7/site-packages/airflow/example_dags/example_external_task_marker_dag.py took 0.260 seconds
[2022-02-22 00:12:18,225] {processor.py:163} INFO - Started process (PID=8734) to work on /home/airflow/.local/lib/python3.7/site-packages/airflow/example_dags/example_external_task_marker_dag.py
[2022-02-22 00:12:18,231] {processor.py:642} INFO - Processing file /home/airflow/.local/lib/python3.7/site-packages/airflow/example_dags/example_external_task_marker_dag.py for tasks to queue
[2022-02-22 00:12:18,234] {logging_mixin.py:109} INFO - [2022-02-22 00:12:18,234] {dagbag.py:500} INFO - Filling up the DagBag from /home/airflow/.local/lib/python3.7/site-packages/airflow/example_dags/example_external_task_marker_dag.py
[2022-02-22 00:12:18,308] {processor.py:654} INFO - DAG(s) dict_keys(['example_external_task_marker_parent', 'example_external_task_marker_child']) retrieved from /home/airflow/.local/lib/python3.7/site-packages/airflow/example_dags/example_external_task_marker_dag.py
[2022-02-22 00:12:18,365] {logging_mixin.py:109} INFO - [2022-02-22 00:12:18,365] {dag.py:2396} INFO - Sync 2 DAGs
[2022-02-22 00:12:18,422] {logging_mixin.py:109} INFO - [2022-02-22 00:12:18,422] {dag.py:2935} INFO - Setting next_dagrun for example_external_task_marker_child to None
[2022-02-22 00:12:18,425] {logging_mixin.py:109} INFO - [2022-02-22 00:12:18,425] {dag.py:2935} INFO - Setting next_dagrun for example_external_task_marker_parent to None
[2022-02-22 00:12:18,459] {processor.py:171} INFO - Processing /home/airflow/.local/lib/python3.7/site-packages/airflow/example_dags/example_external_task_marker_dag.py took 0.242 seconds
[2022-02-22 00:12:48,616] {processor.py:163} INFO - Started process (PID=8838) to work on /home/airflow/.local/lib/python3.7/site-packages/airflow/example_dags/example_external_task_marker_dag.py
[2022-02-22 00:12:48,621] {processor.py:642} INFO - Processing file /home/airflow/.local/lib/python3.7/site-packages/airflow/example_dags/example_external_task_marker_dag.py for tasks to queue
[2022-02-22 00:12:48,625] {logging_mixin.py:109} INFO - [2022-02-22 00:12:48,624] {dagbag.py:500} INFO - Filling up the DagBag from /home/airflow/.local/lib/python3.7/site-packages/airflow/example_dags/example_external_task_marker_dag.py
[2022-02-22 00:12:48,703] {processor.py:654} INFO - DAG(s) dict_keys(['example_external_task_marker_parent', 'example_external_task_marker_child']) retrieved from /home/airflow/.local/lib/python3.7/site-packages/airflow/example_dags/example_external_task_marker_dag.py
[2022-02-22 00:12:48,780] {logging_mixin.py:109} INFO - [2022-02-22 00:12:48,780] {dag.py:2396} INFO - Sync 2 DAGs
[2022-02-22 00:12:48,853] {logging_mixin.py:109} INFO - [2022-02-22 00:12:48,852] {dag.py:2935} INFO - Setting next_dagrun for example_external_task_marker_child to None
[2022-02-22 00:12:48,856] {logging_mixin.py:109} INFO - [2022-02-22 00:12:48,855] {dag.py:2935} INFO - Setting next_dagrun for example_external_task_marker_parent to None
[2022-02-22 00:12:48,887] {processor.py:171} INFO - Processing /home/airflow/.local/lib/python3.7/site-packages/airflow/example_dags/example_external_task_marker_dag.py took 0.279 seconds
[2022-02-22 00:13:19,170] {processor.py:163} INFO - Started process (PID=8923) to work on /home/airflow/.local/lib/python3.7/site-packages/airflow/example_dags/example_external_task_marker_dag.py
[2022-02-22 00:13:19,175] {processor.py:642} INFO - Processing file /home/airflow/.local/lib/python3.7/site-packages/airflow/example_dags/example_external_task_marker_dag.py for tasks to queue
[2022-02-22 00:13:19,177] {logging_mixin.py:109} INFO - [2022-02-22 00:13:19,177] {dagbag.py:500} INFO - Filling up the DagBag from /home/airflow/.local/lib/python3.7/site-packages/airflow/example_dags/example_external_task_marker_dag.py
[2022-02-22 00:13:19,247] {processor.py:654} INFO - DAG(s) dict_keys(['example_external_task_marker_parent', 'example_external_task_marker_child']) retrieved from /home/airflow/.local/lib/python3.7/site-packages/airflow/example_dags/example_external_task_marker_dag.py
[2022-02-22 00:13:19,296] {logging_mixin.py:109} INFO - [2022-02-22 00:13:19,296] {dag.py:2396} INFO - Sync 2 DAGs
[2022-02-22 00:13:19,357] {logging_mixin.py:109} INFO - [2022-02-22 00:13:19,357] {dag.py:2935} INFO - Setting next_dagrun for example_external_task_marker_child to None
[2022-02-22 00:13:19,360] {logging_mixin.py:109} INFO - [2022-02-22 00:13:19,360] {dag.py:2935} INFO - Setting next_dagrun for example_external_task_marker_parent to None
[2022-02-22 00:13:19,388] {processor.py:171} INFO - Processing /home/airflow/.local/lib/python3.7/site-packages/airflow/example_dags/example_external_task_marker_dag.py took 0.224 seconds
[2022-02-22 00:13:51,351] {processor.py:163} INFO - Started process (PID=9029) to work on /home/airflow/.local/lib/python3.7/site-packages/airflow/example_dags/example_external_task_marker_dag.py
[2022-02-22 00:13:51,356] {processor.py:642} INFO - Processing file /home/airflow/.local/lib/python3.7/site-packages/airflow/example_dags/example_external_task_marker_dag.py for tasks to queue
[2022-02-22 00:13:51,360] {logging_mixin.py:109} INFO - [2022-02-22 00:13:51,360] {dagbag.py:500} INFO - Filling up the DagBag from /home/airflow/.local/lib/python3.7/site-packages/airflow/example_dags/example_external_task_marker_dag.py
[2022-02-22 00:13:51,437] {processor.py:654} INFO - DAG(s) dict_keys(['example_external_task_marker_parent', 'example_external_task_marker_child']) retrieved from /home/airflow/.local/lib/python3.7/site-packages/airflow/example_dags/example_external_task_marker_dag.py
[2022-02-22 00:13:51,492] {logging_mixin.py:109} INFO - [2022-02-22 00:13:51,492] {dag.py:2396} INFO - Sync 2 DAGs
[2022-02-22 00:13:51,566] {logging_mixin.py:109} INFO - [2022-02-22 00:13:51,565] {dag.py:2935} INFO - Setting next_dagrun for example_external_task_marker_child to None
[2022-02-22 00:13:51,568] {logging_mixin.py:109} INFO - [2022-02-22 00:13:51,568] {dag.py:2935} INFO - Setting next_dagrun for example_external_task_marker_parent to None
[2022-02-22 00:13:51,605] {processor.py:171} INFO - Processing /home/airflow/.local/lib/python3.7/site-packages/airflow/example_dags/example_external_task_marker_dag.py took 0.263 seconds
[2022-02-22 00:14:22,491] {processor.py:163} INFO - Started process (PID=9127) to work on /home/airflow/.local/lib/python3.7/site-packages/airflow/example_dags/example_external_task_marker_dag.py
[2022-02-22 00:14:22,496] {processor.py:642} INFO - Processing file /home/airflow/.local/lib/python3.7/site-packages/airflow/example_dags/example_external_task_marker_dag.py for tasks to queue
[2022-02-22 00:14:22,499] {logging_mixin.py:109} INFO - [2022-02-22 00:14:22,499] {dagbag.py:500} INFO - Filling up the DagBag from /home/airflow/.local/lib/python3.7/site-packages/airflow/example_dags/example_external_task_marker_dag.py
[2022-02-22 00:14:22,573] {processor.py:654} INFO - DAG(s) dict_keys(['example_external_task_marker_parent', 'example_external_task_marker_child']) retrieved from /home/airflow/.local/lib/python3.7/site-packages/airflow/example_dags/example_external_task_marker_dag.py
[2022-02-22 00:14:22,627] {logging_mixin.py:109} INFO - [2022-02-22 00:14:22,626] {dag.py:2396} INFO - Sync 2 DAGs
[2022-02-22 00:14:22,692] {logging_mixin.py:109} INFO - [2022-02-22 00:14:22,691] {dag.py:2935} INFO - Setting next_dagrun for example_external_task_marker_child to None
[2022-02-22 00:14:22,695] {logging_mixin.py:109} INFO - [2022-02-22 00:14:22,694] {dag.py:2935} INFO - Setting next_dagrun for example_external_task_marker_parent to None
[2022-02-22 00:14:22,726] {processor.py:171} INFO - Processing /home/airflow/.local/lib/python3.7/site-packages/airflow/example_dags/example_external_task_marker_dag.py took 0.242 seconds
[2022-02-22 00:14:53,238] {processor.py:163} INFO - Started process (PID=9204) to work on /home/airflow/.local/lib/python3.7/site-packages/airflow/example_dags/example_external_task_marker_dag.py
[2022-02-22 00:14:53,243] {processor.py:642} INFO - Processing file /home/airflow/.local/lib/python3.7/site-packages/airflow/example_dags/example_external_task_marker_dag.py for tasks to queue
[2022-02-22 00:14:53,246] {logging_mixin.py:109} INFO - [2022-02-22 00:14:53,246] {dagbag.py:500} INFO - Filling up the DagBag from /home/airflow/.local/lib/python3.7/site-packages/airflow/example_dags/example_external_task_marker_dag.py
[2022-02-22 00:14:53,323] {processor.py:654} INFO - DAG(s) dict_keys(['example_external_task_marker_parent', 'example_external_task_marker_child']) retrieved from /home/airflow/.local/lib/python3.7/site-packages/airflow/example_dags/example_external_task_marker_dag.py
[2022-02-22 00:14:53,377] {logging_mixin.py:109} INFO - [2022-02-22 00:14:53,376] {dag.py:2396} INFO - Sync 2 DAGs
[2022-02-22 00:14:53,446] {logging_mixin.py:109} INFO - [2022-02-22 00:14:53,446] {dag.py:2935} INFO - Setting next_dagrun for example_external_task_marker_child to None
[2022-02-22 00:14:53,449] {logging_mixin.py:109} INFO - [2022-02-22 00:14:53,449] {dag.py:2935} INFO - Setting next_dagrun for example_external_task_marker_parent to None
[2022-02-22 00:14:53,479] {processor.py:171} INFO - Processing /home/airflow/.local/lib/python3.7/site-packages/airflow/example_dags/example_external_task_marker_dag.py took 0.247 seconds
[2022-02-22 00:15:24,916] {processor.py:163} INFO - Started process (PID=9311) to work on /home/airflow/.local/lib/python3.7/site-packages/airflow/example_dags/example_external_task_marker_dag.py
[2022-02-22 00:15:24,921] {processor.py:642} INFO - Processing file /home/airflow/.local/lib/python3.7/site-packages/airflow/example_dags/example_external_task_marker_dag.py for tasks to queue
[2022-02-22 00:15:24,924] {logging_mixin.py:109} INFO - [2022-02-22 00:15:24,924] {dagbag.py:500} INFO - Filling up the DagBag from /home/airflow/.local/lib/python3.7/site-packages/airflow/example_dags/example_external_task_marker_dag.py
[2022-02-22 00:15:24,997] {processor.py:654} INFO - DAG(s) dict_keys(['example_external_task_marker_parent', 'example_external_task_marker_child']) retrieved from /home/airflow/.local/lib/python3.7/site-packages/airflow/example_dags/example_external_task_marker_dag.py
[2022-02-22 00:15:25,052] {logging_mixin.py:109} INFO - [2022-02-22 00:15:25,051] {dag.py:2396} INFO - Sync 2 DAGs
[2022-02-22 00:15:25,123] {logging_mixin.py:109} INFO - [2022-02-22 00:15:25,122] {dag.py:2935} INFO - Setting next_dagrun for example_external_task_marker_child to None
[2022-02-22 00:15:25,126] {logging_mixin.py:109} INFO - [2022-02-22 00:15:25,126] {dag.py:2935} INFO - Setting next_dagrun for example_external_task_marker_parent to None
[2022-02-22 00:15:25,158] {processor.py:171} INFO - Processing /home/airflow/.local/lib/python3.7/site-packages/airflow/example_dags/example_external_task_marker_dag.py took 0.251 seconds
[2022-02-22 00:15:56,515] {processor.py:163} INFO - Started process (PID=9397) to work on /home/airflow/.local/lib/python3.7/site-packages/airflow/example_dags/example_external_task_marker_dag.py
[2022-02-22 00:15:56,520] {processor.py:642} INFO - Processing file /home/airflow/.local/lib/python3.7/site-packages/airflow/example_dags/example_external_task_marker_dag.py for tasks to queue
[2022-02-22 00:15:56,523] {logging_mixin.py:109} INFO - [2022-02-22 00:15:56,523] {dagbag.py:500} INFO - Filling up the DagBag from /home/airflow/.local/lib/python3.7/site-packages/airflow/example_dags/example_external_task_marker_dag.py
[2022-02-22 00:15:56,590] {processor.py:654} INFO - DAG(s) dict_keys(['example_external_task_marker_parent', 'example_external_task_marker_child']) retrieved from /home/airflow/.local/lib/python3.7/site-packages/airflow/example_dags/example_external_task_marker_dag.py
[2022-02-22 00:15:56,641] {logging_mixin.py:109} INFO - [2022-02-22 00:15:56,641] {dag.py:2396} INFO - Sync 2 DAGs
[2022-02-22 00:15:56,708] {logging_mixin.py:109} INFO - [2022-02-22 00:15:56,707] {dag.py:2935} INFO - Setting next_dagrun for example_external_task_marker_child to None
[2022-02-22 00:15:56,718] {logging_mixin.py:109} INFO - [2022-02-22 00:15:56,717] {dag.py:2935} INFO - Setting next_dagrun for example_external_task_marker_parent to None
[2022-02-22 00:15:56,752] {processor.py:171} INFO - Processing /home/airflow/.local/lib/python3.7/site-packages/airflow/example_dags/example_external_task_marker_dag.py took 0.244 seconds
[2022-02-22 00:16:29,350] {processor.py:163} INFO - Started process (PID=9501) to work on /home/airflow/.local/lib/python3.7/site-packages/airflow/example_dags/example_external_task_marker_dag.py
[2022-02-22 00:16:29,355] {processor.py:642} INFO - Processing file /home/airflow/.local/lib/python3.7/site-packages/airflow/example_dags/example_external_task_marker_dag.py for tasks to queue
[2022-02-22 00:16:29,358] {logging_mixin.py:109} INFO - [2022-02-22 00:16:29,358] {dagbag.py:500} INFO - Filling up the DagBag from /home/airflow/.local/lib/python3.7/site-packages/airflow/example_dags/example_external_task_marker_dag.py
[2022-02-22 00:16:29,434] {processor.py:654} INFO - DAG(s) dict_keys(['example_external_task_marker_parent', 'example_external_task_marker_child']) retrieved from /home/airflow/.local/lib/python3.7/site-packages/airflow/example_dags/example_external_task_marker_dag.py
[2022-02-22 00:16:29,486] {logging_mixin.py:109} INFO - [2022-02-22 00:16:29,486] {dag.py:2396} INFO - Sync 2 DAGs
[2022-02-22 00:16:29,550] {logging_mixin.py:109} INFO - [2022-02-22 00:16:29,549] {dag.py:2935} INFO - Setting next_dagrun for example_external_task_marker_child to None
[2022-02-22 00:16:29,553] {logging_mixin.py:109} INFO - [2022-02-22 00:16:29,553] {dag.py:2935} INFO - Setting next_dagrun for example_external_task_marker_parent to None
[2022-02-22 00:16:29,593] {processor.py:171} INFO - Processing /home/airflow/.local/lib/python3.7/site-packages/airflow/example_dags/example_external_task_marker_dag.py took 0.251 seconds
[2022-02-22 00:17:00,137] {processor.py:163} INFO - Started process (PID=9588) to work on /home/airflow/.local/lib/python3.7/site-packages/airflow/example_dags/example_external_task_marker_dag.py
[2022-02-22 00:17:00,141] {processor.py:642} INFO - Processing file /home/airflow/.local/lib/python3.7/site-packages/airflow/example_dags/example_external_task_marker_dag.py for tasks to queue
[2022-02-22 00:17:00,143] {logging_mixin.py:109} INFO - [2022-02-22 00:17:00,143] {dagbag.py:500} INFO - Filling up the DagBag from /home/airflow/.local/lib/python3.7/site-packages/airflow/example_dags/example_external_task_marker_dag.py
[2022-02-22 00:17:00,204] {processor.py:654} INFO - DAG(s) dict_keys(['example_external_task_marker_parent', 'example_external_task_marker_child']) retrieved from /home/airflow/.local/lib/python3.7/site-packages/airflow/example_dags/example_external_task_marker_dag.py
[2022-02-22 00:17:00,244] {logging_mixin.py:109} INFO - [2022-02-22 00:17:00,243] {dag.py:2396} INFO - Sync 2 DAGs
[2022-02-22 00:17:00,292] {logging_mixin.py:109} INFO - [2022-02-22 00:17:00,292] {dag.py:2935} INFO - Setting next_dagrun for example_external_task_marker_child to None
[2022-02-22 00:17:00,295] {logging_mixin.py:109} INFO - [2022-02-22 00:17:00,294] {dag.py:2935} INFO - Setting next_dagrun for example_external_task_marker_parent to None
[2022-02-22 00:17:00,318] {processor.py:171} INFO - Processing /home/airflow/.local/lib/python3.7/site-packages/airflow/example_dags/example_external_task_marker_dag.py took 0.187 seconds
