[2022-02-22 00:00:08,143] {processor.py:163} INFO - Started process (PID=6467) to work on /home/airflow/.local/lib/python3.7/site-packages/airflow/example_dags/example_nested_branch_dag.py
[2022-02-22 00:00:08,148] {processor.py:642} INFO - Processing file /home/airflow/.local/lib/python3.7/site-packages/airflow/example_dags/example_nested_branch_dag.py for tasks to queue
[2022-02-22 00:00:08,151] {logging_mixin.py:109} INFO - [2022-02-22 00:00:08,151] {dagbag.py:500} INFO - Filling up the DagBag from /home/airflow/.local/lib/python3.7/site-packages/airflow/example_dags/example_nested_branch_dag.py
[2022-02-22 00:00:08,242] {processor.py:654} INFO - DAG(s) dict_keys(['example_nested_branch_dag']) retrieved from /home/airflow/.local/lib/python3.7/site-packages/airflow/example_dags/example_nested_branch_dag.py
[2022-02-22 00:00:08,291] {logging_mixin.py:109} INFO - [2022-02-22 00:00:08,290] {dag.py:2396} INFO - Sync 1 DAGs
[2022-02-22 00:00:08,369] {logging_mixin.py:109} INFO - [2022-02-22 00:00:08,368] {dag.py:2935} INFO - Setting next_dagrun for example_nested_branch_dag to 2022-02-21 00:00:00+00:00
[2022-02-22 00:00:08,402] {processor.py:171} INFO - Processing /home/airflow/.local/lib/python3.7/site-packages/airflow/example_dags/example_nested_branch_dag.py took 0.266 seconds
[2022-02-22 00:00:38,477] {processor.py:163} INFO - Started process (PID=6551) to work on /home/airflow/.local/lib/python3.7/site-packages/airflow/example_dags/example_nested_branch_dag.py
[2022-02-22 00:00:38,482] {processor.py:642} INFO - Processing file /home/airflow/.local/lib/python3.7/site-packages/airflow/example_dags/example_nested_branch_dag.py for tasks to queue
[2022-02-22 00:00:38,484] {logging_mixin.py:109} INFO - [2022-02-22 00:00:38,484] {dagbag.py:500} INFO - Filling up the DagBag from /home/airflow/.local/lib/python3.7/site-packages/airflow/example_dags/example_nested_branch_dag.py
[2022-02-22 00:00:38,566] {processor.py:654} INFO - DAG(s) dict_keys(['example_nested_branch_dag']) retrieved from /home/airflow/.local/lib/python3.7/site-packages/airflow/example_dags/example_nested_branch_dag.py
[2022-02-22 00:00:38,612] {logging_mixin.py:109} INFO - [2022-02-22 00:00:38,611] {dag.py:2396} INFO - Sync 1 DAGs
[2022-02-22 00:00:38,681] {logging_mixin.py:109} INFO - [2022-02-22 00:00:38,681] {dag.py:2935} INFO - Setting next_dagrun for example_nested_branch_dag to 2022-02-21 00:00:00+00:00
[2022-02-22 00:00:38,710] {processor.py:171} INFO - Processing /home/airflow/.local/lib/python3.7/site-packages/airflow/example_dags/example_nested_branch_dag.py took 0.240 seconds
[2022-02-22 00:01:09,280] {processor.py:163} INFO - Started process (PID=6653) to work on /home/airflow/.local/lib/python3.7/site-packages/airflow/example_dags/example_nested_branch_dag.py
[2022-02-22 00:01:09,284] {processor.py:642} INFO - Processing file /home/airflow/.local/lib/python3.7/site-packages/airflow/example_dags/example_nested_branch_dag.py for tasks to queue
[2022-02-22 00:01:09,287] {logging_mixin.py:109} INFO - [2022-02-22 00:01:09,287] {dagbag.py:500} INFO - Filling up the DagBag from /home/airflow/.local/lib/python3.7/site-packages/airflow/example_dags/example_nested_branch_dag.py
[2022-02-22 00:01:09,376] {processor.py:654} INFO - DAG(s) dict_keys(['example_nested_branch_dag']) retrieved from /home/airflow/.local/lib/python3.7/site-packages/airflow/example_dags/example_nested_branch_dag.py
[2022-02-22 00:01:09,430] {logging_mixin.py:109} INFO - [2022-02-22 00:01:09,429] {dag.py:2396} INFO - Sync 1 DAGs
[2022-02-22 00:01:09,506] {logging_mixin.py:109} INFO - [2022-02-22 00:01:09,506] {dag.py:2935} INFO - Setting next_dagrun for example_nested_branch_dag to 2022-02-21 00:00:00+00:00
[2022-02-22 00:01:09,538] {processor.py:171} INFO - Processing /home/airflow/.local/lib/python3.7/site-packages/airflow/example_dags/example_nested_branch_dag.py took 0.266 seconds
[2022-02-22 00:01:39,859] {processor.py:163} INFO - Started process (PID=6740) to work on /home/airflow/.local/lib/python3.7/site-packages/airflow/example_dags/example_nested_branch_dag.py
[2022-02-22 00:01:39,863] {processor.py:642} INFO - Processing file /home/airflow/.local/lib/python3.7/site-packages/airflow/example_dags/example_nested_branch_dag.py for tasks to queue
[2022-02-22 00:01:39,866] {logging_mixin.py:109} INFO - [2022-02-22 00:01:39,866] {dagbag.py:500} INFO - Filling up the DagBag from /home/airflow/.local/lib/python3.7/site-packages/airflow/example_dags/example_nested_branch_dag.py
[2022-02-22 00:01:39,938] {processor.py:654} INFO - DAG(s) dict_keys(['example_nested_branch_dag']) retrieved from /home/airflow/.local/lib/python3.7/site-packages/airflow/example_dags/example_nested_branch_dag.py
[2022-02-22 00:01:39,982] {logging_mixin.py:109} INFO - [2022-02-22 00:01:39,981] {dag.py:2396} INFO - Sync 1 DAGs
[2022-02-22 00:01:40,049] {logging_mixin.py:109} INFO - [2022-02-22 00:01:40,049] {dag.py:2935} INFO - Setting next_dagrun for example_nested_branch_dag to 2022-02-21 00:00:00+00:00
[2022-02-22 00:01:40,076] {processor.py:171} INFO - Processing /home/airflow/.local/lib/python3.7/site-packages/airflow/example_dags/example_nested_branch_dag.py took 0.224 seconds
[2022-02-22 00:02:10,405] {processor.py:163} INFO - Started process (PID=6841) to work on /home/airflow/.local/lib/python3.7/site-packages/airflow/example_dags/example_nested_branch_dag.py
[2022-02-22 00:02:10,412] {processor.py:642} INFO - Processing file /home/airflow/.local/lib/python3.7/site-packages/airflow/example_dags/example_nested_branch_dag.py for tasks to queue
[2022-02-22 00:02:10,415] {logging_mixin.py:109} INFO - [2022-02-22 00:02:10,415] {dagbag.py:500} INFO - Filling up the DagBag from /home/airflow/.local/lib/python3.7/site-packages/airflow/example_dags/example_nested_branch_dag.py
[2022-02-22 00:02:10,512] {processor.py:654} INFO - DAG(s) dict_keys(['example_nested_branch_dag']) retrieved from /home/airflow/.local/lib/python3.7/site-packages/airflow/example_dags/example_nested_branch_dag.py
[2022-02-22 00:02:10,565] {logging_mixin.py:109} INFO - [2022-02-22 00:02:10,564] {dag.py:2396} INFO - Sync 1 DAGs
[2022-02-22 00:02:10,651] {logging_mixin.py:109} INFO - [2022-02-22 00:02:10,649] {dag.py:2935} INFO - Setting next_dagrun for example_nested_branch_dag to 2022-02-21 00:00:00+00:00
[2022-02-22 00:02:10,685] {processor.py:171} INFO - Processing /home/airflow/.local/lib/python3.7/site-packages/airflow/example_dags/example_nested_branch_dag.py took 0.293 seconds
[2022-02-22 00:02:40,856] {processor.py:163} INFO - Started process (PID=6928) to work on /home/airflow/.local/lib/python3.7/site-packages/airflow/example_dags/example_nested_branch_dag.py
[2022-02-22 00:02:40,861] {processor.py:642} INFO - Processing file /home/airflow/.local/lib/python3.7/site-packages/airflow/example_dags/example_nested_branch_dag.py for tasks to queue
[2022-02-22 00:02:40,864] {logging_mixin.py:109} INFO - [2022-02-22 00:02:40,863] {dagbag.py:500} INFO - Filling up the DagBag from /home/airflow/.local/lib/python3.7/site-packages/airflow/example_dags/example_nested_branch_dag.py
[2022-02-22 00:02:40,946] {processor.py:654} INFO - DAG(s) dict_keys(['example_nested_branch_dag']) retrieved from /home/airflow/.local/lib/python3.7/site-packages/airflow/example_dags/example_nested_branch_dag.py
[2022-02-22 00:02:40,988] {logging_mixin.py:109} INFO - [2022-02-22 00:02:40,988] {dag.py:2396} INFO - Sync 1 DAGs
[2022-02-22 00:02:41,057] {logging_mixin.py:109} INFO - [2022-02-22 00:02:41,057] {dag.py:2935} INFO - Setting next_dagrun for example_nested_branch_dag to 2022-02-21 00:00:00+00:00
[2022-02-22 00:02:41,086] {processor.py:171} INFO - Processing /home/airflow/.local/lib/python3.7/site-packages/airflow/example_dags/example_nested_branch_dag.py took 0.237 seconds
[2022-02-22 00:03:11,153] {processor.py:163} INFO - Started process (PID=7030) to work on /home/airflow/.local/lib/python3.7/site-packages/airflow/example_dags/example_nested_branch_dag.py
[2022-02-22 00:03:11,158] {processor.py:642} INFO - Processing file /home/airflow/.local/lib/python3.7/site-packages/airflow/example_dags/example_nested_branch_dag.py for tasks to queue
[2022-02-22 00:03:11,161] {logging_mixin.py:109} INFO - [2022-02-22 00:03:11,161] {dagbag.py:500} INFO - Filling up the DagBag from /home/airflow/.local/lib/python3.7/site-packages/airflow/example_dags/example_nested_branch_dag.py
[2022-02-22 00:03:11,254] {processor.py:654} INFO - DAG(s) dict_keys(['example_nested_branch_dag']) retrieved from /home/airflow/.local/lib/python3.7/site-packages/airflow/example_dags/example_nested_branch_dag.py
[2022-02-22 00:03:11,302] {logging_mixin.py:109} INFO - [2022-02-22 00:03:11,301] {dag.py:2396} INFO - Sync 1 DAGs
[2022-02-22 00:03:11,378] {logging_mixin.py:109} INFO - [2022-02-22 00:03:11,378] {dag.py:2935} INFO - Setting next_dagrun for example_nested_branch_dag to 2022-02-21 00:00:00+00:00
[2022-02-22 00:03:11,409] {processor.py:171} INFO - Processing /home/airflow/.local/lib/python3.7/site-packages/airflow/example_dags/example_nested_branch_dag.py took 0.264 seconds
[2022-02-22 00:03:41,647] {processor.py:163} INFO - Started process (PID=7117) to work on /home/airflow/.local/lib/python3.7/site-packages/airflow/example_dags/example_nested_branch_dag.py
[2022-02-22 00:03:41,651] {processor.py:642} INFO - Processing file /home/airflow/.local/lib/python3.7/site-packages/airflow/example_dags/example_nested_branch_dag.py for tasks to queue
[2022-02-22 00:03:41,655] {logging_mixin.py:109} INFO - [2022-02-22 00:03:41,654] {dagbag.py:500} INFO - Filling up the DagBag from /home/airflow/.local/lib/python3.7/site-packages/airflow/example_dags/example_nested_branch_dag.py
[2022-02-22 00:03:41,738] {processor.py:654} INFO - DAG(s) dict_keys(['example_nested_branch_dag']) retrieved from /home/airflow/.local/lib/python3.7/site-packages/airflow/example_dags/example_nested_branch_dag.py
[2022-02-22 00:03:41,787] {logging_mixin.py:109} INFO - [2022-02-22 00:03:41,786] {dag.py:2396} INFO - Sync 1 DAGs
[2022-02-22 00:03:41,867] {logging_mixin.py:109} INFO - [2022-02-22 00:03:41,866] {dag.py:2935} INFO - Setting next_dagrun for example_nested_branch_dag to 2022-02-21 00:00:00+00:00
[2022-02-22 00:03:41,901] {processor.py:171} INFO - Processing /home/airflow/.local/lib/python3.7/site-packages/airflow/example_dags/example_nested_branch_dag.py took 0.260 seconds
[2022-02-22 00:04:12,304] {processor.py:163} INFO - Started process (PID=7222) to work on /home/airflow/.local/lib/python3.7/site-packages/airflow/example_dags/example_nested_branch_dag.py
[2022-02-22 00:04:12,310] {processor.py:642} INFO - Processing file /home/airflow/.local/lib/python3.7/site-packages/airflow/example_dags/example_nested_branch_dag.py for tasks to queue
[2022-02-22 00:04:12,313] {logging_mixin.py:109} INFO - [2022-02-22 00:04:12,312] {dagbag.py:500} INFO - Filling up the DagBag from /home/airflow/.local/lib/python3.7/site-packages/airflow/example_dags/example_nested_branch_dag.py
[2022-02-22 00:04:12,417] {processor.py:654} INFO - DAG(s) dict_keys(['example_nested_branch_dag']) retrieved from /home/airflow/.local/lib/python3.7/site-packages/airflow/example_dags/example_nested_branch_dag.py
[2022-02-22 00:04:12,469] {logging_mixin.py:109} INFO - [2022-02-22 00:04:12,468] {dag.py:2396} INFO - Sync 1 DAGs
[2022-02-22 00:04:12,566] {logging_mixin.py:109} INFO - [2022-02-22 00:04:12,564] {dag.py:2935} INFO - Setting next_dagrun for example_nested_branch_dag to 2022-02-21 00:00:00+00:00
[2022-02-22 00:04:12,602] {processor.py:171} INFO - Processing /home/airflow/.local/lib/python3.7/site-packages/airflow/example_dags/example_nested_branch_dag.py took 0.307 seconds
[2022-02-22 00:04:43,356] {processor.py:163} INFO - Started process (PID=7317) to work on /home/airflow/.local/lib/python3.7/site-packages/airflow/example_dags/example_nested_branch_dag.py
[2022-02-22 00:04:43,362] {processor.py:642} INFO - Processing file /home/airflow/.local/lib/python3.7/site-packages/airflow/example_dags/example_nested_branch_dag.py for tasks to queue
[2022-02-22 00:04:43,366] {logging_mixin.py:109} INFO - [2022-02-22 00:04:43,365] {dagbag.py:500} INFO - Filling up the DagBag from /home/airflow/.local/lib/python3.7/site-packages/airflow/example_dags/example_nested_branch_dag.py
[2022-02-22 00:04:43,459] {processor.py:654} INFO - DAG(s) dict_keys(['example_nested_branch_dag']) retrieved from /home/airflow/.local/lib/python3.7/site-packages/airflow/example_dags/example_nested_branch_dag.py
[2022-02-22 00:04:43,541] {logging_mixin.py:109} INFO - [2022-02-22 00:04:43,541] {dag.py:2396} INFO - Sync 1 DAGs
[2022-02-22 00:04:43,643] {logging_mixin.py:109} INFO - [2022-02-22 00:04:43,643] {dag.py:2935} INFO - Setting next_dagrun for example_nested_branch_dag to 2022-02-21 00:00:00+00:00
[2022-02-22 00:04:43,678] {processor.py:171} INFO - Processing /home/airflow/.local/lib/python3.7/site-packages/airflow/example_dags/example_nested_branch_dag.py took 0.331 seconds
[2022-02-22 00:05:13,792] {processor.py:163} INFO - Started process (PID=7410) to work on /home/airflow/.local/lib/python3.7/site-packages/airflow/example_dags/example_nested_branch_dag.py
[2022-02-22 00:05:13,797] {processor.py:642} INFO - Processing file /home/airflow/.local/lib/python3.7/site-packages/airflow/example_dags/example_nested_branch_dag.py for tasks to queue
[2022-02-22 00:05:13,800] {logging_mixin.py:109} INFO - [2022-02-22 00:05:13,800] {dagbag.py:500} INFO - Filling up the DagBag from /home/airflow/.local/lib/python3.7/site-packages/airflow/example_dags/example_nested_branch_dag.py
[2022-02-22 00:05:13,885] {processor.py:654} INFO - DAG(s) dict_keys(['example_nested_branch_dag']) retrieved from /home/airflow/.local/lib/python3.7/site-packages/airflow/example_dags/example_nested_branch_dag.py
[2022-02-22 00:05:13,933] {logging_mixin.py:109} INFO - [2022-02-22 00:05:13,932] {dag.py:2396} INFO - Sync 1 DAGs
[2022-02-22 00:05:14,008] {logging_mixin.py:109} INFO - [2022-02-22 00:05:14,007] {dag.py:2935} INFO - Setting next_dagrun for example_nested_branch_dag to 2022-02-21 00:00:00+00:00
[2022-02-22 00:05:14,036] {processor.py:171} INFO - Processing /home/airflow/.local/lib/python3.7/site-packages/airflow/example_dags/example_nested_branch_dag.py took 0.251 seconds
[2022-02-22 00:05:44,266] {processor.py:163} INFO - Started process (PID=7514) to work on /home/airflow/.local/lib/python3.7/site-packages/airflow/example_dags/example_nested_branch_dag.py
[2022-02-22 00:05:44,271] {processor.py:642} INFO - Processing file /home/airflow/.local/lib/python3.7/site-packages/airflow/example_dags/example_nested_branch_dag.py for tasks to queue
[2022-02-22 00:05:44,275] {logging_mixin.py:109} INFO - [2022-02-22 00:05:44,274] {dagbag.py:500} INFO - Filling up the DagBag from /home/airflow/.local/lib/python3.7/site-packages/airflow/example_dags/example_nested_branch_dag.py
[2022-02-22 00:05:44,363] {processor.py:654} INFO - DAG(s) dict_keys(['example_nested_branch_dag']) retrieved from /home/airflow/.local/lib/python3.7/site-packages/airflow/example_dags/example_nested_branch_dag.py
[2022-02-22 00:05:44,410] {logging_mixin.py:109} INFO - [2022-02-22 00:05:44,410] {dag.py:2396} INFO - Sync 1 DAGs
[2022-02-22 00:05:44,486] {logging_mixin.py:109} INFO - [2022-02-22 00:05:44,486] {dag.py:2935} INFO - Setting next_dagrun for example_nested_branch_dag to 2022-02-21 00:00:00+00:00
[2022-02-22 00:05:44,519] {processor.py:171} INFO - Processing /home/airflow/.local/lib/python3.7/site-packages/airflow/example_dags/example_nested_branch_dag.py took 0.260 seconds
[2022-02-22 00:06:15,387] {processor.py:163} INFO - Started process (PID=7601) to work on /home/airflow/.local/lib/python3.7/site-packages/airflow/example_dags/example_nested_branch_dag.py
[2022-02-22 00:06:15,392] {processor.py:642} INFO - Processing file /home/airflow/.local/lib/python3.7/site-packages/airflow/example_dags/example_nested_branch_dag.py for tasks to queue
[2022-02-22 00:06:15,395] {logging_mixin.py:109} INFO - [2022-02-22 00:06:15,395] {dagbag.py:500} INFO - Filling up the DagBag from /home/airflow/.local/lib/python3.7/site-packages/airflow/example_dags/example_nested_branch_dag.py
[2022-02-22 00:06:15,483] {processor.py:654} INFO - DAG(s) dict_keys(['example_nested_branch_dag']) retrieved from /home/airflow/.local/lib/python3.7/site-packages/airflow/example_dags/example_nested_branch_dag.py
[2022-02-22 00:06:15,533] {logging_mixin.py:109} INFO - [2022-02-22 00:06:15,532] {dag.py:2396} INFO - Sync 1 DAGs
[2022-02-22 00:06:15,620] {logging_mixin.py:109} INFO - [2022-02-22 00:06:15,619] {dag.py:2935} INFO - Setting next_dagrun for example_nested_branch_dag to 2022-02-21 00:00:00+00:00
[2022-02-22 00:06:15,649] {processor.py:171} INFO - Processing /home/airflow/.local/lib/python3.7/site-packages/airflow/example_dags/example_nested_branch_dag.py took 0.269 seconds
[2022-02-22 00:06:45,700] {processor.py:163} INFO - Started process (PID=7704) to work on /home/airflow/.local/lib/python3.7/site-packages/airflow/example_dags/example_nested_branch_dag.py
[2022-02-22 00:06:45,706] {processor.py:642} INFO - Processing file /home/airflow/.local/lib/python3.7/site-packages/airflow/example_dags/example_nested_branch_dag.py for tasks to queue
[2022-02-22 00:06:45,710] {logging_mixin.py:109} INFO - [2022-02-22 00:06:45,709] {dagbag.py:500} INFO - Filling up the DagBag from /home/airflow/.local/lib/python3.7/site-packages/airflow/example_dags/example_nested_branch_dag.py
[2022-02-22 00:06:45,804] {processor.py:654} INFO - DAG(s) dict_keys(['example_nested_branch_dag']) retrieved from /home/airflow/.local/lib/python3.7/site-packages/airflow/example_dags/example_nested_branch_dag.py
[2022-02-22 00:06:45,854] {logging_mixin.py:109} INFO - [2022-02-22 00:06:45,854] {dag.py:2396} INFO - Sync 1 DAGs
[2022-02-22 00:06:45,935] {logging_mixin.py:109} INFO - [2022-02-22 00:06:45,935] {dag.py:2935} INFO - Setting next_dagrun for example_nested_branch_dag to 2022-02-21 00:00:00+00:00
[2022-02-22 00:06:45,970] {processor.py:171} INFO - Processing /home/airflow/.local/lib/python3.7/site-packages/airflow/example_dags/example_nested_branch_dag.py took 0.277 seconds
[2022-02-22 00:07:16,255] {processor.py:163} INFO - Started process (PID=7791) to work on /home/airflow/.local/lib/python3.7/site-packages/airflow/example_dags/example_nested_branch_dag.py
[2022-02-22 00:07:16,261] {processor.py:642} INFO - Processing file /home/airflow/.local/lib/python3.7/site-packages/airflow/example_dags/example_nested_branch_dag.py for tasks to queue
[2022-02-22 00:07:16,265] {logging_mixin.py:109} INFO - [2022-02-22 00:07:16,264] {dagbag.py:500} INFO - Filling up the DagBag from /home/airflow/.local/lib/python3.7/site-packages/airflow/example_dags/example_nested_branch_dag.py
[2022-02-22 00:07:16,380] {processor.py:654} INFO - DAG(s) dict_keys(['example_nested_branch_dag']) retrieved from /home/airflow/.local/lib/python3.7/site-packages/airflow/example_dags/example_nested_branch_dag.py
[2022-02-22 00:07:16,427] {logging_mixin.py:109} INFO - [2022-02-22 00:07:16,427] {dag.py:2396} INFO - Sync 1 DAGs
[2022-02-22 00:07:16,501] {logging_mixin.py:109} INFO - [2022-02-22 00:07:16,501] {dag.py:2935} INFO - Setting next_dagrun for example_nested_branch_dag to 2022-02-21 00:00:00+00:00
[2022-02-22 00:07:16,534] {processor.py:171} INFO - Processing /home/airflow/.local/lib/python3.7/site-packages/airflow/example_dags/example_nested_branch_dag.py took 0.290 seconds
[2022-02-22 00:07:46,790] {processor.py:163} INFO - Started process (PID=7893) to work on /home/airflow/.local/lib/python3.7/site-packages/airflow/example_dags/example_nested_branch_dag.py
[2022-02-22 00:07:46,795] {processor.py:642} INFO - Processing file /home/airflow/.local/lib/python3.7/site-packages/airflow/example_dags/example_nested_branch_dag.py for tasks to queue
[2022-02-22 00:07:46,800] {logging_mixin.py:109} INFO - [2022-02-22 00:07:46,799] {dagbag.py:500} INFO - Filling up the DagBag from /home/airflow/.local/lib/python3.7/site-packages/airflow/example_dags/example_nested_branch_dag.py
[2022-02-22 00:07:46,889] {processor.py:654} INFO - DAG(s) dict_keys(['example_nested_branch_dag']) retrieved from /home/airflow/.local/lib/python3.7/site-packages/airflow/example_dags/example_nested_branch_dag.py
[2022-02-22 00:07:46,938] {logging_mixin.py:109} INFO - [2022-02-22 00:07:46,937] {dag.py:2396} INFO - Sync 1 DAGs
[2022-02-22 00:07:47,014] {logging_mixin.py:109} INFO - [2022-02-22 00:07:47,014] {dag.py:2935} INFO - Setting next_dagrun for example_nested_branch_dag to 2022-02-21 00:00:00+00:00
[2022-02-22 00:07:47,055] {processor.py:171} INFO - Processing /home/airflow/.local/lib/python3.7/site-packages/airflow/example_dags/example_nested_branch_dag.py took 0.274 seconds
[2022-02-22 00:08:17,334] {processor.py:163} INFO - Started process (PID=7981) to work on /home/airflow/.local/lib/python3.7/site-packages/airflow/example_dags/example_nested_branch_dag.py
[2022-02-22 00:08:17,339] {processor.py:642} INFO - Processing file /home/airflow/.local/lib/python3.7/site-packages/airflow/example_dags/example_nested_branch_dag.py for tasks to queue
[2022-02-22 00:08:17,342] {logging_mixin.py:109} INFO - [2022-02-22 00:08:17,342] {dagbag.py:500} INFO - Filling up the DagBag from /home/airflow/.local/lib/python3.7/site-packages/airflow/example_dags/example_nested_branch_dag.py
[2022-02-22 00:08:17,421] {processor.py:654} INFO - DAG(s) dict_keys(['example_nested_branch_dag']) retrieved from /home/airflow/.local/lib/python3.7/site-packages/airflow/example_dags/example_nested_branch_dag.py
[2022-02-22 00:08:17,462] {logging_mixin.py:109} INFO - [2022-02-22 00:08:17,462] {dag.py:2396} INFO - Sync 1 DAGs
[2022-02-22 00:08:17,524] {logging_mixin.py:109} INFO - [2022-02-22 00:08:17,523] {dag.py:2935} INFO - Setting next_dagrun for example_nested_branch_dag to 2022-02-21 00:00:00+00:00
[2022-02-22 00:08:17,550] {processor.py:171} INFO - Processing /home/airflow/.local/lib/python3.7/site-packages/airflow/example_dags/example_nested_branch_dag.py took 0.222 seconds
[2022-02-22 00:08:47,955] {processor.py:163} INFO - Started process (PID=8085) to work on /home/airflow/.local/lib/python3.7/site-packages/airflow/example_dags/example_nested_branch_dag.py
[2022-02-22 00:08:47,961] {processor.py:642} INFO - Processing file /home/airflow/.local/lib/python3.7/site-packages/airflow/example_dags/example_nested_branch_dag.py for tasks to queue
[2022-02-22 00:08:47,965] {logging_mixin.py:109} INFO - [2022-02-22 00:08:47,965] {dagbag.py:500} INFO - Filling up the DagBag from /home/airflow/.local/lib/python3.7/site-packages/airflow/example_dags/example_nested_branch_dag.py
[2022-02-22 00:08:48,062] {processor.py:654} INFO - DAG(s) dict_keys(['example_nested_branch_dag']) retrieved from /home/airflow/.local/lib/python3.7/site-packages/airflow/example_dags/example_nested_branch_dag.py
[2022-02-22 00:08:48,115] {logging_mixin.py:109} INFO - [2022-02-22 00:08:48,114] {dag.py:2396} INFO - Sync 1 DAGs
[2022-02-22 00:08:48,198] {logging_mixin.py:109} INFO - [2022-02-22 00:08:48,197] {dag.py:2935} INFO - Setting next_dagrun for example_nested_branch_dag to 2022-02-21 00:00:00+00:00
[2022-02-22 00:08:48,232] {processor.py:171} INFO - Processing /home/airflow/.local/lib/python3.7/site-packages/airflow/example_dags/example_nested_branch_dag.py took 0.285 seconds
[2022-02-22 00:09:18,506] {processor.py:163} INFO - Started process (PID=8170) to work on /home/airflow/.local/lib/python3.7/site-packages/airflow/example_dags/example_nested_branch_dag.py
[2022-02-22 00:09:18,511] {processor.py:642} INFO - Processing file /home/airflow/.local/lib/python3.7/site-packages/airflow/example_dags/example_nested_branch_dag.py for tasks to queue
[2022-02-22 00:09:18,515] {logging_mixin.py:109} INFO - [2022-02-22 00:09:18,514] {dagbag.py:500} INFO - Filling up the DagBag from /home/airflow/.local/lib/python3.7/site-packages/airflow/example_dags/example_nested_branch_dag.py
[2022-02-22 00:09:18,594] {processor.py:654} INFO - DAG(s) dict_keys(['example_nested_branch_dag']) retrieved from /home/airflow/.local/lib/python3.7/site-packages/airflow/example_dags/example_nested_branch_dag.py
[2022-02-22 00:09:18,637] {logging_mixin.py:109} INFO - [2022-02-22 00:09:18,636] {dag.py:2396} INFO - Sync 1 DAGs
[2022-02-22 00:09:18,712] {logging_mixin.py:109} INFO - [2022-02-22 00:09:18,712] {dag.py:2935} INFO - Setting next_dagrun for example_nested_branch_dag to 2022-02-21 00:00:00+00:00
[2022-02-22 00:09:18,742] {processor.py:171} INFO - Processing /home/airflow/.local/lib/python3.7/site-packages/airflow/example_dags/example_nested_branch_dag.py took 0.244 seconds
[2022-02-22 00:09:48,857] {processor.py:163} INFO - Started process (PID=8275) to work on /home/airflow/.local/lib/python3.7/site-packages/airflow/example_dags/example_nested_branch_dag.py
[2022-02-22 00:09:48,862] {processor.py:642} INFO - Processing file /home/airflow/.local/lib/python3.7/site-packages/airflow/example_dags/example_nested_branch_dag.py for tasks to queue
[2022-02-22 00:09:48,866] {logging_mixin.py:109} INFO - [2022-02-22 00:09:48,866] {dagbag.py:500} INFO - Filling up the DagBag from /home/airflow/.local/lib/python3.7/site-packages/airflow/example_dags/example_nested_branch_dag.py
[2022-02-22 00:09:48,953] {processor.py:654} INFO - DAG(s) dict_keys(['example_nested_branch_dag']) retrieved from /home/airflow/.local/lib/python3.7/site-packages/airflow/example_dags/example_nested_branch_dag.py
[2022-02-22 00:09:49,001] {logging_mixin.py:109} INFO - [2022-02-22 00:09:49,000] {dag.py:2396} INFO - Sync 1 DAGs
[2022-02-22 00:09:49,071] {logging_mixin.py:109} INFO - [2022-02-22 00:09:49,071] {dag.py:2935} INFO - Setting next_dagrun for example_nested_branch_dag to 2022-02-21 00:00:00+00:00
[2022-02-22 00:09:49,100] {processor.py:171} INFO - Processing /home/airflow/.local/lib/python3.7/site-packages/airflow/example_dags/example_nested_branch_dag.py took 0.251 seconds
[2022-02-22 00:10:19,430] {processor.py:163} INFO - Started process (PID=8362) to work on /home/airflow/.local/lib/python3.7/site-packages/airflow/example_dags/example_nested_branch_dag.py
[2022-02-22 00:10:19,434] {processor.py:642} INFO - Processing file /home/airflow/.local/lib/python3.7/site-packages/airflow/example_dags/example_nested_branch_dag.py for tasks to queue
[2022-02-22 00:10:19,437] {logging_mixin.py:109} INFO - [2022-02-22 00:10:19,437] {dagbag.py:500} INFO - Filling up the DagBag from /home/airflow/.local/lib/python3.7/site-packages/airflow/example_dags/example_nested_branch_dag.py
[2022-02-22 00:10:19,513] {processor.py:654} INFO - DAG(s) dict_keys(['example_nested_branch_dag']) retrieved from /home/airflow/.local/lib/python3.7/site-packages/airflow/example_dags/example_nested_branch_dag.py
[2022-02-22 00:10:19,559] {logging_mixin.py:109} INFO - [2022-02-22 00:10:19,559] {dag.py:2396} INFO - Sync 1 DAGs
[2022-02-22 00:10:19,633] {logging_mixin.py:109} INFO - [2022-02-22 00:10:19,632] {dag.py:2935} INFO - Setting next_dagrun for example_nested_branch_dag to 2022-02-21 00:00:00+00:00
[2022-02-22 00:10:19,658] {processor.py:171} INFO - Processing /home/airflow/.local/lib/python3.7/site-packages/airflow/example_dags/example_nested_branch_dag.py took 0.236 seconds
[2022-02-22 00:10:50,439] {processor.py:163} INFO - Started process (PID=8466) to work on /home/airflow/.local/lib/python3.7/site-packages/airflow/example_dags/example_nested_branch_dag.py
[2022-02-22 00:10:50,444] {processor.py:642} INFO - Processing file /home/airflow/.local/lib/python3.7/site-packages/airflow/example_dags/example_nested_branch_dag.py for tasks to queue
[2022-02-22 00:10:50,447] {logging_mixin.py:109} INFO - [2022-02-22 00:10:50,447] {dagbag.py:500} INFO - Filling up the DagBag from /home/airflow/.local/lib/python3.7/site-packages/airflow/example_dags/example_nested_branch_dag.py
[2022-02-22 00:10:50,532] {processor.py:654} INFO - DAG(s) dict_keys(['example_nested_branch_dag']) retrieved from /home/airflow/.local/lib/python3.7/site-packages/airflow/example_dags/example_nested_branch_dag.py
[2022-02-22 00:10:50,579] {logging_mixin.py:109} INFO - [2022-02-22 00:10:50,578] {dag.py:2396} INFO - Sync 1 DAGs
[2022-02-22 00:10:50,653] {logging_mixin.py:109} INFO - [2022-02-22 00:10:50,652] {dag.py:2935} INFO - Setting next_dagrun for example_nested_branch_dag to 2022-02-21 00:00:00+00:00
[2022-02-22 00:10:50,685] {processor.py:171} INFO - Processing /home/airflow/.local/lib/python3.7/site-packages/airflow/example_dags/example_nested_branch_dag.py took 0.252 seconds
[2022-02-22 00:11:21,466] {processor.py:163} INFO - Started process (PID=8553) to work on /home/airflow/.local/lib/python3.7/site-packages/airflow/example_dags/example_nested_branch_dag.py
[2022-02-22 00:11:21,473] {processor.py:642} INFO - Processing file /home/airflow/.local/lib/python3.7/site-packages/airflow/example_dags/example_nested_branch_dag.py for tasks to queue
[2022-02-22 00:11:21,477] {logging_mixin.py:109} INFO - [2022-02-22 00:11:21,476] {dagbag.py:500} INFO - Filling up the DagBag from /home/airflow/.local/lib/python3.7/site-packages/airflow/example_dags/example_nested_branch_dag.py
[2022-02-22 00:11:21,560] {processor.py:654} INFO - DAG(s) dict_keys(['example_nested_branch_dag']) retrieved from /home/airflow/.local/lib/python3.7/site-packages/airflow/example_dags/example_nested_branch_dag.py
[2022-02-22 00:11:21,600] {logging_mixin.py:109} INFO - [2022-02-22 00:11:21,600] {dag.py:2396} INFO - Sync 1 DAGs
[2022-02-22 00:11:21,660] {logging_mixin.py:109} INFO - [2022-02-22 00:11:21,659] {dag.py:2935} INFO - Setting next_dagrun for example_nested_branch_dag to 2022-02-21 00:00:00+00:00
[2022-02-22 00:11:21,685] {processor.py:171} INFO - Processing /home/airflow/.local/lib/python3.7/site-packages/airflow/example_dags/example_nested_branch_dag.py took 0.227 seconds
[2022-02-22 00:11:52,021] {processor.py:163} INFO - Started process (PID=8657) to work on /home/airflow/.local/lib/python3.7/site-packages/airflow/example_dags/example_nested_branch_dag.py
[2022-02-22 00:11:52,026] {processor.py:642} INFO - Processing file /home/airflow/.local/lib/python3.7/site-packages/airflow/example_dags/example_nested_branch_dag.py for tasks to queue
[2022-02-22 00:11:52,030] {logging_mixin.py:109} INFO - [2022-02-22 00:11:52,029] {dagbag.py:500} INFO - Filling up the DagBag from /home/airflow/.local/lib/python3.7/site-packages/airflow/example_dags/example_nested_branch_dag.py
[2022-02-22 00:11:52,118] {processor.py:654} INFO - DAG(s) dict_keys(['example_nested_branch_dag']) retrieved from /home/airflow/.local/lib/python3.7/site-packages/airflow/example_dags/example_nested_branch_dag.py
[2022-02-22 00:11:52,169] {logging_mixin.py:109} INFO - [2022-02-22 00:11:52,169] {dag.py:2396} INFO - Sync 1 DAGs
[2022-02-22 00:11:52,243] {logging_mixin.py:109} INFO - [2022-02-22 00:11:52,242] {dag.py:2935} INFO - Setting next_dagrun for example_nested_branch_dag to 2022-02-21 00:00:00+00:00
[2022-02-22 00:11:52,272] {processor.py:171} INFO - Processing /home/airflow/.local/lib/python3.7/site-packages/airflow/example_dags/example_nested_branch_dag.py took 0.261 seconds
[2022-02-22 00:12:22,717] {processor.py:163} INFO - Started process (PID=8755) to work on /home/airflow/.local/lib/python3.7/site-packages/airflow/example_dags/example_nested_branch_dag.py
[2022-02-22 00:12:22,723] {processor.py:642} INFO - Processing file /home/airflow/.local/lib/python3.7/site-packages/airflow/example_dags/example_nested_branch_dag.py for tasks to queue
[2022-02-22 00:12:22,726] {logging_mixin.py:109} INFO - [2022-02-22 00:12:22,726] {dagbag.py:500} INFO - Filling up the DagBag from /home/airflow/.local/lib/python3.7/site-packages/airflow/example_dags/example_nested_branch_dag.py
[2022-02-22 00:12:22,829] {processor.py:654} INFO - DAG(s) dict_keys(['example_nested_branch_dag']) retrieved from /home/airflow/.local/lib/python3.7/site-packages/airflow/example_dags/example_nested_branch_dag.py
[2022-02-22 00:12:22,881] {logging_mixin.py:109} INFO - [2022-02-22 00:12:22,881] {dag.py:2396} INFO - Sync 1 DAGs
[2022-02-22 00:12:22,957] {logging_mixin.py:109} INFO - [2022-02-22 00:12:22,956] {dag.py:2935} INFO - Setting next_dagrun for example_nested_branch_dag to 2022-02-21 00:00:00+00:00
[2022-02-22 00:12:22,988] {processor.py:171} INFO - Processing /home/airflow/.local/lib/python3.7/site-packages/airflow/example_dags/example_nested_branch_dag.py took 0.278 seconds
[2022-02-22 00:12:53,347] {processor.py:163} INFO - Started process (PID=8848) to work on /home/airflow/.local/lib/python3.7/site-packages/airflow/example_dags/example_nested_branch_dag.py
[2022-02-22 00:12:53,352] {processor.py:642} INFO - Processing file /home/airflow/.local/lib/python3.7/site-packages/airflow/example_dags/example_nested_branch_dag.py for tasks to queue
[2022-02-22 00:12:53,358] {logging_mixin.py:109} INFO - [2022-02-22 00:12:53,357] {dagbag.py:500} INFO - Filling up the DagBag from /home/airflow/.local/lib/python3.7/site-packages/airflow/example_dags/example_nested_branch_dag.py
[2022-02-22 00:12:53,450] {processor.py:654} INFO - DAG(s) dict_keys(['example_nested_branch_dag']) retrieved from /home/airflow/.local/lib/python3.7/site-packages/airflow/example_dags/example_nested_branch_dag.py
[2022-02-22 00:12:53,501] {logging_mixin.py:109} INFO - [2022-02-22 00:12:53,500] {dag.py:2396} INFO - Sync 1 DAGs
[2022-02-22 00:12:53,580] {logging_mixin.py:109} INFO - [2022-02-22 00:12:53,578] {dag.py:2935} INFO - Setting next_dagrun for example_nested_branch_dag to 2022-02-21 00:00:00+00:00
[2022-02-22 00:12:53,617] {processor.py:171} INFO - Processing /home/airflow/.local/lib/python3.7/site-packages/airflow/example_dags/example_nested_branch_dag.py took 0.277 seconds
[2022-02-22 00:13:23,853] {processor.py:163} INFO - Started process (PID=8952) to work on /home/airflow/.local/lib/python3.7/site-packages/airflow/example_dags/example_nested_branch_dag.py
[2022-02-22 00:13:23,858] {processor.py:642} INFO - Processing file /home/airflow/.local/lib/python3.7/site-packages/airflow/example_dags/example_nested_branch_dag.py for tasks to queue
[2022-02-22 00:13:23,861] {logging_mixin.py:109} INFO - [2022-02-22 00:13:23,861] {dagbag.py:500} INFO - Filling up the DagBag from /home/airflow/.local/lib/python3.7/site-packages/airflow/example_dags/example_nested_branch_dag.py
[2022-02-22 00:13:23,951] {processor.py:654} INFO - DAG(s) dict_keys(['example_nested_branch_dag']) retrieved from /home/airflow/.local/lib/python3.7/site-packages/airflow/example_dags/example_nested_branch_dag.py
[2022-02-22 00:13:24,000] {logging_mixin.py:109} INFO - [2022-02-22 00:13:23,999] {dag.py:2396} INFO - Sync 1 DAGs
[2022-02-22 00:13:24,077] {logging_mixin.py:109} INFO - [2022-02-22 00:13:24,076] {dag.py:2935} INFO - Setting next_dagrun for example_nested_branch_dag to 2022-02-21 00:00:00+00:00
[2022-02-22 00:13:24,115] {processor.py:171} INFO - Processing /home/airflow/.local/lib/python3.7/site-packages/airflow/example_dags/example_nested_branch_dag.py took 0.269 seconds
[2022-02-22 00:13:54,281] {processor.py:163} INFO - Started process (PID=9037) to work on /home/airflow/.local/lib/python3.7/site-packages/airflow/example_dags/example_nested_branch_dag.py
[2022-02-22 00:13:54,287] {processor.py:642} INFO - Processing file /home/airflow/.local/lib/python3.7/site-packages/airflow/example_dags/example_nested_branch_dag.py for tasks to queue
[2022-02-22 00:13:54,291] {logging_mixin.py:109} INFO - [2022-02-22 00:13:54,291] {dagbag.py:500} INFO - Filling up the DagBag from /home/airflow/.local/lib/python3.7/site-packages/airflow/example_dags/example_nested_branch_dag.py
[2022-02-22 00:13:54,399] {processor.py:654} INFO - DAG(s) dict_keys(['example_nested_branch_dag']) retrieved from /home/airflow/.local/lib/python3.7/site-packages/airflow/example_dags/example_nested_branch_dag.py
[2022-02-22 00:13:54,456] {logging_mixin.py:109} INFO - [2022-02-22 00:13:54,455] {dag.py:2396} INFO - Sync 1 DAGs
[2022-02-22 00:13:54,539] {logging_mixin.py:109} INFO - [2022-02-22 00:13:54,538] {dag.py:2935} INFO - Setting next_dagrun for example_nested_branch_dag to 2022-02-21 00:00:00+00:00
[2022-02-22 00:13:54,572] {processor.py:171} INFO - Processing /home/airflow/.local/lib/python3.7/site-packages/airflow/example_dags/example_nested_branch_dag.py took 0.301 seconds
[2022-02-22 00:14:25,252] {processor.py:163} INFO - Started process (PID=9141) to work on /home/airflow/.local/lib/python3.7/site-packages/airflow/example_dags/example_nested_branch_dag.py
[2022-02-22 00:14:25,257] {processor.py:642} INFO - Processing file /home/airflow/.local/lib/python3.7/site-packages/airflow/example_dags/example_nested_branch_dag.py for tasks to queue
[2022-02-22 00:14:25,259] {logging_mixin.py:109} INFO - [2022-02-22 00:14:25,259] {dagbag.py:500} INFO - Filling up the DagBag from /home/airflow/.local/lib/python3.7/site-packages/airflow/example_dags/example_nested_branch_dag.py
[2022-02-22 00:14:25,347] {processor.py:654} INFO - DAG(s) dict_keys(['example_nested_branch_dag']) retrieved from /home/airflow/.local/lib/python3.7/site-packages/airflow/example_dags/example_nested_branch_dag.py
[2022-02-22 00:14:25,395] {logging_mixin.py:109} INFO - [2022-02-22 00:14:25,395] {dag.py:2396} INFO - Sync 1 DAGs
[2022-02-22 00:14:25,469] {logging_mixin.py:109} INFO - [2022-02-22 00:14:25,468] {dag.py:2935} INFO - Setting next_dagrun for example_nested_branch_dag to 2022-02-21 00:00:00+00:00
[2022-02-22 00:14:25,502] {processor.py:171} INFO - Processing /home/airflow/.local/lib/python3.7/site-packages/airflow/example_dags/example_nested_branch_dag.py took 0.258 seconds
[2022-02-22 00:14:55,800] {processor.py:163} INFO - Started process (PID=9228) to work on /home/airflow/.local/lib/python3.7/site-packages/airflow/example_dags/example_nested_branch_dag.py
[2022-02-22 00:14:55,806] {processor.py:642} INFO - Processing file /home/airflow/.local/lib/python3.7/site-packages/airflow/example_dags/example_nested_branch_dag.py for tasks to queue
[2022-02-22 00:14:55,811] {logging_mixin.py:109} INFO - [2022-02-22 00:14:55,810] {dagbag.py:500} INFO - Filling up the DagBag from /home/airflow/.local/lib/python3.7/site-packages/airflow/example_dags/example_nested_branch_dag.py
[2022-02-22 00:14:55,918] {processor.py:654} INFO - DAG(s) dict_keys(['example_nested_branch_dag']) retrieved from /home/airflow/.local/lib/python3.7/site-packages/airflow/example_dags/example_nested_branch_dag.py
[2022-02-22 00:14:55,983] {logging_mixin.py:109} INFO - [2022-02-22 00:14:55,981] {dag.py:2396} INFO - Sync 1 DAGs
[2022-02-22 00:14:56,061] {logging_mixin.py:109} INFO - [2022-02-22 00:14:56,060] {dag.py:2935} INFO - Setting next_dagrun for example_nested_branch_dag to 2022-02-21 00:00:00+00:00
[2022-02-22 00:14:56,093] {processor.py:171} INFO - Processing /home/airflow/.local/lib/python3.7/site-packages/airflow/example_dags/example_nested_branch_dag.py took 0.302 seconds
[2022-02-22 00:15:26,647] {processor.py:163} INFO - Started process (PID=9333) to work on /home/airflow/.local/lib/python3.7/site-packages/airflow/example_dags/example_nested_branch_dag.py
[2022-02-22 00:15:26,652] {processor.py:642} INFO - Processing file /home/airflow/.local/lib/python3.7/site-packages/airflow/example_dags/example_nested_branch_dag.py for tasks to queue
[2022-02-22 00:15:26,655] {logging_mixin.py:109} INFO - [2022-02-22 00:15:26,654] {dagbag.py:500} INFO - Filling up the DagBag from /home/airflow/.local/lib/python3.7/site-packages/airflow/example_dags/example_nested_branch_dag.py
[2022-02-22 00:15:26,742] {processor.py:654} INFO - DAG(s) dict_keys(['example_nested_branch_dag']) retrieved from /home/airflow/.local/lib/python3.7/site-packages/airflow/example_dags/example_nested_branch_dag.py
[2022-02-22 00:15:26,788] {logging_mixin.py:109} INFO - [2022-02-22 00:15:26,788] {dag.py:2396} INFO - Sync 1 DAGs
[2022-02-22 00:15:26,863] {logging_mixin.py:109} INFO - [2022-02-22 00:15:26,863] {dag.py:2935} INFO - Setting next_dagrun for example_nested_branch_dag to 2022-02-21 00:00:00+00:00
[2022-02-22 00:15:26,893] {processor.py:171} INFO - Processing /home/airflow/.local/lib/python3.7/site-packages/airflow/example_dags/example_nested_branch_dag.py took 0.253 seconds
[2022-02-22 00:15:57,518] {processor.py:163} INFO - Started process (PID=9413) to work on /home/airflow/.local/lib/python3.7/site-packages/airflow/example_dags/example_nested_branch_dag.py
[2022-02-22 00:15:57,523] {processor.py:642} INFO - Processing file /home/airflow/.local/lib/python3.7/site-packages/airflow/example_dags/example_nested_branch_dag.py for tasks to queue
[2022-02-22 00:15:57,526] {logging_mixin.py:109} INFO - [2022-02-22 00:15:57,525] {dagbag.py:500} INFO - Filling up the DagBag from /home/airflow/.local/lib/python3.7/site-packages/airflow/example_dags/example_nested_branch_dag.py
[2022-02-22 00:15:57,614] {processor.py:654} INFO - DAG(s) dict_keys(['example_nested_branch_dag']) retrieved from /home/airflow/.local/lib/python3.7/site-packages/airflow/example_dags/example_nested_branch_dag.py
[2022-02-22 00:15:57,660] {logging_mixin.py:109} INFO - [2022-02-22 00:15:57,660] {dag.py:2396} INFO - Sync 1 DAGs
[2022-02-22 00:15:57,729] {logging_mixin.py:109} INFO - [2022-02-22 00:15:57,729] {dag.py:2935} INFO - Setting next_dagrun for example_nested_branch_dag to 2022-02-21 00:00:00+00:00
[2022-02-22 00:15:57,756] {processor.py:171} INFO - Processing /home/airflow/.local/lib/python3.7/site-packages/airflow/example_dags/example_nested_branch_dag.py took 0.245 seconds
[2022-02-22 00:16:28,707] {processor.py:163} INFO - Started process (PID=9493) to work on /home/airflow/.local/lib/python3.7/site-packages/airflow/example_dags/example_nested_branch_dag.py
[2022-02-22 00:16:28,712] {processor.py:642} INFO - Processing file /home/airflow/.local/lib/python3.7/site-packages/airflow/example_dags/example_nested_branch_dag.py for tasks to queue
[2022-02-22 00:16:28,715] {logging_mixin.py:109} INFO - [2022-02-22 00:16:28,714] {dagbag.py:500} INFO - Filling up the DagBag from /home/airflow/.local/lib/python3.7/site-packages/airflow/example_dags/example_nested_branch_dag.py
[2022-02-22 00:16:28,818] {processor.py:654} INFO - DAG(s) dict_keys(['example_nested_branch_dag']) retrieved from /home/airflow/.local/lib/python3.7/site-packages/airflow/example_dags/example_nested_branch_dag.py
[2022-02-22 00:16:28,875] {logging_mixin.py:109} INFO - [2022-02-22 00:16:28,874] {dag.py:2396} INFO - Sync 1 DAGs
[2022-02-22 00:16:28,967] {logging_mixin.py:109} INFO - [2022-02-22 00:16:28,967] {dag.py:2935} INFO - Setting next_dagrun for example_nested_branch_dag to 2022-02-21 00:00:00+00:00
[2022-02-22 00:16:29,010] {processor.py:171} INFO - Processing /home/airflow/.local/lib/python3.7/site-packages/airflow/example_dags/example_nested_branch_dag.py took 0.312 seconds
[2022-02-22 00:16:59,142] {processor.py:163} INFO - Started process (PID=9576) to work on /home/airflow/.local/lib/python3.7/site-packages/airflow/example_dags/example_nested_branch_dag.py
[2022-02-22 00:16:59,147] {processor.py:642} INFO - Processing file /home/airflow/.local/lib/python3.7/site-packages/airflow/example_dags/example_nested_branch_dag.py for tasks to queue
[2022-02-22 00:16:59,150] {logging_mixin.py:109} INFO - [2022-02-22 00:16:59,150] {dagbag.py:500} INFO - Filling up the DagBag from /home/airflow/.local/lib/python3.7/site-packages/airflow/example_dags/example_nested_branch_dag.py
[2022-02-22 00:16:59,220] {processor.py:654} INFO - DAG(s) dict_keys(['example_nested_branch_dag']) retrieved from /home/airflow/.local/lib/python3.7/site-packages/airflow/example_dags/example_nested_branch_dag.py
[2022-02-22 00:16:59,258] {logging_mixin.py:109} INFO - [2022-02-22 00:16:59,258] {dag.py:2396} INFO - Sync 1 DAGs
[2022-02-22 00:16:59,320] {logging_mixin.py:109} INFO - [2022-02-22 00:16:59,319] {dag.py:2935} INFO - Setting next_dagrun for example_nested_branch_dag to 2022-02-21 00:00:00+00:00
[2022-02-22 00:16:59,347] {processor.py:171} INFO - Processing /home/airflow/.local/lib/python3.7/site-packages/airflow/example_dags/example_nested_branch_dag.py took 0.212 seconds
