[2022-02-22 00:00:22,810] {processor.py:163} INFO - Started process (PID=6503) to work on /home/airflow/.local/lib/python3.7/site-packages/airflow/example_dags/example_branch_labels.py
[2022-02-22 00:00:22,816] {processor.py:642} INFO - Processing file /home/airflow/.local/lib/python3.7/site-packages/airflow/example_dags/example_branch_labels.py for tasks to queue
[2022-02-22 00:00:22,819] {logging_mixin.py:109} INFO - [2022-02-22 00:00:22,818] {dagbag.py:500} INFO - Filling up the DagBag from /home/airflow/.local/lib/python3.7/site-packages/airflow/example_dags/example_branch_labels.py
[2022-02-22 00:00:22,908] {processor.py:654} INFO - DAG(s) dict_keys(['example_branch_labels']) retrieved from /home/airflow/.local/lib/python3.7/site-packages/airflow/example_dags/example_branch_labels.py
[2022-02-22 00:00:22,955] {logging_mixin.py:109} INFO - [2022-02-22 00:00:22,954] {dag.py:2396} INFO - Sync 1 DAGs
[2022-02-22 00:00:23,042] {logging_mixin.py:109} INFO - [2022-02-22 00:00:23,041] {dag.py:2935} INFO - Setting next_dagrun for example_branch_labels to 2022-02-21 00:00:00+00:00
[2022-02-22 00:00:23,074] {processor.py:171} INFO - Processing /home/airflow/.local/lib/python3.7/site-packages/airflow/example_dags/example_branch_labels.py took 0.272 seconds
[2022-02-22 00:00:53,620] {processor.py:163} INFO - Started process (PID=6596) to work on /home/airflow/.local/lib/python3.7/site-packages/airflow/example_dags/example_branch_labels.py
[2022-02-22 00:00:53,625] {processor.py:642} INFO - Processing file /home/airflow/.local/lib/python3.7/site-packages/airflow/example_dags/example_branch_labels.py for tasks to queue
[2022-02-22 00:00:53,630] {logging_mixin.py:109} INFO - [2022-02-22 00:00:53,629] {dagbag.py:500} INFO - Filling up the DagBag from /home/airflow/.local/lib/python3.7/site-packages/airflow/example_dags/example_branch_labels.py
[2022-02-22 00:00:53,724] {processor.py:654} INFO - DAG(s) dict_keys(['example_branch_labels']) retrieved from /home/airflow/.local/lib/python3.7/site-packages/airflow/example_dags/example_branch_labels.py
[2022-02-22 00:00:53,772] {logging_mixin.py:109} INFO - [2022-02-22 00:00:53,771] {dag.py:2396} INFO - Sync 1 DAGs
[2022-02-22 00:00:53,851] {logging_mixin.py:109} INFO - [2022-02-22 00:00:53,851] {dag.py:2935} INFO - Setting next_dagrun for example_branch_labels to 2022-02-21 00:00:00+00:00
[2022-02-22 00:00:53,885] {processor.py:171} INFO - Processing /home/airflow/.local/lib/python3.7/site-packages/airflow/example_dags/example_branch_labels.py took 0.273 seconds
[2022-02-22 00:01:24,236] {processor.py:163} INFO - Started process (PID=6700) to work on /home/airflow/.local/lib/python3.7/site-packages/airflow/example_dags/example_branch_labels.py
[2022-02-22 00:01:24,242] {processor.py:642} INFO - Processing file /home/airflow/.local/lib/python3.7/site-packages/airflow/example_dags/example_branch_labels.py for tasks to queue
[2022-02-22 00:01:24,245] {logging_mixin.py:109} INFO - [2022-02-22 00:01:24,245] {dagbag.py:500} INFO - Filling up the DagBag from /home/airflow/.local/lib/python3.7/site-packages/airflow/example_dags/example_branch_labels.py
[2022-02-22 00:01:24,319] {processor.py:654} INFO - DAG(s) dict_keys(['example_branch_labels']) retrieved from /home/airflow/.local/lib/python3.7/site-packages/airflow/example_dags/example_branch_labels.py
[2022-02-22 00:01:24,364] {logging_mixin.py:109} INFO - [2022-02-22 00:01:24,363] {dag.py:2396} INFO - Sync 1 DAGs
[2022-02-22 00:01:24,440] {logging_mixin.py:109} INFO - [2022-02-22 00:01:24,440] {dag.py:2935} INFO - Setting next_dagrun for example_branch_labels to 2022-02-21 00:00:00+00:00
[2022-02-22 00:01:24,473] {processor.py:171} INFO - Processing /home/airflow/.local/lib/python3.7/site-packages/airflow/example_dags/example_branch_labels.py took 0.245 seconds
[2022-02-22 00:01:54,838] {processor.py:163} INFO - Started process (PID=6787) to work on /home/airflow/.local/lib/python3.7/site-packages/airflow/example_dags/example_branch_labels.py
[2022-02-22 00:01:54,843] {processor.py:642} INFO - Processing file /home/airflow/.local/lib/python3.7/site-packages/airflow/example_dags/example_branch_labels.py for tasks to queue
[2022-02-22 00:01:54,848] {logging_mixin.py:109} INFO - [2022-02-22 00:01:54,847] {dagbag.py:500} INFO - Filling up the DagBag from /home/airflow/.local/lib/python3.7/site-packages/airflow/example_dags/example_branch_labels.py
[2022-02-22 00:01:54,935] {processor.py:654} INFO - DAG(s) dict_keys(['example_branch_labels']) retrieved from /home/airflow/.local/lib/python3.7/site-packages/airflow/example_dags/example_branch_labels.py
[2022-02-22 00:01:54,987] {logging_mixin.py:109} INFO - [2022-02-22 00:01:54,986] {dag.py:2396} INFO - Sync 1 DAGs
[2022-02-22 00:01:55,071] {logging_mixin.py:109} INFO - [2022-02-22 00:01:55,070] {dag.py:2935} INFO - Setting next_dagrun for example_branch_labels to 2022-02-21 00:00:00+00:00
[2022-02-22 00:01:55,103] {processor.py:171} INFO - Processing /home/airflow/.local/lib/python3.7/site-packages/airflow/example_dags/example_branch_labels.py took 0.273 seconds
[2022-02-22 00:02:25,265] {processor.py:163} INFO - Started process (PID=6888) to work on /home/airflow/.local/lib/python3.7/site-packages/airflow/example_dags/example_branch_labels.py
[2022-02-22 00:02:25,270] {processor.py:642} INFO - Processing file /home/airflow/.local/lib/python3.7/site-packages/airflow/example_dags/example_branch_labels.py for tasks to queue
[2022-02-22 00:02:25,274] {logging_mixin.py:109} INFO - [2022-02-22 00:02:25,274] {dagbag.py:500} INFO - Filling up the DagBag from /home/airflow/.local/lib/python3.7/site-packages/airflow/example_dags/example_branch_labels.py
[2022-02-22 00:02:25,387] {processor.py:654} INFO - DAG(s) dict_keys(['example_branch_labels']) retrieved from /home/airflow/.local/lib/python3.7/site-packages/airflow/example_dags/example_branch_labels.py
[2022-02-22 00:02:25,438] {logging_mixin.py:109} INFO - [2022-02-22 00:02:25,437] {dag.py:2396} INFO - Sync 1 DAGs
[2022-02-22 00:02:25,517] {logging_mixin.py:109} INFO - [2022-02-22 00:02:25,517] {dag.py:2935} INFO - Setting next_dagrun for example_branch_labels to 2022-02-21 00:00:00+00:00
[2022-02-22 00:02:25,546] {processor.py:171} INFO - Processing /home/airflow/.local/lib/python3.7/site-packages/airflow/example_dags/example_branch_labels.py took 0.288 seconds
[2022-02-22 00:02:55,629] {processor.py:163} INFO - Started process (PID=6975) to work on /home/airflow/.local/lib/python3.7/site-packages/airflow/example_dags/example_branch_labels.py
[2022-02-22 00:02:55,635] {processor.py:642} INFO - Processing file /home/airflow/.local/lib/python3.7/site-packages/airflow/example_dags/example_branch_labels.py for tasks to queue
[2022-02-22 00:02:55,640] {logging_mixin.py:109} INFO - [2022-02-22 00:02:55,640] {dagbag.py:500} INFO - Filling up the DagBag from /home/airflow/.local/lib/python3.7/site-packages/airflow/example_dags/example_branch_labels.py
[2022-02-22 00:02:55,735] {processor.py:654} INFO - DAG(s) dict_keys(['example_branch_labels']) retrieved from /home/airflow/.local/lib/python3.7/site-packages/airflow/example_dags/example_branch_labels.py
[2022-02-22 00:02:55,787] {logging_mixin.py:109} INFO - [2022-02-22 00:02:55,786] {dag.py:2396} INFO - Sync 1 DAGs
[2022-02-22 00:02:55,869] {logging_mixin.py:109} INFO - [2022-02-22 00:02:55,869] {dag.py:2935} INFO - Setting next_dagrun for example_branch_labels to 2022-02-21 00:00:00+00:00
[2022-02-22 00:02:55,902] {processor.py:171} INFO - Processing /home/airflow/.local/lib/python3.7/site-packages/airflow/example_dags/example_branch_labels.py took 0.280 seconds
[2022-02-22 00:03:25,946] {processor.py:163} INFO - Started process (PID=7077) to work on /home/airflow/.local/lib/python3.7/site-packages/airflow/example_dags/example_branch_labels.py
[2022-02-22 00:03:25,952] {processor.py:642} INFO - Processing file /home/airflow/.local/lib/python3.7/site-packages/airflow/example_dags/example_branch_labels.py for tasks to queue
[2022-02-22 00:03:25,956] {logging_mixin.py:109} INFO - [2022-02-22 00:03:25,956] {dagbag.py:500} INFO - Filling up the DagBag from /home/airflow/.local/lib/python3.7/site-packages/airflow/example_dags/example_branch_labels.py
[2022-02-22 00:03:26,045] {processor.py:654} INFO - DAG(s) dict_keys(['example_branch_labels']) retrieved from /home/airflow/.local/lib/python3.7/site-packages/airflow/example_dags/example_branch_labels.py
[2022-02-22 00:03:26,093] {logging_mixin.py:109} INFO - [2022-02-22 00:03:26,092] {dag.py:2396} INFO - Sync 1 DAGs
[2022-02-22 00:03:26,176] {logging_mixin.py:109} INFO - [2022-02-22 00:03:26,175] {dag.py:2935} INFO - Setting next_dagrun for example_branch_labels to 2022-02-21 00:00:00+00:00
[2022-02-22 00:03:26,210] {processor.py:171} INFO - Processing /home/airflow/.local/lib/python3.7/site-packages/airflow/example_dags/example_branch_labels.py took 0.272 seconds
[2022-02-22 00:03:56,384] {processor.py:163} INFO - Started process (PID=7164) to work on /home/airflow/.local/lib/python3.7/site-packages/airflow/example_dags/example_branch_labels.py
[2022-02-22 00:03:56,389] {processor.py:642} INFO - Processing file /home/airflow/.local/lib/python3.7/site-packages/airflow/example_dags/example_branch_labels.py for tasks to queue
[2022-02-22 00:03:56,393] {logging_mixin.py:109} INFO - [2022-02-22 00:03:56,392] {dagbag.py:500} INFO - Filling up the DagBag from /home/airflow/.local/lib/python3.7/site-packages/airflow/example_dags/example_branch_labels.py
[2022-02-22 00:03:56,479] {processor.py:654} INFO - DAG(s) dict_keys(['example_branch_labels']) retrieved from /home/airflow/.local/lib/python3.7/site-packages/airflow/example_dags/example_branch_labels.py
[2022-02-22 00:03:56,534] {logging_mixin.py:109} INFO - [2022-02-22 00:03:56,533] {dag.py:2396} INFO - Sync 1 DAGs
[2022-02-22 00:03:56,630] {logging_mixin.py:109} INFO - [2022-02-22 00:03:56,629] {dag.py:2935} INFO - Setting next_dagrun for example_branch_labels to 2022-02-21 00:00:00+00:00
[2022-02-22 00:03:56,668] {processor.py:171} INFO - Processing /home/airflow/.local/lib/python3.7/site-packages/airflow/example_dags/example_branch_labels.py took 0.291 seconds
[2022-02-22 00:04:26,778] {processor.py:163} INFO - Started process (PID=7268) to work on /home/airflow/.local/lib/python3.7/site-packages/airflow/example_dags/example_branch_labels.py
[2022-02-22 00:04:26,784] {processor.py:642} INFO - Processing file /home/airflow/.local/lib/python3.7/site-packages/airflow/example_dags/example_branch_labels.py for tasks to queue
[2022-02-22 00:04:26,787] {logging_mixin.py:109} INFO - [2022-02-22 00:04:26,787] {dagbag.py:500} INFO - Filling up the DagBag from /home/airflow/.local/lib/python3.7/site-packages/airflow/example_dags/example_branch_labels.py
[2022-02-22 00:04:26,867] {processor.py:654} INFO - DAG(s) dict_keys(['example_branch_labels']) retrieved from /home/airflow/.local/lib/python3.7/site-packages/airflow/example_dags/example_branch_labels.py
[2022-02-22 00:04:26,913] {logging_mixin.py:109} INFO - [2022-02-22 00:04:26,913] {dag.py:2396} INFO - Sync 1 DAGs
[2022-02-22 00:04:26,989] {logging_mixin.py:109} INFO - [2022-02-22 00:04:26,989] {dag.py:2935} INFO - Setting next_dagrun for example_branch_labels to 2022-02-21 00:00:00+00:00
[2022-02-22 00:04:27,017] {processor.py:171} INFO - Processing /home/airflow/.local/lib/python3.7/site-packages/airflow/example_dags/example_branch_labels.py took 0.247 seconds
[2022-02-22 00:04:57,812] {processor.py:163} INFO - Started process (PID=7357) to work on /home/airflow/.local/lib/python3.7/site-packages/airflow/example_dags/example_branch_labels.py
[2022-02-22 00:04:57,817] {processor.py:642} INFO - Processing file /home/airflow/.local/lib/python3.7/site-packages/airflow/example_dags/example_branch_labels.py for tasks to queue
[2022-02-22 00:04:57,819] {logging_mixin.py:109} INFO - [2022-02-22 00:04:57,819] {dagbag.py:500} INFO - Filling up the DagBag from /home/airflow/.local/lib/python3.7/site-packages/airflow/example_dags/example_branch_labels.py
[2022-02-22 00:04:57,889] {processor.py:654} INFO - DAG(s) dict_keys(['example_branch_labels']) retrieved from /home/airflow/.local/lib/python3.7/site-packages/airflow/example_dags/example_branch_labels.py
[2022-02-22 00:04:57,930] {logging_mixin.py:109} INFO - [2022-02-22 00:04:57,929] {dag.py:2396} INFO - Sync 1 DAGs
[2022-02-22 00:04:58,001] {logging_mixin.py:109} INFO - [2022-02-22 00:04:58,000] {dag.py:2935} INFO - Setting next_dagrun for example_branch_labels to 2022-02-21 00:00:00+00:00
[2022-02-22 00:04:58,026] {processor.py:171} INFO - Processing /home/airflow/.local/lib/python3.7/site-packages/airflow/example_dags/example_branch_labels.py took 0.221 seconds
[2022-02-22 00:05:28,113] {processor.py:163} INFO - Started process (PID=7459) to work on /home/airflow/.local/lib/python3.7/site-packages/airflow/example_dags/example_branch_labels.py
[2022-02-22 00:05:28,119] {processor.py:642} INFO - Processing file /home/airflow/.local/lib/python3.7/site-packages/airflow/example_dags/example_branch_labels.py for tasks to queue
[2022-02-22 00:05:28,122] {logging_mixin.py:109} INFO - [2022-02-22 00:05:28,121] {dagbag.py:500} INFO - Filling up the DagBag from /home/airflow/.local/lib/python3.7/site-packages/airflow/example_dags/example_branch_labels.py
[2022-02-22 00:05:28,199] {processor.py:654} INFO - DAG(s) dict_keys(['example_branch_labels']) retrieved from /home/airflow/.local/lib/python3.7/site-packages/airflow/example_dags/example_branch_labels.py
[2022-02-22 00:05:28,244] {logging_mixin.py:109} INFO - [2022-02-22 00:05:28,243] {dag.py:2396} INFO - Sync 1 DAGs
[2022-02-22 00:05:28,322] {logging_mixin.py:109} INFO - [2022-02-22 00:05:28,317] {dag.py:2935} INFO - Setting next_dagrun for example_branch_labels to 2022-02-21 00:00:00+00:00
[2022-02-22 00:05:28,371] {processor.py:171} INFO - Processing /home/airflow/.local/lib/python3.7/site-packages/airflow/example_dags/example_branch_labels.py took 0.265 seconds
[2022-02-22 00:05:58,663] {processor.py:163} INFO - Started process (PID=7544) to work on /home/airflow/.local/lib/python3.7/site-packages/airflow/example_dags/example_branch_labels.py
[2022-02-22 00:05:58,668] {processor.py:642} INFO - Processing file /home/airflow/.local/lib/python3.7/site-packages/airflow/example_dags/example_branch_labels.py for tasks to queue
[2022-02-22 00:05:58,672] {logging_mixin.py:109} INFO - [2022-02-22 00:05:58,671] {dagbag.py:500} INFO - Filling up the DagBag from /home/airflow/.local/lib/python3.7/site-packages/airflow/example_dags/example_branch_labels.py
[2022-02-22 00:05:58,749] {processor.py:654} INFO - DAG(s) dict_keys(['example_branch_labels']) retrieved from /home/airflow/.local/lib/python3.7/site-packages/airflow/example_dags/example_branch_labels.py
[2022-02-22 00:05:58,793] {logging_mixin.py:109} INFO - [2022-02-22 00:05:58,792] {dag.py:2396} INFO - Sync 1 DAGs
[2022-02-22 00:05:58,863] {logging_mixin.py:109} INFO - [2022-02-22 00:05:58,862] {dag.py:2935} INFO - Setting next_dagrun for example_branch_labels to 2022-02-21 00:00:00+00:00
[2022-02-22 00:05:58,889] {processor.py:171} INFO - Processing /home/airflow/.local/lib/python3.7/site-packages/airflow/example_dags/example_branch_labels.py took 0.232 seconds
[2022-02-22 00:06:30,047] {processor.py:163} INFO - Started process (PID=7650) to work on /home/airflow/.local/lib/python3.7/site-packages/airflow/example_dags/example_branch_labels.py
[2022-02-22 00:06:30,052] {processor.py:642} INFO - Processing file /home/airflow/.local/lib/python3.7/site-packages/airflow/example_dags/example_branch_labels.py for tasks to queue
[2022-02-22 00:06:30,064] {logging_mixin.py:109} INFO - [2022-02-22 00:06:30,064] {dagbag.py:500} INFO - Filling up the DagBag from /home/airflow/.local/lib/python3.7/site-packages/airflow/example_dags/example_branch_labels.py
[2022-02-22 00:06:30,140] {processor.py:654} INFO - DAG(s) dict_keys(['example_branch_labels']) retrieved from /home/airflow/.local/lib/python3.7/site-packages/airflow/example_dags/example_branch_labels.py
[2022-02-22 00:06:30,186] {logging_mixin.py:109} INFO - [2022-02-22 00:06:30,185] {dag.py:2396} INFO - Sync 1 DAGs
[2022-02-22 00:06:30,259] {logging_mixin.py:109} INFO - [2022-02-22 00:06:30,259] {dag.py:2935} INFO - Setting next_dagrun for example_branch_labels to 2022-02-21 00:00:00+00:00
[2022-02-22 00:06:30,287] {processor.py:171} INFO - Processing /home/airflow/.local/lib/python3.7/site-packages/airflow/example_dags/example_branch_labels.py took 0.247 seconds
[2022-02-22 00:07:00,651] {processor.py:163} INFO - Started process (PID=7734) to work on /home/airflow/.local/lib/python3.7/site-packages/airflow/example_dags/example_branch_labels.py
[2022-02-22 00:07:00,656] {processor.py:642} INFO - Processing file /home/airflow/.local/lib/python3.7/site-packages/airflow/example_dags/example_branch_labels.py for tasks to queue
[2022-02-22 00:07:00,659] {logging_mixin.py:109} INFO - [2022-02-22 00:07:00,658] {dagbag.py:500} INFO - Filling up the DagBag from /home/airflow/.local/lib/python3.7/site-packages/airflow/example_dags/example_branch_labels.py
[2022-02-22 00:07:00,729] {processor.py:654} INFO - DAG(s) dict_keys(['example_branch_labels']) retrieved from /home/airflow/.local/lib/python3.7/site-packages/airflow/example_dags/example_branch_labels.py
[2022-02-22 00:07:00,765] {logging_mixin.py:109} INFO - [2022-02-22 00:07:00,764] {dag.py:2396} INFO - Sync 1 DAGs
[2022-02-22 00:07:00,827] {logging_mixin.py:109} INFO - [2022-02-22 00:07:00,827] {dag.py:2935} INFO - Setting next_dagrun for example_branch_labels to 2022-02-21 00:00:00+00:00
[2022-02-22 00:07:00,852] {processor.py:171} INFO - Processing /home/airflow/.local/lib/python3.7/site-packages/airflow/example_dags/example_branch_labels.py took 0.207 seconds
[2022-02-22 00:07:31,440] {processor.py:163} INFO - Started process (PID=7824) to work on /home/airflow/.local/lib/python3.7/site-packages/airflow/example_dags/example_branch_labels.py
[2022-02-22 00:07:31,445] {processor.py:642} INFO - Processing file /home/airflow/.local/lib/python3.7/site-packages/airflow/example_dags/example_branch_labels.py for tasks to queue
[2022-02-22 00:07:31,448] {logging_mixin.py:109} INFO - [2022-02-22 00:07:31,448] {dagbag.py:500} INFO - Filling up the DagBag from /home/airflow/.local/lib/python3.7/site-packages/airflow/example_dags/example_branch_labels.py
[2022-02-22 00:07:31,564] {processor.py:654} INFO - DAG(s) dict_keys(['example_branch_labels']) retrieved from /home/airflow/.local/lib/python3.7/site-packages/airflow/example_dags/example_branch_labels.py
[2022-02-22 00:07:31,607] {logging_mixin.py:109} INFO - [2022-02-22 00:07:31,607] {dag.py:2396} INFO - Sync 1 DAGs
[2022-02-22 00:07:31,678] {logging_mixin.py:109} INFO - [2022-02-22 00:07:31,678] {dag.py:2935} INFO - Setting next_dagrun for example_branch_labels to 2022-02-21 00:00:00+00:00
[2022-02-22 00:07:31,710] {processor.py:171} INFO - Processing /home/airflow/.local/lib/python3.7/site-packages/airflow/example_dags/example_branch_labels.py took 0.278 seconds
[2022-02-22 00:08:02,063] {processor.py:163} INFO - Started process (PID=7923) to work on /home/airflow/.local/lib/python3.7/site-packages/airflow/example_dags/example_branch_labels.py
[2022-02-22 00:08:02,068] {processor.py:642} INFO - Processing file /home/airflow/.local/lib/python3.7/site-packages/airflow/example_dags/example_branch_labels.py for tasks to queue
[2022-02-22 00:08:02,073] {logging_mixin.py:109} INFO - [2022-02-22 00:08:02,072] {dagbag.py:500} INFO - Filling up the DagBag from /home/airflow/.local/lib/python3.7/site-packages/airflow/example_dags/example_branch_labels.py
[2022-02-22 00:08:02,148] {processor.py:654} INFO - DAG(s) dict_keys(['example_branch_labels']) retrieved from /home/airflow/.local/lib/python3.7/site-packages/airflow/example_dags/example_branch_labels.py
[2022-02-22 00:08:02,193] {logging_mixin.py:109} INFO - [2022-02-22 00:08:02,193] {dag.py:2396} INFO - Sync 1 DAGs
[2022-02-22 00:08:02,268] {logging_mixin.py:109} INFO - [2022-02-22 00:08:02,267] {dag.py:2935} INFO - Setting next_dagrun for example_branch_labels to 2022-02-21 00:00:00+00:00
[2022-02-22 00:08:02,299] {processor.py:171} INFO - Processing /home/airflow/.local/lib/python3.7/site-packages/airflow/example_dags/example_branch_labels.py took 0.244 seconds
[2022-02-22 00:08:32,625] {processor.py:163} INFO - Started process (PID=8014) to work on /home/airflow/.local/lib/python3.7/site-packages/airflow/example_dags/example_branch_labels.py
[2022-02-22 00:08:32,631] {processor.py:642} INFO - Processing file /home/airflow/.local/lib/python3.7/site-packages/airflow/example_dags/example_branch_labels.py for tasks to queue
[2022-02-22 00:08:32,635] {logging_mixin.py:109} INFO - [2022-02-22 00:08:32,634] {dagbag.py:500} INFO - Filling up the DagBag from /home/airflow/.local/lib/python3.7/site-packages/airflow/example_dags/example_branch_labels.py
[2022-02-22 00:08:32,711] {processor.py:654} INFO - DAG(s) dict_keys(['example_branch_labels']) retrieved from /home/airflow/.local/lib/python3.7/site-packages/airflow/example_dags/example_branch_labels.py
[2022-02-22 00:08:32,754] {logging_mixin.py:109} INFO - [2022-02-22 00:08:32,754] {dag.py:2396} INFO - Sync 1 DAGs
[2022-02-22 00:08:32,833] {logging_mixin.py:109} INFO - [2022-02-22 00:08:32,832] {dag.py:2935} INFO - Setting next_dagrun for example_branch_labels to 2022-02-21 00:00:00+00:00
[2022-02-22 00:08:32,861] {processor.py:171} INFO - Processing /home/airflow/.local/lib/python3.7/site-packages/airflow/example_dags/example_branch_labels.py took 0.243 seconds
[2022-02-22 00:09:03,132] {processor.py:163} INFO - Started process (PID=8110) to work on /home/airflow/.local/lib/python3.7/site-packages/airflow/example_dags/example_branch_labels.py
[2022-02-22 00:09:03,137] {processor.py:642} INFO - Processing file /home/airflow/.local/lib/python3.7/site-packages/airflow/example_dags/example_branch_labels.py for tasks to queue
[2022-02-22 00:09:03,140] {logging_mixin.py:109} INFO - [2022-02-22 00:09:03,140] {dagbag.py:500} INFO - Filling up the DagBag from /home/airflow/.local/lib/python3.7/site-packages/airflow/example_dags/example_branch_labels.py
[2022-02-22 00:09:03,220] {processor.py:654} INFO - DAG(s) dict_keys(['example_branch_labels']) retrieved from /home/airflow/.local/lib/python3.7/site-packages/airflow/example_dags/example_branch_labels.py
[2022-02-22 00:09:03,281] {logging_mixin.py:109} INFO - [2022-02-22 00:09:03,280] {dag.py:2396} INFO - Sync 1 DAGs
[2022-02-22 00:09:03,361] {logging_mixin.py:109} INFO - [2022-02-22 00:09:03,360] {dag.py:2935} INFO - Setting next_dagrun for example_branch_labels to 2022-02-21 00:00:00+00:00
[2022-02-22 00:09:03,388] {processor.py:171} INFO - Processing /home/airflow/.local/lib/python3.7/site-packages/airflow/example_dags/example_branch_labels.py took 0.265 seconds
[2022-02-22 00:09:33,602] {processor.py:163} INFO - Started process (PID=8201) to work on /home/airflow/.local/lib/python3.7/site-packages/airflow/example_dags/example_branch_labels.py
[2022-02-22 00:09:33,607] {processor.py:642} INFO - Processing file /home/airflow/.local/lib/python3.7/site-packages/airflow/example_dags/example_branch_labels.py for tasks to queue
[2022-02-22 00:09:33,610] {logging_mixin.py:109} INFO - [2022-02-22 00:09:33,610] {dagbag.py:500} INFO - Filling up the DagBag from /home/airflow/.local/lib/python3.7/site-packages/airflow/example_dags/example_branch_labels.py
[2022-02-22 00:09:33,691] {processor.py:654} INFO - DAG(s) dict_keys(['example_branch_labels']) retrieved from /home/airflow/.local/lib/python3.7/site-packages/airflow/example_dags/example_branch_labels.py
[2022-02-22 00:09:33,734] {logging_mixin.py:109} INFO - [2022-02-22 00:09:33,734] {dag.py:2396} INFO - Sync 1 DAGs
[2022-02-22 00:09:33,811] {logging_mixin.py:109} INFO - [2022-02-22 00:09:33,810] {dag.py:2935} INFO - Setting next_dagrun for example_branch_labels to 2022-02-21 00:00:00+00:00
[2022-02-22 00:09:33,838] {processor.py:171} INFO - Processing /home/airflow/.local/lib/python3.7/site-packages/airflow/example_dags/example_branch_labels.py took 0.242 seconds
[2022-02-22 00:10:04,577] {processor.py:163} INFO - Started process (PID=8306) to work on /home/airflow/.local/lib/python3.7/site-packages/airflow/example_dags/example_branch_labels.py
[2022-02-22 00:10:04,582] {processor.py:642} INFO - Processing file /home/airflow/.local/lib/python3.7/site-packages/airflow/example_dags/example_branch_labels.py for tasks to queue
[2022-02-22 00:10:04,585] {logging_mixin.py:109} INFO - [2022-02-22 00:10:04,585] {dagbag.py:500} INFO - Filling up the DagBag from /home/airflow/.local/lib/python3.7/site-packages/airflow/example_dags/example_branch_labels.py
[2022-02-22 00:10:04,669] {processor.py:654} INFO - DAG(s) dict_keys(['example_branch_labels']) retrieved from /home/airflow/.local/lib/python3.7/site-packages/airflow/example_dags/example_branch_labels.py
[2022-02-22 00:10:04,714] {logging_mixin.py:109} INFO - [2022-02-22 00:10:04,713] {dag.py:2396} INFO - Sync 1 DAGs
[2022-02-22 00:10:04,797] {logging_mixin.py:109} INFO - [2022-02-22 00:10:04,796] {dag.py:2935} INFO - Setting next_dagrun for example_branch_labels to 2022-02-21 00:00:00+00:00
[2022-02-22 00:10:04,827] {processor.py:171} INFO - Processing /home/airflow/.local/lib/python3.7/site-packages/airflow/example_dags/example_branch_labels.py took 0.259 seconds
[2022-02-22 00:10:35,112] {processor.py:163} INFO - Started process (PID=8393) to work on /home/airflow/.local/lib/python3.7/site-packages/airflow/example_dags/example_branch_labels.py
[2022-02-22 00:10:35,117] {processor.py:642} INFO - Processing file /home/airflow/.local/lib/python3.7/site-packages/airflow/example_dags/example_branch_labels.py for tasks to queue
[2022-02-22 00:10:35,121] {logging_mixin.py:109} INFO - [2022-02-22 00:10:35,120] {dagbag.py:500} INFO - Filling up the DagBag from /home/airflow/.local/lib/python3.7/site-packages/airflow/example_dags/example_branch_labels.py
[2022-02-22 00:10:35,197] {processor.py:654} INFO - DAG(s) dict_keys(['example_branch_labels']) retrieved from /home/airflow/.local/lib/python3.7/site-packages/airflow/example_dags/example_branch_labels.py
[2022-02-22 00:10:35,248] {logging_mixin.py:109} INFO - [2022-02-22 00:10:35,248] {dag.py:2396} INFO - Sync 1 DAGs
[2022-02-22 00:10:35,332] {logging_mixin.py:109} INFO - [2022-02-22 00:10:35,332] {dag.py:2935} INFO - Setting next_dagrun for example_branch_labels to 2022-02-21 00:00:00+00:00
[2022-02-22 00:10:35,363] {processor.py:171} INFO - Processing /home/airflow/.local/lib/python3.7/site-packages/airflow/example_dags/example_branch_labels.py took 0.258 seconds
[2022-02-22 00:11:05,547] {processor.py:163} INFO - Started process (PID=8497) to work on /home/airflow/.local/lib/python3.7/site-packages/airflow/example_dags/example_branch_labels.py
[2022-02-22 00:11:05,552] {processor.py:642} INFO - Processing file /home/airflow/.local/lib/python3.7/site-packages/airflow/example_dags/example_branch_labels.py for tasks to queue
[2022-02-22 00:11:05,555] {logging_mixin.py:109} INFO - [2022-02-22 00:11:05,555] {dagbag.py:500} INFO - Filling up the DagBag from /home/airflow/.local/lib/python3.7/site-packages/airflow/example_dags/example_branch_labels.py
[2022-02-22 00:11:05,634] {processor.py:654} INFO - DAG(s) dict_keys(['example_branch_labels']) retrieved from /home/airflow/.local/lib/python3.7/site-packages/airflow/example_dags/example_branch_labels.py
[2022-02-22 00:11:05,683] {logging_mixin.py:109} INFO - [2022-02-22 00:11:05,683] {dag.py:2396} INFO - Sync 1 DAGs
[2022-02-22 00:11:05,757] {logging_mixin.py:109} INFO - [2022-02-22 00:11:05,756] {dag.py:2935} INFO - Setting next_dagrun for example_branch_labels to 2022-02-21 00:00:00+00:00
[2022-02-22 00:11:05,786] {processor.py:171} INFO - Processing /home/airflow/.local/lib/python3.7/site-packages/airflow/example_dags/example_branch_labels.py took 0.247 seconds
[2022-02-22 00:11:36,476] {processor.py:163} INFO - Started process (PID=8584) to work on /home/airflow/.local/lib/python3.7/site-packages/airflow/example_dags/example_branch_labels.py
[2022-02-22 00:11:36,480] {processor.py:642} INFO - Processing file /home/airflow/.local/lib/python3.7/site-packages/airflow/example_dags/example_branch_labels.py for tasks to queue
[2022-02-22 00:11:36,483] {logging_mixin.py:109} INFO - [2022-02-22 00:11:36,482] {dagbag.py:500} INFO - Filling up the DagBag from /home/airflow/.local/lib/python3.7/site-packages/airflow/example_dags/example_branch_labels.py
[2022-02-22 00:11:36,554] {processor.py:654} INFO - DAG(s) dict_keys(['example_branch_labels']) retrieved from /home/airflow/.local/lib/python3.7/site-packages/airflow/example_dags/example_branch_labels.py
[2022-02-22 00:11:36,603] {logging_mixin.py:109} INFO - [2022-02-22 00:11:36,602] {dag.py:2396} INFO - Sync 1 DAGs
[2022-02-22 00:11:36,680] {logging_mixin.py:109} INFO - [2022-02-22 00:11:36,680] {dag.py:2935} INFO - Setting next_dagrun for example_branch_labels to 2022-02-21 00:00:00+00:00
[2022-02-22 00:11:36,713] {processor.py:171} INFO - Processing /home/airflow/.local/lib/python3.7/site-packages/airflow/example_dags/example_branch_labels.py took 0.244 seconds
[2022-02-22 00:12:06,890] {processor.py:163} INFO - Started process (PID=8687) to work on /home/airflow/.local/lib/python3.7/site-packages/airflow/example_dags/example_branch_labels.py
[2022-02-22 00:12:06,895] {processor.py:642} INFO - Processing file /home/airflow/.local/lib/python3.7/site-packages/airflow/example_dags/example_branch_labels.py for tasks to queue
[2022-02-22 00:12:06,898] {logging_mixin.py:109} INFO - [2022-02-22 00:12:06,898] {dagbag.py:500} INFO - Filling up the DagBag from /home/airflow/.local/lib/python3.7/site-packages/airflow/example_dags/example_branch_labels.py
[2022-02-22 00:12:06,981] {processor.py:654} INFO - DAG(s) dict_keys(['example_branch_labels']) retrieved from /home/airflow/.local/lib/python3.7/site-packages/airflow/example_dags/example_branch_labels.py
[2022-02-22 00:12:07,032] {logging_mixin.py:109} INFO - [2022-02-22 00:12:07,031] {dag.py:2396} INFO - Sync 1 DAGs
[2022-02-22 00:12:07,131] {logging_mixin.py:109} INFO - [2022-02-22 00:12:07,131] {dag.py:2935} INFO - Setting next_dagrun for example_branch_labels to 2022-02-21 00:00:00+00:00
[2022-02-22 00:12:07,167] {processor.py:171} INFO - Processing /home/airflow/.local/lib/python3.7/site-packages/airflow/example_dags/example_branch_labels.py took 0.285 seconds
[2022-02-22 00:12:37,291] {processor.py:163} INFO - Started process (PID=8773) to work on /home/airflow/.local/lib/python3.7/site-packages/airflow/example_dags/example_branch_labels.py
[2022-02-22 00:12:37,297] {processor.py:642} INFO - Processing file /home/airflow/.local/lib/python3.7/site-packages/airflow/example_dags/example_branch_labels.py for tasks to queue
[2022-02-22 00:12:37,301] {logging_mixin.py:109} INFO - [2022-02-22 00:12:37,300] {dagbag.py:500} INFO - Filling up the DagBag from /home/airflow/.local/lib/python3.7/site-packages/airflow/example_dags/example_branch_labels.py
[2022-02-22 00:12:37,367] {processor.py:654} INFO - DAG(s) dict_keys(['example_branch_labels']) retrieved from /home/airflow/.local/lib/python3.7/site-packages/airflow/example_dags/example_branch_labels.py
[2022-02-22 00:12:37,410] {logging_mixin.py:109} INFO - [2022-02-22 00:12:37,409] {dag.py:2396} INFO - Sync 1 DAGs
[2022-02-22 00:12:37,476] {logging_mixin.py:109} INFO - [2022-02-22 00:12:37,476] {dag.py:2935} INFO - Setting next_dagrun for example_branch_labels to 2022-02-21 00:00:00+00:00
[2022-02-22 00:12:37,501] {processor.py:171} INFO - Processing /home/airflow/.local/lib/python3.7/site-packages/airflow/example_dags/example_branch_labels.py took 0.216 seconds
[2022-02-22 00:13:07,937] {processor.py:163} INFO - Started process (PID=8877) to work on /home/airflow/.local/lib/python3.7/site-packages/airflow/example_dags/example_branch_labels.py
[2022-02-22 00:13:07,951] {processor.py:642} INFO - Processing file /home/airflow/.local/lib/python3.7/site-packages/airflow/example_dags/example_branch_labels.py for tasks to queue
[2022-02-22 00:13:07,954] {logging_mixin.py:109} INFO - [2022-02-22 00:13:07,954] {dagbag.py:500} INFO - Filling up the DagBag from /home/airflow/.local/lib/python3.7/site-packages/airflow/example_dags/example_branch_labels.py
[2022-02-22 00:13:08,031] {processor.py:654} INFO - DAG(s) dict_keys(['example_branch_labels']) retrieved from /home/airflow/.local/lib/python3.7/site-packages/airflow/example_dags/example_branch_labels.py
[2022-02-22 00:13:08,076] {logging_mixin.py:109} INFO - [2022-02-22 00:13:08,076] {dag.py:2396} INFO - Sync 1 DAGs
[2022-02-22 00:13:08,163] {logging_mixin.py:109} INFO - [2022-02-22 00:13:08,163] {dag.py:2935} INFO - Setting next_dagrun for example_branch_labels to 2022-02-21 00:00:00+00:00
[2022-02-22 00:13:08,193] {processor.py:171} INFO - Processing /home/airflow/.local/lib/python3.7/site-packages/airflow/example_dags/example_branch_labels.py took 0.263 seconds
[2022-02-22 00:13:38,639] {processor.py:163} INFO - Started process (PID=8964) to work on /home/airflow/.local/lib/python3.7/site-packages/airflow/example_dags/example_branch_labels.py
[2022-02-22 00:13:38,644] {processor.py:642} INFO - Processing file /home/airflow/.local/lib/python3.7/site-packages/airflow/example_dags/example_branch_labels.py for tasks to queue
[2022-02-22 00:13:38,647] {logging_mixin.py:109} INFO - [2022-02-22 00:13:38,646] {dagbag.py:500} INFO - Filling up the DagBag from /home/airflow/.local/lib/python3.7/site-packages/airflow/example_dags/example_branch_labels.py
[2022-02-22 00:13:38,717] {processor.py:654} INFO - DAG(s) dict_keys(['example_branch_labels']) retrieved from /home/airflow/.local/lib/python3.7/site-packages/airflow/example_dags/example_branch_labels.py
[2022-02-22 00:13:38,758] {logging_mixin.py:109} INFO - [2022-02-22 00:13:38,757] {dag.py:2396} INFO - Sync 1 DAGs
[2022-02-22 00:13:38,828] {logging_mixin.py:109} INFO - [2022-02-22 00:13:38,827] {dag.py:2935} INFO - Setting next_dagrun for example_branch_labels to 2022-02-21 00:00:00+00:00
[2022-02-22 00:13:38,853] {processor.py:171} INFO - Processing /home/airflow/.local/lib/python3.7/site-packages/airflow/example_dags/example_branch_labels.py took 0.220 seconds
[2022-02-22 00:14:09,394] {processor.py:163} INFO - Started process (PID=9068) to work on /home/airflow/.local/lib/python3.7/site-packages/airflow/example_dags/example_branch_labels.py
[2022-02-22 00:14:09,399] {processor.py:642} INFO - Processing file /home/airflow/.local/lib/python3.7/site-packages/airflow/example_dags/example_branch_labels.py for tasks to queue
[2022-02-22 00:14:09,402] {logging_mixin.py:109} INFO - [2022-02-22 00:14:09,401] {dagbag.py:500} INFO - Filling up the DagBag from /home/airflow/.local/lib/python3.7/site-packages/airflow/example_dags/example_branch_labels.py
[2022-02-22 00:14:09,480] {processor.py:654} INFO - DAG(s) dict_keys(['example_branch_labels']) retrieved from /home/airflow/.local/lib/python3.7/site-packages/airflow/example_dags/example_branch_labels.py
[2022-02-22 00:14:09,524] {logging_mixin.py:109} INFO - [2022-02-22 00:14:09,524] {dag.py:2396} INFO - Sync 1 DAGs
[2022-02-22 00:14:09,595] {logging_mixin.py:109} INFO - [2022-02-22 00:14:09,594] {dag.py:2935} INFO - Setting next_dagrun for example_branch_labels to 2022-02-21 00:00:00+00:00
[2022-02-22 00:14:09,621] {processor.py:171} INFO - Processing /home/airflow/.local/lib/python3.7/site-packages/airflow/example_dags/example_branch_labels.py took 0.233 seconds
[2022-02-22 00:14:40,173] {processor.py:163} INFO - Started process (PID=9153) to work on /home/airflow/.local/lib/python3.7/site-packages/airflow/example_dags/example_branch_labels.py
[2022-02-22 00:14:40,176] {processor.py:642} INFO - Processing file /home/airflow/.local/lib/python3.7/site-packages/airflow/example_dags/example_branch_labels.py for tasks to queue
[2022-02-22 00:14:40,180] {logging_mixin.py:109} INFO - [2022-02-22 00:14:40,179] {dagbag.py:500} INFO - Filling up the DagBag from /home/airflow/.local/lib/python3.7/site-packages/airflow/example_dags/example_branch_labels.py
[2022-02-22 00:14:40,240] {processor.py:654} INFO - DAG(s) dict_keys(['example_branch_labels']) retrieved from /home/airflow/.local/lib/python3.7/site-packages/airflow/example_dags/example_branch_labels.py
[2022-02-22 00:14:40,276] {logging_mixin.py:109} INFO - [2022-02-22 00:14:40,276] {dag.py:2396} INFO - Sync 1 DAGs
[2022-02-22 00:14:40,335] {logging_mixin.py:109} INFO - [2022-02-22 00:14:40,334] {dag.py:2935} INFO - Setting next_dagrun for example_branch_labels to 2022-02-21 00:00:00+00:00
[2022-02-22 00:14:40,357] {processor.py:171} INFO - Processing /home/airflow/.local/lib/python3.7/site-packages/airflow/example_dags/example_branch_labels.py took 0.190 seconds
[2022-02-22 00:15:10,470] {processor.py:163} INFO - Started process (PID=9255) to work on /home/airflow/.local/lib/python3.7/site-packages/airflow/example_dags/example_branch_labels.py
[2022-02-22 00:15:10,477] {processor.py:642} INFO - Processing file /home/airflow/.local/lib/python3.7/site-packages/airflow/example_dags/example_branch_labels.py for tasks to queue
[2022-02-22 00:15:10,480] {logging_mixin.py:109} INFO - [2022-02-22 00:15:10,479] {dagbag.py:500} INFO - Filling up the DagBag from /home/airflow/.local/lib/python3.7/site-packages/airflow/example_dags/example_branch_labels.py
[2022-02-22 00:15:10,555] {processor.py:654} INFO - DAG(s) dict_keys(['example_branch_labels']) retrieved from /home/airflow/.local/lib/python3.7/site-packages/airflow/example_dags/example_branch_labels.py
[2022-02-22 00:15:10,598] {logging_mixin.py:109} INFO - [2022-02-22 00:15:10,597] {dag.py:2396} INFO - Sync 1 DAGs
[2022-02-22 00:15:10,669] {logging_mixin.py:109} INFO - [2022-02-22 00:15:10,668] {dag.py:2935} INFO - Setting next_dagrun for example_branch_labels to 2022-02-21 00:00:00+00:00
[2022-02-22 00:15:10,695] {processor.py:171} INFO - Processing /home/airflow/.local/lib/python3.7/site-packages/airflow/example_dags/example_branch_labels.py took 0.231 seconds
[2022-02-22 00:15:40,831] {processor.py:163} INFO - Started process (PID=9343) to work on /home/airflow/.local/lib/python3.7/site-packages/airflow/example_dags/example_branch_labels.py
[2022-02-22 00:15:40,836] {processor.py:642} INFO - Processing file /home/airflow/.local/lib/python3.7/site-packages/airflow/example_dags/example_branch_labels.py for tasks to queue
[2022-02-22 00:15:40,839] {logging_mixin.py:109} INFO - [2022-02-22 00:15:40,839] {dagbag.py:500} INFO - Filling up the DagBag from /home/airflow/.local/lib/python3.7/site-packages/airflow/example_dags/example_branch_labels.py
[2022-02-22 00:15:40,896] {processor.py:654} INFO - DAG(s) dict_keys(['example_branch_labels']) retrieved from /home/airflow/.local/lib/python3.7/site-packages/airflow/example_dags/example_branch_labels.py
[2022-02-22 00:15:40,930] {logging_mixin.py:109} INFO - [2022-02-22 00:15:40,930] {dag.py:2396} INFO - Sync 1 DAGs
[2022-02-22 00:15:40,983] {logging_mixin.py:109} INFO - [2022-02-22 00:15:40,983] {dag.py:2935} INFO - Setting next_dagrun for example_branch_labels to 2022-02-21 00:00:00+00:00
[2022-02-22 00:15:41,003] {processor.py:171} INFO - Processing /home/airflow/.local/lib/python3.7/site-packages/airflow/example_dags/example_branch_labels.py took 0.180 seconds
[2022-02-22 00:16:11,054] {processor.py:163} INFO - Started process (PID=9446) to work on /home/airflow/.local/lib/python3.7/site-packages/airflow/example_dags/example_branch_labels.py
[2022-02-22 00:16:11,059] {processor.py:642} INFO - Processing file /home/airflow/.local/lib/python3.7/site-packages/airflow/example_dags/example_branch_labels.py for tasks to queue
[2022-02-22 00:16:11,062] {logging_mixin.py:109} INFO - [2022-02-22 00:16:11,062] {dagbag.py:500} INFO - Filling up the DagBag from /home/airflow/.local/lib/python3.7/site-packages/airflow/example_dags/example_branch_labels.py
[2022-02-22 00:16:11,145] {processor.py:654} INFO - DAG(s) dict_keys(['example_branch_labels']) retrieved from /home/airflow/.local/lib/python3.7/site-packages/airflow/example_dags/example_branch_labels.py
[2022-02-22 00:16:11,190] {logging_mixin.py:109} INFO - [2022-02-22 00:16:11,189] {dag.py:2396} INFO - Sync 1 DAGs
[2022-02-22 00:16:11,264] {logging_mixin.py:109} INFO - [2022-02-22 00:16:11,264] {dag.py:2935} INFO - Setting next_dagrun for example_branch_labels to 2022-02-21 00:00:00+00:00
[2022-02-22 00:16:11,294] {processor.py:171} INFO - Processing /home/airflow/.local/lib/python3.7/site-packages/airflow/example_dags/example_branch_labels.py took 0.248 seconds
[2022-02-22 00:16:41,461] {processor.py:163} INFO - Started process (PID=9533) to work on /home/airflow/.local/lib/python3.7/site-packages/airflow/example_dags/example_branch_labels.py
[2022-02-22 00:16:41,465] {processor.py:642} INFO - Processing file /home/airflow/.local/lib/python3.7/site-packages/airflow/example_dags/example_branch_labels.py for tasks to queue
[2022-02-22 00:16:41,469] {logging_mixin.py:109} INFO - [2022-02-22 00:16:41,468] {dagbag.py:500} INFO - Filling up the DagBag from /home/airflow/.local/lib/python3.7/site-packages/airflow/example_dags/example_branch_labels.py
[2022-02-22 00:16:41,528] {processor.py:654} INFO - DAG(s) dict_keys(['example_branch_labels']) retrieved from /home/airflow/.local/lib/python3.7/site-packages/airflow/example_dags/example_branch_labels.py
[2022-02-22 00:16:41,565] {logging_mixin.py:109} INFO - [2022-02-22 00:16:41,565] {dag.py:2396} INFO - Sync 1 DAGs
[2022-02-22 00:16:41,622] {logging_mixin.py:109} INFO - [2022-02-22 00:16:41,622] {dag.py:2935} INFO - Setting next_dagrun for example_branch_labels to 2022-02-21 00:00:00+00:00
[2022-02-22 00:16:41,644] {processor.py:171} INFO - Processing /home/airflow/.local/lib/python3.7/site-packages/airflow/example_dags/example_branch_labels.py took 0.189 seconds
[2022-02-22 00:17:11,982] {processor.py:163} INFO - Started process (PID=9635) to work on /home/airflow/.local/lib/python3.7/site-packages/airflow/example_dags/example_branch_labels.py
[2022-02-22 00:17:11,987] {processor.py:642} INFO - Processing file /home/airflow/.local/lib/python3.7/site-packages/airflow/example_dags/example_branch_labels.py for tasks to queue
[2022-02-22 00:17:11,990] {logging_mixin.py:109} INFO - [2022-02-22 00:17:11,989] {dagbag.py:500} INFO - Filling up the DagBag from /home/airflow/.local/lib/python3.7/site-packages/airflow/example_dags/example_branch_labels.py
[2022-02-22 00:17:12,065] {processor.py:654} INFO - DAG(s) dict_keys(['example_branch_labels']) retrieved from /home/airflow/.local/lib/python3.7/site-packages/airflow/example_dags/example_branch_labels.py
[2022-02-22 00:17:12,107] {logging_mixin.py:109} INFO - [2022-02-22 00:17:12,106] {dag.py:2396} INFO - Sync 1 DAGs
[2022-02-22 00:17:12,183] {logging_mixin.py:109} INFO - [2022-02-22 00:17:12,182] {dag.py:2935} INFO - Setting next_dagrun for example_branch_labels to 2022-02-21 00:00:00+00:00
[2022-02-22 00:17:12,213] {processor.py:171} INFO - Processing /home/airflow/.local/lib/python3.7/site-packages/airflow/example_dags/example_branch_labels.py took 0.239 seconds
