[2022-02-22 00:00:09,037] {processor.py:163} INFO - Started process (PID=6479) to work on /home/airflow/.local/lib/python3.7/site-packages/airflow/example_dags/example_sla_dag.py
[2022-02-22 00:00:09,045] {processor.py:642} INFO - Processing file /home/airflow/.local/lib/python3.7/site-packages/airflow/example_dags/example_sla_dag.py for tasks to queue
[2022-02-22 00:00:09,048] {logging_mixin.py:109} INFO - [2022-02-22 00:00:09,048] {dagbag.py:500} INFO - Filling up the DagBag from /home/airflow/.local/lib/python3.7/site-packages/airflow/example_dags/example_sla_dag.py
[2022-02-22 00:00:09,151] {processor.py:654} INFO - DAG(s) dict_keys(['example_sla_dag']) retrieved from /home/airflow/.local/lib/python3.7/site-packages/airflow/example_dags/example_sla_dag.py
[2022-02-22 00:00:09,196] {logging_mixin.py:109} INFO - [2022-02-22 00:00:09,196] {dag.py:2396} INFO - Sync 1 DAGs
[2022-02-22 00:00:09,289] {logging_mixin.py:109} INFO - [2022-02-22 00:00:09,288] {dag.py:2935} INFO - Setting next_dagrun for example_sla_dag to 2022-02-21T23:58:00+00:00
[2022-02-22 00:00:09,319] {processor.py:171} INFO - Processing /home/airflow/.local/lib/python3.7/site-packages/airflow/example_dags/example_sla_dag.py took 0.289 seconds
[2022-02-22 00:00:40,545] {processor.py:163} INFO - Started process (PID=6567) to work on /home/airflow/.local/lib/python3.7/site-packages/airflow/example_dags/example_sla_dag.py
[2022-02-22 00:00:40,549] {processor.py:642} INFO - Processing file /home/airflow/.local/lib/python3.7/site-packages/airflow/example_dags/example_sla_dag.py for tasks to queue
[2022-02-22 00:00:40,553] {logging_mixin.py:109} INFO - [2022-02-22 00:00:40,552] {dagbag.py:500} INFO - Filling up the DagBag from /home/airflow/.local/lib/python3.7/site-packages/airflow/example_dags/example_sla_dag.py
[2022-02-22 00:00:40,631] {processor.py:654} INFO - DAG(s) dict_keys(['example_sla_dag']) retrieved from /home/airflow/.local/lib/python3.7/site-packages/airflow/example_dags/example_sla_dag.py
[2022-02-22 00:00:40,663] {logging_mixin.py:109} INFO - [2022-02-22 00:00:40,663] {dag.py:2396} INFO - Sync 1 DAGs
[2022-02-22 00:00:40,766] {logging_mixin.py:109} INFO - [2022-02-22 00:00:40,766] {dag.py:2935} INFO - Setting next_dagrun for example_sla_dag to 2022-02-21T23:58:00+00:00
[2022-02-22 00:00:40,797] {processor.py:171} INFO - Processing /home/airflow/.local/lib/python3.7/site-packages/airflow/example_dags/example_sla_dag.py took 0.259 seconds
[2022-02-22 00:01:13,066] {processor.py:163} INFO - Started process (PID=6671) to work on /home/airflow/.local/lib/python3.7/site-packages/airflow/example_dags/example_sla_dag.py
[2022-02-22 00:01:13,076] {processor.py:642} INFO - Processing file /home/airflow/.local/lib/python3.7/site-packages/airflow/example_dags/example_sla_dag.py for tasks to queue
[2022-02-22 00:01:13,081] {logging_mixin.py:109} INFO - [2022-02-22 00:01:13,080] {dagbag.py:500} INFO - Filling up the DagBag from /home/airflow/.local/lib/python3.7/site-packages/airflow/example_dags/example_sla_dag.py
[2022-02-22 00:01:13,201] {processor.py:654} INFO - DAG(s) dict_keys(['example_sla_dag']) retrieved from /home/airflow/.local/lib/python3.7/site-packages/airflow/example_dags/example_sla_dag.py
[2022-02-22 00:01:13,244] {logging_mixin.py:109} INFO - [2022-02-22 00:01:13,244] {dag.py:2396} INFO - Sync 1 DAGs
[2022-02-22 00:01:13,349] {logging_mixin.py:109} INFO - [2022-02-22 00:01:13,347] {dag.py:2935} INFO - Setting next_dagrun for example_sla_dag to 2022-02-21T23:58:00+00:00
[2022-02-22 00:01:13,387] {processor.py:171} INFO - Processing /home/airflow/.local/lib/python3.7/site-packages/airflow/example_dags/example_sla_dag.py took 0.359 seconds
[2022-02-22 00:01:44,452] {processor.py:163} INFO - Started process (PID=6775) to work on /home/airflow/.local/lib/python3.7/site-packages/airflow/example_dags/example_sla_dag.py
[2022-02-22 00:01:44,456] {processor.py:642} INFO - Processing file /home/airflow/.local/lib/python3.7/site-packages/airflow/example_dags/example_sla_dag.py for tasks to queue
[2022-02-22 00:01:44,459] {logging_mixin.py:109} INFO - [2022-02-22 00:01:44,459] {dagbag.py:500} INFO - Filling up the DagBag from /home/airflow/.local/lib/python3.7/site-packages/airflow/example_dags/example_sla_dag.py
[2022-02-22 00:01:44,556] {processor.py:654} INFO - DAG(s) dict_keys(['example_sla_dag']) retrieved from /home/airflow/.local/lib/python3.7/site-packages/airflow/example_dags/example_sla_dag.py
[2022-02-22 00:01:44,597] {logging_mixin.py:109} INFO - [2022-02-22 00:01:44,596] {dag.py:2396} INFO - Sync 1 DAGs
[2022-02-22 00:01:44,697] {logging_mixin.py:109} INFO - [2022-02-22 00:01:44,696] {dag.py:2935} INFO - Setting next_dagrun for example_sla_dag to 2022-02-21T23:58:00+00:00
[2022-02-22 00:01:44,726] {processor.py:171} INFO - Processing /home/airflow/.local/lib/python3.7/site-packages/airflow/example_dags/example_sla_dag.py took 0.282 seconds
[2022-02-22 00:02:16,371] {processor.py:163} INFO - Started process (PID=6861) to work on /home/airflow/.local/lib/python3.7/site-packages/airflow/example_dags/example_sla_dag.py
[2022-02-22 00:02:16,377] {processor.py:642} INFO - Processing file /home/airflow/.local/lib/python3.7/site-packages/airflow/example_dags/example_sla_dag.py for tasks to queue
[2022-02-22 00:02:16,380] {logging_mixin.py:109} INFO - [2022-02-22 00:02:16,380] {dagbag.py:500} INFO - Filling up the DagBag from /home/airflow/.local/lib/python3.7/site-packages/airflow/example_dags/example_sla_dag.py
[2022-02-22 00:02:16,483] {processor.py:654} INFO - DAG(s) dict_keys(['example_sla_dag']) retrieved from /home/airflow/.local/lib/python3.7/site-packages/airflow/example_dags/example_sla_dag.py
[2022-02-22 00:02:16,526] {logging_mixin.py:109} INFO - [2022-02-22 00:02:16,526] {dag.py:2396} INFO - Sync 1 DAGs
[2022-02-22 00:02:16,631] {logging_mixin.py:109} INFO - [2022-02-22 00:02:16,631] {dag.py:2935} INFO - Setting next_dagrun for example_sla_dag to 2022-02-22T00:00:00+00:00
[2022-02-22 00:02:16,665] {processor.py:171} INFO - Processing /home/airflow/.local/lib/python3.7/site-packages/airflow/example_dags/example_sla_dag.py took 0.302 seconds
[2022-02-22 00:02:47,796] {processor.py:163} INFO - Started process (PID=6965) to work on /home/airflow/.local/lib/python3.7/site-packages/airflow/example_dags/example_sla_dag.py
[2022-02-22 00:02:47,801] {processor.py:642} INFO - Processing file /home/airflow/.local/lib/python3.7/site-packages/airflow/example_dags/example_sla_dag.py for tasks to queue
[2022-02-22 00:02:47,806] {logging_mixin.py:109} INFO - [2022-02-22 00:02:47,806] {dagbag.py:500} INFO - Filling up the DagBag from /home/airflow/.local/lib/python3.7/site-packages/airflow/example_dags/example_sla_dag.py
[2022-02-22 00:02:47,936] {processor.py:654} INFO - DAG(s) dict_keys(['example_sla_dag']) retrieved from /home/airflow/.local/lib/python3.7/site-packages/airflow/example_dags/example_sla_dag.py
[2022-02-22 00:02:47,982] {logging_mixin.py:109} INFO - [2022-02-22 00:02:47,981] {dag.py:2396} INFO - Sync 1 DAGs
[2022-02-22 00:02:48,079] {logging_mixin.py:109} INFO - [2022-02-22 00:02:48,078] {dag.py:2935} INFO - Setting next_dagrun for example_sla_dag to 2022-02-22T00:00:00+00:00
[2022-02-22 00:02:48,114] {processor.py:171} INFO - Processing /home/airflow/.local/lib/python3.7/site-packages/airflow/example_dags/example_sla_dag.py took 0.326 seconds
[2022-02-22 00:03:19,202] {processor.py:163} INFO - Started process (PID=7052) to work on /home/airflow/.local/lib/python3.7/site-packages/airflow/example_dags/example_sla_dag.py
[2022-02-22 00:03:19,207] {processor.py:642} INFO - Processing file /home/airflow/.local/lib/python3.7/site-packages/airflow/example_dags/example_sla_dag.py for tasks to queue
[2022-02-22 00:03:19,211] {logging_mixin.py:109} INFO - [2022-02-22 00:03:19,210] {dagbag.py:500} INFO - Filling up the DagBag from /home/airflow/.local/lib/python3.7/site-packages/airflow/example_dags/example_sla_dag.py
[2022-02-22 00:03:19,317] {processor.py:654} INFO - DAG(s) dict_keys(['example_sla_dag']) retrieved from /home/airflow/.local/lib/python3.7/site-packages/airflow/example_dags/example_sla_dag.py
[2022-02-22 00:03:19,358] {logging_mixin.py:109} INFO - [2022-02-22 00:03:19,357] {dag.py:2396} INFO - Sync 1 DAGs
[2022-02-22 00:03:19,454] {logging_mixin.py:109} INFO - [2022-02-22 00:03:19,453] {dag.py:2935} INFO - Setting next_dagrun for example_sla_dag to 2022-02-22T00:00:00+00:00
[2022-02-22 00:03:19,484] {processor.py:171} INFO - Processing /home/airflow/.local/lib/python3.7/site-packages/airflow/example_dags/example_sla_dag.py took 0.290 seconds
[2022-02-22 00:03:50,589] {processor.py:163} INFO - Started process (PID=7156) to work on /home/airflow/.local/lib/python3.7/site-packages/airflow/example_dags/example_sla_dag.py
[2022-02-22 00:03:50,595] {processor.py:642} INFO - Processing file /home/airflow/.local/lib/python3.7/site-packages/airflow/example_dags/example_sla_dag.py for tasks to queue
[2022-02-22 00:03:50,599] {logging_mixin.py:109} INFO - [2022-02-22 00:03:50,597] {dagbag.py:500} INFO - Filling up the DagBag from /home/airflow/.local/lib/python3.7/site-packages/airflow/example_dags/example_sla_dag.py
[2022-02-22 00:03:50,721] {processor.py:654} INFO - DAG(s) dict_keys(['example_sla_dag']) retrieved from /home/airflow/.local/lib/python3.7/site-packages/airflow/example_dags/example_sla_dag.py
[2022-02-22 00:03:50,760] {logging_mixin.py:109} INFO - [2022-02-22 00:03:50,760] {dag.py:2396} INFO - Sync 1 DAGs
[2022-02-22 00:03:50,859] {logging_mixin.py:109} INFO - [2022-02-22 00:03:50,859] {dag.py:2935} INFO - Setting next_dagrun for example_sla_dag to 2022-02-22T00:00:00+00:00
[2022-02-22 00:03:50,890] {processor.py:171} INFO - Processing /home/airflow/.local/lib/python3.7/site-packages/airflow/example_dags/example_sla_dag.py took 0.309 seconds
[2022-02-22 00:04:21,786] {processor.py:163} INFO - Started process (PID=7251) to work on /home/airflow/.local/lib/python3.7/site-packages/airflow/example_dags/example_sla_dag.py
[2022-02-22 00:04:21,790] {processor.py:642} INFO - Processing file /home/airflow/.local/lib/python3.7/site-packages/airflow/example_dags/example_sla_dag.py for tasks to queue
[2022-02-22 00:04:21,793] {logging_mixin.py:109} INFO - [2022-02-22 00:04:21,792] {dagbag.py:500} INFO - Filling up the DagBag from /home/airflow/.local/lib/python3.7/site-packages/airflow/example_dags/example_sla_dag.py
[2022-02-22 00:04:21,893] {processor.py:654} INFO - DAG(s) dict_keys(['example_sla_dag']) retrieved from /home/airflow/.local/lib/python3.7/site-packages/airflow/example_dags/example_sla_dag.py
[2022-02-22 00:04:21,934] {logging_mixin.py:109} INFO - [2022-02-22 00:04:21,933] {dag.py:2396} INFO - Sync 1 DAGs
[2022-02-22 00:04:22,024] {logging_mixin.py:109} INFO - [2022-02-22 00:04:22,023] {dag.py:2935} INFO - Setting next_dagrun for example_sla_dag to 2022-02-22T00:02:00+00:00
[2022-02-22 00:04:22,052] {processor.py:171} INFO - Processing /home/airflow/.local/lib/python3.7/site-packages/airflow/example_dags/example_sla_dag.py took 0.272 seconds
[2022-02-22 00:04:54,164] {processor.py:163} INFO - Started process (PID=7347) to work on /home/airflow/.local/lib/python3.7/site-packages/airflow/example_dags/example_sla_dag.py
[2022-02-22 00:04:54,171] {processor.py:642} INFO - Processing file /home/airflow/.local/lib/python3.7/site-packages/airflow/example_dags/example_sla_dag.py for tasks to queue
[2022-02-22 00:04:54,175] {logging_mixin.py:109} INFO - [2022-02-22 00:04:54,175] {dagbag.py:500} INFO - Filling up the DagBag from /home/airflow/.local/lib/python3.7/site-packages/airflow/example_dags/example_sla_dag.py
[2022-02-22 00:04:54,293] {processor.py:654} INFO - DAG(s) dict_keys(['example_sla_dag']) retrieved from /home/airflow/.local/lib/python3.7/site-packages/airflow/example_dags/example_sla_dag.py
[2022-02-22 00:04:54,337] {logging_mixin.py:109} INFO - [2022-02-22 00:04:54,336] {dag.py:2396} INFO - Sync 1 DAGs
[2022-02-22 00:04:54,429] {logging_mixin.py:109} INFO - [2022-02-22 00:04:54,428] {dag.py:2935} INFO - Setting next_dagrun for example_sla_dag to 2022-02-22T00:02:00+00:00
[2022-02-22 00:04:54,457] {processor.py:171} INFO - Processing /home/airflow/.local/lib/python3.7/site-packages/airflow/example_dags/example_sla_dag.py took 0.306 seconds
[2022-02-22 00:05:25,727] {processor.py:163} INFO - Started process (PID=7451) to work on /home/airflow/.local/lib/python3.7/site-packages/airflow/example_dags/example_sla_dag.py
[2022-02-22 00:05:25,733] {processor.py:642} INFO - Processing file /home/airflow/.local/lib/python3.7/site-packages/airflow/example_dags/example_sla_dag.py for tasks to queue
[2022-02-22 00:05:25,736] {logging_mixin.py:109} INFO - [2022-02-22 00:05:25,736] {dagbag.py:500} INFO - Filling up the DagBag from /home/airflow/.local/lib/python3.7/site-packages/airflow/example_dags/example_sla_dag.py
[2022-02-22 00:05:25,841] {processor.py:654} INFO - DAG(s) dict_keys(['example_sla_dag']) retrieved from /home/airflow/.local/lib/python3.7/site-packages/airflow/example_dags/example_sla_dag.py
[2022-02-22 00:05:25,883] {logging_mixin.py:109} INFO - [2022-02-22 00:05:25,883] {dag.py:2396} INFO - Sync 1 DAGs
[2022-02-22 00:05:25,980] {logging_mixin.py:109} INFO - [2022-02-22 00:05:25,979] {dag.py:2935} INFO - Setting next_dagrun for example_sla_dag to 2022-02-22T00:02:00+00:00
[2022-02-22 00:05:26,009] {processor.py:171} INFO - Processing /home/airflow/.local/lib/python3.7/site-packages/airflow/example_dags/example_sla_dag.py took 0.289 seconds
[2022-02-22 00:05:57,345] {processor.py:163} INFO - Started process (PID=7538) to work on /home/airflow/.local/lib/python3.7/site-packages/airflow/example_dags/example_sla_dag.py
[2022-02-22 00:05:57,350] {processor.py:642} INFO - Processing file /home/airflow/.local/lib/python3.7/site-packages/airflow/example_dags/example_sla_dag.py for tasks to queue
[2022-02-22 00:05:57,353] {logging_mixin.py:109} INFO - [2022-02-22 00:05:57,353] {dagbag.py:500} INFO - Filling up the DagBag from /home/airflow/.local/lib/python3.7/site-packages/airflow/example_dags/example_sla_dag.py
[2022-02-22 00:05:57,452] {processor.py:654} INFO - DAG(s) dict_keys(['example_sla_dag']) retrieved from /home/airflow/.local/lib/python3.7/site-packages/airflow/example_dags/example_sla_dag.py
[2022-02-22 00:05:57,493] {logging_mixin.py:109} INFO - [2022-02-22 00:05:57,493] {dag.py:2396} INFO - Sync 1 DAGs
[2022-02-22 00:05:57,578] {logging_mixin.py:109} INFO - [2022-02-22 00:05:57,577] {dag.py:2935} INFO - Setting next_dagrun for example_sla_dag to 2022-02-22T00:02:00+00:00
[2022-02-22 00:05:57,605] {processor.py:171} INFO - Processing /home/airflow/.local/lib/python3.7/site-packages/airflow/example_dags/example_sla_dag.py took 0.268 seconds
[2022-02-22 00:06:29,307] {processor.py:163} INFO - Started process (PID=7644) to work on /home/airflow/.local/lib/python3.7/site-packages/airflow/example_dags/example_sla_dag.py
[2022-02-22 00:06:29,312] {processor.py:642} INFO - Processing file /home/airflow/.local/lib/python3.7/site-packages/airflow/example_dags/example_sla_dag.py for tasks to queue
[2022-02-22 00:06:29,324] {logging_mixin.py:109} INFO - [2022-02-22 00:06:29,323] {dagbag.py:500} INFO - Filling up the DagBag from /home/airflow/.local/lib/python3.7/site-packages/airflow/example_dags/example_sla_dag.py
[2022-02-22 00:06:29,423] {processor.py:654} INFO - DAG(s) dict_keys(['example_sla_dag']) retrieved from /home/airflow/.local/lib/python3.7/site-packages/airflow/example_dags/example_sla_dag.py
[2022-02-22 00:06:29,464] {logging_mixin.py:109} INFO - [2022-02-22 00:06:29,463] {dag.py:2396} INFO - Sync 1 DAGs
[2022-02-22 00:06:29,563] {logging_mixin.py:109} INFO - [2022-02-22 00:06:29,562] {dag.py:2935} INFO - Setting next_dagrun for example_sla_dag to 2022-02-22T00:04:00+00:00
[2022-02-22 00:06:29,593] {processor.py:171} INFO - Processing /home/airflow/.local/lib/python3.7/site-packages/airflow/example_dags/example_sla_dag.py took 0.294 seconds
[2022-02-22 00:07:00,581] {processor.py:163} INFO - Started process (PID=7732) to work on /home/airflow/.local/lib/python3.7/site-packages/airflow/example_dags/example_sla_dag.py
[2022-02-22 00:07:00,586] {processor.py:642} INFO - Processing file /home/airflow/.local/lib/python3.7/site-packages/airflow/example_dags/example_sla_dag.py for tasks to queue
[2022-02-22 00:07:00,589] {logging_mixin.py:109} INFO - [2022-02-22 00:07:00,588] {dagbag.py:500} INFO - Filling up the DagBag from /home/airflow/.local/lib/python3.7/site-packages/airflow/example_dags/example_sla_dag.py
[2022-02-22 00:07:00,678] {processor.py:654} INFO - DAG(s) dict_keys(['example_sla_dag']) retrieved from /home/airflow/.local/lib/python3.7/site-packages/airflow/example_dags/example_sla_dag.py
[2022-02-22 00:07:00,713] {logging_mixin.py:109} INFO - [2022-02-22 00:07:00,713] {dag.py:2396} INFO - Sync 1 DAGs
[2022-02-22 00:07:00,787] {logging_mixin.py:109} INFO - [2022-02-22 00:07:00,787] {dag.py:2935} INFO - Setting next_dagrun for example_sla_dag to 2022-02-22T00:04:00+00:00
[2022-02-22 00:07:00,811] {processor.py:171} INFO - Processing /home/airflow/.local/lib/python3.7/site-packages/airflow/example_dags/example_sla_dag.py took 0.238 seconds
[2022-02-22 00:07:32,556] {processor.py:163} INFO - Started process (PID=7838) to work on /home/airflow/.local/lib/python3.7/site-packages/airflow/example_dags/example_sla_dag.py
[2022-02-22 00:07:32,561] {processor.py:642} INFO - Processing file /home/airflow/.local/lib/python3.7/site-packages/airflow/example_dags/example_sla_dag.py for tasks to queue
[2022-02-22 00:07:32,564] {logging_mixin.py:109} INFO - [2022-02-22 00:07:32,563] {dagbag.py:500} INFO - Filling up the DagBag from /home/airflow/.local/lib/python3.7/site-packages/airflow/example_dags/example_sla_dag.py
[2022-02-22 00:07:32,672] {processor.py:654} INFO - DAG(s) dict_keys(['example_sla_dag']) retrieved from /home/airflow/.local/lib/python3.7/site-packages/airflow/example_dags/example_sla_dag.py
[2022-02-22 00:07:32,713] {logging_mixin.py:109} INFO - [2022-02-22 00:07:32,712] {dag.py:2396} INFO - Sync 1 DAGs
[2022-02-22 00:07:32,812] {logging_mixin.py:109} INFO - [2022-02-22 00:07:32,811] {dag.py:2935} INFO - Setting next_dagrun for example_sla_dag to 2022-02-22T00:04:00+00:00
[2022-02-22 00:07:32,840] {processor.py:171} INFO - Processing /home/airflow/.local/lib/python3.7/site-packages/airflow/example_dags/example_sla_dag.py took 0.292 seconds
[2022-02-22 00:08:03,994] {processor.py:163} INFO - Started process (PID=7949) to work on /home/airflow/.local/lib/python3.7/site-packages/airflow/example_dags/example_sla_dag.py
[2022-02-22 00:08:03,998] {processor.py:642} INFO - Processing file /home/airflow/.local/lib/python3.7/site-packages/airflow/example_dags/example_sla_dag.py for tasks to queue
[2022-02-22 00:08:04,002] {logging_mixin.py:109} INFO - [2022-02-22 00:08:04,002] {dagbag.py:500} INFO - Filling up the DagBag from /home/airflow/.local/lib/python3.7/site-packages/airflow/example_dags/example_sla_dag.py
[2022-02-22 00:08:04,107] {processor.py:654} INFO - DAG(s) dict_keys(['example_sla_dag']) retrieved from /home/airflow/.local/lib/python3.7/site-packages/airflow/example_dags/example_sla_dag.py
[2022-02-22 00:08:04,150] {logging_mixin.py:109} INFO - [2022-02-22 00:08:04,150] {dag.py:2396} INFO - Sync 1 DAGs
[2022-02-22 00:08:04,255] {logging_mixin.py:109} INFO - [2022-02-22 00:08:04,255] {dag.py:2935} INFO - Setting next_dagrun for example_sla_dag to 2022-02-22T00:06:00+00:00
[2022-02-22 00:08:04,292] {processor.py:171} INFO - Processing /home/airflow/.local/lib/python3.7/site-packages/airflow/example_dags/example_sla_dag.py took 0.307 seconds
[2022-02-22 00:08:35,126] {processor.py:163} INFO - Started process (PID=8036) to work on /home/airflow/.local/lib/python3.7/site-packages/airflow/example_dags/example_sla_dag.py
[2022-02-22 00:08:35,130] {processor.py:642} INFO - Processing file /home/airflow/.local/lib/python3.7/site-packages/airflow/example_dags/example_sla_dag.py for tasks to queue
[2022-02-22 00:08:35,134] {logging_mixin.py:109} INFO - [2022-02-22 00:08:35,133] {dagbag.py:500} INFO - Filling up the DagBag from /home/airflow/.local/lib/python3.7/site-packages/airflow/example_dags/example_sla_dag.py
[2022-02-22 00:08:35,239] {processor.py:654} INFO - DAG(s) dict_keys(['example_sla_dag']) retrieved from /home/airflow/.local/lib/python3.7/site-packages/airflow/example_dags/example_sla_dag.py
[2022-02-22 00:08:35,283] {logging_mixin.py:109} INFO - [2022-02-22 00:08:35,283] {dag.py:2396} INFO - Sync 1 DAGs
[2022-02-22 00:08:35,389] {logging_mixin.py:109} INFO - [2022-02-22 00:08:35,388] {dag.py:2935} INFO - Setting next_dagrun for example_sla_dag to 2022-02-22T00:06:00+00:00
[2022-02-22 00:08:35,424] {processor.py:171} INFO - Processing /home/airflow/.local/lib/python3.7/site-packages/airflow/example_dags/example_sla_dag.py took 0.307 seconds
[2022-02-22 00:09:06,401] {processor.py:163} INFO - Started process (PID=8140) to work on /home/airflow/.local/lib/python3.7/site-packages/airflow/example_dags/example_sla_dag.py
[2022-02-22 00:09:06,406] {processor.py:642} INFO - Processing file /home/airflow/.local/lib/python3.7/site-packages/airflow/example_dags/example_sla_dag.py for tasks to queue
[2022-02-22 00:09:06,410] {logging_mixin.py:109} INFO - [2022-02-22 00:09:06,410] {dagbag.py:500} INFO - Filling up the DagBag from /home/airflow/.local/lib/python3.7/site-packages/airflow/example_dags/example_sla_dag.py
[2022-02-22 00:09:06,505] {processor.py:654} INFO - DAG(s) dict_keys(['example_sla_dag']) retrieved from /home/airflow/.local/lib/python3.7/site-packages/airflow/example_dags/example_sla_dag.py
[2022-02-22 00:09:06,547] {logging_mixin.py:109} INFO - [2022-02-22 00:09:06,546] {dag.py:2396} INFO - Sync 1 DAGs
[2022-02-22 00:09:06,638] {logging_mixin.py:109} INFO - [2022-02-22 00:09:06,638] {dag.py:2935} INFO - Setting next_dagrun for example_sla_dag to 2022-02-22T00:06:00+00:00
[2022-02-22 00:09:06,669] {processor.py:171} INFO - Processing /home/airflow/.local/lib/python3.7/site-packages/airflow/example_dags/example_sla_dag.py took 0.276 seconds
[2022-02-22 00:09:37,789] {processor.py:163} INFO - Started process (PID=8227) to work on /home/airflow/.local/lib/python3.7/site-packages/airflow/example_dags/example_sla_dag.py
[2022-02-22 00:09:37,794] {processor.py:642} INFO - Processing file /home/airflow/.local/lib/python3.7/site-packages/airflow/example_dags/example_sla_dag.py for tasks to queue
[2022-02-22 00:09:37,798] {logging_mixin.py:109} INFO - [2022-02-22 00:09:37,797] {dagbag.py:500} INFO - Filling up the DagBag from /home/airflow/.local/lib/python3.7/site-packages/airflow/example_dags/example_sla_dag.py
[2022-02-22 00:09:37,887] {processor.py:654} INFO - DAG(s) dict_keys(['example_sla_dag']) retrieved from /home/airflow/.local/lib/python3.7/site-packages/airflow/example_dags/example_sla_dag.py
[2022-02-22 00:09:37,924] {logging_mixin.py:109} INFO - [2022-02-22 00:09:37,924] {dag.py:2396} INFO - Sync 1 DAGs
[2022-02-22 00:09:38,009] {logging_mixin.py:109} INFO - [2022-02-22 00:09:38,007] {dag.py:2935} INFO - Setting next_dagrun for example_sla_dag to 2022-02-22T00:06:00+00:00
[2022-02-22 00:09:38,044] {processor.py:171} INFO - Processing /home/airflow/.local/lib/python3.7/site-packages/airflow/example_dags/example_sla_dag.py took 0.263 seconds
[2022-02-22 00:10:09,664] {processor.py:163} INFO - Started process (PID=8332) to work on /home/airflow/.local/lib/python3.7/site-packages/airflow/example_dags/example_sla_dag.py
[2022-02-22 00:10:09,668] {processor.py:642} INFO - Processing file /home/airflow/.local/lib/python3.7/site-packages/airflow/example_dags/example_sla_dag.py for tasks to queue
[2022-02-22 00:10:09,671] {logging_mixin.py:109} INFO - [2022-02-22 00:10:09,671] {dagbag.py:500} INFO - Filling up the DagBag from /home/airflow/.local/lib/python3.7/site-packages/airflow/example_dags/example_sla_dag.py
[2022-02-22 00:10:09,764] {processor.py:654} INFO - DAG(s) dict_keys(['example_sla_dag']) retrieved from /home/airflow/.local/lib/python3.7/site-packages/airflow/example_dags/example_sla_dag.py
[2022-02-22 00:10:09,803] {logging_mixin.py:109} INFO - [2022-02-22 00:10:09,802] {dag.py:2396} INFO - Sync 1 DAGs
[2022-02-22 00:10:09,901] {logging_mixin.py:109} INFO - [2022-02-22 00:10:09,900] {dag.py:2935} INFO - Setting next_dagrun for example_sla_dag to 2022-02-22T00:08:00+00:00
[2022-02-22 00:10:09,932] {processor.py:171} INFO - Processing /home/airflow/.local/lib/python3.7/site-packages/airflow/example_dags/example_sla_dag.py took 0.276 seconds
[2022-02-22 00:10:40,335] {processor.py:163} INFO - Started process (PID=8419) to work on /home/airflow/.local/lib/python3.7/site-packages/airflow/example_dags/example_sla_dag.py
[2022-02-22 00:10:40,340] {processor.py:642} INFO - Processing file /home/airflow/.local/lib/python3.7/site-packages/airflow/example_dags/example_sla_dag.py for tasks to queue
[2022-02-22 00:10:40,343] {logging_mixin.py:109} INFO - [2022-02-22 00:10:40,343] {dagbag.py:500} INFO - Filling up the DagBag from /home/airflow/.local/lib/python3.7/site-packages/airflow/example_dags/example_sla_dag.py
[2022-02-22 00:10:40,428] {processor.py:654} INFO - DAG(s) dict_keys(['example_sla_dag']) retrieved from /home/airflow/.local/lib/python3.7/site-packages/airflow/example_dags/example_sla_dag.py
[2022-02-22 00:10:40,460] {logging_mixin.py:109} INFO - [2022-02-22 00:10:40,460] {dag.py:2396} INFO - Sync 1 DAGs
[2022-02-22 00:10:40,534] {logging_mixin.py:109} INFO - [2022-02-22 00:10:40,534] {dag.py:2935} INFO - Setting next_dagrun for example_sla_dag to 2022-02-22T00:08:00+00:00
[2022-02-22 00:10:40,559] {processor.py:171} INFO - Processing /home/airflow/.local/lib/python3.7/site-packages/airflow/example_dags/example_sla_dag.py took 0.231 seconds
[2022-02-22 00:11:11,599] {processor.py:163} INFO - Started process (PID=8523) to work on /home/airflow/.local/lib/python3.7/site-packages/airflow/example_dags/example_sla_dag.py
[2022-02-22 00:11:11,603] {processor.py:642} INFO - Processing file /home/airflow/.local/lib/python3.7/site-packages/airflow/example_dags/example_sla_dag.py for tasks to queue
[2022-02-22 00:11:11,606] {logging_mixin.py:109} INFO - [2022-02-22 00:11:11,606] {dagbag.py:500} INFO - Filling up the DagBag from /home/airflow/.local/lib/python3.7/site-packages/airflow/example_dags/example_sla_dag.py
[2022-02-22 00:11:11,713] {processor.py:654} INFO - DAG(s) dict_keys(['example_sla_dag']) retrieved from /home/airflow/.local/lib/python3.7/site-packages/airflow/example_dags/example_sla_dag.py
[2022-02-22 00:11:11,752] {logging_mixin.py:109} INFO - [2022-02-22 00:11:11,752] {dag.py:2396} INFO - Sync 1 DAGs
[2022-02-22 00:11:11,842] {logging_mixin.py:109} INFO - [2022-02-22 00:11:11,842] {dag.py:2935} INFO - Setting next_dagrun for example_sla_dag to 2022-02-22T00:08:00+00:00
[2022-02-22 00:11:11,873] {processor.py:171} INFO - Processing /home/airflow/.local/lib/python3.7/site-packages/airflow/example_dags/example_sla_dag.py took 0.281 seconds
[2022-02-22 00:11:43,489] {processor.py:163} INFO - Started process (PID=8625) to work on /home/airflow/.local/lib/python3.7/site-packages/airflow/example_dags/example_sla_dag.py
[2022-02-22 00:11:43,494] {processor.py:642} INFO - Processing file /home/airflow/.local/lib/python3.7/site-packages/airflow/example_dags/example_sla_dag.py for tasks to queue
[2022-02-22 00:11:43,498] {logging_mixin.py:109} INFO - [2022-02-22 00:11:43,497] {dagbag.py:500} INFO - Filling up the DagBag from /home/airflow/.local/lib/python3.7/site-packages/airflow/example_dags/example_sla_dag.py
[2022-02-22 00:11:43,597] {processor.py:654} INFO - DAG(s) dict_keys(['example_sla_dag']) retrieved from /home/airflow/.local/lib/python3.7/site-packages/airflow/example_dags/example_sla_dag.py
[2022-02-22 00:11:43,648] {logging_mixin.py:109} INFO - [2022-02-22 00:11:43,647] {dag.py:2396} INFO - Sync 1 DAGs
[2022-02-22 00:11:43,742] {logging_mixin.py:109} INFO - [2022-02-22 00:11:43,742] {dag.py:2935} INFO - Setting next_dagrun for example_sla_dag to 2022-02-22T00:08:00+00:00
[2022-02-22 00:11:43,778] {processor.py:171} INFO - Processing /home/airflow/.local/lib/python3.7/site-packages/airflow/example_dags/example_sla_dag.py took 0.296 seconds
[2022-02-22 00:12:15,202] {processor.py:163} INFO - Started process (PID=8718) to work on /home/airflow/.local/lib/python3.7/site-packages/airflow/example_dags/example_sla_dag.py
[2022-02-22 00:12:15,207] {processor.py:642} INFO - Processing file /home/airflow/.local/lib/python3.7/site-packages/airflow/example_dags/example_sla_dag.py for tasks to queue
[2022-02-22 00:12:15,210] {logging_mixin.py:109} INFO - [2022-02-22 00:12:15,210] {dagbag.py:500} INFO - Filling up the DagBag from /home/airflow/.local/lib/python3.7/site-packages/airflow/example_dags/example_sla_dag.py
[2022-02-22 00:12:15,323] {processor.py:654} INFO - DAG(s) dict_keys(['example_sla_dag']) retrieved from /home/airflow/.local/lib/python3.7/site-packages/airflow/example_dags/example_sla_dag.py
[2022-02-22 00:12:15,374] {logging_mixin.py:109} INFO - [2022-02-22 00:12:15,374] {dag.py:2396} INFO - Sync 1 DAGs
[2022-02-22 00:12:15,497] {logging_mixin.py:109} INFO - [2022-02-22 00:12:15,497] {dag.py:2935} INFO - Setting next_dagrun for example_sla_dag to 2022-02-22T00:10:00+00:00
[2022-02-22 00:12:15,536] {processor.py:171} INFO - Processing /home/airflow/.local/lib/python3.7/site-packages/airflow/example_dags/example_sla_dag.py took 0.341 seconds
[2022-02-22 00:12:46,697] {processor.py:163} INFO - Started process (PID=8822) to work on /home/airflow/.local/lib/python3.7/site-packages/airflow/example_dags/example_sla_dag.py
[2022-02-22 00:12:46,703] {processor.py:642} INFO - Processing file /home/airflow/.local/lib/python3.7/site-packages/airflow/example_dags/example_sla_dag.py for tasks to queue
[2022-02-22 00:12:46,709] {logging_mixin.py:109} INFO - [2022-02-22 00:12:46,707] {dagbag.py:500} INFO - Filling up the DagBag from /home/airflow/.local/lib/python3.7/site-packages/airflow/example_dags/example_sla_dag.py
[2022-02-22 00:12:46,844] {processor.py:654} INFO - DAG(s) dict_keys(['example_sla_dag']) retrieved from /home/airflow/.local/lib/python3.7/site-packages/airflow/example_dags/example_sla_dag.py
[2022-02-22 00:12:46,897] {logging_mixin.py:109} INFO - [2022-02-22 00:12:46,896] {dag.py:2396} INFO - Sync 1 DAGs
[2022-02-22 00:12:47,002] {logging_mixin.py:109} INFO - [2022-02-22 00:12:47,001] {dag.py:2935} INFO - Setting next_dagrun for example_sla_dag to 2022-02-22T00:10:00+00:00
[2022-02-22 00:12:47,047] {processor.py:171} INFO - Processing /home/airflow/.local/lib/python3.7/site-packages/airflow/example_dags/example_sla_dag.py took 0.360 seconds
[2022-02-22 00:13:18,478] {processor.py:163} INFO - Started process (PID=8911) to work on /home/airflow/.local/lib/python3.7/site-packages/airflow/example_dags/example_sla_dag.py
[2022-02-22 00:13:18,482] {processor.py:642} INFO - Processing file /home/airflow/.local/lib/python3.7/site-packages/airflow/example_dags/example_sla_dag.py for tasks to queue
[2022-02-22 00:13:18,485] {logging_mixin.py:109} INFO - [2022-02-22 00:13:18,484] {dagbag.py:500} INFO - Filling up the DagBag from /home/airflow/.local/lib/python3.7/site-packages/airflow/example_dags/example_sla_dag.py
[2022-02-22 00:13:18,571] {processor.py:654} INFO - DAG(s) dict_keys(['example_sla_dag']) retrieved from /home/airflow/.local/lib/python3.7/site-packages/airflow/example_dags/example_sla_dag.py
[2022-02-22 00:13:18,606] {logging_mixin.py:109} INFO - [2022-02-22 00:13:18,606] {dag.py:2396} INFO - Sync 1 DAGs
[2022-02-22 00:13:18,679] {logging_mixin.py:109} INFO - [2022-02-22 00:13:18,679] {dag.py:2935} INFO - Setting next_dagrun for example_sla_dag to 2022-02-22T00:10:00+00:00
[2022-02-22 00:13:18,702] {processor.py:171} INFO - Processing /home/airflow/.local/lib/python3.7/site-packages/airflow/example_dags/example_sla_dag.py took 0.231 seconds
[2022-02-22 00:13:50,748] {processor.py:163} INFO - Started process (PID=9017) to work on /home/airflow/.local/lib/python3.7/site-packages/airflow/example_dags/example_sla_dag.py
[2022-02-22 00:13:50,752] {processor.py:642} INFO - Processing file /home/airflow/.local/lib/python3.7/site-packages/airflow/example_dags/example_sla_dag.py for tasks to queue
[2022-02-22 00:13:50,755] {logging_mixin.py:109} INFO - [2022-02-22 00:13:50,755] {dagbag.py:500} INFO - Filling up the DagBag from /home/airflow/.local/lib/python3.7/site-packages/airflow/example_dags/example_sla_dag.py
[2022-02-22 00:13:50,850] {processor.py:654} INFO - DAG(s) dict_keys(['example_sla_dag']) retrieved from /home/airflow/.local/lib/python3.7/site-packages/airflow/example_dags/example_sla_dag.py
[2022-02-22 00:13:50,892] {logging_mixin.py:109} INFO - [2022-02-22 00:13:50,891] {dag.py:2396} INFO - Sync 1 DAGs
[2022-02-22 00:13:51,017] {logging_mixin.py:109} INFO - [2022-02-22 00:13:51,017] {dag.py:2935} INFO - Setting next_dagrun for example_sla_dag to 2022-02-22T00:10:00+00:00
[2022-02-22 00:13:51,045] {processor.py:171} INFO - Processing /home/airflow/.local/lib/python3.7/site-packages/airflow/example_dags/example_sla_dag.py took 0.305 seconds
[2022-02-22 00:14:21,512] {processor.py:163} INFO - Started process (PID=9104) to work on /home/airflow/.local/lib/python3.7/site-packages/airflow/example_dags/example_sla_dag.py
[2022-02-22 00:14:21,516] {processor.py:642} INFO - Processing file /home/airflow/.local/lib/python3.7/site-packages/airflow/example_dags/example_sla_dag.py for tasks to queue
[2022-02-22 00:14:21,518] {logging_mixin.py:109} INFO - [2022-02-22 00:14:21,518] {dagbag.py:500} INFO - Filling up the DagBag from /home/airflow/.local/lib/python3.7/site-packages/airflow/example_dags/example_sla_dag.py
[2022-02-22 00:14:21,594] {processor.py:654} INFO - DAG(s) dict_keys(['example_sla_dag']) retrieved from /home/airflow/.local/lib/python3.7/site-packages/airflow/example_dags/example_sla_dag.py
[2022-02-22 00:14:21,629] {logging_mixin.py:109} INFO - [2022-02-22 00:14:21,628] {dag.py:2396} INFO - Sync 1 DAGs
[2022-02-22 00:14:21,712] {logging_mixin.py:109} INFO - [2022-02-22 00:14:21,712] {dag.py:2935} INFO - Setting next_dagrun for example_sla_dag to 2022-02-22T00:12:00+00:00
[2022-02-22 00:14:21,736] {processor.py:171} INFO - Processing /home/airflow/.local/lib/python3.7/site-packages/airflow/example_dags/example_sla_dag.py took 0.230 seconds
[2022-02-22 00:14:53,881] {processor.py:163} INFO - Started process (PID=9212) to work on /home/airflow/.local/lib/python3.7/site-packages/airflow/example_dags/example_sla_dag.py
[2022-02-22 00:14:53,886] {processor.py:642} INFO - Processing file /home/airflow/.local/lib/python3.7/site-packages/airflow/example_dags/example_sla_dag.py for tasks to queue
[2022-02-22 00:14:53,890] {logging_mixin.py:109} INFO - [2022-02-22 00:14:53,889] {dagbag.py:500} INFO - Filling up the DagBag from /home/airflow/.local/lib/python3.7/site-packages/airflow/example_dags/example_sla_dag.py
[2022-02-22 00:14:53,983] {processor.py:654} INFO - DAG(s) dict_keys(['example_sla_dag']) retrieved from /home/airflow/.local/lib/python3.7/site-packages/airflow/example_dags/example_sla_dag.py
[2022-02-22 00:14:54,026] {logging_mixin.py:109} INFO - [2022-02-22 00:14:54,025] {dag.py:2396} INFO - Sync 1 DAGs
[2022-02-22 00:14:54,118] {logging_mixin.py:109} INFO - [2022-02-22 00:14:54,118] {dag.py:2935} INFO - Setting next_dagrun for example_sla_dag to 2022-02-22T00:12:00+00:00
[2022-02-22 00:14:54,148] {processor.py:171} INFO - Processing /home/airflow/.local/lib/python3.7/site-packages/airflow/example_dags/example_sla_dag.py took 0.275 seconds
[2022-02-22 00:15:25,503] {processor.py:163} INFO - Started process (PID=9319) to work on /home/airflow/.local/lib/python3.7/site-packages/airflow/example_dags/example_sla_dag.py
[2022-02-22 00:15:25,508] {processor.py:642} INFO - Processing file /home/airflow/.local/lib/python3.7/site-packages/airflow/example_dags/example_sla_dag.py for tasks to queue
[2022-02-22 00:15:25,511] {logging_mixin.py:109} INFO - [2022-02-22 00:15:25,510] {dagbag.py:500} INFO - Filling up the DagBag from /home/airflow/.local/lib/python3.7/site-packages/airflow/example_dags/example_sla_dag.py
[2022-02-22 00:15:25,606] {processor.py:654} INFO - DAG(s) dict_keys(['example_sla_dag']) retrieved from /home/airflow/.local/lib/python3.7/site-packages/airflow/example_dags/example_sla_dag.py
[2022-02-22 00:15:25,645] {logging_mixin.py:109} INFO - [2022-02-22 00:15:25,645] {dag.py:2396} INFO - Sync 1 DAGs
[2022-02-22 00:15:25,742] {logging_mixin.py:109} INFO - [2022-02-22 00:15:25,742] {dag.py:2935} INFO - Setting next_dagrun for example_sla_dag to 2022-02-22T00:12:00+00:00
[2022-02-22 00:15:25,769] {processor.py:171} INFO - Processing /home/airflow/.local/lib/python3.7/site-packages/airflow/example_dags/example_sla_dag.py took 0.272 seconds
[2022-02-22 00:15:57,094] {processor.py:163} INFO - Started process (PID=9405) to work on /home/airflow/.local/lib/python3.7/site-packages/airflow/example_dags/example_sla_dag.py
[2022-02-22 00:15:57,099] {processor.py:642} INFO - Processing file /home/airflow/.local/lib/python3.7/site-packages/airflow/example_dags/example_sla_dag.py for tasks to queue
[2022-02-22 00:15:57,101] {logging_mixin.py:109} INFO - [2022-02-22 00:15:57,101] {dagbag.py:500} INFO - Filling up the DagBag from /home/airflow/.local/lib/python3.7/site-packages/airflow/example_dags/example_sla_dag.py
[2022-02-22 00:15:57,190] {processor.py:654} INFO - DAG(s) dict_keys(['example_sla_dag']) retrieved from /home/airflow/.local/lib/python3.7/site-packages/airflow/example_dags/example_sla_dag.py
[2022-02-22 00:15:57,228] {logging_mixin.py:109} INFO - [2022-02-22 00:15:57,227] {dag.py:2396} INFO - Sync 1 DAGs
[2022-02-22 00:15:57,310] {logging_mixin.py:109} INFO - [2022-02-22 00:15:57,309] {dag.py:2935} INFO - Setting next_dagrun for example_sla_dag to 2022-02-22T00:12:00+00:00
[2022-02-22 00:15:57,337] {processor.py:171} INFO - Processing /home/airflow/.local/lib/python3.7/site-packages/airflow/example_dags/example_sla_dag.py took 0.251 seconds
[2022-02-22 00:16:30,196] {processor.py:163} INFO - Started process (PID=9513) to work on /home/airflow/.local/lib/python3.7/site-packages/airflow/example_dags/example_sla_dag.py
[2022-02-22 00:16:30,201] {processor.py:642} INFO - Processing file /home/airflow/.local/lib/python3.7/site-packages/airflow/example_dags/example_sla_dag.py for tasks to queue
[2022-02-22 00:16:30,204] {logging_mixin.py:109} INFO - [2022-02-22 00:16:30,203] {dagbag.py:500} INFO - Filling up the DagBag from /home/airflow/.local/lib/python3.7/site-packages/airflow/example_dags/example_sla_dag.py
[2022-02-22 00:16:30,310] {processor.py:654} INFO - DAG(s) dict_keys(['example_sla_dag']) retrieved from /home/airflow/.local/lib/python3.7/site-packages/airflow/example_dags/example_sla_dag.py
[2022-02-22 00:16:30,352] {logging_mixin.py:109} INFO - [2022-02-22 00:16:30,351] {dag.py:2396} INFO - Sync 1 DAGs
[2022-02-22 00:16:30,472] {logging_mixin.py:109} INFO - [2022-02-22 00:16:30,471] {dag.py:2935} INFO - Setting next_dagrun for example_sla_dag to 2022-02-22T00:14:00+00:00
[2022-02-22 00:16:30,504] {processor.py:171} INFO - Processing /home/airflow/.local/lib/python3.7/site-packages/airflow/example_dags/example_sla_dag.py took 0.316 seconds
[2022-02-22 00:17:00,892] {processor.py:163} INFO - Started process (PID=9600) to work on /home/airflow/.local/lib/python3.7/site-packages/airflow/example_dags/example_sla_dag.py
[2022-02-22 00:17:00,897] {processor.py:642} INFO - Processing file /home/airflow/.local/lib/python3.7/site-packages/airflow/example_dags/example_sla_dag.py for tasks to queue
[2022-02-22 00:17:00,900] {logging_mixin.py:109} INFO - [2022-02-22 00:17:00,900] {dagbag.py:500} INFO - Filling up the DagBag from /home/airflow/.local/lib/python3.7/site-packages/airflow/example_dags/example_sla_dag.py
[2022-02-22 00:17:00,984] {processor.py:654} INFO - DAG(s) dict_keys(['example_sla_dag']) retrieved from /home/airflow/.local/lib/python3.7/site-packages/airflow/example_dags/example_sla_dag.py
[2022-02-22 00:17:01,021] {logging_mixin.py:109} INFO - [2022-02-22 00:17:01,021] {dag.py:2396} INFO - Sync 1 DAGs
[2022-02-22 00:17:01,104] {logging_mixin.py:109} INFO - [2022-02-22 00:17:01,104] {dag.py:2935} INFO - Setting next_dagrun for example_sla_dag to 2022-02-22T00:14:00+00:00
[2022-02-22 00:17:01,126] {processor.py:171} INFO - Processing /home/airflow/.local/lib/python3.7/site-packages/airflow/example_dags/example_sla_dag.py took 0.241 seconds
