[2022-02-22 00:00:24,144] {processor.py:163} INFO - Started process (PID=6515) to work on /home/airflow/.local/lib/python3.7/site-packages/airflow/example_dags/example_time_delta_sensor_async.py
[2022-02-22 00:00:24,154] {processor.py:642} INFO - Processing file /home/airflow/.local/lib/python3.7/site-packages/airflow/example_dags/example_time_delta_sensor_async.py for tasks to queue
[2022-02-22 00:00:24,159] {logging_mixin.py:109} INFO - [2022-02-22 00:00:24,158] {dagbag.py:500} INFO - Filling up the DagBag from /home/airflow/.local/lib/python3.7/site-packages/airflow/example_dags/example_time_delta_sensor_async.py
[2022-02-22 00:00:24,261] {processor.py:654} INFO - DAG(s) dict_keys(['example_time_delta_sensor_async']) retrieved from /home/airflow/.local/lib/python3.7/site-packages/airflow/example_dags/example_time_delta_sensor_async.py
[2022-02-22 00:00:24,305] {logging_mixin.py:109} INFO - [2022-02-22 00:00:24,304] {dag.py:2396} INFO - Sync 1 DAGs
[2022-02-22 00:00:24,406] {logging_mixin.py:109} INFO - [2022-02-22 00:00:24,405] {dag.py:2935} INFO - Setting next_dagrun for example_time_delta_sensor_async to None
[2022-02-22 00:00:24,458] {processor.py:171} INFO - Processing /home/airflow/.local/lib/python3.7/site-packages/airflow/example_dags/example_time_delta_sensor_async.py took 0.323 seconds
[2022-02-22 00:00:54,964] {processor.py:163} INFO - Started process (PID=6602) to work on /home/airflow/.local/lib/python3.7/site-packages/airflow/example_dags/example_time_delta_sensor_async.py
[2022-02-22 00:00:54,969] {processor.py:642} INFO - Processing file /home/airflow/.local/lib/python3.7/site-packages/airflow/example_dags/example_time_delta_sensor_async.py for tasks to queue
[2022-02-22 00:00:54,973] {logging_mixin.py:109} INFO - [2022-02-22 00:00:54,972] {dagbag.py:500} INFO - Filling up the DagBag from /home/airflow/.local/lib/python3.7/site-packages/airflow/example_dags/example_time_delta_sensor_async.py
[2022-02-22 00:00:55,055] {processor.py:654} INFO - DAG(s) dict_keys(['example_time_delta_sensor_async']) retrieved from /home/airflow/.local/lib/python3.7/site-packages/airflow/example_dags/example_time_delta_sensor_async.py
[2022-02-22 00:00:55,097] {logging_mixin.py:109} INFO - [2022-02-22 00:00:55,096] {dag.py:2396} INFO - Sync 1 DAGs
[2022-02-22 00:00:55,167] {logging_mixin.py:109} INFO - [2022-02-22 00:00:55,166] {dag.py:2935} INFO - Setting next_dagrun for example_time_delta_sensor_async to None
[2022-02-22 00:00:55,200] {processor.py:171} INFO - Processing /home/airflow/.local/lib/python3.7/site-packages/airflow/example_dags/example_time_delta_sensor_async.py took 0.260 seconds
[2022-02-22 00:01:25,532] {processor.py:163} INFO - Started process (PID=6704) to work on /home/airflow/.local/lib/python3.7/site-packages/airflow/example_dags/example_time_delta_sensor_async.py
[2022-02-22 00:01:25,537] {processor.py:642} INFO - Processing file /home/airflow/.local/lib/python3.7/site-packages/airflow/example_dags/example_time_delta_sensor_async.py for tasks to queue
[2022-02-22 00:01:25,540] {logging_mixin.py:109} INFO - [2022-02-22 00:01:25,540] {dagbag.py:500} INFO - Filling up the DagBag from /home/airflow/.local/lib/python3.7/site-packages/airflow/example_dags/example_time_delta_sensor_async.py
[2022-02-22 00:01:25,611] {processor.py:654} INFO - DAG(s) dict_keys(['example_time_delta_sensor_async']) retrieved from /home/airflow/.local/lib/python3.7/site-packages/airflow/example_dags/example_time_delta_sensor_async.py
[2022-02-22 00:01:25,648] {logging_mixin.py:109} INFO - [2022-02-22 00:01:25,648] {dag.py:2396} INFO - Sync 1 DAGs
[2022-02-22 00:01:25,713] {logging_mixin.py:109} INFO - [2022-02-22 00:01:25,713] {dag.py:2935} INFO - Setting next_dagrun for example_time_delta_sensor_async to None
[2022-02-22 00:01:25,745] {processor.py:171} INFO - Processing /home/airflow/.local/lib/python3.7/site-packages/airflow/example_dags/example_time_delta_sensor_async.py took 0.220 seconds
[2022-02-22 00:01:56,021] {processor.py:163} INFO - Started process (PID=6791) to work on /home/airflow/.local/lib/python3.7/site-packages/airflow/example_dags/example_time_delta_sensor_async.py
[2022-02-22 00:01:56,027] {processor.py:642} INFO - Processing file /home/airflow/.local/lib/python3.7/site-packages/airflow/example_dags/example_time_delta_sensor_async.py for tasks to queue
[2022-02-22 00:01:56,030] {logging_mixin.py:109} INFO - [2022-02-22 00:01:56,030] {dagbag.py:500} INFO - Filling up the DagBag from /home/airflow/.local/lib/python3.7/site-packages/airflow/example_dags/example_time_delta_sensor_async.py
[2022-02-22 00:01:56,106] {processor.py:654} INFO - DAG(s) dict_keys(['example_time_delta_sensor_async']) retrieved from /home/airflow/.local/lib/python3.7/site-packages/airflow/example_dags/example_time_delta_sensor_async.py
[2022-02-22 00:01:56,149] {logging_mixin.py:109} INFO - [2022-02-22 00:01:56,148] {dag.py:2396} INFO - Sync 1 DAGs
[2022-02-22 00:01:56,234] {logging_mixin.py:109} INFO - [2022-02-22 00:01:56,233] {dag.py:2935} INFO - Setting next_dagrun for example_time_delta_sensor_async to None
[2022-02-22 00:01:56,267] {processor.py:171} INFO - Processing /home/airflow/.local/lib/python3.7/site-packages/airflow/example_dags/example_time_delta_sensor_async.py took 0.255 seconds
[2022-02-22 00:02:26,485] {processor.py:163} INFO - Started process (PID=6894) to work on /home/airflow/.local/lib/python3.7/site-packages/airflow/example_dags/example_time_delta_sensor_async.py
[2022-02-22 00:02:26,490] {processor.py:642} INFO - Processing file /home/airflow/.local/lib/python3.7/site-packages/airflow/example_dags/example_time_delta_sensor_async.py for tasks to queue
[2022-02-22 00:02:26,493] {logging_mixin.py:109} INFO - [2022-02-22 00:02:26,493] {dagbag.py:500} INFO - Filling up the DagBag from /home/airflow/.local/lib/python3.7/site-packages/airflow/example_dags/example_time_delta_sensor_async.py
[2022-02-22 00:02:26,563] {processor.py:654} INFO - DAG(s) dict_keys(['example_time_delta_sensor_async']) retrieved from /home/airflow/.local/lib/python3.7/site-packages/airflow/example_dags/example_time_delta_sensor_async.py
[2022-02-22 00:02:26,604] {logging_mixin.py:109} INFO - [2022-02-22 00:02:26,603] {dag.py:2396} INFO - Sync 1 DAGs
[2022-02-22 00:02:26,671] {logging_mixin.py:109} INFO - [2022-02-22 00:02:26,671] {dag.py:2935} INFO - Setting next_dagrun for example_time_delta_sensor_async to None
[2022-02-22 00:02:26,702] {processor.py:171} INFO - Processing /home/airflow/.local/lib/python3.7/site-packages/airflow/example_dags/example_time_delta_sensor_async.py took 0.226 seconds
[2022-02-22 00:02:57,053] {processor.py:163} INFO - Started process (PID=6979) to work on /home/airflow/.local/lib/python3.7/site-packages/airflow/example_dags/example_time_delta_sensor_async.py
[2022-02-22 00:02:57,058] {processor.py:642} INFO - Processing file /home/airflow/.local/lib/python3.7/site-packages/airflow/example_dags/example_time_delta_sensor_async.py for tasks to queue
[2022-02-22 00:02:57,062] {logging_mixin.py:109} INFO - [2022-02-22 00:02:57,061] {dagbag.py:500} INFO - Filling up the DagBag from /home/airflow/.local/lib/python3.7/site-packages/airflow/example_dags/example_time_delta_sensor_async.py
[2022-02-22 00:02:57,135] {processor.py:654} INFO - DAG(s) dict_keys(['example_time_delta_sensor_async']) retrieved from /home/airflow/.local/lib/python3.7/site-packages/airflow/example_dags/example_time_delta_sensor_async.py
[2022-02-22 00:02:57,174] {logging_mixin.py:109} INFO - [2022-02-22 00:02:57,173] {dag.py:2396} INFO - Sync 1 DAGs
[2022-02-22 00:02:57,239] {logging_mixin.py:109} INFO - [2022-02-22 00:02:57,238] {dag.py:2935} INFO - Setting next_dagrun for example_time_delta_sensor_async to None
[2022-02-22 00:02:57,265] {processor.py:171} INFO - Processing /home/airflow/.local/lib/python3.7/site-packages/airflow/example_dags/example_time_delta_sensor_async.py took 0.220 seconds
[2022-02-22 00:03:27,400] {processor.py:163} INFO - Started process (PID=7083) to work on /home/airflow/.local/lib/python3.7/site-packages/airflow/example_dags/example_time_delta_sensor_async.py
[2022-02-22 00:03:27,405] {processor.py:642} INFO - Processing file /home/airflow/.local/lib/python3.7/site-packages/airflow/example_dags/example_time_delta_sensor_async.py for tasks to queue
[2022-02-22 00:03:27,410] {logging_mixin.py:109} INFO - [2022-02-22 00:03:27,409] {dagbag.py:500} INFO - Filling up the DagBag from /home/airflow/.local/lib/python3.7/site-packages/airflow/example_dags/example_time_delta_sensor_async.py
[2022-02-22 00:03:27,487] {processor.py:654} INFO - DAG(s) dict_keys(['example_time_delta_sensor_async']) retrieved from /home/airflow/.local/lib/python3.7/site-packages/airflow/example_dags/example_time_delta_sensor_async.py
[2022-02-22 00:03:27,529] {logging_mixin.py:109} INFO - [2022-02-22 00:03:27,528] {dag.py:2396} INFO - Sync 1 DAGs
[2022-02-22 00:03:27,601] {logging_mixin.py:109} INFO - [2022-02-22 00:03:27,601] {dag.py:2935} INFO - Setting next_dagrun for example_time_delta_sensor_async to None
[2022-02-22 00:03:27,634] {processor.py:171} INFO - Processing /home/airflow/.local/lib/python3.7/site-packages/airflow/example_dags/example_time_delta_sensor_async.py took 0.242 seconds
[2022-02-22 00:03:57,856] {processor.py:163} INFO - Started process (PID=7170) to work on /home/airflow/.local/lib/python3.7/site-packages/airflow/example_dags/example_time_delta_sensor_async.py
[2022-02-22 00:03:57,861] {processor.py:642} INFO - Processing file /home/airflow/.local/lib/python3.7/site-packages/airflow/example_dags/example_time_delta_sensor_async.py for tasks to queue
[2022-02-22 00:03:57,864] {logging_mixin.py:109} INFO - [2022-02-22 00:03:57,864] {dagbag.py:500} INFO - Filling up the DagBag from /home/airflow/.local/lib/python3.7/site-packages/airflow/example_dags/example_time_delta_sensor_async.py
[2022-02-22 00:03:57,929] {processor.py:654} INFO - DAG(s) dict_keys(['example_time_delta_sensor_async']) retrieved from /home/airflow/.local/lib/python3.7/site-packages/airflow/example_dags/example_time_delta_sensor_async.py
[2022-02-22 00:03:57,966] {logging_mixin.py:109} INFO - [2022-02-22 00:03:57,966] {dag.py:2396} INFO - Sync 1 DAGs
[2022-02-22 00:03:58,021] {logging_mixin.py:109} INFO - [2022-02-22 00:03:58,021] {dag.py:2935} INFO - Setting next_dagrun for example_time_delta_sensor_async to None
[2022-02-22 00:03:58,052] {processor.py:171} INFO - Processing /home/airflow/.local/lib/python3.7/site-packages/airflow/example_dags/example_time_delta_sensor_async.py took 0.205 seconds
[2022-02-22 00:04:28,180] {processor.py:163} INFO - Started process (PID=7274) to work on /home/airflow/.local/lib/python3.7/site-packages/airflow/example_dags/example_time_delta_sensor_async.py
[2022-02-22 00:04:28,186] {processor.py:642} INFO - Processing file /home/airflow/.local/lib/python3.7/site-packages/airflow/example_dags/example_time_delta_sensor_async.py for tasks to queue
[2022-02-22 00:04:28,189] {logging_mixin.py:109} INFO - [2022-02-22 00:04:28,189] {dagbag.py:500} INFO - Filling up the DagBag from /home/airflow/.local/lib/python3.7/site-packages/airflow/example_dags/example_time_delta_sensor_async.py
[2022-02-22 00:04:28,260] {processor.py:654} INFO - DAG(s) dict_keys(['example_time_delta_sensor_async']) retrieved from /home/airflow/.local/lib/python3.7/site-packages/airflow/example_dags/example_time_delta_sensor_async.py
[2022-02-22 00:04:28,300] {logging_mixin.py:109} INFO - [2022-02-22 00:04:28,299] {dag.py:2396} INFO - Sync 1 DAGs
[2022-02-22 00:04:28,360] {logging_mixin.py:109} INFO - [2022-02-22 00:04:28,359] {dag.py:2935} INFO - Setting next_dagrun for example_time_delta_sensor_async to None
[2022-02-22 00:04:28,390] {processor.py:171} INFO - Processing /home/airflow/.local/lib/python3.7/site-packages/airflow/example_dags/example_time_delta_sensor_async.py took 0.217 seconds
[2022-02-22 00:04:59,170] {processor.py:163} INFO - Started process (PID=7361) to work on /home/airflow/.local/lib/python3.7/site-packages/airflow/example_dags/example_time_delta_sensor_async.py
[2022-02-22 00:04:59,175] {processor.py:642} INFO - Processing file /home/airflow/.local/lib/python3.7/site-packages/airflow/example_dags/example_time_delta_sensor_async.py for tasks to queue
[2022-02-22 00:04:59,177] {logging_mixin.py:109} INFO - [2022-02-22 00:04:59,177] {dagbag.py:500} INFO - Filling up the DagBag from /home/airflow/.local/lib/python3.7/site-packages/airflow/example_dags/example_time_delta_sensor_async.py
[2022-02-22 00:04:59,229] {processor.py:654} INFO - DAG(s) dict_keys(['example_time_delta_sensor_async']) retrieved from /home/airflow/.local/lib/python3.7/site-packages/airflow/example_dags/example_time_delta_sensor_async.py
[2022-02-22 00:04:59,260] {logging_mixin.py:109} INFO - [2022-02-22 00:04:59,260] {dag.py:2396} INFO - Sync 1 DAGs
[2022-02-22 00:04:59,307] {logging_mixin.py:109} INFO - [2022-02-22 00:04:59,307] {dag.py:2935} INFO - Setting next_dagrun for example_time_delta_sensor_async to None
[2022-02-22 00:04:59,332] {processor.py:171} INFO - Processing /home/airflow/.local/lib/python3.7/site-packages/airflow/example_dags/example_time_delta_sensor_async.py took 0.167 seconds
[2022-02-22 00:05:29,615] {processor.py:163} INFO - Started process (PID=7465) to work on /home/airflow/.local/lib/python3.7/site-packages/airflow/example_dags/example_time_delta_sensor_async.py
[2022-02-22 00:05:29,620] {processor.py:642} INFO - Processing file /home/airflow/.local/lib/python3.7/site-packages/airflow/example_dags/example_time_delta_sensor_async.py for tasks to queue
[2022-02-22 00:05:29,623] {logging_mixin.py:109} INFO - [2022-02-22 00:05:29,622] {dagbag.py:500} INFO - Filling up the DagBag from /home/airflow/.local/lib/python3.7/site-packages/airflow/example_dags/example_time_delta_sensor_async.py
[2022-02-22 00:05:29,689] {processor.py:654} INFO - DAG(s) dict_keys(['example_time_delta_sensor_async']) retrieved from /home/airflow/.local/lib/python3.7/site-packages/airflow/example_dags/example_time_delta_sensor_async.py
[2022-02-22 00:05:29,727] {logging_mixin.py:109} INFO - [2022-02-22 00:05:29,727] {dag.py:2396} INFO - Sync 1 DAGs
[2022-02-22 00:05:29,788] {logging_mixin.py:109} INFO - [2022-02-22 00:05:29,787] {dag.py:2935} INFO - Setting next_dagrun for example_time_delta_sensor_async to None
[2022-02-22 00:05:29,816] {processor.py:171} INFO - Processing /home/airflow/.local/lib/python3.7/site-packages/airflow/example_dags/example_time_delta_sensor_async.py took 0.208 seconds
[2022-02-22 00:06:00,433] {processor.py:163} INFO - Started process (PID=7552) to work on /home/airflow/.local/lib/python3.7/site-packages/airflow/example_dags/example_time_delta_sensor_async.py
[2022-02-22 00:06:00,442] {processor.py:642} INFO - Processing file /home/airflow/.local/lib/python3.7/site-packages/airflow/example_dags/example_time_delta_sensor_async.py for tasks to queue
[2022-02-22 00:06:00,446] {logging_mixin.py:109} INFO - [2022-02-22 00:06:00,446] {dagbag.py:500} INFO - Filling up the DagBag from /home/airflow/.local/lib/python3.7/site-packages/airflow/example_dags/example_time_delta_sensor_async.py
[2022-02-22 00:06:00,516] {processor.py:654} INFO - DAG(s) dict_keys(['example_time_delta_sensor_async']) retrieved from /home/airflow/.local/lib/python3.7/site-packages/airflow/example_dags/example_time_delta_sensor_async.py
[2022-02-22 00:06:00,548] {logging_mixin.py:109} INFO - [2022-02-22 00:06:00,548] {dag.py:2396} INFO - Sync 1 DAGs
[2022-02-22 00:06:00,596] {logging_mixin.py:109} INFO - [2022-02-22 00:06:00,596] {dag.py:2935} INFO - Setting next_dagrun for example_time_delta_sensor_async to None
[2022-02-22 00:06:00,619] {processor.py:171} INFO - Processing /home/airflow/.local/lib/python3.7/site-packages/airflow/example_dags/example_time_delta_sensor_async.py took 0.198 seconds
[2022-02-22 00:06:30,882] {processor.py:163} INFO - Started process (PID=7656) to work on /home/airflow/.local/lib/python3.7/site-packages/airflow/example_dags/example_time_delta_sensor_async.py
[2022-02-22 00:06:30,887] {processor.py:642} INFO - Processing file /home/airflow/.local/lib/python3.7/site-packages/airflow/example_dags/example_time_delta_sensor_async.py for tasks to queue
[2022-02-22 00:06:30,890] {logging_mixin.py:109} INFO - [2022-02-22 00:06:30,890] {dagbag.py:500} INFO - Filling up the DagBag from /home/airflow/.local/lib/python3.7/site-packages/airflow/example_dags/example_time_delta_sensor_async.py
[2022-02-22 00:06:30,962] {processor.py:654} INFO - DAG(s) dict_keys(['example_time_delta_sensor_async']) retrieved from /home/airflow/.local/lib/python3.7/site-packages/airflow/example_dags/example_time_delta_sensor_async.py
[2022-02-22 00:06:31,001] {logging_mixin.py:109} INFO - [2022-02-22 00:06:31,001] {dag.py:2396} INFO - Sync 1 DAGs
[2022-02-22 00:06:31,066] {logging_mixin.py:109} INFO - [2022-02-22 00:06:31,065] {dag.py:2935} INFO - Setting next_dagrun for example_time_delta_sensor_async to None
[2022-02-22 00:06:31,095] {processor.py:171} INFO - Processing /home/airflow/.local/lib/python3.7/site-packages/airflow/example_dags/example_time_delta_sensor_async.py took 0.220 seconds
[2022-02-22 00:07:01,164] {processor.py:163} INFO - Started process (PID=7740) to work on /home/airflow/.local/lib/python3.7/site-packages/airflow/example_dags/example_time_delta_sensor_async.py
[2022-02-22 00:07:01,168] {processor.py:642} INFO - Processing file /home/airflow/.local/lib/python3.7/site-packages/airflow/example_dags/example_time_delta_sensor_async.py for tasks to queue
[2022-02-22 00:07:01,171] {logging_mixin.py:109} INFO - [2022-02-22 00:07:01,171] {dagbag.py:500} INFO - Filling up the DagBag from /home/airflow/.local/lib/python3.7/site-packages/airflow/example_dags/example_time_delta_sensor_async.py
[2022-02-22 00:07:01,233] {processor.py:654} INFO - DAG(s) dict_keys(['example_time_delta_sensor_async']) retrieved from /home/airflow/.local/lib/python3.7/site-packages/airflow/example_dags/example_time_delta_sensor_async.py
[2022-02-22 00:07:01,271] {logging_mixin.py:109} INFO - [2022-02-22 00:07:01,271] {dag.py:2396} INFO - Sync 1 DAGs
[2022-02-22 00:07:01,317] {logging_mixin.py:109} INFO - [2022-02-22 00:07:01,316] {dag.py:2935} INFO - Setting next_dagrun for example_time_delta_sensor_async to None
[2022-02-22 00:07:01,339] {processor.py:171} INFO - Processing /home/airflow/.local/lib/python3.7/site-packages/airflow/example_dags/example_time_delta_sensor_async.py took 0.182 seconds
[2022-02-22 00:07:32,769] {processor.py:163} INFO - Started process (PID=7842) to work on /home/airflow/.local/lib/python3.7/site-packages/airflow/example_dags/example_time_delta_sensor_async.py
[2022-02-22 00:07:32,776] {processor.py:642} INFO - Processing file /home/airflow/.local/lib/python3.7/site-packages/airflow/example_dags/example_time_delta_sensor_async.py for tasks to queue
[2022-02-22 00:07:32,780] {logging_mixin.py:109} INFO - [2022-02-22 00:07:32,779] {dagbag.py:500} INFO - Filling up the DagBag from /home/airflow/.local/lib/python3.7/site-packages/airflow/example_dags/example_time_delta_sensor_async.py
[2022-02-22 00:07:32,855] {processor.py:654} INFO - DAG(s) dict_keys(['example_time_delta_sensor_async']) retrieved from /home/airflow/.local/lib/python3.7/site-packages/airflow/example_dags/example_time_delta_sensor_async.py
[2022-02-22 00:07:32,896] {logging_mixin.py:109} INFO - [2022-02-22 00:07:32,895] {dag.py:2396} INFO - Sync 1 DAGs
[2022-02-22 00:07:32,959] {logging_mixin.py:109} INFO - [2022-02-22 00:07:32,958] {dag.py:2935} INFO - Setting next_dagrun for example_time_delta_sensor_async to None
[2022-02-22 00:07:32,990] {processor.py:171} INFO - Processing /home/airflow/.local/lib/python3.7/site-packages/airflow/example_dags/example_time_delta_sensor_async.py took 0.228 seconds
[2022-02-22 00:08:03,548] {processor.py:163} INFO - Started process (PID=7937) to work on /home/airflow/.local/lib/python3.7/site-packages/airflow/example_dags/example_time_delta_sensor_async.py
[2022-02-22 00:08:03,553] {processor.py:642} INFO - Processing file /home/airflow/.local/lib/python3.7/site-packages/airflow/example_dags/example_time_delta_sensor_async.py for tasks to queue
[2022-02-22 00:08:03,556] {logging_mixin.py:109} INFO - [2022-02-22 00:08:03,555] {dagbag.py:500} INFO - Filling up the DagBag from /home/airflow/.local/lib/python3.7/site-packages/airflow/example_dags/example_time_delta_sensor_async.py
[2022-02-22 00:08:03,632] {processor.py:654} INFO - DAG(s) dict_keys(['example_time_delta_sensor_async']) retrieved from /home/airflow/.local/lib/python3.7/site-packages/airflow/example_dags/example_time_delta_sensor_async.py
[2022-02-22 00:08:03,695] {logging_mixin.py:109} INFO - [2022-02-22 00:08:03,694] {dag.py:2396} INFO - Sync 1 DAGs
[2022-02-22 00:08:03,768] {logging_mixin.py:109} INFO - [2022-02-22 00:08:03,767] {dag.py:2935} INFO - Setting next_dagrun for example_time_delta_sensor_async to None
[2022-02-22 00:08:03,805] {processor.py:171} INFO - Processing /home/airflow/.local/lib/python3.7/site-packages/airflow/example_dags/example_time_delta_sensor_async.py took 0.264 seconds
[2022-02-22 00:08:33,865] {processor.py:163} INFO - Started process (PID=8024) to work on /home/airflow/.local/lib/python3.7/site-packages/airflow/example_dags/example_time_delta_sensor_async.py
[2022-02-22 00:08:33,871] {processor.py:642} INFO - Processing file /home/airflow/.local/lib/python3.7/site-packages/airflow/example_dags/example_time_delta_sensor_async.py for tasks to queue
[2022-02-22 00:08:33,875] {logging_mixin.py:109} INFO - [2022-02-22 00:08:33,875] {dagbag.py:500} INFO - Filling up the DagBag from /home/airflow/.local/lib/python3.7/site-packages/airflow/example_dags/example_time_delta_sensor_async.py
[2022-02-22 00:08:33,950] {processor.py:654} INFO - DAG(s) dict_keys(['example_time_delta_sensor_async']) retrieved from /home/airflow/.local/lib/python3.7/site-packages/airflow/example_dags/example_time_delta_sensor_async.py
[2022-02-22 00:08:33,991] {logging_mixin.py:109} INFO - [2022-02-22 00:08:33,991] {dag.py:2396} INFO - Sync 1 DAGs
[2022-02-22 00:08:34,061] {logging_mixin.py:109} INFO - [2022-02-22 00:08:34,061] {dag.py:2935} INFO - Setting next_dagrun for example_time_delta_sensor_async to None
[2022-02-22 00:08:34,093] {processor.py:171} INFO - Processing /home/airflow/.local/lib/python3.7/site-packages/airflow/example_dags/example_time_delta_sensor_async.py took 0.235 seconds
[2022-02-22 00:09:04,381] {processor.py:163} INFO - Started process (PID=8122) to work on /home/airflow/.local/lib/python3.7/site-packages/airflow/example_dags/example_time_delta_sensor_async.py
[2022-02-22 00:09:04,385] {processor.py:642} INFO - Processing file /home/airflow/.local/lib/python3.7/site-packages/airflow/example_dags/example_time_delta_sensor_async.py for tasks to queue
[2022-02-22 00:09:04,389] {logging_mixin.py:109} INFO - [2022-02-22 00:09:04,388] {dagbag.py:500} INFO - Filling up the DagBag from /home/airflow/.local/lib/python3.7/site-packages/airflow/example_dags/example_time_delta_sensor_async.py
[2022-02-22 00:09:04,458] {processor.py:654} INFO - DAG(s) dict_keys(['example_time_delta_sensor_async']) retrieved from /home/airflow/.local/lib/python3.7/site-packages/airflow/example_dags/example_time_delta_sensor_async.py
[2022-02-22 00:09:04,497] {logging_mixin.py:109} INFO - [2022-02-22 00:09:04,496] {dag.py:2396} INFO - Sync 1 DAGs
[2022-02-22 00:09:04,560] {logging_mixin.py:109} INFO - [2022-02-22 00:09:04,559] {dag.py:2935} INFO - Setting next_dagrun for example_time_delta_sensor_async to None
[2022-02-22 00:09:04,590] {processor.py:171} INFO - Processing /home/airflow/.local/lib/python3.7/site-packages/airflow/example_dags/example_time_delta_sensor_async.py took 0.217 seconds
[2022-02-22 00:09:34,680] {processor.py:163} INFO - Started process (PID=8203) to work on /home/airflow/.local/lib/python3.7/site-packages/airflow/example_dags/example_time_delta_sensor_async.py
[2022-02-22 00:09:34,686] {processor.py:642} INFO - Processing file /home/airflow/.local/lib/python3.7/site-packages/airflow/example_dags/example_time_delta_sensor_async.py for tasks to queue
[2022-02-22 00:09:34,689] {logging_mixin.py:109} INFO - [2022-02-22 00:09:34,688] {dagbag.py:500} INFO - Filling up the DagBag from /home/airflow/.local/lib/python3.7/site-packages/airflow/example_dags/example_time_delta_sensor_async.py
[2022-02-22 00:09:34,767] {processor.py:654} INFO - DAG(s) dict_keys(['example_time_delta_sensor_async']) retrieved from /home/airflow/.local/lib/python3.7/site-packages/airflow/example_dags/example_time_delta_sensor_async.py
[2022-02-22 00:09:34,809] {logging_mixin.py:109} INFO - [2022-02-22 00:09:34,809] {dag.py:2396} INFO - Sync 1 DAGs
[2022-02-22 00:09:34,923] {logging_mixin.py:109} INFO - [2022-02-22 00:09:34,922] {dag.py:2935} INFO - Setting next_dagrun for example_time_delta_sensor_async to None
[2022-02-22 00:09:34,955] {processor.py:171} INFO - Processing /home/airflow/.local/lib/python3.7/site-packages/airflow/example_dags/example_time_delta_sensor_async.py took 0.283 seconds
[2022-02-22 00:10:05,893] {processor.py:163} INFO - Started process (PID=8308) to work on /home/airflow/.local/lib/python3.7/site-packages/airflow/example_dags/example_time_delta_sensor_async.py
[2022-02-22 00:10:05,898] {processor.py:642} INFO - Processing file /home/airflow/.local/lib/python3.7/site-packages/airflow/example_dags/example_time_delta_sensor_async.py for tasks to queue
[2022-02-22 00:10:05,901] {logging_mixin.py:109} INFO - [2022-02-22 00:10:05,901] {dagbag.py:500} INFO - Filling up the DagBag from /home/airflow/.local/lib/python3.7/site-packages/airflow/example_dags/example_time_delta_sensor_async.py
[2022-02-22 00:10:05,975] {processor.py:654} INFO - DAG(s) dict_keys(['example_time_delta_sensor_async']) retrieved from /home/airflow/.local/lib/python3.7/site-packages/airflow/example_dags/example_time_delta_sensor_async.py
[2022-02-22 00:10:06,015] {logging_mixin.py:109} INFO - [2022-02-22 00:10:06,014] {dag.py:2396} INFO - Sync 1 DAGs
[2022-02-22 00:10:06,085] {logging_mixin.py:109} INFO - [2022-02-22 00:10:06,084] {dag.py:2935} INFO - Setting next_dagrun for example_time_delta_sensor_async to None
[2022-02-22 00:10:06,116] {processor.py:171} INFO - Processing /home/airflow/.local/lib/python3.7/site-packages/airflow/example_dags/example_time_delta_sensor_async.py took 0.231 seconds
[2022-02-22 00:10:36,422] {processor.py:163} INFO - Started process (PID=8395) to work on /home/airflow/.local/lib/python3.7/site-packages/airflow/example_dags/example_time_delta_sensor_async.py
[2022-02-22 00:10:36,427] {processor.py:642} INFO - Processing file /home/airflow/.local/lib/python3.7/site-packages/airflow/example_dags/example_time_delta_sensor_async.py for tasks to queue
[2022-02-22 00:10:36,430] {logging_mixin.py:109} INFO - [2022-02-22 00:10:36,430] {dagbag.py:500} INFO - Filling up the DagBag from /home/airflow/.local/lib/python3.7/site-packages/airflow/example_dags/example_time_delta_sensor_async.py
[2022-02-22 00:10:36,498] {processor.py:654} INFO - DAG(s) dict_keys(['example_time_delta_sensor_async']) retrieved from /home/airflow/.local/lib/python3.7/site-packages/airflow/example_dags/example_time_delta_sensor_async.py
[2022-02-22 00:10:36,536] {logging_mixin.py:109} INFO - [2022-02-22 00:10:36,536] {dag.py:2396} INFO - Sync 1 DAGs
[2022-02-22 00:10:36,596] {logging_mixin.py:109} INFO - [2022-02-22 00:10:36,595] {dag.py:2935} INFO - Setting next_dagrun for example_time_delta_sensor_async to None
[2022-02-22 00:10:36,624] {processor.py:171} INFO - Processing /home/airflow/.local/lib/python3.7/site-packages/airflow/example_dags/example_time_delta_sensor_async.py took 0.211 seconds
[2022-02-22 00:11:06,842] {processor.py:163} INFO - Started process (PID=8499) to work on /home/airflow/.local/lib/python3.7/site-packages/airflow/example_dags/example_time_delta_sensor_async.py
[2022-02-22 00:11:06,847] {processor.py:642} INFO - Processing file /home/airflow/.local/lib/python3.7/site-packages/airflow/example_dags/example_time_delta_sensor_async.py for tasks to queue
[2022-02-22 00:11:06,851] {logging_mixin.py:109} INFO - [2022-02-22 00:11:06,850] {dagbag.py:500} INFO - Filling up the DagBag from /home/airflow/.local/lib/python3.7/site-packages/airflow/example_dags/example_time_delta_sensor_async.py
[2022-02-22 00:11:06,929] {processor.py:654} INFO - DAG(s) dict_keys(['example_time_delta_sensor_async']) retrieved from /home/airflow/.local/lib/python3.7/site-packages/airflow/example_dags/example_time_delta_sensor_async.py
[2022-02-22 00:11:06,971] {logging_mixin.py:109} INFO - [2022-02-22 00:11:06,970] {dag.py:2396} INFO - Sync 1 DAGs
[2022-02-22 00:11:07,040] {logging_mixin.py:109} INFO - [2022-02-22 00:11:07,039] {dag.py:2935} INFO - Setting next_dagrun for example_time_delta_sensor_async to None
[2022-02-22 00:11:07,071] {processor.py:171} INFO - Processing /home/airflow/.local/lib/python3.7/site-packages/airflow/example_dags/example_time_delta_sensor_async.py took 0.238 seconds
[2022-02-22 00:11:37,768] {processor.py:163} INFO - Started process (PID=8586) to work on /home/airflow/.local/lib/python3.7/site-packages/airflow/example_dags/example_time_delta_sensor_async.py
[2022-02-22 00:11:37,774] {processor.py:642} INFO - Processing file /home/airflow/.local/lib/python3.7/site-packages/airflow/example_dags/example_time_delta_sensor_async.py for tasks to queue
[2022-02-22 00:11:37,777] {logging_mixin.py:109} INFO - [2022-02-22 00:11:37,777] {dagbag.py:500} INFO - Filling up the DagBag from /home/airflow/.local/lib/python3.7/site-packages/airflow/example_dags/example_time_delta_sensor_async.py
[2022-02-22 00:11:37,843] {processor.py:654} INFO - DAG(s) dict_keys(['example_time_delta_sensor_async']) retrieved from /home/airflow/.local/lib/python3.7/site-packages/airflow/example_dags/example_time_delta_sensor_async.py
[2022-02-22 00:11:37,881] {logging_mixin.py:109} INFO - [2022-02-22 00:11:37,880] {dag.py:2396} INFO - Sync 1 DAGs
[2022-02-22 00:11:37,938] {logging_mixin.py:109} INFO - [2022-02-22 00:11:37,937] {dag.py:2935} INFO - Setting next_dagrun for example_time_delta_sensor_async to None
[2022-02-22 00:11:37,964] {processor.py:171} INFO - Processing /home/airflow/.local/lib/python3.7/site-packages/airflow/example_dags/example_time_delta_sensor_async.py took 0.204 seconds
[2022-02-22 00:12:08,237] {processor.py:163} INFO - Started process (PID=8690) to work on /home/airflow/.local/lib/python3.7/site-packages/airflow/example_dags/example_time_delta_sensor_async.py
[2022-02-22 00:12:08,241] {processor.py:642} INFO - Processing file /home/airflow/.local/lib/python3.7/site-packages/airflow/example_dags/example_time_delta_sensor_async.py for tasks to queue
[2022-02-22 00:12:08,245] {logging_mixin.py:109} INFO - [2022-02-22 00:12:08,245] {dagbag.py:500} INFO - Filling up the DagBag from /home/airflow/.local/lib/python3.7/site-packages/airflow/example_dags/example_time_delta_sensor_async.py
[2022-02-22 00:12:08,322] {processor.py:654} INFO - DAG(s) dict_keys(['example_time_delta_sensor_async']) retrieved from /home/airflow/.local/lib/python3.7/site-packages/airflow/example_dags/example_time_delta_sensor_async.py
[2022-02-22 00:12:08,359] {logging_mixin.py:109} INFO - [2022-02-22 00:12:08,359] {dag.py:2396} INFO - Sync 1 DAGs
[2022-02-22 00:12:08,421] {logging_mixin.py:109} INFO - [2022-02-22 00:12:08,421] {dag.py:2935} INFO - Setting next_dagrun for example_time_delta_sensor_async to None
[2022-02-22 00:12:08,452] {processor.py:171} INFO - Processing /home/airflow/.local/lib/python3.7/site-packages/airflow/example_dags/example_time_delta_sensor_async.py took 0.223 seconds
[2022-02-22 00:12:38,554] {processor.py:163} INFO - Started process (PID=8777) to work on /home/airflow/.local/lib/python3.7/site-packages/airflow/example_dags/example_time_delta_sensor_async.py
[2022-02-22 00:12:38,558] {processor.py:642} INFO - Processing file /home/airflow/.local/lib/python3.7/site-packages/airflow/example_dags/example_time_delta_sensor_async.py for tasks to queue
[2022-02-22 00:12:38,561] {logging_mixin.py:109} INFO - [2022-02-22 00:12:38,561] {dagbag.py:500} INFO - Filling up the DagBag from /home/airflow/.local/lib/python3.7/site-packages/airflow/example_dags/example_time_delta_sensor_async.py
[2022-02-22 00:12:38,641] {processor.py:654} INFO - DAG(s) dict_keys(['example_time_delta_sensor_async']) retrieved from /home/airflow/.local/lib/python3.7/site-packages/airflow/example_dags/example_time_delta_sensor_async.py
[2022-02-22 00:12:38,683] {logging_mixin.py:109} INFO - [2022-02-22 00:12:38,682] {dag.py:2396} INFO - Sync 1 DAGs
[2022-02-22 00:12:38,750] {logging_mixin.py:109} INFO - [2022-02-22 00:12:38,750] {dag.py:2935} INFO - Setting next_dagrun for example_time_delta_sensor_async to None
[2022-02-22 00:12:38,782] {processor.py:171} INFO - Processing /home/airflow/.local/lib/python3.7/site-packages/airflow/example_dags/example_time_delta_sensor_async.py took 0.235 seconds
[2022-02-22 00:13:09,407] {processor.py:163} INFO - Started process (PID=8879) to work on /home/airflow/.local/lib/python3.7/site-packages/airflow/example_dags/example_time_delta_sensor_async.py
[2022-02-22 00:13:09,421] {processor.py:642} INFO - Processing file /home/airflow/.local/lib/python3.7/site-packages/airflow/example_dags/example_time_delta_sensor_async.py for tasks to queue
[2022-02-22 00:13:09,430] {logging_mixin.py:109} INFO - [2022-02-22 00:13:09,429] {dagbag.py:500} INFO - Filling up the DagBag from /home/airflow/.local/lib/python3.7/site-packages/airflow/example_dags/example_time_delta_sensor_async.py
[2022-02-22 00:13:09,524] {processor.py:654} INFO - DAG(s) dict_keys(['example_time_delta_sensor_async']) retrieved from /home/airflow/.local/lib/python3.7/site-packages/airflow/example_dags/example_time_delta_sensor_async.py
[2022-02-22 00:13:09,582] {logging_mixin.py:109} INFO - [2022-02-22 00:13:09,581] {dag.py:2396} INFO - Sync 1 DAGs
[2022-02-22 00:13:09,655] {logging_mixin.py:109} INFO - [2022-02-22 00:13:09,654] {dag.py:2935} INFO - Setting next_dagrun for example_time_delta_sensor_async to None
[2022-02-22 00:13:09,692] {processor.py:171} INFO - Processing /home/airflow/.local/lib/python3.7/site-packages/airflow/example_dags/example_time_delta_sensor_async.py took 0.304 seconds
[2022-02-22 00:13:39,906] {processor.py:163} INFO - Started process (PID=8966) to work on /home/airflow/.local/lib/python3.7/site-packages/airflow/example_dags/example_time_delta_sensor_async.py
[2022-02-22 00:13:39,911] {processor.py:642} INFO - Processing file /home/airflow/.local/lib/python3.7/site-packages/airflow/example_dags/example_time_delta_sensor_async.py for tasks to queue
[2022-02-22 00:13:39,913] {logging_mixin.py:109} INFO - [2022-02-22 00:13:39,913] {dagbag.py:500} INFO - Filling up the DagBag from /home/airflow/.local/lib/python3.7/site-packages/airflow/example_dags/example_time_delta_sensor_async.py
[2022-02-22 00:13:39,977] {processor.py:654} INFO - DAG(s) dict_keys(['example_time_delta_sensor_async']) retrieved from /home/airflow/.local/lib/python3.7/site-packages/airflow/example_dags/example_time_delta_sensor_async.py
[2022-02-22 00:13:40,042] {logging_mixin.py:109} INFO - [2022-02-22 00:13:40,042] {dag.py:2396} INFO - Sync 1 DAGs
[2022-02-22 00:13:40,111] {logging_mixin.py:109} INFO - [2022-02-22 00:13:40,111] {dag.py:2935} INFO - Setting next_dagrun for example_time_delta_sensor_async to None
[2022-02-22 00:13:40,165] {processor.py:171} INFO - Processing /home/airflow/.local/lib/python3.7/site-packages/airflow/example_dags/example_time_delta_sensor_async.py took 0.265 seconds
[2022-02-22 00:14:10,511] {processor.py:163} INFO - Started process (PID=9070) to work on /home/airflow/.local/lib/python3.7/site-packages/airflow/example_dags/example_time_delta_sensor_async.py
[2022-02-22 00:14:10,517] {processor.py:642} INFO - Processing file /home/airflow/.local/lib/python3.7/site-packages/airflow/example_dags/example_time_delta_sensor_async.py for tasks to queue
[2022-02-22 00:14:10,520] {logging_mixin.py:109} INFO - [2022-02-22 00:14:10,519] {dagbag.py:500} INFO - Filling up the DagBag from /home/airflow/.local/lib/python3.7/site-packages/airflow/example_dags/example_time_delta_sensor_async.py
[2022-02-22 00:14:10,592] {processor.py:654} INFO - DAG(s) dict_keys(['example_time_delta_sensor_async']) retrieved from /home/airflow/.local/lib/python3.7/site-packages/airflow/example_dags/example_time_delta_sensor_async.py
[2022-02-22 00:14:10,631] {logging_mixin.py:109} INFO - [2022-02-22 00:14:10,631] {dag.py:2396} INFO - Sync 1 DAGs
[2022-02-22 00:14:10,698] {logging_mixin.py:109} INFO - [2022-02-22 00:14:10,697] {dag.py:2935} INFO - Setting next_dagrun for example_time_delta_sensor_async to None
[2022-02-22 00:14:10,728] {processor.py:171} INFO - Processing /home/airflow/.local/lib/python3.7/site-packages/airflow/example_dags/example_time_delta_sensor_async.py took 0.224 seconds
[2022-02-22 00:14:41,368] {processor.py:163} INFO - Started process (PID=9157) to work on /home/airflow/.local/lib/python3.7/site-packages/airflow/example_dags/example_time_delta_sensor_async.py
[2022-02-22 00:14:41,372] {processor.py:642} INFO - Processing file /home/airflow/.local/lib/python3.7/site-packages/airflow/example_dags/example_time_delta_sensor_async.py for tasks to queue
[2022-02-22 00:14:41,375] {logging_mixin.py:109} INFO - [2022-02-22 00:14:41,375] {dagbag.py:500} INFO - Filling up the DagBag from /home/airflow/.local/lib/python3.7/site-packages/airflow/example_dags/example_time_delta_sensor_async.py
[2022-02-22 00:14:41,431] {processor.py:654} INFO - DAG(s) dict_keys(['example_time_delta_sensor_async']) retrieved from /home/airflow/.local/lib/python3.7/site-packages/airflow/example_dags/example_time_delta_sensor_async.py
[2022-02-22 00:14:41,464] {logging_mixin.py:109} INFO - [2022-02-22 00:14:41,464] {dag.py:2396} INFO - Sync 1 DAGs
[2022-02-22 00:14:41,534] {logging_mixin.py:109} INFO - [2022-02-22 00:14:41,534] {dag.py:2935} INFO - Setting next_dagrun for example_time_delta_sensor_async to None
[2022-02-22 00:14:41,561] {processor.py:171} INFO - Processing /home/airflow/.local/lib/python3.7/site-packages/airflow/example_dags/example_time_delta_sensor_async.py took 0.200 seconds
[2022-02-22 00:15:11,760] {processor.py:163} INFO - Started process (PID=9261) to work on /home/airflow/.local/lib/python3.7/site-packages/airflow/example_dags/example_time_delta_sensor_async.py
[2022-02-22 00:15:11,765] {processor.py:642} INFO - Processing file /home/airflow/.local/lib/python3.7/site-packages/airflow/example_dags/example_time_delta_sensor_async.py for tasks to queue
[2022-02-22 00:15:11,768] {logging_mixin.py:109} INFO - [2022-02-22 00:15:11,768] {dagbag.py:500} INFO - Filling up the DagBag from /home/airflow/.local/lib/python3.7/site-packages/airflow/example_dags/example_time_delta_sensor_async.py
[2022-02-22 00:15:11,845] {processor.py:654} INFO - DAG(s) dict_keys(['example_time_delta_sensor_async']) retrieved from /home/airflow/.local/lib/python3.7/site-packages/airflow/example_dags/example_time_delta_sensor_async.py
[2022-02-22 00:15:11,895] {logging_mixin.py:109} INFO - [2022-02-22 00:15:11,894] {dag.py:2396} INFO - Sync 1 DAGs
[2022-02-22 00:15:11,964] {logging_mixin.py:109} INFO - [2022-02-22 00:15:11,963] {dag.py:2935} INFO - Setting next_dagrun for example_time_delta_sensor_async to None
[2022-02-22 00:15:11,992] {processor.py:171} INFO - Processing /home/airflow/.local/lib/python3.7/site-packages/airflow/example_dags/example_time_delta_sensor_async.py took 0.242 seconds
[2022-02-22 00:15:42,055] {processor.py:163} INFO - Started process (PID=9356) to work on /home/airflow/.local/lib/python3.7/site-packages/airflow/example_dags/example_time_delta_sensor_async.py
[2022-02-22 00:15:42,060] {processor.py:642} INFO - Processing file /home/airflow/.local/lib/python3.7/site-packages/airflow/example_dags/example_time_delta_sensor_async.py for tasks to queue
[2022-02-22 00:15:42,065] {logging_mixin.py:109} INFO - [2022-02-22 00:15:42,064] {dagbag.py:500} INFO - Filling up the DagBag from /home/airflow/.local/lib/python3.7/site-packages/airflow/example_dags/example_time_delta_sensor_async.py
[2022-02-22 00:15:42,137] {processor.py:654} INFO - DAG(s) dict_keys(['example_time_delta_sensor_async']) retrieved from /home/airflow/.local/lib/python3.7/site-packages/airflow/example_dags/example_time_delta_sensor_async.py
[2022-02-22 00:15:42,176] {logging_mixin.py:109} INFO - [2022-02-22 00:15:42,175] {dag.py:2396} INFO - Sync 1 DAGs
[2022-02-22 00:15:42,242] {logging_mixin.py:109} INFO - [2022-02-22 00:15:42,241] {dag.py:2935} INFO - Setting next_dagrun for example_time_delta_sensor_async to None
[2022-02-22 00:15:42,273] {processor.py:171} INFO - Processing /home/airflow/.local/lib/python3.7/site-packages/airflow/example_dags/example_time_delta_sensor_async.py took 0.225 seconds
[2022-02-22 00:16:12,351] {processor.py:163} INFO - Started process (PID=9450) to work on /home/airflow/.local/lib/python3.7/site-packages/airflow/example_dags/example_time_delta_sensor_async.py
[2022-02-22 00:16:12,358] {processor.py:642} INFO - Processing file /home/airflow/.local/lib/python3.7/site-packages/airflow/example_dags/example_time_delta_sensor_async.py for tasks to queue
[2022-02-22 00:16:12,361] {logging_mixin.py:109} INFO - [2022-02-22 00:16:12,360] {dagbag.py:500} INFO - Filling up the DagBag from /home/airflow/.local/lib/python3.7/site-packages/airflow/example_dags/example_time_delta_sensor_async.py
[2022-02-22 00:16:12,435] {processor.py:654} INFO - DAG(s) dict_keys(['example_time_delta_sensor_async']) retrieved from /home/airflow/.local/lib/python3.7/site-packages/airflow/example_dags/example_time_delta_sensor_async.py
[2022-02-22 00:16:12,475] {logging_mixin.py:109} INFO - [2022-02-22 00:16:12,474] {dag.py:2396} INFO - Sync 1 DAGs
[2022-02-22 00:16:12,555] {logging_mixin.py:109} INFO - [2022-02-22 00:16:12,554] {dag.py:2935} INFO - Setting next_dagrun for example_time_delta_sensor_async to None
[2022-02-22 00:16:12,593] {processor.py:171} INFO - Processing /home/airflow/.local/lib/python3.7/site-packages/airflow/example_dags/example_time_delta_sensor_async.py took 0.248 seconds
[2022-02-22 00:16:42,700] {processor.py:163} INFO - Started process (PID=9546) to work on /home/airflow/.local/lib/python3.7/site-packages/airflow/example_dags/example_time_delta_sensor_async.py
[2022-02-22 00:16:42,705] {processor.py:642} INFO - Processing file /home/airflow/.local/lib/python3.7/site-packages/airflow/example_dags/example_time_delta_sensor_async.py for tasks to queue
[2022-02-22 00:16:42,709] {logging_mixin.py:109} INFO - [2022-02-22 00:16:42,708] {dagbag.py:500} INFO - Filling up the DagBag from /home/airflow/.local/lib/python3.7/site-packages/airflow/example_dags/example_time_delta_sensor_async.py
[2022-02-22 00:16:42,785] {processor.py:654} INFO - DAG(s) dict_keys(['example_time_delta_sensor_async']) retrieved from /home/airflow/.local/lib/python3.7/site-packages/airflow/example_dags/example_time_delta_sensor_async.py
[2022-02-22 00:16:42,825] {logging_mixin.py:109} INFO - [2022-02-22 00:16:42,824] {dag.py:2396} INFO - Sync 1 DAGs
[2022-02-22 00:16:42,892] {logging_mixin.py:109} INFO - [2022-02-22 00:16:42,891] {dag.py:2935} INFO - Setting next_dagrun for example_time_delta_sensor_async to None
[2022-02-22 00:16:42,930] {processor.py:171} INFO - Processing /home/airflow/.local/lib/python3.7/site-packages/airflow/example_dags/example_time_delta_sensor_async.py took 0.239 seconds
[2022-02-22 00:17:13,060] {processor.py:163} INFO - Started process (PID=9639) to work on /home/airflow/.local/lib/python3.7/site-packages/airflow/example_dags/example_time_delta_sensor_async.py
[2022-02-22 00:17:13,065] {processor.py:642} INFO - Processing file /home/airflow/.local/lib/python3.7/site-packages/airflow/example_dags/example_time_delta_sensor_async.py for tasks to queue
[2022-02-22 00:17:13,068] {logging_mixin.py:109} INFO - [2022-02-22 00:17:13,068] {dagbag.py:500} INFO - Filling up the DagBag from /home/airflow/.local/lib/python3.7/site-packages/airflow/example_dags/example_time_delta_sensor_async.py
[2022-02-22 00:17:13,142] {processor.py:654} INFO - DAG(s) dict_keys(['example_time_delta_sensor_async']) retrieved from /home/airflow/.local/lib/python3.7/site-packages/airflow/example_dags/example_time_delta_sensor_async.py
[2022-02-22 00:17:13,204] {logging_mixin.py:109} INFO - [2022-02-22 00:17:13,195] {dag.py:2396} INFO - Sync 1 DAGs
[2022-02-22 00:17:13,284] {logging_mixin.py:109} INFO - [2022-02-22 00:17:13,283] {dag.py:2935} INFO - Setting next_dagrun for example_time_delta_sensor_async to None
[2022-02-22 00:17:13,314] {processor.py:171} INFO - Processing /home/airflow/.local/lib/python3.7/site-packages/airflow/example_dags/example_time_delta_sensor_async.py took 0.260 seconds
