[2022-02-22 00:00:08,717] {processor.py:163} INFO - Started process (PID=6475) to work on /home/airflow/.local/lib/python3.7/site-packages/airflow/example_dags/example_python_operator.py
[2022-02-22 00:00:08,721] {processor.py:642} INFO - Processing file /home/airflow/.local/lib/python3.7/site-packages/airflow/example_dags/example_python_operator.py for tasks to queue
[2022-02-22 00:00:08,724] {logging_mixin.py:109} INFO - [2022-02-22 00:00:08,724] {dagbag.py:500} INFO - Filling up the DagBag from /home/airflow/.local/lib/python3.7/site-packages/airflow/example_dags/example_python_operator.py
[2022-02-22 00:00:08,833] {processor.py:654} INFO - DAG(s) dict_keys(['example_python_operator']) retrieved from /home/airflow/.local/lib/python3.7/site-packages/airflow/example_dags/example_python_operator.py
[2022-02-22 00:00:08,889] {logging_mixin.py:109} INFO - [2022-02-22 00:00:08,888] {dag.py:2396} INFO - Sync 1 DAGs
[2022-02-22 00:00:08,957] {logging_mixin.py:109} INFO - [2022-02-22 00:00:08,957] {dag.py:2935} INFO - Setting next_dagrun for example_python_operator to None
[2022-02-22 00:00:08,989] {processor.py:171} INFO - Processing /home/airflow/.local/lib/python3.7/site-packages/airflow/example_dags/example_python_operator.py took 0.280 seconds
[2022-02-22 00:00:40,293] {processor.py:163} INFO - Started process (PID=6563) to work on /home/airflow/.local/lib/python3.7/site-packages/airflow/example_dags/example_python_operator.py
[2022-02-22 00:00:40,297] {processor.py:642} INFO - Processing file /home/airflow/.local/lib/python3.7/site-packages/airflow/example_dags/example_python_operator.py for tasks to queue
[2022-02-22 00:00:40,299] {logging_mixin.py:109} INFO - [2022-02-22 00:00:40,299] {dagbag.py:500} INFO - Filling up the DagBag from /home/airflow/.local/lib/python3.7/site-packages/airflow/example_dags/example_python_operator.py
[2022-02-22 00:00:40,383] {processor.py:654} INFO - DAG(s) dict_keys(['example_python_operator']) retrieved from /home/airflow/.local/lib/python3.7/site-packages/airflow/example_dags/example_python_operator.py
[2022-02-22 00:00:40,422] {logging_mixin.py:109} INFO - [2022-02-22 00:00:40,421] {dag.py:2396} INFO - Sync 1 DAGs
[2022-02-22 00:00:40,482] {logging_mixin.py:109} INFO - [2022-02-22 00:00:40,481] {dag.py:2935} INFO - Setting next_dagrun for example_python_operator to None
[2022-02-22 00:00:40,508] {processor.py:171} INFO - Processing /home/airflow/.local/lib/python3.7/site-packages/airflow/example_dags/example_python_operator.py took 0.222 seconds
[2022-02-22 00:01:12,633] {processor.py:163} INFO - Started process (PID=6667) to work on /home/airflow/.local/lib/python3.7/site-packages/airflow/example_dags/example_python_operator.py
[2022-02-22 00:01:12,637] {processor.py:642} INFO - Processing file /home/airflow/.local/lib/python3.7/site-packages/airflow/example_dags/example_python_operator.py for tasks to queue
[2022-02-22 00:01:12,642] {logging_mixin.py:109} INFO - [2022-02-22 00:01:12,641] {dagbag.py:500} INFO - Filling up the DagBag from /home/airflow/.local/lib/python3.7/site-packages/airflow/example_dags/example_python_operator.py
[2022-02-22 00:01:12,777] {processor.py:654} INFO - DAG(s) dict_keys(['example_python_operator']) retrieved from /home/airflow/.local/lib/python3.7/site-packages/airflow/example_dags/example_python_operator.py
[2022-02-22 00:01:12,829] {logging_mixin.py:109} INFO - [2022-02-22 00:01:12,828] {dag.py:2396} INFO - Sync 1 DAGs
[2022-02-22 00:01:12,913] {logging_mixin.py:109} INFO - [2022-02-22 00:01:12,913] {dag.py:2935} INFO - Setting next_dagrun for example_python_operator to None
[2022-02-22 00:01:12,961] {processor.py:171} INFO - Processing /home/airflow/.local/lib/python3.7/site-packages/airflow/example_dags/example_python_operator.py took 0.339 seconds
[2022-02-22 00:01:44,145] {processor.py:163} INFO - Started process (PID=6771) to work on /home/airflow/.local/lib/python3.7/site-packages/airflow/example_dags/example_python_operator.py
[2022-02-22 00:01:44,151] {processor.py:642} INFO - Processing file /home/airflow/.local/lib/python3.7/site-packages/airflow/example_dags/example_python_operator.py for tasks to queue
[2022-02-22 00:01:44,157] {logging_mixin.py:109} INFO - [2022-02-22 00:01:44,157] {dagbag.py:500} INFO - Filling up the DagBag from /home/airflow/.local/lib/python3.7/site-packages/airflow/example_dags/example_python_operator.py
[2022-02-22 00:01:44,263] {processor.py:654} INFO - DAG(s) dict_keys(['example_python_operator']) retrieved from /home/airflow/.local/lib/python3.7/site-packages/airflow/example_dags/example_python_operator.py
[2022-02-22 00:01:44,311] {logging_mixin.py:109} INFO - [2022-02-22 00:01:44,311] {dag.py:2396} INFO - Sync 1 DAGs
[2022-02-22 00:01:44,373] {logging_mixin.py:109} INFO - [2022-02-22 00:01:44,373] {dag.py:2935} INFO - Setting next_dagrun for example_python_operator to None
[2022-02-22 00:01:44,406] {processor.py:171} INFO - Processing /home/airflow/.local/lib/python3.7/site-packages/airflow/example_dags/example_python_operator.py took 0.269 seconds
[2022-02-22 00:02:16,011] {processor.py:163} INFO - Started process (PID=6857) to work on /home/airflow/.local/lib/python3.7/site-packages/airflow/example_dags/example_python_operator.py
[2022-02-22 00:02:16,017] {processor.py:642} INFO - Processing file /home/airflow/.local/lib/python3.7/site-packages/airflow/example_dags/example_python_operator.py for tasks to queue
[2022-02-22 00:02:16,022] {logging_mixin.py:109} INFO - [2022-02-22 00:02:16,022] {dagbag.py:500} INFO - Filling up the DagBag from /home/airflow/.local/lib/python3.7/site-packages/airflow/example_dags/example_python_operator.py
[2022-02-22 00:02:16,159] {processor.py:654} INFO - DAG(s) dict_keys(['example_python_operator']) retrieved from /home/airflow/.local/lib/python3.7/site-packages/airflow/example_dags/example_python_operator.py
[2022-02-22 00:02:16,212] {logging_mixin.py:109} INFO - [2022-02-22 00:02:16,212] {dag.py:2396} INFO - Sync 1 DAGs
[2022-02-22 00:02:16,282] {logging_mixin.py:109} INFO - [2022-02-22 00:02:16,281] {dag.py:2935} INFO - Setting next_dagrun for example_python_operator to None
[2022-02-22 00:02:16,319] {processor.py:171} INFO - Processing /home/airflow/.local/lib/python3.7/site-packages/airflow/example_dags/example_python_operator.py took 0.317 seconds
[2022-02-22 00:02:47,449] {processor.py:163} INFO - Started process (PID=6961) to work on /home/airflow/.local/lib/python3.7/site-packages/airflow/example_dags/example_python_operator.py
[2022-02-22 00:02:47,454] {processor.py:642} INFO - Processing file /home/airflow/.local/lib/python3.7/site-packages/airflow/example_dags/example_python_operator.py for tasks to queue
[2022-02-22 00:02:47,461] {logging_mixin.py:109} INFO - [2022-02-22 00:02:47,460] {dagbag.py:500} INFO - Filling up the DagBag from /home/airflow/.local/lib/python3.7/site-packages/airflow/example_dags/example_python_operator.py
[2022-02-22 00:02:47,588] {processor.py:654} INFO - DAG(s) dict_keys(['example_python_operator']) retrieved from /home/airflow/.local/lib/python3.7/site-packages/airflow/example_dags/example_python_operator.py
[2022-02-22 00:02:47,645] {logging_mixin.py:109} INFO - [2022-02-22 00:02:47,644] {dag.py:2396} INFO - Sync 1 DAGs
[2022-02-22 00:02:47,715] {logging_mixin.py:109} INFO - [2022-02-22 00:02:47,715] {dag.py:2935} INFO - Setting next_dagrun for example_python_operator to None
[2022-02-22 00:02:47,752] {processor.py:171} INFO - Processing /home/airflow/.local/lib/python3.7/site-packages/airflow/example_dags/example_python_operator.py took 0.317 seconds
[2022-02-22 00:03:18,899] {processor.py:163} INFO - Started process (PID=7048) to work on /home/airflow/.local/lib/python3.7/site-packages/airflow/example_dags/example_python_operator.py
[2022-02-22 00:03:18,904] {processor.py:642} INFO - Processing file /home/airflow/.local/lib/python3.7/site-packages/airflow/example_dags/example_python_operator.py for tasks to queue
[2022-02-22 00:03:18,908] {logging_mixin.py:109} INFO - [2022-02-22 00:03:18,907] {dagbag.py:500} INFO - Filling up the DagBag from /home/airflow/.local/lib/python3.7/site-packages/airflow/example_dags/example_python_operator.py
[2022-02-22 00:03:19,005] {processor.py:654} INFO - DAG(s) dict_keys(['example_python_operator']) retrieved from /home/airflow/.local/lib/python3.7/site-packages/airflow/example_dags/example_python_operator.py
[2022-02-22 00:03:19,055] {logging_mixin.py:109} INFO - [2022-02-22 00:03:19,054] {dag.py:2396} INFO - Sync 1 DAGs
[2022-02-22 00:03:19,121] {logging_mixin.py:109} INFO - [2022-02-22 00:03:19,120] {dag.py:2935} INFO - Setting next_dagrun for example_python_operator to None
[2022-02-22 00:03:19,156] {processor.py:171} INFO - Processing /home/airflow/.local/lib/python3.7/site-packages/airflow/example_dags/example_python_operator.py took 0.263 seconds
[2022-02-22 00:03:50,252] {processor.py:163} INFO - Started process (PID=7152) to work on /home/airflow/.local/lib/python3.7/site-packages/airflow/example_dags/example_python_operator.py
[2022-02-22 00:03:50,257] {processor.py:642} INFO - Processing file /home/airflow/.local/lib/python3.7/site-packages/airflow/example_dags/example_python_operator.py for tasks to queue
[2022-02-22 00:03:50,260] {logging_mixin.py:109} INFO - [2022-02-22 00:03:50,260] {dagbag.py:500} INFO - Filling up the DagBag from /home/airflow/.local/lib/python3.7/site-packages/airflow/example_dags/example_python_operator.py
[2022-02-22 00:03:50,375] {processor.py:654} INFO - DAG(s) dict_keys(['example_python_operator']) retrieved from /home/airflow/.local/lib/python3.7/site-packages/airflow/example_dags/example_python_operator.py
[2022-02-22 00:03:50,433] {logging_mixin.py:109} INFO - [2022-02-22 00:03:50,432] {dag.py:2396} INFO - Sync 1 DAGs
[2022-02-22 00:03:50,510] {logging_mixin.py:109} INFO - [2022-02-22 00:03:50,509] {dag.py:2935} INFO - Setting next_dagrun for example_python_operator to None
[2022-02-22 00:03:50,542] {processor.py:171} INFO - Processing /home/airflow/.local/lib/python3.7/site-packages/airflow/example_dags/example_python_operator.py took 0.298 seconds
[2022-02-22 00:04:21,512] {processor.py:163} INFO - Started process (PID=7240) to work on /home/airflow/.local/lib/python3.7/site-packages/airflow/example_dags/example_python_operator.py
[2022-02-22 00:04:21,517] {processor.py:642} INFO - Processing file /home/airflow/.local/lib/python3.7/site-packages/airflow/example_dags/example_python_operator.py for tasks to queue
[2022-02-22 00:04:21,520] {logging_mixin.py:109} INFO - [2022-02-22 00:04:21,519] {dagbag.py:500} INFO - Filling up the DagBag from /home/airflow/.local/lib/python3.7/site-packages/airflow/example_dags/example_python_operator.py
[2022-02-22 00:04:21,609] {processor.py:654} INFO - DAG(s) dict_keys(['example_python_operator']) retrieved from /home/airflow/.local/lib/python3.7/site-packages/airflow/example_dags/example_python_operator.py
[2022-02-22 00:04:21,656] {logging_mixin.py:109} INFO - [2022-02-22 00:04:21,655] {dag.py:2396} INFO - Sync 1 DAGs
[2022-02-22 00:04:21,714] {logging_mixin.py:109} INFO - [2022-02-22 00:04:21,714] {dag.py:2935} INFO - Setting next_dagrun for example_python_operator to None
[2022-02-22 00:04:21,745] {processor.py:171} INFO - Processing /home/airflow/.local/lib/python3.7/site-packages/airflow/example_dags/example_python_operator.py took 0.239 seconds
[2022-02-22 00:04:53,832] {processor.py:163} INFO - Started process (PID=7343) to work on /home/airflow/.local/lib/python3.7/site-packages/airflow/example_dags/example_python_operator.py
[2022-02-22 00:04:53,837] {processor.py:642} INFO - Processing file /home/airflow/.local/lib/python3.7/site-packages/airflow/example_dags/example_python_operator.py for tasks to queue
[2022-02-22 00:04:53,850] {logging_mixin.py:109} INFO - [2022-02-22 00:04:53,850] {dagbag.py:500} INFO - Filling up the DagBag from /home/airflow/.local/lib/python3.7/site-packages/airflow/example_dags/example_python_operator.py
[2022-02-22 00:04:53,964] {processor.py:654} INFO - DAG(s) dict_keys(['example_python_operator']) retrieved from /home/airflow/.local/lib/python3.7/site-packages/airflow/example_dags/example_python_operator.py
[2022-02-22 00:04:54,016] {logging_mixin.py:109} INFO - [2022-02-22 00:04:54,015] {dag.py:2396} INFO - Sync 1 DAGs
[2022-02-22 00:04:54,080] {logging_mixin.py:109} INFO - [2022-02-22 00:04:54,080] {dag.py:2935} INFO - Setting next_dagrun for example_python_operator to None
[2022-02-22 00:04:54,110] {processor.py:171} INFO - Processing /home/airflow/.local/lib/python3.7/site-packages/airflow/example_dags/example_python_operator.py took 0.287 seconds
[2022-02-22 00:05:25,392] {processor.py:163} INFO - Started process (PID=7447) to work on /home/airflow/.local/lib/python3.7/site-packages/airflow/example_dags/example_python_operator.py
[2022-02-22 00:05:25,399] {processor.py:642} INFO - Processing file /home/airflow/.local/lib/python3.7/site-packages/airflow/example_dags/example_python_operator.py for tasks to queue
[2022-02-22 00:05:25,404] {logging_mixin.py:109} INFO - [2022-02-22 00:05:25,403] {dagbag.py:500} INFO - Filling up the DagBag from /home/airflow/.local/lib/python3.7/site-packages/airflow/example_dags/example_python_operator.py
[2022-02-22 00:05:25,520] {processor.py:654} INFO - DAG(s) dict_keys(['example_python_operator']) retrieved from /home/airflow/.local/lib/python3.7/site-packages/airflow/example_dags/example_python_operator.py
[2022-02-22 00:05:25,570] {logging_mixin.py:109} INFO - [2022-02-22 00:05:25,570] {dag.py:2396} INFO - Sync 1 DAGs
[2022-02-22 00:05:25,638] {logging_mixin.py:109} INFO - [2022-02-22 00:05:25,637] {dag.py:2935} INFO - Setting next_dagrun for example_python_operator to None
[2022-02-22 00:05:25,678] {processor.py:171} INFO - Processing /home/airflow/.local/lib/python3.7/site-packages/airflow/example_dags/example_python_operator.py took 0.294 seconds
[2022-02-22 00:05:57,039] {processor.py:163} INFO - Started process (PID=7534) to work on /home/airflow/.local/lib/python3.7/site-packages/airflow/example_dags/example_python_operator.py
[2022-02-22 00:05:57,044] {processor.py:642} INFO - Processing file /home/airflow/.local/lib/python3.7/site-packages/airflow/example_dags/example_python_operator.py for tasks to queue
[2022-02-22 00:05:57,047] {logging_mixin.py:109} INFO - [2022-02-22 00:05:57,047] {dagbag.py:500} INFO - Filling up the DagBag from /home/airflow/.local/lib/python3.7/site-packages/airflow/example_dags/example_python_operator.py
[2022-02-22 00:05:57,151] {processor.py:654} INFO - DAG(s) dict_keys(['example_python_operator']) retrieved from /home/airflow/.local/lib/python3.7/site-packages/airflow/example_dags/example_python_operator.py
[2022-02-22 00:05:57,200] {logging_mixin.py:109} INFO - [2022-02-22 00:05:57,199] {dag.py:2396} INFO - Sync 1 DAGs
[2022-02-22 00:05:57,264] {logging_mixin.py:109} INFO - [2022-02-22 00:05:57,264] {dag.py:2935} INFO - Setting next_dagrun for example_python_operator to None
[2022-02-22 00:05:57,295] {processor.py:171} INFO - Processing /home/airflow/.local/lib/python3.7/site-packages/airflow/example_dags/example_python_operator.py took 0.264 seconds
[2022-02-22 00:06:29,010] {processor.py:163} INFO - Started process (PID=7640) to work on /home/airflow/.local/lib/python3.7/site-packages/airflow/example_dags/example_python_operator.py
[2022-02-22 00:06:29,014] {processor.py:642} INFO - Processing file /home/airflow/.local/lib/python3.7/site-packages/airflow/example_dags/example_python_operator.py for tasks to queue
[2022-02-22 00:06:29,018] {logging_mixin.py:109} INFO - [2022-02-22 00:06:29,017] {dagbag.py:500} INFO - Filling up the DagBag from /home/airflow/.local/lib/python3.7/site-packages/airflow/example_dags/example_python_operator.py
[2022-02-22 00:06:29,121] {processor.py:654} INFO - DAG(s) dict_keys(['example_python_operator']) retrieved from /home/airflow/.local/lib/python3.7/site-packages/airflow/example_dags/example_python_operator.py
[2022-02-22 00:06:29,167] {logging_mixin.py:109} INFO - [2022-02-22 00:06:29,167] {dag.py:2396} INFO - Sync 1 DAGs
[2022-02-22 00:06:29,231] {logging_mixin.py:109} INFO - [2022-02-22 00:06:29,231] {dag.py:2935} INFO - Setting next_dagrun for example_python_operator to None
[2022-02-22 00:06:29,266] {processor.py:171} INFO - Processing /home/airflow/.local/lib/python3.7/site-packages/airflow/example_dags/example_python_operator.py took 0.263 seconds
[2022-02-22 00:07:00,133] {processor.py:163} INFO - Started process (PID=7726) to work on /home/airflow/.local/lib/python3.7/site-packages/airflow/example_dags/example_python_operator.py
[2022-02-22 00:07:00,137] {processor.py:642} INFO - Processing file /home/airflow/.local/lib/python3.7/site-packages/airflow/example_dags/example_python_operator.py for tasks to queue
[2022-02-22 00:07:00,140] {logging_mixin.py:109} INFO - [2022-02-22 00:07:00,140] {dagbag.py:500} INFO - Filling up the DagBag from /home/airflow/.local/lib/python3.7/site-packages/airflow/example_dags/example_python_operator.py
[2022-02-22 00:07:00,224] {processor.py:654} INFO - DAG(s) dict_keys(['example_python_operator']) retrieved from /home/airflow/.local/lib/python3.7/site-packages/airflow/example_dags/example_python_operator.py
[2022-02-22 00:07:00,271] {logging_mixin.py:109} INFO - [2022-02-22 00:07:00,271] {dag.py:2396} INFO - Sync 1 DAGs
[2022-02-22 00:07:00,328] {logging_mixin.py:109} INFO - [2022-02-22 00:07:00,328] {dag.py:2935} INFO - Setting next_dagrun for example_python_operator to None
[2022-02-22 00:07:00,357] {processor.py:171} INFO - Processing /home/airflow/.local/lib/python3.7/site-packages/airflow/example_dags/example_python_operator.py took 0.231 seconds
[2022-02-22 00:07:32,254] {processor.py:163} INFO - Started process (PID=7834) to work on /home/airflow/.local/lib/python3.7/site-packages/airflow/example_dags/example_python_operator.py
[2022-02-22 00:07:32,259] {processor.py:642} INFO - Processing file /home/airflow/.local/lib/python3.7/site-packages/airflow/example_dags/example_python_operator.py for tasks to queue
[2022-02-22 00:07:32,263] {logging_mixin.py:109} INFO - [2022-02-22 00:07:32,262] {dagbag.py:500} INFO - Filling up the DagBag from /home/airflow/.local/lib/python3.7/site-packages/airflow/example_dags/example_python_operator.py
[2022-02-22 00:07:32,366] {processor.py:654} INFO - DAG(s) dict_keys(['example_python_operator']) retrieved from /home/airflow/.local/lib/python3.7/site-packages/airflow/example_dags/example_python_operator.py
[2022-02-22 00:07:32,416] {logging_mixin.py:109} INFO - [2022-02-22 00:07:32,416] {dag.py:2396} INFO - Sync 1 DAGs
[2022-02-22 00:07:32,482] {logging_mixin.py:109} INFO - [2022-02-22 00:07:32,481] {dag.py:2935} INFO - Setting next_dagrun for example_python_operator to None
[2022-02-22 00:07:32,514] {processor.py:171} INFO - Processing /home/airflow/.local/lib/python3.7/site-packages/airflow/example_dags/example_python_operator.py took 0.268 seconds
[2022-02-22 00:08:03,210] {processor.py:163} INFO - Started process (PID=7933) to work on /home/airflow/.local/lib/python3.7/site-packages/airflow/example_dags/example_python_operator.py
[2022-02-22 00:08:03,216] {processor.py:642} INFO - Processing file /home/airflow/.local/lib/python3.7/site-packages/airflow/example_dags/example_python_operator.py for tasks to queue
[2022-02-22 00:08:03,220] {logging_mixin.py:109} INFO - [2022-02-22 00:08:03,220] {dagbag.py:500} INFO - Filling up the DagBag from /home/airflow/.local/lib/python3.7/site-packages/airflow/example_dags/example_python_operator.py
[2022-02-22 00:08:03,333] {processor.py:654} INFO - DAG(s) dict_keys(['example_python_operator']) retrieved from /home/airflow/.local/lib/python3.7/site-packages/airflow/example_dags/example_python_operator.py
[2022-02-22 00:08:03,399] {logging_mixin.py:109} INFO - [2022-02-22 00:08:03,398] {dag.py:2396} INFO - Sync 1 DAGs
[2022-02-22 00:08:03,468] {logging_mixin.py:109} INFO - [2022-02-22 00:08:03,468] {dag.py:2935} INFO - Setting next_dagrun for example_python_operator to None
[2022-02-22 00:08:03,502] {processor.py:171} INFO - Processing /home/airflow/.local/lib/python3.7/site-packages/airflow/example_dags/example_python_operator.py took 0.300 seconds
[2022-02-22 00:08:34,463] {processor.py:163} INFO - Started process (PID=8028) to work on /home/airflow/.local/lib/python3.7/site-packages/airflow/example_dags/example_python_operator.py
[2022-02-22 00:08:34,467] {processor.py:642} INFO - Processing file /home/airflow/.local/lib/python3.7/site-packages/airflow/example_dags/example_python_operator.py for tasks to queue
[2022-02-22 00:08:34,472] {logging_mixin.py:109} INFO - [2022-02-22 00:08:34,471] {dagbag.py:500} INFO - Filling up the DagBag from /home/airflow/.local/lib/python3.7/site-packages/airflow/example_dags/example_python_operator.py
[2022-02-22 00:08:34,578] {processor.py:654} INFO - DAG(s) dict_keys(['example_python_operator']) retrieved from /home/airflow/.local/lib/python3.7/site-packages/airflow/example_dags/example_python_operator.py
[2022-02-22 00:08:34,626] {logging_mixin.py:109} INFO - [2022-02-22 00:08:34,626] {dag.py:2396} INFO - Sync 1 DAGs
[2022-02-22 00:08:34,710] {logging_mixin.py:109} INFO - [2022-02-22 00:08:34,710] {dag.py:2935} INFO - Setting next_dagrun for example_python_operator to None
[2022-02-22 00:08:34,746] {processor.py:171} INFO - Processing /home/airflow/.local/lib/python3.7/site-packages/airflow/example_dags/example_python_operator.py took 0.291 seconds
[2022-02-22 00:09:05,481] {processor.py:163} INFO - Started process (PID=8132) to work on /home/airflow/.local/lib/python3.7/site-packages/airflow/example_dags/example_python_operator.py
[2022-02-22 00:09:05,487] {processor.py:642} INFO - Processing file /home/airflow/.local/lib/python3.7/site-packages/airflow/example_dags/example_python_operator.py for tasks to queue
[2022-02-22 00:09:05,491] {logging_mixin.py:109} INFO - [2022-02-22 00:09:05,490] {dagbag.py:500} INFO - Filling up the DagBag from /home/airflow/.local/lib/python3.7/site-packages/airflow/example_dags/example_python_operator.py
[2022-02-22 00:09:05,601] {processor.py:654} INFO - DAG(s) dict_keys(['example_python_operator']) retrieved from /home/airflow/.local/lib/python3.7/site-packages/airflow/example_dags/example_python_operator.py
[2022-02-22 00:09:05,657] {logging_mixin.py:109} INFO - [2022-02-22 00:09:05,657] {dag.py:2396} INFO - Sync 1 DAGs
[2022-02-22 00:09:05,727] {logging_mixin.py:109} INFO - [2022-02-22 00:09:05,726] {dag.py:2935} INFO - Setting next_dagrun for example_python_operator to None
[2022-02-22 00:09:05,760] {processor.py:171} INFO - Processing /home/airflow/.local/lib/python3.7/site-packages/airflow/example_dags/example_python_operator.py took 0.287 seconds
[2022-02-22 00:09:37,267] {processor.py:163} INFO - Started process (PID=8223) to work on /home/airflow/.local/lib/python3.7/site-packages/airflow/example_dags/example_python_operator.py
[2022-02-22 00:09:37,272] {processor.py:642} INFO - Processing file /home/airflow/.local/lib/python3.7/site-packages/airflow/example_dags/example_python_operator.py for tasks to queue
[2022-02-22 00:09:37,274] {logging_mixin.py:109} INFO - [2022-02-22 00:09:37,274] {dagbag.py:500} INFO - Filling up the DagBag from /home/airflow/.local/lib/python3.7/site-packages/airflow/example_dags/example_python_operator.py
[2022-02-22 00:09:37,366] {processor.py:654} INFO - DAG(s) dict_keys(['example_python_operator']) retrieved from /home/airflow/.local/lib/python3.7/site-packages/airflow/example_dags/example_python_operator.py
[2022-02-22 00:09:37,411] {logging_mixin.py:109} INFO - [2022-02-22 00:09:37,411] {dag.py:2396} INFO - Sync 1 DAGs
[2022-02-22 00:09:37,469] {logging_mixin.py:109} INFO - [2022-02-22 00:09:37,469] {dag.py:2935} INFO - Setting next_dagrun for example_python_operator to None
[2022-02-22 00:09:37,497] {processor.py:171} INFO - Processing /home/airflow/.local/lib/python3.7/site-packages/airflow/example_dags/example_python_operator.py took 0.237 seconds
[2022-02-22 00:10:09,077] {processor.py:163} INFO - Started process (PID=8328) to work on /home/airflow/.local/lib/python3.7/site-packages/airflow/example_dags/example_python_operator.py
[2022-02-22 00:10:09,081] {processor.py:642} INFO - Processing file /home/airflow/.local/lib/python3.7/site-packages/airflow/example_dags/example_python_operator.py for tasks to queue
[2022-02-22 00:10:09,084] {logging_mixin.py:109} INFO - [2022-02-22 00:10:09,084] {dagbag.py:500} INFO - Filling up the DagBag from /home/airflow/.local/lib/python3.7/site-packages/airflow/example_dags/example_python_operator.py
[2022-02-22 00:10:09,188] {processor.py:654} INFO - DAG(s) dict_keys(['example_python_operator']) retrieved from /home/airflow/.local/lib/python3.7/site-packages/airflow/example_dags/example_python_operator.py
[2022-02-22 00:10:09,237] {logging_mixin.py:109} INFO - [2022-02-22 00:10:09,237] {dag.py:2396} INFO - Sync 1 DAGs
[2022-02-22 00:10:09,306] {logging_mixin.py:109} INFO - [2022-02-22 00:10:09,305] {dag.py:2935} INFO - Setting next_dagrun for example_python_operator to None
[2022-02-22 00:10:09,344] {processor.py:171} INFO - Processing /home/airflow/.local/lib/python3.7/site-packages/airflow/example_dags/example_python_operator.py took 0.275 seconds
[2022-02-22 00:10:39,843] {processor.py:163} INFO - Started process (PID=8413) to work on /home/airflow/.local/lib/python3.7/site-packages/airflow/example_dags/example_python_operator.py
[2022-02-22 00:10:39,848] {processor.py:642} INFO - Processing file /home/airflow/.local/lib/python3.7/site-packages/airflow/example_dags/example_python_operator.py for tasks to queue
[2022-02-22 00:10:39,851] {logging_mixin.py:109} INFO - [2022-02-22 00:10:39,851] {dagbag.py:500} INFO - Filling up the DagBag from /home/airflow/.local/lib/python3.7/site-packages/airflow/example_dags/example_python_operator.py
[2022-02-22 00:10:39,940] {processor.py:654} INFO - DAG(s) dict_keys(['example_python_operator']) retrieved from /home/airflow/.local/lib/python3.7/site-packages/airflow/example_dags/example_python_operator.py
[2022-02-22 00:10:39,986] {logging_mixin.py:109} INFO - [2022-02-22 00:10:39,985] {dag.py:2396} INFO - Sync 1 DAGs
[2022-02-22 00:10:40,038] {logging_mixin.py:109} INFO - [2022-02-22 00:10:40,038] {dag.py:2935} INFO - Setting next_dagrun for example_python_operator to None
[2022-02-22 00:10:40,063] {processor.py:171} INFO - Processing /home/airflow/.local/lib/python3.7/site-packages/airflow/example_dags/example_python_operator.py took 0.226 seconds
[2022-02-22 00:11:11,293] {processor.py:163} INFO - Started process (PID=8519) to work on /home/airflow/.local/lib/python3.7/site-packages/airflow/example_dags/example_python_operator.py
[2022-02-22 00:11:11,297] {processor.py:642} INFO - Processing file /home/airflow/.local/lib/python3.7/site-packages/airflow/example_dags/example_python_operator.py for tasks to queue
[2022-02-22 00:11:11,300] {logging_mixin.py:109} INFO - [2022-02-22 00:11:11,300] {dagbag.py:500} INFO - Filling up the DagBag from /home/airflow/.local/lib/python3.7/site-packages/airflow/example_dags/example_python_operator.py
[2022-02-22 00:11:11,412] {processor.py:654} INFO - DAG(s) dict_keys(['example_python_operator']) retrieved from /home/airflow/.local/lib/python3.7/site-packages/airflow/example_dags/example_python_operator.py
[2022-02-22 00:11:11,462] {logging_mixin.py:109} INFO - [2022-02-22 00:11:11,461] {dag.py:2396} INFO - Sync 1 DAGs
[2022-02-22 00:11:11,527] {logging_mixin.py:109} INFO - [2022-02-22 00:11:11,527] {dag.py:2935} INFO - Setting next_dagrun for example_python_operator to None
[2022-02-22 00:11:11,558] {processor.py:171} INFO - Processing /home/airflow/.local/lib/python3.7/site-packages/airflow/example_dags/example_python_operator.py took 0.272 seconds
[2022-02-22 00:11:43,183] {processor.py:163} INFO - Started process (PID=8621) to work on /home/airflow/.local/lib/python3.7/site-packages/airflow/example_dags/example_python_operator.py
[2022-02-22 00:11:43,188] {processor.py:642} INFO - Processing file /home/airflow/.local/lib/python3.7/site-packages/airflow/example_dags/example_python_operator.py for tasks to queue
[2022-02-22 00:11:43,194] {logging_mixin.py:109} INFO - [2022-02-22 00:11:43,194] {dagbag.py:500} INFO - Filling up the DagBag from /home/airflow/.local/lib/python3.7/site-packages/airflow/example_dags/example_python_operator.py
[2022-02-22 00:11:43,298] {processor.py:654} INFO - DAG(s) dict_keys(['example_python_operator']) retrieved from /home/airflow/.local/lib/python3.7/site-packages/airflow/example_dags/example_python_operator.py
[2022-02-22 00:11:43,347] {logging_mixin.py:109} INFO - [2022-02-22 00:11:43,347] {dag.py:2396} INFO - Sync 1 DAGs
[2022-02-22 00:11:43,416] {logging_mixin.py:109} INFO - [2022-02-22 00:11:43,415] {dag.py:2935} INFO - Setting next_dagrun for example_python_operator to None
[2022-02-22 00:11:43,447] {processor.py:171} INFO - Processing /home/airflow/.local/lib/python3.7/site-packages/airflow/example_dags/example_python_operator.py took 0.272 seconds
[2022-02-22 00:12:14,889] {processor.py:163} INFO - Started process (PID=8714) to work on /home/airflow/.local/lib/python3.7/site-packages/airflow/example_dags/example_python_operator.py
[2022-02-22 00:12:14,893] {processor.py:642} INFO - Processing file /home/airflow/.local/lib/python3.7/site-packages/airflow/example_dags/example_python_operator.py for tasks to queue
[2022-02-22 00:12:14,897] {logging_mixin.py:109} INFO - [2022-02-22 00:12:14,897] {dagbag.py:500} INFO - Filling up the DagBag from /home/airflow/.local/lib/python3.7/site-packages/airflow/example_dags/example_python_operator.py
[2022-02-22 00:12:15,004] {processor.py:654} INFO - DAG(s) dict_keys(['example_python_operator']) retrieved from /home/airflow/.local/lib/python3.7/site-packages/airflow/example_dags/example_python_operator.py
[2022-02-22 00:12:15,063] {logging_mixin.py:109} INFO - [2022-02-22 00:12:15,063] {dag.py:2396} INFO - Sync 1 DAGs
[2022-02-22 00:12:15,127] {logging_mixin.py:109} INFO - [2022-02-22 00:12:15,126] {dag.py:2935} INFO - Setting next_dagrun for example_python_operator to None
[2022-02-22 00:12:15,160] {processor.py:171} INFO - Processing /home/airflow/.local/lib/python3.7/site-packages/airflow/example_dags/example_python_operator.py took 0.279 seconds
[2022-02-22 00:12:46,340] {processor.py:163} INFO - Started process (PID=8818) to work on /home/airflow/.local/lib/python3.7/site-packages/airflow/example_dags/example_python_operator.py
[2022-02-22 00:12:46,354] {processor.py:642} INFO - Processing file /home/airflow/.local/lib/python3.7/site-packages/airflow/example_dags/example_python_operator.py for tasks to queue
[2022-02-22 00:12:46,358] {logging_mixin.py:109} INFO - [2022-02-22 00:12:46,357] {dagbag.py:500} INFO - Filling up the DagBag from /home/airflow/.local/lib/python3.7/site-packages/airflow/example_dags/example_python_operator.py
[2022-02-22 00:12:46,480] {processor.py:654} INFO - DAG(s) dict_keys(['example_python_operator']) retrieved from /home/airflow/.local/lib/python3.7/site-packages/airflow/example_dags/example_python_operator.py
[2022-02-22 00:12:46,538] {logging_mixin.py:109} INFO - [2022-02-22 00:12:46,537] {dag.py:2396} INFO - Sync 1 DAGs
[2022-02-22 00:12:46,609] {logging_mixin.py:109} INFO - [2022-02-22 00:12:46,608] {dag.py:2935} INFO - Setting next_dagrun for example_python_operator to None
[2022-02-22 00:12:46,643] {processor.py:171} INFO - Processing /home/airflow/.local/lib/python3.7/site-packages/airflow/example_dags/example_python_operator.py took 0.310 seconds
[2022-02-22 00:13:18,217] {processor.py:163} INFO - Started process (PID=8907) to work on /home/airflow/.local/lib/python3.7/site-packages/airflow/example_dags/example_python_operator.py
[2022-02-22 00:13:18,221] {processor.py:642} INFO - Processing file /home/airflow/.local/lib/python3.7/site-packages/airflow/example_dags/example_python_operator.py for tasks to queue
[2022-02-22 00:13:18,224] {logging_mixin.py:109} INFO - [2022-02-22 00:13:18,224] {dagbag.py:500} INFO - Filling up the DagBag from /home/airflow/.local/lib/python3.7/site-packages/airflow/example_dags/example_python_operator.py
[2022-02-22 00:13:18,315] {processor.py:654} INFO - DAG(s) dict_keys(['example_python_operator']) retrieved from /home/airflow/.local/lib/python3.7/site-packages/airflow/example_dags/example_python_operator.py
[2022-02-22 00:13:18,358] {logging_mixin.py:109} INFO - [2022-02-22 00:13:18,357] {dag.py:2396} INFO - Sync 1 DAGs
[2022-02-22 00:13:18,411] {logging_mixin.py:109} INFO - [2022-02-22 00:13:18,410] {dag.py:2935} INFO - Setting next_dagrun for example_python_operator to None
[2022-02-22 00:13:18,439] {processor.py:171} INFO - Processing /home/airflow/.local/lib/python3.7/site-packages/airflow/example_dags/example_python_operator.py took 0.229 seconds
[2022-02-22 00:13:50,146] {processor.py:163} INFO - Started process (PID=9013) to work on /home/airflow/.local/lib/python3.7/site-packages/airflow/example_dags/example_python_operator.py
[2022-02-22 00:13:50,153] {processor.py:642} INFO - Processing file /home/airflow/.local/lib/python3.7/site-packages/airflow/example_dags/example_python_operator.py for tasks to queue
[2022-02-22 00:13:50,157] {logging_mixin.py:109} INFO - [2022-02-22 00:13:50,157] {dagbag.py:500} INFO - Filling up the DagBag from /home/airflow/.local/lib/python3.7/site-packages/airflow/example_dags/example_python_operator.py
[2022-02-22 00:13:50,255] {processor.py:654} INFO - DAG(s) dict_keys(['example_python_operator']) retrieved from /home/airflow/.local/lib/python3.7/site-packages/airflow/example_dags/example_python_operator.py
[2022-02-22 00:13:50,306] {logging_mixin.py:109} INFO - [2022-02-22 00:13:50,306] {dag.py:2396} INFO - Sync 1 DAGs
[2022-02-22 00:13:50,380] {logging_mixin.py:109} INFO - [2022-02-22 00:13:50,379] {dag.py:2935} INFO - Setting next_dagrun for example_python_operator to None
[2022-02-22 00:13:50,410] {processor.py:171} INFO - Processing /home/airflow/.local/lib/python3.7/site-packages/airflow/example_dags/example_python_operator.py took 0.277 seconds
[2022-02-22 00:14:21,244] {processor.py:163} INFO - Started process (PID=9100) to work on /home/airflow/.local/lib/python3.7/site-packages/airflow/example_dags/example_python_operator.py
[2022-02-22 00:14:21,249] {processor.py:642} INFO - Processing file /home/airflow/.local/lib/python3.7/site-packages/airflow/example_dags/example_python_operator.py for tasks to queue
[2022-02-22 00:14:21,254] {logging_mixin.py:109} INFO - [2022-02-22 00:14:21,254] {dagbag.py:500} INFO - Filling up the DagBag from /home/airflow/.local/lib/python3.7/site-packages/airflow/example_dags/example_python_operator.py
[2022-02-22 00:14:21,353] {processor.py:654} INFO - DAG(s) dict_keys(['example_python_operator']) retrieved from /home/airflow/.local/lib/python3.7/site-packages/airflow/example_dags/example_python_operator.py
[2022-02-22 00:14:21,394] {logging_mixin.py:109} INFO - [2022-02-22 00:14:21,393] {dag.py:2396} INFO - Sync 1 DAGs
[2022-02-22 00:14:21,452] {logging_mixin.py:109} INFO - [2022-02-22 00:14:21,452] {dag.py:2935} INFO - Setting next_dagrun for example_python_operator to None
[2022-02-22 00:14:21,476] {processor.py:171} INFO - Processing /home/airflow/.local/lib/python3.7/site-packages/airflow/example_dags/example_python_operator.py took 0.239 seconds
[2022-02-22 00:14:53,527] {processor.py:163} INFO - Started process (PID=9208) to work on /home/airflow/.local/lib/python3.7/site-packages/airflow/example_dags/example_python_operator.py
[2022-02-22 00:14:53,536] {processor.py:642} INFO - Processing file /home/airflow/.local/lib/python3.7/site-packages/airflow/example_dags/example_python_operator.py for tasks to queue
[2022-02-22 00:14:53,540] {logging_mixin.py:109} INFO - [2022-02-22 00:14:53,539] {dagbag.py:500} INFO - Filling up the DagBag from /home/airflow/.local/lib/python3.7/site-packages/airflow/example_dags/example_python_operator.py
[2022-02-22 00:14:53,645] {processor.py:654} INFO - DAG(s) dict_keys(['example_python_operator']) retrieved from /home/airflow/.local/lib/python3.7/site-packages/airflow/example_dags/example_python_operator.py
[2022-02-22 00:14:53,701] {logging_mixin.py:109} INFO - [2022-02-22 00:14:53,700] {dag.py:2396} INFO - Sync 1 DAGs
[2022-02-22 00:14:53,805] {logging_mixin.py:109} INFO - [2022-02-22 00:14:53,805] {dag.py:2935} INFO - Setting next_dagrun for example_python_operator to None
[2022-02-22 00:14:53,837] {processor.py:171} INFO - Processing /home/airflow/.local/lib/python3.7/site-packages/airflow/example_dags/example_python_operator.py took 0.317 seconds
[2022-02-22 00:15:25,198] {processor.py:163} INFO - Started process (PID=9315) to work on /home/airflow/.local/lib/python3.7/site-packages/airflow/example_dags/example_python_operator.py
[2022-02-22 00:15:25,203] {processor.py:642} INFO - Processing file /home/airflow/.local/lib/python3.7/site-packages/airflow/example_dags/example_python_operator.py for tasks to queue
[2022-02-22 00:15:25,207] {logging_mixin.py:109} INFO - [2022-02-22 00:15:25,207] {dagbag.py:500} INFO - Filling up the DagBag from /home/airflow/.local/lib/python3.7/site-packages/airflow/example_dags/example_python_operator.py
[2022-02-22 00:15:25,309] {processor.py:654} INFO - DAG(s) dict_keys(['example_python_operator']) retrieved from /home/airflow/.local/lib/python3.7/site-packages/airflow/example_dags/example_python_operator.py
[2022-02-22 00:15:25,360] {logging_mixin.py:109} INFO - [2022-02-22 00:15:25,359] {dag.py:2396} INFO - Sync 1 DAGs
[2022-02-22 00:15:25,433] {logging_mixin.py:109} INFO - [2022-02-22 00:15:25,433] {dag.py:2935} INFO - Setting next_dagrun for example_python_operator to None
[2022-02-22 00:15:25,464] {processor.py:171} INFO - Processing /home/airflow/.local/lib/python3.7/site-packages/airflow/example_dags/example_python_operator.py took 0.273 seconds
[2022-02-22 00:15:56,795] {processor.py:163} INFO - Started process (PID=9401) to work on /home/airflow/.local/lib/python3.7/site-packages/airflow/example_dags/example_python_operator.py
[2022-02-22 00:15:56,799] {processor.py:642} INFO - Processing file /home/airflow/.local/lib/python3.7/site-packages/airflow/example_dags/example_python_operator.py for tasks to queue
[2022-02-22 00:15:56,802] {logging_mixin.py:109} INFO - [2022-02-22 00:15:56,802] {dagbag.py:500} INFO - Filling up the DagBag from /home/airflow/.local/lib/python3.7/site-packages/airflow/example_dags/example_python_operator.py
[2022-02-22 00:15:56,900] {processor.py:654} INFO - DAG(s) dict_keys(['example_python_operator']) retrieved from /home/airflow/.local/lib/python3.7/site-packages/airflow/example_dags/example_python_operator.py
[2022-02-22 00:15:56,951] {logging_mixin.py:109} INFO - [2022-02-22 00:15:56,950] {dag.py:2396} INFO - Sync 1 DAGs
[2022-02-22 00:15:57,022] {logging_mixin.py:109} INFO - [2022-02-22 00:15:57,021] {dag.py:2935} INFO - Setting next_dagrun for example_python_operator to None
[2022-02-22 00:15:57,052] {processor.py:171} INFO - Processing /home/airflow/.local/lib/python3.7/site-packages/airflow/example_dags/example_python_operator.py took 0.264 seconds
[2022-02-22 00:16:29,900] {processor.py:163} INFO - Started process (PID=9509) to work on /home/airflow/.local/lib/python3.7/site-packages/airflow/example_dags/example_python_operator.py
[2022-02-22 00:16:29,904] {processor.py:642} INFO - Processing file /home/airflow/.local/lib/python3.7/site-packages/airflow/example_dags/example_python_operator.py for tasks to queue
[2022-02-22 00:16:29,907] {logging_mixin.py:109} INFO - [2022-02-22 00:16:29,907] {dagbag.py:500} INFO - Filling up the DagBag from /home/airflow/.local/lib/python3.7/site-packages/airflow/example_dags/example_python_operator.py
[2022-02-22 00:16:30,016] {processor.py:654} INFO - DAG(s) dict_keys(['example_python_operator']) retrieved from /home/airflow/.local/lib/python3.7/site-packages/airflow/example_dags/example_python_operator.py
[2022-02-22 00:16:30,062] {logging_mixin.py:109} INFO - [2022-02-22 00:16:30,062] {dag.py:2396} INFO - Sync 1 DAGs
[2022-02-22 00:16:30,124] {logging_mixin.py:109} INFO - [2022-02-22 00:16:30,124] {dag.py:2935} INFO - Setting next_dagrun for example_python_operator to None
[2022-02-22 00:16:30,155] {processor.py:171} INFO - Processing /home/airflow/.local/lib/python3.7/site-packages/airflow/example_dags/example_python_operator.py took 0.263 seconds
[2022-02-22 00:17:00,629] {processor.py:163} INFO - Started process (PID=9596) to work on /home/airflow/.local/lib/python3.7/site-packages/airflow/example_dags/example_python_operator.py
[2022-02-22 00:17:00,633] {processor.py:642} INFO - Processing file /home/airflow/.local/lib/python3.7/site-packages/airflow/example_dags/example_python_operator.py for tasks to queue
[2022-02-22 00:17:00,636] {logging_mixin.py:109} INFO - [2022-02-22 00:17:00,636] {dagbag.py:500} INFO - Filling up the DagBag from /home/airflow/.local/lib/python3.7/site-packages/airflow/example_dags/example_python_operator.py
[2022-02-22 00:17:00,721] {processor.py:654} INFO - DAG(s) dict_keys(['example_python_operator']) retrieved from /home/airflow/.local/lib/python3.7/site-packages/airflow/example_dags/example_python_operator.py
[2022-02-22 00:17:00,759] {logging_mixin.py:109} INFO - [2022-02-22 00:17:00,758] {dag.py:2396} INFO - Sync 1 DAGs
[2022-02-22 00:17:00,819] {logging_mixin.py:109} INFO - [2022-02-22 00:17:00,819] {dag.py:2935} INFO - Setting next_dagrun for example_python_operator to None
[2022-02-22 00:17:00,845] {processor.py:171} INFO - Processing /home/airflow/.local/lib/python3.7/site-packages/airflow/example_dags/example_python_operator.py took 0.223 seconds
