[2022-02-22 00:00:07,761] {processor.py:163} INFO - Started process (PID=6465) to work on /home/airflow/.local/lib/python3.7/site-packages/airflow/example_dags/example_complex.py
[2022-02-22 00:00:07,765] {processor.py:642} INFO - Processing file /home/airflow/.local/lib/python3.7/site-packages/airflow/example_dags/example_complex.py for tasks to queue
[2022-02-22 00:00:07,769] {logging_mixin.py:109} INFO - [2022-02-22 00:00:07,768] {dagbag.py:500} INFO - Filling up the DagBag from /home/airflow/.local/lib/python3.7/site-packages/airflow/example_dags/example_complex.py
[2022-02-22 00:00:07,905] {processor.py:654} INFO - DAG(s) dict_keys(['example_complex']) retrieved from /home/airflow/.local/lib/python3.7/site-packages/airflow/example_dags/example_complex.py
[2022-02-22 00:00:07,994] {logging_mixin.py:109} INFO - [2022-02-22 00:00:07,993] {dag.py:2396} INFO - Sync 1 DAGs
[2022-02-22 00:00:08,061] {logging_mixin.py:109} INFO - [2022-02-22 00:00:08,060] {dag.py:2935} INFO - Setting next_dagrun for example_complex to None
[2022-02-22 00:00:08,093] {processor.py:171} INFO - Processing /home/airflow/.local/lib/python3.7/site-packages/airflow/example_dags/example_complex.py took 0.339 seconds
[2022-02-22 00:00:39,727] {processor.py:163} INFO - Started process (PID=6555) to work on /home/airflow/.local/lib/python3.7/site-packages/airflow/example_dags/example_complex.py
[2022-02-22 00:00:39,733] {processor.py:642} INFO - Processing file /home/airflow/.local/lib/python3.7/site-packages/airflow/example_dags/example_complex.py for tasks to queue
[2022-02-22 00:00:39,738] {logging_mixin.py:109} INFO - [2022-02-22 00:00:39,737] {dagbag.py:500} INFO - Filling up the DagBag from /home/airflow/.local/lib/python3.7/site-packages/airflow/example_dags/example_complex.py
[2022-02-22 00:00:39,878] {processor.py:654} INFO - DAG(s) dict_keys(['example_complex']) retrieved from /home/airflow/.local/lib/python3.7/site-packages/airflow/example_dags/example_complex.py
[2022-02-22 00:00:39,955] {logging_mixin.py:109} INFO - [2022-02-22 00:00:39,955] {dag.py:2396} INFO - Sync 1 DAGs
[2022-02-22 00:00:40,017] {logging_mixin.py:109} INFO - [2022-02-22 00:00:40,017] {dag.py:2935} INFO - Setting next_dagrun for example_complex to None
[2022-02-22 00:00:40,043] {processor.py:171} INFO - Processing /home/airflow/.local/lib/python3.7/site-packages/airflow/example_dags/example_complex.py took 0.323 seconds
[2022-02-22 00:01:11,891] {processor.py:163} INFO - Started process (PID=6659) to work on /home/airflow/.local/lib/python3.7/site-packages/airflow/example_dags/example_complex.py
[2022-02-22 00:01:11,897] {processor.py:642} INFO - Processing file /home/airflow/.local/lib/python3.7/site-packages/airflow/example_dags/example_complex.py for tasks to queue
[2022-02-22 00:01:11,902] {logging_mixin.py:109} INFO - [2022-02-22 00:01:11,901] {dagbag.py:500} INFO - Filling up the DagBag from /home/airflow/.local/lib/python3.7/site-packages/airflow/example_dags/example_complex.py
[2022-02-22 00:01:12,046] {processor.py:654} INFO - DAG(s) dict_keys(['example_complex']) retrieved from /home/airflow/.local/lib/python3.7/site-packages/airflow/example_dags/example_complex.py
[2022-02-22 00:01:12,134] {logging_mixin.py:109} INFO - [2022-02-22 00:01:12,134] {dag.py:2396} INFO - Sync 1 DAGs
[2022-02-22 00:01:12,212] {logging_mixin.py:109} INFO - [2022-02-22 00:01:12,212] {dag.py:2935} INFO - Setting next_dagrun for example_complex to None
[2022-02-22 00:01:12,246] {processor.py:171} INFO - Processing /home/airflow/.local/lib/python3.7/site-packages/airflow/example_dags/example_complex.py took 0.365 seconds
[2022-02-22 00:01:43,450] {processor.py:163} INFO - Started process (PID=6757) to work on /home/airflow/.local/lib/python3.7/site-packages/airflow/example_dags/example_complex.py
[2022-02-22 00:01:43,454] {processor.py:642} INFO - Processing file /home/airflow/.local/lib/python3.7/site-packages/airflow/example_dags/example_complex.py for tasks to queue
[2022-02-22 00:01:43,461] {logging_mixin.py:109} INFO - [2022-02-22 00:01:43,461] {dagbag.py:500} INFO - Filling up the DagBag from /home/airflow/.local/lib/python3.7/site-packages/airflow/example_dags/example_complex.py
[2022-02-22 00:01:43,610] {processor.py:654} INFO - DAG(s) dict_keys(['example_complex']) retrieved from /home/airflow/.local/lib/python3.7/site-packages/airflow/example_dags/example_complex.py
[2022-02-22 00:01:43,693] {logging_mixin.py:109} INFO - [2022-02-22 00:01:43,693] {dag.py:2396} INFO - Sync 1 DAGs
[2022-02-22 00:01:43,756] {logging_mixin.py:109} INFO - [2022-02-22 00:01:43,755] {dag.py:2935} INFO - Setting next_dagrun for example_complex to None
[2022-02-22 00:01:43,792] {processor.py:171} INFO - Processing /home/airflow/.local/lib/python3.7/site-packages/airflow/example_dags/example_complex.py took 0.350 seconds
[2022-02-22 00:02:15,327] {processor.py:163} INFO - Started process (PID=6849) to work on /home/airflow/.local/lib/python3.7/site-packages/airflow/example_dags/example_complex.py
[2022-02-22 00:02:15,331] {processor.py:642} INFO - Processing file /home/airflow/.local/lib/python3.7/site-packages/airflow/example_dags/example_complex.py for tasks to queue
[2022-02-22 00:02:15,335] {logging_mixin.py:109} INFO - [2022-02-22 00:02:15,334] {dagbag.py:500} INFO - Filling up the DagBag from /home/airflow/.local/lib/python3.7/site-packages/airflow/example_dags/example_complex.py
[2022-02-22 00:02:15,464] {processor.py:654} INFO - DAG(s) dict_keys(['example_complex']) retrieved from /home/airflow/.local/lib/python3.7/site-packages/airflow/example_dags/example_complex.py
[2022-02-22 00:02:15,552] {logging_mixin.py:109} INFO - [2022-02-22 00:02:15,551] {dag.py:2396} INFO - Sync 1 DAGs
[2022-02-22 00:02:15,620] {logging_mixin.py:109} INFO - [2022-02-22 00:02:15,619] {dag.py:2935} INFO - Setting next_dagrun for example_complex to None
[2022-02-22 00:02:15,653] {processor.py:171} INFO - Processing /home/airflow/.local/lib/python3.7/site-packages/airflow/example_dags/example_complex.py took 0.335 seconds
[2022-02-22 00:02:46,789] {processor.py:163} INFO - Started process (PID=6953) to work on /home/airflow/.local/lib/python3.7/site-packages/airflow/example_dags/example_complex.py
[2022-02-22 00:02:46,793] {processor.py:642} INFO - Processing file /home/airflow/.local/lib/python3.7/site-packages/airflow/example_dags/example_complex.py for tasks to queue
[2022-02-22 00:02:46,797] {logging_mixin.py:109} INFO - [2022-02-22 00:02:46,797] {dagbag.py:500} INFO - Filling up the DagBag from /home/airflow/.local/lib/python3.7/site-packages/airflow/example_dags/example_complex.py
[2022-02-22 00:02:46,934] {processor.py:654} INFO - DAG(s) dict_keys(['example_complex']) retrieved from /home/airflow/.local/lib/python3.7/site-packages/airflow/example_dags/example_complex.py
[2022-02-22 00:02:47,026] {logging_mixin.py:109} INFO - [2022-02-22 00:02:47,026] {dag.py:2396} INFO - Sync 1 DAGs
[2022-02-22 00:02:47,099] {logging_mixin.py:109} INFO - [2022-02-22 00:02:47,099] {dag.py:2935} INFO - Setting next_dagrun for example_complex to None
[2022-02-22 00:02:47,144] {processor.py:171} INFO - Processing /home/airflow/.local/lib/python3.7/site-packages/airflow/example_dags/example_complex.py took 0.363 seconds
[2022-02-22 00:03:18,215] {processor.py:163} INFO - Started process (PID=7040) to work on /home/airflow/.local/lib/python3.7/site-packages/airflow/example_dags/example_complex.py
[2022-02-22 00:03:18,238] {processor.py:642} INFO - Processing file /home/airflow/.local/lib/python3.7/site-packages/airflow/example_dags/example_complex.py for tasks to queue
[2022-02-22 00:03:18,258] {logging_mixin.py:109} INFO - [2022-02-22 00:03:18,257] {dagbag.py:500} INFO - Filling up the DagBag from /home/airflow/.local/lib/python3.7/site-packages/airflow/example_dags/example_complex.py
[2022-02-22 00:03:18,384] {processor.py:654} INFO - DAG(s) dict_keys(['example_complex']) retrieved from /home/airflow/.local/lib/python3.7/site-packages/airflow/example_dags/example_complex.py
[2022-02-22 00:03:18,471] {logging_mixin.py:109} INFO - [2022-02-22 00:03:18,470] {dag.py:2396} INFO - Sync 1 DAGs
[2022-02-22 00:03:18,542] {logging_mixin.py:109} INFO - [2022-02-22 00:03:18,542] {dag.py:2935} INFO - Setting next_dagrun for example_complex to None
[2022-02-22 00:03:18,581] {processor.py:171} INFO - Processing /home/airflow/.local/lib/python3.7/site-packages/airflow/example_dags/example_complex.py took 0.375 seconds
[2022-02-22 00:03:49,655] {processor.py:163} INFO - Started process (PID=7144) to work on /home/airflow/.local/lib/python3.7/site-packages/airflow/example_dags/example_complex.py
[2022-02-22 00:03:49,662] {processor.py:642} INFO - Processing file /home/airflow/.local/lib/python3.7/site-packages/airflow/example_dags/example_complex.py for tasks to queue
[2022-02-22 00:03:49,667] {logging_mixin.py:109} INFO - [2022-02-22 00:03:49,666] {dagbag.py:500} INFO - Filling up the DagBag from /home/airflow/.local/lib/python3.7/site-packages/airflow/example_dags/example_complex.py
[2022-02-22 00:03:49,806] {processor.py:654} INFO - DAG(s) dict_keys(['example_complex']) retrieved from /home/airflow/.local/lib/python3.7/site-packages/airflow/example_dags/example_complex.py
[2022-02-22 00:03:49,895] {logging_mixin.py:109} INFO - [2022-02-22 00:03:49,894] {dag.py:2396} INFO - Sync 1 DAGs
[2022-02-22 00:03:49,974] {logging_mixin.py:109} INFO - [2022-02-22 00:03:49,974] {dag.py:2935} INFO - Setting next_dagrun for example_complex to None
[2022-02-22 00:03:50,009] {processor.py:171} INFO - Processing /home/airflow/.local/lib/python3.7/site-packages/airflow/example_dags/example_complex.py took 0.363 seconds
[2022-02-22 00:04:21,086] {processor.py:163} INFO - Started process (PID=7234) to work on /home/airflow/.local/lib/python3.7/site-packages/airflow/example_dags/example_complex.py
[2022-02-22 00:04:21,090] {processor.py:642} INFO - Processing file /home/airflow/.local/lib/python3.7/site-packages/airflow/example_dags/example_complex.py for tasks to queue
[2022-02-22 00:04:21,092] {logging_mixin.py:109} INFO - [2022-02-22 00:04:21,092] {dagbag.py:500} INFO - Filling up the DagBag from /home/airflow/.local/lib/python3.7/site-packages/airflow/example_dags/example_complex.py
[2022-02-22 00:04:21,194] {processor.py:654} INFO - DAG(s) dict_keys(['example_complex']) retrieved from /home/airflow/.local/lib/python3.7/site-packages/airflow/example_dags/example_complex.py
[2022-02-22 00:04:21,267] {logging_mixin.py:109} INFO - [2022-02-22 00:04:21,267] {dag.py:2396} INFO - Sync 1 DAGs
[2022-02-22 00:04:21,323] {logging_mixin.py:109} INFO - [2022-02-22 00:04:21,323] {dag.py:2935} INFO - Setting next_dagrun for example_complex to None
[2022-02-22 00:04:21,352] {processor.py:171} INFO - Processing /home/airflow/.local/lib/python3.7/site-packages/airflow/example_dags/example_complex.py took 0.272 seconds
[2022-02-22 00:04:53,260] {processor.py:163} INFO - Started process (PID=7335) to work on /home/airflow/.local/lib/python3.7/site-packages/airflow/example_dags/example_complex.py
[2022-02-22 00:04:53,265] {processor.py:642} INFO - Processing file /home/airflow/.local/lib/python3.7/site-packages/airflow/example_dags/example_complex.py for tasks to queue
[2022-02-22 00:04:53,268] {logging_mixin.py:109} INFO - [2022-02-22 00:04:53,268] {dagbag.py:500} INFO - Filling up the DagBag from /home/airflow/.local/lib/python3.7/site-packages/airflow/example_dags/example_complex.py
[2022-02-22 00:04:53,399] {processor.py:654} INFO - DAG(s) dict_keys(['example_complex']) retrieved from /home/airflow/.local/lib/python3.7/site-packages/airflow/example_dags/example_complex.py
[2022-02-22 00:04:53,484] {logging_mixin.py:109} INFO - [2022-02-22 00:04:53,484] {dag.py:2396} INFO - Sync 1 DAGs
[2022-02-22 00:04:53,554] {logging_mixin.py:109} INFO - [2022-02-22 00:04:53,553] {dag.py:2935} INFO - Setting next_dagrun for example_complex to None
[2022-02-22 00:04:53,585] {processor.py:171} INFO - Processing /home/airflow/.local/lib/python3.7/site-packages/airflow/example_dags/example_complex.py took 0.333 seconds
[2022-02-22 00:05:24,773] {processor.py:163} INFO - Started process (PID=7439) to work on /home/airflow/.local/lib/python3.7/site-packages/airflow/example_dags/example_complex.py
[2022-02-22 00:05:24,778] {processor.py:642} INFO - Processing file /home/airflow/.local/lib/python3.7/site-packages/airflow/example_dags/example_complex.py for tasks to queue
[2022-02-22 00:05:24,783] {logging_mixin.py:109} INFO - [2022-02-22 00:05:24,782] {dagbag.py:500} INFO - Filling up the DagBag from /home/airflow/.local/lib/python3.7/site-packages/airflow/example_dags/example_complex.py
[2022-02-22 00:05:24,921] {processor.py:654} INFO - DAG(s) dict_keys(['example_complex']) retrieved from /home/airflow/.local/lib/python3.7/site-packages/airflow/example_dags/example_complex.py
[2022-02-22 00:05:25,016] {logging_mixin.py:109} INFO - [2022-02-22 00:05:25,016] {dag.py:2396} INFO - Sync 1 DAGs
[2022-02-22 00:05:25,093] {logging_mixin.py:109} INFO - [2022-02-22 00:05:25,093] {dag.py:2935} INFO - Setting next_dagrun for example_complex to None
[2022-02-22 00:05:25,130] {processor.py:171} INFO - Processing /home/airflow/.local/lib/python3.7/site-packages/airflow/example_dags/example_complex.py took 0.365 seconds
[2022-02-22 00:05:56,435] {processor.py:163} INFO - Started process (PID=7526) to work on /home/airflow/.local/lib/python3.7/site-packages/airflow/example_dags/example_complex.py
[2022-02-22 00:05:56,441] {processor.py:642} INFO - Processing file /home/airflow/.local/lib/python3.7/site-packages/airflow/example_dags/example_complex.py for tasks to queue
[2022-02-22 00:05:56,445] {logging_mixin.py:109} INFO - [2022-02-22 00:05:56,445] {dagbag.py:500} INFO - Filling up the DagBag from /home/airflow/.local/lib/python3.7/site-packages/airflow/example_dags/example_complex.py
[2022-02-22 00:05:56,585] {processor.py:654} INFO - DAG(s) dict_keys(['example_complex']) retrieved from /home/airflow/.local/lib/python3.7/site-packages/airflow/example_dags/example_complex.py
[2022-02-22 00:05:56,670] {logging_mixin.py:109} INFO - [2022-02-22 00:05:56,670] {dag.py:2396} INFO - Sync 1 DAGs
[2022-02-22 00:05:56,733] {logging_mixin.py:109} INFO - [2022-02-22 00:05:56,733] {dag.py:2935} INFO - Setting next_dagrun for example_complex to None
[2022-02-22 00:05:56,770] {processor.py:171} INFO - Processing /home/airflow/.local/lib/python3.7/site-packages/airflow/example_dags/example_complex.py took 0.344 seconds
[2022-02-22 00:06:28,333] {processor.py:163} INFO - Started process (PID=7630) to work on /home/airflow/.local/lib/python3.7/site-packages/airflow/example_dags/example_complex.py
[2022-02-22 00:06:28,338] {processor.py:642} INFO - Processing file /home/airflow/.local/lib/python3.7/site-packages/airflow/example_dags/example_complex.py for tasks to queue
[2022-02-22 00:06:28,342] {logging_mixin.py:109} INFO - [2022-02-22 00:06:28,342] {dagbag.py:500} INFO - Filling up the DagBag from /home/airflow/.local/lib/python3.7/site-packages/airflow/example_dags/example_complex.py
[2022-02-22 00:06:28,467] {processor.py:654} INFO - DAG(s) dict_keys(['example_complex']) retrieved from /home/airflow/.local/lib/python3.7/site-packages/airflow/example_dags/example_complex.py
[2022-02-22 00:06:28,553] {logging_mixin.py:109} INFO - [2022-02-22 00:06:28,552] {dag.py:2396} INFO - Sync 1 DAGs
[2022-02-22 00:06:28,625] {logging_mixin.py:109} INFO - [2022-02-22 00:06:28,624] {dag.py:2935} INFO - Setting next_dagrun for example_complex to None
[2022-02-22 00:06:28,656] {processor.py:171} INFO - Processing /home/airflow/.local/lib/python3.7/site-packages/airflow/example_dags/example_complex.py took 0.330 seconds
[2022-02-22 00:06:59,676] {processor.py:163} INFO - Started process (PID=7718) to work on /home/airflow/.local/lib/python3.7/site-packages/airflow/example_dags/example_complex.py
[2022-02-22 00:06:59,681] {processor.py:642} INFO - Processing file /home/airflow/.local/lib/python3.7/site-packages/airflow/example_dags/example_complex.py for tasks to queue
[2022-02-22 00:06:59,684] {logging_mixin.py:109} INFO - [2022-02-22 00:06:59,683] {dagbag.py:500} INFO - Filling up the DagBag from /home/airflow/.local/lib/python3.7/site-packages/airflow/example_dags/example_complex.py
[2022-02-22 00:06:59,787] {processor.py:654} INFO - DAG(s) dict_keys(['example_complex']) retrieved from /home/airflow/.local/lib/python3.7/site-packages/airflow/example_dags/example_complex.py
[2022-02-22 00:06:59,864] {logging_mixin.py:109} INFO - [2022-02-22 00:06:59,863] {dag.py:2396} INFO - Sync 1 DAGs
[2022-02-22 00:06:59,931] {logging_mixin.py:109} INFO - [2022-02-22 00:06:59,930] {dag.py:2935} INFO - Setting next_dagrun for example_complex to None
[2022-02-22 00:06:59,956] {processor.py:171} INFO - Processing /home/airflow/.local/lib/python3.7/site-packages/airflow/example_dags/example_complex.py took 0.289 seconds
[2022-02-22 00:07:31,547] {processor.py:163} INFO - Started process (PID=7826) to work on /home/airflow/.local/lib/python3.7/site-packages/airflow/example_dags/example_complex.py
[2022-02-22 00:07:31,551] {processor.py:642} INFO - Processing file /home/airflow/.local/lib/python3.7/site-packages/airflow/example_dags/example_complex.py for tasks to queue
[2022-02-22 00:07:31,555] {logging_mixin.py:109} INFO - [2022-02-22 00:07:31,554] {dagbag.py:500} INFO - Filling up the DagBag from /home/airflow/.local/lib/python3.7/site-packages/airflow/example_dags/example_complex.py
[2022-02-22 00:07:31,678] {processor.py:654} INFO - DAG(s) dict_keys(['example_complex']) retrieved from /home/airflow/.local/lib/python3.7/site-packages/airflow/example_dags/example_complex.py
[2022-02-22 00:07:31,814] {logging_mixin.py:109} INFO - [2022-02-22 00:07:31,814] {dag.py:2396} INFO - Sync 1 DAGs
[2022-02-22 00:07:31,890] {logging_mixin.py:109} INFO - [2022-02-22 00:07:31,890] {dag.py:2935} INFO - Setting next_dagrun for example_complex to None
[2022-02-22 00:07:31,941] {processor.py:171} INFO - Processing /home/airflow/.local/lib/python3.7/site-packages/airflow/example_dags/example_complex.py took 0.408 seconds
[2022-02-22 00:08:02,350] {processor.py:163} INFO - Started process (PID=7925) to work on /home/airflow/.local/lib/python3.7/site-packages/airflow/example_dags/example_complex.py
[2022-02-22 00:08:02,355] {processor.py:642} INFO - Processing file /home/airflow/.local/lib/python3.7/site-packages/airflow/example_dags/example_complex.py for tasks to queue
[2022-02-22 00:08:02,359] {logging_mixin.py:109} INFO - [2022-02-22 00:08:02,359] {dagbag.py:500} INFO - Filling up the DagBag from /home/airflow/.local/lib/python3.7/site-packages/airflow/example_dags/example_complex.py
[2022-02-22 00:08:02,503] {processor.py:654} INFO - DAG(s) dict_keys(['example_complex']) retrieved from /home/airflow/.local/lib/python3.7/site-packages/airflow/example_dags/example_complex.py
[2022-02-22 00:08:02,596] {logging_mixin.py:109} INFO - [2022-02-22 00:08:02,595] {dag.py:2396} INFO - Sync 1 DAGs
[2022-02-22 00:08:02,669] {logging_mixin.py:109} INFO - [2022-02-22 00:08:02,669] {dag.py:2935} INFO - Setting next_dagrun for example_complex to None
[2022-02-22 00:08:02,702] {processor.py:171} INFO - Processing /home/airflow/.local/lib/python3.7/site-packages/airflow/example_dags/example_complex.py took 0.361 seconds
[2022-02-22 00:08:32,908] {processor.py:163} INFO - Started process (PID=8016) to work on /home/airflow/.local/lib/python3.7/site-packages/airflow/example_dags/example_complex.py
[2022-02-22 00:08:32,913] {processor.py:642} INFO - Processing file /home/airflow/.local/lib/python3.7/site-packages/airflow/example_dags/example_complex.py for tasks to queue
[2022-02-22 00:08:32,916] {logging_mixin.py:109} INFO - [2022-02-22 00:08:32,916] {dagbag.py:500} INFO - Filling up the DagBag from /home/airflow/.local/lib/python3.7/site-packages/airflow/example_dags/example_complex.py
[2022-02-22 00:08:33,038] {processor.py:654} INFO - DAG(s) dict_keys(['example_complex']) retrieved from /home/airflow/.local/lib/python3.7/site-packages/airflow/example_dags/example_complex.py
[2022-02-22 00:08:33,127] {logging_mixin.py:109} INFO - [2022-02-22 00:08:33,126] {dag.py:2396} INFO - Sync 1 DAGs
[2022-02-22 00:08:33,196] {logging_mixin.py:109} INFO - [2022-02-22 00:08:33,196] {dag.py:2935} INFO - Setting next_dagrun for example_complex to None
[2022-02-22 00:08:33,233] {processor.py:171} INFO - Processing /home/airflow/.local/lib/python3.7/site-packages/airflow/example_dags/example_complex.py took 0.333 seconds
[2022-02-22 00:09:03,994] {processor.py:163} INFO - Started process (PID=8120) to work on /home/airflow/.local/lib/python3.7/site-packages/airflow/example_dags/example_complex.py
[2022-02-22 00:09:03,999] {processor.py:642} INFO - Processing file /home/airflow/.local/lib/python3.7/site-packages/airflow/example_dags/example_complex.py for tasks to queue
[2022-02-22 00:09:04,004] {logging_mixin.py:109} INFO - [2022-02-22 00:09:04,003] {dagbag.py:500} INFO - Filling up the DagBag from /home/airflow/.local/lib/python3.7/site-packages/airflow/example_dags/example_complex.py
[2022-02-22 00:09:04,144] {processor.py:654} INFO - DAG(s) dict_keys(['example_complex']) retrieved from /home/airflow/.local/lib/python3.7/site-packages/airflow/example_dags/example_complex.py
[2022-02-22 00:09:04,231] {logging_mixin.py:109} INFO - [2022-02-22 00:09:04,230] {dag.py:2396} INFO - Sync 1 DAGs
[2022-02-22 00:09:04,296] {logging_mixin.py:109} INFO - [2022-02-22 00:09:04,295] {dag.py:2935} INFO - Setting next_dagrun for example_complex to None
[2022-02-22 00:09:04,335] {processor.py:171} INFO - Processing /home/airflow/.local/lib/python3.7/site-packages/airflow/example_dags/example_complex.py took 0.349 seconds
[2022-02-22 00:09:35,000] {processor.py:163} INFO - Started process (PID=8207) to work on /home/airflow/.local/lib/python3.7/site-packages/airflow/example_dags/example_complex.py
[2022-02-22 00:09:35,005] {processor.py:642} INFO - Processing file /home/airflow/.local/lib/python3.7/site-packages/airflow/example_dags/example_complex.py for tasks to queue
[2022-02-22 00:09:35,010] {logging_mixin.py:109} INFO - [2022-02-22 00:09:35,009] {dagbag.py:500} INFO - Filling up the DagBag from /home/airflow/.local/lib/python3.7/site-packages/airflow/example_dags/example_complex.py
[2022-02-22 00:09:35,132] {processor.py:654} INFO - DAG(s) dict_keys(['example_complex']) retrieved from /home/airflow/.local/lib/python3.7/site-packages/airflow/example_dags/example_complex.py
[2022-02-22 00:09:35,222] {logging_mixin.py:109} INFO - [2022-02-22 00:09:35,221] {dag.py:2396} INFO - Sync 1 DAGs
[2022-02-22 00:09:35,292] {logging_mixin.py:109} INFO - [2022-02-22 00:09:35,292] {dag.py:2935} INFO - Setting next_dagrun for example_complex to None
[2022-02-22 00:09:35,325] {processor.py:171} INFO - Processing /home/airflow/.local/lib/python3.7/site-packages/airflow/example_dags/example_complex.py took 0.333 seconds
[2022-02-22 00:10:05,893] {processor.py:163} INFO - Started process (PID=8310) to work on /home/airflow/.local/lib/python3.7/site-packages/airflow/example_dags/example_complex.py
[2022-02-22 00:10:05,898] {processor.py:642} INFO - Processing file /home/airflow/.local/lib/python3.7/site-packages/airflow/example_dags/example_complex.py for tasks to queue
[2022-02-22 00:10:05,902] {logging_mixin.py:109} INFO - [2022-02-22 00:10:05,902] {dagbag.py:500} INFO - Filling up the DagBag from /home/airflow/.local/lib/python3.7/site-packages/airflow/example_dags/example_complex.py
[2022-02-22 00:10:06,034] {processor.py:654} INFO - DAG(s) dict_keys(['example_complex']) retrieved from /home/airflow/.local/lib/python3.7/site-packages/airflow/example_dags/example_complex.py
[2022-02-22 00:10:06,121] {logging_mixin.py:109} INFO - [2022-02-22 00:10:06,120] {dag.py:2396} INFO - Sync 1 DAGs
[2022-02-22 00:10:06,190] {logging_mixin.py:109} INFO - [2022-02-22 00:10:06,189] {dag.py:2935} INFO - Setting next_dagrun for example_complex to None
[2022-02-22 00:10:06,223] {processor.py:171} INFO - Processing /home/airflow/.local/lib/python3.7/site-packages/airflow/example_dags/example_complex.py took 0.338 seconds
[2022-02-22 00:10:36,428] {processor.py:163} INFO - Started process (PID=8397) to work on /home/airflow/.local/lib/python3.7/site-packages/airflow/example_dags/example_complex.py
[2022-02-22 00:10:36,432] {processor.py:642} INFO - Processing file /home/airflow/.local/lib/python3.7/site-packages/airflow/example_dags/example_complex.py for tasks to queue
[2022-02-22 00:10:36,435] {logging_mixin.py:109} INFO - [2022-02-22 00:10:36,435] {dagbag.py:500} INFO - Filling up the DagBag from /home/airflow/.local/lib/python3.7/site-packages/airflow/example_dags/example_complex.py
[2022-02-22 00:10:36,555] {processor.py:654} INFO - DAG(s) dict_keys(['example_complex']) retrieved from /home/airflow/.local/lib/python3.7/site-packages/airflow/example_dags/example_complex.py
[2022-02-22 00:10:36,633] {logging_mixin.py:109} INFO - [2022-02-22 00:10:36,632] {dag.py:2396} INFO - Sync 1 DAGs
[2022-02-22 00:10:36,698] {logging_mixin.py:109} INFO - [2022-02-22 00:10:36,697] {dag.py:2935} INFO - Setting next_dagrun for example_complex to None
[2022-02-22 00:10:36,729] {processor.py:171} INFO - Processing /home/airflow/.local/lib/python3.7/site-packages/airflow/example_dags/example_complex.py took 0.310 seconds
[2022-02-22 00:11:06,860] {processor.py:163} INFO - Started process (PID=8501) to work on /home/airflow/.local/lib/python3.7/site-packages/airflow/example_dags/example_complex.py
[2022-02-22 00:11:06,865] {processor.py:642} INFO - Processing file /home/airflow/.local/lib/python3.7/site-packages/airflow/example_dags/example_complex.py for tasks to queue
[2022-02-22 00:11:06,870] {logging_mixin.py:109} INFO - [2022-02-22 00:11:06,869] {dagbag.py:500} INFO - Filling up the DagBag from /home/airflow/.local/lib/python3.7/site-packages/airflow/example_dags/example_complex.py
[2022-02-22 00:11:07,020] {processor.py:654} INFO - DAG(s) dict_keys(['example_complex']) retrieved from /home/airflow/.local/lib/python3.7/site-packages/airflow/example_dags/example_complex.py
[2022-02-22 00:11:07,109] {logging_mixin.py:109} INFO - [2022-02-22 00:11:07,109] {dag.py:2396} INFO - Sync 1 DAGs
[2022-02-22 00:11:07,177] {logging_mixin.py:109} INFO - [2022-02-22 00:11:07,177] {dag.py:2935} INFO - Setting next_dagrun for example_complex to None
[2022-02-22 00:11:07,208] {processor.py:171} INFO - Processing /home/airflow/.local/lib/python3.7/site-packages/airflow/example_dags/example_complex.py took 0.356 seconds
[2022-02-22 00:11:37,770] {processor.py:163} INFO - Started process (PID=8588) to work on /home/airflow/.local/lib/python3.7/site-packages/airflow/example_dags/example_complex.py
[2022-02-22 00:11:37,774] {processor.py:642} INFO - Processing file /home/airflow/.local/lib/python3.7/site-packages/airflow/example_dags/example_complex.py for tasks to queue
[2022-02-22 00:11:37,777] {logging_mixin.py:109} INFO - [2022-02-22 00:11:37,777] {dagbag.py:500} INFO - Filling up the DagBag from /home/airflow/.local/lib/python3.7/site-packages/airflow/example_dags/example_complex.py
[2022-02-22 00:11:37,894] {processor.py:654} INFO - DAG(s) dict_keys(['example_complex']) retrieved from /home/airflow/.local/lib/python3.7/site-packages/airflow/example_dags/example_complex.py
[2022-02-22 00:11:37,970] {logging_mixin.py:109} INFO - [2022-02-22 00:11:37,970] {dag.py:2396} INFO - Sync 1 DAGs
[2022-02-22 00:11:38,028] {logging_mixin.py:109} INFO - [2022-02-22 00:11:38,028] {dag.py:2935} INFO - Setting next_dagrun for example_complex to None
[2022-02-22 00:11:38,053] {processor.py:171} INFO - Processing /home/airflow/.local/lib/python3.7/site-packages/airflow/example_dags/example_complex.py took 0.290 seconds
[2022-02-22 00:12:08,237] {processor.py:163} INFO - Started process (PID=8692) to work on /home/airflow/.local/lib/python3.7/site-packages/airflow/example_dags/example_complex.py
[2022-02-22 00:12:08,242] {processor.py:642} INFO - Processing file /home/airflow/.local/lib/python3.7/site-packages/airflow/example_dags/example_complex.py for tasks to queue
[2022-02-22 00:12:08,245] {logging_mixin.py:109} INFO - [2022-02-22 00:12:08,245] {dagbag.py:500} INFO - Filling up the DagBag from /home/airflow/.local/lib/python3.7/site-packages/airflow/example_dags/example_complex.py
[2022-02-22 00:12:08,371] {processor.py:654} INFO - DAG(s) dict_keys(['example_complex']) retrieved from /home/airflow/.local/lib/python3.7/site-packages/airflow/example_dags/example_complex.py
[2022-02-22 00:12:08,454] {logging_mixin.py:109} INFO - [2022-02-22 00:12:08,454] {dag.py:2396} INFO - Sync 1 DAGs
[2022-02-22 00:12:08,520] {logging_mixin.py:109} INFO - [2022-02-22 00:12:08,520] {dag.py:2935} INFO - Setting next_dagrun for example_complex to None
[2022-02-22 00:12:08,552] {processor.py:171} INFO - Processing /home/airflow/.local/lib/python3.7/site-packages/airflow/example_dags/example_complex.py took 0.323 seconds
[2022-02-22 00:12:38,638] {processor.py:163} INFO - Started process (PID=8779) to work on /home/airflow/.local/lib/python3.7/site-packages/airflow/example_dags/example_complex.py
[2022-02-22 00:12:38,643] {processor.py:642} INFO - Processing file /home/airflow/.local/lib/python3.7/site-packages/airflow/example_dags/example_complex.py for tasks to queue
[2022-02-22 00:12:38,646] {logging_mixin.py:109} INFO - [2022-02-22 00:12:38,645] {dagbag.py:500} INFO - Filling up the DagBag from /home/airflow/.local/lib/python3.7/site-packages/airflow/example_dags/example_complex.py
[2022-02-22 00:12:38,774] {processor.py:654} INFO - DAG(s) dict_keys(['example_complex']) retrieved from /home/airflow/.local/lib/python3.7/site-packages/airflow/example_dags/example_complex.py
[2022-02-22 00:12:38,853] {logging_mixin.py:109} INFO - [2022-02-22 00:12:38,852] {dag.py:2396} INFO - Sync 1 DAGs
[2022-02-22 00:12:38,901] {logging_mixin.py:109} INFO - [2022-02-22 00:12:38,901] {dag.py:2935} INFO - Setting next_dagrun for example_complex to None
[2022-02-22 00:12:38,933] {processor.py:171} INFO - Processing /home/airflow/.local/lib/python3.7/site-packages/airflow/example_dags/example_complex.py took 0.303 seconds
[2022-02-22 00:13:09,731] {processor.py:163} INFO - Started process (PID=8883) to work on /home/airflow/.local/lib/python3.7/site-packages/airflow/example_dags/example_complex.py
[2022-02-22 00:13:09,739] {processor.py:642} INFO - Processing file /home/airflow/.local/lib/python3.7/site-packages/airflow/example_dags/example_complex.py for tasks to queue
[2022-02-22 00:13:09,742] {logging_mixin.py:109} INFO - [2022-02-22 00:13:09,742] {dagbag.py:500} INFO - Filling up the DagBag from /home/airflow/.local/lib/python3.7/site-packages/airflow/example_dags/example_complex.py
[2022-02-22 00:13:09,873] {processor.py:654} INFO - DAG(s) dict_keys(['example_complex']) retrieved from /home/airflow/.local/lib/python3.7/site-packages/airflow/example_dags/example_complex.py
[2022-02-22 00:13:09,963] {logging_mixin.py:109} INFO - [2022-02-22 00:13:09,962] {dag.py:2396} INFO - Sync 1 DAGs
[2022-02-22 00:13:10,034] {logging_mixin.py:109} INFO - [2022-02-22 00:13:10,034] {dag.py:2935} INFO - Setting next_dagrun for example_complex to None
[2022-02-22 00:13:10,064] {processor.py:171} INFO - Processing /home/airflow/.local/lib/python3.7/site-packages/airflow/example_dags/example_complex.py took 0.341 seconds
[2022-02-22 00:13:40,212] {processor.py:163} INFO - Started process (PID=8968) to work on /home/airflow/.local/lib/python3.7/site-packages/airflow/example_dags/example_complex.py
[2022-02-22 00:13:40,217] {processor.py:642} INFO - Processing file /home/airflow/.local/lib/python3.7/site-packages/airflow/example_dags/example_complex.py for tasks to queue
[2022-02-22 00:13:40,220] {logging_mixin.py:109} INFO - [2022-02-22 00:13:40,220] {dagbag.py:500} INFO - Filling up the DagBag from /home/airflow/.local/lib/python3.7/site-packages/airflow/example_dags/example_complex.py
[2022-02-22 00:13:40,345] {processor.py:654} INFO - DAG(s) dict_keys(['example_complex']) retrieved from /home/airflow/.local/lib/python3.7/site-packages/airflow/example_dags/example_complex.py
[2022-02-22 00:13:40,414] {logging_mixin.py:109} INFO - [2022-02-22 00:13:40,414] {dag.py:2396} INFO - Sync 1 DAGs
[2022-02-22 00:13:40,468] {logging_mixin.py:109} INFO - [2022-02-22 00:13:40,467] {dag.py:2935} INFO - Setting next_dagrun for example_complex to None
[2022-02-22 00:13:40,499] {processor.py:171} INFO - Processing /home/airflow/.local/lib/python3.7/site-packages/airflow/example_dags/example_complex.py took 0.295 seconds
[2022-02-22 00:14:10,670] {processor.py:163} INFO - Started process (PID=9072) to work on /home/airflow/.local/lib/python3.7/site-packages/airflow/example_dags/example_complex.py
[2022-02-22 00:14:10,675] {processor.py:642} INFO - Processing file /home/airflow/.local/lib/python3.7/site-packages/airflow/example_dags/example_complex.py for tasks to queue
[2022-02-22 00:14:10,678] {logging_mixin.py:109} INFO - [2022-02-22 00:14:10,678] {dagbag.py:500} INFO - Filling up the DagBag from /home/airflow/.local/lib/python3.7/site-packages/airflow/example_dags/example_complex.py
[2022-02-22 00:14:10,807] {processor.py:654} INFO - DAG(s) dict_keys(['example_complex']) retrieved from /home/airflow/.local/lib/python3.7/site-packages/airflow/example_dags/example_complex.py
[2022-02-22 00:14:10,895] {logging_mixin.py:109} INFO - [2022-02-22 00:14:10,895] {dag.py:2396} INFO - Sync 1 DAGs
[2022-02-22 00:14:10,962] {logging_mixin.py:109} INFO - [2022-02-22 00:14:10,962] {dag.py:2935} INFO - Setting next_dagrun for example_complex to None
[2022-02-22 00:14:10,993] {processor.py:171} INFO - Processing /home/airflow/.local/lib/python3.7/site-packages/airflow/example_dags/example_complex.py took 0.331 seconds
[2022-02-22 00:14:41,370] {processor.py:163} INFO - Started process (PID=9159) to work on /home/airflow/.local/lib/python3.7/site-packages/airflow/example_dags/example_complex.py
[2022-02-22 00:14:41,373] {processor.py:642} INFO - Processing file /home/airflow/.local/lib/python3.7/site-packages/airflow/example_dags/example_complex.py for tasks to queue
[2022-02-22 00:14:41,375] {logging_mixin.py:109} INFO - [2022-02-22 00:14:41,375] {dagbag.py:500} INFO - Filling up the DagBag from /home/airflow/.local/lib/python3.7/site-packages/airflow/example_dags/example_complex.py
[2022-02-22 00:14:41,486] {processor.py:654} INFO - DAG(s) dict_keys(['example_complex']) retrieved from /home/airflow/.local/lib/python3.7/site-packages/airflow/example_dags/example_complex.py
[2022-02-22 00:14:41,568] {logging_mixin.py:109} INFO - [2022-02-22 00:14:41,567] {dag.py:2396} INFO - Sync 1 DAGs
[2022-02-22 00:14:41,626] {logging_mixin.py:109} INFO - [2022-02-22 00:14:41,625] {dag.py:2935} INFO - Setting next_dagrun for example_complex to None
[2022-02-22 00:14:41,650] {processor.py:171} INFO - Processing /home/airflow/.local/lib/python3.7/site-packages/airflow/example_dags/example_complex.py took 0.287 seconds
[2022-02-22 00:15:12,032] {processor.py:163} INFO - Started process (PID=9263) to work on /home/airflow/.local/lib/python3.7/site-packages/airflow/example_dags/example_complex.py
[2022-02-22 00:15:12,036] {processor.py:642} INFO - Processing file /home/airflow/.local/lib/python3.7/site-packages/airflow/example_dags/example_complex.py for tasks to queue
[2022-02-22 00:15:12,039] {logging_mixin.py:109} INFO - [2022-02-22 00:15:12,039] {dagbag.py:500} INFO - Filling up the DagBag from /home/airflow/.local/lib/python3.7/site-packages/airflow/example_dags/example_complex.py
[2022-02-22 00:15:12,172] {processor.py:654} INFO - DAG(s) dict_keys(['example_complex']) retrieved from /home/airflow/.local/lib/python3.7/site-packages/airflow/example_dags/example_complex.py
[2022-02-22 00:15:12,275] {logging_mixin.py:109} INFO - [2022-02-22 00:15:12,274] {dag.py:2396} INFO - Sync 1 DAGs
[2022-02-22 00:15:12,344] {logging_mixin.py:109} INFO - [2022-02-22 00:15:12,343] {dag.py:2935} INFO - Setting next_dagrun for example_complex to None
[2022-02-22 00:15:12,376] {processor.py:171} INFO - Processing /home/airflow/.local/lib/python3.7/site-packages/airflow/example_dags/example_complex.py took 0.352 seconds
[2022-02-22 00:15:43,206] {processor.py:163} INFO - Started process (PID=9360) to work on /home/airflow/.local/lib/python3.7/site-packages/airflow/example_dags/example_complex.py
[2022-02-22 00:15:43,211] {processor.py:642} INFO - Processing file /home/airflow/.local/lib/python3.7/site-packages/airflow/example_dags/example_complex.py for tasks to queue
[2022-02-22 00:15:43,214] {logging_mixin.py:109} INFO - [2022-02-22 00:15:43,214] {dagbag.py:500} INFO - Filling up the DagBag from /home/airflow/.local/lib/python3.7/site-packages/airflow/example_dags/example_complex.py
[2022-02-22 00:15:43,336] {processor.py:654} INFO - DAG(s) dict_keys(['example_complex']) retrieved from /home/airflow/.local/lib/python3.7/site-packages/airflow/example_dags/example_complex.py
[2022-02-22 00:15:43,421] {logging_mixin.py:109} INFO - [2022-02-22 00:15:43,420] {dag.py:2396} INFO - Sync 1 DAGs
[2022-02-22 00:15:43,485] {logging_mixin.py:109} INFO - [2022-02-22 00:15:43,484] {dag.py:2935} INFO - Setting next_dagrun for example_complex to None
[2022-02-22 00:15:43,515] {processor.py:171} INFO - Processing /home/airflow/.local/lib/python3.7/site-packages/airflow/example_dags/example_complex.py took 0.317 seconds
[2022-02-22 00:16:13,650] {processor.py:163} INFO - Started process (PID=9452) to work on /home/airflow/.local/lib/python3.7/site-packages/airflow/example_dags/example_complex.py
[2022-02-22 00:16:13,654] {processor.py:642} INFO - Processing file /home/airflow/.local/lib/python3.7/site-packages/airflow/example_dags/example_complex.py for tasks to queue
[2022-02-22 00:16:13,659] {logging_mixin.py:109} INFO - [2022-02-22 00:16:13,658] {dagbag.py:500} INFO - Filling up the DagBag from /home/airflow/.local/lib/python3.7/site-packages/airflow/example_dags/example_complex.py
[2022-02-22 00:16:13,813] {processor.py:654} INFO - DAG(s) dict_keys(['example_complex']) retrieved from /home/airflow/.local/lib/python3.7/site-packages/airflow/example_dags/example_complex.py
[2022-02-22 00:16:13,895] {logging_mixin.py:109} INFO - [2022-02-22 00:16:13,894] {dag.py:2396} INFO - Sync 1 DAGs
[2022-02-22 00:16:13,956] {logging_mixin.py:109} INFO - [2022-02-22 00:16:13,955] {dag.py:2935} INFO - Setting next_dagrun for example_complex to None
[2022-02-22 00:16:13,986] {processor.py:171} INFO - Processing /home/airflow/.local/lib/python3.7/site-packages/airflow/example_dags/example_complex.py took 0.344 seconds
[2022-02-22 00:16:44,362] {processor.py:163} INFO - Started process (PID=9556) to work on /home/airflow/.local/lib/python3.7/site-packages/airflow/example_dags/example_complex.py
[2022-02-22 00:16:44,369] {processor.py:642} INFO - Processing file /home/airflow/.local/lib/python3.7/site-packages/airflow/example_dags/example_complex.py for tasks to queue
[2022-02-22 00:16:44,373] {logging_mixin.py:109} INFO - [2022-02-22 00:16:44,372] {dagbag.py:500} INFO - Filling up the DagBag from /home/airflow/.local/lib/python3.7/site-packages/airflow/example_dags/example_complex.py
[2022-02-22 00:16:44,502] {processor.py:654} INFO - DAG(s) dict_keys(['example_complex']) retrieved from /home/airflow/.local/lib/python3.7/site-packages/airflow/example_dags/example_complex.py
[2022-02-22 00:16:44,585] {logging_mixin.py:109} INFO - [2022-02-22 00:16:44,585] {dag.py:2396} INFO - Sync 1 DAGs
[2022-02-22 00:16:44,649] {logging_mixin.py:109} INFO - [2022-02-22 00:16:44,648] {dag.py:2935} INFO - Setting next_dagrun for example_complex to None
[2022-02-22 00:16:44,678] {processor.py:171} INFO - Processing /home/airflow/.local/lib/python3.7/site-packages/airflow/example_dags/example_complex.py took 0.324 seconds
[2022-02-22 00:17:15,388] {processor.py:163} INFO - Started process (PID=9643) to work on /home/airflow/.local/lib/python3.7/site-packages/airflow/example_dags/example_complex.py
[2022-02-22 00:17:15,394] {processor.py:642} INFO - Processing file /home/airflow/.local/lib/python3.7/site-packages/airflow/example_dags/example_complex.py for tasks to queue
[2022-02-22 00:17:15,397] {logging_mixin.py:109} INFO - [2022-02-22 00:17:15,396] {dagbag.py:500} INFO - Filling up the DagBag from /home/airflow/.local/lib/python3.7/site-packages/airflow/example_dags/example_complex.py
[2022-02-22 00:17:15,519] {processor.py:654} INFO - DAG(s) dict_keys(['example_complex']) retrieved from /home/airflow/.local/lib/python3.7/site-packages/airflow/example_dags/example_complex.py
[2022-02-22 00:17:15,601] {logging_mixin.py:109} INFO - [2022-02-22 00:17:15,600] {dag.py:2396} INFO - Sync 1 DAGs
[2022-02-22 00:17:15,665] {logging_mixin.py:109} INFO - [2022-02-22 00:17:15,665] {dag.py:2935} INFO - Setting next_dagrun for example_complex to None
[2022-02-22 00:17:15,695] {processor.py:171} INFO - Processing /home/airflow/.local/lib/python3.7/site-packages/airflow/example_dags/example_complex.py took 0.314 seconds
