[2022-02-22 00:00:06,965] {processor.py:163} INFO - Started process (PID=6463) to work on /home/airflow/.local/lib/python3.7/site-packages/airflow/example_dags/example_dag_decorator.py
[2022-02-22 00:00:06,969] {processor.py:642} INFO - Processing file /home/airflow/.local/lib/python3.7/site-packages/airflow/example_dags/example_dag_decorator.py for tasks to queue
[2022-02-22 00:00:06,973] {logging_mixin.py:109} INFO - [2022-02-22 00:00:06,973] {dagbag.py:500} INFO - Filling up the DagBag from /home/airflow/.local/lib/python3.7/site-packages/airflow/example_dags/example_dag_decorator.py
[2022-02-22 00:00:07,090] {processor.py:654} INFO - DAG(s) dict_keys(['example_dag_decorator']) retrieved from /home/airflow/.local/lib/python3.7/site-packages/airflow/example_dags/example_dag_decorator.py
[2022-02-22 00:00:08,178] {logging_mixin.py:109} INFO - [2022-02-22 00:00:08,178] {dag.py:2396} INFO - Sync 1 DAGs
[2022-02-22 00:00:08,240] {logging_mixin.py:109} INFO - [2022-02-22 00:00:08,240] {dag.py:2935} INFO - Setting next_dagrun for example_dag_decorator to None
[2022-02-22 00:00:08,278] {processor.py:171} INFO - Processing /home/airflow/.local/lib/python3.7/site-packages/airflow/example_dags/example_dag_decorator.py took 1.325 seconds
[2022-02-22 00:00:38,748] {processor.py:163} INFO - Started process (PID=6553) to work on /home/airflow/.local/lib/python3.7/site-packages/airflow/example_dags/example_dag_decorator.py
[2022-02-22 00:00:38,753] {processor.py:642} INFO - Processing file /home/airflow/.local/lib/python3.7/site-packages/airflow/example_dags/example_dag_decorator.py for tasks to queue
[2022-02-22 00:00:38,756] {logging_mixin.py:109} INFO - [2022-02-22 00:00:38,755] {dagbag.py:500} INFO - Filling up the DagBag from /home/airflow/.local/lib/python3.7/site-packages/airflow/example_dags/example_dag_decorator.py
[2022-02-22 00:00:38,863] {processor.py:654} INFO - DAG(s) dict_keys(['example_dag_decorator']) retrieved from /home/airflow/.local/lib/python3.7/site-packages/airflow/example_dags/example_dag_decorator.py
[2022-02-22 00:00:39,881] {logging_mixin.py:109} INFO - [2022-02-22 00:00:39,881] {dag.py:2396} INFO - Sync 1 DAGs
[2022-02-22 00:00:39,937] {logging_mixin.py:109} INFO - [2022-02-22 00:00:39,937] {dag.py:2935} INFO - Setting next_dagrun for example_dag_decorator to None
[2022-02-22 00:00:39,970] {processor.py:171} INFO - Processing /home/airflow/.local/lib/python3.7/site-packages/airflow/example_dags/example_dag_decorator.py took 1.229 seconds
[2022-02-22 00:01:10,508] {processor.py:163} INFO - Started process (PID=6657) to work on /home/airflow/.local/lib/python3.7/site-packages/airflow/example_dags/example_dag_decorator.py
[2022-02-22 00:01:10,514] {processor.py:642} INFO - Processing file /home/airflow/.local/lib/python3.7/site-packages/airflow/example_dags/example_dag_decorator.py for tasks to queue
[2022-02-22 00:01:10,517] {logging_mixin.py:109} INFO - [2022-02-22 00:01:10,517] {dagbag.py:500} INFO - Filling up the DagBag from /home/airflow/.local/lib/python3.7/site-packages/airflow/example_dags/example_dag_decorator.py
[2022-02-22 00:01:10,634] {processor.py:654} INFO - DAG(s) dict_keys(['example_dag_decorator']) retrieved from /home/airflow/.local/lib/python3.7/site-packages/airflow/example_dags/example_dag_decorator.py
[2022-02-22 00:01:11,718] {logging_mixin.py:109} INFO - [2022-02-22 00:01:11,717] {dag.py:2396} INFO - Sync 1 DAGs
[2022-02-22 00:01:11,786] {logging_mixin.py:109} INFO - [2022-02-22 00:01:11,785] {dag.py:2935} INFO - Setting next_dagrun for example_dag_decorator to None
[2022-02-22 00:01:11,834] {processor.py:171} INFO - Processing /home/airflow/.local/lib/python3.7/site-packages/airflow/example_dags/example_dag_decorator.py took 1.332 seconds
[2022-02-22 00:01:42,113] {processor.py:163} INFO - Started process (PID=6755) to work on /home/airflow/.local/lib/python3.7/site-packages/airflow/example_dags/example_dag_decorator.py
[2022-02-22 00:01:42,120] {processor.py:642} INFO - Processing file /home/airflow/.local/lib/python3.7/site-packages/airflow/example_dags/example_dag_decorator.py for tasks to queue
[2022-02-22 00:01:42,124] {logging_mixin.py:109} INFO - [2022-02-22 00:01:42,124] {dagbag.py:500} INFO - Filling up the DagBag from /home/airflow/.local/lib/python3.7/site-packages/airflow/example_dags/example_dag_decorator.py
[2022-02-22 00:01:42,236] {processor.py:654} INFO - DAG(s) dict_keys(['example_dag_decorator']) retrieved from /home/airflow/.local/lib/python3.7/site-packages/airflow/example_dags/example_dag_decorator.py
[2022-02-22 00:01:43,269] {logging_mixin.py:109} INFO - [2022-02-22 00:01:43,269] {dag.py:2396} INFO - Sync 1 DAGs
[2022-02-22 00:01:43,335] {logging_mixin.py:109} INFO - [2022-02-22 00:01:43,335] {dag.py:2935} INFO - Setting next_dagrun for example_dag_decorator to None
[2022-02-22 00:01:43,390] {processor.py:171} INFO - Processing /home/airflow/.local/lib/python3.7/site-packages/airflow/example_dags/example_dag_decorator.py took 1.287 seconds
[2022-02-22 00:02:13,782] {processor.py:163} INFO - Started process (PID=6847) to work on /home/airflow/.local/lib/python3.7/site-packages/airflow/example_dags/example_dag_decorator.py
[2022-02-22 00:02:13,788] {processor.py:642} INFO - Processing file /home/airflow/.local/lib/python3.7/site-packages/airflow/example_dags/example_dag_decorator.py for tasks to queue
[2022-02-22 00:02:13,793] {logging_mixin.py:109} INFO - [2022-02-22 00:02:13,792] {dagbag.py:500} INFO - Filling up the DagBag from /home/airflow/.local/lib/python3.7/site-packages/airflow/example_dags/example_dag_decorator.py
[2022-02-22 00:02:13,932] {processor.py:654} INFO - DAG(s) dict_keys(['example_dag_decorator']) retrieved from /home/airflow/.local/lib/python3.7/site-packages/airflow/example_dags/example_dag_decorator.py
[2022-02-22 00:02:15,162] {logging_mixin.py:109} INFO - [2022-02-22 00:02:15,161] {dag.py:2396} INFO - Sync 1 DAGs
[2022-02-22 00:02:15,234] {logging_mixin.py:109} INFO - [2022-02-22 00:02:15,233] {dag.py:2935} INFO - Setting next_dagrun for example_dag_decorator to None
[2022-02-22 00:02:15,275] {processor.py:171} INFO - Processing /home/airflow/.local/lib/python3.7/site-packages/airflow/example_dags/example_dag_decorator.py took 1.503 seconds
[2022-02-22 00:02:45,382] {processor.py:163} INFO - Started process (PID=6951) to work on /home/airflow/.local/lib/python3.7/site-packages/airflow/example_dags/example_dag_decorator.py
[2022-02-22 00:02:45,388] {processor.py:642} INFO - Processing file /home/airflow/.local/lib/python3.7/site-packages/airflow/example_dags/example_dag_decorator.py for tasks to queue
[2022-02-22 00:02:45,393] {logging_mixin.py:109} INFO - [2022-02-22 00:02:45,392] {dagbag.py:500} INFO - Filling up the DagBag from /home/airflow/.local/lib/python3.7/site-packages/airflow/example_dags/example_dag_decorator.py
[2022-02-22 00:02:45,528] {processor.py:654} INFO - DAG(s) dict_keys(['example_dag_decorator']) retrieved from /home/airflow/.local/lib/python3.7/site-packages/airflow/example_dags/example_dag_decorator.py
[2022-02-22 00:02:46,635] {logging_mixin.py:109} INFO - [2022-02-22 00:02:46,635] {dag.py:2396} INFO - Sync 1 DAGs
[2022-02-22 00:02:46,701] {logging_mixin.py:109} INFO - [2022-02-22 00:02:46,700] {dag.py:2935} INFO - Setting next_dagrun for example_dag_decorator to None
[2022-02-22 00:02:46,742] {processor.py:171} INFO - Processing /home/airflow/.local/lib/python3.7/site-packages/airflow/example_dags/example_dag_decorator.py took 1.367 seconds
[2022-02-22 00:03:17,006] {processor.py:163} INFO - Started process (PID=7038) to work on /home/airflow/.local/lib/python3.7/site-packages/airflow/example_dags/example_dag_decorator.py
[2022-02-22 00:03:17,010] {processor.py:642} INFO - Processing file /home/airflow/.local/lib/python3.7/site-packages/airflow/example_dags/example_dag_decorator.py for tasks to queue
[2022-02-22 00:03:17,014] {logging_mixin.py:109} INFO - [2022-02-22 00:03:17,013] {dagbag.py:500} INFO - Filling up the DagBag from /home/airflow/.local/lib/python3.7/site-packages/airflow/example_dags/example_dag_decorator.py
[2022-02-22 00:03:17,118] {processor.py:654} INFO - DAG(s) dict_keys(['example_dag_decorator']) retrieved from /home/airflow/.local/lib/python3.7/site-packages/airflow/example_dags/example_dag_decorator.py
[2022-02-22 00:03:18,071] {logging_mixin.py:109} INFO - [2022-02-22 00:03:18,071] {dag.py:2396} INFO - Sync 1 DAGs
[2022-02-22 00:03:18,130] {logging_mixin.py:109} INFO - [2022-02-22 00:03:18,129] {dag.py:2935} INFO - Setting next_dagrun for example_dag_decorator to None
[2022-02-22 00:03:18,166] {processor.py:171} INFO - Processing /home/airflow/.local/lib/python3.7/site-packages/airflow/example_dags/example_dag_decorator.py took 1.168 seconds
[2022-02-22 00:03:48,289] {processor.py:163} INFO - Started process (PID=7142) to work on /home/airflow/.local/lib/python3.7/site-packages/airflow/example_dags/example_dag_decorator.py
[2022-02-22 00:03:48,298] {processor.py:642} INFO - Processing file /home/airflow/.local/lib/python3.7/site-packages/airflow/example_dags/example_dag_decorator.py for tasks to queue
[2022-02-22 00:03:48,302] {logging_mixin.py:109} INFO - [2022-02-22 00:03:48,302] {dagbag.py:500} INFO - Filling up the DagBag from /home/airflow/.local/lib/python3.7/site-packages/airflow/example_dags/example_dag_decorator.py
[2022-02-22 00:03:48,444] {processor.py:654} INFO - DAG(s) dict_keys(['example_dag_decorator']) retrieved from /home/airflow/.local/lib/python3.7/site-packages/airflow/example_dags/example_dag_decorator.py
[2022-02-22 00:03:49,507] {logging_mixin.py:109} INFO - [2022-02-22 00:03:49,506] {dag.py:2396} INFO - Sync 1 DAGs
[2022-02-22 00:03:49,570] {logging_mixin.py:109} INFO - [2022-02-22 00:03:49,570] {dag.py:2935} INFO - Setting next_dagrun for example_dag_decorator to None
[2022-02-22 00:03:49,609] {processor.py:171} INFO - Processing /home/airflow/.local/lib/python3.7/site-packages/airflow/example_dags/example_dag_decorator.py took 1.328 seconds
[2022-02-22 00:04:19,989] {processor.py:163} INFO - Started process (PID=7230) to work on /home/airflow/.local/lib/python3.7/site-packages/airflow/example_dags/example_dag_decorator.py
[2022-02-22 00:04:19,993] {processor.py:642} INFO - Processing file /home/airflow/.local/lib/python3.7/site-packages/airflow/example_dags/example_dag_decorator.py for tasks to queue
[2022-02-22 00:04:19,995] {logging_mixin.py:109} INFO - [2022-02-22 00:04:19,995] {dagbag.py:500} INFO - Filling up the DagBag from /home/airflow/.local/lib/python3.7/site-packages/airflow/example_dags/example_dag_decorator.py
[2022-02-22 00:04:20,092] {processor.py:654} INFO - DAG(s) dict_keys(['example_dag_decorator']) retrieved from /home/airflow/.local/lib/python3.7/site-packages/airflow/example_dags/example_dag_decorator.py
[2022-02-22 00:04:20,943] {logging_mixin.py:109} INFO - [2022-02-22 00:04:20,942] {dag.py:2396} INFO - Sync 1 DAGs
[2022-02-22 00:04:20,996] {logging_mixin.py:109} INFO - [2022-02-22 00:04:20,996] {dag.py:2935} INFO - Setting next_dagrun for example_dag_decorator to None
[2022-02-22 00:04:21,028] {processor.py:171} INFO - Processing /home/airflow/.local/lib/python3.7/site-packages/airflow/example_dags/example_dag_decorator.py took 1.047 seconds
[2022-02-22 00:04:51,955] {processor.py:163} INFO - Started process (PID=7333) to work on /home/airflow/.local/lib/python3.7/site-packages/airflow/example_dags/example_dag_decorator.py
[2022-02-22 00:04:51,961] {processor.py:642} INFO - Processing file /home/airflow/.local/lib/python3.7/site-packages/airflow/example_dags/example_dag_decorator.py for tasks to queue
[2022-02-22 00:04:51,965] {logging_mixin.py:109} INFO - [2022-02-22 00:04:51,965] {dagbag.py:500} INFO - Filling up the DagBag from /home/airflow/.local/lib/python3.7/site-packages/airflow/example_dags/example_dag_decorator.py
[2022-02-22 00:04:52,095] {processor.py:654} INFO - DAG(s) dict_keys(['example_dag_decorator']) retrieved from /home/airflow/.local/lib/python3.7/site-packages/airflow/example_dags/example_dag_decorator.py
[2022-02-22 00:04:53,113] {logging_mixin.py:109} INFO - [2022-02-22 00:04:53,113] {dag.py:2396} INFO - Sync 1 DAGs
[2022-02-22 00:04:53,176] {logging_mixin.py:109} INFO - [2022-02-22 00:04:53,176] {dag.py:2935} INFO - Setting next_dagrun for example_dag_decorator to None
[2022-02-22 00:04:53,215] {processor.py:171} INFO - Processing /home/airflow/.local/lib/python3.7/site-packages/airflow/example_dags/example_dag_decorator.py took 1.268 seconds
[2022-02-22 00:05:23,416] {processor.py:163} INFO - Started process (PID=7431) to work on /home/airflow/.local/lib/python3.7/site-packages/airflow/example_dags/example_dag_decorator.py
[2022-02-22 00:05:23,420] {processor.py:642} INFO - Processing file /home/airflow/.local/lib/python3.7/site-packages/airflow/example_dags/example_dag_decorator.py for tasks to queue
[2022-02-22 00:05:23,423] {logging_mixin.py:109} INFO - [2022-02-22 00:05:23,422] {dagbag.py:500} INFO - Filling up the DagBag from /home/airflow/.local/lib/python3.7/site-packages/airflow/example_dags/example_dag_decorator.py
[2022-02-22 00:05:23,534] {processor.py:654} INFO - DAG(s) dict_keys(['example_dag_decorator']) retrieved from /home/airflow/.local/lib/python3.7/site-packages/airflow/example_dags/example_dag_decorator.py
[2022-02-22 00:05:24,614] {logging_mixin.py:109} INFO - [2022-02-22 00:05:24,614] {dag.py:2396} INFO - Sync 1 DAGs
[2022-02-22 00:05:24,682] {logging_mixin.py:109} INFO - [2022-02-22 00:05:24,682] {dag.py:2935} INFO - Setting next_dagrun for example_dag_decorator to None
[2022-02-22 00:05:24,724] {processor.py:171} INFO - Processing /home/airflow/.local/lib/python3.7/site-packages/airflow/example_dags/example_dag_decorator.py took 1.316 seconds
[2022-02-22 00:05:55,006] {processor.py:163} INFO - Started process (PID=7524) to work on /home/airflow/.local/lib/python3.7/site-packages/airflow/example_dags/example_dag_decorator.py
[2022-02-22 00:05:55,015] {processor.py:642} INFO - Processing file /home/airflow/.local/lib/python3.7/site-packages/airflow/example_dags/example_dag_decorator.py for tasks to queue
[2022-02-22 00:05:55,019] {logging_mixin.py:109} INFO - [2022-02-22 00:05:55,018] {dagbag.py:500} INFO - Filling up the DagBag from /home/airflow/.local/lib/python3.7/site-packages/airflow/example_dags/example_dag_decorator.py
[2022-02-22 00:05:55,143] {processor.py:654} INFO - DAG(s) dict_keys(['example_dag_decorator']) retrieved from /home/airflow/.local/lib/python3.7/site-packages/airflow/example_dags/example_dag_decorator.py
[2022-02-22 00:05:56,282] {logging_mixin.py:109} INFO - [2022-02-22 00:05:56,282] {dag.py:2396} INFO - Sync 1 DAGs
[2022-02-22 00:05:56,348] {logging_mixin.py:109} INFO - [2022-02-22 00:05:56,347] {dag.py:2935} INFO - Setting next_dagrun for example_dag_decorator to None
[2022-02-22 00:05:56,388] {processor.py:171} INFO - Processing /home/airflow/.local/lib/python3.7/site-packages/airflow/example_dags/example_dag_decorator.py took 1.391 seconds
[2022-02-22 00:06:27,065] {processor.py:163} INFO - Started process (PID=7628) to work on /home/airflow/.local/lib/python3.7/site-packages/airflow/example_dags/example_dag_decorator.py
[2022-02-22 00:06:27,073] {processor.py:642} INFO - Processing file /home/airflow/.local/lib/python3.7/site-packages/airflow/example_dags/example_dag_decorator.py for tasks to queue
[2022-02-22 00:06:27,080] {logging_mixin.py:109} INFO - [2022-02-22 00:06:27,080] {dagbag.py:500} INFO - Filling up the DagBag from /home/airflow/.local/lib/python3.7/site-packages/airflow/example_dags/example_dag_decorator.py
[2022-02-22 00:06:27,195] {processor.py:654} INFO - DAG(s) dict_keys(['example_dag_decorator']) retrieved from /home/airflow/.local/lib/python3.7/site-packages/airflow/example_dags/example_dag_decorator.py
[2022-02-22 00:06:28,186] {logging_mixin.py:109} INFO - [2022-02-22 00:06:28,186] {dag.py:2396} INFO - Sync 1 DAGs
[2022-02-22 00:06:28,250] {logging_mixin.py:109} INFO - [2022-02-22 00:06:28,250] {dag.py:2935} INFO - Setting next_dagrun for example_dag_decorator to None
[2022-02-22 00:06:28,287] {processor.py:171} INFO - Processing /home/airflow/.local/lib/python3.7/site-packages/airflow/example_dags/example_dag_decorator.py took 1.230 seconds
[2022-02-22 00:06:58,438] {processor.py:163} INFO - Started process (PID=7714) to work on /home/airflow/.local/lib/python3.7/site-packages/airflow/example_dags/example_dag_decorator.py
[2022-02-22 00:06:58,443] {processor.py:642} INFO - Processing file /home/airflow/.local/lib/python3.7/site-packages/airflow/example_dags/example_dag_decorator.py for tasks to queue
[2022-02-22 00:06:58,446] {logging_mixin.py:109} INFO - [2022-02-22 00:06:58,446] {dagbag.py:500} INFO - Filling up the DagBag from /home/airflow/.local/lib/python3.7/site-packages/airflow/example_dags/example_dag_decorator.py
[2022-02-22 00:06:58,536] {processor.py:654} INFO - DAG(s) dict_keys(['example_dag_decorator']) retrieved from /home/airflow/.local/lib/python3.7/site-packages/airflow/example_dags/example_dag_decorator.py
[2022-02-22 00:06:59,317] {logging_mixin.py:109} INFO - [2022-02-22 00:06:59,316] {dag.py:2396} INFO - Sync 1 DAGs
[2022-02-22 00:06:59,373] {logging_mixin.py:109} INFO - [2022-02-22 00:06:59,373] {dag.py:2935} INFO - Setting next_dagrun for example_dag_decorator to None
[2022-02-22 00:06:59,414] {processor.py:171} INFO - Processing /home/airflow/.local/lib/python3.7/site-packages/airflow/example_dags/example_dag_decorator.py took 0.982 seconds
[2022-02-22 00:07:30,089] {processor.py:163} INFO - Started process (PID=7820) to work on /home/airflow/.local/lib/python3.7/site-packages/airflow/example_dags/example_dag_decorator.py
[2022-02-22 00:07:30,099] {processor.py:642} INFO - Processing file /home/airflow/.local/lib/python3.7/site-packages/airflow/example_dags/example_dag_decorator.py for tasks to queue
[2022-02-22 00:07:30,103] {logging_mixin.py:109} INFO - [2022-02-22 00:07:30,102] {dagbag.py:500} INFO - Filling up the DagBag from /home/airflow/.local/lib/python3.7/site-packages/airflow/example_dags/example_dag_decorator.py
[2022-02-22 00:07:30,228] {processor.py:654} INFO - DAG(s) dict_keys(['example_dag_decorator']) retrieved from /home/airflow/.local/lib/python3.7/site-packages/airflow/example_dags/example_dag_decorator.py
[2022-02-22 00:07:31,293] {logging_mixin.py:109} INFO - [2022-02-22 00:07:31,293] {dag.py:2396} INFO - Sync 1 DAGs
[2022-02-22 00:07:31,358] {logging_mixin.py:109} INFO - [2022-02-22 00:07:31,358] {dag.py:2935} INFO - Setting next_dagrun for example_dag_decorator to None
[2022-02-22 00:07:31,397] {processor.py:171} INFO - Processing /home/airflow/.local/lib/python3.7/site-packages/airflow/example_dags/example_dag_decorator.py took 1.316 seconds
[2022-02-22 00:08:01,500] {processor.py:163} INFO - Started process (PID=7907) to work on /home/airflow/.local/lib/python3.7/site-packages/airflow/example_dags/example_dag_decorator.py
[2022-02-22 00:08:01,505] {processor.py:642} INFO - Processing file /home/airflow/.local/lib/python3.7/site-packages/airflow/example_dags/example_dag_decorator.py for tasks to queue
[2022-02-22 00:08:01,508] {logging_mixin.py:109} INFO - [2022-02-22 00:08:01,508] {dagbag.py:500} INFO - Filling up the DagBag from /home/airflow/.local/lib/python3.7/site-packages/airflow/example_dags/example_dag_decorator.py
[2022-02-22 00:08:01,612] {processor.py:654} INFO - DAG(s) dict_keys(['example_dag_decorator']) retrieved from /home/airflow/.local/lib/python3.7/site-packages/airflow/example_dags/example_dag_decorator.py
[2022-02-22 00:08:02,718] {logging_mixin.py:109} INFO - [2022-02-22 00:08:02,717] {dag.py:2396} INFO - Sync 1 DAGs
[2022-02-22 00:08:02,824] {logging_mixin.py:109} INFO - [2022-02-22 00:08:02,823] {dag.py:2935} INFO - Setting next_dagrun for example_dag_decorator to None
[2022-02-22 00:08:02,867] {processor.py:171} INFO - Processing /home/airflow/.local/lib/python3.7/site-packages/airflow/example_dags/example_dag_decorator.py took 1.375 seconds
[2022-02-22 00:08:33,249] {processor.py:163} INFO - Started process (PID=8018) to work on /home/airflow/.local/lib/python3.7/site-packages/airflow/example_dags/example_dag_decorator.py
[2022-02-22 00:08:33,259] {processor.py:642} INFO - Processing file /home/airflow/.local/lib/python3.7/site-packages/airflow/example_dags/example_dag_decorator.py for tasks to queue
[2022-02-22 00:08:33,266] {logging_mixin.py:109} INFO - [2022-02-22 00:08:33,265] {dagbag.py:500} INFO - Filling up the DagBag from /home/airflow/.local/lib/python3.7/site-packages/airflow/example_dags/example_dag_decorator.py
[2022-02-22 00:08:33,393] {processor.py:654} INFO - DAG(s) dict_keys(['example_dag_decorator']) retrieved from /home/airflow/.local/lib/python3.7/site-packages/airflow/example_dags/example_dag_decorator.py
[2022-02-22 00:08:34,523] {logging_mixin.py:109} INFO - [2022-02-22 00:08:34,522] {dag.py:2396} INFO - Sync 1 DAGs
[2022-02-22 00:08:34,590] {logging_mixin.py:109} INFO - [2022-02-22 00:08:34,589] {dag.py:2935} INFO - Setting next_dagrun for example_dag_decorator to None
[2022-02-22 00:08:34,629] {processor.py:171} INFO - Processing /home/airflow/.local/lib/python3.7/site-packages/airflow/example_dags/example_dag_decorator.py took 1.389 seconds
[2022-02-22 00:09:04,933] {processor.py:163} INFO - Started process (PID=8128) to work on /home/airflow/.local/lib/python3.7/site-packages/airflow/example_dags/example_dag_decorator.py
[2022-02-22 00:09:04,938] {processor.py:642} INFO - Processing file /home/airflow/.local/lib/python3.7/site-packages/airflow/example_dags/example_dag_decorator.py for tasks to queue
[2022-02-22 00:09:04,942] {logging_mixin.py:109} INFO - [2022-02-22 00:09:04,942] {dagbag.py:500} INFO - Filling up the DagBag from /home/airflow/.local/lib/python3.7/site-packages/airflow/example_dags/example_dag_decorator.py
[2022-02-22 00:09:05,055] {processor.py:654} INFO - DAG(s) dict_keys(['example_dag_decorator']) retrieved from /home/airflow/.local/lib/python3.7/site-packages/airflow/example_dags/example_dag_decorator.py
[2022-02-22 00:09:06,191] {logging_mixin.py:109} INFO - [2022-02-22 00:09:06,190] {dag.py:2396} INFO - Sync 1 DAGs
[2022-02-22 00:09:06,260] {logging_mixin.py:109} INFO - [2022-02-22 00:09:06,260] {dag.py:2935} INFO - Setting next_dagrun for example_dag_decorator to None
[2022-02-22 00:09:06,302] {processor.py:171} INFO - Processing /home/airflow/.local/lib/python3.7/site-packages/airflow/example_dags/example_dag_decorator.py took 1.377 seconds
[2022-02-22 00:09:36,907] {processor.py:163} INFO - Started process (PID=8219) to work on /home/airflow/.local/lib/python3.7/site-packages/airflow/example_dags/example_dag_decorator.py
[2022-02-22 00:09:36,912] {processor.py:642} INFO - Processing file /home/airflow/.local/lib/python3.7/site-packages/airflow/example_dags/example_dag_decorator.py for tasks to queue
[2022-02-22 00:09:36,915] {logging_mixin.py:109} INFO - [2022-02-22 00:09:36,915] {dagbag.py:500} INFO - Filling up the DagBag from /home/airflow/.local/lib/python3.7/site-packages/airflow/example_dags/example_dag_decorator.py
[2022-02-22 00:09:37,026] {processor.py:654} INFO - DAG(s) dict_keys(['example_dag_decorator']) retrieved from /home/airflow/.local/lib/python3.7/site-packages/airflow/example_dags/example_dag_decorator.py
[2022-02-22 00:09:37,970] {logging_mixin.py:109} INFO - [2022-02-22 00:09:37,969] {dag.py:2396} INFO - Sync 1 DAGs
[2022-02-22 00:09:38,038] {logging_mixin.py:109} INFO - [2022-02-22 00:09:38,038] {dag.py:2935} INFO - Setting next_dagrun for example_dag_decorator to None
[2022-02-22 00:09:38,085] {processor.py:171} INFO - Processing /home/airflow/.local/lib/python3.7/site-packages/airflow/example_dags/example_dag_decorator.py took 1.184 seconds
[2022-02-22 00:10:08,582] {processor.py:163} INFO - Started process (PID=8324) to work on /home/airflow/.local/lib/python3.7/site-packages/airflow/example_dags/example_dag_decorator.py
[2022-02-22 00:10:08,587] {processor.py:642} INFO - Processing file /home/airflow/.local/lib/python3.7/site-packages/airflow/example_dags/example_dag_decorator.py for tasks to queue
[2022-02-22 00:10:08,591] {logging_mixin.py:109} INFO - [2022-02-22 00:10:08,590] {dagbag.py:500} INFO - Filling up the DagBag from /home/airflow/.local/lib/python3.7/site-packages/airflow/example_dags/example_dag_decorator.py
[2022-02-22 00:10:08,718] {processor.py:654} INFO - DAG(s) dict_keys(['example_dag_decorator']) retrieved from /home/airflow/.local/lib/python3.7/site-packages/airflow/example_dags/example_dag_decorator.py
[2022-02-22 00:10:09,782] {logging_mixin.py:109} INFO - [2022-02-22 00:10:09,781] {dag.py:2396} INFO - Sync 1 DAGs
[2022-02-22 00:10:09,849] {logging_mixin.py:109} INFO - [2022-02-22 00:10:09,848] {dag.py:2935} INFO - Setting next_dagrun for example_dag_decorator to None
[2022-02-22 00:10:09,888] {processor.py:171} INFO - Processing /home/airflow/.local/lib/python3.7/site-packages/airflow/example_dags/example_dag_decorator.py took 1.316 seconds
[2022-02-22 00:10:39,992] {processor.py:163} INFO - Started process (PID=8415) to work on /home/airflow/.local/lib/python3.7/site-packages/airflow/example_dags/example_dag_decorator.py
[2022-02-22 00:10:39,996] {processor.py:642} INFO - Processing file /home/airflow/.local/lib/python3.7/site-packages/airflow/example_dags/example_dag_decorator.py for tasks to queue
[2022-02-22 00:10:39,999] {logging_mixin.py:109} INFO - [2022-02-22 00:10:39,998] {dagbag.py:500} INFO - Filling up the DagBag from /home/airflow/.local/lib/python3.7/site-packages/airflow/example_dags/example_dag_decorator.py
[2022-02-22 00:10:40,097] {processor.py:654} INFO - DAG(s) dict_keys(['example_dag_decorator']) retrieved from /home/airflow/.local/lib/python3.7/site-packages/airflow/example_dags/example_dag_decorator.py
[2022-02-22 00:10:40,991] {logging_mixin.py:109} INFO - [2022-02-22 00:10:40,991] {dag.py:2396} INFO - Sync 1 DAGs
[2022-02-22 00:10:41,044] {logging_mixin.py:109} INFO - [2022-02-22 00:10:41,043] {dag.py:2935} INFO - Setting next_dagrun for example_dag_decorator to None
[2022-02-22 00:10:41,083] {processor.py:171} INFO - Processing /home/airflow/.local/lib/python3.7/site-packages/airflow/example_dags/example_dag_decorator.py took 1.099 seconds
[2022-02-22 00:11:11,941] {processor.py:163} INFO - Started process (PID=8529) to work on /home/airflow/.local/lib/python3.7/site-packages/airflow/example_dags/example_dag_decorator.py
[2022-02-22 00:11:11,945] {processor.py:642} INFO - Processing file /home/airflow/.local/lib/python3.7/site-packages/airflow/example_dags/example_dag_decorator.py for tasks to queue
[2022-02-22 00:11:11,949] {logging_mixin.py:109} INFO - [2022-02-22 00:11:11,948] {dagbag.py:500} INFO - Filling up the DagBag from /home/airflow/.local/lib/python3.7/site-packages/airflow/example_dags/example_dag_decorator.py
[2022-02-22 00:11:12,056] {processor.py:654} INFO - DAG(s) dict_keys(['example_dag_decorator']) retrieved from /home/airflow/.local/lib/python3.7/site-packages/airflow/example_dags/example_dag_decorator.py
[2022-02-22 00:11:13,126] {logging_mixin.py:109} INFO - [2022-02-22 00:11:13,125] {dag.py:2396} INFO - Sync 1 DAGs
[2022-02-22 00:11:13,195] {logging_mixin.py:109} INFO - [2022-02-22 00:11:13,195] {dag.py:2935} INFO - Setting next_dagrun for example_dag_decorator to None
[2022-02-22 00:11:13,233] {processor.py:171} INFO - Processing /home/airflow/.local/lib/python3.7/site-packages/airflow/example_dags/example_dag_decorator.py took 1.301 seconds
[2022-02-22 00:11:43,664] {processor.py:163} INFO - Started process (PID=8627) to work on /home/airflow/.local/lib/python3.7/site-packages/airflow/example_dags/example_dag_decorator.py
[2022-02-22 00:11:43,671] {processor.py:642} INFO - Processing file /home/airflow/.local/lib/python3.7/site-packages/airflow/example_dags/example_dag_decorator.py for tasks to queue
[2022-02-22 00:11:43,675] {logging_mixin.py:109} INFO - [2022-02-22 00:11:43,674] {dagbag.py:500} INFO - Filling up the DagBag from /home/airflow/.local/lib/python3.7/site-packages/airflow/example_dags/example_dag_decorator.py
[2022-02-22 00:11:43,806] {processor.py:654} INFO - DAG(s) dict_keys(['example_dag_decorator']) retrieved from /home/airflow/.local/lib/python3.7/site-packages/airflow/example_dags/example_dag_decorator.py
[2022-02-22 00:11:44,900] {logging_mixin.py:109} INFO - [2022-02-22 00:11:44,899] {dag.py:2396} INFO - Sync 1 DAGs
[2022-02-22 00:11:44,966] {logging_mixin.py:109} INFO - [2022-02-22 00:11:44,966] {dag.py:2935} INFO - Setting next_dagrun for example_dag_decorator to None
[2022-02-22 00:11:45,005] {processor.py:171} INFO - Processing /home/airflow/.local/lib/python3.7/site-packages/airflow/example_dags/example_dag_decorator.py took 1.348 seconds
[2022-02-22 00:12:15,970] {processor.py:163} INFO - Started process (PID=8728) to work on /home/airflow/.local/lib/python3.7/site-packages/airflow/example_dags/example_dag_decorator.py
[2022-02-22 00:12:15,975] {processor.py:642} INFO - Processing file /home/airflow/.local/lib/python3.7/site-packages/airflow/example_dags/example_dag_decorator.py for tasks to queue
[2022-02-22 00:12:15,980] {logging_mixin.py:109} INFO - [2022-02-22 00:12:15,979] {dagbag.py:500} INFO - Filling up the DagBag from /home/airflow/.local/lib/python3.7/site-packages/airflow/example_dags/example_dag_decorator.py
[2022-02-22 00:12:16,096] {processor.py:654} INFO - DAG(s) dict_keys(['example_dag_decorator']) retrieved from /home/airflow/.local/lib/python3.7/site-packages/airflow/example_dags/example_dag_decorator.py
[2022-02-22 00:12:17,067] {logging_mixin.py:109} INFO - [2022-02-22 00:12:17,067] {dag.py:2396} INFO - Sync 1 DAGs
[2022-02-22 00:12:17,126] {logging_mixin.py:109} INFO - [2022-02-22 00:12:17,125] {dag.py:2935} INFO - Setting next_dagrun for example_dag_decorator to None
[2022-02-22 00:12:17,163] {processor.py:171} INFO - Processing /home/airflow/.local/lib/python3.7/site-packages/airflow/example_dags/example_dag_decorator.py took 1.204 seconds
[2022-02-22 00:12:48,003] {processor.py:163} INFO - Started process (PID=8834) to work on /home/airflow/.local/lib/python3.7/site-packages/airflow/example_dags/example_dag_decorator.py
[2022-02-22 00:12:48,010] {processor.py:642} INFO - Processing file /home/airflow/.local/lib/python3.7/site-packages/airflow/example_dags/example_dag_decorator.py for tasks to queue
[2022-02-22 00:12:48,015] {logging_mixin.py:109} INFO - [2022-02-22 00:12:48,015] {dagbag.py:500} INFO - Filling up the DagBag from /home/airflow/.local/lib/python3.7/site-packages/airflow/example_dags/example_dag_decorator.py
[2022-02-22 00:12:48,130] {processor.py:654} INFO - DAG(s) dict_keys(['example_dag_decorator']) retrieved from /home/airflow/.local/lib/python3.7/site-packages/airflow/example_dags/example_dag_decorator.py
[2022-02-22 00:12:49,232] {logging_mixin.py:109} INFO - [2022-02-22 00:12:49,231] {dag.py:2396} INFO - Sync 1 DAGs
[2022-02-22 00:12:49,295] {logging_mixin.py:109} INFO - [2022-02-22 00:12:49,294] {dag.py:2935} INFO - Setting next_dagrun for example_dag_decorator to None
[2022-02-22 00:12:49,333] {processor.py:171} INFO - Processing /home/airflow/.local/lib/python3.7/site-packages/airflow/example_dags/example_dag_decorator.py took 1.338 seconds
[2022-02-22 00:13:19,433] {processor.py:163} INFO - Started process (PID=8925) to work on /home/airflow/.local/lib/python3.7/site-packages/airflow/example_dags/example_dag_decorator.py
[2022-02-22 00:13:19,439] {processor.py:642} INFO - Processing file /home/airflow/.local/lib/python3.7/site-packages/airflow/example_dags/example_dag_decorator.py for tasks to queue
[2022-02-22 00:13:19,442] {logging_mixin.py:109} INFO - [2022-02-22 00:13:19,441] {dagbag.py:500} INFO - Filling up the DagBag from /home/airflow/.local/lib/python3.7/site-packages/airflow/example_dags/example_dag_decorator.py
[2022-02-22 00:13:19,554] {processor.py:654} INFO - DAG(s) dict_keys(['example_dag_decorator']) retrieved from /home/airflow/.local/lib/python3.7/site-packages/airflow/example_dags/example_dag_decorator.py
[2022-02-22 00:13:20,378] {logging_mixin.py:109} INFO - [2022-02-22 00:13:20,378] {dag.py:2396} INFO - Sync 1 DAGs
[2022-02-22 00:13:20,433] {logging_mixin.py:109} INFO - [2022-02-22 00:13:20,432] {dag.py:2935} INFO - Setting next_dagrun for example_dag_decorator to None
[2022-02-22 00:13:20,465] {processor.py:171} INFO - Processing /home/airflow/.local/lib/python3.7/site-packages/airflow/example_dags/example_dag_decorator.py took 1.040 seconds
[2022-02-22 00:13:51,577] {processor.py:163} INFO - Started process (PID=9031) to work on /home/airflow/.local/lib/python3.7/site-packages/airflow/example_dags/example_dag_decorator.py
[2022-02-22 00:13:51,582] {processor.py:642} INFO - Processing file /home/airflow/.local/lib/python3.7/site-packages/airflow/example_dags/example_dag_decorator.py for tasks to queue
[2022-02-22 00:13:51,587] {logging_mixin.py:109} INFO - [2022-02-22 00:13:51,587] {dagbag.py:500} INFO - Filling up the DagBag from /home/airflow/.local/lib/python3.7/site-packages/airflow/example_dags/example_dag_decorator.py
[2022-02-22 00:13:51,701] {processor.py:654} INFO - DAG(s) dict_keys(['example_dag_decorator']) retrieved from /home/airflow/.local/lib/python3.7/site-packages/airflow/example_dags/example_dag_decorator.py
[2022-02-22 00:13:52,748] {logging_mixin.py:109} INFO - [2022-02-22 00:13:52,747] {dag.py:2396} INFO - Sync 1 DAGs
[2022-02-22 00:13:52,808] {logging_mixin.py:109} INFO - [2022-02-22 00:13:52,808] {dag.py:2935} INFO - Setting next_dagrun for example_dag_decorator to None
[2022-02-22 00:13:52,846] {processor.py:171} INFO - Processing /home/airflow/.local/lib/python3.7/site-packages/airflow/example_dags/example_dag_decorator.py took 1.284 seconds
[2022-02-22 00:14:22,937] {processor.py:163} INFO - Started process (PID=9129) to work on /home/airflow/.local/lib/python3.7/site-packages/airflow/example_dags/example_dag_decorator.py
[2022-02-22 00:14:22,942] {processor.py:642} INFO - Processing file /home/airflow/.local/lib/python3.7/site-packages/airflow/example_dags/example_dag_decorator.py for tasks to queue
[2022-02-22 00:14:22,945] {logging_mixin.py:109} INFO - [2022-02-22 00:14:22,945] {dagbag.py:500} INFO - Filling up the DagBag from /home/airflow/.local/lib/python3.7/site-packages/airflow/example_dags/example_dag_decorator.py
[2022-02-22 00:14:23,052] {processor.py:654} INFO - DAG(s) dict_keys(['example_dag_decorator']) retrieved from /home/airflow/.local/lib/python3.7/site-packages/airflow/example_dags/example_dag_decorator.py
[2022-02-22 00:14:24,087] {logging_mixin.py:109} INFO - [2022-02-22 00:14:24,087] {dag.py:2396} INFO - Sync 1 DAGs
[2022-02-22 00:14:24,154] {logging_mixin.py:109} INFO - [2022-02-22 00:14:24,154] {dag.py:2935} INFO - Setting next_dagrun for example_dag_decorator to None
[2022-02-22 00:14:24,195] {processor.py:171} INFO - Processing /home/airflow/.local/lib/python3.7/site-packages/airflow/example_dags/example_dag_decorator.py took 1.266 seconds
[2022-02-22 00:14:54,402] {processor.py:163} INFO - Started process (PID=9222) to work on /home/airflow/.local/lib/python3.7/site-packages/airflow/example_dags/example_dag_decorator.py
[2022-02-22 00:14:54,407] {processor.py:642} INFO - Processing file /home/airflow/.local/lib/python3.7/site-packages/airflow/example_dags/example_dag_decorator.py for tasks to queue
[2022-02-22 00:14:54,415] {logging_mixin.py:109} INFO - [2022-02-22 00:14:54,414] {dagbag.py:500} INFO - Filling up the DagBag from /home/airflow/.local/lib/python3.7/site-packages/airflow/example_dags/example_dag_decorator.py
[2022-02-22 00:14:54,523] {processor.py:654} INFO - DAG(s) dict_keys(['example_dag_decorator']) retrieved from /home/airflow/.local/lib/python3.7/site-packages/airflow/example_dags/example_dag_decorator.py
[2022-02-22 00:14:55,642] {logging_mixin.py:109} INFO - [2022-02-22 00:14:55,641] {dag.py:2396} INFO - Sync 1 DAGs
[2022-02-22 00:14:55,705] {logging_mixin.py:109} INFO - [2022-02-22 00:14:55,704] {dag.py:2935} INFO - Setting next_dagrun for example_dag_decorator to None
[2022-02-22 00:14:55,742] {processor.py:171} INFO - Processing /home/airflow/.local/lib/python3.7/site-packages/airflow/example_dags/example_dag_decorator.py took 1.348 seconds
[2022-02-22 00:15:26,003] {processor.py:163} INFO - Started process (PID=9327) to work on /home/airflow/.local/lib/python3.7/site-packages/airflow/example_dags/example_dag_decorator.py
[2022-02-22 00:15:26,008] {processor.py:642} INFO - Processing file /home/airflow/.local/lib/python3.7/site-packages/airflow/example_dags/example_dag_decorator.py for tasks to queue
[2022-02-22 00:15:26,012] {logging_mixin.py:109} INFO - [2022-02-22 00:15:26,012] {dagbag.py:500} INFO - Filling up the DagBag from /home/airflow/.local/lib/python3.7/site-packages/airflow/example_dags/example_dag_decorator.py
[2022-02-22 00:15:26,122] {processor.py:654} INFO - DAG(s) dict_keys(['example_dag_decorator']) retrieved from /home/airflow/.local/lib/python3.7/site-packages/airflow/example_dags/example_dag_decorator.py
[2022-02-22 00:15:27,186] {logging_mixin.py:109} INFO - [2022-02-22 00:15:27,185] {dag.py:2396} INFO - Sync 1 DAGs
[2022-02-22 00:15:27,247] {logging_mixin.py:109} INFO - [2022-02-22 00:15:27,247] {dag.py:2935} INFO - Setting next_dagrun for example_dag_decorator to None
[2022-02-22 00:15:27,283] {processor.py:171} INFO - Processing /home/airflow/.local/lib/python3.7/site-packages/airflow/example_dags/example_dag_decorator.py took 1.287 seconds
[2022-02-22 00:15:57,580] {processor.py:163} INFO - Started process (PID=9415) to work on /home/airflow/.local/lib/python3.7/site-packages/airflow/example_dags/example_dag_decorator.py
[2022-02-22 00:15:57,585] {processor.py:642} INFO - Processing file /home/airflow/.local/lib/python3.7/site-packages/airflow/example_dags/example_dag_decorator.py for tasks to queue
[2022-02-22 00:15:57,588] {logging_mixin.py:109} INFO - [2022-02-22 00:15:57,587] {dagbag.py:500} INFO - Filling up the DagBag from /home/airflow/.local/lib/python3.7/site-packages/airflow/example_dags/example_dag_decorator.py
[2022-02-22 00:15:57,691] {processor.py:654} INFO - DAG(s) dict_keys(['example_dag_decorator']) retrieved from /home/airflow/.local/lib/python3.7/site-packages/airflow/example_dags/example_dag_decorator.py
[2022-02-22 00:15:58,623] {logging_mixin.py:109} INFO - [2022-02-22 00:15:58,623] {dag.py:2396} INFO - Sync 1 DAGs
[2022-02-22 00:15:58,680] {logging_mixin.py:109} INFO - [2022-02-22 00:15:58,680] {dag.py:2935} INFO - Setting next_dagrun for example_dag_decorator to None
[2022-02-22 00:15:58,716] {processor.py:171} INFO - Processing /home/airflow/.local/lib/python3.7/site-packages/airflow/example_dags/example_dag_decorator.py took 1.143 seconds
[2022-02-22 00:16:30,743] {processor.py:163} INFO - Started process (PID=9521) to work on /home/airflow/.local/lib/python3.7/site-packages/airflow/example_dags/example_dag_decorator.py
[2022-02-22 00:16:30,748] {processor.py:642} INFO - Processing file /home/airflow/.local/lib/python3.7/site-packages/airflow/example_dags/example_dag_decorator.py for tasks to queue
[2022-02-22 00:16:30,750] {logging_mixin.py:109} INFO - [2022-02-22 00:16:30,750] {dagbag.py:500} INFO - Filling up the DagBag from /home/airflow/.local/lib/python3.7/site-packages/airflow/example_dags/example_dag_decorator.py
[2022-02-22 00:16:30,867] {processor.py:654} INFO - DAG(s) dict_keys(['example_dag_decorator']) retrieved from /home/airflow/.local/lib/python3.7/site-packages/airflow/example_dags/example_dag_decorator.py
[2022-02-22 00:16:31,867] {logging_mixin.py:109} INFO - [2022-02-22 00:16:31,867] {dag.py:2396} INFO - Sync 1 DAGs
[2022-02-22 00:16:31,930] {logging_mixin.py:109} INFO - [2022-02-22 00:16:31,929] {dag.py:2935} INFO - Setting next_dagrun for example_dag_decorator to None
[2022-02-22 00:16:31,968] {processor.py:171} INFO - Processing /home/airflow/.local/lib/python3.7/site-packages/airflow/example_dags/example_dag_decorator.py took 1.232 seconds
[2022-02-22 00:17:02,359] {processor.py:163} INFO - Started process (PID=9621) to work on /home/airflow/.local/lib/python3.7/site-packages/airflow/example_dags/example_dag_decorator.py
[2022-02-22 00:17:02,364] {processor.py:642} INFO - Processing file /home/airflow/.local/lib/python3.7/site-packages/airflow/example_dags/example_dag_decorator.py for tasks to queue
[2022-02-22 00:17:02,367] {logging_mixin.py:109} INFO - [2022-02-22 00:17:02,367] {dagbag.py:500} INFO - Filling up the DagBag from /home/airflow/.local/lib/python3.7/site-packages/airflow/example_dags/example_dag_decorator.py
[2022-02-22 00:17:02,476] {processor.py:654} INFO - DAG(s) dict_keys(['example_dag_decorator']) retrieved from /home/airflow/.local/lib/python3.7/site-packages/airflow/example_dags/example_dag_decorator.py
[2022-02-22 00:17:03,485] {logging_mixin.py:109} INFO - [2022-02-22 00:17:03,484] {dag.py:2396} INFO - Sync 1 DAGs
[2022-02-22 00:17:03,549] {logging_mixin.py:109} INFO - [2022-02-22 00:17:03,548] {dag.py:2935} INFO - Setting next_dagrun for example_dag_decorator to None
[2022-02-22 00:17:03,589] {processor.py:171} INFO - Processing /home/airflow/.local/lib/python3.7/site-packages/airflow/example_dags/example_dag_decorator.py took 1.238 seconds
