[2022-02-22 00:00:25,532] {processor.py:163} INFO - Started process (PID=6517) to work on /home/airflow/.local/lib/python3.7/site-packages/airflow/example_dags/example_branch_day_of_week_operator.py
[2022-02-22 00:00:25,536] {processor.py:642} INFO - Processing file /home/airflow/.local/lib/python3.7/site-packages/airflow/example_dags/example_branch_day_of_week_operator.py for tasks to queue
[2022-02-22 00:00:25,540] {logging_mixin.py:109} INFO - [2022-02-22 00:00:25,539] {dagbag.py:500} INFO - Filling up the DagBag from /home/airflow/.local/lib/python3.7/site-packages/airflow/example_dags/example_branch_day_of_week_operator.py
[2022-02-22 00:00:25,623] {processor.py:654} INFO - DAG(s) dict_keys(['example_weekday_branch_operator']) retrieved from /home/airflow/.local/lib/python3.7/site-packages/airflow/example_dags/example_branch_day_of_week_operator.py
[2022-02-22 00:00:25,666] {logging_mixin.py:109} INFO - [2022-02-22 00:00:25,666] {dag.py:2396} INFO - Sync 1 DAGs
[2022-02-22 00:00:25,742] {logging_mixin.py:109} INFO - [2022-02-22 00:00:25,741] {dag.py:2935} INFO - Setting next_dagrun for example_weekday_branch_operator to 2022-02-21 00:00:00+00:00
[2022-02-22 00:00:25,775] {processor.py:171} INFO - Processing /home/airflow/.local/lib/python3.7/site-packages/airflow/example_dags/example_branch_day_of_week_operator.py took 0.251 seconds
[2022-02-22 00:00:56,063] {processor.py:163} INFO - Started process (PID=6604) to work on /home/airflow/.local/lib/python3.7/site-packages/airflow/example_dags/example_branch_day_of_week_operator.py
[2022-02-22 00:00:56,069] {processor.py:642} INFO - Processing file /home/airflow/.local/lib/python3.7/site-packages/airflow/example_dags/example_branch_day_of_week_operator.py for tasks to queue
[2022-02-22 00:00:56,074] {logging_mixin.py:109} INFO - [2022-02-22 00:00:56,074] {dagbag.py:500} INFO - Filling up the DagBag from /home/airflow/.local/lib/python3.7/site-packages/airflow/example_dags/example_branch_day_of_week_operator.py
[2022-02-22 00:00:56,176] {processor.py:654} INFO - DAG(s) dict_keys(['example_weekday_branch_operator']) retrieved from /home/airflow/.local/lib/python3.7/site-packages/airflow/example_dags/example_branch_day_of_week_operator.py
[2022-02-22 00:00:56,222] {logging_mixin.py:109} INFO - [2022-02-22 00:00:56,221] {dag.py:2396} INFO - Sync 1 DAGs
[2022-02-22 00:00:56,306] {logging_mixin.py:109} INFO - [2022-02-22 00:00:56,306] {dag.py:2935} INFO - Setting next_dagrun for example_weekday_branch_operator to 2022-02-21 00:00:00+00:00
[2022-02-22 00:00:56,343] {processor.py:171} INFO - Processing /home/airflow/.local/lib/python3.7/site-packages/airflow/example_dags/example_branch_day_of_week_operator.py took 0.287 seconds
[2022-02-22 00:01:26,917] {processor.py:163} INFO - Started process (PID=6708) to work on /home/airflow/.local/lib/python3.7/site-packages/airflow/example_dags/example_branch_day_of_week_operator.py
[2022-02-22 00:01:26,922] {processor.py:642} INFO - Processing file /home/airflow/.local/lib/python3.7/site-packages/airflow/example_dags/example_branch_day_of_week_operator.py for tasks to queue
[2022-02-22 00:01:26,925] {logging_mixin.py:109} INFO - [2022-02-22 00:01:26,924] {dagbag.py:500} INFO - Filling up the DagBag from /home/airflow/.local/lib/python3.7/site-packages/airflow/example_dags/example_branch_day_of_week_operator.py
[2022-02-22 00:01:27,005] {processor.py:654} INFO - DAG(s) dict_keys(['example_weekday_branch_operator']) retrieved from /home/airflow/.local/lib/python3.7/site-packages/airflow/example_dags/example_branch_day_of_week_operator.py
[2022-02-22 00:01:27,047] {logging_mixin.py:109} INFO - [2022-02-22 00:01:27,047] {dag.py:2396} INFO - Sync 1 DAGs
[2022-02-22 00:01:27,126] {logging_mixin.py:109} INFO - [2022-02-22 00:01:27,126] {dag.py:2935} INFO - Setting next_dagrun for example_weekday_branch_operator to 2022-02-21 00:00:00+00:00
[2022-02-22 00:01:27,158] {processor.py:171} INFO - Processing /home/airflow/.local/lib/python3.7/site-packages/airflow/example_dags/example_branch_day_of_week_operator.py took 0.250 seconds
[2022-02-22 00:01:57,284] {processor.py:163} INFO - Started process (PID=6793) to work on /home/airflow/.local/lib/python3.7/site-packages/airflow/example_dags/example_branch_day_of_week_operator.py
[2022-02-22 00:01:57,290] {processor.py:642} INFO - Processing file /home/airflow/.local/lib/python3.7/site-packages/airflow/example_dags/example_branch_day_of_week_operator.py for tasks to queue
[2022-02-22 00:01:57,293] {logging_mixin.py:109} INFO - [2022-02-22 00:01:57,292] {dagbag.py:500} INFO - Filling up the DagBag from /home/airflow/.local/lib/python3.7/site-packages/airflow/example_dags/example_branch_day_of_week_operator.py
[2022-02-22 00:01:57,370] {processor.py:654} INFO - DAG(s) dict_keys(['example_weekday_branch_operator']) retrieved from /home/airflow/.local/lib/python3.7/site-packages/airflow/example_dags/example_branch_day_of_week_operator.py
[2022-02-22 00:01:57,406] {logging_mixin.py:109} INFO - [2022-02-22 00:01:57,405] {dag.py:2396} INFO - Sync 1 DAGs
[2022-02-22 00:01:57,476] {logging_mixin.py:109} INFO - [2022-02-22 00:01:57,475] {dag.py:2935} INFO - Setting next_dagrun for example_weekday_branch_operator to 2022-02-21 00:00:00+00:00
[2022-02-22 00:01:57,504] {processor.py:171} INFO - Processing /home/airflow/.local/lib/python3.7/site-packages/airflow/example_dags/example_branch_day_of_week_operator.py took 0.227 seconds
[2022-02-22 00:02:27,626] {processor.py:163} INFO - Started process (PID=6896) to work on /home/airflow/.local/lib/python3.7/site-packages/airflow/example_dags/example_branch_day_of_week_operator.py
[2022-02-22 00:02:27,631] {processor.py:642} INFO - Processing file /home/airflow/.local/lib/python3.7/site-packages/airflow/example_dags/example_branch_day_of_week_operator.py for tasks to queue
[2022-02-22 00:02:27,635] {logging_mixin.py:109} INFO - [2022-02-22 00:02:27,634] {dagbag.py:500} INFO - Filling up the DagBag from /home/airflow/.local/lib/python3.7/site-packages/airflow/example_dags/example_branch_day_of_week_operator.py
[2022-02-22 00:02:27,715] {processor.py:654} INFO - DAG(s) dict_keys(['example_weekday_branch_operator']) retrieved from /home/airflow/.local/lib/python3.7/site-packages/airflow/example_dags/example_branch_day_of_week_operator.py
[2022-02-22 00:02:27,758] {logging_mixin.py:109} INFO - [2022-02-22 00:02:27,757] {dag.py:2396} INFO - Sync 1 DAGs
[2022-02-22 00:02:27,832] {logging_mixin.py:109} INFO - [2022-02-22 00:02:27,832] {dag.py:2935} INFO - Setting next_dagrun for example_weekday_branch_operator to 2022-02-21 00:00:00+00:00
[2022-02-22 00:02:27,862] {processor.py:171} INFO - Processing /home/airflow/.local/lib/python3.7/site-packages/airflow/example_dags/example_branch_day_of_week_operator.py took 0.244 seconds
[2022-02-22 00:02:58,083] {processor.py:163} INFO - Started process (PID=6983) to work on /home/airflow/.local/lib/python3.7/site-packages/airflow/example_dags/example_branch_day_of_week_operator.py
[2022-02-22 00:02:58,088] {processor.py:642} INFO - Processing file /home/airflow/.local/lib/python3.7/site-packages/airflow/example_dags/example_branch_day_of_week_operator.py for tasks to queue
[2022-02-22 00:02:58,091] {logging_mixin.py:109} INFO - [2022-02-22 00:02:58,090] {dagbag.py:500} INFO - Filling up the DagBag from /home/airflow/.local/lib/python3.7/site-packages/airflow/example_dags/example_branch_day_of_week_operator.py
[2022-02-22 00:02:58,163] {processor.py:654} INFO - DAG(s) dict_keys(['example_weekday_branch_operator']) retrieved from /home/airflow/.local/lib/python3.7/site-packages/airflow/example_dags/example_branch_day_of_week_operator.py
[2022-02-22 00:02:58,202] {logging_mixin.py:109} INFO - [2022-02-22 00:02:58,201] {dag.py:2396} INFO - Sync 1 DAGs
[2022-02-22 00:02:58,269] {logging_mixin.py:109} INFO - [2022-02-22 00:02:58,268] {dag.py:2935} INFO - Setting next_dagrun for example_weekday_branch_operator to 2022-02-21 00:00:00+00:00
[2022-02-22 00:02:58,300] {processor.py:171} INFO - Processing /home/airflow/.local/lib/python3.7/site-packages/airflow/example_dags/example_branch_day_of_week_operator.py took 0.223 seconds
[2022-02-22 00:03:28,421] {processor.py:163} INFO - Started process (PID=7085) to work on /home/airflow/.local/lib/python3.7/site-packages/airflow/example_dags/example_branch_day_of_week_operator.py
[2022-02-22 00:03:28,428] {processor.py:642} INFO - Processing file /home/airflow/.local/lib/python3.7/site-packages/airflow/example_dags/example_branch_day_of_week_operator.py for tasks to queue
[2022-02-22 00:03:28,432] {logging_mixin.py:109} INFO - [2022-02-22 00:03:28,431] {dagbag.py:500} INFO - Filling up the DagBag from /home/airflow/.local/lib/python3.7/site-packages/airflow/example_dags/example_branch_day_of_week_operator.py
[2022-02-22 00:03:28,523] {processor.py:654} INFO - DAG(s) dict_keys(['example_weekday_branch_operator']) retrieved from /home/airflow/.local/lib/python3.7/site-packages/airflow/example_dags/example_branch_day_of_week_operator.py
[2022-02-22 00:03:28,567] {logging_mixin.py:109} INFO - [2022-02-22 00:03:28,566] {dag.py:2396} INFO - Sync 1 DAGs
[2022-02-22 00:03:28,659] {logging_mixin.py:109} INFO - [2022-02-22 00:03:28,658] {dag.py:2935} INFO - Setting next_dagrun for example_weekday_branch_operator to 2022-02-21 00:00:00+00:00
[2022-02-22 00:03:28,714] {processor.py:171} INFO - Processing /home/airflow/.local/lib/python3.7/site-packages/airflow/example_dags/example_branch_day_of_week_operator.py took 0.301 seconds
[2022-02-22 00:03:58,866] {processor.py:163} INFO - Started process (PID=7172) to work on /home/airflow/.local/lib/python3.7/site-packages/airflow/example_dags/example_branch_day_of_week_operator.py
[2022-02-22 00:03:58,871] {processor.py:642} INFO - Processing file /home/airflow/.local/lib/python3.7/site-packages/airflow/example_dags/example_branch_day_of_week_operator.py for tasks to queue
[2022-02-22 00:03:58,874] {logging_mixin.py:109} INFO - [2022-02-22 00:03:58,874] {dagbag.py:500} INFO - Filling up the DagBag from /home/airflow/.local/lib/python3.7/site-packages/airflow/example_dags/example_branch_day_of_week_operator.py
[2022-02-22 00:03:58,946] {processor.py:654} INFO - DAG(s) dict_keys(['example_weekday_branch_operator']) retrieved from /home/airflow/.local/lib/python3.7/site-packages/airflow/example_dags/example_branch_day_of_week_operator.py
[2022-02-22 00:03:58,994] {logging_mixin.py:109} INFO - [2022-02-22 00:03:58,993] {dag.py:2396} INFO - Sync 1 DAGs
[2022-02-22 00:03:59,073] {logging_mixin.py:109} INFO - [2022-02-22 00:03:59,072] {dag.py:2935} INFO - Setting next_dagrun for example_weekday_branch_operator to 2022-02-21 00:00:00+00:00
[2022-02-22 00:03:59,107] {processor.py:171} INFO - Processing /home/airflow/.local/lib/python3.7/site-packages/airflow/example_dags/example_branch_day_of_week_operator.py took 0.248 seconds
[2022-02-22 00:04:29,191] {processor.py:163} INFO - Started process (PID=7276) to work on /home/airflow/.local/lib/python3.7/site-packages/airflow/example_dags/example_branch_day_of_week_operator.py
[2022-02-22 00:04:29,197] {processor.py:642} INFO - Processing file /home/airflow/.local/lib/python3.7/site-packages/airflow/example_dags/example_branch_day_of_week_operator.py for tasks to queue
[2022-02-22 00:04:29,200] {logging_mixin.py:109} INFO - [2022-02-22 00:04:29,199] {dagbag.py:500} INFO - Filling up the DagBag from /home/airflow/.local/lib/python3.7/site-packages/airflow/example_dags/example_branch_day_of_week_operator.py
[2022-02-22 00:04:29,277] {processor.py:654} INFO - DAG(s) dict_keys(['example_weekday_branch_operator']) retrieved from /home/airflow/.local/lib/python3.7/site-packages/airflow/example_dags/example_branch_day_of_week_operator.py
[2022-02-22 00:04:29,316] {logging_mixin.py:109} INFO - [2022-02-22 00:04:29,315] {dag.py:2396} INFO - Sync 1 DAGs
[2022-02-22 00:04:29,397] {logging_mixin.py:109} INFO - [2022-02-22 00:04:29,396] {dag.py:2935} INFO - Setting next_dagrun for example_weekday_branch_operator to 2022-02-21 00:00:00+00:00
[2022-02-22 00:04:29,433] {processor.py:171} INFO - Processing /home/airflow/.local/lib/python3.7/site-packages/airflow/example_dags/example_branch_day_of_week_operator.py took 0.249 seconds
[2022-02-22 00:05:00,193] {processor.py:163} INFO - Started process (PID=7363) to work on /home/airflow/.local/lib/python3.7/site-packages/airflow/example_dags/example_branch_day_of_week_operator.py
[2022-02-22 00:05:00,199] {processor.py:642} INFO - Processing file /home/airflow/.local/lib/python3.7/site-packages/airflow/example_dags/example_branch_day_of_week_operator.py for tasks to queue
[2022-02-22 00:05:00,202] {logging_mixin.py:109} INFO - [2022-02-22 00:05:00,201] {dagbag.py:500} INFO - Filling up the DagBag from /home/airflow/.local/lib/python3.7/site-packages/airflow/example_dags/example_branch_day_of_week_operator.py
[2022-02-22 00:05:00,270] {processor.py:654} INFO - DAG(s) dict_keys(['example_weekday_branch_operator']) retrieved from /home/airflow/.local/lib/python3.7/site-packages/airflow/example_dags/example_branch_day_of_week_operator.py
[2022-02-22 00:05:00,303] {logging_mixin.py:109} INFO - [2022-02-22 00:05:00,303] {dag.py:2396} INFO - Sync 1 DAGs
[2022-02-22 00:05:00,364] {logging_mixin.py:109} INFO - [2022-02-22 00:05:00,364] {dag.py:2935} INFO - Setting next_dagrun for example_weekday_branch_operator to 2022-02-21 00:00:00+00:00
[2022-02-22 00:05:00,389] {processor.py:171} INFO - Processing /home/airflow/.local/lib/python3.7/site-packages/airflow/example_dags/example_branch_day_of_week_operator.py took 0.203 seconds
[2022-02-22 00:05:30,810] {processor.py:163} INFO - Started process (PID=7467) to work on /home/airflow/.local/lib/python3.7/site-packages/airflow/example_dags/example_branch_day_of_week_operator.py
[2022-02-22 00:05:30,816] {processor.py:642} INFO - Processing file /home/airflow/.local/lib/python3.7/site-packages/airflow/example_dags/example_branch_day_of_week_operator.py for tasks to queue
[2022-02-22 00:05:30,819] {logging_mixin.py:109} INFO - [2022-02-22 00:05:30,818] {dagbag.py:500} INFO - Filling up the DagBag from /home/airflow/.local/lib/python3.7/site-packages/airflow/example_dags/example_branch_day_of_week_operator.py
[2022-02-22 00:05:30,892] {processor.py:654} INFO - DAG(s) dict_keys(['example_weekday_branch_operator']) retrieved from /home/airflow/.local/lib/python3.7/site-packages/airflow/example_dags/example_branch_day_of_week_operator.py
[2022-02-22 00:05:30,932] {logging_mixin.py:109} INFO - [2022-02-22 00:05:30,931] {dag.py:2396} INFO - Sync 1 DAGs
[2022-02-22 00:05:31,004] {logging_mixin.py:109} INFO - [2022-02-22 00:05:31,004] {dag.py:2935} INFO - Setting next_dagrun for example_weekday_branch_operator to 2022-02-21 00:00:00+00:00
[2022-02-22 00:05:31,035] {processor.py:171} INFO - Processing /home/airflow/.local/lib/python3.7/site-packages/airflow/example_dags/example_branch_day_of_week_operator.py took 0.233 seconds
[2022-02-22 00:06:01,479] {processor.py:163} INFO - Started process (PID=7554) to work on /home/airflow/.local/lib/python3.7/site-packages/airflow/example_dags/example_branch_day_of_week_operator.py
[2022-02-22 00:06:01,485] {processor.py:642} INFO - Processing file /home/airflow/.local/lib/python3.7/site-packages/airflow/example_dags/example_branch_day_of_week_operator.py for tasks to queue
[2022-02-22 00:06:01,496] {logging_mixin.py:109} INFO - [2022-02-22 00:06:01,495] {dagbag.py:500} INFO - Filling up the DagBag from /home/airflow/.local/lib/python3.7/site-packages/airflow/example_dags/example_branch_day_of_week_operator.py
[2022-02-22 00:06:01,586] {processor.py:654} INFO - DAG(s) dict_keys(['example_weekday_branch_operator']) retrieved from /home/airflow/.local/lib/python3.7/site-packages/airflow/example_dags/example_branch_day_of_week_operator.py
[2022-02-22 00:06:01,628] {logging_mixin.py:109} INFO - [2022-02-22 00:06:01,628] {dag.py:2396} INFO - Sync 1 DAGs
[2022-02-22 00:06:01,715] {logging_mixin.py:109} INFO - [2022-02-22 00:06:01,715] {dag.py:2935} INFO - Setting next_dagrun for example_weekday_branch_operator to 2022-02-21 00:00:00+00:00
[2022-02-22 00:06:01,750] {processor.py:171} INFO - Processing /home/airflow/.local/lib/python3.7/site-packages/airflow/example_dags/example_branch_day_of_week_operator.py took 0.285 seconds
[2022-02-22 00:06:31,806] {processor.py:163} INFO - Started process (PID=7658) to work on /home/airflow/.local/lib/python3.7/site-packages/airflow/example_dags/example_branch_day_of_week_operator.py
[2022-02-22 00:06:31,812] {processor.py:642} INFO - Processing file /home/airflow/.local/lib/python3.7/site-packages/airflow/example_dags/example_branch_day_of_week_operator.py for tasks to queue
[2022-02-22 00:06:31,819] {logging_mixin.py:109} INFO - [2022-02-22 00:06:31,818] {dagbag.py:500} INFO - Filling up the DagBag from /home/airflow/.local/lib/python3.7/site-packages/airflow/example_dags/example_branch_day_of_week_operator.py
[2022-02-22 00:06:31,911] {processor.py:654} INFO - DAG(s) dict_keys(['example_weekday_branch_operator']) retrieved from /home/airflow/.local/lib/python3.7/site-packages/airflow/example_dags/example_branch_day_of_week_operator.py
[2022-02-22 00:06:31,958] {logging_mixin.py:109} INFO - [2022-02-22 00:06:31,957] {dag.py:2396} INFO - Sync 1 DAGs
[2022-02-22 00:06:32,033] {logging_mixin.py:109} INFO - [2022-02-22 00:06:32,032] {dag.py:2935} INFO - Setting next_dagrun for example_weekday_branch_operator to 2022-02-21 00:00:00+00:00
[2022-02-22 00:06:32,066] {processor.py:171} INFO - Processing /home/airflow/.local/lib/python3.7/site-packages/airflow/example_dags/example_branch_day_of_week_operator.py took 0.269 seconds
[2022-02-22 00:07:02,182] {processor.py:163} INFO - Started process (PID=7753) to work on /home/airflow/.local/lib/python3.7/site-packages/airflow/example_dags/example_branch_day_of_week_operator.py
[2022-02-22 00:07:02,188] {processor.py:642} INFO - Processing file /home/airflow/.local/lib/python3.7/site-packages/airflow/example_dags/example_branch_day_of_week_operator.py for tasks to queue
[2022-02-22 00:07:02,192] {logging_mixin.py:109} INFO - [2022-02-22 00:07:02,192] {dagbag.py:500} INFO - Filling up the DagBag from /home/airflow/.local/lib/python3.7/site-packages/airflow/example_dags/example_branch_day_of_week_operator.py
[2022-02-22 00:07:02,275] {processor.py:654} INFO - DAG(s) dict_keys(['example_weekday_branch_operator']) retrieved from /home/airflow/.local/lib/python3.7/site-packages/airflow/example_dags/example_branch_day_of_week_operator.py
[2022-02-22 00:07:02,312] {logging_mixin.py:109} INFO - [2022-02-22 00:07:02,312] {dag.py:2396} INFO - Sync 1 DAGs
[2022-02-22 00:07:02,385] {logging_mixin.py:109} INFO - [2022-02-22 00:07:02,385] {dag.py:2935} INFO - Setting next_dagrun for example_weekday_branch_operator to 2022-02-21 00:00:00+00:00
[2022-02-22 00:07:02,416] {processor.py:171} INFO - Processing /home/airflow/.local/lib/python3.7/site-packages/airflow/example_dags/example_branch_day_of_week_operator.py took 0.245 seconds
[2022-02-22 00:07:32,878] {processor.py:163} INFO - Started process (PID=7844) to work on /home/airflow/.local/lib/python3.7/site-packages/airflow/example_dags/example_branch_day_of_week_operator.py
[2022-02-22 00:07:32,883] {processor.py:642} INFO - Processing file /home/airflow/.local/lib/python3.7/site-packages/airflow/example_dags/example_branch_day_of_week_operator.py for tasks to queue
[2022-02-22 00:07:32,887] {logging_mixin.py:109} INFO - [2022-02-22 00:07:32,887] {dagbag.py:500} INFO - Filling up the DagBag from /home/airflow/.local/lib/python3.7/site-packages/airflow/example_dags/example_branch_day_of_week_operator.py
[2022-02-22 00:07:32,967] {processor.py:654} INFO - DAG(s) dict_keys(['example_weekday_branch_operator']) retrieved from /home/airflow/.local/lib/python3.7/site-packages/airflow/example_dags/example_branch_day_of_week_operator.py
[2022-02-22 00:07:33,015] {logging_mixin.py:109} INFO - [2022-02-22 00:07:33,014] {dag.py:2396} INFO - Sync 1 DAGs
[2022-02-22 00:07:33,140] {logging_mixin.py:109} INFO - [2022-02-22 00:07:33,139] {dag.py:2935} INFO - Setting next_dagrun for example_weekday_branch_operator to 2022-02-21 00:00:00+00:00
[2022-02-22 00:07:33,177] {processor.py:171} INFO - Processing /home/airflow/.local/lib/python3.7/site-packages/airflow/example_dags/example_branch_day_of_week_operator.py took 0.306 seconds
[2022-02-22 00:08:03,698] {processor.py:163} INFO - Started process (PID=7939) to work on /home/airflow/.local/lib/python3.7/site-packages/airflow/example_dags/example_branch_day_of_week_operator.py
[2022-02-22 00:08:03,705] {processor.py:642} INFO - Processing file /home/airflow/.local/lib/python3.7/site-packages/airflow/example_dags/example_branch_day_of_week_operator.py for tasks to queue
[2022-02-22 00:08:03,709] {logging_mixin.py:109} INFO - [2022-02-22 00:08:03,709] {dagbag.py:500} INFO - Filling up the DagBag from /home/airflow/.local/lib/python3.7/site-packages/airflow/example_dags/example_branch_day_of_week_operator.py
[2022-02-22 00:08:03,796] {processor.py:654} INFO - DAG(s) dict_keys(['example_weekday_branch_operator']) retrieved from /home/airflow/.local/lib/python3.7/site-packages/airflow/example_dags/example_branch_day_of_week_operator.py
[2022-02-22 00:08:03,838] {logging_mixin.py:109} INFO - [2022-02-22 00:08:03,838] {dag.py:2396} INFO - Sync 1 DAGs
[2022-02-22 00:08:03,922] {logging_mixin.py:109} INFO - [2022-02-22 00:08:03,921] {dag.py:2935} INFO - Setting next_dagrun for example_weekday_branch_operator to 2022-02-21 00:00:00+00:00
[2022-02-22 00:08:03,953] {processor.py:171} INFO - Processing /home/airflow/.local/lib/python3.7/site-packages/airflow/example_dags/example_branch_day_of_week_operator.py took 0.264 seconds
[2022-02-22 00:08:34,810] {processor.py:163} INFO - Started process (PID=8032) to work on /home/airflow/.local/lib/python3.7/site-packages/airflow/example_dags/example_branch_day_of_week_operator.py
[2022-02-22 00:08:34,816] {processor.py:642} INFO - Processing file /home/airflow/.local/lib/python3.7/site-packages/airflow/example_dags/example_branch_day_of_week_operator.py for tasks to queue
[2022-02-22 00:08:34,820] {logging_mixin.py:109} INFO - [2022-02-22 00:08:34,820] {dagbag.py:500} INFO - Filling up the DagBag from /home/airflow/.local/lib/python3.7/site-packages/airflow/example_dags/example_branch_day_of_week_operator.py
[2022-02-22 00:08:34,920] {processor.py:654} INFO - DAG(s) dict_keys(['example_weekday_branch_operator']) retrieved from /home/airflow/.local/lib/python3.7/site-packages/airflow/example_dags/example_branch_day_of_week_operator.py
[2022-02-22 00:08:34,963] {logging_mixin.py:109} INFO - [2022-02-22 00:08:34,963] {dag.py:2396} INFO - Sync 1 DAGs
[2022-02-22 00:08:35,049] {logging_mixin.py:109} INFO - [2022-02-22 00:08:35,048] {dag.py:2935} INFO - Setting next_dagrun for example_weekday_branch_operator to 2022-02-21 00:00:00+00:00
[2022-02-22 00:08:35,082] {processor.py:171} INFO - Processing /home/airflow/.local/lib/python3.7/site-packages/airflow/example_dags/example_branch_day_of_week_operator.py took 0.283 seconds
[2022-02-22 00:09:05,815] {processor.py:163} INFO - Started process (PID=8134) to work on /home/airflow/.local/lib/python3.7/site-packages/airflow/example_dags/example_branch_day_of_week_operator.py
[2022-02-22 00:09:05,820] {processor.py:642} INFO - Processing file /home/airflow/.local/lib/python3.7/site-packages/airflow/example_dags/example_branch_day_of_week_operator.py for tasks to queue
[2022-02-22 00:09:05,823] {logging_mixin.py:109} INFO - [2022-02-22 00:09:05,823] {dagbag.py:500} INFO - Filling up the DagBag from /home/airflow/.local/lib/python3.7/site-packages/airflow/example_dags/example_branch_day_of_week_operator.py
[2022-02-22 00:09:05,905] {processor.py:654} INFO - DAG(s) dict_keys(['example_weekday_branch_operator']) retrieved from /home/airflow/.local/lib/python3.7/site-packages/airflow/example_dags/example_branch_day_of_week_operator.py
[2022-02-22 00:09:05,947] {logging_mixin.py:109} INFO - [2022-02-22 00:09:05,947] {dag.py:2396} INFO - Sync 1 DAGs
[2022-02-22 00:09:06,020] {logging_mixin.py:109} INFO - [2022-02-22 00:09:06,020] {dag.py:2935} INFO - Setting next_dagrun for example_weekday_branch_operator to 2022-02-21 00:00:00+00:00
[2022-02-22 00:09:06,051] {processor.py:171} INFO - Processing /home/airflow/.local/lib/python3.7/site-packages/airflow/example_dags/example_branch_day_of_week_operator.py took 0.243 seconds
[2022-02-22 00:09:36,640] {processor.py:163} INFO - Started process (PID=8215) to work on /home/airflow/.local/lib/python3.7/site-packages/airflow/example_dags/example_branch_day_of_week_operator.py
[2022-02-22 00:09:36,645] {processor.py:642} INFO - Processing file /home/airflow/.local/lib/python3.7/site-packages/airflow/example_dags/example_branch_day_of_week_operator.py for tasks to queue
[2022-02-22 00:09:36,648] {logging_mixin.py:109} INFO - [2022-02-22 00:09:36,648] {dagbag.py:500} INFO - Filling up the DagBag from /home/airflow/.local/lib/python3.7/site-packages/airflow/example_dags/example_branch_day_of_week_operator.py
[2022-02-22 00:09:36,730] {processor.py:654} INFO - DAG(s) dict_keys(['example_weekday_branch_operator']) retrieved from /home/airflow/.local/lib/python3.7/site-packages/airflow/example_dags/example_branch_day_of_week_operator.py
[2022-02-22 00:09:36,766] {logging_mixin.py:109} INFO - [2022-02-22 00:09:36,765] {dag.py:2396} INFO - Sync 1 DAGs
[2022-02-22 00:09:36,838] {logging_mixin.py:109} INFO - [2022-02-22 00:09:36,837] {dag.py:2935} INFO - Setting next_dagrun for example_weekday_branch_operator to 2022-02-21 00:00:00+00:00
[2022-02-22 00:09:36,868] {processor.py:171} INFO - Processing /home/airflow/.local/lib/python3.7/site-packages/airflow/example_dags/example_branch_day_of_week_operator.py took 0.235 seconds
[2022-02-22 00:10:07,599] {processor.py:163} INFO - Started process (PID=8316) to work on /home/airflow/.local/lib/python3.7/site-packages/airflow/example_dags/example_branch_day_of_week_operator.py
[2022-02-22 00:10:07,605] {processor.py:642} INFO - Processing file /home/airflow/.local/lib/python3.7/site-packages/airflow/example_dags/example_branch_day_of_week_operator.py for tasks to queue
[2022-02-22 00:10:07,608] {logging_mixin.py:109} INFO - [2022-02-22 00:10:07,608] {dagbag.py:500} INFO - Filling up the DagBag from /home/airflow/.local/lib/python3.7/site-packages/airflow/example_dags/example_branch_day_of_week_operator.py
[2022-02-22 00:10:07,692] {processor.py:654} INFO - DAG(s) dict_keys(['example_weekday_branch_operator']) retrieved from /home/airflow/.local/lib/python3.7/site-packages/airflow/example_dags/example_branch_day_of_week_operator.py
[2022-02-22 00:10:07,735] {logging_mixin.py:109} INFO - [2022-02-22 00:10:07,734] {dag.py:2396} INFO - Sync 1 DAGs
[2022-02-22 00:10:07,809] {logging_mixin.py:109} INFO - [2022-02-22 00:10:07,808] {dag.py:2935} INFO - Setting next_dagrun for example_weekday_branch_operator to 2022-02-21 00:00:00+00:00
[2022-02-22 00:10:07,840] {processor.py:171} INFO - Processing /home/airflow/.local/lib/python3.7/site-packages/airflow/example_dags/example_branch_day_of_week_operator.py took 0.254 seconds
[2022-02-22 00:10:38,813] {processor.py:163} INFO - Started process (PID=8403) to work on /home/airflow/.local/lib/python3.7/site-packages/airflow/example_dags/example_branch_day_of_week_operator.py
[2022-02-22 00:10:38,816] {processor.py:642} INFO - Processing file /home/airflow/.local/lib/python3.7/site-packages/airflow/example_dags/example_branch_day_of_week_operator.py for tasks to queue
[2022-02-22 00:10:38,819] {logging_mixin.py:109} INFO - [2022-02-22 00:10:38,819] {dagbag.py:500} INFO - Filling up the DagBag from /home/airflow/.local/lib/python3.7/site-packages/airflow/example_dags/example_branch_day_of_week_operator.py
[2022-02-22 00:10:38,881] {processor.py:654} INFO - DAG(s) dict_keys(['example_weekday_branch_operator']) retrieved from /home/airflow/.local/lib/python3.7/site-packages/airflow/example_dags/example_branch_day_of_week_operator.py
[2022-02-22 00:10:38,915] {logging_mixin.py:109} INFO - [2022-02-22 00:10:38,914] {dag.py:2396} INFO - Sync 1 DAGs
[2022-02-22 00:10:38,974] {logging_mixin.py:109} INFO - [2022-02-22 00:10:38,973] {dag.py:2935} INFO - Setting next_dagrun for example_weekday_branch_operator to 2022-02-21 00:00:00+00:00
[2022-02-22 00:10:39,000] {processor.py:171} INFO - Processing /home/airflow/.local/lib/python3.7/site-packages/airflow/example_dags/example_branch_day_of_week_operator.py took 0.194 seconds
[2022-02-22 00:11:09,181] {processor.py:163} INFO - Started process (PID=8503) to work on /home/airflow/.local/lib/python3.7/site-packages/airflow/example_dags/example_branch_day_of_week_operator.py
[2022-02-22 00:11:09,186] {processor.py:642} INFO - Processing file /home/airflow/.local/lib/python3.7/site-packages/airflow/example_dags/example_branch_day_of_week_operator.py for tasks to queue
[2022-02-22 00:11:09,192] {logging_mixin.py:109} INFO - [2022-02-22 00:11:09,192] {dagbag.py:500} INFO - Filling up the DagBag from /home/airflow/.local/lib/python3.7/site-packages/airflow/example_dags/example_branch_day_of_week_operator.py
[2022-02-22 00:11:09,269] {processor.py:654} INFO - DAG(s) dict_keys(['example_weekday_branch_operator']) retrieved from /home/airflow/.local/lib/python3.7/site-packages/airflow/example_dags/example_branch_day_of_week_operator.py
[2022-02-22 00:11:09,307] {logging_mixin.py:109} INFO - [2022-02-22 00:11:09,307] {dag.py:2396} INFO - Sync 1 DAGs
[2022-02-22 00:11:09,382] {logging_mixin.py:109} INFO - [2022-02-22 00:11:09,382] {dag.py:2935} INFO - Setting next_dagrun for example_weekday_branch_operator to 2022-02-21 00:00:00+00:00
[2022-02-22 00:11:09,411] {processor.py:171} INFO - Processing /home/airflow/.local/lib/python3.7/site-packages/airflow/example_dags/example_branch_day_of_week_operator.py took 0.238 seconds
[2022-02-22 00:11:40,067] {processor.py:163} INFO - Started process (PID=8590) to work on /home/airflow/.local/lib/python3.7/site-packages/airflow/example_dags/example_branch_day_of_week_operator.py
[2022-02-22 00:11:40,072] {processor.py:642} INFO - Processing file /home/airflow/.local/lib/python3.7/site-packages/airflow/example_dags/example_branch_day_of_week_operator.py for tasks to queue
[2022-02-22 00:11:40,076] {logging_mixin.py:109} INFO - [2022-02-22 00:11:40,076] {dagbag.py:500} INFO - Filling up the DagBag from /home/airflow/.local/lib/python3.7/site-packages/airflow/example_dags/example_branch_day_of_week_operator.py
[2022-02-22 00:11:40,148] {processor.py:654} INFO - DAG(s) dict_keys(['example_weekday_branch_operator']) retrieved from /home/airflow/.local/lib/python3.7/site-packages/airflow/example_dags/example_branch_day_of_week_operator.py
[2022-02-22 00:11:40,183] {logging_mixin.py:109} INFO - [2022-02-22 00:11:40,183] {dag.py:2396} INFO - Sync 1 DAGs
[2022-02-22 00:11:40,243] {logging_mixin.py:109} INFO - [2022-02-22 00:11:40,243] {dag.py:2935} INFO - Setting next_dagrun for example_weekday_branch_operator to 2022-02-21 00:00:00+00:00
[2022-02-22 00:11:40,268] {processor.py:171} INFO - Processing /home/airflow/.local/lib/python3.7/site-packages/airflow/example_dags/example_branch_day_of_week_operator.py took 0.210 seconds
[2022-02-22 00:12:10,563] {processor.py:163} INFO - Started process (PID=8694) to work on /home/airflow/.local/lib/python3.7/site-packages/airflow/example_dags/example_branch_day_of_week_operator.py
[2022-02-22 00:12:10,569] {processor.py:642} INFO - Processing file /home/airflow/.local/lib/python3.7/site-packages/airflow/example_dags/example_branch_day_of_week_operator.py for tasks to queue
[2022-02-22 00:12:10,573] {logging_mixin.py:109} INFO - [2022-02-22 00:12:10,572] {dagbag.py:500} INFO - Filling up the DagBag from /home/airflow/.local/lib/python3.7/site-packages/airflow/example_dags/example_branch_day_of_week_operator.py
[2022-02-22 00:12:10,657] {processor.py:654} INFO - DAG(s) dict_keys(['example_weekday_branch_operator']) retrieved from /home/airflow/.local/lib/python3.7/site-packages/airflow/example_dags/example_branch_day_of_week_operator.py
[2022-02-22 00:12:10,696] {logging_mixin.py:109} INFO - [2022-02-22 00:12:10,696] {dag.py:2396} INFO - Sync 1 DAGs
[2022-02-22 00:12:10,768] {logging_mixin.py:109} INFO - [2022-02-22 00:12:10,768] {dag.py:2935} INFO - Setting next_dagrun for example_weekday_branch_operator to 2022-02-21 00:00:00+00:00
[2022-02-22 00:12:10,798] {processor.py:171} INFO - Processing /home/airflow/.local/lib/python3.7/site-packages/airflow/example_dags/example_branch_day_of_week_operator.py took 0.245 seconds
[2022-02-22 00:12:40,844] {processor.py:163} INFO - Started process (PID=8781) to work on /home/airflow/.local/lib/python3.7/site-packages/airflow/example_dags/example_branch_day_of_week_operator.py
[2022-02-22 00:12:40,848] {processor.py:642} INFO - Processing file /home/airflow/.local/lib/python3.7/site-packages/airflow/example_dags/example_branch_day_of_week_operator.py for tasks to queue
[2022-02-22 00:12:40,851] {logging_mixin.py:109} INFO - [2022-02-22 00:12:40,851] {dagbag.py:500} INFO - Filling up the DagBag from /home/airflow/.local/lib/python3.7/site-packages/airflow/example_dags/example_branch_day_of_week_operator.py
[2022-02-22 00:12:40,910] {processor.py:654} INFO - DAG(s) dict_keys(['example_weekday_branch_operator']) retrieved from /home/airflow/.local/lib/python3.7/site-packages/airflow/example_dags/example_branch_day_of_week_operator.py
[2022-02-22 00:12:40,940] {logging_mixin.py:109} INFO - [2022-02-22 00:12:40,940] {dag.py:2396} INFO - Sync 1 DAGs
[2022-02-22 00:12:41,002] {logging_mixin.py:109} INFO - [2022-02-22 00:12:41,001] {dag.py:2935} INFO - Setting next_dagrun for example_weekday_branch_operator to 2022-02-21 00:00:00+00:00
[2022-02-22 00:12:41,027] {processor.py:171} INFO - Processing /home/airflow/.local/lib/python3.7/site-packages/airflow/example_dags/example_branch_day_of_week_operator.py took 0.190 seconds
[2022-02-22 00:13:11,757] {processor.py:163} INFO - Started process (PID=8885) to work on /home/airflow/.local/lib/python3.7/site-packages/airflow/example_dags/example_branch_day_of_week_operator.py
[2022-02-22 00:13:11,762] {processor.py:642} INFO - Processing file /home/airflow/.local/lib/python3.7/site-packages/airflow/example_dags/example_branch_day_of_week_operator.py for tasks to queue
[2022-02-22 00:13:11,768] {logging_mixin.py:109} INFO - [2022-02-22 00:13:11,768] {dagbag.py:500} INFO - Filling up the DagBag from /home/airflow/.local/lib/python3.7/site-packages/airflow/example_dags/example_branch_day_of_week_operator.py
[2022-02-22 00:13:11,861] {processor.py:654} INFO - DAG(s) dict_keys(['example_weekday_branch_operator']) retrieved from /home/airflow/.local/lib/python3.7/site-packages/airflow/example_dags/example_branch_day_of_week_operator.py
[2022-02-22 00:13:11,905] {logging_mixin.py:109} INFO - [2022-02-22 00:13:11,905] {dag.py:2396} INFO - Sync 1 DAGs
[2022-02-22 00:13:11,986] {logging_mixin.py:109} INFO - [2022-02-22 00:13:11,985] {dag.py:2935} INFO - Setting next_dagrun for example_weekday_branch_operator to 2022-02-21 00:00:00+00:00
[2022-02-22 00:13:12,023] {processor.py:171} INFO - Processing /home/airflow/.local/lib/python3.7/site-packages/airflow/example_dags/example_branch_day_of_week_operator.py took 0.274 seconds
[2022-02-22 00:13:42,250] {processor.py:163} INFO - Started process (PID=8983) to work on /home/airflow/.local/lib/python3.7/site-packages/airflow/example_dags/example_branch_day_of_week_operator.py
[2022-02-22 00:13:42,255] {processor.py:642} INFO - Processing file /home/airflow/.local/lib/python3.7/site-packages/airflow/example_dags/example_branch_day_of_week_operator.py for tasks to queue
[2022-02-22 00:13:42,259] {logging_mixin.py:109} INFO - [2022-02-22 00:13:42,258] {dagbag.py:500} INFO - Filling up the DagBag from /home/airflow/.local/lib/python3.7/site-packages/airflow/example_dags/example_branch_day_of_week_operator.py
[2022-02-22 00:13:42,352] {processor.py:654} INFO - DAG(s) dict_keys(['example_weekday_branch_operator']) retrieved from /home/airflow/.local/lib/python3.7/site-packages/airflow/example_dags/example_branch_day_of_week_operator.py
[2022-02-22 00:13:42,392] {logging_mixin.py:109} INFO - [2022-02-22 00:13:42,391] {dag.py:2396} INFO - Sync 1 DAGs
[2022-02-22 00:13:42,468] {logging_mixin.py:109} INFO - [2022-02-22 00:13:42,467] {dag.py:2935} INFO - Setting next_dagrun for example_weekday_branch_operator to 2022-02-21 00:00:00+00:00
[2022-02-22 00:13:42,500] {processor.py:171} INFO - Processing /home/airflow/.local/lib/python3.7/site-packages/airflow/example_dags/example_branch_day_of_week_operator.py took 0.259 seconds
[2022-02-22 00:14:12,794] {processor.py:163} INFO - Started process (PID=9074) to work on /home/airflow/.local/lib/python3.7/site-packages/airflow/example_dags/example_branch_day_of_week_operator.py
[2022-02-22 00:14:12,800] {processor.py:642} INFO - Processing file /home/airflow/.local/lib/python3.7/site-packages/airflow/example_dags/example_branch_day_of_week_operator.py for tasks to queue
[2022-02-22 00:14:12,804] {logging_mixin.py:109} INFO - [2022-02-22 00:14:12,803] {dagbag.py:500} INFO - Filling up the DagBag from /home/airflow/.local/lib/python3.7/site-packages/airflow/example_dags/example_branch_day_of_week_operator.py
[2022-02-22 00:14:12,886] {processor.py:654} INFO - DAG(s) dict_keys(['example_weekday_branch_operator']) retrieved from /home/airflow/.local/lib/python3.7/site-packages/airflow/example_dags/example_branch_day_of_week_operator.py
[2022-02-22 00:14:12,929] {logging_mixin.py:109} INFO - [2022-02-22 00:14:12,928] {dag.py:2396} INFO - Sync 1 DAGs
[2022-02-22 00:14:13,003] {logging_mixin.py:109} INFO - [2022-02-22 00:14:13,003] {dag.py:2935} INFO - Setting next_dagrun for example_weekday_branch_operator to 2022-02-21 00:00:00+00:00
[2022-02-22 00:14:13,036] {processor.py:171} INFO - Processing /home/airflow/.local/lib/python3.7/site-packages/airflow/example_dags/example_branch_day_of_week_operator.py took 0.251 seconds
[2022-02-22 00:14:43,620] {processor.py:163} INFO - Started process (PID=9177) to work on /home/airflow/.local/lib/python3.7/site-packages/airflow/example_dags/example_branch_day_of_week_operator.py
[2022-02-22 00:14:43,625] {processor.py:642} INFO - Processing file /home/airflow/.local/lib/python3.7/site-packages/airflow/example_dags/example_branch_day_of_week_operator.py for tasks to queue
[2022-02-22 00:14:43,628] {logging_mixin.py:109} INFO - [2022-02-22 00:14:43,628] {dagbag.py:500} INFO - Filling up the DagBag from /home/airflow/.local/lib/python3.7/site-packages/airflow/example_dags/example_branch_day_of_week_operator.py
[2022-02-22 00:14:43,704] {processor.py:654} INFO - DAG(s) dict_keys(['example_weekday_branch_operator']) retrieved from /home/airflow/.local/lib/python3.7/site-packages/airflow/example_dags/example_branch_day_of_week_operator.py
[2022-02-22 00:14:43,742] {logging_mixin.py:109} INFO - [2022-02-22 00:14:43,741] {dag.py:2396} INFO - Sync 1 DAGs
[2022-02-22 00:14:43,814] {logging_mixin.py:109} INFO - [2022-02-22 00:14:43,814] {dag.py:2935} INFO - Setting next_dagrun for example_weekday_branch_operator to 2022-02-21 00:00:00+00:00
[2022-02-22 00:14:43,845] {processor.py:171} INFO - Processing /home/airflow/.local/lib/python3.7/site-packages/airflow/example_dags/example_branch_day_of_week_operator.py took 0.233 seconds
[2022-02-22 00:15:14,055] {processor.py:163} INFO - Started process (PID=9265) to work on /home/airflow/.local/lib/python3.7/site-packages/airflow/example_dags/example_branch_day_of_week_operator.py
[2022-02-22 00:15:14,070] {processor.py:642} INFO - Processing file /home/airflow/.local/lib/python3.7/site-packages/airflow/example_dags/example_branch_day_of_week_operator.py for tasks to queue
[2022-02-22 00:15:14,073] {logging_mixin.py:109} INFO - [2022-02-22 00:15:14,073] {dagbag.py:500} INFO - Filling up the DagBag from /home/airflow/.local/lib/python3.7/site-packages/airflow/example_dags/example_branch_day_of_week_operator.py
[2022-02-22 00:15:14,148] {processor.py:654} INFO - DAG(s) dict_keys(['example_weekday_branch_operator']) retrieved from /home/airflow/.local/lib/python3.7/site-packages/airflow/example_dags/example_branch_day_of_week_operator.py
[2022-02-22 00:15:14,186] {logging_mixin.py:109} INFO - [2022-02-22 00:15:14,185] {dag.py:2396} INFO - Sync 1 DAGs
[2022-02-22 00:15:14,254] {logging_mixin.py:109} INFO - [2022-02-22 00:15:14,254] {dag.py:2935} INFO - Setting next_dagrun for example_weekday_branch_operator to 2022-02-21 00:00:00+00:00
[2022-02-22 00:15:14,285] {processor.py:171} INFO - Processing /home/airflow/.local/lib/python3.7/site-packages/airflow/example_dags/example_branch_day_of_week_operator.py took 0.239 seconds
[2022-02-22 00:15:44,337] {processor.py:163} INFO - Started process (PID=9369) to work on /home/airflow/.local/lib/python3.7/site-packages/airflow/example_dags/example_branch_day_of_week_operator.py
[2022-02-22 00:15:44,344] {processor.py:642} INFO - Processing file /home/airflow/.local/lib/python3.7/site-packages/airflow/example_dags/example_branch_day_of_week_operator.py for tasks to queue
[2022-02-22 00:15:44,348] {logging_mixin.py:109} INFO - [2022-02-22 00:15:44,347] {dagbag.py:500} INFO - Filling up the DagBag from /home/airflow/.local/lib/python3.7/site-packages/airflow/example_dags/example_branch_day_of_week_operator.py
[2022-02-22 00:15:44,443] {processor.py:654} INFO - DAG(s) dict_keys(['example_weekday_branch_operator']) retrieved from /home/airflow/.local/lib/python3.7/site-packages/airflow/example_dags/example_branch_day_of_week_operator.py
[2022-02-22 00:15:44,486] {logging_mixin.py:109} INFO - [2022-02-22 00:15:44,486] {dag.py:2396} INFO - Sync 1 DAGs
[2022-02-22 00:15:44,560] {logging_mixin.py:109} INFO - [2022-02-22 00:15:44,560] {dag.py:2935} INFO - Setting next_dagrun for example_weekday_branch_operator to 2022-02-21 00:00:00+00:00
[2022-02-22 00:15:44,593] {processor.py:171} INFO - Processing /home/airflow/.local/lib/python3.7/site-packages/airflow/example_dags/example_branch_day_of_week_operator.py took 0.264 seconds
[2022-02-22 00:16:14,804] {processor.py:163} INFO - Started process (PID=9456) to work on /home/airflow/.local/lib/python3.7/site-packages/airflow/example_dags/example_branch_day_of_week_operator.py
[2022-02-22 00:16:14,809] {processor.py:642} INFO - Processing file /home/airflow/.local/lib/python3.7/site-packages/airflow/example_dags/example_branch_day_of_week_operator.py for tasks to queue
[2022-02-22 00:16:14,814] {logging_mixin.py:109} INFO - [2022-02-22 00:16:14,813] {dagbag.py:500} INFO - Filling up the DagBag from /home/airflow/.local/lib/python3.7/site-packages/airflow/example_dags/example_branch_day_of_week_operator.py
[2022-02-22 00:16:14,905] {processor.py:654} INFO - DAG(s) dict_keys(['example_weekday_branch_operator']) retrieved from /home/airflow/.local/lib/python3.7/site-packages/airflow/example_dags/example_branch_day_of_week_operator.py
[2022-02-22 00:16:14,949] {logging_mixin.py:109} INFO - [2022-02-22 00:16:14,948] {dag.py:2396} INFO - Sync 1 DAGs
[2022-02-22 00:16:15,033] {logging_mixin.py:109} INFO - [2022-02-22 00:16:15,033] {dag.py:2935} INFO - Setting next_dagrun for example_weekday_branch_operator to 2022-02-21 00:00:00+00:00
[2022-02-22 00:16:15,064] {processor.py:171} INFO - Processing /home/airflow/.local/lib/python3.7/site-packages/airflow/example_dags/example_branch_day_of_week_operator.py took 0.275 seconds
[2022-02-22 00:16:45,374] {processor.py:163} INFO - Started process (PID=9558) to work on /home/airflow/.local/lib/python3.7/site-packages/airflow/example_dags/example_branch_day_of_week_operator.py
[2022-02-22 00:16:45,378] {processor.py:642} INFO - Processing file /home/airflow/.local/lib/python3.7/site-packages/airflow/example_dags/example_branch_day_of_week_operator.py for tasks to queue
[2022-02-22 00:16:45,382] {logging_mixin.py:109} INFO - [2022-02-22 00:16:45,381] {dagbag.py:500} INFO - Filling up the DagBag from /home/airflow/.local/lib/python3.7/site-packages/airflow/example_dags/example_branch_day_of_week_operator.py
[2022-02-22 00:16:45,461] {processor.py:654} INFO - DAG(s) dict_keys(['example_weekday_branch_operator']) retrieved from /home/airflow/.local/lib/python3.7/site-packages/airflow/example_dags/example_branch_day_of_week_operator.py
[2022-02-22 00:16:45,499] {logging_mixin.py:109} INFO - [2022-02-22 00:16:45,498] {dag.py:2396} INFO - Sync 1 DAGs
[2022-02-22 00:16:45,569] {logging_mixin.py:109} INFO - [2022-02-22 00:16:45,569] {dag.py:2935} INFO - Setting next_dagrun for example_weekday_branch_operator to 2022-02-21 00:00:00+00:00
[2022-02-22 00:16:45,599] {processor.py:171} INFO - Processing /home/airflow/.local/lib/python3.7/site-packages/airflow/example_dags/example_branch_day_of_week_operator.py took 0.233 seconds
[2022-02-22 00:17:15,738] {processor.py:163} INFO - Started process (PID=9645) to work on /home/airflow/.local/lib/python3.7/site-packages/airflow/example_dags/example_branch_day_of_week_operator.py
[2022-02-22 00:17:15,743] {processor.py:642} INFO - Processing file /home/airflow/.local/lib/python3.7/site-packages/airflow/example_dags/example_branch_day_of_week_operator.py for tasks to queue
[2022-02-22 00:17:15,747] {logging_mixin.py:109} INFO - [2022-02-22 00:17:15,746] {dagbag.py:500} INFO - Filling up the DagBag from /home/airflow/.local/lib/python3.7/site-packages/airflow/example_dags/example_branch_day_of_week_operator.py
[2022-02-22 00:17:15,824] {processor.py:654} INFO - DAG(s) dict_keys(['example_weekday_branch_operator']) retrieved from /home/airflow/.local/lib/python3.7/site-packages/airflow/example_dags/example_branch_day_of_week_operator.py
[2022-02-22 00:17:15,865] {logging_mixin.py:109} INFO - [2022-02-22 00:17:15,864] {dag.py:2396} INFO - Sync 1 DAGs
[2022-02-22 00:17:15,945] {logging_mixin.py:109} INFO - [2022-02-22 00:17:15,944] {dag.py:2935} INFO - Setting next_dagrun for example_weekday_branch_operator to 2022-02-21 00:00:00+00:00
[2022-02-22 00:17:15,976] {processor.py:171} INFO - Processing /home/airflow/.local/lib/python3.7/site-packages/airflow/example_dags/example_branch_day_of_week_operator.py took 0.246 seconds
