[2022-02-22 00:00:27,350] {processor.py:163} INFO - Started process (PID=6525) to work on /home/airflow/.local/lib/python3.7/site-packages/airflow/example_dags/tutorial_etl_dag.py
[2022-02-22 00:00:27,356] {processor.py:642} INFO - Processing file /home/airflow/.local/lib/python3.7/site-packages/airflow/example_dags/tutorial_etl_dag.py for tasks to queue
[2022-02-22 00:00:27,360] {logging_mixin.py:109} INFO - [2022-02-22 00:00:27,360] {dagbag.py:500} INFO - Filling up the DagBag from /home/airflow/.local/lib/python3.7/site-packages/airflow/example_dags/tutorial_etl_dag.py
[2022-02-22 00:00:27,440] {processor.py:654} INFO - DAG(s) dict_keys(['tutorial_etl_dag']) retrieved from /home/airflow/.local/lib/python3.7/site-packages/airflow/example_dags/tutorial_etl_dag.py
[2022-02-22 00:00:27,485] {logging_mixin.py:109} INFO - [2022-02-22 00:00:27,485] {dag.py:2396} INFO - Sync 1 DAGs
[2022-02-22 00:00:27,556] {logging_mixin.py:109} INFO - [2022-02-22 00:00:27,556] {dag.py:2935} INFO - Setting next_dagrun for tutorial_etl_dag to None
[2022-02-22 00:00:27,589] {processor.py:171} INFO - Processing /home/airflow/.local/lib/python3.7/site-packages/airflow/example_dags/tutorial_etl_dag.py took 0.246 seconds
[2022-02-22 00:00:58,695] {processor.py:163} INFO - Started process (PID=6614) to work on /home/airflow/.local/lib/python3.7/site-packages/airflow/example_dags/tutorial_etl_dag.py
[2022-02-22 00:00:58,700] {processor.py:642} INFO - Processing file /home/airflow/.local/lib/python3.7/site-packages/airflow/example_dags/tutorial_etl_dag.py for tasks to queue
[2022-02-22 00:00:58,702] {logging_mixin.py:109} INFO - [2022-02-22 00:00:58,702] {dagbag.py:500} INFO - Filling up the DagBag from /home/airflow/.local/lib/python3.7/site-packages/airflow/example_dags/tutorial_etl_dag.py
[2022-02-22 00:00:58,772] {processor.py:654} INFO - DAG(s) dict_keys(['tutorial_etl_dag']) retrieved from /home/airflow/.local/lib/python3.7/site-packages/airflow/example_dags/tutorial_etl_dag.py
[2022-02-22 00:00:58,812] {logging_mixin.py:109} INFO - [2022-02-22 00:00:58,812] {dag.py:2396} INFO - Sync 1 DAGs
[2022-02-22 00:00:58,877] {logging_mixin.py:109} INFO - [2022-02-22 00:00:58,876] {dag.py:2935} INFO - Setting next_dagrun for tutorial_etl_dag to None
[2022-02-22 00:00:58,905] {processor.py:171} INFO - Processing /home/airflow/.local/lib/python3.7/site-packages/airflow/example_dags/tutorial_etl_dag.py took 0.217 seconds
[2022-02-22 00:01:29,513] {processor.py:163} INFO - Started process (PID=6718) to work on /home/airflow/.local/lib/python3.7/site-packages/airflow/example_dags/tutorial_etl_dag.py
[2022-02-22 00:01:29,518] {processor.py:642} INFO - Processing file /home/airflow/.local/lib/python3.7/site-packages/airflow/example_dags/tutorial_etl_dag.py for tasks to queue
[2022-02-22 00:01:29,521] {logging_mixin.py:109} INFO - [2022-02-22 00:01:29,520] {dagbag.py:500} INFO - Filling up the DagBag from /home/airflow/.local/lib/python3.7/site-packages/airflow/example_dags/tutorial_etl_dag.py
[2022-02-22 00:01:29,599] {processor.py:654} INFO - DAG(s) dict_keys(['tutorial_etl_dag']) retrieved from /home/airflow/.local/lib/python3.7/site-packages/airflow/example_dags/tutorial_etl_dag.py
[2022-02-22 00:01:29,645] {logging_mixin.py:109} INFO - [2022-02-22 00:01:29,645] {dag.py:2396} INFO - Sync 1 DAGs
[2022-02-22 00:01:29,708] {logging_mixin.py:109} INFO - [2022-02-22 00:01:29,707] {dag.py:2935} INFO - Setting next_dagrun for tutorial_etl_dag to None
[2022-02-22 00:01:29,738] {processor.py:171} INFO - Processing /home/airflow/.local/lib/python3.7/site-packages/airflow/example_dags/tutorial_etl_dag.py took 0.233 seconds
[2022-02-22 00:01:59,907] {processor.py:163} INFO - Started process (PID=6805) to work on /home/airflow/.local/lib/python3.7/site-packages/airflow/example_dags/tutorial_etl_dag.py
[2022-02-22 00:01:59,911] {processor.py:642} INFO - Processing file /home/airflow/.local/lib/python3.7/site-packages/airflow/example_dags/tutorial_etl_dag.py for tasks to queue
[2022-02-22 00:01:59,914] {logging_mixin.py:109} INFO - [2022-02-22 00:01:59,914] {dagbag.py:500} INFO - Filling up the DagBag from /home/airflow/.local/lib/python3.7/site-packages/airflow/example_dags/tutorial_etl_dag.py
[2022-02-22 00:01:59,992] {processor.py:654} INFO - DAG(s) dict_keys(['tutorial_etl_dag']) retrieved from /home/airflow/.local/lib/python3.7/site-packages/airflow/example_dags/tutorial_etl_dag.py
[2022-02-22 00:02:00,030] {logging_mixin.py:109} INFO - [2022-02-22 00:02:00,029] {dag.py:2396} INFO - Sync 1 DAGs
[2022-02-22 00:02:00,093] {logging_mixin.py:109} INFO - [2022-02-22 00:02:00,093] {dag.py:2935} INFO - Setting next_dagrun for tutorial_etl_dag to None
[2022-02-22 00:02:00,119] {processor.py:171} INFO - Processing /home/airflow/.local/lib/python3.7/site-packages/airflow/example_dags/tutorial_etl_dag.py took 0.219 seconds
[2022-02-22 00:02:30,565] {processor.py:163} INFO - Started process (PID=6908) to work on /home/airflow/.local/lib/python3.7/site-packages/airflow/example_dags/tutorial_etl_dag.py
[2022-02-22 00:02:30,570] {processor.py:642} INFO - Processing file /home/airflow/.local/lib/python3.7/site-packages/airflow/example_dags/tutorial_etl_dag.py for tasks to queue
[2022-02-22 00:02:30,574] {logging_mixin.py:109} INFO - [2022-02-22 00:02:30,573] {dagbag.py:500} INFO - Filling up the DagBag from /home/airflow/.local/lib/python3.7/site-packages/airflow/example_dags/tutorial_etl_dag.py
[2022-02-22 00:02:30,648] {processor.py:654} INFO - DAG(s) dict_keys(['tutorial_etl_dag']) retrieved from /home/airflow/.local/lib/python3.7/site-packages/airflow/example_dags/tutorial_etl_dag.py
[2022-02-22 00:02:30,699] {logging_mixin.py:109} INFO - [2022-02-22 00:02:30,699] {dag.py:2396} INFO - Sync 1 DAGs
[2022-02-22 00:02:30,765] {logging_mixin.py:109} INFO - [2022-02-22 00:02:30,765] {dag.py:2935} INFO - Setting next_dagrun for tutorial_etl_dag to None
[2022-02-22 00:02:30,798] {processor.py:171} INFO - Processing /home/airflow/.local/lib/python3.7/site-packages/airflow/example_dags/tutorial_etl_dag.py took 0.241 seconds
[2022-02-22 00:03:00,899] {processor.py:163} INFO - Started process (PID=6993) to work on /home/airflow/.local/lib/python3.7/site-packages/airflow/example_dags/tutorial_etl_dag.py
[2022-02-22 00:03:00,903] {processor.py:642} INFO - Processing file /home/airflow/.local/lib/python3.7/site-packages/airflow/example_dags/tutorial_etl_dag.py for tasks to queue
[2022-02-22 00:03:00,907] {logging_mixin.py:109} INFO - [2022-02-22 00:03:00,906] {dagbag.py:500} INFO - Filling up the DagBag from /home/airflow/.local/lib/python3.7/site-packages/airflow/example_dags/tutorial_etl_dag.py
[2022-02-22 00:03:00,966] {processor.py:654} INFO - DAG(s) dict_keys(['tutorial_etl_dag']) retrieved from /home/airflow/.local/lib/python3.7/site-packages/airflow/example_dags/tutorial_etl_dag.py
[2022-02-22 00:03:01,002] {logging_mixin.py:109} INFO - [2022-02-22 00:03:01,001] {dag.py:2396} INFO - Sync 1 DAGs
[2022-02-22 00:03:01,054] {logging_mixin.py:109} INFO - [2022-02-22 00:03:01,053] {dag.py:2935} INFO - Setting next_dagrun for tutorial_etl_dag to None
[2022-02-22 00:03:01,082] {processor.py:171} INFO - Processing /home/airflow/.local/lib/python3.7/site-packages/airflow/example_dags/tutorial_etl_dag.py took 0.189 seconds
[2022-02-22 00:03:31,248] {processor.py:163} INFO - Started process (PID=7097) to work on /home/airflow/.local/lib/python3.7/site-packages/airflow/example_dags/tutorial_etl_dag.py
[2022-02-22 00:03:31,256] {processor.py:642} INFO - Processing file /home/airflow/.local/lib/python3.7/site-packages/airflow/example_dags/tutorial_etl_dag.py for tasks to queue
[2022-02-22 00:03:31,260] {logging_mixin.py:109} INFO - [2022-02-22 00:03:31,260] {dagbag.py:500} INFO - Filling up the DagBag from /home/airflow/.local/lib/python3.7/site-packages/airflow/example_dags/tutorial_etl_dag.py
[2022-02-22 00:03:31,338] {processor.py:654} INFO - DAG(s) dict_keys(['tutorial_etl_dag']) retrieved from /home/airflow/.local/lib/python3.7/site-packages/airflow/example_dags/tutorial_etl_dag.py
[2022-02-22 00:03:31,381] {logging_mixin.py:109} INFO - [2022-02-22 00:03:31,380] {dag.py:2396} INFO - Sync 1 DAGs
[2022-02-22 00:03:31,449] {logging_mixin.py:109} INFO - [2022-02-22 00:03:31,448] {dag.py:2935} INFO - Setting next_dagrun for tutorial_etl_dag to None
[2022-02-22 00:03:31,483] {processor.py:171} INFO - Processing /home/airflow/.local/lib/python3.7/site-packages/airflow/example_dags/tutorial_etl_dag.py took 0.242 seconds
[2022-02-22 00:04:01,738] {processor.py:163} INFO - Started process (PID=7184) to work on /home/airflow/.local/lib/python3.7/site-packages/airflow/example_dags/tutorial_etl_dag.py
[2022-02-22 00:04:01,743] {processor.py:642} INFO - Processing file /home/airflow/.local/lib/python3.7/site-packages/airflow/example_dags/tutorial_etl_dag.py for tasks to queue
[2022-02-22 00:04:01,747] {logging_mixin.py:109} INFO - [2022-02-22 00:04:01,747] {dagbag.py:500} INFO - Filling up the DagBag from /home/airflow/.local/lib/python3.7/site-packages/airflow/example_dags/tutorial_etl_dag.py
[2022-02-22 00:04:01,820] {processor.py:654} INFO - DAG(s) dict_keys(['tutorial_etl_dag']) retrieved from /home/airflow/.local/lib/python3.7/site-packages/airflow/example_dags/tutorial_etl_dag.py
[2022-02-22 00:04:01,864] {logging_mixin.py:109} INFO - [2022-02-22 00:04:01,864] {dag.py:2396} INFO - Sync 1 DAGs
[2022-02-22 00:04:01,943] {logging_mixin.py:109} INFO - [2022-02-22 00:04:01,943] {dag.py:2935} INFO - Setting next_dagrun for tutorial_etl_dag to None
[2022-02-22 00:04:01,975] {processor.py:171} INFO - Processing /home/airflow/.local/lib/python3.7/site-packages/airflow/example_dags/tutorial_etl_dag.py took 0.247 seconds
[2022-02-22 00:04:32,082] {processor.py:163} INFO - Started process (PID=7286) to work on /home/airflow/.local/lib/python3.7/site-packages/airflow/example_dags/tutorial_etl_dag.py
[2022-02-22 00:04:32,087] {processor.py:642} INFO - Processing file /home/airflow/.local/lib/python3.7/site-packages/airflow/example_dags/tutorial_etl_dag.py for tasks to queue
[2022-02-22 00:04:32,091] {logging_mixin.py:109} INFO - [2022-02-22 00:04:32,090] {dagbag.py:500} INFO - Filling up the DagBag from /home/airflow/.local/lib/python3.7/site-packages/airflow/example_dags/tutorial_etl_dag.py
[2022-02-22 00:04:32,163] {processor.py:654} INFO - DAG(s) dict_keys(['tutorial_etl_dag']) retrieved from /home/airflow/.local/lib/python3.7/site-packages/airflow/example_dags/tutorial_etl_dag.py
[2022-02-22 00:04:32,202] {logging_mixin.py:109} INFO - [2022-02-22 00:04:32,201] {dag.py:2396} INFO - Sync 1 DAGs
[2022-02-22 00:04:32,262] {logging_mixin.py:109} INFO - [2022-02-22 00:04:32,262] {dag.py:2935} INFO - Setting next_dagrun for tutorial_etl_dag to None
[2022-02-22 00:04:32,292] {processor.py:171} INFO - Processing /home/airflow/.local/lib/python3.7/site-packages/airflow/example_dags/tutorial_etl_dag.py took 0.217 seconds
[2022-02-22 00:05:02,735] {processor.py:163} INFO - Started process (PID=7384) to work on /home/airflow/.local/lib/python3.7/site-packages/airflow/example_dags/tutorial_etl_dag.py
[2022-02-22 00:05:02,740] {processor.py:642} INFO - Processing file /home/airflow/.local/lib/python3.7/site-packages/airflow/example_dags/tutorial_etl_dag.py for tasks to queue
[2022-02-22 00:05:02,744] {logging_mixin.py:109} INFO - [2022-02-22 00:05:02,744] {dagbag.py:500} INFO - Filling up the DagBag from /home/airflow/.local/lib/python3.7/site-packages/airflow/example_dags/tutorial_etl_dag.py
[2022-02-22 00:05:02,822] {processor.py:654} INFO - DAG(s) dict_keys(['tutorial_etl_dag']) retrieved from /home/airflow/.local/lib/python3.7/site-packages/airflow/example_dags/tutorial_etl_dag.py
[2022-02-22 00:05:02,863] {logging_mixin.py:109} INFO - [2022-02-22 00:05:02,862] {dag.py:2396} INFO - Sync 1 DAGs
[2022-02-22 00:05:02,927] {logging_mixin.py:109} INFO - [2022-02-22 00:05:02,926] {dag.py:2935} INFO - Setting next_dagrun for tutorial_etl_dag to None
[2022-02-22 00:05:02,957] {processor.py:171} INFO - Processing /home/airflow/.local/lib/python3.7/site-packages/airflow/example_dags/tutorial_etl_dag.py took 0.230 seconds
[2022-02-22 00:05:33,203] {processor.py:163} INFO - Started process (PID=7477) to work on /home/airflow/.local/lib/python3.7/site-packages/airflow/example_dags/tutorial_etl_dag.py
[2022-02-22 00:05:33,209] {processor.py:642} INFO - Processing file /home/airflow/.local/lib/python3.7/site-packages/airflow/example_dags/tutorial_etl_dag.py for tasks to queue
[2022-02-22 00:05:33,212] {logging_mixin.py:109} INFO - [2022-02-22 00:05:33,212] {dagbag.py:500} INFO - Filling up the DagBag from /home/airflow/.local/lib/python3.7/site-packages/airflow/example_dags/tutorial_etl_dag.py
[2022-02-22 00:05:33,285] {processor.py:654} INFO - DAG(s) dict_keys(['tutorial_etl_dag']) retrieved from /home/airflow/.local/lib/python3.7/site-packages/airflow/example_dags/tutorial_etl_dag.py
[2022-02-22 00:05:33,325] {logging_mixin.py:109} INFO - [2022-02-22 00:05:33,325] {dag.py:2396} INFO - Sync 1 DAGs
[2022-02-22 00:05:33,386] {logging_mixin.py:109} INFO - [2022-02-22 00:05:33,385] {dag.py:2935} INFO - Setting next_dagrun for tutorial_etl_dag to None
[2022-02-22 00:05:33,415] {processor.py:171} INFO - Processing /home/airflow/.local/lib/python3.7/site-packages/airflow/example_dags/tutorial_etl_dag.py took 0.220 seconds
[2022-02-22 00:06:03,982] {processor.py:163} INFO - Started process (PID=7581) to work on /home/airflow/.local/lib/python3.7/site-packages/airflow/example_dags/tutorial_etl_dag.py
[2022-02-22 00:06:03,987] {processor.py:642} INFO - Processing file /home/airflow/.local/lib/python3.7/site-packages/airflow/example_dags/tutorial_etl_dag.py for tasks to queue
[2022-02-22 00:06:03,999] {logging_mixin.py:109} INFO - [2022-02-22 00:06:03,998] {dagbag.py:500} INFO - Filling up the DagBag from /home/airflow/.local/lib/python3.7/site-packages/airflow/example_dags/tutorial_etl_dag.py
[2022-02-22 00:06:04,072] {processor.py:654} INFO - DAG(s) dict_keys(['tutorial_etl_dag']) retrieved from /home/airflow/.local/lib/python3.7/site-packages/airflow/example_dags/tutorial_etl_dag.py
[2022-02-22 00:06:04,112] {logging_mixin.py:109} INFO - [2022-02-22 00:06:04,111] {dag.py:2396} INFO - Sync 1 DAGs
[2022-02-22 00:06:04,174] {logging_mixin.py:109} INFO - [2022-02-22 00:06:04,174] {dag.py:2935} INFO - Setting next_dagrun for tutorial_etl_dag to None
[2022-02-22 00:06:04,204] {processor.py:171} INFO - Processing /home/airflow/.local/lib/python3.7/site-packages/airflow/example_dags/tutorial_etl_dag.py took 0.230 seconds
[2022-02-22 00:06:35,146] {processor.py:163} INFO - Started process (PID=7668) to work on /home/airflow/.local/lib/python3.7/site-packages/airflow/example_dags/tutorial_etl_dag.py
[2022-02-22 00:06:35,152] {processor.py:642} INFO - Processing file /home/airflow/.local/lib/python3.7/site-packages/airflow/example_dags/tutorial_etl_dag.py for tasks to queue
[2022-02-22 00:06:35,156] {logging_mixin.py:109} INFO - [2022-02-22 00:06:35,155] {dagbag.py:500} INFO - Filling up the DagBag from /home/airflow/.local/lib/python3.7/site-packages/airflow/example_dags/tutorial_etl_dag.py
[2022-02-22 00:06:35,238] {processor.py:654} INFO - DAG(s) dict_keys(['tutorial_etl_dag']) retrieved from /home/airflow/.local/lib/python3.7/site-packages/airflow/example_dags/tutorial_etl_dag.py
[2022-02-22 00:06:35,288] {logging_mixin.py:109} INFO - [2022-02-22 00:06:35,287] {dag.py:2396} INFO - Sync 1 DAGs
[2022-02-22 00:06:35,351] {logging_mixin.py:109} INFO - [2022-02-22 00:06:35,351] {dag.py:2935} INFO - Setting next_dagrun for tutorial_etl_dag to None
[2022-02-22 00:06:35,383] {processor.py:171} INFO - Processing /home/airflow/.local/lib/python3.7/site-packages/airflow/example_dags/tutorial_etl_dag.py took 0.244 seconds
[2022-02-22 00:07:05,871] {processor.py:163} INFO - Started process (PID=7771) to work on /home/airflow/.local/lib/python3.7/site-packages/airflow/example_dags/tutorial_etl_dag.py
[2022-02-22 00:07:05,876] {processor.py:642} INFO - Processing file /home/airflow/.local/lib/python3.7/site-packages/airflow/example_dags/tutorial_etl_dag.py for tasks to queue
[2022-02-22 00:07:05,879] {logging_mixin.py:109} INFO - [2022-02-22 00:07:05,879] {dagbag.py:500} INFO - Filling up the DagBag from /home/airflow/.local/lib/python3.7/site-packages/airflow/example_dags/tutorial_etl_dag.py
[2022-02-22 00:07:05,952] {processor.py:654} INFO - DAG(s) dict_keys(['tutorial_etl_dag']) retrieved from /home/airflow/.local/lib/python3.7/site-packages/airflow/example_dags/tutorial_etl_dag.py
[2022-02-22 00:07:05,992] {logging_mixin.py:109} INFO - [2022-02-22 00:07:05,992] {dag.py:2396} INFO - Sync 1 DAGs
[2022-02-22 00:07:06,055] {logging_mixin.py:109} INFO - [2022-02-22 00:07:06,054] {dag.py:2935} INFO - Setting next_dagrun for tutorial_etl_dag to None
[2022-02-22 00:07:06,085] {processor.py:171} INFO - Processing /home/airflow/.local/lib/python3.7/site-packages/airflow/example_dags/tutorial_etl_dag.py took 0.221 seconds
[2022-02-22 00:07:36,790] {processor.py:163} INFO - Started process (PID=7858) to work on /home/airflow/.local/lib/python3.7/site-packages/airflow/example_dags/tutorial_etl_dag.py
[2022-02-22 00:07:36,795] {processor.py:642} INFO - Processing file /home/airflow/.local/lib/python3.7/site-packages/airflow/example_dags/tutorial_etl_dag.py for tasks to queue
[2022-02-22 00:07:36,799] {logging_mixin.py:109} INFO - [2022-02-22 00:07:36,798] {dagbag.py:500} INFO - Filling up the DagBag from /home/airflow/.local/lib/python3.7/site-packages/airflow/example_dags/tutorial_etl_dag.py
[2022-02-22 00:07:36,882] {processor.py:654} INFO - DAG(s) dict_keys(['tutorial_etl_dag']) retrieved from /home/airflow/.local/lib/python3.7/site-packages/airflow/example_dags/tutorial_etl_dag.py
[2022-02-22 00:07:36,929] {logging_mixin.py:109} INFO - [2022-02-22 00:07:36,929] {dag.py:2396} INFO - Sync 1 DAGs
[2022-02-22 00:07:37,014] {logging_mixin.py:109} INFO - [2022-02-22 00:07:37,013] {dag.py:2935} INFO - Setting next_dagrun for tutorial_etl_dag to None
[2022-02-22 00:07:37,055] {processor.py:171} INFO - Processing /home/airflow/.local/lib/python3.7/site-packages/airflow/example_dags/tutorial_etl_dag.py took 0.274 seconds
[2022-02-22 00:08:08,057] {processor.py:163} INFO - Started process (PID=7963) to work on /home/airflow/.local/lib/python3.7/site-packages/airflow/example_dags/tutorial_etl_dag.py
[2022-02-22 00:08:08,063] {processor.py:642} INFO - Processing file /home/airflow/.local/lib/python3.7/site-packages/airflow/example_dags/tutorial_etl_dag.py for tasks to queue
[2022-02-22 00:08:08,066] {logging_mixin.py:109} INFO - [2022-02-22 00:08:08,066] {dagbag.py:500} INFO - Filling up the DagBag from /home/airflow/.local/lib/python3.7/site-packages/airflow/example_dags/tutorial_etl_dag.py
[2022-02-22 00:08:08,139] {processor.py:654} INFO - DAG(s) dict_keys(['tutorial_etl_dag']) retrieved from /home/airflow/.local/lib/python3.7/site-packages/airflow/example_dags/tutorial_etl_dag.py
[2022-02-22 00:08:08,177] {logging_mixin.py:109} INFO - [2022-02-22 00:08:08,177] {dag.py:2396} INFO - Sync 1 DAGs
[2022-02-22 00:08:08,242] {logging_mixin.py:109} INFO - [2022-02-22 00:08:08,242] {dag.py:2935} INFO - Setting next_dagrun for tutorial_etl_dag to None
[2022-02-22 00:08:08,273] {processor.py:171} INFO - Processing /home/airflow/.local/lib/python3.7/site-packages/airflow/example_dags/tutorial_etl_dag.py took 0.223 seconds
[2022-02-22 00:08:38,838] {processor.py:163} INFO - Started process (PID=8048) to work on /home/airflow/.local/lib/python3.7/site-packages/airflow/example_dags/tutorial_etl_dag.py
[2022-02-22 00:08:38,843] {processor.py:642} INFO - Processing file /home/airflow/.local/lib/python3.7/site-packages/airflow/example_dags/tutorial_etl_dag.py for tasks to queue
[2022-02-22 00:08:38,846] {logging_mixin.py:109} INFO - [2022-02-22 00:08:38,846] {dagbag.py:500} INFO - Filling up the DagBag from /home/airflow/.local/lib/python3.7/site-packages/airflow/example_dags/tutorial_etl_dag.py
[2022-02-22 00:08:38,919] {processor.py:654} INFO - DAG(s) dict_keys(['tutorial_etl_dag']) retrieved from /home/airflow/.local/lib/python3.7/site-packages/airflow/example_dags/tutorial_etl_dag.py
[2022-02-22 00:08:38,956] {logging_mixin.py:109} INFO - [2022-02-22 00:08:38,956] {dag.py:2396} INFO - Sync 1 DAGs
[2022-02-22 00:08:39,019] {logging_mixin.py:109} INFO - [2022-02-22 00:08:39,018] {dag.py:2935} INFO - Setting next_dagrun for tutorial_etl_dag to None
[2022-02-22 00:08:39,044] {processor.py:171} INFO - Processing /home/airflow/.local/lib/python3.7/site-packages/airflow/example_dags/tutorial_etl_dag.py took 0.214 seconds
[2022-02-22 00:09:09,274] {processor.py:163} INFO - Started process (PID=8152) to work on /home/airflow/.local/lib/python3.7/site-packages/airflow/example_dags/tutorial_etl_dag.py
[2022-02-22 00:09:09,278] {processor.py:642} INFO - Processing file /home/airflow/.local/lib/python3.7/site-packages/airflow/example_dags/tutorial_etl_dag.py for tasks to queue
[2022-02-22 00:09:09,282] {logging_mixin.py:109} INFO - [2022-02-22 00:09:09,282] {dagbag.py:500} INFO - Filling up the DagBag from /home/airflow/.local/lib/python3.7/site-packages/airflow/example_dags/tutorial_etl_dag.py
[2022-02-22 00:09:09,361] {processor.py:654} INFO - DAG(s) dict_keys(['tutorial_etl_dag']) retrieved from /home/airflow/.local/lib/python3.7/site-packages/airflow/example_dags/tutorial_etl_dag.py
[2022-02-22 00:09:09,400] {logging_mixin.py:109} INFO - [2022-02-22 00:09:09,400] {dag.py:2396} INFO - Sync 1 DAGs
[2022-02-22 00:09:09,462] {logging_mixin.py:109} INFO - [2022-02-22 00:09:09,461] {dag.py:2935} INFO - Setting next_dagrun for tutorial_etl_dag to None
[2022-02-22 00:09:09,491] {processor.py:171} INFO - Processing /home/airflow/.local/lib/python3.7/site-packages/airflow/example_dags/tutorial_etl_dag.py took 0.224 seconds
[2022-02-22 00:09:39,573] {processor.py:163} INFO - Started process (PID=8239) to work on /home/airflow/.local/lib/python3.7/site-packages/airflow/example_dags/tutorial_etl_dag.py
[2022-02-22 00:09:39,577] {processor.py:642} INFO - Processing file /home/airflow/.local/lib/python3.7/site-packages/airflow/example_dags/tutorial_etl_dag.py for tasks to queue
[2022-02-22 00:09:39,580] {logging_mixin.py:109} INFO - [2022-02-22 00:09:39,580] {dagbag.py:500} INFO - Filling up the DagBag from /home/airflow/.local/lib/python3.7/site-packages/airflow/example_dags/tutorial_etl_dag.py
[2022-02-22 00:09:39,636] {processor.py:654} INFO - DAG(s) dict_keys(['tutorial_etl_dag']) retrieved from /home/airflow/.local/lib/python3.7/site-packages/airflow/example_dags/tutorial_etl_dag.py
[2022-02-22 00:09:39,667] {logging_mixin.py:109} INFO - [2022-02-22 00:09:39,666] {dag.py:2396} INFO - Sync 1 DAGs
[2022-02-22 00:09:39,714] {logging_mixin.py:109} INFO - [2022-02-22 00:09:39,713] {dag.py:2935} INFO - Setting next_dagrun for tutorial_etl_dag to None
[2022-02-22 00:09:39,736] {processor.py:171} INFO - Processing /home/airflow/.local/lib/python3.7/site-packages/airflow/example_dags/tutorial_etl_dag.py took 0.169 seconds
[2022-02-22 00:10:10,341] {processor.py:163} INFO - Started process (PID=8342) to work on /home/airflow/.local/lib/python3.7/site-packages/airflow/example_dags/tutorial_etl_dag.py
[2022-02-22 00:10:10,345] {processor.py:642} INFO - Processing file /home/airflow/.local/lib/python3.7/site-packages/airflow/example_dags/tutorial_etl_dag.py for tasks to queue
[2022-02-22 00:10:10,349] {logging_mixin.py:109} INFO - [2022-02-22 00:10:10,349] {dagbag.py:500} INFO - Filling up the DagBag from /home/airflow/.local/lib/python3.7/site-packages/airflow/example_dags/tutorial_etl_dag.py
[2022-02-22 00:10:10,423] {processor.py:654} INFO - DAG(s) dict_keys(['tutorial_etl_dag']) retrieved from /home/airflow/.local/lib/python3.7/site-packages/airflow/example_dags/tutorial_etl_dag.py
[2022-02-22 00:10:10,471] {logging_mixin.py:109} INFO - [2022-02-22 00:10:10,471] {dag.py:2396} INFO - Sync 1 DAGs
[2022-02-22 00:10:10,537] {logging_mixin.py:109} INFO - [2022-02-22 00:10:10,537] {dag.py:2935} INFO - Setting next_dagrun for tutorial_etl_dag to None
[2022-02-22 00:10:10,576] {processor.py:171} INFO - Processing /home/airflow/.local/lib/python3.7/site-packages/airflow/example_dags/tutorial_etl_dag.py took 0.244 seconds
[2022-02-22 00:10:41,165] {processor.py:163} INFO - Started process (PID=8429) to work on /home/airflow/.local/lib/python3.7/site-packages/airflow/example_dags/tutorial_etl_dag.py
[2022-02-22 00:10:41,169] {processor.py:642} INFO - Processing file /home/airflow/.local/lib/python3.7/site-packages/airflow/example_dags/tutorial_etl_dag.py for tasks to queue
[2022-02-22 00:10:41,172] {logging_mixin.py:109} INFO - [2022-02-22 00:10:41,172] {dagbag.py:500} INFO - Filling up the DagBag from /home/airflow/.local/lib/python3.7/site-packages/airflow/example_dags/tutorial_etl_dag.py
[2022-02-22 00:10:41,250] {processor.py:654} INFO - DAG(s) dict_keys(['tutorial_etl_dag']) retrieved from /home/airflow/.local/lib/python3.7/site-packages/airflow/example_dags/tutorial_etl_dag.py
[2022-02-22 00:10:41,285] {logging_mixin.py:109} INFO - [2022-02-22 00:10:41,284] {dag.py:2396} INFO - Sync 1 DAGs
[2022-02-22 00:10:41,337] {logging_mixin.py:109} INFO - [2022-02-22 00:10:41,336] {dag.py:2935} INFO - Setting next_dagrun for tutorial_etl_dag to None
[2022-02-22 00:10:41,360] {processor.py:171} INFO - Processing /home/airflow/.local/lib/python3.7/site-packages/airflow/example_dags/tutorial_etl_dag.py took 0.202 seconds
[2022-02-22 00:11:11,915] {processor.py:163} INFO - Started process (PID=8527) to work on /home/airflow/.local/lib/python3.7/site-packages/airflow/example_dags/tutorial_etl_dag.py
[2022-02-22 00:11:11,920] {processor.py:642} INFO - Processing file /home/airflow/.local/lib/python3.7/site-packages/airflow/example_dags/tutorial_etl_dag.py for tasks to queue
[2022-02-22 00:11:11,925] {logging_mixin.py:109} INFO - [2022-02-22 00:11:11,924] {dagbag.py:500} INFO - Filling up the DagBag from /home/airflow/.local/lib/python3.7/site-packages/airflow/example_dags/tutorial_etl_dag.py
[2022-02-22 00:11:11,996] {processor.py:654} INFO - DAG(s) dict_keys(['tutorial_etl_dag']) retrieved from /home/airflow/.local/lib/python3.7/site-packages/airflow/example_dags/tutorial_etl_dag.py
[2022-02-22 00:11:12,042] {logging_mixin.py:109} INFO - [2022-02-22 00:11:12,041] {dag.py:2396} INFO - Sync 1 DAGs
[2022-02-22 00:11:12,105] {logging_mixin.py:109} INFO - [2022-02-22 00:11:12,104] {dag.py:2935} INFO - Setting next_dagrun for tutorial_etl_dag to None
[2022-02-22 00:11:12,136] {processor.py:171} INFO - Processing /home/airflow/.local/lib/python3.7/site-packages/airflow/example_dags/tutorial_etl_dag.py took 0.230 seconds
[2022-02-22 00:11:43,101] {processor.py:163} INFO - Started process (PID=8619) to work on /home/airflow/.local/lib/python3.7/site-packages/airflow/example_dags/tutorial_etl_dag.py
[2022-02-22 00:11:43,106] {processor.py:642} INFO - Processing file /home/airflow/.local/lib/python3.7/site-packages/airflow/example_dags/tutorial_etl_dag.py for tasks to queue
[2022-02-22 00:11:43,109] {logging_mixin.py:109} INFO - [2022-02-22 00:11:43,109] {dagbag.py:500} INFO - Filling up the DagBag from /home/airflow/.local/lib/python3.7/site-packages/airflow/example_dags/tutorial_etl_dag.py
[2022-02-22 00:11:43,196] {processor.py:654} INFO - DAG(s) dict_keys(['tutorial_etl_dag']) retrieved from /home/airflow/.local/lib/python3.7/site-packages/airflow/example_dags/tutorial_etl_dag.py
[2022-02-22 00:11:43,235] {logging_mixin.py:109} INFO - [2022-02-22 00:11:43,234] {dag.py:2396} INFO - Sync 1 DAGs
[2022-02-22 00:11:43,297] {logging_mixin.py:109} INFO - [2022-02-22 00:11:43,297] {dag.py:2935} INFO - Setting next_dagrun for tutorial_etl_dag to None
[2022-02-22 00:11:43,326] {processor.py:171} INFO - Processing /home/airflow/.local/lib/python3.7/site-packages/airflow/example_dags/tutorial_etl_dag.py took 0.233 seconds
[2022-02-22 00:12:14,576] {processor.py:163} INFO - Started process (PID=8710) to work on /home/airflow/.local/lib/python3.7/site-packages/airflow/example_dags/tutorial_etl_dag.py
[2022-02-22 00:12:14,580] {processor.py:642} INFO - Processing file /home/airflow/.local/lib/python3.7/site-packages/airflow/example_dags/tutorial_etl_dag.py for tasks to queue
[2022-02-22 00:12:14,583] {logging_mixin.py:109} INFO - [2022-02-22 00:12:14,583] {dagbag.py:500} INFO - Filling up the DagBag from /home/airflow/.local/lib/python3.7/site-packages/airflow/example_dags/tutorial_etl_dag.py
[2022-02-22 00:12:14,663] {processor.py:654} INFO - DAG(s) dict_keys(['tutorial_etl_dag']) retrieved from /home/airflow/.local/lib/python3.7/site-packages/airflow/example_dags/tutorial_etl_dag.py
[2022-02-22 00:12:14,716] {logging_mixin.py:109} INFO - [2022-02-22 00:12:14,715] {dag.py:2396} INFO - Sync 1 DAGs
[2022-02-22 00:12:14,785] {logging_mixin.py:109} INFO - [2022-02-22 00:12:14,784] {dag.py:2935} INFO - Setting next_dagrun for tutorial_etl_dag to None
[2022-02-22 00:12:14,839] {processor.py:171} INFO - Processing /home/airflow/.local/lib/python3.7/site-packages/airflow/example_dags/tutorial_etl_dag.py took 0.271 seconds
[2022-02-22 00:12:46,047] {processor.py:163} INFO - Started process (PID=8814) to work on /home/airflow/.local/lib/python3.7/site-packages/airflow/example_dags/tutorial_etl_dag.py
[2022-02-22 00:12:46,055] {processor.py:642} INFO - Processing file /home/airflow/.local/lib/python3.7/site-packages/airflow/example_dags/tutorial_etl_dag.py for tasks to queue
[2022-02-22 00:12:46,062] {logging_mixin.py:109} INFO - [2022-02-22 00:12:46,062] {dagbag.py:500} INFO - Filling up the DagBag from /home/airflow/.local/lib/python3.7/site-packages/airflow/example_dags/tutorial_etl_dag.py
[2022-02-22 00:12:46,154] {processor.py:654} INFO - DAG(s) dict_keys(['tutorial_etl_dag']) retrieved from /home/airflow/.local/lib/python3.7/site-packages/airflow/example_dags/tutorial_etl_dag.py
[2022-02-22 00:12:46,197] {logging_mixin.py:109} INFO - [2022-02-22 00:12:46,197] {dag.py:2396} INFO - Sync 1 DAGs
[2022-02-22 00:12:46,263] {logging_mixin.py:109} INFO - [2022-02-22 00:12:46,262] {dag.py:2935} INFO - Setting next_dagrun for tutorial_etl_dag to None
[2022-02-22 00:12:46,294] {processor.py:171} INFO - Processing /home/airflow/.local/lib/python3.7/site-packages/airflow/example_dags/tutorial_etl_dag.py took 0.257 seconds
[2022-02-22 00:13:17,704] {processor.py:163} INFO - Started process (PID=8901) to work on /home/airflow/.local/lib/python3.7/site-packages/airflow/example_dags/tutorial_etl_dag.py
[2022-02-22 00:13:17,708] {processor.py:642} INFO - Processing file /home/airflow/.local/lib/python3.7/site-packages/airflow/example_dags/tutorial_etl_dag.py for tasks to queue
[2022-02-22 00:13:17,712] {logging_mixin.py:109} INFO - [2022-02-22 00:13:17,711] {dagbag.py:500} INFO - Filling up the DagBag from /home/airflow/.local/lib/python3.7/site-packages/airflow/example_dags/tutorial_etl_dag.py
[2022-02-22 00:13:17,778] {processor.py:654} INFO - DAG(s) dict_keys(['tutorial_etl_dag']) retrieved from /home/airflow/.local/lib/python3.7/site-packages/airflow/example_dags/tutorial_etl_dag.py
[2022-02-22 00:13:17,821] {logging_mixin.py:109} INFO - [2022-02-22 00:13:17,821] {dag.py:2396} INFO - Sync 1 DAGs
[2022-02-22 00:13:17,883] {logging_mixin.py:109} INFO - [2022-02-22 00:13:17,883] {dag.py:2935} INFO - Setting next_dagrun for tutorial_etl_dag to None
[2022-02-22 00:13:17,912] {processor.py:171} INFO - Processing /home/airflow/.local/lib/python3.7/site-packages/airflow/example_dags/tutorial_etl_dag.py took 0.214 seconds
[2022-02-22 00:13:49,520] {processor.py:163} INFO - Started process (PID=9005) to work on /home/airflow/.local/lib/python3.7/site-packages/airflow/example_dags/tutorial_etl_dag.py
[2022-02-22 00:13:49,526] {processor.py:642} INFO - Processing file /home/airflow/.local/lib/python3.7/site-packages/airflow/example_dags/tutorial_etl_dag.py for tasks to queue
[2022-02-22 00:13:49,530] {logging_mixin.py:109} INFO - [2022-02-22 00:13:49,529] {dagbag.py:500} INFO - Filling up the DagBag from /home/airflow/.local/lib/python3.7/site-packages/airflow/example_dags/tutorial_etl_dag.py
[2022-02-22 00:13:49,618] {processor.py:654} INFO - DAG(s) dict_keys(['tutorial_etl_dag']) retrieved from /home/airflow/.local/lib/python3.7/site-packages/airflow/example_dags/tutorial_etl_dag.py
[2022-02-22 00:13:49,665] {logging_mixin.py:109} INFO - [2022-02-22 00:13:49,664] {dag.py:2396} INFO - Sync 1 DAGs
[2022-02-22 00:13:49,730] {logging_mixin.py:109} INFO - [2022-02-22 00:13:49,729] {dag.py:2935} INFO - Setting next_dagrun for tutorial_etl_dag to None
[2022-02-22 00:13:49,766] {processor.py:171} INFO - Processing /home/airflow/.local/lib/python3.7/site-packages/airflow/example_dags/tutorial_etl_dag.py took 0.255 seconds
[2022-02-22 00:14:20,765] {processor.py:163} INFO - Started process (PID=9092) to work on /home/airflow/.local/lib/python3.7/site-packages/airflow/example_dags/tutorial_etl_dag.py
[2022-02-22 00:14:20,769] {processor.py:642} INFO - Processing file /home/airflow/.local/lib/python3.7/site-packages/airflow/example_dags/tutorial_etl_dag.py for tasks to queue
[2022-02-22 00:14:20,772] {logging_mixin.py:109} INFO - [2022-02-22 00:14:20,771] {dagbag.py:500} INFO - Filling up the DagBag from /home/airflow/.local/lib/python3.7/site-packages/airflow/example_dags/tutorial_etl_dag.py
[2022-02-22 00:14:20,832] {processor.py:654} INFO - DAG(s) dict_keys(['tutorial_etl_dag']) retrieved from /home/airflow/.local/lib/python3.7/site-packages/airflow/example_dags/tutorial_etl_dag.py
[2022-02-22 00:14:20,868] {logging_mixin.py:109} INFO - [2022-02-22 00:14:20,868] {dag.py:2396} INFO - Sync 1 DAGs
[2022-02-22 00:14:20,925] {logging_mixin.py:109} INFO - [2022-02-22 00:14:20,924] {dag.py:2935} INFO - Setting next_dagrun for tutorial_etl_dag to None
[2022-02-22 00:14:20,950] {processor.py:171} INFO - Processing /home/airflow/.local/lib/python3.7/site-packages/airflow/example_dags/tutorial_etl_dag.py took 0.191 seconds
[2022-02-22 00:14:52,629] {processor.py:163} INFO - Started process (PID=9194) to work on /home/airflow/.local/lib/python3.7/site-packages/airflow/example_dags/tutorial_etl_dag.py
[2022-02-22 00:14:52,634] {processor.py:642} INFO - Processing file /home/airflow/.local/lib/python3.7/site-packages/airflow/example_dags/tutorial_etl_dag.py for tasks to queue
[2022-02-22 00:14:52,647] {logging_mixin.py:109} INFO - [2022-02-22 00:14:52,646] {dagbag.py:500} INFO - Filling up the DagBag from /home/airflow/.local/lib/python3.7/site-packages/airflow/example_dags/tutorial_etl_dag.py
[2022-02-22 00:14:52,737] {processor.py:654} INFO - DAG(s) dict_keys(['tutorial_etl_dag']) retrieved from /home/airflow/.local/lib/python3.7/site-packages/airflow/example_dags/tutorial_etl_dag.py
[2022-02-22 00:14:52,777] {logging_mixin.py:109} INFO - [2022-02-22 00:14:52,776] {dag.py:2396} INFO - Sync 1 DAGs
[2022-02-22 00:14:52,839] {logging_mixin.py:109} INFO - [2022-02-22 00:14:52,839] {dag.py:2935} INFO - Setting next_dagrun for tutorial_etl_dag to None
[2022-02-22 00:14:52,869] {processor.py:171} INFO - Processing /home/airflow/.local/lib/python3.7/site-packages/airflow/example_dags/tutorial_etl_dag.py took 0.249 seconds
[2022-02-22 00:15:24,228] {processor.py:163} INFO - Started process (PID=9301) to work on /home/airflow/.local/lib/python3.7/site-packages/airflow/example_dags/tutorial_etl_dag.py
[2022-02-22 00:15:24,233] {processor.py:642} INFO - Processing file /home/airflow/.local/lib/python3.7/site-packages/airflow/example_dags/tutorial_etl_dag.py for tasks to queue
[2022-02-22 00:15:24,238] {logging_mixin.py:109} INFO - [2022-02-22 00:15:24,237] {dagbag.py:500} INFO - Filling up the DagBag from /home/airflow/.local/lib/python3.7/site-packages/airflow/example_dags/tutorial_etl_dag.py
[2022-02-22 00:15:24,322] {processor.py:654} INFO - DAG(s) dict_keys(['tutorial_etl_dag']) retrieved from /home/airflow/.local/lib/python3.7/site-packages/airflow/example_dags/tutorial_etl_dag.py
[2022-02-22 00:15:24,367] {logging_mixin.py:109} INFO - [2022-02-22 00:15:24,366] {dag.py:2396} INFO - Sync 1 DAGs
[2022-02-22 00:15:24,429] {logging_mixin.py:109} INFO - [2022-02-22 00:15:24,428] {dag.py:2935} INFO - Setting next_dagrun for tutorial_etl_dag to None
[2022-02-22 00:15:24,458] {processor.py:171} INFO - Processing /home/airflow/.local/lib/python3.7/site-packages/airflow/example_dags/tutorial_etl_dag.py took 0.238 seconds
[2022-02-22 00:15:55,769] {processor.py:163} INFO - Started process (PID=9387) to work on /home/airflow/.local/lib/python3.7/site-packages/airflow/example_dags/tutorial_etl_dag.py
[2022-02-22 00:15:55,774] {processor.py:642} INFO - Processing file /home/airflow/.local/lib/python3.7/site-packages/airflow/example_dags/tutorial_etl_dag.py for tasks to queue
[2022-02-22 00:15:55,777] {logging_mixin.py:109} INFO - [2022-02-22 00:15:55,777] {dagbag.py:500} INFO - Filling up the DagBag from /home/airflow/.local/lib/python3.7/site-packages/airflow/example_dags/tutorial_etl_dag.py
[2022-02-22 00:15:55,856] {processor.py:654} INFO - DAG(s) dict_keys(['tutorial_etl_dag']) retrieved from /home/airflow/.local/lib/python3.7/site-packages/airflow/example_dags/tutorial_etl_dag.py
[2022-02-22 00:15:55,898] {logging_mixin.py:109} INFO - [2022-02-22 00:15:55,898] {dag.py:2396} INFO - Sync 1 DAGs
[2022-02-22 00:15:55,962] {logging_mixin.py:109} INFO - [2022-02-22 00:15:55,961] {dag.py:2935} INFO - Setting next_dagrun for tutorial_etl_dag to None
[2022-02-22 00:15:55,994] {processor.py:171} INFO - Processing /home/airflow/.local/lib/python3.7/site-packages/airflow/example_dags/tutorial_etl_dag.py took 0.232 seconds
[2022-02-22 00:16:28,408] {processor.py:163} INFO - Started process (PID=9491) to work on /home/airflow/.local/lib/python3.7/site-packages/airflow/example_dags/tutorial_etl_dag.py
[2022-02-22 00:16:28,412] {processor.py:642} INFO - Processing file /home/airflow/.local/lib/python3.7/site-packages/airflow/example_dags/tutorial_etl_dag.py for tasks to queue
[2022-02-22 00:16:28,416] {logging_mixin.py:109} INFO - [2022-02-22 00:16:28,415] {dagbag.py:500} INFO - Filling up the DagBag from /home/airflow/.local/lib/python3.7/site-packages/airflow/example_dags/tutorial_etl_dag.py
[2022-02-22 00:16:28,494] {processor.py:654} INFO - DAG(s) dict_keys(['tutorial_etl_dag']) retrieved from /home/airflow/.local/lib/python3.7/site-packages/airflow/example_dags/tutorial_etl_dag.py
[2022-02-22 00:16:28,535] {logging_mixin.py:109} INFO - [2022-02-22 00:16:28,534] {dag.py:2396} INFO - Sync 1 DAGs
[2022-02-22 00:16:28,601] {logging_mixin.py:109} INFO - [2022-02-22 00:16:28,600] {dag.py:2935} INFO - Setting next_dagrun for tutorial_etl_dag to None
[2022-02-22 00:16:28,661] {processor.py:171} INFO - Processing /home/airflow/.local/lib/python3.7/site-packages/airflow/example_dags/tutorial_etl_dag.py took 0.261 seconds
[2022-02-22 00:16:59,442] {processor.py:163} INFO - Started process (PID=9580) to work on /home/airflow/.local/lib/python3.7/site-packages/airflow/example_dags/tutorial_etl_dag.py
[2022-02-22 00:16:59,447] {processor.py:642} INFO - Processing file /home/airflow/.local/lib/python3.7/site-packages/airflow/example_dags/tutorial_etl_dag.py for tasks to queue
[2022-02-22 00:16:59,450] {logging_mixin.py:109} INFO - [2022-02-22 00:16:59,450] {dagbag.py:500} INFO - Filling up the DagBag from /home/airflow/.local/lib/python3.7/site-packages/airflow/example_dags/tutorial_etl_dag.py
[2022-02-22 00:16:59,512] {processor.py:654} INFO - DAG(s) dict_keys(['tutorial_etl_dag']) retrieved from /home/airflow/.local/lib/python3.7/site-packages/airflow/example_dags/tutorial_etl_dag.py
[2022-02-22 00:16:59,544] {logging_mixin.py:109} INFO - [2022-02-22 00:16:59,543] {dag.py:2396} INFO - Sync 1 DAGs
[2022-02-22 00:16:59,595] {logging_mixin.py:109} INFO - [2022-02-22 00:16:59,595] {dag.py:2935} INFO - Setting next_dagrun for tutorial_etl_dag to None
[2022-02-22 00:16:59,622] {processor.py:171} INFO - Processing /home/airflow/.local/lib/python3.7/site-packages/airflow/example_dags/tutorial_etl_dag.py took 0.187 seconds
