[2022-02-22 00:00:19,696] {processor.py:163} INFO - Started process (PID=6485) to work on /home/airflow/.local/lib/python3.7/site-packages/airflow/example_dags/tutorial_taskflow_api_etl.py
[2022-02-22 00:00:19,701] {processor.py:642} INFO - Processing file /home/airflow/.local/lib/python3.7/site-packages/airflow/example_dags/tutorial_taskflow_api_etl.py for tasks to queue
[2022-02-22 00:00:19,705] {logging_mixin.py:109} INFO - [2022-02-22 00:00:19,705] {dagbag.py:500} INFO - Filling up the DagBag from /home/airflow/.local/lib/python3.7/site-packages/airflow/example_dags/tutorial_taskflow_api_etl.py
[2022-02-22 00:00:19,794] {processor.py:654} INFO - DAG(s) dict_keys(['tutorial_taskflow_api_etl']) retrieved from /home/airflow/.local/lib/python3.7/site-packages/airflow/example_dags/tutorial_taskflow_api_etl.py
[2022-02-22 00:00:20,598] {logging_mixin.py:109} INFO - [2022-02-22 00:00:20,598] {dag.py:2396} INFO - Sync 1 DAGs
[2022-02-22 00:00:20,677] {logging_mixin.py:109} INFO - [2022-02-22 00:00:20,677] {dag.py:2935} INFO - Setting next_dagrun for tutorial_taskflow_api_etl to None
[2022-02-22 00:00:20,713] {processor.py:171} INFO - Processing /home/airflow/.local/lib/python3.7/site-packages/airflow/example_dags/tutorial_taskflow_api_etl.py took 1.026 seconds
[2022-02-22 00:00:51,154] {processor.py:163} INFO - Started process (PID=6590) to work on /home/airflow/.local/lib/python3.7/site-packages/airflow/example_dags/tutorial_taskflow_api_etl.py
[2022-02-22 00:00:51,159] {processor.py:642} INFO - Processing file /home/airflow/.local/lib/python3.7/site-packages/airflow/example_dags/tutorial_taskflow_api_etl.py for tasks to queue
[2022-02-22 00:00:51,162] {logging_mixin.py:109} INFO - [2022-02-22 00:00:51,161] {dagbag.py:500} INFO - Filling up the DagBag from /home/airflow/.local/lib/python3.7/site-packages/airflow/example_dags/tutorial_taskflow_api_etl.py
[2022-02-22 00:00:51,259] {processor.py:654} INFO - DAG(s) dict_keys(['tutorial_taskflow_api_etl']) retrieved from /home/airflow/.local/lib/python3.7/site-packages/airflow/example_dags/tutorial_taskflow_api_etl.py
[2022-02-22 00:00:52,397] {logging_mixin.py:109} INFO - [2022-02-22 00:00:52,396] {dag.py:2396} INFO - Sync 1 DAGs
[2022-02-22 00:00:52,495] {logging_mixin.py:109} INFO - [2022-02-22 00:00:52,495] {dag.py:2935} INFO - Setting next_dagrun for tutorial_taskflow_api_etl to None
[2022-02-22 00:00:52,557] {processor.py:171} INFO - Processing /home/airflow/.local/lib/python3.7/site-packages/airflow/example_dags/tutorial_taskflow_api_etl.py took 1.413 seconds
[2022-02-22 00:01:22,860] {processor.py:163} INFO - Started process (PID=6690) to work on /home/airflow/.local/lib/python3.7/site-packages/airflow/example_dags/tutorial_taskflow_api_etl.py
[2022-02-22 00:01:22,864] {processor.py:642} INFO - Processing file /home/airflow/.local/lib/python3.7/site-packages/airflow/example_dags/tutorial_taskflow_api_etl.py for tasks to queue
[2022-02-22 00:01:22,867] {logging_mixin.py:109} INFO - [2022-02-22 00:01:22,867] {dagbag.py:500} INFO - Filling up the DagBag from /home/airflow/.local/lib/python3.7/site-packages/airflow/example_dags/tutorial_taskflow_api_etl.py
[2022-02-22 00:01:22,967] {processor.py:654} INFO - DAG(s) dict_keys(['tutorial_taskflow_api_etl']) retrieved from /home/airflow/.local/lib/python3.7/site-packages/airflow/example_dags/tutorial_taskflow_api_etl.py
[2022-02-22 00:01:24,072] {logging_mixin.py:109} INFO - [2022-02-22 00:01:24,071] {dag.py:2396} INFO - Sync 1 DAGs
[2022-02-22 00:01:24,135] {logging_mixin.py:109} INFO - [2022-02-22 00:01:24,134] {dag.py:2935} INFO - Setting next_dagrun for tutorial_taskflow_api_etl to None
[2022-02-22 00:01:24,174] {processor.py:171} INFO - Processing /home/airflow/.local/lib/python3.7/site-packages/airflow/example_dags/tutorial_taskflow_api_etl.py took 1.324 seconds
[2022-02-22 00:01:54,536] {processor.py:163} INFO - Started process (PID=6783) to work on /home/airflow/.local/lib/python3.7/site-packages/airflow/example_dags/tutorial_taskflow_api_etl.py
[2022-02-22 00:01:54,541] {processor.py:642} INFO - Processing file /home/airflow/.local/lib/python3.7/site-packages/airflow/example_dags/tutorial_taskflow_api_etl.py for tasks to queue
[2022-02-22 00:01:54,546] {logging_mixin.py:109} INFO - [2022-02-22 00:01:54,546] {dagbag.py:500} INFO - Filling up the DagBag from /home/airflow/.local/lib/python3.7/site-packages/airflow/example_dags/tutorial_taskflow_api_etl.py
[2022-02-22 00:01:54,663] {processor.py:654} INFO - DAG(s) dict_keys(['tutorial_taskflow_api_etl']) retrieved from /home/airflow/.local/lib/python3.7/site-packages/airflow/example_dags/tutorial_taskflow_api_etl.py
[2022-02-22 00:01:55,864] {logging_mixin.py:109} INFO - [2022-02-22 00:01:55,863] {dag.py:2396} INFO - Sync 1 DAGs
[2022-02-22 00:01:55,934] {logging_mixin.py:109} INFO - [2022-02-22 00:01:55,934] {dag.py:2935} INFO - Setting next_dagrun for tutorial_taskflow_api_etl to None
[2022-02-22 00:01:55,975] {processor.py:171} INFO - Processing /home/airflow/.local/lib/python3.7/site-packages/airflow/example_dags/tutorial_taskflow_api_etl.py took 1.451 seconds
[2022-02-22 00:02:26,478] {processor.py:163} INFO - Started process (PID=6892) to work on /home/airflow/.local/lib/python3.7/site-packages/airflow/example_dags/tutorial_taskflow_api_etl.py
[2022-02-22 00:02:26,483] {processor.py:642} INFO - Processing file /home/airflow/.local/lib/python3.7/site-packages/airflow/example_dags/tutorial_taskflow_api_etl.py for tasks to queue
[2022-02-22 00:02:26,487] {logging_mixin.py:109} INFO - [2022-02-22 00:02:26,486] {dagbag.py:500} INFO - Filling up the DagBag from /home/airflow/.local/lib/python3.7/site-packages/airflow/example_dags/tutorial_taskflow_api_etl.py
[2022-02-22 00:02:26,586] {processor.py:654} INFO - DAG(s) dict_keys(['tutorial_taskflow_api_etl']) retrieved from /home/airflow/.local/lib/python3.7/site-packages/airflow/example_dags/tutorial_taskflow_api_etl.py
[2022-02-22 00:02:27,612] {logging_mixin.py:109} INFO - [2022-02-22 00:02:27,611] {dag.py:2396} INFO - Sync 1 DAGs
[2022-02-22 00:02:27,680] {logging_mixin.py:109} INFO - [2022-02-22 00:02:27,680] {dag.py:2935} INFO - Setting next_dagrun for tutorial_taskflow_api_etl to None
[2022-02-22 00:02:27,719] {processor.py:171} INFO - Processing /home/airflow/.local/lib/python3.7/site-packages/airflow/example_dags/tutorial_taskflow_api_etl.py took 1.250 seconds
[2022-02-22 00:02:58,082] {processor.py:163} INFO - Started process (PID=6981) to work on /home/airflow/.local/lib/python3.7/site-packages/airflow/example_dags/tutorial_taskflow_api_etl.py
[2022-02-22 00:02:58,086] {processor.py:642} INFO - Processing file /home/airflow/.local/lib/python3.7/site-packages/airflow/example_dags/tutorial_taskflow_api_etl.py for tasks to queue
[2022-02-22 00:02:58,089] {logging_mixin.py:109} INFO - [2022-02-22 00:02:58,089] {dagbag.py:500} INFO - Filling up the DagBag from /home/airflow/.local/lib/python3.7/site-packages/airflow/example_dags/tutorial_taskflow_api_etl.py
[2022-02-22 00:02:58,176] {processor.py:654} INFO - DAG(s) dict_keys(['tutorial_taskflow_api_etl']) retrieved from /home/airflow/.local/lib/python3.7/site-packages/airflow/example_dags/tutorial_taskflow_api_etl.py
[2022-02-22 00:02:59,182] {logging_mixin.py:109} INFO - [2022-02-22 00:02:59,181] {dag.py:2396} INFO - Sync 1 DAGs
[2022-02-22 00:02:59,250] {logging_mixin.py:109} INFO - [2022-02-22 00:02:59,250] {dag.py:2935} INFO - Setting next_dagrun for tutorial_taskflow_api_etl to None
[2022-02-22 00:02:59,287] {processor.py:171} INFO - Processing /home/airflow/.local/lib/python3.7/site-packages/airflow/example_dags/tutorial_taskflow_api_etl.py took 1.213 seconds
[2022-02-22 00:03:29,771] {processor.py:163} INFO - Started process (PID=7089) to work on /home/airflow/.local/lib/python3.7/site-packages/airflow/example_dags/tutorial_taskflow_api_etl.py
[2022-02-22 00:03:29,777] {processor.py:642} INFO - Processing file /home/airflow/.local/lib/python3.7/site-packages/airflow/example_dags/tutorial_taskflow_api_etl.py for tasks to queue
[2022-02-22 00:03:29,781] {logging_mixin.py:109} INFO - [2022-02-22 00:03:29,781] {dagbag.py:500} INFO - Filling up the DagBag from /home/airflow/.local/lib/python3.7/site-packages/airflow/example_dags/tutorial_taskflow_api_etl.py
[2022-02-22 00:03:29,937] {processor.py:654} INFO - DAG(s) dict_keys(['tutorial_taskflow_api_etl']) retrieved from /home/airflow/.local/lib/python3.7/site-packages/airflow/example_dags/tutorial_taskflow_api_etl.py
[2022-02-22 00:03:31,084] {logging_mixin.py:109} INFO - [2022-02-22 00:03:31,083] {dag.py:2396} INFO - Sync 1 DAGs
[2022-02-22 00:03:31,155] {logging_mixin.py:109} INFO - [2022-02-22 00:03:31,155] {dag.py:2935} INFO - Setting next_dagrun for tutorial_taskflow_api_etl to None
[2022-02-22 00:03:31,195] {processor.py:171} INFO - Processing /home/airflow/.local/lib/python3.7/site-packages/airflow/example_dags/tutorial_taskflow_api_etl.py took 1.433 seconds
[2022-02-22 00:04:01,285] {processor.py:163} INFO - Started process (PID=7180) to work on /home/airflow/.local/lib/python3.7/site-packages/airflow/example_dags/tutorial_taskflow_api_etl.py
[2022-02-22 00:04:01,290] {processor.py:642} INFO - Processing file /home/airflow/.local/lib/python3.7/site-packages/airflow/example_dags/tutorial_taskflow_api_etl.py for tasks to queue
[2022-02-22 00:04:01,293] {logging_mixin.py:109} INFO - [2022-02-22 00:04:01,292] {dagbag.py:500} INFO - Filling up the DagBag from /home/airflow/.local/lib/python3.7/site-packages/airflow/example_dags/tutorial_taskflow_api_etl.py
[2022-02-22 00:04:01,374] {processor.py:654} INFO - DAG(s) dict_keys(['tutorial_taskflow_api_etl']) retrieved from /home/airflow/.local/lib/python3.7/site-packages/airflow/example_dags/tutorial_taskflow_api_etl.py
[2022-02-22 00:04:02,429] {logging_mixin.py:109} INFO - [2022-02-22 00:04:02,429] {dag.py:2396} INFO - Sync 1 DAGs
[2022-02-22 00:04:02,498] {logging_mixin.py:109} INFO - [2022-02-22 00:04:02,497] {dag.py:2935} INFO - Setting next_dagrun for tutorial_taskflow_api_etl to None
[2022-02-22 00:04:02,542] {processor.py:171} INFO - Processing /home/airflow/.local/lib/python3.7/site-packages/airflow/example_dags/tutorial_taskflow_api_etl.py took 1.264 seconds
[2022-02-22 00:04:33,092] {processor.py:163} INFO - Started process (PID=7288) to work on /home/airflow/.local/lib/python3.7/site-packages/airflow/example_dags/tutorial_taskflow_api_etl.py
[2022-02-22 00:04:33,098] {processor.py:642} INFO - Processing file /home/airflow/.local/lib/python3.7/site-packages/airflow/example_dags/tutorial_taskflow_api_etl.py for tasks to queue
[2022-02-22 00:04:33,103] {logging_mixin.py:109} INFO - [2022-02-22 00:04:33,102] {dagbag.py:500} INFO - Filling up the DagBag from /home/airflow/.local/lib/python3.7/site-packages/airflow/example_dags/tutorial_taskflow_api_etl.py
[2022-02-22 00:04:33,206] {processor.py:654} INFO - DAG(s) dict_keys(['tutorial_taskflow_api_etl']) retrieved from /home/airflow/.local/lib/python3.7/site-packages/airflow/example_dags/tutorial_taskflow_api_etl.py
[2022-02-22 00:04:34,284] {logging_mixin.py:109} INFO - [2022-02-22 00:04:34,283] {dag.py:2396} INFO - Sync 1 DAGs
[2022-02-22 00:04:34,345] {logging_mixin.py:109} INFO - [2022-02-22 00:04:34,345] {dag.py:2935} INFO - Setting next_dagrun for tutorial_taskflow_api_etl to None
[2022-02-22 00:04:34,385] {processor.py:171} INFO - Processing /home/airflow/.local/lib/python3.7/site-packages/airflow/example_dags/tutorial_taskflow_api_etl.py took 1.301 seconds
[2022-02-22 00:05:04,846] {processor.py:163} INFO - Started process (PID=7392) to work on /home/airflow/.local/lib/python3.7/site-packages/airflow/example_dags/tutorial_taskflow_api_etl.py
[2022-02-22 00:05:04,851] {processor.py:642} INFO - Processing file /home/airflow/.local/lib/python3.7/site-packages/airflow/example_dags/tutorial_taskflow_api_etl.py for tasks to queue
[2022-02-22 00:05:04,855] {logging_mixin.py:109} INFO - [2022-02-22 00:05:04,855] {dagbag.py:500} INFO - Filling up the DagBag from /home/airflow/.local/lib/python3.7/site-packages/airflow/example_dags/tutorial_taskflow_api_etl.py
[2022-02-22 00:05:04,948] {processor.py:654} INFO - DAG(s) dict_keys(['tutorial_taskflow_api_etl']) retrieved from /home/airflow/.local/lib/python3.7/site-packages/airflow/example_dags/tutorial_taskflow_api_etl.py
[2022-02-22 00:05:05,992] {logging_mixin.py:109} INFO - [2022-02-22 00:05:05,991] {dag.py:2396} INFO - Sync 1 DAGs
[2022-02-22 00:05:06,056] {logging_mixin.py:109} INFO - [2022-02-22 00:05:06,056] {dag.py:2935} INFO - Setting next_dagrun for tutorial_taskflow_api_etl to None
[2022-02-22 00:05:06,095] {processor.py:171} INFO - Processing /home/airflow/.local/lib/python3.7/site-packages/airflow/example_dags/tutorial_taskflow_api_etl.py took 1.259 seconds
[2022-02-22 00:05:36,689] {processor.py:163} INFO - Started process (PID=7483) to work on /home/airflow/.local/lib/python3.7/site-packages/airflow/example_dags/tutorial_taskflow_api_etl.py
[2022-02-22 00:05:36,694] {processor.py:642} INFO - Processing file /home/airflow/.local/lib/python3.7/site-packages/airflow/example_dags/tutorial_taskflow_api_etl.py for tasks to queue
[2022-02-22 00:05:36,697] {logging_mixin.py:109} INFO - [2022-02-22 00:05:36,697] {dagbag.py:500} INFO - Filling up the DagBag from /home/airflow/.local/lib/python3.7/site-packages/airflow/example_dags/tutorial_taskflow_api_etl.py
[2022-02-22 00:05:36,789] {processor.py:654} INFO - DAG(s) dict_keys(['tutorial_taskflow_api_etl']) retrieved from /home/airflow/.local/lib/python3.7/site-packages/airflow/example_dags/tutorial_taskflow_api_etl.py
[2022-02-22 00:05:37,651] {logging_mixin.py:109} INFO - [2022-02-22 00:05:37,651] {dag.py:2396} INFO - Sync 1 DAGs
[2022-02-22 00:05:37,703] {logging_mixin.py:109} INFO - [2022-02-22 00:05:37,703] {dag.py:2935} INFO - Setting next_dagrun for tutorial_taskflow_api_etl to None
[2022-02-22 00:05:37,736] {processor.py:171} INFO - Processing /home/airflow/.local/lib/python3.7/site-packages/airflow/example_dags/tutorial_taskflow_api_etl.py took 1.055 seconds
[2022-02-22 00:06:08,376] {processor.py:163} INFO - Started process (PID=7589) to work on /home/airflow/.local/lib/python3.7/site-packages/airflow/example_dags/tutorial_taskflow_api_etl.py
[2022-02-22 00:06:08,383] {processor.py:642} INFO - Processing file /home/airflow/.local/lib/python3.7/site-packages/airflow/example_dags/tutorial_taskflow_api_etl.py for tasks to queue
[2022-02-22 00:06:08,388] {logging_mixin.py:109} INFO - [2022-02-22 00:06:08,387] {dagbag.py:500} INFO - Filling up the DagBag from /home/airflow/.local/lib/python3.7/site-packages/airflow/example_dags/tutorial_taskflow_api_etl.py
[2022-02-22 00:06:08,499] {processor.py:654} INFO - DAG(s) dict_keys(['tutorial_taskflow_api_etl']) retrieved from /home/airflow/.local/lib/python3.7/site-packages/airflow/example_dags/tutorial_taskflow_api_etl.py
[2022-02-22 00:06:09,584] {logging_mixin.py:109} INFO - [2022-02-22 00:06:09,584] {dag.py:2396} INFO - Sync 1 DAGs
[2022-02-22 00:06:09,644] {logging_mixin.py:109} INFO - [2022-02-22 00:06:09,644] {dag.py:2935} INFO - Setting next_dagrun for tutorial_taskflow_api_etl to None
[2022-02-22 00:06:09,679] {processor.py:171} INFO - Processing /home/airflow/.local/lib/python3.7/site-packages/airflow/example_dags/tutorial_taskflow_api_etl.py took 1.311 seconds
[2022-02-22 00:06:39,839] {processor.py:163} INFO - Started process (PID=7676) to work on /home/airflow/.local/lib/python3.7/site-packages/airflow/example_dags/tutorial_taskflow_api_etl.py
[2022-02-22 00:06:39,844] {processor.py:642} INFO - Processing file /home/airflow/.local/lib/python3.7/site-packages/airflow/example_dags/tutorial_taskflow_api_etl.py for tasks to queue
[2022-02-22 00:06:39,847] {logging_mixin.py:109} INFO - [2022-02-22 00:06:39,847] {dagbag.py:500} INFO - Filling up the DagBag from /home/airflow/.local/lib/python3.7/site-packages/airflow/example_dags/tutorial_taskflow_api_etl.py
[2022-02-22 00:06:39,918] {processor.py:654} INFO - DAG(s) dict_keys(['tutorial_taskflow_api_etl']) retrieved from /home/airflow/.local/lib/python3.7/site-packages/airflow/example_dags/tutorial_taskflow_api_etl.py
[2022-02-22 00:06:40,704] {logging_mixin.py:109} INFO - [2022-02-22 00:06:40,703] {dag.py:2396} INFO - Sync 1 DAGs
[2022-02-22 00:06:40,756] {logging_mixin.py:109} INFO - [2022-02-22 00:06:40,755] {dag.py:2935} INFO - Setting next_dagrun for tutorial_taskflow_api_etl to None
[2022-02-22 00:06:40,788] {processor.py:171} INFO - Processing /home/airflow/.local/lib/python3.7/site-packages/airflow/example_dags/tutorial_taskflow_api_etl.py took 0.958 seconds
[2022-02-22 00:07:11,258] {processor.py:163} INFO - Started process (PID=7779) to work on /home/airflow/.local/lib/python3.7/site-packages/airflow/example_dags/tutorial_taskflow_api_etl.py
[2022-02-22 00:07:11,264] {processor.py:642} INFO - Processing file /home/airflow/.local/lib/python3.7/site-packages/airflow/example_dags/tutorial_taskflow_api_etl.py for tasks to queue
[2022-02-22 00:07:11,267] {logging_mixin.py:109} INFO - [2022-02-22 00:07:11,267] {dagbag.py:500} INFO - Filling up the DagBag from /home/airflow/.local/lib/python3.7/site-packages/airflow/example_dags/tutorial_taskflow_api_etl.py
[2022-02-22 00:07:11,378] {processor.py:654} INFO - DAG(s) dict_keys(['tutorial_taskflow_api_etl']) retrieved from /home/airflow/.local/lib/python3.7/site-packages/airflow/example_dags/tutorial_taskflow_api_etl.py
[2022-02-22 00:07:12,445] {logging_mixin.py:109} INFO - [2022-02-22 00:07:12,444] {dag.py:2396} INFO - Sync 1 DAGs
[2022-02-22 00:07:12,507] {logging_mixin.py:109} INFO - [2022-02-22 00:07:12,507] {dag.py:2935} INFO - Setting next_dagrun for tutorial_taskflow_api_etl to None
[2022-02-22 00:07:12,545] {processor.py:171} INFO - Processing /home/airflow/.local/lib/python3.7/site-packages/airflow/example_dags/tutorial_taskflow_api_etl.py took 1.296 seconds
[2022-02-22 00:07:43,425] {processor.py:163} INFO - Started process (PID=7879) to work on /home/airflow/.local/lib/python3.7/site-packages/airflow/example_dags/tutorial_taskflow_api_etl.py
[2022-02-22 00:07:43,431] {processor.py:642} INFO - Processing file /home/airflow/.local/lib/python3.7/site-packages/airflow/example_dags/tutorial_taskflow_api_etl.py for tasks to queue
[2022-02-22 00:07:43,434] {logging_mixin.py:109} INFO - [2022-02-22 00:07:43,434] {dagbag.py:500} INFO - Filling up the DagBag from /home/airflow/.local/lib/python3.7/site-packages/airflow/example_dags/tutorial_taskflow_api_etl.py
[2022-02-22 00:07:43,530] {processor.py:654} INFO - DAG(s) dict_keys(['tutorial_taskflow_api_etl']) retrieved from /home/airflow/.local/lib/python3.7/site-packages/airflow/example_dags/tutorial_taskflow_api_etl.py
[2022-02-22 00:07:44,599] {logging_mixin.py:109} INFO - [2022-02-22 00:07:44,598] {dag.py:2396} INFO - Sync 1 DAGs
[2022-02-22 00:07:44,663] {logging_mixin.py:109} INFO - [2022-02-22 00:07:44,662] {dag.py:2935} INFO - Setting next_dagrun for tutorial_taskflow_api_etl to None
[2022-02-22 00:07:44,720] {processor.py:171} INFO - Processing /home/airflow/.local/lib/python3.7/site-packages/airflow/example_dags/tutorial_taskflow_api_etl.py took 1.304 seconds
[2022-02-22 00:08:14,943] {processor.py:163} INFO - Started process (PID=7975) to work on /home/airflow/.local/lib/python3.7/site-packages/airflow/example_dags/tutorial_taskflow_api_etl.py
[2022-02-22 00:08:14,947] {processor.py:642} INFO - Processing file /home/airflow/.local/lib/python3.7/site-packages/airflow/example_dags/tutorial_taskflow_api_etl.py for tasks to queue
[2022-02-22 00:08:14,951] {logging_mixin.py:109} INFO - [2022-02-22 00:08:14,950] {dagbag.py:500} INFO - Filling up the DagBag from /home/airflow/.local/lib/python3.7/site-packages/airflow/example_dags/tutorial_taskflow_api_etl.py
[2022-02-22 00:08:15,048] {processor.py:654} INFO - DAG(s) dict_keys(['tutorial_taskflow_api_etl']) retrieved from /home/airflow/.local/lib/python3.7/site-packages/airflow/example_dags/tutorial_taskflow_api_etl.py
[2022-02-22 00:08:16,165] {logging_mixin.py:109} INFO - [2022-02-22 00:08:16,164] {dag.py:2396} INFO - Sync 1 DAGs
[2022-02-22 00:08:16,236] {logging_mixin.py:109} INFO - [2022-02-22 00:08:16,236] {dag.py:2935} INFO - Setting next_dagrun for tutorial_taskflow_api_etl to None
[2022-02-22 00:08:16,278] {processor.py:171} INFO - Processing /home/airflow/.local/lib/python3.7/site-packages/airflow/example_dags/tutorial_taskflow_api_etl.py took 1.343 seconds
[2022-02-22 00:08:46,940] {processor.py:163} INFO - Started process (PID=8083) to work on /home/airflow/.local/lib/python3.7/site-packages/airflow/example_dags/tutorial_taskflow_api_etl.py
[2022-02-22 00:08:46,946] {processor.py:642} INFO - Processing file /home/airflow/.local/lib/python3.7/site-packages/airflow/example_dags/tutorial_taskflow_api_etl.py for tasks to queue
[2022-02-22 00:08:46,950] {logging_mixin.py:109} INFO - [2022-02-22 00:08:46,949] {dagbag.py:500} INFO - Filling up the DagBag from /home/airflow/.local/lib/python3.7/site-packages/airflow/example_dags/tutorial_taskflow_api_etl.py
[2022-02-22 00:08:47,042] {processor.py:654} INFO - DAG(s) dict_keys(['tutorial_taskflow_api_etl']) retrieved from /home/airflow/.local/lib/python3.7/site-packages/airflow/example_dags/tutorial_taskflow_api_etl.py
[2022-02-22 00:08:48,085] {logging_mixin.py:109} INFO - [2022-02-22 00:08:48,084] {dag.py:2396} INFO - Sync 1 DAGs
[2022-02-22 00:08:48,154] {logging_mixin.py:109} INFO - [2022-02-22 00:08:48,153] {dag.py:2935} INFO - Setting next_dagrun for tutorial_taskflow_api_etl to None
[2022-02-22 00:08:48,192] {processor.py:171} INFO - Processing /home/airflow/.local/lib/python3.7/site-packages/airflow/example_dags/tutorial_taskflow_api_etl.py took 1.260 seconds
[2022-02-22 00:09:18,513] {processor.py:163} INFO - Started process (PID=8172) to work on /home/airflow/.local/lib/python3.7/site-packages/airflow/example_dags/tutorial_taskflow_api_etl.py
[2022-02-22 00:09:18,518] {processor.py:642} INFO - Processing file /home/airflow/.local/lib/python3.7/site-packages/airflow/example_dags/tutorial_taskflow_api_etl.py for tasks to queue
[2022-02-22 00:09:18,521] {logging_mixin.py:109} INFO - [2022-02-22 00:09:18,520] {dagbag.py:500} INFO - Filling up the DagBag from /home/airflow/.local/lib/python3.7/site-packages/airflow/example_dags/tutorial_taskflow_api_etl.py
[2022-02-22 00:09:18,601] {processor.py:654} INFO - DAG(s) dict_keys(['tutorial_taskflow_api_etl']) retrieved from /home/airflow/.local/lib/python3.7/site-packages/airflow/example_dags/tutorial_taskflow_api_etl.py
[2022-02-22 00:09:19,438] {logging_mixin.py:109} INFO - [2022-02-22 00:09:19,438] {dag.py:2396} INFO - Sync 1 DAGs
[2022-02-22 00:09:19,491] {logging_mixin.py:109} INFO - [2022-02-22 00:09:19,491] {dag.py:2935} INFO - Setting next_dagrun for tutorial_taskflow_api_etl to None
[2022-02-22 00:09:19,520] {processor.py:171} INFO - Processing /home/airflow/.local/lib/python3.7/site-packages/airflow/example_dags/tutorial_taskflow_api_etl.py took 1.014 seconds
[2022-02-22 00:09:49,868] {processor.py:163} INFO - Started process (PID=8277) to work on /home/airflow/.local/lib/python3.7/site-packages/airflow/example_dags/tutorial_taskflow_api_etl.py
[2022-02-22 00:09:49,874] {processor.py:642} INFO - Processing file /home/airflow/.local/lib/python3.7/site-packages/airflow/example_dags/tutorial_taskflow_api_etl.py for tasks to queue
[2022-02-22 00:09:49,877] {logging_mixin.py:109} INFO - [2022-02-22 00:09:49,877] {dagbag.py:500} INFO - Filling up the DagBag from /home/airflow/.local/lib/python3.7/site-packages/airflow/example_dags/tutorial_taskflow_api_etl.py
[2022-02-22 00:09:49,973] {processor.py:654} INFO - DAG(s) dict_keys(['tutorial_taskflow_api_etl']) retrieved from /home/airflow/.local/lib/python3.7/site-packages/airflow/example_dags/tutorial_taskflow_api_etl.py
[2022-02-22 00:09:50,964] {logging_mixin.py:109} INFO - [2022-02-22 00:09:50,963] {dag.py:2396} INFO - Sync 1 DAGs
[2022-02-22 00:09:51,040] {logging_mixin.py:109} INFO - [2022-02-22 00:09:51,039] {dag.py:2935} INFO - Setting next_dagrun for tutorial_taskflow_api_etl to None
[2022-02-22 00:09:51,078] {processor.py:171} INFO - Processing /home/airflow/.local/lib/python3.7/site-packages/airflow/example_dags/tutorial_taskflow_api_etl.py took 1.217 seconds
[2022-02-22 00:10:21,461] {processor.py:163} INFO - Started process (PID=8364) to work on /home/airflow/.local/lib/python3.7/site-packages/airflow/example_dags/tutorial_taskflow_api_etl.py
[2022-02-22 00:10:21,467] {processor.py:642} INFO - Processing file /home/airflow/.local/lib/python3.7/site-packages/airflow/example_dags/tutorial_taskflow_api_etl.py for tasks to queue
[2022-02-22 00:10:21,472] {logging_mixin.py:109} INFO - [2022-02-22 00:10:21,472] {dagbag.py:500} INFO - Filling up the DagBag from /home/airflow/.local/lib/python3.7/site-packages/airflow/example_dags/tutorial_taskflow_api_etl.py
[2022-02-22 00:10:21,568] {processor.py:654} INFO - DAG(s) dict_keys(['tutorial_taskflow_api_etl']) retrieved from /home/airflow/.local/lib/python3.7/site-packages/airflow/example_dags/tutorial_taskflow_api_etl.py
[2022-02-22 00:10:22,527] {logging_mixin.py:109} INFO - [2022-02-22 00:10:22,526] {dag.py:2396} INFO - Sync 1 DAGs
[2022-02-22 00:10:22,592] {logging_mixin.py:109} INFO - [2022-02-22 00:10:22,592] {dag.py:2935} INFO - Setting next_dagrun for tutorial_taskflow_api_etl to None
[2022-02-22 00:10:22,631] {processor.py:171} INFO - Processing /home/airflow/.local/lib/python3.7/site-packages/airflow/example_dags/tutorial_taskflow_api_etl.py took 1.177 seconds
[2022-02-22 00:10:52,748] {processor.py:163} INFO - Started process (PID=8468) to work on /home/airflow/.local/lib/python3.7/site-packages/airflow/example_dags/tutorial_taskflow_api_etl.py
[2022-02-22 00:10:52,753] {processor.py:642} INFO - Processing file /home/airflow/.local/lib/python3.7/site-packages/airflow/example_dags/tutorial_taskflow_api_etl.py for tasks to queue
[2022-02-22 00:10:52,756] {logging_mixin.py:109} INFO - [2022-02-22 00:10:52,755] {dagbag.py:500} INFO - Filling up the DagBag from /home/airflow/.local/lib/python3.7/site-packages/airflow/example_dags/tutorial_taskflow_api_etl.py
[2022-02-22 00:10:52,853] {processor.py:654} INFO - DAG(s) dict_keys(['tutorial_taskflow_api_etl']) retrieved from /home/airflow/.local/lib/python3.7/site-packages/airflow/example_dags/tutorial_taskflow_api_etl.py
[2022-02-22 00:10:53,906] {logging_mixin.py:109} INFO - [2022-02-22 00:10:53,905] {dag.py:2396} INFO - Sync 1 DAGs
[2022-02-22 00:10:53,986] {logging_mixin.py:109} INFO - [2022-02-22 00:10:53,986] {dag.py:2935} INFO - Setting next_dagrun for tutorial_taskflow_api_etl to None
[2022-02-22 00:10:54,025] {processor.py:171} INFO - Processing /home/airflow/.local/lib/python3.7/site-packages/airflow/example_dags/tutorial_taskflow_api_etl.py took 1.286 seconds
[2022-02-22 00:11:24,502] {processor.py:163} INFO - Started process (PID=8572) to work on /home/airflow/.local/lib/python3.7/site-packages/airflow/example_dags/tutorial_taskflow_api_etl.py
[2022-02-22 00:11:24,506] {processor.py:642} INFO - Processing file /home/airflow/.local/lib/python3.7/site-packages/airflow/example_dags/tutorial_taskflow_api_etl.py for tasks to queue
[2022-02-22 00:11:24,509] {logging_mixin.py:109} INFO - [2022-02-22 00:11:24,509] {dagbag.py:500} INFO - Filling up the DagBag from /home/airflow/.local/lib/python3.7/site-packages/airflow/example_dags/tutorial_taskflow_api_etl.py
[2022-02-22 00:11:24,606] {processor.py:654} INFO - DAG(s) dict_keys(['tutorial_taskflow_api_etl']) retrieved from /home/airflow/.local/lib/python3.7/site-packages/airflow/example_dags/tutorial_taskflow_api_etl.py
[2022-02-22 00:11:25,593] {logging_mixin.py:109} INFO - [2022-02-22 00:11:25,592] {dag.py:2396} INFO - Sync 1 DAGs
[2022-02-22 00:11:25,655] {logging_mixin.py:109} INFO - [2022-02-22 00:11:25,654] {dag.py:2935} INFO - Setting next_dagrun for tutorial_taskflow_api_etl to None
[2022-02-22 00:11:25,693] {processor.py:171} INFO - Processing /home/airflow/.local/lib/python3.7/site-packages/airflow/example_dags/tutorial_taskflow_api_etl.py took 1.199 seconds
[2022-02-22 00:11:56,092] {processor.py:163} INFO - Started process (PID=8659) to work on /home/airflow/.local/lib/python3.7/site-packages/airflow/example_dags/tutorial_taskflow_api_etl.py
[2022-02-22 00:11:56,098] {processor.py:642} INFO - Processing file /home/airflow/.local/lib/python3.7/site-packages/airflow/example_dags/tutorial_taskflow_api_etl.py for tasks to queue
[2022-02-22 00:11:56,101] {logging_mixin.py:109} INFO - [2022-02-22 00:11:56,101] {dagbag.py:500} INFO - Filling up the DagBag from /home/airflow/.local/lib/python3.7/site-packages/airflow/example_dags/tutorial_taskflow_api_etl.py
[2022-02-22 00:11:56,198] {processor.py:654} INFO - DAG(s) dict_keys(['tutorial_taskflow_api_etl']) retrieved from /home/airflow/.local/lib/python3.7/site-packages/airflow/example_dags/tutorial_taskflow_api_etl.py
[2022-02-22 00:11:57,216] {logging_mixin.py:109} INFO - [2022-02-22 00:11:57,215] {dag.py:2396} INFO - Sync 1 DAGs
[2022-02-22 00:11:57,272] {logging_mixin.py:109} INFO - [2022-02-22 00:11:57,272] {dag.py:2935} INFO - Setting next_dagrun for tutorial_taskflow_api_etl to None
[2022-02-22 00:11:57,306] {processor.py:171} INFO - Processing /home/airflow/.local/lib/python3.7/site-packages/airflow/example_dags/tutorial_taskflow_api_etl.py took 1.223 seconds
[2022-02-22 00:12:27,812] {processor.py:163} INFO - Started process (PID=8763) to work on /home/airflow/.local/lib/python3.7/site-packages/airflow/example_dags/tutorial_taskflow_api_etl.py
[2022-02-22 00:12:27,821] {processor.py:642} INFO - Processing file /home/airflow/.local/lib/python3.7/site-packages/airflow/example_dags/tutorial_taskflow_api_etl.py for tasks to queue
[2022-02-22 00:12:27,827] {logging_mixin.py:109} INFO - [2022-02-22 00:12:27,826] {dagbag.py:500} INFO - Filling up the DagBag from /home/airflow/.local/lib/python3.7/site-packages/airflow/example_dags/tutorial_taskflow_api_etl.py
[2022-02-22 00:12:27,936] {processor.py:654} INFO - DAG(s) dict_keys(['tutorial_taskflow_api_etl']) retrieved from /home/airflow/.local/lib/python3.7/site-packages/airflow/example_dags/tutorial_taskflow_api_etl.py
[2022-02-22 00:12:29,065] {logging_mixin.py:109} INFO - [2022-02-22 00:12:29,064] {dag.py:2396} INFO - Sync 1 DAGs
[2022-02-22 00:12:29,130] {logging_mixin.py:109} INFO - [2022-02-22 00:12:29,130] {dag.py:2935} INFO - Setting next_dagrun for tutorial_taskflow_api_etl to None
[2022-02-22 00:12:29,170] {processor.py:171} INFO - Processing /home/airflow/.local/lib/python3.7/site-packages/airflow/example_dags/tutorial_taskflow_api_etl.py took 1.379 seconds
[2022-02-22 00:12:59,730] {processor.py:163} INFO - Started process (PID=8852) to work on /home/airflow/.local/lib/python3.7/site-packages/airflow/example_dags/tutorial_taskflow_api_etl.py
[2022-02-22 00:12:59,735] {processor.py:642} INFO - Processing file /home/airflow/.local/lib/python3.7/site-packages/airflow/example_dags/tutorial_taskflow_api_etl.py for tasks to queue
[2022-02-22 00:12:59,738] {logging_mixin.py:109} INFO - [2022-02-22 00:12:59,738] {dagbag.py:500} INFO - Filling up the DagBag from /home/airflow/.local/lib/python3.7/site-packages/airflow/example_dags/tutorial_taskflow_api_etl.py
[2022-02-22 00:12:59,828] {processor.py:654} INFO - DAG(s) dict_keys(['tutorial_taskflow_api_etl']) retrieved from /home/airflow/.local/lib/python3.7/site-packages/airflow/example_dags/tutorial_taskflow_api_etl.py
[2022-02-22 00:13:00,644] {logging_mixin.py:109} INFO - [2022-02-22 00:13:00,644] {dag.py:2396} INFO - Sync 1 DAGs
[2022-02-22 00:13:00,689] {logging_mixin.py:109} INFO - [2022-02-22 00:13:00,689] {dag.py:2935} INFO - Setting next_dagrun for tutorial_taskflow_api_etl to None
[2022-02-22 00:13:00,718] {processor.py:171} INFO - Processing /home/airflow/.local/lib/python3.7/site-packages/airflow/example_dags/tutorial_taskflow_api_etl.py took 0.997 seconds
[2022-02-22 00:13:31,215] {processor.py:163} INFO - Started process (PID=8956) to work on /home/airflow/.local/lib/python3.7/site-packages/airflow/example_dags/tutorial_taskflow_api_etl.py
[2022-02-22 00:13:31,226] {processor.py:642} INFO - Processing file /home/airflow/.local/lib/python3.7/site-packages/airflow/example_dags/tutorial_taskflow_api_etl.py for tasks to queue
[2022-02-22 00:13:31,231] {logging_mixin.py:109} INFO - [2022-02-22 00:13:31,231] {dagbag.py:500} INFO - Filling up the DagBag from /home/airflow/.local/lib/python3.7/site-packages/airflow/example_dags/tutorial_taskflow_api_etl.py
[2022-02-22 00:13:31,328] {processor.py:654} INFO - DAG(s) dict_keys(['tutorial_taskflow_api_etl']) retrieved from /home/airflow/.local/lib/python3.7/site-packages/airflow/example_dags/tutorial_taskflow_api_etl.py
[2022-02-22 00:13:32,439] {logging_mixin.py:109} INFO - [2022-02-22 00:13:32,438] {dag.py:2396} INFO - Sync 1 DAGs
[2022-02-22 00:13:32,502] {logging_mixin.py:109} INFO - [2022-02-22 00:13:32,502] {dag.py:2935} INFO - Setting next_dagrun for tutorial_taskflow_api_etl to None
[2022-02-22 00:13:32,541] {processor.py:171} INFO - Processing /home/airflow/.local/lib/python3.7/site-packages/airflow/example_dags/tutorial_taskflow_api_etl.py took 1.335 seconds
[2022-02-22 00:14:03,104] {processor.py:163} INFO - Started process (PID=9054) to work on /home/airflow/.local/lib/python3.7/site-packages/airflow/example_dags/tutorial_taskflow_api_etl.py
[2022-02-22 00:14:03,110] {processor.py:642} INFO - Processing file /home/airflow/.local/lib/python3.7/site-packages/airflow/example_dags/tutorial_taskflow_api_etl.py for tasks to queue
[2022-02-22 00:14:03,115] {logging_mixin.py:109} INFO - [2022-02-22 00:14:03,115] {dagbag.py:500} INFO - Filling up the DagBag from /home/airflow/.local/lib/python3.7/site-packages/airflow/example_dags/tutorial_taskflow_api_etl.py
[2022-02-22 00:14:03,236] {processor.py:654} INFO - DAG(s) dict_keys(['tutorial_taskflow_api_etl']) retrieved from /home/airflow/.local/lib/python3.7/site-packages/airflow/example_dags/tutorial_taskflow_api_etl.py
[2022-02-22 00:14:04,327] {logging_mixin.py:109} INFO - [2022-02-22 00:14:04,326] {dag.py:2396} INFO - Sync 1 DAGs
[2022-02-22 00:14:04,391] {logging_mixin.py:109} INFO - [2022-02-22 00:14:04,391] {dag.py:2935} INFO - Setting next_dagrun for tutorial_taskflow_api_etl to None
[2022-02-22 00:14:04,434] {processor.py:171} INFO - Processing /home/airflow/.local/lib/python3.7/site-packages/airflow/example_dags/tutorial_taskflow_api_etl.py took 1.339 seconds
[2022-02-22 00:14:34,868] {processor.py:163} INFO - Started process (PID=9147) to work on /home/airflow/.local/lib/python3.7/site-packages/airflow/example_dags/tutorial_taskflow_api_etl.py
[2022-02-22 00:14:34,874] {processor.py:642} INFO - Processing file /home/airflow/.local/lib/python3.7/site-packages/airflow/example_dags/tutorial_taskflow_api_etl.py for tasks to queue
[2022-02-22 00:14:34,877] {logging_mixin.py:109} INFO - [2022-02-22 00:14:34,877] {dagbag.py:500} INFO - Filling up the DagBag from /home/airflow/.local/lib/python3.7/site-packages/airflow/example_dags/tutorial_taskflow_api_etl.py
[2022-02-22 00:14:34,974] {processor.py:654} INFO - DAG(s) dict_keys(['tutorial_taskflow_api_etl']) retrieved from /home/airflow/.local/lib/python3.7/site-packages/airflow/example_dags/tutorial_taskflow_api_etl.py
[2022-02-22 00:14:36,013] {logging_mixin.py:109} INFO - [2022-02-22 00:14:36,013] {dag.py:2396} INFO - Sync 1 DAGs
[2022-02-22 00:14:36,065] {logging_mixin.py:109} INFO - [2022-02-22 00:14:36,064] {dag.py:2935} INFO - Setting next_dagrun for tutorial_taskflow_api_etl to None
[2022-02-22 00:14:36,096] {processor.py:171} INFO - Processing /home/airflow/.local/lib/python3.7/site-packages/airflow/example_dags/tutorial_taskflow_api_etl.py took 1.235 seconds
[2022-02-22 00:15:06,183] {processor.py:163} INFO - Started process (PID=9251) to work on /home/airflow/.local/lib/python3.7/site-packages/airflow/example_dags/tutorial_taskflow_api_etl.py
[2022-02-22 00:15:06,187] {processor.py:642} INFO - Processing file /home/airflow/.local/lib/python3.7/site-packages/airflow/example_dags/tutorial_taskflow_api_etl.py for tasks to queue
[2022-02-22 00:15:06,191] {logging_mixin.py:109} INFO - [2022-02-22 00:15:06,190] {dagbag.py:500} INFO - Filling up the DagBag from /home/airflow/.local/lib/python3.7/site-packages/airflow/example_dags/tutorial_taskflow_api_etl.py
[2022-02-22 00:15:06,279] {processor.py:654} INFO - DAG(s) dict_keys(['tutorial_taskflow_api_etl']) retrieved from /home/airflow/.local/lib/python3.7/site-packages/airflow/example_dags/tutorial_taskflow_api_etl.py
[2022-02-22 00:15:07,317] {logging_mixin.py:109} INFO - [2022-02-22 00:15:07,316] {dag.py:2396} INFO - Sync 1 DAGs
[2022-02-22 00:15:07,382] {logging_mixin.py:109} INFO - [2022-02-22 00:15:07,381] {dag.py:2935} INFO - Setting next_dagrun for tutorial_taskflow_api_etl to None
[2022-02-22 00:15:07,423] {processor.py:171} INFO - Processing /home/airflow/.local/lib/python3.7/site-packages/airflow/example_dags/tutorial_taskflow_api_etl.py took 1.247 seconds
[2022-02-22 00:15:37,570] {processor.py:163} INFO - Started process (PID=9339) to work on /home/airflow/.local/lib/python3.7/site-packages/airflow/example_dags/tutorial_taskflow_api_etl.py
[2022-02-22 00:15:37,575] {processor.py:642} INFO - Processing file /home/airflow/.local/lib/python3.7/site-packages/airflow/example_dags/tutorial_taskflow_api_etl.py for tasks to queue
[2022-02-22 00:15:37,578] {logging_mixin.py:109} INFO - [2022-02-22 00:15:37,578] {dagbag.py:500} INFO - Filling up the DagBag from /home/airflow/.local/lib/python3.7/site-packages/airflow/example_dags/tutorial_taskflow_api_etl.py
[2022-02-22 00:15:37,655] {processor.py:654} INFO - DAG(s) dict_keys(['tutorial_taskflow_api_etl']) retrieved from /home/airflow/.local/lib/python3.7/site-packages/airflow/example_dags/tutorial_taskflow_api_etl.py
[2022-02-22 00:15:38,488] {logging_mixin.py:109} INFO - [2022-02-22 00:15:38,487] {dag.py:2396} INFO - Sync 1 DAGs
[2022-02-22 00:15:38,541] {logging_mixin.py:109} INFO - [2022-02-22 00:15:38,541] {dag.py:2935} INFO - Setting next_dagrun for tutorial_taskflow_api_etl to None
[2022-02-22 00:15:38,573] {processor.py:171} INFO - Processing /home/airflow/.local/lib/python3.7/site-packages/airflow/example_dags/tutorial_taskflow_api_etl.py took 1.010 seconds
[2022-02-22 00:16:09,334] {processor.py:163} INFO - Started process (PID=9442) to work on /home/airflow/.local/lib/python3.7/site-packages/airflow/example_dags/tutorial_taskflow_api_etl.py
[2022-02-22 00:16:09,341] {processor.py:642} INFO - Processing file /home/airflow/.local/lib/python3.7/site-packages/airflow/example_dags/tutorial_taskflow_api_etl.py for tasks to queue
[2022-02-22 00:16:09,345] {logging_mixin.py:109} INFO - [2022-02-22 00:16:09,345] {dagbag.py:500} INFO - Filling up the DagBag from /home/airflow/.local/lib/python3.7/site-packages/airflow/example_dags/tutorial_taskflow_api_etl.py
[2022-02-22 00:16:09,486] {processor.py:654} INFO - DAG(s) dict_keys(['tutorial_taskflow_api_etl']) retrieved from /home/airflow/.local/lib/python3.7/site-packages/airflow/example_dags/tutorial_taskflow_api_etl.py
[2022-02-22 00:16:10,891] {logging_mixin.py:109} INFO - [2022-02-22 00:16:10,891] {dag.py:2396} INFO - Sync 1 DAGs
[2022-02-22 00:16:10,968] {logging_mixin.py:109} INFO - [2022-02-22 00:16:10,968] {dag.py:2935} INFO - Setting next_dagrun for tutorial_taskflow_api_etl to None
[2022-02-22 00:16:11,008] {processor.py:171} INFO - Processing /home/airflow/.local/lib/python3.7/site-packages/airflow/example_dags/tutorial_taskflow_api_etl.py took 1.694 seconds
[2022-02-22 00:16:41,233] {processor.py:163} INFO - Started process (PID=9529) to work on /home/airflow/.local/lib/python3.7/site-packages/airflow/example_dags/tutorial_taskflow_api_etl.py
[2022-02-22 00:16:41,237] {processor.py:642} INFO - Processing file /home/airflow/.local/lib/python3.7/site-packages/airflow/example_dags/tutorial_taskflow_api_etl.py for tasks to queue
[2022-02-22 00:16:41,241] {logging_mixin.py:109} INFO - [2022-02-22 00:16:41,240] {dagbag.py:500} INFO - Filling up the DagBag from /home/airflow/.local/lib/python3.7/site-packages/airflow/example_dags/tutorial_taskflow_api_etl.py
[2022-02-22 00:16:41,320] {processor.py:654} INFO - DAG(s) dict_keys(['tutorial_taskflow_api_etl']) retrieved from /home/airflow/.local/lib/python3.7/site-packages/airflow/example_dags/tutorial_taskflow_api_etl.py
[2022-02-22 00:16:42,135] {logging_mixin.py:109} INFO - [2022-02-22 00:16:42,134] {dag.py:2396} INFO - Sync 1 DAGs
[2022-02-22 00:16:42,198] {logging_mixin.py:109} INFO - [2022-02-22 00:16:42,197] {dag.py:2935} INFO - Setting next_dagrun for tutorial_taskflow_api_etl to None
[2022-02-22 00:16:42,233] {processor.py:171} INFO - Processing /home/airflow/.local/lib/python3.7/site-packages/airflow/example_dags/tutorial_taskflow_api_etl.py took 1.011 seconds
[2022-02-22 00:17:13,059] {processor.py:163} INFO - Started process (PID=9637) to work on /home/airflow/.local/lib/python3.7/site-packages/airflow/example_dags/tutorial_taskflow_api_etl.py
[2022-02-22 00:17:13,065] {processor.py:642} INFO - Processing file /home/airflow/.local/lib/python3.7/site-packages/airflow/example_dags/tutorial_taskflow_api_etl.py for tasks to queue
[2022-02-22 00:17:13,068] {logging_mixin.py:109} INFO - [2022-02-22 00:17:13,068] {dagbag.py:500} INFO - Filling up the DagBag from /home/airflow/.local/lib/python3.7/site-packages/airflow/example_dags/tutorial_taskflow_api_etl.py
[2022-02-22 00:17:13,174] {processor.py:654} INFO - DAG(s) dict_keys(['tutorial_taskflow_api_etl']) retrieved from /home/airflow/.local/lib/python3.7/site-packages/airflow/example_dags/tutorial_taskflow_api_etl.py
[2022-02-22 00:17:14,323] {logging_mixin.py:109} INFO - [2022-02-22 00:17:14,322] {dag.py:2396} INFO - Sync 1 DAGs
[2022-02-22 00:17:14,389] {logging_mixin.py:109} INFO - [2022-02-22 00:17:14,389] {dag.py:2935} INFO - Setting next_dagrun for tutorial_taskflow_api_etl to None
[2022-02-22 00:17:14,428] {processor.py:171} INFO - Processing /home/airflow/.local/lib/python3.7/site-packages/airflow/example_dags/tutorial_taskflow_api_etl.py took 1.378 seconds
