[2022-02-24 03:29:35,349] {processor.py:163} INFO - Started process (PID=126) to work on /opt/airflow/dags/tutorial.py
[2022-02-24 03:29:35,362] {processor.py:642} INFO - Processing file /opt/airflow/dags/tutorial.py for tasks to queue
[2022-02-24 03:29:35,366] {logging_mixin.py:109} INFO - [2022-02-24 03:29:35,365] {dagbag.py:500} INFO - Filling up the DagBag from /opt/airflow/dags/tutorial.py
[2022-02-24 03:29:35,539] {processor.py:654} INFO - DAG(s) dict_keys(['tutorial']) retrieved from /opt/airflow/dags/tutorial.py
[2022-02-24 03:29:35,604] {logging_mixin.py:109} INFO - [2022-02-24 03:29:35,603] {dag.py:2396} INFO - Sync 1 DAGs
[2022-02-24 03:29:35,696] {logging_mixin.py:109} INFO - [2022-02-24 03:29:35,695] {dag.py:2935} INFO - Setting next_dagrun for tutorial to 2022-02-23T03:29:35.693718+00:00
[2022-02-24 03:29:35,768] {processor.py:171} INFO - Processing /opt/airflow/dags/tutorial.py took 0.443 seconds
[2022-02-24 03:30:06,179] {processor.py:163} INFO - Started process (PID=228) to work on /opt/airflow/dags/tutorial.py
[2022-02-24 03:30:06,185] {processor.py:642} INFO - Processing file /opt/airflow/dags/tutorial.py for tasks to queue
[2022-02-24 03:30:06,201] {logging_mixin.py:109} INFO - [2022-02-24 03:30:06,200] {dagbag.py:500} INFO - Filling up the DagBag from /opt/airflow/dags/tutorial.py
[2022-02-24 03:30:06,313] {processor.py:654} INFO - DAG(s) dict_keys(['tutorial']) retrieved from /opt/airflow/dags/tutorial.py
[2022-02-24 03:30:06,326] {logging_mixin.py:109} INFO - [2022-02-24 03:30:06,326] {dag.py:2396} INFO - Sync 1 DAGs
[2022-02-24 03:30:06,399] {logging_mixin.py:109} INFO - [2022-02-24 03:30:06,398] {dag.py:2935} INFO - Setting next_dagrun for tutorial to 2022-02-23T03:30:06.396709+00:00
[2022-02-24 03:30:06,434] {processor.py:171} INFO - Processing /opt/airflow/dags/tutorial.py took 0.262 seconds
[2022-02-24 03:30:36,597] {processor.py:163} INFO - Started process (PID=326) to work on /opt/airflow/dags/tutorial.py
[2022-02-24 03:30:36,603] {processor.py:642} INFO - Processing file /opt/airflow/dags/tutorial.py for tasks to queue
[2022-02-24 03:30:36,607] {logging_mixin.py:109} INFO - [2022-02-24 03:30:36,606] {dagbag.py:500} INFO - Filling up the DagBag from /opt/airflow/dags/tutorial.py
[2022-02-24 03:30:36,729] {processor.py:654} INFO - DAG(s) dict_keys(['tutorial']) retrieved from /opt/airflow/dags/tutorial.py
[2022-02-24 03:30:37,905] {logging_mixin.py:109} INFO - [2022-02-24 03:30:37,905] {dag.py:2396} INFO - Sync 1 DAGs
[2022-02-24 03:30:37,970] {logging_mixin.py:109} INFO - [2022-02-24 03:30:37,969] {dag.py:2935} INFO - Setting next_dagrun for tutorial to 2022-02-23T03:30:37.968361+00:00
[2022-02-24 03:30:38,007] {processor.py:171} INFO - Processing /opt/airflow/dags/tutorial.py took 1.433 seconds
[2022-02-24 03:31:08,109] {processor.py:163} INFO - Started process (PID=422) to work on /opt/airflow/dags/tutorial.py
[2022-02-24 03:31:08,113] {processor.py:642} INFO - Processing file /opt/airflow/dags/tutorial.py for tasks to queue
[2022-02-24 03:31:08,117] {logging_mixin.py:109} INFO - [2022-02-24 03:31:08,116] {dagbag.py:500} INFO - Filling up the DagBag from /opt/airflow/dags/tutorial.py
[2022-02-24 03:31:08,209] {processor.py:654} INFO - DAG(s) dict_keys(['tutorial']) retrieved from /opt/airflow/dags/tutorial.py
[2022-02-24 03:31:08,257] {logging_mixin.py:109} INFO - [2022-02-24 03:31:08,256] {dag.py:2396} INFO - Sync 1 DAGs
[2022-02-24 03:31:08,328] {logging_mixin.py:109} INFO - [2022-02-24 03:31:08,328] {dag.py:2935} INFO - Setting next_dagrun for tutorial to 2022-02-23T03:31:08.326334+00:00
[2022-02-24 03:31:08,361] {processor.py:171} INFO - Processing /opt/airflow/dags/tutorial.py took 0.260 seconds
[2022-02-24 03:31:38,572] {processor.py:163} INFO - Started process (PID=528) to work on /opt/airflow/dags/tutorial.py
[2022-02-24 03:31:38,577] {processor.py:642} INFO - Processing file /opt/airflow/dags/tutorial.py for tasks to queue
[2022-02-24 03:31:38,581] {logging_mixin.py:109} INFO - [2022-02-24 03:31:38,580] {dagbag.py:500} INFO - Filling up the DagBag from /opt/airflow/dags/tutorial.py
[2022-02-24 03:31:38,697] {processor.py:654} INFO - DAG(s) dict_keys(['tutorial']) retrieved from /opt/airflow/dags/tutorial.py
[2022-02-24 03:31:38,712] {logging_mixin.py:109} INFO - [2022-02-24 03:31:38,712] {dag.py:2396} INFO - Sync 1 DAGs
[2022-02-24 03:31:38,785] {logging_mixin.py:109} INFO - [2022-02-24 03:31:38,785] {dag.py:2935} INFO - Setting next_dagrun for tutorial to 2022-02-23T03:31:38.783116+00:00
[2022-02-24 03:31:38,816] {processor.py:171} INFO - Processing /opt/airflow/dags/tutorial.py took 0.252 seconds
[2022-02-24 03:32:09,058] {processor.py:163} INFO - Started process (PID=612) to work on /opt/airflow/dags/tutorial.py
[2022-02-24 03:32:09,062] {processor.py:642} INFO - Processing file /opt/airflow/dags/tutorial.py for tasks to queue
[2022-02-24 03:32:09,066] {logging_mixin.py:109} INFO - [2022-02-24 03:32:09,066] {dagbag.py:500} INFO - Filling up the DagBag from /opt/airflow/dags/tutorial.py
[2022-02-24 03:32:09,165] {processor.py:654} INFO - DAG(s) dict_keys(['tutorial']) retrieved from /opt/airflow/dags/tutorial.py
[2022-02-24 03:32:10,349] {logging_mixin.py:109} INFO - [2022-02-24 03:32:10,349] {dag.py:2396} INFO - Sync 1 DAGs
[2022-02-24 03:32:10,410] {logging_mixin.py:109} INFO - [2022-02-24 03:32:10,409] {dag.py:2935} INFO - Setting next_dagrun for tutorial to 2022-02-23T03:32:10.408308+00:00
[2022-02-24 03:32:10,441] {processor.py:171} INFO - Processing /opt/airflow/dags/tutorial.py took 1.389 seconds
[2022-02-24 03:32:40,648] {processor.py:163} INFO - Started process (PID=718) to work on /opt/airflow/dags/tutorial.py
[2022-02-24 03:32:40,656] {processor.py:642} INFO - Processing file /opt/airflow/dags/tutorial.py for tasks to queue
[2022-02-24 03:32:40,660] {logging_mixin.py:109} INFO - [2022-02-24 03:32:40,659] {dagbag.py:500} INFO - Filling up the DagBag from /opt/airflow/dags/tutorial.py
[2022-02-24 03:32:40,757] {processor.py:654} INFO - DAG(s) dict_keys(['tutorial']) retrieved from /opt/airflow/dags/tutorial.py
[2022-02-24 03:32:40,802] {logging_mixin.py:109} INFO - [2022-02-24 03:32:40,801] {dag.py:2396} INFO - Sync 1 DAGs
[2022-02-24 03:32:40,865] {logging_mixin.py:109} INFO - [2022-02-24 03:32:40,865] {dag.py:2935} INFO - Setting next_dagrun for tutorial to 2022-02-23T03:32:40.863295+00:00
[2022-02-24 03:32:40,895] {processor.py:171} INFO - Processing /opt/airflow/dags/tutorial.py took 0.254 seconds
[2022-02-24 03:33:11,135] {processor.py:163} INFO - Started process (PID=809) to work on /opt/airflow/dags/tutorial.py
[2022-02-24 03:33:11,139] {processor.py:642} INFO - Processing file /opt/airflow/dags/tutorial.py for tasks to queue
[2022-02-24 03:33:11,142] {logging_mixin.py:109} INFO - [2022-02-24 03:33:11,142] {dagbag.py:500} INFO - Filling up the DagBag from /opt/airflow/dags/tutorial.py
[2022-02-24 03:33:11,225] {processor.py:654} INFO - DAG(s) dict_keys(['tutorial']) retrieved from /opt/airflow/dags/tutorial.py
[2022-02-24 03:33:11,238] {logging_mixin.py:109} INFO - [2022-02-24 03:33:11,238] {dag.py:2396} INFO - Sync 1 DAGs
[2022-02-24 03:33:11,298] {logging_mixin.py:109} INFO - [2022-02-24 03:33:11,297] {dag.py:2935} INFO - Setting next_dagrun for tutorial to 2022-02-23T03:33:11.295797+00:00
[2022-02-24 03:33:11,325] {processor.py:171} INFO - Processing /opt/airflow/dags/tutorial.py took 0.197 seconds
[2022-02-24 03:33:41,524] {processor.py:163} INFO - Started process (PID=912) to work on /opt/airflow/dags/tutorial.py
[2022-02-24 03:33:41,533] {processor.py:642} INFO - Processing file /opt/airflow/dags/tutorial.py for tasks to queue
[2022-02-24 03:33:41,537] {logging_mixin.py:109} INFO - [2022-02-24 03:33:41,537] {dagbag.py:500} INFO - Filling up the DagBag from /opt/airflow/dags/tutorial.py
[2022-02-24 03:33:41,711] {processor.py:654} INFO - DAG(s) dict_keys(['tutorial']) retrieved from /opt/airflow/dags/tutorial.py
[2022-02-24 03:33:42,947] {logging_mixin.py:109} INFO - [2022-02-24 03:33:42,946] {dag.py:2396} INFO - Sync 1 DAGs
[2022-02-24 03:33:43,016] {logging_mixin.py:109} INFO - [2022-02-24 03:33:43,015] {dag.py:2935} INFO - Setting next_dagrun for tutorial to 2022-02-23T03:33:43.013733+00:00
[2022-02-24 03:33:43,086] {processor.py:171} INFO - Processing /opt/airflow/dags/tutorial.py took 1.569 seconds
[2022-02-24 03:34:13,133] {processor.py:163} INFO - Started process (PID=1002) to work on /opt/airflow/dags/tutorial.py
[2022-02-24 03:34:13,137] {processor.py:642} INFO - Processing file /opt/airflow/dags/tutorial.py for tasks to queue
[2022-02-24 03:34:13,140] {logging_mixin.py:109} INFO - [2022-02-24 03:34:13,140] {dagbag.py:500} INFO - Filling up the DagBag from /opt/airflow/dags/tutorial.py
[2022-02-24 03:34:13,220] {processor.py:654} INFO - DAG(s) dict_keys(['tutorial']) retrieved from /opt/airflow/dags/tutorial.py
[2022-02-24 03:34:13,260] {logging_mixin.py:109} INFO - [2022-02-24 03:34:13,260] {dag.py:2396} INFO - Sync 1 DAGs
[2022-02-24 03:34:13,320] {logging_mixin.py:109} INFO - [2022-02-24 03:34:13,320] {dag.py:2935} INFO - Setting next_dagrun for tutorial to 2022-02-23T03:34:13.318287+00:00
[2022-02-24 03:34:13,350] {processor.py:171} INFO - Processing /opt/airflow/dags/tutorial.py took 0.224 seconds
[2022-02-24 03:34:43,959] {processor.py:163} INFO - Started process (PID=1113) to work on /opt/airflow/dags/tutorial.py
[2022-02-24 03:34:43,965] {processor.py:642} INFO - Processing file /opt/airflow/dags/tutorial.py for tasks to queue
[2022-02-24 03:34:43,971] {logging_mixin.py:109} INFO - [2022-02-24 03:34:43,970] {dagbag.py:500} INFO - Filling up the DagBag from /opt/airflow/dags/tutorial.py
[2022-02-24 03:34:44,076] {processor.py:654} INFO - DAG(s) dict_keys(['tutorial']) retrieved from /opt/airflow/dags/tutorial.py
[2022-02-24 03:34:44,089] {logging_mixin.py:109} INFO - [2022-02-24 03:34:44,088] {dag.py:2396} INFO - Sync 1 DAGs
[2022-02-24 03:34:44,158] {logging_mixin.py:109} INFO - [2022-02-24 03:34:44,157] {dag.py:2935} INFO - Setting next_dagrun for tutorial to 2022-02-23T03:34:44.155473+00:00
[2022-02-24 03:34:44,191] {processor.py:171} INFO - Processing /opt/airflow/dags/tutorial.py took 0.242 seconds
[2022-02-24 03:35:15,038] {processor.py:163} INFO - Started process (PID=1202) to work on /opt/airflow/dags/tutorial.py
[2022-02-24 03:35:15,041] {processor.py:642} INFO - Processing file /opt/airflow/dags/tutorial.py for tasks to queue
[2022-02-24 03:35:15,044] {logging_mixin.py:109} INFO - [2022-02-24 03:35:15,044] {dagbag.py:500} INFO - Filling up the DagBag from /opt/airflow/dags/tutorial.py
[2022-02-24 03:35:15,116] {processor.py:654} INFO - DAG(s) dict_keys(['tutorial']) retrieved from /opt/airflow/dags/tutorial.py
[2022-02-24 03:35:16,139] {logging_mixin.py:109} INFO - [2022-02-24 03:35:16,139] {dag.py:2396} INFO - Sync 1 DAGs
[2022-02-24 03:35:16,193] {logging_mixin.py:109} INFO - [2022-02-24 03:35:16,193] {dag.py:2935} INFO - Setting next_dagrun for tutorial to 2022-02-23T03:35:16.191728+00:00
[2022-02-24 03:35:16,229] {processor.py:171} INFO - Processing /opt/airflow/dags/tutorial.py took 1.199 seconds
[2022-02-24 03:35:46,443] {processor.py:163} INFO - Started process (PID=1309) to work on /opt/airflow/dags/tutorial.py
[2022-02-24 03:35:46,448] {processor.py:642} INFO - Processing file /opt/airflow/dags/tutorial.py for tasks to queue
[2022-02-24 03:35:46,451] {logging_mixin.py:109} INFO - [2022-02-24 03:35:46,451] {dagbag.py:500} INFO - Filling up the DagBag from /opt/airflow/dags/tutorial.py
[2022-02-24 03:35:46,532] {processor.py:654} INFO - DAG(s) dict_keys(['tutorial']) retrieved from /opt/airflow/dags/tutorial.py
[2022-02-24 03:35:46,576] {logging_mixin.py:109} INFO - [2022-02-24 03:35:46,575] {dag.py:2396} INFO - Sync 1 DAGs
[2022-02-24 03:35:46,638] {logging_mixin.py:109} INFO - [2022-02-24 03:35:46,637] {dag.py:2935} INFO - Setting next_dagrun for tutorial to 2022-02-23T03:35:46.635676+00:00
[2022-02-24 03:35:46,668] {processor.py:171} INFO - Processing /opt/airflow/dags/tutorial.py took 0.232 seconds
