[2022-02-25 00:46:15,599] {processor.py:163} INFO - Started process (PID=233) to work on /opt/airflow/dags/Depracted/rando.py
[2022-02-25 00:46:15,612] {processor.py:642} INFO - Processing file /opt/airflow/dags/Depracted/rando.py for tasks to queue
[2022-02-25 00:46:15,623] {logging_mixin.py:109} INFO - [2022-02-25 00:46:15,623] {dagbag.py:500} INFO - Filling up the DagBag from /opt/airflow/dags/Depracted/rando.py
[2022-02-25 00:46:16,163] {processor.py:654} INFO - DAG(s) dict_keys(['example_variables']) retrieved from /opt/airflow/dags/Depracted/rando.py
[2022-02-25 00:46:16,421] {logging_mixin.py:109} INFO - [2022-02-25 00:46:16,419] {dag.py:2396} INFO - Sync 1 DAGs
[2022-02-25 00:46:16,936] {logging_mixin.py:109} INFO - [2022-02-25 00:46:16,936] {dag.py:2935} INFO - Setting next_dagrun for example_variables to None
[2022-02-25 00:46:17,141] {processor.py:171} INFO - Processing /opt/airflow/dags/Depracted/rando.py took 1.599 seconds
[2022-02-25 00:47:28,892] {processor.py:163} INFO - Started process (PID=406) to work on /opt/airflow/dags/Depracted/rando.py
[2022-02-25 00:47:28,919] {processor.py:642} INFO - Processing file /opt/airflow/dags/Depracted/rando.py for tasks to queue
[2022-02-25 00:47:28,956] {logging_mixin.py:109} INFO - [2022-02-25 00:47:28,955] {dagbag.py:500} INFO - Filling up the DagBag from /opt/airflow/dags/Depracted/rando.py
[2022-02-25 00:47:29,415] {processor.py:654} INFO - DAG(s) dict_keys(['example_variables']) retrieved from /opt/airflow/dags/Depracted/rando.py
[2022-02-25 00:47:29,537] {logging_mixin.py:109} INFO - [2022-02-25 00:47:29,536] {dag.py:2396} INFO - Sync 1 DAGs
[2022-02-25 00:47:29,777] {logging_mixin.py:109} INFO - [2022-02-25 00:47:29,776] {dag.py:2935} INFO - Setting next_dagrun for example_variables to None
[2022-02-25 00:47:29,872] {processor.py:171} INFO - Processing /opt/airflow/dags/Depracted/rando.py took 1.036 seconds
[2022-02-25 00:48:06,906] {processor.py:163} INFO - Started process (PID=490) to work on /opt/airflow/dags/Depracted/rando.py
[2022-02-25 00:48:06,921] {processor.py:642} INFO - Processing file /opt/airflow/dags/Depracted/rando.py for tasks to queue
[2022-02-25 00:48:06,942] {logging_mixin.py:109} INFO - [2022-02-25 00:48:06,941] {dagbag.py:500} INFO - Filling up the DagBag from /opt/airflow/dags/Depracted/rando.py
[2022-02-25 00:48:07,172] {processor.py:654} INFO - DAG(s) dict_keys(['example_variables']) retrieved from /opt/airflow/dags/Depracted/rando.py
[2022-02-25 00:48:07,255] {logging_mixin.py:109} INFO - [2022-02-25 00:48:07,255] {dag.py:2396} INFO - Sync 1 DAGs
[2022-02-25 00:48:07,376] {logging_mixin.py:109} INFO - [2022-02-25 00:48:07,375] {dag.py:2935} INFO - Setting next_dagrun for example_variables to None
[2022-02-25 00:48:07,467] {processor.py:171} INFO - Processing /opt/airflow/dags/Depracted/rando.py took 0.579 seconds
[2022-02-25 00:48:40,022] {processor.py:163} INFO - Started process (PID=576) to work on /opt/airflow/dags/Depracted/rando.py
[2022-02-25 00:48:40,039] {processor.py:642} INFO - Processing file /opt/airflow/dags/Depracted/rando.py for tasks to queue
[2022-02-25 00:48:40,053] {logging_mixin.py:109} INFO - [2022-02-25 00:48:40,052] {dagbag.py:500} INFO - Filling up the DagBag from /opt/airflow/dags/Depracted/rando.py
[2022-02-25 00:48:40,428] {processor.py:654} INFO - DAG(s) dict_keys(['example_variables']) retrieved from /opt/airflow/dags/Depracted/rando.py
[2022-02-25 00:48:40,553] {logging_mixin.py:109} INFO - [2022-02-25 00:48:40,553] {dag.py:2396} INFO - Sync 1 DAGs
[2022-02-25 00:48:40,780] {logging_mixin.py:109} INFO - [2022-02-25 00:48:40,780] {dag.py:2935} INFO - Setting next_dagrun for example_variables to None
[2022-02-25 00:48:40,843] {processor.py:171} INFO - Processing /opt/airflow/dags/Depracted/rando.py took 0.859 seconds
[2022-02-25 00:49:11,215] {processor.py:163} INFO - Started process (PID=682) to work on /opt/airflow/dags/Depracted/rando.py
[2022-02-25 00:49:11,220] {processor.py:642} INFO - Processing file /opt/airflow/dags/Depracted/rando.py for tasks to queue
[2022-02-25 00:49:11,224] {logging_mixin.py:109} INFO - [2022-02-25 00:49:11,224] {dagbag.py:500} INFO - Filling up the DagBag from /opt/airflow/dags/Depracted/rando.py
[2022-02-25 00:49:11,325] {processor.py:654} INFO - DAG(s) dict_keys(['example_variables']) retrieved from /opt/airflow/dags/Depracted/rando.py
[2022-02-25 00:49:11,363] {logging_mixin.py:109} INFO - [2022-02-25 00:49:11,362] {dag.py:2396} INFO - Sync 1 DAGs
[2022-02-25 00:49:11,433] {logging_mixin.py:109} INFO - [2022-02-25 00:49:11,432] {dag.py:2935} INFO - Setting next_dagrun for example_variables to None
[2022-02-25 00:49:11,465] {processor.py:171} INFO - Processing /opt/airflow/dags/Depracted/rando.py took 0.260 seconds
[2022-02-25 00:49:41,791] {processor.py:163} INFO - Started process (PID=771) to work on /opt/airflow/dags/Depracted/rando.py
[2022-02-25 00:49:41,797] {processor.py:642} INFO - Processing file /opt/airflow/dags/Depracted/rando.py for tasks to queue
[2022-02-25 00:49:41,802] {logging_mixin.py:109} INFO - [2022-02-25 00:49:41,802] {dagbag.py:500} INFO - Filling up the DagBag from /opt/airflow/dags/Depracted/rando.py
[2022-02-25 00:49:41,912] {processor.py:654} INFO - DAG(s) dict_keys(['example_variables']) retrieved from /opt/airflow/dags/Depracted/rando.py
[2022-02-25 00:49:41,959] {logging_mixin.py:109} INFO - [2022-02-25 00:49:41,958] {dag.py:2396} INFO - Sync 1 DAGs
[2022-02-25 00:49:42,068] {logging_mixin.py:109} INFO - [2022-02-25 00:49:42,068] {dag.py:2935} INFO - Setting next_dagrun for example_variables to None
[2022-02-25 00:49:42,109] {processor.py:171} INFO - Processing /opt/airflow/dags/Depracted/rando.py took 0.329 seconds
[2022-02-25 00:50:12,904] {processor.py:163} INFO - Started process (PID=877) to work on /opt/airflow/dags/Depracted/rando.py
[2022-02-25 00:50:12,909] {processor.py:642} INFO - Processing file /opt/airflow/dags/Depracted/rando.py for tasks to queue
[2022-02-25 00:50:12,913] {logging_mixin.py:109} INFO - [2022-02-25 00:50:12,912] {dagbag.py:500} INFO - Filling up the DagBag from /opt/airflow/dags/Depracted/rando.py
[2022-02-25 00:50:12,997] {processor.py:654} INFO - DAG(s) dict_keys(['example_variables']) retrieved from /opt/airflow/dags/Depracted/rando.py
[2022-02-25 00:50:13,035] {logging_mixin.py:109} INFO - [2022-02-25 00:50:13,035] {dag.py:2396} INFO - Sync 1 DAGs
[2022-02-25 00:50:13,108] {logging_mixin.py:109} INFO - [2022-02-25 00:50:13,108] {dag.py:2935} INFO - Setting next_dagrun for example_variables to None
[2022-02-25 00:50:13,137] {processor.py:171} INFO - Processing /opt/airflow/dags/Depracted/rando.py took 0.241 seconds
[2022-02-25 00:50:43,339] {processor.py:163} INFO - Started process (PID=968) to work on /opt/airflow/dags/Depracted/rando.py
[2022-02-25 00:50:43,344] {processor.py:642} INFO - Processing file /opt/airflow/dags/Depracted/rando.py for tasks to queue
[2022-02-25 00:50:43,349] {logging_mixin.py:109} INFO - [2022-02-25 00:50:43,349] {dagbag.py:500} INFO - Filling up the DagBag from /opt/airflow/dags/Depracted/rando.py
[2022-02-25 00:50:43,429] {processor.py:654} INFO - DAG(s) dict_keys(['example_variables']) retrieved from /opt/airflow/dags/Depracted/rando.py
[2022-02-25 00:50:43,465] {logging_mixin.py:109} INFO - [2022-02-25 00:50:43,464] {dag.py:2396} INFO - Sync 1 DAGs
[2022-02-25 00:50:43,536] {logging_mixin.py:109} INFO - [2022-02-25 00:50:43,535] {dag.py:2935} INFO - Setting next_dagrun for example_variables to None
[2022-02-25 00:50:43,567] {processor.py:171} INFO - Processing /opt/airflow/dags/Depracted/rando.py took 0.235 seconds
[2022-02-25 00:51:13,636] {processor.py:163} INFO - Started process (PID=1073) to work on /opt/airflow/dags/Depracted/rando.py
[2022-02-25 00:51:13,641] {processor.py:642} INFO - Processing file /opt/airflow/dags/Depracted/rando.py for tasks to queue
[2022-02-25 00:51:13,645] {logging_mixin.py:109} INFO - [2022-02-25 00:51:13,644] {dagbag.py:500} INFO - Filling up the DagBag from /opt/airflow/dags/Depracted/rando.py
[2022-02-25 00:51:13,730] {processor.py:654} INFO - DAG(s) dict_keys(['example_variables']) retrieved from /opt/airflow/dags/Depracted/rando.py
[2022-02-25 00:51:13,765] {logging_mixin.py:109} INFO - [2022-02-25 00:51:13,764] {dag.py:2396} INFO - Sync 1 DAGs
[2022-02-25 00:51:13,827] {logging_mixin.py:109} INFO - [2022-02-25 00:51:13,827] {dag.py:2935} INFO - Setting next_dagrun for example_variables to None
[2022-02-25 00:51:13,857] {processor.py:171} INFO - Processing /opt/airflow/dags/Depracted/rando.py took 0.228 seconds
[2022-02-25 00:51:43,987] {processor.py:163} INFO - Started process (PID=1158) to work on /opt/airflow/dags/Depracted/rando.py
[2022-02-25 00:51:43,992] {processor.py:642} INFO - Processing file /opt/airflow/dags/Depracted/rando.py for tasks to queue
[2022-02-25 00:51:43,997] {logging_mixin.py:109} INFO - [2022-02-25 00:51:43,996] {dagbag.py:500} INFO - Filling up the DagBag from /opt/airflow/dags/Depracted/rando.py
[2022-02-25 00:51:44,079] {processor.py:654} INFO - DAG(s) dict_keys(['example_variables']) retrieved from /opt/airflow/dags/Depracted/rando.py
[2022-02-25 00:51:44,113] {logging_mixin.py:109} INFO - [2022-02-25 00:51:44,113] {dag.py:2396} INFO - Sync 1 DAGs
[2022-02-25 00:51:44,168] {logging_mixin.py:109} INFO - [2022-02-25 00:51:44,168] {dag.py:2935} INFO - Setting next_dagrun for example_variables to None
[2022-02-25 00:51:44,195] {processor.py:171} INFO - Processing /opt/airflow/dags/Depracted/rando.py took 0.215 seconds
[2022-02-25 00:52:14,562] {processor.py:163} INFO - Started process (PID=1259) to work on /opt/airflow/dags/Depracted/rando.py
[2022-02-25 00:52:14,567] {processor.py:642} INFO - Processing file /opt/airflow/dags/Depracted/rando.py for tasks to queue
[2022-02-25 00:52:14,571] {logging_mixin.py:109} INFO - [2022-02-25 00:52:14,571] {dagbag.py:500} INFO - Filling up the DagBag from /opt/airflow/dags/Depracted/rando.py
[2022-02-25 00:52:14,642] {processor.py:654} INFO - DAG(s) dict_keys(['example_variables']) retrieved from /opt/airflow/dags/Depracted/rando.py
[2022-02-25 00:52:14,674] {logging_mixin.py:109} INFO - [2022-02-25 00:52:14,673] {dag.py:2396} INFO - Sync 1 DAGs
[2022-02-25 00:52:14,729] {logging_mixin.py:109} INFO - [2022-02-25 00:52:14,728] {dag.py:2935} INFO - Setting next_dagrun for example_variables to None
[2022-02-25 00:52:14,755] {processor.py:171} INFO - Processing /opt/airflow/dags/Depracted/rando.py took 0.202 seconds
[2022-02-25 00:52:45,022] {processor.py:163} INFO - Started process (PID=1348) to work on /opt/airflow/dags/Depracted/rando.py
[2022-02-25 00:52:45,029] {processor.py:642} INFO - Processing file /opt/airflow/dags/Depracted/rando.py for tasks to queue
[2022-02-25 00:52:45,034] {logging_mixin.py:109} INFO - [2022-02-25 00:52:45,033] {dagbag.py:500} INFO - Filling up the DagBag from /opt/airflow/dags/Depracted/rando.py
[2022-02-25 00:52:45,126] {processor.py:654} INFO - DAG(s) dict_keys(['example_variables']) retrieved from /opt/airflow/dags/Depracted/rando.py
[2022-02-25 00:52:45,166] {logging_mixin.py:109} INFO - [2022-02-25 00:52:45,165] {dag.py:2396} INFO - Sync 1 DAGs
[2022-02-25 00:52:45,232] {logging_mixin.py:109} INFO - [2022-02-25 00:52:45,232] {dag.py:2935} INFO - Setting next_dagrun for example_variables to None
[2022-02-25 00:52:45,261] {processor.py:171} INFO - Processing /opt/airflow/dags/Depracted/rando.py took 0.252 seconds
[2022-02-25 00:53:15,627] {processor.py:163} INFO - Started process (PID=1456) to work on /opt/airflow/dags/Depracted/rando.py
[2022-02-25 00:53:15,637] {processor.py:642} INFO - Processing file /opt/airflow/dags/Depracted/rando.py for tasks to queue
[2022-02-25 00:53:15,642] {logging_mixin.py:109} INFO - [2022-02-25 00:53:15,641] {dagbag.py:500} INFO - Filling up the DagBag from /opt/airflow/dags/Depracted/rando.py
[2022-02-25 00:53:15,722] {processor.py:654} INFO - DAG(s) dict_keys(['example_variables']) retrieved from /opt/airflow/dags/Depracted/rando.py
[2022-02-25 00:53:15,755] {logging_mixin.py:109} INFO - [2022-02-25 00:53:15,755] {dag.py:2396} INFO - Sync 1 DAGs
[2022-02-25 00:53:15,812] {logging_mixin.py:109} INFO - [2022-02-25 00:53:15,812] {dag.py:2935} INFO - Setting next_dagrun for example_variables to None
[2022-02-25 00:53:15,838] {processor.py:171} INFO - Processing /opt/airflow/dags/Depracted/rando.py took 0.220 seconds
[2022-02-25 00:53:46,803] {processor.py:163} INFO - Started process (PID=1545) to work on /opt/airflow/dags/Depracted/rando.py
[2022-02-25 00:53:46,808] {processor.py:642} INFO - Processing file /opt/airflow/dags/Depracted/rando.py for tasks to queue
[2022-02-25 00:53:46,811] {logging_mixin.py:109} INFO - [2022-02-25 00:53:46,811] {dagbag.py:500} INFO - Filling up the DagBag from /opt/airflow/dags/Depracted/rando.py
[2022-02-25 00:53:46,886] {processor.py:654} INFO - DAG(s) dict_keys(['example_variables']) retrieved from /opt/airflow/dags/Depracted/rando.py
[2022-02-25 00:53:46,919] {logging_mixin.py:109} INFO - [2022-02-25 00:53:46,918] {dag.py:2396} INFO - Sync 1 DAGs
[2022-02-25 00:53:46,976] {logging_mixin.py:109} INFO - [2022-02-25 00:53:46,976] {dag.py:2935} INFO - Setting next_dagrun for example_variables to None
[2022-02-25 00:53:47,002] {processor.py:171} INFO - Processing /opt/airflow/dags/Depracted/rando.py took 0.205 seconds
[2022-02-25 00:54:17,374] {processor.py:163} INFO - Started process (PID=1653) to work on /opt/airflow/dags/Depracted/rando.py
[2022-02-25 00:54:17,379] {processor.py:642} INFO - Processing file /opt/airflow/dags/Depracted/rando.py for tasks to queue
[2022-02-25 00:54:17,383] {logging_mixin.py:109} INFO - [2022-02-25 00:54:17,382] {dagbag.py:500} INFO - Filling up the DagBag from /opt/airflow/dags/Depracted/rando.py
[2022-02-25 00:54:17,475] {processor.py:654} INFO - DAG(s) dict_keys(['example_variables']) retrieved from /opt/airflow/dags/Depracted/rando.py
[2022-02-25 00:54:17,512] {logging_mixin.py:109} INFO - [2022-02-25 00:54:17,512] {dag.py:2396} INFO - Sync 1 DAGs
[2022-02-25 00:54:17,575] {logging_mixin.py:109} INFO - [2022-02-25 00:54:17,574] {dag.py:2935} INFO - Setting next_dagrun for example_variables to None
[2022-02-25 00:54:17,601] {processor.py:171} INFO - Processing /opt/airflow/dags/Depracted/rando.py took 0.234 seconds
[2022-02-25 00:54:48,167] {processor.py:163} INFO - Started process (PID=1742) to work on /opt/airflow/dags/Depracted/rando.py
[2022-02-25 00:54:48,173] {processor.py:642} INFO - Processing file /opt/airflow/dags/Depracted/rando.py for tasks to queue
[2022-02-25 00:54:48,178] {logging_mixin.py:109} INFO - [2022-02-25 00:54:48,177] {dagbag.py:500} INFO - Filling up the DagBag from /opt/airflow/dags/Depracted/rando.py
[2022-02-25 00:54:48,259] {processor.py:654} INFO - DAG(s) dict_keys(['example_variables']) retrieved from /opt/airflow/dags/Depracted/rando.py
[2022-02-25 00:54:48,293] {logging_mixin.py:109} INFO - [2022-02-25 00:54:48,293] {dag.py:2396} INFO - Sync 1 DAGs
[2022-02-25 00:54:48,354] {logging_mixin.py:109} INFO - [2022-02-25 00:54:48,354] {dag.py:2935} INFO - Setting next_dagrun for example_variables to None
[2022-02-25 00:54:48,384] {processor.py:171} INFO - Processing /opt/airflow/dags/Depracted/rando.py took 0.227 seconds
[2022-02-25 00:55:18,552] {processor.py:163} INFO - Started process (PID=1846) to work on /opt/airflow/dags/Depracted/rando.py
[2022-02-25 00:55:18,558] {processor.py:642} INFO - Processing file /opt/airflow/dags/Depracted/rando.py for tasks to queue
[2022-02-25 00:55:18,562] {logging_mixin.py:109} INFO - [2022-02-25 00:55:18,562] {dagbag.py:500} INFO - Filling up the DagBag from /opt/airflow/dags/Depracted/rando.py
[2022-02-25 00:55:18,674] {processor.py:654} INFO - DAG(s) dict_keys(['example_variables']) retrieved from /opt/airflow/dags/Depracted/rando.py
[2022-02-25 00:55:18,721] {logging_mixin.py:109} INFO - [2022-02-25 00:55:18,720] {dag.py:2396} INFO - Sync 1 DAGs
[2022-02-25 00:55:18,795] {logging_mixin.py:109} INFO - [2022-02-25 00:55:18,794] {dag.py:2935} INFO - Setting next_dagrun for example_variables to None
[2022-02-25 00:55:18,829] {processor.py:171} INFO - Processing /opt/airflow/dags/Depracted/rando.py took 0.287 seconds
[2022-02-25 00:55:49,182] {processor.py:163} INFO - Started process (PID=1946) to work on /opt/airflow/dags/Depracted/rando.py
[2022-02-25 00:55:49,187] {processor.py:642} INFO - Processing file /opt/airflow/dags/Depracted/rando.py for tasks to queue
[2022-02-25 00:55:49,192] {logging_mixin.py:109} INFO - [2022-02-25 00:55:49,192] {dagbag.py:500} INFO - Filling up the DagBag from /opt/airflow/dags/Depracted/rando.py
[2022-02-25 00:55:49,285] {processor.py:654} INFO - DAG(s) dict_keys(['example_variables']) retrieved from /opt/airflow/dags/Depracted/rando.py
[2022-02-25 00:55:49,327] {logging_mixin.py:109} INFO - [2022-02-25 00:55:49,327] {dag.py:2396} INFO - Sync 1 DAGs
[2022-02-25 00:55:49,394] {logging_mixin.py:109} INFO - [2022-02-25 00:55:49,393] {dag.py:2935} INFO - Setting next_dagrun for example_variables to None
[2022-02-25 00:55:49,459] {processor.py:171} INFO - Processing /opt/airflow/dags/Depracted/rando.py took 0.285 seconds
[2022-02-25 00:56:20,612] {processor.py:163} INFO - Started process (PID=2041) to work on /opt/airflow/dags/Depracted/rando.py
[2022-02-25 00:56:20,618] {processor.py:642} INFO - Processing file /opt/airflow/dags/Depracted/rando.py for tasks to queue
[2022-02-25 00:56:20,622] {logging_mixin.py:109} INFO - [2022-02-25 00:56:20,621] {dagbag.py:500} INFO - Filling up the DagBag from /opt/airflow/dags/Depracted/rando.py
[2022-02-25 00:56:20,716] {processor.py:654} INFO - DAG(s) dict_keys(['example_variables']) retrieved from /opt/airflow/dags/Depracted/rando.py
[2022-02-25 00:56:20,757] {logging_mixin.py:109} INFO - [2022-02-25 00:56:20,756] {dag.py:2396} INFO - Sync 1 DAGs
[2022-02-25 00:56:20,829] {logging_mixin.py:109} INFO - [2022-02-25 00:56:20,829] {dag.py:2935} INFO - Setting next_dagrun for example_variables to None
[2022-02-25 00:56:20,864] {processor.py:171} INFO - Processing /opt/airflow/dags/Depracted/rando.py took 0.262 seconds
[2022-02-25 00:56:50,950] {processor.py:163} INFO - Started process (PID=2143) to work on /opt/airflow/dags/Depracted/rando.py
[2022-02-25 00:56:50,956] {processor.py:642} INFO - Processing file /opt/airflow/dags/Depracted/rando.py for tasks to queue
[2022-02-25 00:56:50,963] {logging_mixin.py:109} INFO - [2022-02-25 00:56:50,962] {dagbag.py:500} INFO - Filling up the DagBag from /opt/airflow/dags/Depracted/rando.py
[2022-02-25 00:56:51,075] {processor.py:654} INFO - DAG(s) dict_keys(['example_variables']) retrieved from /opt/airflow/dags/Depracted/rando.py
[2022-02-25 00:56:51,121] {logging_mixin.py:109} INFO - [2022-02-25 00:56:51,120] {dag.py:2396} INFO - Sync 1 DAGs
[2022-02-25 00:56:51,202] {logging_mixin.py:109} INFO - [2022-02-25 00:56:51,201] {dag.py:2935} INFO - Setting next_dagrun for example_variables to None
[2022-02-25 00:56:51,238] {processor.py:171} INFO - Processing /opt/airflow/dags/Depracted/rando.py took 0.298 seconds
[2022-02-25 00:57:21,561] {processor.py:163} INFO - Started process (PID=2232) to work on /opt/airflow/dags/Depracted/rando.py
[2022-02-25 00:57:21,569] {processor.py:642} INFO - Processing file /opt/airflow/dags/Depracted/rando.py for tasks to queue
[2022-02-25 00:57:21,574] {logging_mixin.py:109} INFO - [2022-02-25 00:57:21,573] {dagbag.py:500} INFO - Filling up the DagBag from /opt/airflow/dags/Depracted/rando.py
[2022-02-25 00:57:21,667] {processor.py:654} INFO - DAG(s) dict_keys(['example_variables']) retrieved from /opt/airflow/dags/Depracted/rando.py
[2022-02-25 00:57:21,706] {logging_mixin.py:109} INFO - [2022-02-25 00:57:21,706] {dag.py:2396} INFO - Sync 1 DAGs
[2022-02-25 00:57:21,785] {logging_mixin.py:109} INFO - [2022-02-25 00:57:21,784] {dag.py:2935} INFO - Setting next_dagrun for example_variables to None
[2022-02-25 00:57:21,824] {processor.py:171} INFO - Processing /opt/airflow/dags/Depracted/rando.py took 0.272 seconds
[2022-02-25 00:57:52,481] {processor.py:163} INFO - Started process (PID=2338) to work on /opt/airflow/dags/Depracted/rando.py
[2022-02-25 00:57:52,487] {processor.py:642} INFO - Processing file /opt/airflow/dags/Depracted/rando.py for tasks to queue
[2022-02-25 00:57:52,491] {logging_mixin.py:109} INFO - [2022-02-25 00:57:52,490] {dagbag.py:500} INFO - Filling up the DagBag from /opt/airflow/dags/Depracted/rando.py
[2022-02-25 00:57:52,577] {processor.py:654} INFO - DAG(s) dict_keys(['example_variables']) retrieved from /opt/airflow/dags/Depracted/rando.py
[2022-02-25 00:57:52,620] {logging_mixin.py:109} INFO - [2022-02-25 00:57:52,619] {dag.py:2396} INFO - Sync 1 DAGs
[2022-02-25 00:57:52,702] {logging_mixin.py:109} INFO - [2022-02-25 00:57:52,701] {dag.py:2935} INFO - Setting next_dagrun for example_variables to None
[2022-02-25 00:57:52,736] {processor.py:171} INFO - Processing /opt/airflow/dags/Depracted/rando.py took 0.263 seconds
[2022-02-25 00:58:22,815] {processor.py:163} INFO - Started process (PID=2427) to work on /opt/airflow/dags/Depracted/rando.py
[2022-02-25 00:58:22,820] {processor.py:642} INFO - Processing file /opt/airflow/dags/Depracted/rando.py for tasks to queue
[2022-02-25 00:58:22,824] {logging_mixin.py:109} INFO - [2022-02-25 00:58:22,824] {dagbag.py:500} INFO - Filling up the DagBag from /opt/airflow/dags/Depracted/rando.py
[2022-02-25 00:58:22,925] {processor.py:654} INFO - DAG(s) dict_keys(['example_variables']) retrieved from /opt/airflow/dags/Depracted/rando.py
[2022-02-25 00:58:22,969] {logging_mixin.py:109} INFO - [2022-02-25 00:58:22,969] {dag.py:2396} INFO - Sync 1 DAGs
[2022-02-25 00:58:23,052] {logging_mixin.py:109} INFO - [2022-02-25 00:58:23,051] {dag.py:2935} INFO - Setting next_dagrun for example_variables to None
[2022-02-25 00:58:23,087] {processor.py:171} INFO - Processing /opt/airflow/dags/Depracted/rando.py took 0.280 seconds
[2022-02-25 00:58:53,166] {processor.py:163} INFO - Started process (PID=2534) to work on /opt/airflow/dags/Depracted/rando.py
[2022-02-25 00:58:53,172] {processor.py:642} INFO - Processing file /opt/airflow/dags/Depracted/rando.py for tasks to queue
[2022-02-25 00:58:53,176] {logging_mixin.py:109} INFO - [2022-02-25 00:58:53,176] {dagbag.py:500} INFO - Filling up the DagBag from /opt/airflow/dags/Depracted/rando.py
[2022-02-25 00:58:53,252] {processor.py:654} INFO - DAG(s) dict_keys(['example_variables']) retrieved from /opt/airflow/dags/Depracted/rando.py
[2022-02-25 00:58:53,287] {logging_mixin.py:109} INFO - [2022-02-25 00:58:53,286] {dag.py:2396} INFO - Sync 1 DAGs
[2022-02-25 00:58:53,475] {logging_mixin.py:109} INFO - [2022-02-25 00:58:53,474] {dag.py:2935} INFO - Setting next_dagrun for example_variables to None
[2022-02-25 00:58:53,522] {processor.py:171} INFO - Processing /opt/airflow/dags/Depracted/rando.py took 0.362 seconds
[2022-02-25 00:59:23,882] {processor.py:163} INFO - Started process (PID=2625) to work on /opt/airflow/dags/Depracted/rando.py
[2022-02-25 00:59:23,886] {processor.py:642} INFO - Processing file /opt/airflow/dags/Depracted/rando.py for tasks to queue
[2022-02-25 00:59:23,890] {logging_mixin.py:109} INFO - [2022-02-25 00:59:23,889] {dagbag.py:500} INFO - Filling up the DagBag from /opt/airflow/dags/Depracted/rando.py
[2022-02-25 00:59:23,972] {processor.py:654} INFO - DAG(s) dict_keys(['example_variables']) retrieved from /opt/airflow/dags/Depracted/rando.py
[2022-02-25 00:59:24,012] {logging_mixin.py:109} INFO - [2022-02-25 00:59:24,011] {dag.py:2396} INFO - Sync 1 DAGs
[2022-02-25 00:59:24,210] {logging_mixin.py:109} INFO - [2022-02-25 00:59:24,209] {dag.py:2935} INFO - Setting next_dagrun for example_variables to None
[2022-02-25 00:59:24,236] {processor.py:171} INFO - Processing /opt/airflow/dags/Depracted/rando.py took 0.361 seconds
[2022-02-25 00:59:54,319] {processor.py:163} INFO - Started process (PID=2730) to work on /opt/airflow/dags/Depracted/rando.py
[2022-02-25 00:59:54,324] {processor.py:642} INFO - Processing file /opt/airflow/dags/Depracted/rando.py for tasks to queue
[2022-02-25 00:59:54,328] {logging_mixin.py:109} INFO - [2022-02-25 00:59:54,327] {dagbag.py:500} INFO - Filling up the DagBag from /opt/airflow/dags/Depracted/rando.py
[2022-02-25 00:59:54,405] {processor.py:654} INFO - DAG(s) dict_keys(['example_variables']) retrieved from /opt/airflow/dags/Depracted/rando.py
[2022-02-25 00:59:54,443] {logging_mixin.py:109} INFO - [2022-02-25 00:59:54,442] {dag.py:2396} INFO - Sync 1 DAGs
[2022-02-25 00:59:54,652] {logging_mixin.py:109} INFO - [2022-02-25 00:59:54,651] {dag.py:2935} INFO - Setting next_dagrun for example_variables to None
[2022-02-25 00:59:54,684] {processor.py:171} INFO - Processing /opt/airflow/dags/Depracted/rando.py took 0.373 seconds
[2022-02-25 01:00:24,778] {processor.py:163} INFO - Started process (PID=2819) to work on /opt/airflow/dags/Depracted/rando.py
[2022-02-25 01:00:24,783] {processor.py:642} INFO - Processing file /opt/airflow/dags/Depracted/rando.py for tasks to queue
[2022-02-25 01:00:24,787] {logging_mixin.py:109} INFO - [2022-02-25 01:00:24,787] {dagbag.py:500} INFO - Filling up the DagBag from /opt/airflow/dags/Depracted/rando.py
[2022-02-25 01:00:24,869] {processor.py:654} INFO - DAG(s) dict_keys(['example_variables']) retrieved from /opt/airflow/dags/Depracted/rando.py
[2022-02-25 01:00:25,032] {logging_mixin.py:109} INFO - [2022-02-25 01:00:25,031] {dag.py:2396} INFO - Sync 1 DAGs
[2022-02-25 01:00:25,099] {logging_mixin.py:109} INFO - [2022-02-25 01:00:25,098] {dag.py:2935} INFO - Setting next_dagrun for example_variables to None
[2022-02-25 01:00:25,133] {processor.py:171} INFO - Processing /opt/airflow/dags/Depracted/rando.py took 0.363 seconds
[2022-02-25 01:00:55,240] {processor.py:163} INFO - Started process (PID=2923) to work on /opt/airflow/dags/Depracted/rando.py
[2022-02-25 01:00:55,246] {processor.py:642} INFO - Processing file /opt/airflow/dags/Depracted/rando.py for tasks to queue
[2022-02-25 01:00:55,251] {logging_mixin.py:109} INFO - [2022-02-25 01:00:55,251] {dagbag.py:500} INFO - Filling up the DagBag from /opt/airflow/dags/Depracted/rando.py
[2022-02-25 01:00:55,346] {processor.py:654} INFO - DAG(s) dict_keys(['example_variables']) retrieved from /opt/airflow/dags/Depracted/rando.py
[2022-02-25 01:00:55,516] {logging_mixin.py:109} INFO - [2022-02-25 01:00:55,516] {dag.py:2396} INFO - Sync 1 DAGs
[2022-02-25 01:00:55,574] {logging_mixin.py:109} INFO - [2022-02-25 01:00:55,573] {dag.py:2935} INFO - Setting next_dagrun for example_variables to None
[2022-02-25 01:00:55,600] {processor.py:171} INFO - Processing /opt/airflow/dags/Depracted/rando.py took 0.370 seconds
[2022-02-25 01:01:25,697] {processor.py:163} INFO - Started process (PID=3012) to work on /opt/airflow/dags/Depracted/rando.py
[2022-02-25 01:01:25,702] {processor.py:642} INFO - Processing file /opt/airflow/dags/Depracted/rando.py for tasks to queue
[2022-02-25 01:01:25,705] {logging_mixin.py:109} INFO - [2022-02-25 01:01:25,705] {dagbag.py:500} INFO - Filling up the DagBag from /opt/airflow/dags/Depracted/rando.py
[2022-02-25 01:01:25,888] {processor.py:654} INFO - DAG(s) dict_keys(['example_variables']) retrieved from /opt/airflow/dags/Depracted/rando.py
[2022-02-25 01:01:25,925] {logging_mixin.py:109} INFO - [2022-02-25 01:01:25,925] {dag.py:2396} INFO - Sync 1 DAGs
[2022-02-25 01:01:25,995] {logging_mixin.py:109} INFO - [2022-02-25 01:01:25,995] {dag.py:2935} INFO - Setting next_dagrun for example_variables to None
[2022-02-25 01:01:26,022] {processor.py:171} INFO - Processing /opt/airflow/dags/Depracted/rando.py took 0.332 seconds
[2022-02-25 01:01:56,315] {processor.py:163} INFO - Started process (PID=3118) to work on /opt/airflow/dags/Depracted/rando.py
[2022-02-25 01:01:56,321] {processor.py:642} INFO - Processing file /opt/airflow/dags/Depracted/rando.py for tasks to queue
[2022-02-25 01:01:56,324] {logging_mixin.py:109} INFO - [2022-02-25 01:01:56,323] {dagbag.py:500} INFO - Filling up the DagBag from /opt/airflow/dags/Depracted/rando.py
[2022-02-25 01:01:56,527] {processor.py:654} INFO - DAG(s) dict_keys(['example_variables']) retrieved from /opt/airflow/dags/Depracted/rando.py
[2022-02-25 01:01:56,566] {logging_mixin.py:109} INFO - [2022-02-25 01:01:56,566] {dag.py:2396} INFO - Sync 1 DAGs
[2022-02-25 01:01:56,628] {logging_mixin.py:109} INFO - [2022-02-25 01:01:56,628] {dag.py:2935} INFO - Setting next_dagrun for example_variables to None
[2022-02-25 01:01:56,654] {processor.py:171} INFO - Processing /opt/airflow/dags/Depracted/rando.py took 0.345 seconds
[2022-02-25 01:02:27,375] {processor.py:163} INFO - Started process (PID=3207) to work on /opt/airflow/dags/Depracted/rando.py
[2022-02-25 01:02:27,380] {processor.py:642} INFO - Processing file /opt/airflow/dags/Depracted/rando.py for tasks to queue
[2022-02-25 01:02:27,384] {logging_mixin.py:109} INFO - [2022-02-25 01:02:27,384] {dagbag.py:500} INFO - Filling up the DagBag from /opt/airflow/dags/Depracted/rando.py
[2022-02-25 01:02:27,455] {processor.py:654} INFO - DAG(s) dict_keys(['example_variables']) retrieved from /opt/airflow/dags/Depracted/rando.py
[2022-02-25 01:02:27,489] {logging_mixin.py:109} INFO - [2022-02-25 01:02:27,488] {dag.py:2396} INFO - Sync 1 DAGs
[2022-02-25 01:02:27,548] {logging_mixin.py:109} INFO - [2022-02-25 01:02:27,548] {dag.py:2935} INFO - Setting next_dagrun for example_variables to None
[2022-02-25 01:02:27,575] {processor.py:171} INFO - Processing /opt/airflow/dags/Depracted/rando.py took 0.208 seconds
[2022-02-25 01:02:58,023] {processor.py:163} INFO - Started process (PID=3312) to work on /opt/airflow/dags/Depracted/rando.py
[2022-02-25 01:02:58,028] {processor.py:642} INFO - Processing file /opt/airflow/dags/Depracted/rando.py for tasks to queue
[2022-02-25 01:02:58,031] {logging_mixin.py:109} INFO - [2022-02-25 01:02:58,031] {dagbag.py:500} INFO - Filling up the DagBag from /opt/airflow/dags/Depracted/rando.py
[2022-02-25 01:02:58,115] {processor.py:654} INFO - DAG(s) dict_keys(['example_variables']) retrieved from /opt/airflow/dags/Depracted/rando.py
[2022-02-25 01:02:58,154] {logging_mixin.py:109} INFO - [2022-02-25 01:02:58,153] {dag.py:2396} INFO - Sync 1 DAGs
[2022-02-25 01:02:58,215] {logging_mixin.py:109} INFO - [2022-02-25 01:02:58,215] {dag.py:2935} INFO - Setting next_dagrun for example_variables to None
[2022-02-25 01:02:58,242] {processor.py:171} INFO - Processing /opt/airflow/dags/Depracted/rando.py took 0.227 seconds
[2022-02-25 01:03:28,868] {processor.py:163} INFO - Started process (PID=3412) to work on /opt/airflow/dags/Depracted/rando.py
[2022-02-25 01:03:28,875] {processor.py:642} INFO - Processing file /opt/airflow/dags/Depracted/rando.py for tasks to queue
[2022-02-25 01:03:28,879] {logging_mixin.py:109} INFO - [2022-02-25 01:03:28,879] {dagbag.py:500} INFO - Filling up the DagBag from /opt/airflow/dags/Depracted/rando.py
[2022-02-25 01:03:28,969] {processor.py:654} INFO - DAG(s) dict_keys(['example_variables']) retrieved from /opt/airflow/dags/Depracted/rando.py
[2022-02-25 01:03:29,011] {logging_mixin.py:109} INFO - [2022-02-25 01:03:29,011] {dag.py:2396} INFO - Sync 1 DAGs
[2022-02-25 01:03:29,081] {logging_mixin.py:109} INFO - [2022-02-25 01:03:29,080] {dag.py:2935} INFO - Setting next_dagrun for example_variables to None
[2022-02-25 01:03:29,117] {processor.py:171} INFO - Processing /opt/airflow/dags/Depracted/rando.py took 0.259 seconds
[2022-02-25 01:03:59,191] {processor.py:163} INFO - Started process (PID=3504) to work on /opt/airflow/dags/Depracted/rando.py
[2022-02-25 01:03:59,196] {processor.py:642} INFO - Processing file /opt/airflow/dags/Depracted/rando.py for tasks to queue
[2022-02-25 01:03:59,199] {logging_mixin.py:109} INFO - [2022-02-25 01:03:59,199] {dagbag.py:500} INFO - Filling up the DagBag from /opt/airflow/dags/Depracted/rando.py
[2022-02-25 01:03:59,271] {processor.py:654} INFO - DAG(s) dict_keys(['example_variables']) retrieved from /opt/airflow/dags/Depracted/rando.py
[2022-02-25 01:03:59,303] {logging_mixin.py:109} INFO - [2022-02-25 01:03:59,302] {dag.py:2396} INFO - Sync 1 DAGs
[2022-02-25 01:03:59,367] {logging_mixin.py:109} INFO - [2022-02-25 01:03:59,367] {dag.py:2935} INFO - Setting next_dagrun for example_variables to None
[2022-02-25 01:03:59,395] {processor.py:171} INFO - Processing /opt/airflow/dags/Depracted/rando.py took 0.211 seconds
[2022-02-25 01:04:29,532] {processor.py:163} INFO - Started process (PID=3604) to work on /opt/airflow/dags/Depracted/rando.py
[2022-02-25 01:04:29,538] {processor.py:642} INFO - Processing file /opt/airflow/dags/Depracted/rando.py for tasks to queue
[2022-02-25 01:04:29,541] {logging_mixin.py:109} INFO - [2022-02-25 01:04:29,541] {dagbag.py:500} INFO - Filling up the DagBag from /opt/airflow/dags/Depracted/rando.py
[2022-02-25 01:04:29,628] {processor.py:654} INFO - DAG(s) dict_keys(['example_variables']) retrieved from /opt/airflow/dags/Depracted/rando.py
[2022-02-25 01:04:29,664] {logging_mixin.py:109} INFO - [2022-02-25 01:04:29,664] {dag.py:2396} INFO - Sync 1 DAGs
[2022-02-25 01:04:29,737] {logging_mixin.py:109} INFO - [2022-02-25 01:04:29,737] {dag.py:2935} INFO - Setting next_dagrun for example_variables to None
[2022-02-25 01:04:29,768] {processor.py:171} INFO - Processing /opt/airflow/dags/Depracted/rando.py took 0.244 seconds
[2022-02-25 01:05:00,283] {processor.py:163} INFO - Started process (PID=3697) to work on /opt/airflow/dags/Depracted/rando.py
[2022-02-25 01:05:00,289] {processor.py:642} INFO - Processing file /opt/airflow/dags/Depracted/rando.py for tasks to queue
[2022-02-25 01:05:00,293] {logging_mixin.py:109} INFO - [2022-02-25 01:05:00,293] {dagbag.py:500} INFO - Filling up the DagBag from /opt/airflow/dags/Depracted/rando.py
[2022-02-25 01:05:00,383] {processor.py:654} INFO - DAG(s) dict_keys(['example_variables']) retrieved from /opt/airflow/dags/Depracted/rando.py
[2022-02-25 01:05:00,416] {logging_mixin.py:109} INFO - [2022-02-25 01:05:00,415] {dag.py:2396} INFO - Sync 1 DAGs
[2022-02-25 01:05:00,489] {logging_mixin.py:109} INFO - [2022-02-25 01:05:00,489] {dag.py:2935} INFO - Setting next_dagrun for example_variables to None
[2022-02-25 01:05:00,521] {processor.py:171} INFO - Processing /opt/airflow/dags/Depracted/rando.py took 0.246 seconds
[2022-02-25 01:05:31,104] {processor.py:163} INFO - Started process (PID=3801) to work on /opt/airflow/dags/Depracted/rando.py
[2022-02-25 01:05:31,109] {processor.py:642} INFO - Processing file /opt/airflow/dags/Depracted/rando.py for tasks to queue
[2022-02-25 01:05:31,112] {logging_mixin.py:109} INFO - [2022-02-25 01:05:31,111] {dagbag.py:500} INFO - Filling up the DagBag from /opt/airflow/dags/Depracted/rando.py
[2022-02-25 01:05:31,197] {processor.py:654} INFO - DAG(s) dict_keys(['example_variables']) retrieved from /opt/airflow/dags/Depracted/rando.py
[2022-02-25 01:05:31,236] {logging_mixin.py:109} INFO - [2022-02-25 01:05:31,235] {dag.py:2396} INFO - Sync 1 DAGs
[2022-02-25 01:05:31,300] {logging_mixin.py:109} INFO - [2022-02-25 01:05:31,300] {dag.py:2935} INFO - Setting next_dagrun for example_variables to None
[2022-02-25 01:05:31,332] {processor.py:171} INFO - Processing /opt/airflow/dags/Depracted/rando.py took 0.236 seconds
[2022-02-25 01:06:01,786] {processor.py:163} INFO - Started process (PID=3890) to work on /opt/airflow/dags/Depracted/rando.py
[2022-02-25 01:06:01,791] {processor.py:642} INFO - Processing file /opt/airflow/dags/Depracted/rando.py for tasks to queue
[2022-02-25 01:06:01,795] {logging_mixin.py:109} INFO - [2022-02-25 01:06:01,795] {dagbag.py:500} INFO - Filling up the DagBag from /opt/airflow/dags/Depracted/rando.py
[2022-02-25 01:06:01,881] {processor.py:654} INFO - DAG(s) dict_keys(['example_variables']) retrieved from /opt/airflow/dags/Depracted/rando.py
[2022-02-25 01:06:01,920] {logging_mixin.py:109} INFO - [2022-02-25 01:06:01,920] {dag.py:2396} INFO - Sync 1 DAGs
[2022-02-25 01:06:01,990] {logging_mixin.py:109} INFO - [2022-02-25 01:06:01,989] {dag.py:2935} INFO - Setting next_dagrun for example_variables to None
[2022-02-25 01:06:02,025] {processor.py:171} INFO - Processing /opt/airflow/dags/Depracted/rando.py took 0.248 seconds
[2022-02-25 01:06:32,193] {processor.py:163} INFO - Started process (PID=3996) to work on /opt/airflow/dags/Depracted/rando.py
[2022-02-25 01:06:32,199] {processor.py:642} INFO - Processing file /opt/airflow/dags/Depracted/rando.py for tasks to queue
[2022-02-25 01:06:32,202] {logging_mixin.py:109} INFO - [2022-02-25 01:06:32,202] {dagbag.py:500} INFO - Filling up the DagBag from /opt/airflow/dags/Depracted/rando.py
[2022-02-25 01:06:32,287] {processor.py:654} INFO - DAG(s) dict_keys(['example_variables']) retrieved from /opt/airflow/dags/Depracted/rando.py
[2022-02-25 01:06:32,322] {logging_mixin.py:109} INFO - [2022-02-25 01:06:32,322] {dag.py:2396} INFO - Sync 1 DAGs
[2022-02-25 01:06:32,390] {logging_mixin.py:109} INFO - [2022-02-25 01:06:32,390] {dag.py:2935} INFO - Setting next_dagrun for example_variables to None
[2022-02-25 01:06:32,421] {processor.py:171} INFO - Processing /opt/airflow/dags/Depracted/rando.py took 0.236 seconds
[2022-02-25 01:07:03,002] {processor.py:163} INFO - Started process (PID=4085) to work on /opt/airflow/dags/Depracted/rando.py
[2022-02-25 01:07:03,007] {processor.py:642} INFO - Processing file /opt/airflow/dags/Depracted/rando.py for tasks to queue
[2022-02-25 01:07:03,010] {logging_mixin.py:109} INFO - [2022-02-25 01:07:03,010] {dagbag.py:500} INFO - Filling up the DagBag from /opt/airflow/dags/Depracted/rando.py
[2022-02-25 01:07:03,088] {processor.py:654} INFO - DAG(s) dict_keys(['example_variables']) retrieved from /opt/airflow/dags/Depracted/rando.py
[2022-02-25 01:07:03,124] {logging_mixin.py:109} INFO - [2022-02-25 01:07:03,124] {dag.py:2396} INFO - Sync 1 DAGs
[2022-02-25 01:07:03,187] {logging_mixin.py:109} INFO - [2022-02-25 01:07:03,186] {dag.py:2935} INFO - Setting next_dagrun for example_variables to None
[2022-02-25 01:07:03,215] {processor.py:171} INFO - Processing /opt/airflow/dags/Depracted/rando.py took 0.221 seconds
[2022-02-25 01:07:33,361] {processor.py:163} INFO - Started process (PID=4191) to work on /opt/airflow/dags/Depracted/rando.py
[2022-02-25 01:07:33,368] {processor.py:642} INFO - Processing file /opt/airflow/dags/Depracted/rando.py for tasks to queue
[2022-02-25 01:07:33,372] {logging_mixin.py:109} INFO - [2022-02-25 01:07:33,372] {dagbag.py:500} INFO - Filling up the DagBag from /opt/airflow/dags/Depracted/rando.py
[2022-02-25 01:07:33,454] {processor.py:654} INFO - DAG(s) dict_keys(['example_variables']) retrieved from /opt/airflow/dags/Depracted/rando.py
[2022-02-25 01:07:33,487] {logging_mixin.py:109} INFO - [2022-02-25 01:07:33,487] {dag.py:2396} INFO - Sync 1 DAGs
[2022-02-25 01:07:33,548] {logging_mixin.py:109} INFO - [2022-02-25 01:07:33,547] {dag.py:2935} INFO - Setting next_dagrun for example_variables to None
[2022-02-25 01:07:33,576] {processor.py:171} INFO - Processing /opt/airflow/dags/Depracted/rando.py took 0.225 seconds
[2022-02-25 01:08:03,719] {processor.py:163} INFO - Started process (PID=4281) to work on /opt/airflow/dags/Depracted/rando.py
[2022-02-25 01:08:03,724] {processor.py:642} INFO - Processing file /opt/airflow/dags/Depracted/rando.py for tasks to queue
[2022-02-25 01:08:03,728] {logging_mixin.py:109} INFO - [2022-02-25 01:08:03,727] {dagbag.py:500} INFO - Filling up the DagBag from /opt/airflow/dags/Depracted/rando.py
[2022-02-25 01:08:03,813] {processor.py:654} INFO - DAG(s) dict_keys(['example_variables']) retrieved from /opt/airflow/dags/Depracted/rando.py
[2022-02-25 01:08:03,845] {logging_mixin.py:109} INFO - [2022-02-25 01:08:03,845] {dag.py:2396} INFO - Sync 1 DAGs
[2022-02-25 01:08:03,913] {logging_mixin.py:109} INFO - [2022-02-25 01:08:03,912] {dag.py:2935} INFO - Setting next_dagrun for example_variables to None
[2022-02-25 01:08:03,960] {processor.py:171} INFO - Processing /opt/airflow/dags/Depracted/rando.py took 0.249 seconds
[2022-02-25 01:08:34,208] {processor.py:163} INFO - Started process (PID=4387) to work on /opt/airflow/dags/Depracted/rando.py
[2022-02-25 01:08:34,214] {processor.py:642} INFO - Processing file /opt/airflow/dags/Depracted/rando.py for tasks to queue
[2022-02-25 01:08:34,218] {logging_mixin.py:109} INFO - [2022-02-25 01:08:34,218] {dagbag.py:500} INFO - Filling up the DagBag from /opt/airflow/dags/Depracted/rando.py
[2022-02-25 01:08:34,312] {processor.py:654} INFO - DAG(s) dict_keys(['example_variables']) retrieved from /opt/airflow/dags/Depracted/rando.py
[2022-02-25 01:08:34,356] {logging_mixin.py:109} INFO - [2022-02-25 01:08:34,356] {dag.py:2396} INFO - Sync 1 DAGs
[2022-02-25 01:08:34,427] {logging_mixin.py:109} INFO - [2022-02-25 01:08:34,426] {dag.py:2935} INFO - Setting next_dagrun for example_variables to None
[2022-02-25 01:08:34,460] {processor.py:171} INFO - Processing /opt/airflow/dags/Depracted/rando.py took 0.261 seconds
[2022-02-25 01:09:05,272] {processor.py:163} INFO - Started process (PID=4476) to work on /opt/airflow/dags/Depracted/rando.py
[2022-02-25 01:09:05,281] {processor.py:642} INFO - Processing file /opt/airflow/dags/Depracted/rando.py for tasks to queue
[2022-02-25 01:09:05,284] {logging_mixin.py:109} INFO - [2022-02-25 01:09:05,284] {dagbag.py:500} INFO - Filling up the DagBag from /opt/airflow/dags/Depracted/rando.py
[2022-02-25 01:09:05,361] {processor.py:654} INFO - DAG(s) dict_keys(['example_variables']) retrieved from /opt/airflow/dags/Depracted/rando.py
[2022-02-25 01:09:05,392] {logging_mixin.py:109} INFO - [2022-02-25 01:09:05,391] {dag.py:2396} INFO - Sync 1 DAGs
[2022-02-25 01:09:05,451] {logging_mixin.py:109} INFO - [2022-02-25 01:09:05,450] {dag.py:2935} INFO - Setting next_dagrun for example_variables to None
[2022-02-25 01:09:05,480] {processor.py:171} INFO - Processing /opt/airflow/dags/Depracted/rando.py took 0.219 seconds
[2022-02-25 01:09:35,819] {processor.py:163} INFO - Started process (PID=4582) to work on /opt/airflow/dags/Depracted/rando.py
[2022-02-25 01:09:35,827] {processor.py:642} INFO - Processing file /opt/airflow/dags/Depracted/rando.py for tasks to queue
[2022-02-25 01:09:35,832] {logging_mixin.py:109} INFO - [2022-02-25 01:09:35,831] {dagbag.py:500} INFO - Filling up the DagBag from /opt/airflow/dags/Depracted/rando.py
[2022-02-25 01:09:35,910] {processor.py:654} INFO - DAG(s) dict_keys(['example_variables']) retrieved from /opt/airflow/dags/Depracted/rando.py
[2022-02-25 01:09:35,941] {logging_mixin.py:109} INFO - [2022-02-25 01:09:35,941] {dag.py:2396} INFO - Sync 1 DAGs
[2022-02-25 01:09:35,999] {logging_mixin.py:109} INFO - [2022-02-25 01:09:35,998] {dag.py:2935} INFO - Setting next_dagrun for example_variables to None
[2022-02-25 01:09:36,027] {processor.py:171} INFO - Processing /opt/airflow/dags/Depracted/rando.py took 0.216 seconds
[2022-02-25 01:10:06,651] {processor.py:163} INFO - Started process (PID=4672) to work on /opt/airflow/dags/Depracted/rando.py
[2022-02-25 01:10:06,656] {processor.py:642} INFO - Processing file /opt/airflow/dags/Depracted/rando.py for tasks to queue
[2022-02-25 01:10:06,659] {logging_mixin.py:109} INFO - [2022-02-25 01:10:06,659] {dagbag.py:500} INFO - Filling up the DagBag from /opt/airflow/dags/Depracted/rando.py
[2022-02-25 01:10:06,732] {processor.py:654} INFO - DAG(s) dict_keys(['example_variables']) retrieved from /opt/airflow/dags/Depracted/rando.py
[2022-02-25 01:10:06,768] {logging_mixin.py:109} INFO - [2022-02-25 01:10:06,768] {dag.py:2396} INFO - Sync 1 DAGs
[2022-02-25 01:10:06,830] {logging_mixin.py:109} INFO - [2022-02-25 01:10:06,830] {dag.py:2935} INFO - Setting next_dagrun for example_variables to None
[2022-02-25 01:10:06,862] {processor.py:171} INFO - Processing /opt/airflow/dags/Depracted/rando.py took 0.219 seconds
[2022-02-25 01:10:37,298] {processor.py:163} INFO - Started process (PID=4778) to work on /opt/airflow/dags/Depracted/rando.py
[2022-02-25 01:10:37,305] {processor.py:642} INFO - Processing file /opt/airflow/dags/Depracted/rando.py for tasks to queue
[2022-02-25 01:10:37,311] {logging_mixin.py:109} INFO - [2022-02-25 01:10:37,310] {dagbag.py:500} INFO - Filling up the DagBag from /opt/airflow/dags/Depracted/rando.py
[2022-02-25 01:10:37,408] {processor.py:654} INFO - DAG(s) dict_keys(['example_variables']) retrieved from /opt/airflow/dags/Depracted/rando.py
[2022-02-25 01:10:37,440] {logging_mixin.py:109} INFO - [2022-02-25 01:10:37,439] {dag.py:2396} INFO - Sync 1 DAGs
[2022-02-25 01:10:37,501] {logging_mixin.py:109} INFO - [2022-02-25 01:10:37,500] {dag.py:2935} INFO - Setting next_dagrun for example_variables to None
[2022-02-25 01:10:37,526] {processor.py:171} INFO - Processing /opt/airflow/dags/Depracted/rando.py took 0.237 seconds
[2022-02-25 01:11:07,703] {processor.py:163} INFO - Started process (PID=4865) to work on /opt/airflow/dags/Depracted/rando.py
[2022-02-25 01:11:07,709] {processor.py:642} INFO - Processing file /opt/airflow/dags/Depracted/rando.py for tasks to queue
[2022-02-25 01:11:07,712] {logging_mixin.py:109} INFO - [2022-02-25 01:11:07,712] {dagbag.py:500} INFO - Filling up the DagBag from /opt/airflow/dags/Depracted/rando.py
[2022-02-25 01:11:07,793] {processor.py:654} INFO - DAG(s) dict_keys(['example_variables']) retrieved from /opt/airflow/dags/Depracted/rando.py
[2022-02-25 01:11:07,829] {logging_mixin.py:109} INFO - [2022-02-25 01:11:07,829] {dag.py:2396} INFO - Sync 1 DAGs
[2022-02-25 01:11:07,901] {logging_mixin.py:109} INFO - [2022-02-25 01:11:07,900] {dag.py:2935} INFO - Setting next_dagrun for example_variables to None
[2022-02-25 01:11:07,934] {processor.py:171} INFO - Processing /opt/airflow/dags/Depracted/rando.py took 0.239 seconds
[2022-02-25 01:11:38,183] {processor.py:163} INFO - Started process (PID=4972) to work on /opt/airflow/dags/Depracted/rando.py
[2022-02-25 01:11:38,187] {processor.py:642} INFO - Processing file /opt/airflow/dags/Depracted/rando.py for tasks to queue
[2022-02-25 01:11:38,191] {logging_mixin.py:109} INFO - [2022-02-25 01:11:38,191] {dagbag.py:500} INFO - Filling up the DagBag from /opt/airflow/dags/Depracted/rando.py
[2022-02-25 01:11:38,295] {processor.py:654} INFO - DAG(s) dict_keys(['example_variables']) retrieved from /opt/airflow/dags/Depracted/rando.py
[2022-02-25 01:11:38,336] {logging_mixin.py:109} INFO - [2022-02-25 01:11:38,335] {dag.py:2396} INFO - Sync 1 DAGs
[2022-02-25 01:11:38,407] {logging_mixin.py:109} INFO - [2022-02-25 01:11:38,406] {dag.py:2935} INFO - Setting next_dagrun for example_variables to None
[2022-02-25 01:11:38,435] {processor.py:171} INFO - Processing /opt/airflow/dags/Depracted/rando.py took 0.260 seconds
[2022-02-25 01:12:08,845] {processor.py:163} INFO - Started process (PID=5072) to work on /opt/airflow/dags/Depracted/rando.py
[2022-02-25 01:12:08,851] {processor.py:642} INFO - Processing file /opt/airflow/dags/Depracted/rando.py for tasks to queue
[2022-02-25 01:12:08,855] {logging_mixin.py:109} INFO - [2022-02-25 01:12:08,855] {dagbag.py:500} INFO - Filling up the DagBag from /opt/airflow/dags/Depracted/rando.py
[2022-02-25 01:12:08,957] {processor.py:654} INFO - DAG(s) dict_keys(['example_variables']) retrieved from /opt/airflow/dags/Depracted/rando.py
[2022-02-25 01:12:09,005] {logging_mixin.py:109} INFO - [2022-02-25 01:12:09,003] {dag.py:2396} INFO - Sync 1 DAGs
[2022-02-25 01:12:09,075] {logging_mixin.py:109} INFO - [2022-02-25 01:12:09,074] {dag.py:2935} INFO - Setting next_dagrun for example_variables to None
[2022-02-25 01:12:09,104] {processor.py:171} INFO - Processing /opt/airflow/dags/Depracted/rando.py took 0.268 seconds
[2022-02-25 01:12:40,357] {processor.py:163} INFO - Started process (PID=5165) to work on /opt/airflow/dags/Depracted/rando.py
[2022-02-25 01:12:40,362] {processor.py:642} INFO - Processing file /opt/airflow/dags/Depracted/rando.py for tasks to queue
[2022-02-25 01:12:40,366] {logging_mixin.py:109} INFO - [2022-02-25 01:12:40,366] {dagbag.py:500} INFO - Filling up the DagBag from /opt/airflow/dags/Depracted/rando.py
[2022-02-25 01:12:40,464] {processor.py:654} INFO - DAG(s) dict_keys(['example_variables']) retrieved from /opt/airflow/dags/Depracted/rando.py
[2022-02-25 01:12:40,502] {logging_mixin.py:109} INFO - [2022-02-25 01:12:40,502] {dag.py:2396} INFO - Sync 1 DAGs
[2022-02-25 01:12:40,579] {logging_mixin.py:109} INFO - [2022-02-25 01:12:40,578] {dag.py:2935} INFO - Setting next_dagrun for example_variables to None
[2022-02-25 01:12:40,611] {processor.py:171} INFO - Processing /opt/airflow/dags/Depracted/rando.py took 0.262 seconds
[2022-02-25 01:13:11,961] {processor.py:163} INFO - Started process (PID=5271) to work on /opt/airflow/dags/Depracted/rando.py
[2022-02-25 01:13:11,967] {processor.py:642} INFO - Processing file /opt/airflow/dags/Depracted/rando.py for tasks to queue
[2022-02-25 01:13:11,971] {logging_mixin.py:109} INFO - [2022-02-25 01:13:11,970] {dagbag.py:500} INFO - Filling up the DagBag from /opt/airflow/dags/Depracted/rando.py
[2022-02-25 01:13:12,056] {processor.py:654} INFO - DAG(s) dict_keys(['example_variables']) retrieved from /opt/airflow/dags/Depracted/rando.py
[2022-02-25 01:13:12,105] {logging_mixin.py:109} INFO - [2022-02-25 01:13:12,103] {dag.py:2396} INFO - Sync 1 DAGs
[2022-02-25 01:13:12,184] {logging_mixin.py:109} INFO - [2022-02-25 01:13:12,183] {dag.py:2935} INFO - Setting next_dagrun for example_variables to None
[2022-02-25 01:13:12,215] {processor.py:171} INFO - Processing /opt/airflow/dags/Depracted/rando.py took 0.262 seconds
[2022-02-25 01:13:43,931] {processor.py:163} INFO - Started process (PID=5361) to work on /opt/airflow/dags/Depracted/rando.py
[2022-02-25 01:13:43,936] {processor.py:642} INFO - Processing file /opt/airflow/dags/Depracted/rando.py for tasks to queue
[2022-02-25 01:13:43,940] {logging_mixin.py:109} INFO - [2022-02-25 01:13:43,939] {dagbag.py:500} INFO - Filling up the DagBag from /opt/airflow/dags/Depracted/rando.py
[2022-02-25 01:13:44,016] {processor.py:654} INFO - DAG(s) dict_keys(['example_variables']) retrieved from /opt/airflow/dags/Depracted/rando.py
[2022-02-25 01:13:44,052] {logging_mixin.py:109} INFO - [2022-02-25 01:13:44,051] {dag.py:2396} INFO - Sync 1 DAGs
[2022-02-25 01:13:44,113] {logging_mixin.py:109} INFO - [2022-02-25 01:13:44,112] {dag.py:2935} INFO - Setting next_dagrun for example_variables to None
[2022-02-25 01:13:44,142] {processor.py:171} INFO - Processing /opt/airflow/dags/Depracted/rando.py took 0.219 seconds
[2022-02-25 01:14:14,232] {processor.py:163} INFO - Started process (PID=5470) to work on /opt/airflow/dags/Depracted/rando.py
[2022-02-25 01:14:14,239] {processor.py:642} INFO - Processing file /opt/airflow/dags/Depracted/rando.py for tasks to queue
[2022-02-25 01:14:14,243] {logging_mixin.py:109} INFO - [2022-02-25 01:14:14,243] {dagbag.py:500} INFO - Filling up the DagBag from /opt/airflow/dags/Depracted/rando.py
[2022-02-25 01:14:14,332] {processor.py:654} INFO - DAG(s) dict_keys(['example_variables']) retrieved from /opt/airflow/dags/Depracted/rando.py
[2022-02-25 01:14:14,378] {logging_mixin.py:109} INFO - [2022-02-25 01:14:14,378] {dag.py:2396} INFO - Sync 1 DAGs
[2022-02-25 01:14:14,442] {logging_mixin.py:109} INFO - [2022-02-25 01:14:14,441] {dag.py:2935} INFO - Setting next_dagrun for example_variables to None
[2022-02-25 01:14:14,473] {processor.py:171} INFO - Processing /opt/airflow/dags/Depracted/rando.py took 0.249 seconds
[2022-02-25 01:14:44,603] {processor.py:163} INFO - Started process (PID=5557) to work on /opt/airflow/dags/Depracted/rando.py
[2022-02-25 01:14:44,608] {processor.py:642} INFO - Processing file /opt/airflow/dags/Depracted/rando.py for tasks to queue
[2022-02-25 01:14:44,611] {logging_mixin.py:109} INFO - [2022-02-25 01:14:44,611] {dagbag.py:500} INFO - Filling up the DagBag from /opt/airflow/dags/Depracted/rando.py
[2022-02-25 01:14:44,698] {processor.py:654} INFO - DAG(s) dict_keys(['example_variables']) retrieved from /opt/airflow/dags/Depracted/rando.py
[2022-02-25 01:14:44,734] {logging_mixin.py:109} INFO - [2022-02-25 01:14:44,734] {dag.py:2396} INFO - Sync 1 DAGs
[2022-02-25 01:14:44,801] {logging_mixin.py:109} INFO - [2022-02-25 01:14:44,800] {dag.py:2935} INFO - Setting next_dagrun for example_variables to None
[2022-02-25 01:14:44,829] {processor.py:171} INFO - Processing /opt/airflow/dags/Depracted/rando.py took 0.234 seconds
[2022-02-25 01:15:15,039] {processor.py:163} INFO - Started process (PID=5660) to work on /opt/airflow/dags/Depracted/rando.py
[2022-02-25 01:15:15,043] {processor.py:642} INFO - Processing file /opt/airflow/dags/Depracted/rando.py for tasks to queue
[2022-02-25 01:15:15,046] {logging_mixin.py:109} INFO - [2022-02-25 01:15:15,046] {dagbag.py:500} INFO - Filling up the DagBag from /opt/airflow/dags/Depracted/rando.py
[2022-02-25 01:15:15,112] {processor.py:654} INFO - DAG(s) dict_keys(['example_variables']) retrieved from /opt/airflow/dags/Depracted/rando.py
[2022-02-25 01:15:15,140] {logging_mixin.py:109} INFO - [2022-02-25 01:15:15,139] {dag.py:2396} INFO - Sync 1 DAGs
[2022-02-25 01:15:15,196] {logging_mixin.py:109} INFO - [2022-02-25 01:15:15,196] {dag.py:2935} INFO - Setting next_dagrun for example_variables to None
[2022-02-25 01:15:15,223] {processor.py:171} INFO - Processing /opt/airflow/dags/Depracted/rando.py took 0.190 seconds
[2022-02-25 01:15:45,406] {processor.py:163} INFO - Started process (PID=5749) to work on /opt/airflow/dags/Depracted/rando.py
[2022-02-25 01:15:45,411] {processor.py:642} INFO - Processing file /opt/airflow/dags/Depracted/rando.py for tasks to queue
[2022-02-25 01:15:45,415] {logging_mixin.py:109} INFO - [2022-02-25 01:15:45,414] {dagbag.py:500} INFO - Filling up the DagBag from /opt/airflow/dags/Depracted/rando.py
[2022-02-25 01:15:45,491] {processor.py:654} INFO - DAG(s) dict_keys(['example_variables']) retrieved from /opt/airflow/dags/Depracted/rando.py
[2022-02-25 01:15:45,522] {logging_mixin.py:109} INFO - [2022-02-25 01:15:45,522] {dag.py:2396} INFO - Sync 1 DAGs
[2022-02-25 01:15:45,582] {logging_mixin.py:109} INFO - [2022-02-25 01:15:45,582] {dag.py:2935} INFO - Setting next_dagrun for example_variables to None
[2022-02-25 01:15:45,605] {processor.py:171} INFO - Processing /opt/airflow/dags/Depracted/rando.py took 0.206 seconds
[2022-02-25 01:16:15,731] {processor.py:163} INFO - Started process (PID=5854) to work on /opt/airflow/dags/Depracted/rando.py
[2022-02-25 01:16:15,736] {processor.py:642} INFO - Processing file /opt/airflow/dags/Depracted/rando.py for tasks to queue
[2022-02-25 01:16:15,739] {logging_mixin.py:109} INFO - [2022-02-25 01:16:15,738] {dagbag.py:500} INFO - Filling up the DagBag from /opt/airflow/dags/Depracted/rando.py
[2022-02-25 01:16:15,814] {processor.py:654} INFO - DAG(s) dict_keys(['example_variables']) retrieved from /opt/airflow/dags/Depracted/rando.py
[2022-02-25 01:16:15,848] {logging_mixin.py:109} INFO - [2022-02-25 01:16:15,848] {dag.py:2396} INFO - Sync 1 DAGs
[2022-02-25 01:16:15,916] {logging_mixin.py:109} INFO - [2022-02-25 01:16:15,915] {dag.py:2935} INFO - Setting next_dagrun for example_variables to None
[2022-02-25 01:16:15,941] {processor.py:171} INFO - Processing /opt/airflow/dags/Depracted/rando.py took 0.218 seconds
[2022-02-25 01:16:46,224] {processor.py:163} INFO - Started process (PID=5945) to work on /opt/airflow/dags/Depracted/rando.py
[2022-02-25 01:16:46,229] {processor.py:642} INFO - Processing file /opt/airflow/dags/Depracted/rando.py for tasks to queue
[2022-02-25 01:16:46,232] {logging_mixin.py:109} INFO - [2022-02-25 01:16:46,231] {dagbag.py:500} INFO - Filling up the DagBag from /opt/airflow/dags/Depracted/rando.py
[2022-02-25 01:16:46,318] {processor.py:654} INFO - DAG(s) dict_keys(['example_variables']) retrieved from /opt/airflow/dags/Depracted/rando.py
[2022-02-25 01:16:46,351] {logging_mixin.py:109} INFO - [2022-02-25 01:16:46,350] {dag.py:2396} INFO - Sync 1 DAGs
[2022-02-25 01:16:46,413] {logging_mixin.py:109} INFO - [2022-02-25 01:16:46,412] {dag.py:2935} INFO - Setting next_dagrun for example_variables to None
[2022-02-25 01:16:46,438] {processor.py:171} INFO - Processing /opt/airflow/dags/Depracted/rando.py took 0.222 seconds
[2022-02-25 01:17:16,747] {processor.py:163} INFO - Started process (PID=6052) to work on /opt/airflow/dags/Depracted/rando.py
[2022-02-25 01:17:16,752] {processor.py:642} INFO - Processing file /opt/airflow/dags/Depracted/rando.py for tasks to queue
[2022-02-25 01:17:16,755] {logging_mixin.py:109} INFO - [2022-02-25 01:17:16,755] {dagbag.py:500} INFO - Filling up the DagBag from /opt/airflow/dags/Depracted/rando.py
[2022-02-25 01:17:16,832] {processor.py:654} INFO - DAG(s) dict_keys(['example_variables']) retrieved from /opt/airflow/dags/Depracted/rando.py
[2022-02-25 01:17:16,873] {logging_mixin.py:109} INFO - [2022-02-25 01:17:16,873] {dag.py:2396} INFO - Sync 1 DAGs
[2022-02-25 01:17:16,946] {logging_mixin.py:109} INFO - [2022-02-25 01:17:16,946] {dag.py:2935} INFO - Setting next_dagrun for example_variables to None
[2022-02-25 01:17:16,992] {processor.py:171} INFO - Processing /opt/airflow/dags/Depracted/rando.py took 0.252 seconds
[2022-02-25 01:17:47,154] {processor.py:163} INFO - Started process (PID=6139) to work on /opt/airflow/dags/Depracted/rando.py
[2022-02-25 01:17:47,160] {processor.py:642} INFO - Processing file /opt/airflow/dags/Depracted/rando.py for tasks to queue
[2022-02-25 01:17:47,164] {logging_mixin.py:109} INFO - [2022-02-25 01:17:47,163] {dagbag.py:500} INFO - Filling up the DagBag from /opt/airflow/dags/Depracted/rando.py
[2022-02-25 01:17:47,240] {processor.py:654} INFO - DAG(s) dict_keys(['example_variables']) retrieved from /opt/airflow/dags/Depracted/rando.py
[2022-02-25 01:17:47,273] {logging_mixin.py:109} INFO - [2022-02-25 01:17:47,273] {dag.py:2396} INFO - Sync 1 DAGs
[2022-02-25 01:17:47,339] {logging_mixin.py:109} INFO - [2022-02-25 01:17:47,338] {dag.py:2935} INFO - Setting next_dagrun for example_variables to None
[2022-02-25 01:17:47,365] {processor.py:171} INFO - Processing /opt/airflow/dags/Depracted/rando.py took 0.219 seconds
[2022-02-25 01:18:17,645] {processor.py:163} INFO - Started process (PID=6245) to work on /opt/airflow/dags/Depracted/rando.py
[2022-02-25 01:18:17,650] {processor.py:642} INFO - Processing file /opt/airflow/dags/Depracted/rando.py for tasks to queue
[2022-02-25 01:18:17,654] {logging_mixin.py:109} INFO - [2022-02-25 01:18:17,653] {dagbag.py:500} INFO - Filling up the DagBag from /opt/airflow/dags/Depracted/rando.py
[2022-02-25 01:18:17,728] {processor.py:654} INFO - DAG(s) dict_keys(['example_variables']) retrieved from /opt/airflow/dags/Depracted/rando.py
[2022-02-25 01:18:17,764] {logging_mixin.py:109} INFO - [2022-02-25 01:18:17,764] {dag.py:2396} INFO - Sync 1 DAGs
[2022-02-25 01:18:17,833] {logging_mixin.py:109} INFO - [2022-02-25 01:18:17,833] {dag.py:2935} INFO - Setting next_dagrun for example_variables to None
[2022-02-25 01:18:17,860] {processor.py:171} INFO - Processing /opt/airflow/dags/Depracted/rando.py took 0.222 seconds
[2022-02-25 01:18:47,958] {processor.py:163} INFO - Started process (PID=6332) to work on /opt/airflow/dags/Depracted/rando.py
[2022-02-25 01:18:47,964] {processor.py:642} INFO - Processing file /opt/airflow/dags/Depracted/rando.py for tasks to queue
[2022-02-25 01:18:47,968] {logging_mixin.py:109} INFO - [2022-02-25 01:18:47,967] {dagbag.py:500} INFO - Filling up the DagBag from /opt/airflow/dags/Depracted/rando.py
[2022-02-25 01:18:48,048] {processor.py:654} INFO - DAG(s) dict_keys(['example_variables']) retrieved from /opt/airflow/dags/Depracted/rando.py
[2022-02-25 01:18:48,081] {logging_mixin.py:109} INFO - [2022-02-25 01:18:48,081] {dag.py:2396} INFO - Sync 1 DAGs
[2022-02-25 01:18:48,140] {logging_mixin.py:109} INFO - [2022-02-25 01:18:48,139] {dag.py:2935} INFO - Setting next_dagrun for example_variables to None
[2022-02-25 01:18:48,168] {processor.py:171} INFO - Processing /opt/airflow/dags/Depracted/rando.py took 0.218 seconds
[2022-02-25 01:19:18,309] {processor.py:163} INFO - Started process (PID=6440) to work on /opt/airflow/dags/Depracted/rando.py
[2022-02-25 01:19:18,314] {processor.py:642} INFO - Processing file /opt/airflow/dags/Depracted/rando.py for tasks to queue
[2022-02-25 01:19:18,317] {logging_mixin.py:109} INFO - [2022-02-25 01:19:18,317] {dagbag.py:500} INFO - Filling up the DagBag from /opt/airflow/dags/Depracted/rando.py
[2022-02-25 01:19:18,395] {processor.py:654} INFO - DAG(s) dict_keys(['example_variables']) retrieved from /opt/airflow/dags/Depracted/rando.py
[2022-02-25 01:19:18,428] {logging_mixin.py:109} INFO - [2022-02-25 01:19:18,427] {dag.py:2396} INFO - Sync 1 DAGs
[2022-02-25 01:19:18,486] {logging_mixin.py:109} INFO - [2022-02-25 01:19:18,485] {dag.py:2935} INFO - Setting next_dagrun for example_variables to None
[2022-02-25 01:19:18,512] {processor.py:171} INFO - Processing /opt/airflow/dags/Depracted/rando.py took 0.210 seconds
[2022-02-25 01:19:48,646] {processor.py:163} INFO - Started process (PID=6529) to work on /opt/airflow/dags/Depracted/rando.py
[2022-02-25 01:19:48,653] {processor.py:642} INFO - Processing file /opt/airflow/dags/Depracted/rando.py for tasks to queue
[2022-02-25 01:19:48,658] {logging_mixin.py:109} INFO - [2022-02-25 01:19:48,657] {dagbag.py:500} INFO - Filling up the DagBag from /opt/airflow/dags/Depracted/rando.py
[2022-02-25 01:19:48,760] {processor.py:654} INFO - DAG(s) dict_keys(['example_variables']) retrieved from /opt/airflow/dags/Depracted/rando.py
[2022-02-25 01:19:48,806] {logging_mixin.py:109} INFO - [2022-02-25 01:19:48,805] {dag.py:2396} INFO - Sync 1 DAGs
[2022-02-25 01:19:48,906] {logging_mixin.py:109} INFO - [2022-02-25 01:19:48,905] {dag.py:2935} INFO - Setting next_dagrun for example_variables to None
[2022-02-25 01:19:48,950] {processor.py:171} INFO - Processing /opt/airflow/dags/Depracted/rando.py took 0.313 seconds
[2022-02-25 01:20:19,075] {processor.py:163} INFO - Started process (PID=6633) to work on /opt/airflow/dags/Depracted/rando.py
[2022-02-25 01:20:19,080] {processor.py:642} INFO - Processing file /opt/airflow/dags/Depracted/rando.py for tasks to queue
[2022-02-25 01:20:19,084] {logging_mixin.py:109} INFO - [2022-02-25 01:20:19,084] {dagbag.py:500} INFO - Filling up the DagBag from /opt/airflow/dags/Depracted/rando.py
[2022-02-25 01:20:19,159] {processor.py:654} INFO - DAG(s) dict_keys(['example_variables']) retrieved from /opt/airflow/dags/Depracted/rando.py
[2022-02-25 01:20:19,192] {logging_mixin.py:109} INFO - [2022-02-25 01:20:19,192] {dag.py:2396} INFO - Sync 1 DAGs
[2022-02-25 01:20:19,267] {logging_mixin.py:109} INFO - [2022-02-25 01:20:19,266] {dag.py:2935} INFO - Setting next_dagrun for example_variables to None
[2022-02-25 01:20:19,315] {processor.py:171} INFO - Processing /opt/airflow/dags/Depracted/rando.py took 0.248 seconds
[2022-02-25 01:20:49,595] {processor.py:163} INFO - Started process (PID=6733) to work on /opt/airflow/dags/Depracted/rando.py
[2022-02-25 01:20:49,609] {processor.py:642} INFO - Processing file /opt/airflow/dags/Depracted/rando.py for tasks to queue
[2022-02-25 01:20:49,622] {logging_mixin.py:109} INFO - [2022-02-25 01:20:49,621] {dagbag.py:500} INFO - Filling up the DagBag from /opt/airflow/dags/Depracted/rando.py
[2022-02-25 01:20:49,715] {processor.py:654} INFO - DAG(s) dict_keys(['example_variables']) retrieved from /opt/airflow/dags/Depracted/rando.py
[2022-02-25 01:20:49,763] {logging_mixin.py:109} INFO - [2022-02-25 01:20:49,763] {dag.py:2396} INFO - Sync 1 DAGs
[2022-02-25 01:20:49,868] {logging_mixin.py:109} INFO - [2022-02-25 01:20:49,868] {dag.py:2935} INFO - Setting next_dagrun for example_variables to None
[2022-02-25 01:20:49,912] {processor.py:171} INFO - Processing /opt/airflow/dags/Depracted/rando.py took 0.328 seconds
[2022-02-25 01:21:19,993] {processor.py:163} INFO - Started process (PID=6826) to work on /opt/airflow/dags/Depracted/rando.py
[2022-02-25 01:21:19,999] {processor.py:642} INFO - Processing file /opt/airflow/dags/Depracted/rando.py for tasks to queue
[2022-02-25 01:21:20,003] {logging_mixin.py:109} INFO - [2022-02-25 01:21:20,002] {dagbag.py:500} INFO - Filling up the DagBag from /opt/airflow/dags/Depracted/rando.py
[2022-02-25 01:21:20,090] {processor.py:654} INFO - DAG(s) dict_keys(['example_variables']) retrieved from /opt/airflow/dags/Depracted/rando.py
[2022-02-25 01:21:20,131] {logging_mixin.py:109} INFO - [2022-02-25 01:21:20,130] {dag.py:2396} INFO - Sync 1 DAGs
[2022-02-25 01:21:20,197] {logging_mixin.py:109} INFO - [2022-02-25 01:21:20,196] {dag.py:2935} INFO - Setting next_dagrun for example_variables to None
[2022-02-25 01:21:20,226] {processor.py:171} INFO - Processing /opt/airflow/dags/Depracted/rando.py took 0.243 seconds
