[2022-02-25 01:53:07,154] {taskinstance.py:1032} INFO - Dependencies all met for <TaskInstance: Project_Mapping.get_reddit_data manual__2022-02-25T01:53:04.902631+00:00 [queued]>
[2022-02-25 01:53:07,206] {taskinstance.py:1032} INFO - Dependencies all met for <TaskInstance: Project_Mapping.get_reddit_data manual__2022-02-25T01:53:04.902631+00:00 [queued]>
[2022-02-25 01:53:07,209] {taskinstance.py:1238} INFO - 
--------------------------------------------------------------------------------
[2022-02-25 01:53:07,211] {taskinstance.py:1239} INFO - Starting attempt 1 of 1
[2022-02-25 01:53:07,214] {taskinstance.py:1240} INFO - 
--------------------------------------------------------------------------------
[2022-02-25 01:53:07,268] {taskinstance.py:1259} INFO - Executing <Task(PythonOperator): get_reddit_data> on 2022-02-25 01:53:04.902631+00:00
[2022-02-25 01:53:07,278] {standard_task_runner.py:52} INFO - Started process 3427 to run task
[2022-02-25 01:53:07,288] {standard_task_runner.py:76} INFO - Running: ['***', 'tasks', 'run', 'Project_Mapping', 'get_reddit_data', 'manual__2022-02-25T01:53:04.902631+00:00', '--job-id', '63', '--raw', '--subdir', 'DAGS_FOLDER/mydag.py', '--cfg-path', '/tmp/tmp12ci279o', '--error-file', '/tmp/tmptvvcao7n']
[2022-02-25 01:53:07,291] {standard_task_runner.py:77} INFO - Job 63: Subtask get_reddit_data
[2022-02-25 01:53:07,515] {logging_mixin.py:109} INFO - Running <TaskInstance: Project_Mapping.get_reddit_data manual__2022-02-25T01:53:04.902631+00:00 [running]> on host 717d92cd82bb
[2022-02-25 01:53:07,770] {taskinstance.py:1426} INFO - Exporting the following env vars:
AIRFLOW_CTX_DAG_OWNER=***
AIRFLOW_CTX_DAG_ID=Project_Mapping
AIRFLOW_CTX_TASK_ID=get_reddit_data
AIRFLOW_CTX_EXECUTION_DATE=2022-02-25T01:53:04.902631+00:00
AIRFLOW_CTX_DAG_RUN_ID=manual__2022-02-25T01:53:04.902631+00:00
[2022-02-25 01:53:46,727] {logging_mixin.py:109} INFO - Negative
[2022-02-25 01:57:24,540] {python.py:175} INFO - Done. Returned value was: None
[2022-02-25 01:57:24,583] {taskinstance.py:1277} INFO - Marking task as SUCCESS. dag_id=Project_Mapping, task_id=get_reddit_data, execution_date=20220225T015304, start_date=20220225T015307, end_date=20220225T015724
[2022-02-25 01:57:24,771] {local_task_job.py:154} INFO - Task exited with return code 0
[2022-02-25 01:57:24,924] {local_task_job.py:264} INFO - 1 downstream tasks scheduled from follow-on schedule check
